TTLocalizer: Running in language: English
OTPLocalizer: Running in language: English
Preloading suits...
Preloading Toon heads...
Preloading avatars...
{401000001: <toontown.distributed.ToontownDistrict.ToontownDistrict instance at 0x18CBF7B0>}
__handleAvatarChooserDone: 100000070, 'Master Cool Cat', ('csl', 'ms', 'm', 'm', (0.3, 0.3, 0.35, 1.0), (0.28, 0.32, 0.72, 1.0), (0.3, 0.3, 0.35, 1.0), (0.3, 0.3, 0.35, 1.0), 111, 27, 98, 27, 41, 27), 3
entered wait for zone redirect
entered wait for set zone response - 2
Reading DNA file... phase_4/dna/storage.pdna
Reading DNA file... phase_3.5/dna/storage_interior.pdna
entered wait for zone redirect
entered wait for set zone response - 2
entered wait for zone redirect
entered wait for set zone response - 2
Laser Field initCollisionGeom
Laser Field initCollisionGeom
CollisionEntry:
  from render/Master Cool Cat-100000070/camFloorRayNode/ccRay2Node
  into render/stage401004511/ZoneEntity-0/-PandaNode/LB_Zone03a_egg/Collsion/stageFloorColl0 []
  at 1 -6.9125 -0.032454
  normal -0.000961985 0.000458579 0.999999
  respect_prev_transform = 0


CollisionEntry:
  from render/Master Cool Cat-100000070/camFloorRayNode/ccRay2Node
  into render/stage401004511/LB_connector_7cubeLR.egg/-PandaNode/LB_connector_7cubeLR_egg/collison/stageFloorColl1 []
  at 1 39.1423 0.396941
  normal 9.26614e-005 -0.421613 0.906776
  respect_prev_transform = 0


CollisionEntry:
  from render/Master Cool Cat-100000070/camFloorRayNode/ccRay2Node
  into render/stage401004511/LB_connector_7cubeLR.egg/-PandaNode/LB_connector_7cubeLR_egg/collison/stageFloorColl1 []
  at 1 43.047 -0.0476561
  normal 0.000133877 0 1
  respect_prev_transform = 0


CollisionEntry:
  from render/Master Cool Cat-100000070/camFloorRayNode/ccRay2Node
  into render/stage401004511/LB_connector_7cubeLR.egg/-PandaNode/LB_connector_7cubeLR_egg/collison/stageFloorColl1 []
  at 0.24551 52.1688 4.95153
  normal 6.5559e-005 0 1
  respect_prev_transform = 0


CollisionEntry:
  from render/Master Cool Cat-100000070/camFloorRayNode/ccRay2Node
  into render/stage401004511/ZoneEntity-0/-PandaNode/Z07_ALL/stageFloorColl2 []
  at 23.4038 111.709 4.951
  normal 0 0 1
  respect_prev_transform = 0


CollisionEntry:
  from render/Master Cool Cat-100000070/camFloorRayNode/ccRay2Node
  into render/stage401004511/LB_connector_7cubeLR.egg/-PandaNode/LB_connector_7cubeLR_egg/collison/stageFloorColl3 []
  at -39.3096 180.846 12.6209
  normal 0 0.000133877 1
  respect_prev_transform = 0


CollisionEntry:
  from render/Master Cool Cat-100000070/camFloorRayNode/ccRay2Node
  into render/stage401004511/LB_connector_7cubeLR.egg/-PandaNode/LB_connector_7cubeLR_egg/collison/stageFloorColl3 []
  at -53.5347 180.712 17.62
  normal 0 6.5559e-005 1
  respect_prev_transform = 0


CollisionEntry:
  from render/Master Cool Cat-100000070/camFloorRayNode/ccRay2Node
  into render/stage401004511/ZoneEntity-0/-PandaNode/LB_Zone04a_egg/Z04/collision_lobby/stageFloorColl4 []
  at -113.827 207.775 17.619
  normal 0 0 1
  respect_prev_transform = 0


spec = {'parentEntId': 100022, 'pos': LPoint3f(0, 0, 0)}
h = None
../resources/phase_3/audio/sfx
../resources/phase_3.5/audio/sfx
../resources/phase_4/audio/sfx
../resources/phase_5/audio/sfx
/phase_3/audio/sfx
/phase_3.5/audio/sfx
/phase_4/audio/sfx
/phase_5/audio/sfx

CollisionEntry:
  from render/Master Cool Cat-100000070/camFloorRayNode/ccRay2Node
  into render/stage401004511/LB_connector_7cubeL2.egg/-PandaNode/LB_connector_7cubeL2_egg/collison/stageFloorColl5 []
  at -247.884 207.738 17.6259
  normal 0 -0.0012142 0.999999
  respect_prev_transform = 0


CollisionEntry:
  from render/Master Cool Cat-100000070/camFloorRayNode/ccRay2Node
  into render/stage401004511/LB_connector_7cubeL2.egg/-PandaNode/LB_connector_7cubeL2_egg/collison/stageFloorColl5 []
  at -251.55 207.937 18.2909
  normal 0.420737 -0.00110176 0.907182
  respect_prev_transform = 0


CollisionEntry:
  from render/Master Cool Cat-100000070/camFloorRayNode/ccRay2Node
  into render/stage401004511/LB_connector_7cubeL2.egg/-PandaNode/LB_connector_7cubeL2_egg/collison/stageFloorColl5 []
  at -255.094 208.13 17.6263
  normal 0 -0.0012142 0.999999
  respect_prev_transform = 0


CollisionEntry:
  from render/Master Cool Cat-100000070/camFloorRayNode/ccRay2Node
  into render/stage401004511/LB_connector_7cubeL2.egg/-PandaNode/LB_connector_7cubeL2_egg/collison/stageFloorColl5 []
  at -263.942 208.612 22.6176
  normal 0.000218784 -0.000597282 1
  respect_prev_transform = 0


CollisionEntry:
  from render/Master Cool Cat-100000070/camFloorRayNode/ccRay2Node
  into render/stage401004511/ZoneEntity-0/-PandaNode/Z07_ALL/stageFloorColl6 []
  at -323.776 175.131 22.609
  normal 0 0 1
  respect_prev_transform = 0


spec = {'parentEntId': 10000, 'pos': LPoint3f(0, 0, 0)}
h = None
../resources/phase_3/audio/sfx
../resources/phase_3.5/audio/sfx
../resources/phase_4/audio/sfx
../resources/phase_5/audio/sfx
/phase_3/audio/sfx
/phase_3.5/audio/sfx
/phase_4/audio/sfx
/phase_5/audio/sfx

CollisionEntry:
  from render/Master Cool Cat-100000070/camFloorRayNode/ccRay2Node
  into render/stage401004511/LB_connector_7cubeL2.egg/-PandaNode/LB_connector_7cubeL2_egg/collison/stageFloorColl7 []
  at -389.442 111.392 30.2913
  normal 0.0012142 0 0.999999
  respect_prev_transform = 0


CollisionEntry:
  from render/Master Cool Cat-100000070/camFloorRayNode/ccRay2Node
  into render/stage401004511/LB_connector_7cubeL2.egg/-PandaNode/LB_connector_7cubeL2_egg/collison/stageFloorColl7 []
  at -389.134 107.902 30.9859
  normal 0.00110174 0.420737 0.907182
  respect_prev_transform = 0


CollisionEntry:
  from render/Master Cool Cat-100000070/camFloorRayNode/ccRay2Node
  into render/stage401004511/LB_connector_7cubeL2.egg/-PandaNode/LB_connector_7cubeL2_egg/collison/stageFloorColl7 []
  at -388.962 96.0867 35.2837
  normal 0.000597282 0.000218785 1
  respect_prev_transform = 0


CollisionEntry:
  from render/Master Cool Cat-100000070/camFloorRayNode/ccRay2Node
  into render/stage401004511/ZoneEntity-0/-PandaNode/Z22a/room/collsion/stageFloorColl8 []
  at -359.004 35.3855 35.1561
  normal 0 0 1
  respect_prev_transform = 0


spec = {'parentEntId': 10000, 'pos': LPoint3f(0, 0, 0)}
h = None
Laser Field initCollisionGeom
Laser Field initCollisionGeom
CollisionEntry:
  from render/Master Cool Cat-100000070/camFloorRayNode/ccRay2Node
  into render/stage401005194/ZoneEntity-0/-PandaNode/LB_Zone03a_egg/Collsion/stageFloorColl0 []
  at -2 -9.9125 -0.0339642
  normal -0.000961985 0.000458579 0.999999
  respect_prev_transform = 0


CollisionEntry:
  from render/Master Cool Cat-100000070/camFloorRayNode/ccRay2Node
  into render/stage401005194/LB_connector_7cubeL2.egg/-PandaNode/LB_connector_7cubeL2_egg/collison/stageFloorColl1 []
  at -1.8623 38.7188 0.250593
  normal -0.00110178 -0.420737 0.907182
  respect_prev_transform = 0


CollisionEntry:
  from render/Master Cool Cat-100000070/camFloorRayNode/ccRay2Node
  into render/stage401005194/LB_connector_7cubeL2.egg/-PandaNode/LB_connector_7cubeL2_egg/collison/stageFloorColl1 []
  at -1.02292 42.3185 -0.0317526
  normal -0.0012142 0 0.999999
  respect_prev_transform = 0


CollisionEntry:
  from render/Master Cool Cat-100000070/camFloorRayNode/ccRay2Node
  into render/stage401005194/LB_connector_7cubeL2.egg/-PandaNode/LB_connector_7cubeL2_egg/collison/stageFloorColl1 []
  at 2.16893 51.569 4.96137
  normal -0.000597282 -0.000218784 1
  respect_prev_transform = 0


CollisionEntry:
  from render/Master Cool Cat-100000070/camFloorRayNode/ccRay2Node
  into render/stage401005194/ZoneEntity-0/-PandaNode/Z13_ALL/room/collsion/stageFloorColl2 []
  at -34.9401 111.233 4.95065
  normal 0 0 1
  respect_prev_transform = 0


spec = {'parentEntId': 100005, 'pos': LPoint3f(0, 0, 0)}
h = None
### newVec3 =  LVector3f(3.05176e-005, 11, 1.5)
### newVec3 =  LVector3f(3.05176e-005, 11, 0)
### newVec3 =  LVector3f(3.05176e-005, 11, 0.375)
### newVec3 =  LVector3f(3.05176e-005, 11, 0)
### newVec3 =  LVector3f(2.00003, 6.3, 1.5)
### newVec3 =  LVector3f(2.00003, 6.3, 0)
### newVec3 =  LVector3f(2.00003, 6.3, 0.375)
### newVec3 =  LVector3f(2.00003, 6.3, 0)
CollisionEntry:
  from render/Master Cool Cat-100000070/camFloorRayNode/ccRay2Node
  into render/stage401005194/LB_connector_7cubeLR.egg/-PandaNode/LB_connector_7cubeLR_egg/collison/stageFloorColl3 []
  at -30.8366 380.483 4.9526
  normal 0.000133877 0 1
  respect_prev_transform = 0


CollisionEntry:
  from render/Master Cool Cat-100000070/camFloorRayNode/ccRay2Node
  into render/stage401005194/LB_connector_7cubeLR.egg/-PandaNode/LB_connector_7cubeLR_egg/collison/stageFloorColl3 []
  at -30.9553 384.439 5.80438
  normal 9.26614e-005 -0.421613 0.906776
  respect_prev_transform = 0


CollisionEntry:
  from render/Master Cool Cat-100000070/camFloorRayNode/ccRay2Node
  into render/stage401005194/LB_connector_7cubeLR.egg/-PandaNode/LB_connector_7cubeLR_egg/collison/stageFloorColl3 []
  at -31.067 388.159 4.95263
  normal 0.000133877 0 1
  respect_prev_transform = 0


CollisionEntry:
  from render/Master Cool Cat-100000070/camFloorRayNode/ccRay2Node
  into render/stage401005194/LB_connector_7cubeLR.egg/-PandaNode/LB_connector_7cubeLR_egg/collison/stageFloorColl3 []
  at -31.303 396.02 9.95164
  normal 6.5559e-005 0 1
  respect_prev_transform = 0


CollisionEntry:
  from render/Master Cool Cat-100000070/camFloorRayNode/ccRay2Node
  into render/stage401005194/ZoneEntity-0/-PandaNode/Z13_ALL/room/collsion/stageFloorColl4 []
  at 0.959163 455.565 9.95065
  normal 0 0 1
  respect_prev_transform = 0


spec = {'parentEntId': 10000, 'pos': LPoint3f(0, 0, 0)}
h = None
CollisionEntry:
  from render/Master Cool Cat-100000070/camFloorRayNode/ccRay2Node
  into render/stage401005194/LB_connector_7cubeLR.egg/-PandaNode/LB_connector_7cubeLR_egg/collison/stageFloorColl5 []
  at -5.01804 725.722 9.95301
  normal 0.000133877 0 1
  respect_prev_transform = 0


CollisionEntry:
  from render/Master Cool Cat-100000070/camFloorRayNode/ccRay2Node
  into render/stage401005194/LB_connector_7cubeLR.egg/-PandaNode/LB_connector_7cubeLR_egg/collison/stageFloorColl5 []
  at -1.11643 740.124 14.9516
  normal 6.5559e-005 0 1
  respect_prev_transform = 0


CollisionEntry:
  from render/Master Cool Cat-100000070/camFloorRayNode/ccRay2Node
  into render/stage401005194/ZoneEntity-0/-PandaNode/LB_Zone04a_egg/Z04/collision_lobby/stageFloorColl6 []
  at 32.1744 800.716 14.9506
  normal 0 0 1
  respect_prev_transform = 0


CollisionEntry:
  from render/Master Cool Cat-100000070/NPW.cRayNode
  into render/stage401005194/ZoneEntity-0/-PandaNode/LB_Zone04a_egg/Z04/collision_lobby/stageFloorColl6 []
  at 10.3123 895.24 14.9506
  normal 0 0 1
  respect_prev_transform = 1


CollisionEntry:
  from render/Master Cool Cat-100000070/NPW.cRayNode
  into render/stage401005194/ZoneEntity-0/-PandaNode/LB_Zone04a_egg/Z04/collision_lobby/stageFloorColl6 []
  at 15.798 906.612 14.9506
  normal 0 0 1
  respect_prev_transform = 1


CollisionEntry:
  from render/Master Cool Cat-100000070/NPW.cRayNode
  into render/stage401005194/LB_connector_7cubeLR.egg/-PandaNode/LB_connector_7cubeLR_egg/collison/stageFloorColl7 []
  at 22.8222 935.725 14.9422
  normal 0.000133877 0 1
  respect_prev_transform = 1


CollisionEntry:
  from render/Master Cool Cat-100000070/NPW.cRayNode
  into render/stage401005194/LB_connector_7cubeLR.egg/-PandaNode/LB_connector_7cubeLR_egg/collison/stageFloorColl7 []
  at 23.0582 937.093 15.1055
  normal 9.26614e-005 -0.421613 0.906776
  respect_prev_transform = 1


CollisionEntry:
  from render/Master Cool Cat-100000070/camFloorRayNode/ccRay2Node
  into render/stage401005194/LB_connector_7cubeLR.egg/-PandaNode/LB_connector_7cubeLR_egg/collison/stageFloorColl7 []
  at 22.8282 935.847 14.9421
  normal 0.000133877 0 1
  respect_prev_transform = 0


CollisionEntry:
  from render/Master Cool Cat-100000070/camFloorRayNode/ccRay2Node
  into render/stage401005194/LB_connector_7cubeLR.egg/-PandaNode/LB_connector_7cubeLR_egg/collison/stageFloorColl7 []
  at 23.0755 937.273 15.1892
  normal 9.26614e-005 -0.421613 0.906776
  respect_prev_transform = 0


CollisionEntry:
  from render/Master Cool Cat-100000070/camFloorRayNode/ccRay2Node
  into render/stage401005194/LB_connector_7cubeLR.egg/-PandaNode/LB_connector_7cubeLR_egg/collison/stageFloorColl7 []
  at 23.5391 939.948 14.942
  normal 0.000133877 0 1
  respect_prev_transform = 0


CollisionEntry:
  from render/Master Cool Cat-100000070/NPW.cRayNode
  into render/stage401005194/LB_connector_7cubeLR.egg/-PandaNode/LB_connector_7cubeLR_egg/collison/stageFloorColl7 []
  at 25.4933 951.208 19.9408
  normal 6.5559e-005 0 1
  respect_prev_transform = 1


CollisionEntry:
  from render/Master Cool Cat-100000070/camFloorRayNode/ccRay2Node
  into render/stage401005194/LB_connector_7cubeLR.egg/-PandaNode/LB_connector_7cubeLR_egg/collison/stageFloorColl7 []
  at 25.2036 949.566 19.9408
  normal 6.5559e-005 0 1
  respect_prev_transform = 0


CollisionEntry:
  from render/Master Cool Cat-100000070/NPW.cRayNode
  into render/stage401005194/ZoneEntity-0/-PandaNode/Z22a/room/collsion/stageFloorColl8 []
  at 35.9929 1010.1 19.8192
  normal 0 0 1
  respect_prev_transform = 1


CollisionEntry:
  from render/Master Cool Cat-100000070/camFloorRayNode/ccRay2Node
  into render/stage401005194/ZoneEntity-0/-PandaNode/Z22a/room/collsion/stageFloorColl8 []
  at 36.9649 1012.72 19.8193
  normal 0 0 1
  respect_prev_transform = 0


CollisionEntry:
  from render/Master Cool Cat-100000070/camFloorRayNode/ccRay2Node
  into render/stage401005194/LB_connector_7cubeLR.egg/-PandaNode/LB_connector_7cubeLR_egg/collison/stageFloorColl7 []
  at 52.1377 1009.32 19.9432
  normal -0.00029707 0 1
  respect_prev_transform = 0


CollisionEntry:
  from render/Master Cool Cat-100000070/camFloorRayNode/ccRay2Node
  into render/stage401005194/ZoneEntity-0/-PandaNode/Z22a/room/collsion/stageFloorColl8 []
  at 54.109 1010.01 19.8193
  normal 0 0 1
  respect_prev_transform = 0


spec = {'parentEntId': 10000, 'pos': LPoint3f(0, 0, 0)}
h = None
### newVec3 =  LVector3f(0, 6, 1.5)
### newVec3 =  LVector3f(0, 6, 0)
### newVec3 =  LVector3f(0, 6, 0.375)
### newVec3 =  LVector3f(0, 6, 0)
CollisionEntry:
  from render/Master Cool Cat-100000070/camFloorRayNode/ccRay2Node
  into render/stage401005570/ZoneEntity-0/-PandaNode/LB_Zone03a_egg/Collsion/stageFloorColl0 []
  at -1 -10.9125 -0.0325437
  normal -0.000961985 0.000458579 0.999999
  respect_prev_transform = 0


CollisionEntry:
  from render/Master Cool Cat-100000070/camFloorRayNode/ccRay2Node
  into render/stage401005570/LB_connector_7cubeL2.egg/-PandaNode/LB_connector_7cubeL2_egg/collison/stageFloorColl1 []
  at 0.348824 38.446 0.12675
  normal -0.00110178 -0.420737 0.907182
  respect_prev_transform = 0


CollisionEntry:
  from render/Master Cool Cat-100000070/camFloorRayNode/ccRay2Node
  into render/stage401005570/LB_connector_7cubeL2.egg/-PandaNode/LB_connector_7cubeL2_egg/collison/stageFloorColl1 []
  at 1.68252 42.6328 -0.0284672
  normal -0.0012142 0 0.999999
  respect_prev_transform = 0


CollisionEntry:
  from render/Master Cool Cat-100000070/camFloorRayNode/ccRay2Node
  into render/stage401005570/LB_connector_7cubeL2.egg/-PandaNode/LB_connector_7cubeL2_egg/collison/stageFloorColl1 []
  at 2.06427 52.6556 4.96154
  normal -0.000597282 -0.000218784 1
  respect_prev_transform = 0


CollisionEntry:
  from render/Master Cool Cat-100000070/camFloorRayNode/ccRay2Node
  into render/stage401005570/ZoneEntity-0/-PandaNode/Z07_ALL/stageFloorColl2 []
  at -33.8518 111.664 4.95144
  normal 0 0 1
  respect_prev_transform = 0


spec = {'parentEntId': 10000, 'pos': LPoint3f(0, 0, 0)}
h = None
### newVec3 =  LVector3f(2, 5.3, 1.5)
### newVec3 =  LVector3f(2, 5.3, 0)
### newVec3 =  LVector3f(2, 5.3, 0.375)
### newVec3 =  LVector3f(2, 5.3, 0)
CollisionEntry:
  from render/Master Cool Cat-100000070/camFloorRayNode/ccRay2Node
  into render/stage401005570/LB_connector_7cubeLR.egg/-PandaNode/LB_connector_7cubeLR_egg/collison/stageFloorColl3 []
  at -97.9686 178.965 12.6211
  normal 0 0.000133877 1
  respect_prev_transform = 0


CollisionEntry:
  from render/Master Cool Cat-100000070/camFloorRayNode/ccRay2Node
  into render/stage401005570/LB_connector_7cubeLR.egg/-PandaNode/LB_connector_7cubeLR_egg/collison/stageFloorColl3 []
  at -101.181 176.682 13.4639
  normal 0.421613 9.26799e-005 0.906776
  respect_prev_transform = 0


CollisionEntry:
  from render/Master Cool Cat-100000070/camFloorRayNode/ccRay2Node
  into render/stage401005570/LB_connector_7cubeLR.egg/-PandaNode/LB_connector_7cubeLR_egg/collison/stageFloorColl3 []
  at -104.957 174.82 12.6217
  normal 0 0.000133877 1
  respect_prev_transform = 0


CollisionEntry:
  from render/Master Cool Cat-100000070/camFloorRayNode/ccRay2Node
  into render/stage401005570/LB_connector_7cubeLR.egg/-PandaNode/LB_connector_7cubeLR_egg/collison/stageFloorColl3 []
  at -113.146 173.311 17.6204
  normal 0 6.5559e-005 1
  respect_prev_transform = 0


CollisionEntry:
  from render/Master Cool Cat-100000070/camFloorRayNode/ccRay2Node
  into render/stage401005570/ZoneEntity-0/-PandaNode/Z13_ALL/room/collsion/stageFloorColl4 []
  at -172.247 209.68 17.619
  normal 0 0 1
  respect_prev_transform = 0


CollisionEntry:
  from render/Master Cool Cat-100000070/camFloorRayNode/ccRay2Node
  into render/stage401005570/LB_connector_7cubeL2.egg/-PandaNode/LB_connector_7cubeL2_egg/collison/stageFloorColl5 []
  at -442.266 208.664 17.6366
  normal 0 -0.0012142 0.999999
  respect_prev_transform = 0


CollisionEntry:
  from render/Master Cool Cat-100000070/camFloorRayNode/ccRay2Node
  into render/stage401005570/LB_connector_7cubeL2.egg/-PandaNode/LB_connector_7cubeL2_egg/collison/stageFloorColl5 []
  at -445.861 208.379 18.5967
  normal 0.420737 -0.00110176 0.907182
  respect_prev_transform = 0


CollisionEntry:
  from render/Master Cool Cat-100000070/camFloorRayNode/ccRay2Node
  into render/stage401005570/LB_connector_7cubeL2.egg/-PandaNode/LB_connector_7cubeL2_egg/collison/stageFloorColl5 []
  at -449.551 208.086 17.6359
  normal 0 -0.0012142 0.999999
  respect_prev_transform = 0


CollisionEntry:
  from render/Master Cool Cat-100000070/camFloorRayNode/ccRay2Node
  into render/stage401005570/LB_connector_7cubeL2.egg/-PandaNode/LB_connector_7cubeL2_egg/collison/stageFloorColl5 []
  at -456.786 207.511 22.627
  normal 0.000218784 -0.000597282 1
  respect_prev_transform = 0


CollisionEntry:
  from render/Master Cool Cat-100000070/camFloorRayNode/ccRay2Node
  into render/stage401005570/ZoneEntity-0/-PandaNode/LB_Zone04a_egg/Z04/collision_lobby/stageFloorColl6 []
  at -517.049 178.328 22.619
  normal 0 0 1
  respect_prev_transform = 0


CollisionEntry:
  from render/Master Cool Cat-100000070/camFloorRayNode/ccRay2Node
  into render/stage401005570/LB_connector_7cubeLR.egg/-PandaNode/LB_connector_7cubeLR_egg/collison/stageFloorColl7 []
  at -651.776 173.775 22.6107
  normal 0 0.000133877 1
  respect_prev_transform = 0


CollisionEntry:
  from render/Master Cool Cat-100000070/camFloorRayNode/ccRay2Node
  into render/stage401005570/LB_connector_7cubeLR.egg/-PandaNode/LB_connector_7cubeLR_egg/collison/stageFloorColl7 []
  at -667.374 174.483 27.6093
  normal 0 6.5559e-005 1
  respect_prev_transform = 0


CollisionEntry:
  from render/Master Cool Cat-100000070/camFloorRayNode/ccRay2Node
  into render/stage401005570/ZoneEntity-0/-PandaNode/Z22a/room/collsion/stageFloorColl8 []
  at -727.391 209.159 27.4877
  normal 0 0 1
  respect_prev_transform = 0


spec = {'parentEntId': 10000, 'pos': LPoint3f(0, 0, 0)}
h = None
### newVec3 =  LVector3f(2.00006, 11.3, 1.5)
### newVec3 =  LVector3f(2.00006, 11.3, 0)
### newVec3 =  LVector3f(2.00006, 11.3, 0.375)
### newVec3 =  LVector3f(2.00006, 11.3, 0)
### newVec3 =  LVector3f(2.00006, 6.30005, 1.5)
### newVec3 =  LVector3f(2.00006, 6.30005, 0)
### newVec3 =  LVector3f(2.00006, 6.30005, 0.375)
### newVec3 =  LVector3f(2.00006, 6.30005, 0)
### newVec3 =  LVector3f(3.05176e-005, 6, 1.5)
### newVec3 =  LVector3f(3.05176e-005, 6, 0)
### newVec3 =  LVector3f(3.05176e-005, 6, 0.375)
### newVec3 =  LVector3f(3.05176e-005, 6, 0)
chooseFireOpenShot <function allGroupLowShot at 0x147682F0>
chooseFireOpenShot <function avatarCloseUpFireShot at 0x14768B30>
Warning: NodePath.remove() is deprecated.  Use remove_node() instead.
Exception occurred while processing Func-__handleStageRewardDone-21486 of movie-reward-track-with-cam-401005972:
movie-reward-track-with-cam-401005972:
  0.000 movie-reward-track-with-cam-401005972 {
  0.000   movie-reward-track-401005972 {
  0.000     Sequence-20286 {
  0.000       Parallel-20294 {
  0.000         Sequence-20288 {
  0.000           *Func-show-20979
  0.000           *Func-setOnscreenChatForced-20980
  0.000           *Func-_setupSkipListen-20981
  0.000           *Func-_teardownSkipListen-21478
  0.000           *Func-_setupSkipListen-21479
  0.000           Sequence-20291 {
  0.000             *Func-initGagFrame-20982
  0.000             Wait dur 1
  1.000             *Func-showTrackIncLabel-20983
  1.000             *Func-resetBarColor-20984
  1.000             Wait dur 0.1
  1.100             *Func-showTrackIncLabel-20985
  1.100             *Func-incrementExp-20986
  1.100             Wait dur 0.1
  1.200             *Func-incrementExp-20987
  1.200             Wait dur 0.1
  1.300             *Func-incrementExp-20988
  1.300             Wait dur 0.1
  1.400             *Func-incrementExp-20989
  1.400             Wait dur 0.1
  1.500             *Func-incrementExp-20990
  1.500             Wait dur 0.1
  1.600             *Func-incrementExp-20991
  1.600             Wait dur 0.1
  1.700             *Func-incrementExp-20992
  1.700             Wait dur 0.1
  1.800             *Func-incrementExp-20993
  1.800             Wait dur 0.1
  1.900             *Func-incrementExp-20994
  1.900             Wait dur 0.1
  2.000             *Func-incrementExp-20995
  2.000             Wait dur 0.1
  2.100             *Func-incrementExp-20996
  2.100             Wait dur 0.1
  2.200             *Func-incrementExp-20997
  2.200             Wait dur 0.1
  2.300             *Func-incrementExp-20998
  2.300             Wait dur 0.1
  2.400             *Func-incrementExp-20999
  2.400             Wait dur 0.1
  2.500             *Func-incrementExp-21000
  2.500             Wait dur 0.1
  2.600             *Func-incrementExp-21001
  2.600             Wait dur 0.1
  2.700             *Func-incrementExp-21002
  2.700             Wait dur 0.1
  2.800             *Func-incrementExp-21003
  2.800             Wait dur 0.1
  2.900             *Func-incrementExp-21004
  2.900             Wait dur 0.1
  3.000             *Func-incrementExp-21005
  3.000             Wait dur 0.1
  3.100             *Func-incrementExp-21006
  3.100             Wait dur 0.1
  3.200             *Func-incrementExp-21007
  3.200             Wait dur 0.1
  3.300             *Func-incrementExp-21008
  3.300             Wait dur 0.1
  3.400             *Func-incrementExp-21009
  3.400             Wait dur 0.1
  3.500             *Func-incrementExp-21010
  3.500             Wait dur 0.1
  3.600             *Func-incrementExp-21011
  3.600             Wait dur 0.1
  3.700             *Func-incrementExp-21012
  3.700             Wait dur 0.1
  3.800             *Func-incrementExp-21013
  3.800             Wait dur 0.1
  3.900             *Func-incrementExp-21014
  3.900             Wait dur 0.1
  4.000             *Func-incrementExp-21015
  4.000             Wait dur 0.1
  4.100             *Func-incrementExp-21016
  4.100             Wait dur 0.1
  4.200             *Func-incrementExp-21017
  4.200             Wait dur 0.1
  4.300             *Func-incrementExp-21018
  4.300             Wait dur 0.1
  4.400             *Func-incrementExp-21019
  4.400             Wait dur 0.1
  4.500             *Func-incrementExp-21020
  4.500             Wait dur 0.1
  4.600             *Func-incrementExp-21021
  4.600             Wait dur 0.1
  4.700             *Func-incrementExp-21022
  4.700             Wait dur 0.1
  4.800             *Func-incrementExp-21023
  4.800             Wait dur 0.1
  4.900             *Func-incrementExp-21024
  4.900             Wait dur 0.1
  5.000             *Func-incrementExp-21025
  5.000             Wait dur 0.1
  5.100             *Func-incrementExp-21026
  5.100             Wait dur 0.1
  5.200             *Func-incrementExp-21027
  5.200             Wait dur 0.1
  5.300             *Func-incrementExp-21028
  5.300             Wait dur 0.1
  5.400             *Func-incrementExp-21029
  5.400             Wait dur 0.1
  5.500             *Func-incrementExp-21030
  5.500             Wait dur 0.1
  5.600             *Func-incrementExp-21031
  5.600             Wait dur 0.1
  5.700             *Func-incrementExp-21032
  5.700             Wait dur 0.1
  5.800             *Func-incrementExp-21033
  5.800             Wait dur 0.1
  5.900             *Func-incrementExp-21034
  5.900             Wait dur 0.1
  6.000             *Func-incrementExp-21035
  6.000             Wait dur 0.1
  6.100             *Func-incrementExp-21036
  6.100             Wait dur 0.1
  6.200             *Func-incrementExp-21037
  6.200             Wait dur 0.1
  6.300             *Func-incrementExp-21038
  6.300             Wait dur 0.1
  6.400             *Func-incrementExp-21039
  6.400             Wait dur 0.1
  6.500             *Func-incrementExp-21040
  6.500             Wait dur 0.1
  6.600             *Func-incrementExp-21041
  6.600             Wait dur 0.1
  6.700             *Func-incrementExp-21042
  6.700             Wait dur 0.1
  6.800             *Func-incrementExp-21043
  6.800             Wait dur 0.1
  6.900             *Func-incrementExp-21044
  6.900             Wait dur 0.1
  7.000             *Func-incrementExp-21045
  7.000             Wait dur 0.1
  7.100             *Func-incrementExp-21046
  7.100             Wait dur 0.1
  7.200             *Func-incrementExp-21047
  7.200             Wait dur 0.1
  7.300             *Func-incrementExp-21048
  7.300             Wait dur 0.1
  7.400             *Func-incrementExp-21049
  7.400             Wait dur 0.1
  7.500             *Func-incrementExp-21050
  7.500             Wait dur 0.1
  7.600             *Func-resetBarColor-21051
  7.600             Wait dur 0.1
  7.700             *Func-showTrackIncLabel-21052
  7.700             *Func-incrementExp-21053
  7.700             Wait dur 0.1
  7.800             *Func-incrementExp-21054
  7.800             Wait dur 0.1
  7.900             *Func-incrementExp-21055
  7.900             Wait dur 0.1
  8.000             *Func-incrementExp-21056
  8.000             Wait dur 0.1
  8.100             *Func-incrementExp-21057
  8.100             Wait dur 0.1
  8.200             *Func-incrementExp-21058
  8.200             Wait dur 0.1
  8.300             *Func-incrementExp-21059
  8.300             Wait dur 0.1
  8.400             *Func-incrementExp-21060
  8.400             Wait dur 0.1
  8.500             *Func-incrementExp-21061
  8.500             Wait dur 0.1
  8.600             *Func-incrementExp-21062
  8.600             Wait dur 0.1
  8.700             *Func-incrementExp-21063
  8.700             Wait dur 0.1
  8.800             *Func-incrementExp-21064
  8.800             Wait dur 0.1
  8.900             *Func-incrementExp-21065
  8.900             Wait dur 0.1
  9.000             *Func-incrementExp-21066
  9.000             Wait dur 0.1
  9.100             *Func-incrementExp-21067
  9.100             Wait dur 0.1
  9.200             *Func-incrementExp-21068
  9.200             Wait dur 0.1
  9.300             *Func-incrementExp-21069
  9.300             Wait dur 0.1
  9.400             *Func-incrementExp-21070
  9.400             Wait dur 0.1
  9.500             *Func-incrementExp-21071
  9.500             Wait dur 0.1
  9.600             *Func-incrementExp-21072
  9.600             Wait dur 0.1
  9.700             *Func-incrementExp-21073
  9.700             Wait dur 0.1
  9.800             *Func-incrementExp-21074
  9.800             Wait dur 0.1
  9.900             *Func-incrementExp-21075
  9.900             Wait dur 0.1
 10.000             *Func-incrementExp-21076
 10.000             Wait dur 0.1
 10.100             *Func-incrementExp-21077
 10.100             Wait dur 0.1
 10.200             *Func-incrementExp-21078
 10.200             Wait dur 0.1
 10.300             *Func-incrementExp-21079
 10.300             Wait dur 0.1
 10.400             *Func-incrementExp-21080
 10.400             Wait dur 0.1
 10.500             *Func-incrementExp-21081
 10.500             Wait dur 0.1
 10.600             *Func-incrementExp-21082
 10.600             Wait dur 0.1
 10.700             *Func-incrementExp-21083
 10.700             Wait dur 0.1
 10.800             *Func-incrementExp-21084
 10.800             Wait dur 0.1
 10.900             *Func-incrementExp-21085
 10.900             Wait dur 0.1
 11.000             *Func-incrementExp-21086
 11.000             Wait dur 0.1
 11.100             *Func-incrementExp-21087
 11.100             Wait dur 0.1
 11.200             *Func-incrementExp-21088
 11.200             Wait dur 0.1
 11.300             *Func-incrementExp-21089
 11.300             Wait dur 0.1
 11.400             *Func-incrementExp-21090
 11.400             Wait dur 0.1
 11.500             *Func-incrementExp-21091
 11.500             Wait dur 0.1
 11.600             *Func-incrementExp-21092
 11.600             Wait dur 0.1
 11.700             *Func-incrementExp-21093
 11.700             Wait dur 0.1
 11.800             *Func-incrementExp-21094
 11.800             Wait dur 0.1
 11.900             *Func-incrementExp-21095
 11.900             Wait dur 0.1
 12.000             *Func-incrementExp-21096
 12.000             Wait dur 0.1
 12.100             *Func-incrementExp-21097
 12.100             Wait dur 0.1
 12.200             *Func-incrementExp-21098
 12.200             Wait dur 0.1
 12.300             *Func-incrementExp-21099
 12.300             Wait dur 0.1
 12.400             *Func-incrementExp-21100
 12.400             Wait dur 0.1
 12.500             *Func-incrementExp-21101
 12.500             Wait dur 0.1
 12.600             *Func-incrementExp-21102
 12.600             Wait dur 0.1
 12.700             *Func-incrementExp-21103
 12.700             Wait dur 0.1
 12.800             *Func-incrementExp-21104
 12.800             Wait dur 0.1
 12.900             *Func-incrementExp-21105
 12.900             Wait dur 0.1
 13.000             *Func-incrementExp-21106
 13.000             Wait dur 0.1
 13.100             *Func-incrementExp-21107
 13.100             Wait dur 0.1
 13.200             *Func-incrementExp-21108
 13.200             Wait dur 0.1
 13.300             *Func-incrementExp-21109
 13.300             Wait dur 0.1
 13.400             *Func-incrementExp-21110
 13.400             Wait dur 0.1
 13.500             *Func-incrementExp-21111
 13.500             Wait dur 0.1
 13.600             *Func-incrementExp-21112
 13.600             Wait dur 0.1
 13.700             *Func-resetBarColor-21113
 13.700             Wait dur 0.1
 13.800             *Func-showTrackIncLabel-21114
 13.800             *Func-incrementExp-21115
 13.800             Wait dur 0.1
 13.900             *Func-incrementExp-21116
 13.900             Wait dur 0.1
 14.000             *Func-incrementExp-21117
 14.000             Wait dur 0.1
 14.100             *Func-incrementExp-21118
 14.100             Wait dur 0.1
 14.200             *Func-incrementExp-21119
 14.200             Wait dur 0.1
 14.300             *Func-incrementExp-21120
 14.300             Wait dur 0.1
 14.400             *Func-incrementExp-21121
 14.400             Wait dur 0.1
 14.500             *Func-incrementExp-21122
 14.500             Wait dur 0.1
 14.600             *Func-incrementExp-21123
 14.600             Wait dur 0.1
 14.700             *Func-incrementExp-21124
 14.700             Wait dur 0.1
 14.800             *Func-incrementExp-21125
 14.800             Wait dur 0.1
 14.900             *Func-incrementExp-21126
 14.900             Wait dur 0.1
 15.000             *Func-incrementExp-21127
 15.000             Wait dur 0.1
 15.100             *Func-incrementExp-21128
 15.100             Wait dur 0.1
 15.200             *Func-incrementExp-21129
 15.200             Wait dur 0.1
 15.300             *Func-incrementExp-21130
 15.300             Wait dur 0.1
 15.400             *Func-incrementExp-21131
 15.400             Wait dur 0.1
 15.500             *Func-incrementExp-21132
 15.500             Wait dur 0.1
 15.600             *Func-incrementExp-21133
 15.600             Wait dur 0.1
 15.700             *Func-incrementExp-21134
 15.700             Wait dur 0.1
 15.800             *Func-incrementExp-21135
 15.800             Wait dur 0.1
 15.900             *Func-incrementExp-21136
 15.900             Wait dur 0.1
 16.000             *Func-incrementExp-21137
 16.000             Wait dur 0.1
 16.100             *Func-incrementExp-21138
 16.100             Wait dur 0.1
 16.200             *Func-incrementExp-21139
 16.200             Wait dur 0.1
 16.300             *Func-incrementExp-21140
 16.300             Wait dur 0.1
 16.400             *Func-incrementExp-21141
 16.400             Wait dur 0.1
 16.500             *Func-incrementExp-21142
 16.500             Wait dur 0.1
 16.600             *Func-incrementExp-21143
 16.600             Wait dur 0.1
 16.700             *Func-incrementExp-21144
 16.700             Wait dur 0.1
 16.800             *Func-incrementExp-21145
 16.800             Wait dur 0.1
 16.900             *Func-incrementExp-21146
 16.900             Wait dur 0.1
 17.000             *Func-incrementExp-21147
 17.000             Wait dur 0.1
 17.100             *Func-incrementExp-21148
 17.100             Wait dur 0.1
 17.200             *Func-incrementExp-21149
 17.200             Wait dur 0.1
 17.300             *Func-incrementExp-21150
 17.300             Wait dur 0.1
 17.400             *Func-incrementExp-21151
 17.400             Wait dur 0.1
 17.500             *Func-incrementExp-21152
 17.500             Wait dur 0.1
 17.600             *Func-incrementExp-21153
 17.600             Wait dur 0.1
 17.700             *Func-incrementExp-21154
 17.700             Wait dur 0.1
 17.800             *Func-incrementExp-21155
 17.800             Wait dur 0.1
 17.900             *Func-incrementExp-21156
 17.900             Wait dur 0.1
 18.000             *Func-incrementExp-21157
 18.000             Wait dur 0.1
 18.100             *Func-incrementExp-21158
 18.100             Wait dur 0.1
 18.200             *Func-incrementExp-21159
 18.200             Wait dur 0.1
 18.300             *Func-incrementExp-21160
 18.300             Wait dur 0.1
 18.400             *Func-incrementExp-21161
 18.400             Wait dur 0.1
 18.500             *Func-incrementExp-21162
 18.500             Wait dur 0.1
 18.600             *Func-incrementExp-21163
 18.600             Wait dur 0.1
 18.700             *Func-incrementExp-21164
 18.700             Wait dur 0.1
 18.800             *Func-incrementExp-21165
 18.800             Wait dur 0.1
 18.900             *Func-incrementExp-21166
 18.900             Wait dur 0.1
 19.000             *Func-incrementExp-21167
 19.000             Wait dur 0.1
 19.100             *Func-incrementExp-21168
 19.100             Wait dur 0.1
 19.200             *Func-incrementExp-21169
 19.200             Wait dur 0.1
 19.300             *Func-incrementExp-21170
 19.300             Wait dur 0.1
 19.400             *Func-incrementExp-21171
 19.400             Wait dur 0.1
 19.500             *Func-incrementExp-21172
 19.500             Wait dur 0.1
 19.600             *Func-incrementExp-21173
 19.600             Wait dur 0.1
 19.700             *Func-incrementExp-21174
 19.700             Wait dur 0.1
 19.800             *Func-incrementExp-21175
 19.800             Wait dur 0.1
 19.900             *Func-incrementExp-21176
 19.900             Wait dur 0.1
 20.000             *Func-incrementExp-21177
 20.000             Wait dur 0.1
 20.100             *Func-incrementExp-21178
 20.100             Wait dur 0.1
 20.200             *Func-incrementExp-21179
 20.200             Wait dur 0.1
 20.300             *Func-resetBarColor-21180
 20.300             Wait dur 0.1
 20.400             *Func-showTrackIncLabel-21181
 20.400             *Func-incrementExp-21182
 20.400             Wait dur 0.1
 20.500             *Func-incrementExp-21183
 20.500             Wait dur 0.1
 20.600             *Func-incrementExp-21184
 20.600             Wait dur 0.1
 20.700             *Func-incrementExp-21185
 20.700             Wait dur 0.1
 20.800             *Func-incrementExp-21186
 20.800             Wait dur 0.1
 20.900             *Func-incrementExp-21187
 20.900             Wait dur 0.1
 21.000             *Func-incrementExp-21188
 21.000             Wait dur 0.1
 21.100             *Func-incrementExp-21189
 21.100             Wait dur 0.1
 21.200             *Func-incrementExp-21190
 21.200             Wait dur 0.1
 21.300             *Func-incrementExp-21191
 21.300             Wait dur 0.1
 21.400             *Func-incrementExp-21192
 21.400             Wait dur 0.1
 21.500             *Func-incrementExp-21193
 21.500             Wait dur 0.1
 21.600             *Func-incrementExp-21194
 21.600             Wait dur 0.1
 21.700             *Func-incrementExp-21195
 21.700             Wait dur 0.1
 21.800             *Func-incrementExp-21196
 21.800             Wait dur 0.1
 21.900             *Func-incrementExp-21197
 21.900             Wait dur 0.1
 22.000             *Func-incrementExp-21198
 22.000             Wait dur 0.1
 22.100             *Func-incrementExp-21199
 22.100             Wait dur 0.1
 22.200             *Func-incrementExp-21200
 22.200             Wait dur 0.1
 22.300             *Func-incrementExp-21201
 22.300             Wait dur 0.1
 22.400             *Func-incrementExp-21202
 22.400             Wait dur 0.1
 22.500             *Func-incrementExp-21203
 22.500             Wait dur 0.1
 22.600             *Func-incrementExp-21204
 22.600             Wait dur 0.1
 22.700             *Func-incrementExp-21205
 22.700             Wait dur 0.1
 22.800             *Func-incrementExp-21206
 22.800             Wait dur 0.1
 22.900             *Func-incrementExp-21207
 22.900             Wait dur 0.1
 23.000             *Func-incrementExp-21208
 23.000             Wait dur 0.1
 23.100             *Func-incrementExp-21209
 23.100             Wait dur 0.1
 23.200             *Func-incrementExp-21210
 23.200             Wait dur 0.1
 23.300             *Func-incrementExp-21211
 23.300             Wait dur 0.1
 23.400             *Func-incrementExp-21212
 23.400             Wait dur 0.1
 23.500             *Func-incrementExp-21213
 23.500             Wait dur 0.1
 23.600             *Func-incrementExp-21214
 23.600             Wait dur 0.1
 23.700             *Func-incrementExp-21215
 23.700             Wait dur 0.1
 23.800             *Func-incrementExp-21216
 23.800             Wait dur 0.1
 23.900             *Func-incrementExp-21217
 23.900             Wait dur 0.1
 24.000             *Func-incrementExp-21218
 24.000             Wait dur 0.1
 24.100             *Func-incrementExp-21219
 24.100             Wait dur 0.1
 24.200             *Func-incrementExp-21220
 24.200             Wait dur 0.1
 24.300             *Func-incrementExp-21221
 24.300             Wait dur 0.1
 24.400             *Func-incrementExp-21222
 24.400             Wait dur 0.1
 24.500             *Func-incrementExp-21223
 24.500             Wait dur 0.1
 24.600             *Func-incrementExp-21224
 24.600             Wait dur 0.1
 24.700             *Func-incrementExp-21225
 24.700             Wait dur 0.1
 24.800             *Func-incrementExp-21226
 24.800             Wait dur 0.1
 24.900             *Func-incrementExp-21227
 24.900             Wait dur 0.1
 25.000             *Func-incrementExp-21228
 25.000             Wait dur 0.1
 25.100             *Func-incrementExp-21229
 25.100             Wait dur 0.1
 25.200             *Func-incrementExp-21230
 25.200             Wait dur 0.1
 25.300             *Func-incrementExp-21231
 25.300             Wait dur 0.1
 25.400             *Func-incrementExp-21232
 25.400             Wait dur 0.1
 25.500             *Func-incrementExp-21233
 25.500             Wait dur 0.1
 25.600             *Func-incrementExp-21234
 25.600             Wait dur 0.1
 25.700             *Func-incrementExp-21235
 25.700             Wait dur 0.1
 25.800             *Func-incrementExp-21236
 25.800             Wait dur 0.1
 25.900             *Func-incrementExp-21237
 25.900             Wait dur 0.1
 26.000             *Func-incrementExp-21238
 26.000             Wait dur 0.1
 26.100             *Func-incrementExp-21239
 26.100             Wait dur 0.1
 26.200             *Func-incrementExp-21240
 26.200             Wait dur 0.1
 26.300             *Func-incrementExp-21241
 26.300             Wait dur 0.1
 26.400             *Func-incrementExp-21242
 26.400             Wait dur 0.1
 26.500             *Func-incrementExp-21243
 26.500             Wait dur 0.1
 26.600             *Func-incrementExp-21244
 26.600             Wait dur 0.1
 26.700             *Func-resetBarColor-21245
 26.700             Wait dur 0.1
 26.800             *Func-showTrackIncLabel-21246
 26.800             *Func-incrementExp-21247
 26.800             Wait dur 0.1
 26.900             *Func-incrementExp-21248
 26.900             Wait dur 0.1
 27.000             *Func-incrementExp-21249
 27.000             Wait dur 0.1
 27.100             *Func-incrementExp-21250
 27.100             Wait dur 0.1
 27.200             *Func-incrementExp-21251
 27.200             Wait dur 0.1
 27.300             *Func-incrementExp-21252
 27.300             Wait dur 0.1
 27.400             *Func-incrementExp-21253
 27.400             Wait dur 0.1
 27.500             *Func-incrementExp-21254
 27.500             Wait dur 0.1
 27.600             *Func-incrementExp-21255
 27.600             Wait dur 0.1
 27.700             *Func-incrementExp-21256
 27.700             Wait dur 0.1
 27.800             *Func-incrementExp-21257
 27.800             Wait dur 0.1
 27.900             *Func-incrementExp-21258
 27.900             Wait dur 0.1
 28.000             *Func-incrementExp-21259
 28.000             Wait dur 0.1
 28.100             *Func-incrementExp-21260
 28.100             Wait dur 0.1
 28.200             *Func-incrementExp-21261
 28.200             Wait dur 0.1
 28.300             *Func-incrementExp-21262
 28.300             Wait dur 0.1
 28.400             *Func-incrementExp-21263
 28.400             Wait dur 0.1
 28.500             *Func-incrementExp-21264
 28.500             Wait dur 0.1
 28.600             *Func-incrementExp-21265
 28.600             Wait dur 0.1
 28.700             *Func-incrementExp-21266
 28.700             Wait dur 0.1
 28.800             *Func-incrementExp-21267
 28.800             Wait dur 0.1
 28.900             *Func-incrementExp-21268
 28.900             Wait dur 0.1
 29.000             *Func-incrementExp-21269
 29.000             Wait dur 0.1
 29.100             *Func-incrementExp-21270
 29.100             Wait dur 0.1
 29.200             *Func-incrementExp-21271
 29.200             Wait dur 0.1
 29.300             *Func-incrementExp-21272
 29.300             Wait dur 0.1
 29.400             *Func-incrementExp-21273
 29.400             Wait dur 0.1
 29.500             *Func-incrementExp-21274
 29.500             Wait dur 0.1
 29.600             *Func-incrementExp-21275
 29.600             Wait dur 0.1
 29.700             *Func-incrementExp-21276
 29.700             Wait dur 0.1
 29.800             *Func-incrementExp-21277
 29.800             Wait dur 0.1
 29.900             *Func-incrementExp-21278
 29.900             Wait dur 0.1
 30.000             *Func-incrementExp-21279
 30.000             Wait dur 0.1
 30.100             *Func-incrementExp-21280
 30.100             Wait dur 0.1
 30.200             *Func-incrementExp-21281
 30.200             Wait dur 0.1
 30.300             *Func-incrementExp-21282
 30.300             Wait dur 0.1
 30.400             *Func-incrementExp-21283
 30.400             Wait dur 0.1
 30.500             *Func-incrementExp-21284
 30.500             Wait dur 0.1
 30.600             *Func-incrementExp-21285
 30.600             Wait dur 0.1
 30.700             *Func-incrementExp-21286
 30.700             Wait dur 0.1
 30.800             *Func-incrementExp-21287
 30.800             Wait dur 0.1
 30.900             *Func-incrementExp-21288
 30.900             Wait dur 0.1
 31.000             *Func-incrementExp-21289
 31.000             Wait dur 0.1
 31.100             *Func-incrementExp-21290
 31.100             Wait dur 0.1
 31.200             *Func-incrementExp-21291
 31.200             Wait dur 0.1
 31.300             *Func-incrementExp-21292
 31.300             Wait dur 0.1
 31.400             *Func-incrementExp-21293
 31.400             Wait dur 0.1
 31.500             *Func-incrementExp-21294
 31.500             Wait dur 0.1
 31.600             *Func-incrementExp-21295
 31.600             Wait dur 0.1
 31.700             *Func-incrementExp-21296
 31.700             Wait dur 0.1
 31.800             *Func-incrementExp-21297
 31.800             Wait dur 0.1
 31.900             *Func-incrementExp-21298
 31.900             Wait dur 0.1
 32.000             *Func-incrementExp-21299
 32.000             Wait dur 0.1
 32.100             *Func-incrementExp-21300
 32.100             Wait dur 0.1
 32.200             *Func-incrementExp-21301
 32.200             Wait dur 0.1
 32.300             *Func-resetBarColor-21302
 32.300             Wait dur 0.1
 32.400             *Func-showTrackIncLabel-21303
 32.400             *Func-incrementExp-21304
 32.400             Wait dur 0.1
 32.500             *Func-incrementExp-21305
 32.500             Wait dur 0.1
 32.600             *Func-incrementExp-21306
 32.600             Wait dur 0.1
 32.700             *Func-incrementExp-21307
 32.700             Wait dur 0.1
 32.800             *Func-incrementExp-21308
 32.800             Wait dur 0.1
 32.900             *Func-incrementExp-21309
 32.900             Wait dur 0.1
 33.000             *Func-incrementExp-21310
 33.000             Wait dur 0.1
 33.100             *Func-incrementExp-21311
 33.100             Wait dur 0.1
 33.200             *Func-incrementExp-21312
 33.200             Wait dur 0.1
 33.300             *Func-incrementExp-21313
 33.300             Wait dur 0.1
 33.400             *Func-incrementExp-21314
 33.400             Wait dur 0.1
 33.500             *Func-incrementExp-21315
 33.500             Wait dur 0.1
 33.600             *Func-incrementExp-21316
 33.600             Wait dur 0.1
 33.700             *Func-incrementExp-21317
 33.700             Wait dur 0.1
 33.800             *Func-incrementExp-21318
 33.800             Wait dur 0.1
 33.900             *Func-incrementExp-21319
 33.900             Wait dur 0.1
 34.000             *Func-incrementExp-21320
 34.000             Wait dur 0.1
 34.100             *Func-incrementExp-21321
 34.100             Wait dur 0.1
 34.200             *Func-incrementExp-21322
 34.200             Wait dur 0.1
 34.300             *Func-incrementExp-21323
 34.300             Wait dur 0.1
 34.400             *Func-incrementExp-21324
 34.400             Wait dur 0.1
 34.500             *Func-incrementExp-21325
 34.500             Wait dur 0.1
 34.600             *Func-incrementExp-21326
 34.600             Wait dur 0.1
 34.700             *Func-incrementExp-21327
 34.700             Wait dur 0.1
 34.800             *Func-incrementExp-21328
 34.800             Wait dur 0.1
 34.900             *Func-incrementExp-21329
 34.900             Wait dur 0.1
 35.000             *Func-incrementExp-21330
 35.000             Wait dur 0.1
 35.100             *Func-incrementExp-21331
 35.100             Wait dur 0.1
 35.200             *Func-incrementExp-21332
 35.200             Wait dur 0.1
 35.300             *Func-incrementExp-21333
 35.300             Wait dur 0.1
 35.400             *Func-incrementExp-21334
 35.400             Wait dur 0.1
 35.500             *Func-incrementExp-21335
 35.500             Wait dur 0.1
 35.600             *Func-incrementExp-21336
 35.600             Wait dur 0.1
 35.700             *Func-incrementExp-21337
 35.700             Wait dur 0.1
 35.800             *Func-incrementExp-21338
 35.800             Wait dur 0.1
 35.900             *Func-incrementExp-21339
 35.900             Wait dur 0.1
 36.000             *Func-incrementExp-21340
 36.000             Wait dur 0.1
 36.100             *Func-incrementExp-21341
 36.100             Wait dur 0.1
 36.200             *Func-incrementExp-21342
 36.200             Wait dur 0.1
 36.300             *Func-incrementExp-21343
 36.300             Wait dur 0.1
 36.400             *Func-incrementExp-21344
 36.400             Wait dur 0.1
 36.500             *Func-incrementExp-21345
 36.500             Wait dur 0.1
 36.600             *Func-incrementExp-21346
 36.600             Wait dur 0.1
 36.700             *Func-incrementExp-21347
 36.700             Wait dur 0.1
 36.800             *Func-incrementExp-21348
 36.800             Wait dur 0.1
 36.900             *Func-incrementExp-21349
 36.900             Wait dur 0.1
 37.000             *Func-incrementExp-21350
 37.000             Wait dur 0.1
 37.100             *Func-incrementExp-21351
 37.100             Wait dur 0.1
 37.200             *Func-incrementExp-21352
 37.200             Wait dur 0.1
 37.300             *Func-incrementExp-21353
 37.300             Wait dur 0.1
 37.400             *Func-incrementExp-21354
 37.400             Wait dur 0.1
 37.500             *Func-incrementExp-21355
 37.500             Wait dur 0.1
 37.600             *Func-incrementExp-21356
 37.600             Wait dur 0.1
 37.700             *Func-incrementExp-21357
 37.700             Wait dur 0.1
 37.800             *Func-incrementExp-21358
 37.800             Wait dur 0.1
 37.900             *Func-incrementExp-21359
 37.900             Wait dur 0.1
 38.000             *Func-incrementExp-21360
 38.000             Wait dur 0.1
 38.100             *Func-incrementExp-21361
 38.100             Wait dur 0.1
 38.200             *Func-incrementExp-21362
 38.200             Wait dur 0.1
 38.300             *Func-incrementExp-21363
 38.300             Wait dur 0.1
 38.400             *Func-incrementExp-21364
 38.400             Wait dur 0.1
 38.500             *Func-incrementExp-21365
 38.500             Wait dur 0.1
 38.600             *Func-incrementExp-21366
 38.600             Wait dur 0.1
 38.700             *Func-incrementExp-21367
 38.700             Wait dur 0.1
 38.800             *Func-incrementExp-21368
 38.800             Wait dur 0.1
 38.900             *Func-incrementExp-21369
 38.900             Wait dur 0.1
 39.000             *Func-incrementExp-21370
 39.000             Wait dur 0.1
 39.100             *Func-resetBarColor-21371
 39.100             Wait dur 0.1
 39.200             *Func-incrementMerits-21372
 39.200             Wait dur 0.08
 39.280             *Func-incrementMerits-21373
 39.280             Wait dur 0.08
 39.360             *Func-incrementMerits-21374
 39.360             Wait dur 0.08
 39.440             *Func-incrementMerits-21375
 39.440             Wait dur 0.08
 39.520             *Func-incrementMerits-21376
 39.520             Wait dur 0.08
 39.600             *Func-incrementMerits-21377
 39.600             Wait dur 0.08
 39.680             *Func-incrementMerits-21378
 39.680             Wait dur 0.08
 39.760             *Func-incrementMerits-21379
 39.760             Wait dur 0.08
 39.840             *Func-incrementMerits-21380
 39.840             Wait dur 0.08
 39.920             *Func-incrementMerits-21381
 39.920             Wait dur 0.08
 40.000             *Func-incrementMerits-21382
 40.000             Wait dur 0.08
 40.080             *Func-incrementMerits-21383
 40.080             Wait dur 0.08
 40.160             *Func-incrementMerits-21384
 40.160             Wait dur 0.08
 40.240             *Func-incrementMerits-21385
 40.240             Wait dur 0.08
 40.320             *Func-incrementMerits-21386
 40.320             Wait dur 0.08
 40.400             *Func-incrementMerits-21387
 40.400             Wait dur 0.08
 40.480             *Func-incrementMerits-21388
 40.480             Wait dur 0.08
 40.560             *Func-incrementMerits-21389
 40.560             Wait dur 0.08
 40.640             *Func-incrementMerits-21390
 40.640             Wait dur 0.08
 40.720             *Func-incrementMerits-21391
 40.720             Wait dur 0.08
 40.800             *Func-incrementMerits-21392
 40.800             Wait dur 0.08
 40.880             *Func-incrementMerits-21393
 40.880             Wait dur 0.08
 40.960             *Func-incrementMerits-21394
 40.960             Wait dur 0.08
 41.040             *Func-incrementMerits-21395
 41.040             Wait dur 0.08
 41.120             *Func-incrementMerits-21396
 41.120             Wait dur 0.08
 41.200             *Func-incrementMerits-21397
 41.200             Wait dur 0.08
 41.280             *Func-incrementMerits-21398
 41.280             Wait dur 0.08
 41.360             *Func-incrementMerits-21399
 41.360             Wait dur 0.08
 41.440             *Func-incrementMerits-21400
 41.440             Wait dur 0.08
 41.520             *Func-incrementMerits-21401
 41.520             Wait dur 0.08
 41.600             *Func-incrementMerits-21402
 41.600             Wait dur 0.08
 41.680             *Func-incrementMerits-21403
 41.680             Wait dur 0.08
 41.760             *Func-incrementMerits-21404
 41.760             Wait dur 0.08
 41.840             *Func-incrementMerits-21405
 41.840             Wait dur 0.08
 41.920             *Func-incrementMerits-21406
 41.920             Wait dur 0.08
 42.000             *Func-incrementMerits-21407
 42.000             Wait dur 0.08
 42.080             *Func-incrementMerits-21408
 42.080             Wait dur 0.08
 42.160             *Func-incrementMerits-21409
 42.160             Wait dur 0.08
 42.240             *Func-incrementMerits-21410
 42.240             Wait dur 0.08
 42.320             *Func-incrementMerits-21411
 42.320             Wait dur 0.08
 42.400             *Func-incrementMerits-21412
 42.400             Wait dur 0.08
 42.480             *Func-incrementMerits-21413
 42.480             Wait dur 0.08
 42.560             *Func-incrementMerits-21414
 42.560             Wait dur 0.08
 42.640             *Func-incrementMerits-21415
 42.640             Wait dur 0.08
 42.720             *Func-incrementMerits-21416
 42.720             Wait dur 0.08
 42.800             *Func-incrementMerits-21417
 42.800             Wait dur 0.08
 42.880             *Func-incrementMerits-21418
 42.880             Wait dur 0.08
 42.960             *Func-incrementMerits-21419
 42.960             Wait dur 0.08
 43.040             *Func-incrementMerits-21420
 43.040             Wait dur 0.08
 43.120             *Func-incrementMerits-21421
 43.120             Wait dur 0.08
 43.200             *Func-incrementMerits-21422
 43.200             Wait dur 0.08
 43.280             *Func-incrementMerits-21423
 43.280             Wait dur 0.08
 43.360             *Func-incrementMerits-21424
 43.360             Wait dur 0.08
 43.440             *Func-incrementMerits-21425
 43.440             Wait dur 0.08
 43.520             *Func-incrementMerits-21426
 43.520             Wait dur 0.08
 43.600             *Func-incrementMerits-21427
 43.600             Wait dur 0.08
 43.680             *Func-incrementMerits-21428
 43.680             Wait dur 0.08
 43.760             *Func-incrementMerits-21429
 43.760             Wait dur 0.08
 43.840             *Func-incrementMerits-21430
 43.840             Wait dur 0.08
 43.920             *Func-incrementMerits-21431
 43.920             Wait dur 0.08
 44.000             *Func-incrementMerits-21432
 44.000             Wait dur 0.08
 44.080             *Func-incrementMerits-21433
 44.080             Wait dur 0.08
 44.160             *Func-incrementMerits-21434
 44.160             Wait dur 0.08
 44.240             *Func-incrementMerits-21435
 44.240             Wait dur 0.08
 44.320             *Func-incrementMerits-21436
 44.320             Wait dur 0.08
 44.400             *Func-incrementMerits-21437
 44.400             Wait dur 0.08
 44.480             *Func-incrementMerits-21438
 44.480             Wait dur 0.08
 44.560             *Func-incrementMerits-21439
 44.560             Wait dur 0.08
 44.640             *Func-incrementMerits-21440
 44.640             Wait dur 0.08
 44.720             *Func-incrementMerits-21441
 44.720             Wait dur 0.08
 44.800             *Func-incrementMerits-21442
 44.800             Wait dur 0.08
 44.880             *Func-incrementMerits-21443
 44.880             Wait dur 0.08
 44.960             *Func-incrementMerits-21444
 44.960             Wait dur 0.08
 45.040             *Func-incrementMerits-21445
 45.040             Wait dur 0.08
 45.120             *Func-incrementMerits-21446
 45.120             Wait dur 0.08
 45.200             *Func-incrementMerits-21447
 45.200             Wait dur 0.08
 45.280             *Func-incrementMerits-21448
 45.280             Wait dur 0.08
 45.360             *Func-incrementMerits-21449
 45.360             Wait dur 0.08
 45.440             *Func-incrementMerits-21450
 45.440             Wait dur 0.08
 45.520             *Func-incrementMerits-21451
 45.520             Wait dur 0.08
 45.600             *Func-incrementMerits-21452
 45.600             Wait dur 0.08
 45.680             *Func-incrementMerits-21453
 45.680             Wait dur 0.08
 45.760             *Func-incrementMerits-21454
 45.760             Wait dur 0.08
 45.840             *Func-incrementMerits-21455
 45.840             Wait dur 0.08
 45.920             *Func-incrementMerits-21456
 45.920             Wait dur 0.08
 46.000             *Func-incrementMerits-21457
 46.000             Wait dur 0.08
 46.080             *Func-incrementMerits-21458
 46.080             Wait dur 0.08
 46.160             *Func-incrementMerits-21459
 46.160             Wait dur 0.08
 46.240             *Func-incrementMerits-21460
 46.240             Wait dur 0.08
 46.320             *Func-incrementMerits-21461
 46.320             Wait dur 0.08
 46.400             *Func-incrementMerits-21462
 46.400             Wait dur 0.08
 46.480             *Func-incrementMerits-21463
 46.480             Wait dur 0.08
 46.560             *Func-incrementMerits-21464
 46.560             Wait dur 0.08
 46.640             *Func-incrementMerits-21465
 46.640             Wait dur 0.08
 46.720             *Func-incrementMerits-21466
 46.720             Wait dur 0.08
 46.800             *Func-incrementMerits-21467
 46.800             Wait dur 0.08
 46.880             *Func-incrementMerits-21468
 46.880             Wait dur 0.08
 46.960             *Func-incrementMerits-21469
 46.960             Wait dur 0.08
 47.040             *Func-incrementMerits-21470
 47.040             Wait dur 0.08
 47.120             *Func-incrementMerits-21471
 47.120             Wait dur 0.08
 47.200             *Func-incrementMerits-21472
 47.200             Wait dur 0.08
 47.280             *Func-incrementMerits-21473
 47.280             Wait dur 0.08
 47.360             *Func-incrementMerits-21474
 47.360             Wait dur 0.08
 47.440             *Func-incrementMerits-21475
 47.440             Wait dur 0.08
 47.520             *Func-incrementMerits-21476
 47.520             Wait dur 0.08
 47.600             *Func-resetMeritBarColor-21477
 47.600             Wait dur 0.3
 47.900             Wait dur 1
 48.900             Wait dur 0.25
 49.150           }
 49.150           *Func-_teardownSkipListen-21482
 49.150           *Func-destroy-21483
 49.150           *Func-hide-21484
 49.150           *Func-setOnscreenChatForced-21485
 49.150           Sequence-20290 {
 49.150           }
 49.150         }
  0.000         *Sound-792 dur 49.15
 49.150       }
 49.150       *Func-__handleStageRewardDone-21486
 49.150     }
 49.150   }
  0.000   Sequence-20287 {
  0.000     Sequence-20289 {
  0.000       Sequence-20293 {
  0.000         *Func-chooseRewardShotNow-21481
  0.000         Wait dur 49.15
 49.150       }
 49.150     }
 49.150   }
 49.150 }

Traceback (most recent call last):
  File "C:\Panda3D-1.10.0\direct\showbase\EventManager.py", line 52, in eventLoopTask
    self.doEvents()
  File "C:\Panda3D-1.10.0\direct\showbase\EventManager.py", line 46, in doEvents
    processFunc(self.eventQueue.dequeueEvent())
  File "C:\Panda3D-1.10.0\direct\showbase\EventManager.py", line 103, in processEvent
    messenger.send(eventName, paramList)
  File "C:\Panda3D-1.10.0\direct\showbase\Messenger.py", line 326, in send
    self.__dispatch(acceptorDict, event, sentArgs, foundWatch)
  File "C:\Panda3D-1.10.0\direct\showbase\Messenger.py", line 411, in __dispatch
    method (*(extraArgs + sentArgs))
  File "C:\Panda3D-1.10.0\direct\showbase\ShowBase.py", line 2665, in windowEvent
    self.userExit()
  File "toontown\toonbase\ToonBase.py", line 400, in userExit
    self.cr.dumpAllSubShardObjects()
  File "toontown\distributed\ToontownClientRepository.py", line 556, in dumpAllSubShardObjects
    self.deleteObject(doId)
  File "toontown\distributed\ToontownClientRepository.py", line 906, in deleteObject
    obj.deleteOrDelay()
  File "C:\Panda3D-1.10.0\direct\distributed\DistributedObject.py", line 199, in deleteOrDelay
    self.disableAnnounceAndDelete()
  File "C:\Panda3D-1.10.0\direct\distributed\DistributedObject.py", line 202, in disableAnnounceAndDelete
    self.disableAndAnnounce()
  File "C:\Panda3D-1.10.0\direct\distributed\DistributedObject.py", line 228, in disableAndAnnounce
    self.disable()
  File "toontown\coghq\DistributedLevelBattle.py", line 65, in disable
    DistributedBattle.DistributedBattle.disable(self)
  File "toontown\battle\DistributedBattle.py", line 34, in disable
    DistributedBattleBase.DistributedBattleBase.disable(self)
  File "toontown\battle\DistributedBattleBase.py", line 133, in disable
    self.cleanupBattle()
  File "toontown\battle\DistributedBattleBase.py", line 145, in cleanupBattle
    self.fsm.requestFinalState()
  File "C:\Panda3D-1.10.0\direct\fsm\ClassicFSM.py", line 151, in requestFinalState
    self.request(self.getFinalState().getName())
  File "C:\Panda3D-1.10.0\direct\fsm\ClassicFSM.py", line 302, in request
    exitArgList)
  File "C:\Panda3D-1.10.0\direct\fsm\ClassicFSM.py", line 230, in __transition
    self.__exitCurrent(exitArgList)
  File "C:\Panda3D-1.10.0\direct\fsm\ClassicFSM.py", line 188, in __exitCurrent
    self.__currentState.exit(argList)
  File "C:\Panda3D-1.10.0\direct\fsm\State.py", line 213, in exit
    apply(self.__exitFunc, argList)
  File "toontown\coghq\DistributedStageBattle.py", line 46, in exitStageReward
    self.movie.resetReward(finish=1)
  File "toontown\battle\Movie.py", line 222, in resetReward
    self.stop()
  File "toontown\battle\Movie.py", line 366, in stop
    self.track.finish()
  File "C:\Panda3D-1.10.0\direct\interval\MetaInterval.py", line 391, in finish
    self.privPostEvent()
  File "C:\Panda3D-1.10.0\direct\interval\MetaInterval.py", line 519, in privPostEvent
    self.__doPythonCallbacks()
  File "C:\Panda3D-1.10.0\direct\interval\MetaInterval.py", line 495, in __doPythonCallbacks
    ival.privDoEvent(t, eventType)
  File "C:\Panda3D-1.10.0\direct\interval\Interval.py", line 206, in privDoEvent
    self.privInstant()
  File "C:\Panda3D-1.10.0\direct\interval\FunctionInterval.py", line 88, in privInstant
    self.function(*self.extraArgs, **self.kw)
  File "toontown\coghq\DistributedStageBattle.py", line 42, in __handleStageRewardDone
    self.fsm.request('Resume')
  File "C:\Panda3D-1.10.0\direct\fsm\ClassicFSM.py", line 246, in request
    assert not self.__internalStateInFlux
AssertionError
Traceback (most recent call last):
  File "otp\otpbase\OTPBase.py", line 34, in run
    taskMgr.run()
  File "C:\Panda3D-1.10.0\direct\task\Task.py", line 508, in run
    self.step()
  File "C:\Panda3D-1.10.0\direct\task\Task.py", line 465, in step
    self.mgr.poll()
  File "C:\Panda3D-1.10.0\direct\showbase\EventManager.py", line 52, in eventLoopTask
    self.doEvents()
  File "C:\Panda3D-1.10.0\direct\showbase\EventManager.py", line 46, in doEvents
    processFunc(self.eventQueue.dequeueEvent())
  File "C:\Panda3D-1.10.0\direct\showbase\EventManager.py", line 103, in processEvent
    messenger.send(eventName, paramList)
  File "C:\Panda3D-1.10.0\direct\showbase\Messenger.py", line 326, in send
    self.__dispatch(acceptorDict, event, sentArgs, foundWatch)
  File "C:\Panda3D-1.10.0\direct\showbase\Messenger.py", line 411, in __dispatch
    method (*(extraArgs + sentArgs))
  File "C:\Panda3D-1.10.0\direct\showbase\ShowBase.py", line 2665, in windowEvent
    self.userExit()
  File "toontown\toonbase\ToonBase.py", line 400, in userExit
    self.cr.dumpAllSubShardObjects()
  File "toontown\distributed\ToontownClientRepository.py", line 556, in dumpAllSubShardObjects
    self.deleteObject(doId)
  File "toontown\distributed\ToontownClientRepository.py", line 906, in deleteObject
    obj.deleteOrDelay()
  File "C:\Panda3D-1.10.0\direct\distributed\DistributedObject.py", line 199, in deleteOrDelay
    self.disableAnnounceAndDelete()
  File "C:\Panda3D-1.10.0\direct\distributed\DistributedObject.py", line 202, in disableAnnounceAndDelete
    self.disableAndAnnounce()
  File "C:\Panda3D-1.10.0\direct\distributed\DistributedObject.py", line 228, in disableAndAnnounce
    self.disable()
  File "toontown\coghq\DistributedLevelBattle.py", line 65, in disable
    DistributedBattle.DistributedBattle.disable(self)
  File "toontown\battle\DistributedBattle.py", line 34, in disable
    DistributedBattleBase.DistributedBattleBase.disable(self)
  File "toontown\battle\DistributedBattleBase.py", line 133, in disable
    self.cleanupBattle()
  File "toontown\battle\DistributedBattleBase.py", line 145, in cleanupBattle
    self.fsm.requestFinalState()
  File "C:\Panda3D-1.10.0\direct\fsm\ClassicFSM.py", line 151, in requestFinalState
    self.request(self.getFinalState().getName())
  File "C:\Panda3D-1.10.0\direct\fsm\ClassicFSM.py", line 302, in request
    exitArgList)
  File "C:\Panda3D-1.10.0\direct\fsm\ClassicFSM.py", line 230, in __transition
    self.__exitCurrent(exitArgList)
  File "C:\Panda3D-1.10.0\direct\fsm\ClassicFSM.py", line 188, in __exitCurrent
    self.__currentState.exit(argList)
  File "C:\Panda3D-1.10.0\direct\fsm\State.py", line 213, in exit
    apply(self.__exitFunc, argList)
  File "toontown\coghq\DistributedStageBattle.py", line 46, in exitStageReward
    self.movie.resetReward(finish=1)
  File "toontown\battle\Movie.py", line 222, in resetReward
    self.stop()
  File "toontown\battle\Movie.py", line 366, in stop
    self.track.finish()
  File "C:\Panda3D-1.10.0\direct\interval\MetaInterval.py", line 391, in finish
    self.privPostEvent()
  File "C:\Panda3D-1.10.0\direct\interval\MetaInterval.py", line 519, in privPostEvent
    self.__doPythonCallbacks()
  File "C:\Panda3D-1.10.0\direct\interval\MetaInterval.py", line 495, in __doPythonCallbacks
    ival.privDoEvent(t, eventType)
  File "C:\Panda3D-1.10.0\direct\interval\Interval.py", line 206, in privDoEvent
    self.privInstant()
  File "C:\Panda3D-1.10.0\direct\interval\FunctionInterval.py", line 88, in privInstant
    self.function(*self.extraArgs, **self.kw)
  File "toontown\coghq\DistributedStageBattle.py", line 42, in __handleStageRewardDone
    self.fsm.request('Resume')
  File "C:\Panda3D-1.10.0\direct\fsm\ClassicFSM.py", line 246, in request
    assert not self.__internalStateInFlux
AssertionError
