TTLocalizer: Running in language: English
OTPLocalizer: Running in language: English
Preloading suits...
Preloading Toon heads...
Preloading avatars...
{401000001: <toontown.distributed.ToontownDistrict.ToontownDistrict instance at 0x17B23B20>}
__handleAvatarChooserDone: 100000070, 'Master Cool Cat', ('csl', 'ms', 's', 'm', (0.3, 0.3, 0.35, 1.0), (1.0, 1.0, 1.0, 1.0), (0.3, 0.3, 0.35, 1.0), (0.3, 0.3, 0.35, 1.0), 111, 27, 98, 27, 41, 27), 3
entered wait for zone redirect
entered wait for set zone response - 2
Reading DNA file... phase_4/dna/storage.pdna
Reading DNA file... phase_3.5/dna/storage_interior.pdna
entered wait for zone redirect
entered wait for set zone response - 2
entered wait for zone redirect
entered wait for set zone response - 2
--not hard enough: -0.0853269174695
hit! 0.634613752365
hit! 0.999098002911
hit! 0.729473233223
hit! 0.947819232941
hit! 0.975921213627
hit! 0.971912801266
hit! 0.448664486408
hit! 0.945311307907
hit! 0.984001815319
hit! 0.312228024006
hit! 0.871568799019
hit! 0.935870110989
hit! 0.923521220684
hit! 0.753342866898
hit! 0.824939072132
hit! 0.480416238308
hit! 0.949134469032
hit! 0.523253083229
hit! 0.928151071072
hit! 0.856245756149
hit! 0.994367837906
--not hard enough: -0.0232401229441
hit! 0.628989934921
hit! 0.454947084188
hit! 0.576348602772
--not hard enough: -0.813216984272
hit! 0.55059415102
hit! 0.876579046249
hit! 0.875038206577
hit! 0.759076952934
hit! 0.989232540131
hit! 0.952026188374
hit! 0.742680847645
hit! 0.885637700558
hit! 0.9188195467
hit! 0.980320155621
hit! 0.998967587948
--not hard enough: 0.445733964443
hit! 0.955812811852
hit! 0.893184483051
hit! 0.381122499704
hit! 0.718088209629
hit! 0.992271721363
hit! 0.966271340847
hit! 0.895059287548
hit! 0.988505661488
hit! 0.69833278656
hit! 0.674424290657
hit! 0.919919669628
hit! 0.99718528986
--not hard enough: -0.371984601021
hit! 0.820553123951
hit! 0.585177183151
--not hard enough: -0.0186752192676
hit! 0.611733615398
hit! 0.705586314201
hit! 0.999000549316
hit! 0.411855012178
hit! 0.860601723194
hit! 0.972525775433
hit! 0.91090285778
hit! 0.975339949131
hit! 0.693553566933
hit! 0.989812612534
--not hard enough: 0.207507953048
hit! 0.873329520226
hit! 0.954061686993
hit! 0.898459076881
hit! 0.706392884254
hit! 0.962286949158
hit! 0.978880822659
hit! 0.9478520751
hit! 0.993395328522
hit! 0.991401851177
hit! 0.986266732216
--not hard enough: -0.0282971337438
--not hard enough: 0.0546406283975
hit! 0.799285531044
hit! 0.456603288651
hit! 0.630357146263
hit! 0.988660037518
hit! 0.708657920361
hit! 0.317370057106
hit! 0.991948485374
hit! 0.986921191216
--not hard enough: -0.411068975925
hit! 0.996080815792
hit! 0.581834971905
hit! 0.884864509106
hit! 0.954669117928
hit! 0.421230316162
hit! 0.424113929272
hit! 0.962630271912
hit! 0.994422197342
hit! 0.734321713448
--not hard enough: -0.108667358756
hit! 0.516349613667
hit! 0.947561740875
hit! 0.527676522732
--not hard enough: -0.29043674469
hit! 0.359471023083
hit! 0.918839752674
hit! 0.919933140278
hit! 0.681542694569
hit! 0.903516829014
hit! 0.658335208893
hit! 0.875800251961
--not hard enough: -0.0237624160945
hit! 0.986364305019
hit! 0.880115568638
hit! 0.95732063055
hit! 0.99509447813
hit! 0.40434423089
hit! 0.905498564243
--not hard enough: 0.190390959382
hit! 0.704124510288
hit! 0.927677989006
hit! 0.557127058506
hit! 0.583448708057
hit! 0.967401623726
hit! 0.880085647106
hit! 0.990246891975
hit! 0.999410271645
hit! 0.989770293236
hit! 0.590772509575
hit! 0.999827027321
--not hard enough: 0.125686392188
--not hard enough: 0.0107619576156
hit! 0.396212697029
hit! 0.735773921013
--not hard enough: -0.329772114754
hit! 0.654387295246
hit! 0.447429955006
--not hard enough: -0.339199006557
hit! 0.817889392376
hit! 0.9732670784
hit! 0.860191822052
hit! 0.982443809509
hit! 0.963104844093
hit! 0.97476130724
hit! 0.997471988201
hit! 0.970584988594
hit! 0.982901215553
entered wait for zone redirect
entered wait for set zone response - 2
Reading DNA file... phase_4/dna/storage.pdna
Reading DNA file... phase_3.5/dna/storage_interior.pdna
Reading DNA file... phase_8/dna/storage_DL.pdna
Reading DNA file... phase_8/dna/storage_DL_sz.pdna
Reading DNA file... phase_8/dna/donalds_dreamland_sz.pdna
