TTLocalizer: Running in language: English
OTPLocalizer: Running in language: English
Preloading suits...
Preloading Toon heads...
Preloading avatars...
{401000001: <toontown.distributed.ToontownDistrict.ToontownDistrict instance at 0x198856C0>, 403000001: <toontown.distributed.ToontownDistrict.ToontownDistrict instance at 0x19885580>, 402000001: <toontown.distributed.ToontownDistrict.ToontownDistrict instance at 0x19885620>}
__handleAvatarChooserDone: 100000070, 'Master Cool Cat', ('csl', 'ms', 'm', 'm', (0.3, 0.3, 0.35, 1.0), (0.28, 0.32, 0.72, 1.0), (0.3, 0.3, 0.35, 1.0), (0.3, 0.3, 0.35, 1.0), 111, 27, 98, 27, 41, 27), 3
entered wait for zone redirect
entered wait for set zone response - 2
Reading DNA file... phase_4/dna/storage.pdna
Reading DNA file... phase_3.5/dna/storage_interior.pdna
Reading DNA file... phase_8/dna/storage_DG.pdna
Reading DNA file... phase_8/dna/storage_DG_sz.pdna
Reading DNA file... phase_8/dna/daisys_garden_sz.pdna
entered wait for zone redirect
entered wait for set zone response - 2
Reading DNA file... phase_4/dna/storage.pdna
Reading DNA file... phase_3.5/dna/storage_interior.pdna
entered wait for zone redirect
entered wait for set zone response - 2
entered wait for zone redirect
entered wait for set zone response - 2
spec = {'parentEntId': 10014, 'pos': LPoint3f(0, 0, 0)}
h = None
### newVec3 =  LVector3f(-2, 6.3, 1.5)
### newVec3 =  LVector3f(-2, 6.3, 0)
### newVec3 =  LVector3f(-2, 6.3, 0.375)
### newVec3 =  LVector3f(-2, 6.3, 0)
spec = {'parentEntId': 10037, 'pos': LPoint3f(0, 0, 0)}
h = None
spec = {'parentEntId': 10661, 'pos': LPoint3f(0, 0, 0)}
h = None
### newVec3 =  LVector3f(-2, 11.3, 1.5)
### newVec3 =  LVector3f(-2, 11.3, 0)
### newVec3 =  LVector3f(-2, 11.3, 0.375)
### newVec3 =  LVector3f(-2, 11.3, 0)
### newVec3 =  LVector3f(-2, 11.3, 1.5)
### newVec3 =  LVector3f(-2, 11.3, 0)
### newVec3 =  LVector3f(-2, 11.3, 0.375)
### newVec3 =  LVector3f(-2, 11.3, 0)
### newVec3 =  LVector3f(-2, 11.3, 1.5)
### newVec3 =  LVector3f(-2, 11.3, 0)
### newVec3 =  LVector3f(-2, 11.3, 0.375)
### newVec3 =  LVector3f(-2, 11.3, 0)
### newVec3 =  LVector3f(-2, 11.3, 1.5)
### newVec3 =  LVector3f(-2, 11.3, 0)
### newVec3 =  LVector3f(-2, 11.3, 0.375)
### newVec3 =  LVector3f(-2, 11.3, 0)
### newVec3 =  LVector3f(0, 11, 1.5)
### newVec3 =  LVector3f(0, 11, 0)
### newVec3 =  LVector3f(0, 11, 0.375)
### newVec3 =  LVector3f(0, 11, 0)
### newVec3 =  LVector3f(0, 6, 1.5)
### newVec3 =  LVector3f(0, 6, 0)
### newVec3 =  LVector3f(0, 6, 0.375)
### newVec3 =  LVector3f(0, 6, 0)
spec = {'parentEntId': 20058, 'pos': LPoint3f(0, 0, 0)}
h = None
### newVec3 =  LVector3f(-1.99997, 6.3, 1.5)
### newVec3 =  LVector3f(-1.99997, 6.3, 0)
### newVec3 =  LVector3f(-1.99997, 6.3, 0.375)
### newVec3 =  LVector3f(-1.99997, 6.3, 0)
entered wait for zone redirect
entered wait for set zone response - 2
entered wait for zone redirect
entered wait for set zone response - 2
entered wait for zone redirect
entered wait for set zone response - 2
### newVec3 =  LVector3f(-2, 11.3, 1.5)
### newVec3 =  LVector3f(-2, 11.3, 0)
### newVec3 =  LVector3f(-2, 11.3, 0.375)
### newVec3 =  LVector3f(-2, 11.3, 0)
### newVec3 =  LVector3f(-2, 11.3, 1.5)
### newVec3 =  LVector3f(-2, 11.3, 0)
### newVec3 =  LVector3f(-2, 11.3, 0.375)
### newVec3 =  LVector3f(-2, 11.3, 0)
### newVec3 =  LVector3f(0, 5, 1.5)
### newVec3 =  LVector3f(0, 5, 0)
### newVec3 =  LVector3f(0, 5, 0.375)
### newVec3 =  LVector3f(0, 5, 0)
entered wait for zone redirect
entered wait for set zone response - 2
Reading DNA file... phase_4/dna/storage.pdna
Reading DNA file... phase_3.5/dna/storage_interior.pdna
Reading DNA file... phase_8/dna/storage_DG.pdna
Reading DNA file... phase_8/dna/storage_DG_sz.pdna
Reading DNA file... phase_8/dna/daisys_garden_sz.pdna
entered wait for zone redirect
entered wait for set zone response - 2
Reading DNA file... phase_4/dna/storage.pdna
Reading DNA file... phase_3.5/dna/storage_interior.pdna
Reading DNA file... phase_8/dna/storage_DG.pdna
Reading DNA file... phase_8/dna/storage_DG_sz.pdna
Reading DNA file... phase_8/dna/daisys_garden_sz.pdna
entered wait for zone redirect
entered wait for set zone response - 2
Reading DNA file... phase_4/dna/storage.pdna
Reading DNA file... phase_3.5/dna/storage_interior.pdna
entered wait for zone redirect
entered wait for set zone response - 2
Reading DNA file... phase_4/dna/storage.pdna
Reading DNA file... phase_3.5/dna/storage_interior.pdna
entered wait for zone redirect
entered wait for set zone response - 2
entered wait for zone redirect
entered wait for set zone response - 2
entered wait for zone redirect
entered wait for set zone response - 2
Reading DNA file... phase_4/dna/storage.pdna
Reading DNA file... phase_3.5/dna/storage_interior.pdna
entered wait for zone redirect
entered wait for set zone response - 2
Reading DNA file... phase_4/dna/storage.pdna
Reading DNA file... phase_3.5/dna/storage_interior.pdna
entered wait for zone redirect
entered wait for set zone response - 2
entered wait for zone redirect
entered wait for set zone response - 2
chooseFireOpenShot <function avatarCloseUpThreeQuarterRightShot at 0x15407170>
chooseFireOpenShot <function suitGroupThreeQuarterLeftBehindShot at 0x15407030>
Warning: NodePath.remove() is deprecated.  Use remove_node() instead.
chooseFireOpenShot <function avatarCloseUpThrowShot at 0x15407130>
chooseFireOpenShot <function suitGroupThreeQuarterLeftBehindShot at 0x15407030>
Warning: NodePath.remove() is deprecated.  Use remove_node() instead.
