TTLocalizer: Running in language: English
OTPLocalizer: Running in language: English
Preloading suits...
Preloading Toon heads...
Preloading avatars...
{401000001: <toontown.distributed.ToontownDistrict.ToontownDistrict instance at 0x176D9B20>}
__handleAvatarChooserDone: 100000070, 'Master Cool Cat', ('csl', 'ms', 's', 'm', (0.3, 0.3, 0.35, 1.0), (1.0, 1.0, 1.0, 1.0), (0.3, 0.3, 0.35, 1.0), (0.3, 0.3, 0.35, 1.0), 111, 27, 98, 27, 41, 27), 3
entered wait for zone redirect
entered wait for set zone response - 2
Reading DNA file... phase_4/dna/storage.pdna
Reading DNA file... phase_3.5/dna/storage_interior.pdna
entered wait for zone redirect
entered wait for set zone response - 2
entered wait for zone redirect
entered wait for set zone response - 2
hit! 0.600409030914
hit! 0.628282785416
hit! 0.985400080681
hit! 0.620178937912
hit! 0.975930869579
hit! 0.834129154682
hit! 0.874057173729
hit! 0.949692428112
--not hard enough: 0.0699102431536
hit! 0.897981762886
hit! 0.76160722971
hit! 0.491445362568
--not hard enough: -0.0451032184064
--not hard enough: 0.0563230402768
hit! 0.779623448849
hit! 0.569215536118
hit! 0.838057160378
hit! 0.394050329924
hit! 0.748413443565
hit! 0.994332909584
hit! 0.620469808578
hit! 0.544645607471
hit! 0.569702625275
hit! 0.502866327763
hit! 0.645723521709
hit! 0.509284257889
--not hard enough: -0.0238121561706
hit! 0.738674879074
hit! 0.744958043098
--not hard enough: -0.0549048297107
