TTLocalizer: Running in language: English
OTPLocalizer: Running in language: English
Preloading suits...
Preloading Toon heads...
Preloading avatars...
{401000001: <toontown.distributed.ToontownDistrict.ToontownDistrict instance at 0x1D0B8698>}
__handleAvatarChooserDone: 100000070, 'Master Cool Cat', ('csl', 'ms', 'm', 'm', (0.3, 0.3, 0.35, 1.0), (0.54, 0.28, 0.75, 1.0), (0.3, 0.3, 0.35, 1.0), (0.3, 0.3, 0.35, 1.0), 111, 27, 98, 27, 41, 27), 3
entered wait for zone redirect
entered wait for set zone response - 2
Reading DNA file... phase_4/dna/storage.pdna
Reading DNA file... phase_3.5/dna/storage_interior.pdna
Reading DNA file... phase_8/dna/storage_DG.pdna
Reading DNA file... phase_8/dna/storage_DG_sz.pdna
Reading DNA file... phase_8/dna/daisys_garden_sz.pdna
entered wait for zone redirect
entered wait for set zone response - 2
Reading DNA file... phase_5/dna/storage_town.pdna
Reading DNA file... phase_8/dna/storage_DG_town.pdna
Reading DNA file... phase_8/dna/daisys_garden_5200.pdna
entered wait for zone redirect
entered wait for set zone response - 2
Exception occurred while processing Func-__handleBuildingRewardDone-1957 of movie-reward-track-with-cam-401004718:
movie-reward-track-with-cam-401004718:
  0.000 movie-reward-track-with-cam-401004718 {
  0.000   movie-reward-track-401004718 {
  0.000     Sequence-1424 {
  0.000       Parallel-1432 {
  0.000         Sequence-1426 {
  0.000           *Func-show-1648
  0.000           *Func-setOnscreenChatForced-1649
  0.000           *Func-_setupSkipListen-1650
  0.000           *Func-_teardownSkipListen-1949
  0.000           *Func-_setupSkipListen-1950
  0.000           Sequence-1429 {
  0.000             *Func-initGagFrame-1651
  0.000             Wait dur 1
  1.000             *Func-showTrackIncLabel-1652
  1.000             *Func-resetBarColor-1653
  1.000             Wait dur 0.1
  1.100             *Func-showTrackIncLabel-1654
  1.100             *Func-incrementExp-1655
  1.100             Wait dur 0.1
  1.200             *Func-incrementExp-1656
  1.200             Wait dur 0.1
  1.300             *Func-incrementExp-1657
  1.300             Wait dur 0.1
  1.400             *Func-incrementExp-1658
  1.400             Wait dur 0.1
  1.500             *Func-incrementExp-1659
  1.500             Wait dur 0.1
  1.600             *Func-incrementExp-1660
  1.600             Wait dur 0.1
  1.700             *Func-incrementExp-1661
  1.700             Wait dur 0.1
  1.800             *Func-incrementExp-1662
  1.800             Wait dur 0.1
  1.900             *Func-incrementExp-1663
  1.900             Wait dur 0.1
  2.000             *Func-incrementExp-1664
  2.000             Wait dur 0.1
  2.100             *Func-incrementExp-1665
  2.100             Wait dur 0.1
  2.200             *Func-incrementExp-1666
  2.200             Wait dur 0.1
  2.300             *Func-incrementExp-1667
  2.300             Wait dur 0.1
  2.400             *Func-incrementExp-1668
  2.400             Wait dur 0.1
  2.500             *Func-incrementExp-1669
  2.500             Wait dur 0.1
  2.600             *Func-incrementExp-1670
  2.600             Wait dur 0.1
  2.700             *Func-incrementExp-1671
  2.700             Wait dur 0.1
  2.800             *Func-incrementExp-1672
  2.800             Wait dur 0.1
  2.900             *Func-incrementExp-1673
  2.900             Wait dur 0.1
  3.000             *Func-incrementExp-1674
  3.000             Wait dur 0.1
  3.100             *Func-incrementExp-1675
  3.100             Wait dur 0.1
  3.200             *Func-incrementExp-1676
  3.200             Wait dur 0.1
  3.300             *Func-incrementExp-1677
  3.300             Wait dur 0.1
  3.400             *Func-incrementExp-1678
  3.400             Wait dur 0.1
  3.500             *Func-incrementExp-1679
  3.500             Wait dur 0.1
  3.600             *Func-incrementExp-1680
  3.600             Wait dur 0.1
  3.700             *Func-incrementExp-1681
  3.700             Wait dur 0.1
  3.800             *Func-incrementExp-1682
  3.800             Wait dur 0.1
  3.900             *Func-incrementExp-1683
  3.900             Wait dur 0.1
  4.000             *Func-incrementExp-1684
  4.000             Wait dur 0.1
  4.100             *Func-incrementExp-1685
  4.100             Wait dur 0.1
  4.200             *Func-incrementExp-1686
  4.200             Wait dur 0.1
  4.300             *Func-incrementExp-1687
  4.300             Wait dur 0.1
  4.400             *Func-incrementExp-1688
  4.400             Wait dur 0.1
  4.500             *Func-incrementExp-1689
  4.500             Wait dur 0.1
  4.600             *Func-incrementExp-1690
  4.600             Wait dur 0.1
  4.700             *Func-incrementExp-1691
  4.700             Wait dur 0.1
  4.800             *Func-incrementExp-1692
  4.800             Wait dur 0.1
  4.900             *Func-incrementExp-1693
  4.900             Wait dur 0.1
  5.000             *Func-incrementExp-1694
  5.000             Wait dur 0.1
  5.100             *Func-incrementExp-1695
  5.100             Wait dur 0.1
  5.200             *Func-incrementExp-1696
  5.200             Wait dur 0.1
  5.300             *Func-incrementExp-1697
  5.300             Wait dur 0.1
  5.400             *Func-incrementExp-1698
  5.400             Wait dur 0.1
  5.500             *Func-incrementExp-1699
  5.500             Wait dur 0.1
  5.600             *Func-incrementExp-1700
  5.600             Wait dur 0.1
  5.700             *Func-incrementExp-1701
  5.700             Wait dur 0.1
  5.800             *Func-incrementExp-1702
  5.800             Wait dur 0.1
  5.900             *Func-incrementExp-1703
  5.900             Wait dur 0.1
  6.000             *Func-incrementExp-1704
  6.000             Wait dur 0.1
  6.100             *Func-incrementExp-1705
  6.100             Wait dur 0.1
  6.200             *Func-resetBarColor-1706
  6.200             Wait dur 0.1
  6.300             *Func-showTrackIncLabel-1707
  6.300             *Func-incrementExp-1708
  6.300             Wait dur 0.1
  6.400             *Func-incrementExp-1709
  6.400             Wait dur 0.1
  6.500             *Func-incrementExp-1710
  6.500             Wait dur 0.1
  6.600             *Func-incrementExp-1711
  6.600             Wait dur 0.1
  6.700             *Func-incrementExp-1712
  6.700             Wait dur 0.1
  6.800             *Func-incrementExp-1713
  6.800             Wait dur 0.1
  6.900             *Func-incrementExp-1714
  6.900             Wait dur 0.1
  7.000             *Func-incrementExp-1715
  7.000             Wait dur 0.1
  7.100             *Func-incrementExp-1716
  7.100             Wait dur 0.1
  7.200             *Func-incrementExp-1717
  7.200             Wait dur 0.1
  7.300             *Func-incrementExp-1718
  7.300             Wait dur 0.1
  7.400             *Func-incrementExp-1719
  7.400             Wait dur 0.1
  7.500             *Func-incrementExp-1720
  7.500             Wait dur 0.1
  7.600             *Func-incrementExp-1721
  7.600             Wait dur 0.1
  7.700             *Func-incrementExp-1722
  7.700             Wait dur 0.1
  7.800             *Func-incrementExp-1723
  7.800             Wait dur 0.1
  7.900             *Func-incrementExp-1724
  7.900             Wait dur 0.1
  8.000             *Func-incrementExp-1725
  8.000             Wait dur 0.1
  8.100             *Func-incrementExp-1726
  8.100             Wait dur 0.1
  8.200             *Func-incrementExp-1727
  8.200             Wait dur 0.1
  8.300             *Func-incrementExp-1728
  8.300             Wait dur 0.1
  8.400             *Func-incrementExp-1729
  8.400             Wait dur 0.1
  8.500             *Func-incrementExp-1730
  8.500             Wait dur 0.1
  8.600             *Func-incrementExp-1731
  8.600             Wait dur 0.1
  8.700             *Func-incrementExp-1732
  8.700             Wait dur 0.1
  8.800             *Func-incrementExp-1733
  8.800             Wait dur 0.1
  8.900             *Func-incrementExp-1734
  8.900             Wait dur 0.1
  9.000             *Func-incrementExp-1735
  9.000             Wait dur 0.1
  9.100             *Func-incrementExp-1736
  9.100             Wait dur 0.1
  9.200             *Func-incrementExp-1737
  9.200             Wait dur 0.1
  9.300             *Func-incrementExp-1738
  9.300             Wait dur 0.1
  9.400             *Func-incrementExp-1739
  9.400             Wait dur 0.1
  9.500             *Func-incrementExp-1740
  9.500             Wait dur 0.1
  9.600             *Func-incrementExp-1741
  9.600             Wait dur 0.1
  9.700             *Func-incrementExp-1742
  9.700             Wait dur 0.1
  9.800             *Func-incrementExp-1743
  9.800             Wait dur 0.1
  9.900             *Func-incrementExp-1744
  9.900             Wait dur 0.1
 10.000             *Func-incrementExp-1745
 10.000             Wait dur 0.1
 10.100             *Func-incrementExp-1746
 10.100             Wait dur 0.1
 10.200             *Func-incrementExp-1747
 10.200             Wait dur 0.1
 10.300             *Func-incrementExp-1748
 10.300             Wait dur 0.1
 10.400             *Func-incrementExp-1749
 10.400             Wait dur 0.1
 10.500             *Func-incrementExp-1750
 10.500             Wait dur 0.1
 10.600             *Func-incrementExp-1751
 10.600             Wait dur 0.1
 10.700             *Func-incrementExp-1752
 10.700             Wait dur 0.1
 10.800             *Func-incrementExp-1753
 10.800             Wait dur 0.1
 10.900             *Func-incrementExp-1754
 10.900             Wait dur 0.1
 11.000             *Func-incrementExp-1755
 11.000             Wait dur 0.1
 11.100             *Func-incrementExp-1756
 11.100             Wait dur 0.1
 11.200             *Func-resetBarColor-1757
 11.200             Wait dur 0.1
 11.300             *Func-showTrackIncLabel-1758
 11.300             *Func-incrementExp-1759
 11.300             Wait dur 0.1
 11.400             *Func-incrementExp-1760
 11.400             Wait dur 0.1
 11.500             *Func-incrementExp-1761
 11.500             Wait dur 0.1
 11.600             *Func-incrementExp-1762
 11.600             Wait dur 0.1
 11.700             *Func-incrementExp-1763
 11.700             Wait dur 0.1
 11.800             *Func-incrementExp-1764
 11.800             Wait dur 0.1
 11.900             *Func-incrementExp-1765
 11.900             Wait dur 0.1
 12.000             *Func-incrementExp-1766
 12.000             Wait dur 0.1
 12.100             *Func-incrementExp-1767
 12.100             Wait dur 0.1
 12.200             *Func-incrementExp-1768
 12.200             Wait dur 0.1
 12.300             *Func-incrementExp-1769
 12.300             Wait dur 0.1
 12.400             *Func-incrementExp-1770
 12.400             Wait dur 0.1
 12.500             *Func-incrementExp-1771
 12.500             Wait dur 0.1
 12.600             *Func-incrementExp-1772
 12.600             Wait dur 0.1
 12.700             *Func-incrementExp-1773
 12.700             Wait dur 0.1
 12.800             *Func-incrementExp-1774
 12.800             Wait dur 0.1
 12.900             *Func-incrementExp-1775
 12.900             Wait dur 0.1
 13.000             *Func-incrementExp-1776
 13.000             Wait dur 0.1
 13.100             *Func-incrementExp-1777
 13.100             Wait dur 0.1
 13.200             *Func-incrementExp-1778
 13.200             Wait dur 0.1
 13.300             *Func-incrementExp-1779
 13.300             Wait dur 0.1
 13.400             *Func-incrementExp-1780
 13.400             Wait dur 0.1
 13.500             *Func-incrementExp-1781
 13.500             Wait dur 0.1
 13.600             *Func-incrementExp-1782
 13.600             Wait dur 0.1
 13.700             *Func-incrementExp-1783
 13.700             Wait dur 0.1
 13.800             *Func-incrementExp-1784
 13.800             Wait dur 0.1
 13.900             *Func-incrementExp-1785
 13.900             Wait dur 0.1
 14.000             *Func-incrementExp-1786
 14.000             Wait dur 0.1
 14.100             *Func-incrementExp-1787
 14.100             Wait dur 0.1
 14.200             *Func-incrementExp-1788
 14.200             Wait dur 0.1
 14.300             *Func-incrementExp-1789
 14.300             Wait dur 0.1
 14.400             *Func-incrementExp-1790
 14.400             Wait dur 0.1
 14.500             *Func-incrementExp-1791
 14.500             Wait dur 0.1
 14.600             *Func-incrementExp-1792
 14.600             Wait dur 0.1
 14.700             *Func-incrementExp-1793
 14.700             Wait dur 0.1
 14.800             *Func-incrementExp-1794
 14.800             Wait dur 0.1
 14.900             *Func-incrementExp-1795
 14.900             Wait dur 0.1
 15.000             *Func-incrementExp-1796
 15.000             Wait dur 0.1
 15.100             *Func-incrementExp-1797
 15.100             Wait dur 0.1
 15.200             *Func-incrementExp-1798
 15.200             Wait dur 0.1
 15.300             *Func-incrementExp-1799
 15.300             Wait dur 0.1
 15.400             *Func-incrementExp-1800
 15.400             Wait dur 0.1
 15.500             *Func-incrementExp-1801
 15.500             Wait dur 0.1
 15.600             *Func-incrementExp-1802
 15.600             Wait dur 0.1
 15.700             *Func-incrementExp-1803
 15.700             Wait dur 0.1
 15.800             *Func-incrementExp-1804
 15.800             Wait dur 0.1
 15.900             *Func-incrementExp-1805
 15.900             Wait dur 0.1
 16.000             *Func-incrementExp-1806
 16.000             Wait dur 0.1
 16.100             *Func-incrementExp-1807
 16.100             Wait dur 0.1
 16.200             *Func-incrementExp-1808
 16.200             Wait dur 0.1
 16.300             *Func-resetBarColor-1809
 16.300             Wait dur 0.1
 16.400             *Func-showTrackIncLabel-1810
 16.400             *Func-incrementExp-1811
 16.400             Wait dur 0.1
 16.500             *Func-incrementExp-1812
 16.500             Wait dur 0.1
 16.600             *Func-incrementExp-1813
 16.600             Wait dur 0.1
 16.700             *Func-incrementExp-1814
 16.700             Wait dur 0.1
 16.800             *Func-incrementExp-1815
 16.800             Wait dur 0.1
 16.900             *Func-incrementExp-1816
 16.900             Wait dur 0.1
 17.000             *Func-incrementExp-1817
 17.000             Wait dur 0.1
 17.100             *Func-incrementExp-1818
 17.100             Wait dur 0.1
 17.200             *Func-incrementExp-1819
 17.200             Wait dur 0.1
 17.300             *Func-incrementExp-1820
 17.300             Wait dur 0.1
 17.400             *Func-incrementExp-1821
 17.400             Wait dur 0.1
 17.500             *Func-incrementExp-1822
 17.500             Wait dur 0.1
 17.600             *Func-incrementExp-1823
 17.600             Wait dur 0.1
 17.700             *Func-incrementExp-1824
 17.700             Wait dur 0.1
 17.800             *Func-incrementExp-1825
 17.800             Wait dur 0.1
 17.900             *Func-incrementExp-1826
 17.900             Wait dur 0.1
 18.000             *Func-incrementExp-1827
 18.000             Wait dur 0.1
 18.100             *Func-incrementExp-1828
 18.100             Wait dur 0.1
 18.200             *Func-incrementExp-1829
 18.200             Wait dur 0.1
 18.300             *Func-incrementExp-1830
 18.300             Wait dur 0.1
 18.400             *Func-incrementExp-1831
 18.400             Wait dur 0.1
 18.500             *Func-incrementExp-1832
 18.500             Wait dur 0.1
 18.600             *Func-incrementExp-1833
 18.600             Wait dur 0.1
 18.700             *Func-incrementExp-1834
 18.700             Wait dur 0.1
 18.800             *Func-incrementExp-1835
 18.800             Wait dur 0.1
 18.900             *Func-incrementExp-1836
 18.900             Wait dur 0.1
 19.000             *Func-incrementExp-1837
 19.000             Wait dur 0.1
 19.100             *Func-incrementExp-1838
 19.100             Wait dur 0.1
 19.200             *Func-incrementExp-1839
 19.200             Wait dur 0.1
 19.300             *Func-incrementExp-1840
 19.300             Wait dur 0.1
 19.400             *Func-incrementExp-1841
 19.400             Wait dur 0.1
 19.500             *Func-incrementExp-1842
 19.500             Wait dur 0.1
 19.600             *Func-incrementExp-1843
 19.600             Wait dur 0.1
 19.700             *Func-incrementExp-1844
 19.700             Wait dur 0.1
 19.800             *Func-incrementExp-1845
 19.800             Wait dur 0.1
 19.900             *Func-incrementExp-1846
 19.900             Wait dur 0.1
 20.000             *Func-incrementExp-1847
 20.000             Wait dur 0.1
 20.100             *Func-incrementExp-1848
 20.100             Wait dur 0.1
 20.200             *Func-incrementExp-1849
 20.200             Wait dur 0.1
 20.300             *Func-incrementExp-1850
 20.300             Wait dur 0.1
 20.400             *Func-incrementExp-1851
 20.400             Wait dur 0.1
 20.500             *Func-incrementExp-1852
 20.500             Wait dur 0.1
 20.600             *Func-incrementExp-1853
 20.600             Wait dur 0.1
 20.700             *Func-resetBarColor-1854
 20.700             Wait dur 0.1
 20.800             *Func-showTrackIncLabel-1855
 20.800             *Func-incrementExp-1856
 20.800             Wait dur 0.1
 20.900             *Func-incrementExp-1857
 20.900             Wait dur 0.1
 21.000             *Func-incrementExp-1858
 21.000             Wait dur 0.1
 21.100             *Func-incrementExp-1859
 21.100             Wait dur 0.1
 21.200             *Func-incrementExp-1860
 21.200             Wait dur 0.1
 21.300             *Func-incrementExp-1861
 21.300             Wait dur 0.1
 21.400             *Func-incrementExp-1862
 21.400             Wait dur 0.1
 21.500             *Func-incrementExp-1863
 21.500             Wait dur 0.1
 21.600             *Func-incrementExp-1864
 21.600             Wait dur 0.1
 21.700             *Func-incrementExp-1865
 21.700             Wait dur 0.1
 21.800             *Func-incrementExp-1866
 21.800             Wait dur 0.1
 21.900             *Func-incrementExp-1867
 21.900             Wait dur 0.1
 22.000             *Func-incrementExp-1868
 22.000             Wait dur 0.1
 22.100             *Func-incrementExp-1869
 22.100             Wait dur 0.1
 22.200             *Func-incrementExp-1870
 22.200             Wait dur 0.1
 22.300             *Func-incrementExp-1871
 22.300             Wait dur 0.1
 22.400             *Func-incrementExp-1872
 22.400             Wait dur 0.1
 22.500             *Func-incrementExp-1873
 22.500             Wait dur 0.1
 22.600             *Func-incrementExp-1874
 22.600             Wait dur 0.1
 22.700             *Func-incrementExp-1875
 22.700             Wait dur 0.1
 22.800             *Func-incrementExp-1876
 22.800             Wait dur 0.1
 22.900             *Func-incrementExp-1877
 22.900             Wait dur 0.1
 23.000             *Func-incrementExp-1878
 23.000             Wait dur 0.1
 23.100             *Func-incrementExp-1879
 23.100             Wait dur 0.1
 23.200             *Func-incrementExp-1880
 23.200             Wait dur 0.1
 23.300             *Func-incrementExp-1881
 23.300             Wait dur 0.1
 23.400             *Func-incrementExp-1882
 23.400             Wait dur 0.1
 23.500             *Func-incrementExp-1883
 23.500             Wait dur 0.1
 23.600             *Func-incrementExp-1884
 23.600             Wait dur 0.1
 23.700             *Func-incrementExp-1885
 23.700             Wait dur 0.1
 23.800             *Func-resetBarColor-1886
 23.800             Wait dur 0.1
 23.900             *Func-showTrackIncLabel-1887
 23.900             *Func-resetBarColor-1888
 23.900             Wait dur 0.1
 24.000             *Func-incrementMerits-1889
 24.000             Wait dur 0.08
 24.080             *Func-incrementMerits-1890
 24.080             Wait dur 0.08
 24.160             *Func-incrementMerits-1891
 24.160             Wait dur 0.08
 24.240             *Func-incrementMerits-1892
 24.240             Wait dur 0.08
 24.320             *Func-incrementMerits-1893
 24.320             Wait dur 0.08
 24.400             *Func-incrementMerits-1894
 24.400             Wait dur 0.08
 24.480             *Func-incrementMerits-1895
 24.480             Wait dur 0.08
 24.560             *Func-incrementMerits-1896
 24.560             Wait dur 0.08
 24.640             *Func-incrementMerits-1897
 24.640             Wait dur 0.08
 24.720             *Func-incrementMerits-1898
 24.720             Wait dur 0.08
 24.800             *Func-incrementMerits-1899
 24.800             Wait dur 0.08
 24.880             *Func-incrementMerits-1900
 24.880             Wait dur 0.08
 24.960             *Func-incrementMerits-1901
 24.960             Wait dur 0.08
 25.040             *Func-incrementMerits-1902
 25.040             Wait dur 0.08
 25.120             *Func-incrementMerits-1903
 25.120             Wait dur 0.08
 25.200             *Func-incrementMerits-1904
 25.200             Wait dur 0.08
 25.280             *Func-incrementMerits-1905
 25.280             Wait dur 0.08
 25.360             *Func-incrementMerits-1906
 25.360             Wait dur 0.08
 25.440             *Func-incrementMerits-1907
 25.440             Wait dur 0.08
 25.520             *Func-incrementMerits-1908
 25.520             Wait dur 0.08
 25.600             *Func-incrementMerits-1909
 25.600             Wait dur 0.08
 25.680             *Func-incrementMerits-1910
 25.680             Wait dur 0.08
 25.760             *Func-incrementMerits-1911
 25.760             Wait dur 0.08
 25.840             *Func-incrementMerits-1912
 25.840             Wait dur 0.08
 25.920             *Func-incrementMerits-1913
 25.920             Wait dur 0.08
 26.000             *Func-incrementMerits-1914
 26.000             Wait dur 0.08
 26.080             *Func-incrementMerits-1915
 26.080             Wait dur 0.08
 26.160             *Func-incrementMerits-1916
 26.160             Wait dur 0.08
 26.240             *Func-incrementMerits-1917
 26.240             Wait dur 0.08
 26.320             *Func-incrementMerits-1918
 26.320             Wait dur 0.08
 26.400             *Func-incrementMerits-1919
 26.400             Wait dur 0.08
 26.480             *Func-incrementMerits-1920
 26.480             Wait dur 0.08
 26.560             *Func-incrementMerits-1921
 26.560             Wait dur 0.08
 26.640             *Func-incrementMerits-1922
 26.640             Wait dur 0.08
 26.720             *Func-incrementMerits-1923
 26.720             Wait dur 0.08
 26.800             *Func-incrementMerits-1924
 26.800             Wait dur 0.08
 26.880             *Func-incrementMerits-1925
 26.880             Wait dur 0.08
 26.960             *Func-incrementMerits-1926
 26.960             Wait dur 0.08
 27.040             *Func-incrementMerits-1927
 27.040             Wait dur 0.08
 27.120             *Func-incrementMerits-1928
 27.120             Wait dur 0.08
 27.200             *Func-incrementMerits-1929
 27.200             Wait dur 0.08
 27.280             *Func-incrementMerits-1930
 27.280             Wait dur 0.08
 27.360             *Func-incrementMerits-1931
 27.360             Wait dur 0.08
 27.440             *Func-incrementMerits-1932
 27.440             Wait dur 0.08
 27.520             *Func-incrementMerits-1933
 27.520             Wait dur 0.08
 27.600             *Func-incrementMerits-1934
 27.600             Wait dur 0.08
 27.680             *Func-incrementMerits-1935
 27.680             Wait dur 0.08
 27.760             *Func-incrementMerits-1936
 27.760             Wait dur 0.08
 27.840             *Func-incrementMerits-1937
 27.840             Wait dur 0.08
 27.920             *Func-incrementMerits-1938
 27.920             Wait dur 0.08
 28.000             *Func-incrementMerits-1939
 28.000             Wait dur 0.08
 28.080             *Func-incrementMerits-1940
 28.080             Wait dur 0.08
 28.160             *Func-incrementMerits-1941
 28.160             Wait dur 0.08
 28.240             *Func-incrementMerits-1942
 28.240             Wait dur 0.08
 28.320             *Func-incrementMerits-1943
 28.320             Wait dur 0.08
 28.400             *Func-incrementMerits-1944
 28.400             Wait dur 0.08
 28.480             *Func-incrementMerits-1945
 28.480             Wait dur 0.08
 28.560             *Func-incrementMerits-1946
 28.560             Wait dur 0.08
 28.640             *Func-incrementMerits-1947
 28.640             Wait dur 0.08
 28.720             *Func-resetMeritBarColor-1948
 28.720             Wait dur 0.3
 29.020             Wait dur 1
 30.020             Wait dur 0.25
 30.270           }
 30.270           *Func-_teardownSkipListen-1953
 30.270           *Func-destroy-1954
 30.270           *Func-hide-1955
 30.270           *Func-setOnscreenChatForced-1956
 30.270           Sequence-1428 {
 30.270           }
 30.270         }
  0.000         *Sound-234 dur 30.27
 30.270       }
 30.270       *Func-__handleBuildingRewardDone-1957
 30.270     }
 30.270   }
  0.000   Sequence-1425 {
  0.000     Sequence-1427 {
  0.000       Sequence-1431 {
  0.000         *Func-chooseRewardShotNow-1952
  0.000         Wait dur 30.27
 30.270       }
 30.270     }
 30.270   }
 30.270 }

Traceback (most recent call last):
  File "C:\Panda3D-1.10.0\direct\showbase\Messenger.py", line 353, in __taskChainDispatch
    self.__dispatch(*eventTuple)
  File "C:\Panda3D-1.10.0\direct\showbase\Messenger.py", line 411, in __dispatch
    method (*(extraArgs + sentArgs))
  File "otp\distributed\OTPClientRepository.py", line 1103, in lostConnection
    self.loginFSM.request('noConnection')
  File "C:\Panda3D-1.10.0\direct\fsm\ClassicFSM.py", line 284, in request
    exitArgList)
  File "C:\Panda3D-1.10.0\direct\fsm\ClassicFSM.py", line 230, in __transition
    self.__exitCurrent(exitArgList)
  File "C:\Panda3D-1.10.0\direct\fsm\ClassicFSM.py", line 188, in __exitCurrent
    self.__currentState.exit(argList)
  File "C:\Panda3D-1.10.0\direct\fsm\State.py", line 209, in exit
    self.__exitChildren(argList)
  File "C:\Panda3D-1.10.0\direct\fsm\State.py", line 188, in __exitChildren
    fsm.request((fsm.getFinalState()).getName())
  File "C:\Panda3D-1.10.0\direct\fsm\ClassicFSM.py", line 284, in request
    exitArgList)
  File "C:\Panda3D-1.10.0\direct\fsm\ClassicFSM.py", line 231, in __transition
    self.__enter(aState, enterArgList)
  File "C:\Panda3D-1.10.0\direct\fsm\ClassicFSM.py", line 217, in __enter
    aState.enter(argList)
  File "C:\Panda3D-1.10.0\direct\fsm\State.py", line 202, in enter
    apply(self.__enterFunc, argList)
  File "toontown\distributed\ToontownClientRepository.py", line 437, in enterGameOff
    OTPClientRepository.OTPClientRepository.enterGameOff(self)
  File "otp\distributed\OTPClientRepository.py", line 804, in enterGameOff
    self._abandonShard()
  File "toontown\distributed\ToontownClientRepository.py", line 918, in _abandonShard
    self.deleteObject(doId)
  File "toontown\distributed\ToontownClientRepository.py", line 906, in deleteObject
    obj.deleteOrDelay()
  File "C:\Panda3D-1.10.0\direct\distributed\DistributedObject.py", line 199, in deleteOrDelay
    self.disableAnnounceAndDelete()
  File "C:\Panda3D-1.10.0\direct\distributed\DistributedObject.py", line 202, in disableAnnounceAndDelete
    self.disableAndAnnounce()
  File "C:\Panda3D-1.10.0\direct\distributed\DistributedObject.py", line 228, in disableAndAnnounce
    self.disable()
  File "toontown\battle\DistributedBattleBldg.py", line 52, in disable
    DistributedBattleBase.DistributedBattleBase.disable(self)
  File "toontown\battle\DistributedBattleBase.py", line 133, in disable
    self.cleanupBattle()
  File "toontown\battle\DistributedBattleBase.py", line 145, in cleanupBattle
    self.fsm.requestFinalState()
  File "C:\Panda3D-1.10.0\direct\fsm\ClassicFSM.py", line 151, in requestFinalState
    self.request(self.getFinalState().getName())
  File "C:\Panda3D-1.10.0\direct\fsm\ClassicFSM.py", line 302, in request
    exitArgList)
  File "C:\Panda3D-1.10.0\direct\fsm\ClassicFSM.py", line 230, in __transition
    self.__exitCurrent(exitArgList)
  File "C:\Panda3D-1.10.0\direct\fsm\ClassicFSM.py", line 188, in __exitCurrent
    self.__currentState.exit(argList)
  File "C:\Panda3D-1.10.0\direct\fsm\State.py", line 213, in exit
    apply(self.__exitFunc, argList)
  File "toontown\battle\DistributedBattleBldg.py", line 208, in exitBuildingReward
    self.movie.resetReward(finish=1)
  File "toontown\battle\Movie.py", line 222, in resetReward
    self.stop()
  File "toontown\battle\Movie.py", line 366, in stop
    self.track.finish()
  File "C:\Panda3D-1.10.0\direct\interval\MetaInterval.py", line 391, in finish
    self.privPostEvent()
  File "C:\Panda3D-1.10.0\direct\interval\MetaInterval.py", line 519, in privPostEvent
    self.__doPythonCallbacks()
  File "C:\Panda3D-1.10.0\direct\interval\MetaInterval.py", line 495, in __doPythonCallbacks
    ival.privDoEvent(t, eventType)
  File "C:\Panda3D-1.10.0\direct\interval\Interval.py", line 206, in privDoEvent
    self.privInstant()
  File "C:\Panda3D-1.10.0\direct\interval\FunctionInterval.py", line 88, in privInstant
    self.function(*self.extraArgs, **self.kw)
  File "toontown\battle\DistributedBattleBldg.py", line 205, in __handleBuildingRewardDone
    self.fsm.request('Resume')
  File "C:\Panda3D-1.10.0\direct\fsm\ClassicFSM.py", line 246, in request
    assert not self.__internalStateInFlux
AssertionError
