TTLocalizer: Running in language: English
OTPLocalizer: Running in language: English
Preloading suits...
Preloading Toon heads...
Preloading avatars...
{401000001: <toontown.distributed.ToontownDistrict.ToontownDistrict instance at 0x17146558>}
__handleAvatarChooserDone: 100000070, 'Master Cool Cat', ('csl', 'ms', 'm', 'm', (0.3, 0.3, 0.35, 1.0), (0.28, 0.32, 0.72, 1.0), (0.3, 0.3, 0.35, 1.0), (0.3, 0.3, 0.35, 1.0), 111, 27, 98, 27, 41, 27), 3
entered wait for zone redirect
entered wait for set zone response - 2
Reading DNA file... phase_4/dna/storage.pdna
Reading DNA file... phase_3.5/dna/storage_interior.pdna
entered wait for zone redirect
entered wait for set zone response - 2
entered wait for zone redirect
entered wait for set zone response - 2
entered wait for zone redirect
entered wait for set zone response - 2
Reading DNA file... phase_4/dna/storage.pdna
Reading DNA file... phase_3.5/dna/storage_interior.pdna
entered wait for zone redirect
entered wait for set zone response - 2
spec = {'parentEntId': 10005, 'pos': LPoint3f(0, 0, 0)}
h = None
spec = {'parentEntId': 10013, 'pos': LPoint3f(0, 0, 0)}
h = None
spec = {'parentEntId': 10040, 'pos': LPoint3f(0, 0, 0)}
h = None
spec = {'parentEntId': 10005, 'pos': LPoint3f(0, 0, 0)}
h = None
spec = {'parentEntId': 10002, 'pos': LPoint3f(0, 0, 0)}
h = None
spec = {'parentEntId': 10000, 'pos': LPoint3f(0, 0, 0)}
h = None
spec = {'parentEntId': 10002, 'pos': LPoint3f(0, 0, 0)}
h = None
spec = {'parentEntId': 10010, 'pos': LPoint3f(0, 0, 0)}
h = None
entered wait for zone redirect
entered wait for set zone response - 2
Reading DNA file... phase_4/dna/storage.pdna
Reading DNA file... phase_3.5/dna/storage_interior.pdna
entered wait for zone redirect
entered wait for set zone response - 2
entered wait for zone redirect
entered wait for set zone response - 2
Laser Field initCollisionGeom
Laser Field initCollisionGeom
CollisionEntry:
  from render/Master Cool Cat-100000070/camFloorRayNode/ccRay2Node
  into render/stage401005406/ZoneEntity-0/-PandaNode/LB_Zone03a_egg/Collsion/stageFloorColl0 []
  at 1 -8.95059 -0.0315192
  normal -0.000961985 0.000458579 0.999999
  respect_prev_transform = 0


CollisionEntry:
  from render/Master Cool Cat-100000070/camFloorRayNode/ccRay2Node
  into render/stage401005406/LB_connector_7cubeLR.egg/-PandaNode/LB_connector_7cubeLR_egg/collison/stageFloorColl1 []
  at 1 38.7026 0.192536
  normal 9.26614e-005 -0.421613 0.906776
  respect_prev_transform = 0


CollisionEntry:
  from render/Master Cool Cat-100000070/camFloorRayNode/ccRay2Node
  into render/stage401005406/LB_connector_7cubeLR.egg/-PandaNode/LB_connector_7cubeLR_egg/collison/stageFloorColl1 []
  at 1 43.0557 -0.0476561
  normal 0.000133877 0 1
  respect_prev_transform = 0


CollisionEntry:
  from render/Master Cool Cat-100000070/camFloorRayNode/ccRay2Node
  into render/stage401005406/LB_connector_7cubeLR.egg/-PandaNode/LB_connector_7cubeLR_egg/collison/stageFloorColl1 []
  at 1 51.4087 4.95148
  normal 6.5559e-005 0 1
  respect_prev_transform = 0


CollisionEntry:
  from render/Master Cool Cat-100000070/camFloorRayNode/ccRay2Node
  into render/stage401005406/ZoneEntity-0/-PandaNode/Z07_ALL/stageFloorColl2 []
  at 31.0868 111.114 4.9532
  normal 0 0 1
  respect_prev_transform = 0


CollisionEntry:
  from render/Master Cool Cat-100000070/camFloorRayNode/ccRay2Node
  into render/stage401005406/LB_connector_7cubeLR.egg/-PandaNode/LB_connector_7cubeLR_egg/collison/stageFloorColl3 []
  at -38.8222 184.066 12.6204
  normal 0 0.000133877 1
  respect_prev_transform = 0


CollisionEntry:
  from render/Master Cool Cat-100000070/camFloorRayNode/ccRay2Node
  into render/stage401005406/LB_connector_7cubeLR.egg/-PandaNode/LB_connector_7cubeLR_egg/collison/stageFloorColl3 []
  at -42.1157 182.525 13.3442
  normal 0.421613 9.26799e-005 0.906776
  respect_prev_transform = 0


CollisionEntry:
  from render/Master Cool Cat-100000070/camFloorRayNode/ccRay2Node
  into render/stage401005406/LB_connector_7cubeLR.egg/-PandaNode/LB_connector_7cubeLR_egg/collison/stageFloorColl3 []
  at -54.0383 175.495 17.6203
  normal 0 6.5559e-005 1
  respect_prev_transform = 0


CollisionEntry:
  from render/Master Cool Cat-100000070/camFloorRayNode/ccRay2Node
  into render/stage401005406/ZoneEntity-0/-PandaNode/LB_Zone04a_egg/Z04/collision_lobby/stageFloorColl4 []
  at -114.207 213.68 17.619
  normal 0 0 1
  respect_prev_transform = 0


spec = {'parentEntId': 100020, 'pos': LPoint3f(0, 0, 0)}
h = None
### newVec3 =  LVector3f(1.99998, 6.29997, 1.5)
### newVec3 =  LVector3f(1.99998, 6.29997, 0)
### newVec3 =  LVector3f(1.99998, 6.29997, 0.375)
### newVec3 =  LVector3f(1.99998, 6.29997, 0)
spec = {'parentEntId': 100022, 'pos': LPoint3f(0, 0, 0)}
h = None
### newVec3 =  LVector3f(2, 6.29999, 1.5)
### newVec3 =  LVector3f(2, 6.29999, 0)
### newVec3 =  LVector3f(2, 6.29999, 0.375)
### newVec3 =  LVector3f(2, 6.29999, 0)
CollisionEntry:
  from render/Master Cool Cat-100000070/camFloorRayNode/ccRay2Node
  into render/stage401005406/LB_connector_7cubeL2.egg/-PandaNode/LB_connector_7cubeL2_egg/collison/stageFloorColl5 []
  at -248.179 209.247 17.6277
  normal 0 -0.0012142 0.999999
  respect_prev_transform = 0


CollisionEntry:
  from render/Master Cool Cat-100000070/camFloorRayNode/ccRay2Node
  into render/stage401005406/LB_connector_7cubeL2.egg/-PandaNode/LB_connector_7cubeL2_egg/collison/stageFloorColl5 []
  at -251.946 209.674 18.4769
  normal 0.420737 -0.00110176 0.907182
  respect_prev_transform = 0


CollisionEntry:
  from render/Master Cool Cat-100000070/camFloorRayNode/ccRay2Node
  into render/stage401005406/LB_connector_7cubeL2.egg/-PandaNode/LB_connector_7cubeL2_egg/collison/stageFloorColl5 []
  at -255.704 210.1 17.6287
  normal 0 -0.0012142 0.999999
  respect_prev_transform = 0


CollisionEntry:
  from render/Master Cool Cat-100000070/camFloorRayNode/ccRay2Node
  into render/stage401005406/LB_connector_7cubeL2.egg/-PandaNode/LB_connector_7cubeL2_egg/collison/stageFloorColl5 []
  at -263.232 210.954 22.6189
  normal 0.000218784 -0.000597282 1
  respect_prev_transform = 0


CollisionEntry:
  from render/Master Cool Cat-100000070/camFloorRayNode/ccRay2Node
  into render/stage401005406/ZoneEntity-0/-PandaNode/Z07_ALL/stageFloorColl6 []
  at -323.742 179.294 22.6102
  normal 0 0 1
  respect_prev_transform = 0


spec = {'parentEntId': 10000, 'pos': LPoint3f(0, 0, 0)}
h = None
### newVec3 =  LVector3f(2.00002, 6.29996, 1.5)
### newVec3 =  LVector3f(2.00002, 6.29996, 0)
### newVec3 =  LVector3f(2.00002, 6.29996, 0.375)
### newVec3 =  LVector3f(2.00002, 6.29996, 0)
CollisionEntry:
  from render/Master Cool Cat-100000070/camFloorRayNode/ccRay2Node
  into render/stage401005406/LB_connector_7cubeL2.egg/-PandaNode/LB_connector_7cubeL2_egg/collison/stageFloorColl7 []
  at -393.836 110.877 30.2966
  normal 0.0012142 0 0.999999
  respect_prev_transform = 0


CollisionEntry:
  from render/Master Cool Cat-100000070/camFloorRayNode/ccRay2Node
  into render/stage401005406/LB_connector_7cubeL2.egg/-PandaNode/LB_connector_7cubeL2_egg/collison/stageFloorColl7 []
  at -389.754 96.3819 35.2841
  normal 0.000597282 0.000218785 1
  respect_prev_transform = 0


CollisionEntry:
  from render/Master Cool Cat-100000070/camFloorRayNode/ccRay2Node
  into render/stage401005406/ZoneEntity-0/-PandaNode/Z22a/room/collsion/stageFloorColl8 []
  at -362.504 35.6553 35.1561
  normal 0 0 1
  respect_prev_transform = 0


spec = {'parentEntId': 10000, 'pos': LPoint3f(0, 0, 0)}
h = None
Laser Field initCollisionGeom
Laser Field initCollisionGeom
CollisionEntry:
  from render/Master Cool Cat-100000070/camFloorRayNode/ccRay2Node
  into render/stage401005656/ZoneEntity-0/-PandaNode/LB_Zone03a_egg/Collsion/stageFloorColl0 []
  at -1 -9.9125 -0.0330021
  normal -0.000961985 0.000458579 0.999999
  respect_prev_transform = 0


CollisionEntry:
  from render/Master Cool Cat-100000070/camFloorRayNode/ccRay2Node
  into render/stage401005656/LB_connector_7cubeL2.egg/-PandaNode/LB_connector_7cubeL2_egg/collison/stageFloorColl1 []
  at -1 38.9599 0.363461
  normal -0.00110178 -0.420737 0.907182
  respect_prev_transform = 0


CollisionEntry:
  from render/Master Cool Cat-100000070/camFloorRayNode/ccRay2Node
  into render/stage401005656/LB_connector_7cubeL2.egg/-PandaNode/LB_connector_7cubeL2_egg/collison/stageFloorColl1 []
  at -1 43.5105 -0.031724
  normal -0.0012142 0 0.999999
  respect_prev_transform = 0


CollisionEntry:
  from render/Master Cool Cat-100000070/camFloorRayNode/ccRay2Node
  into render/stage401005656/LB_connector_7cubeL2.egg/-PandaNode/LB_connector_7cubeL2_egg/collison/stageFloorColl1 []
  at -0.232249 51.9765 4.96002
  normal -0.000597282 -0.000218784 1
  respect_prev_transform = 0


CollisionEntry:
  from render/Master Cool Cat-100000070/camFloorRayNode/ccRay2Node
  into render/stage401005656/ZoneEntity-0/-PandaNode/Z13_ALL/room/collsion/stageFloorColl2 []
  at -34.2676 110.935 4.95065
  normal 0 0 1
  respect_prev_transform = 0


spec = {'parentEntId': 100005, 'pos': LPoint3f(0, 0, 0)}
h = None
spec = {'parentEntId': 100004, 'pos': LPoint3f(0, 0, 0)}
h = None
CollisionEntry:
  from render/Master Cool Cat-100000070/camFloorRayNode/ccRay2Node
  into render/stage401005656/LB_connector_7cubeLR.egg/-PandaNode/LB_connector_7cubeLR_egg/collison/stageFloorColl3 []
  at -31.3838 380.501 4.95267
  normal 0.000133877 0 1
  respect_prev_transform = 0


CollisionEntry:
  from render/Master Cool Cat-100000070/camFloorRayNode/ccRay2Node
  into render/stage401005656/LB_connector_7cubeLR.egg/-PandaNode/LB_connector_7cubeLR_egg/collison/stageFloorColl3 []
  at -28.9787 384.547 5.85445
  normal 9.26614e-005 -0.421613 0.906776
  respect_prev_transform = 0


CollisionEntry:
  from render/Master Cool Cat-100000070/camFloorRayNode/ccRay2Node
  into render/stage401005656/LB_connector_7cubeLR.egg/-PandaNode/LB_connector_7cubeLR_egg/collison/stageFloorColl3 []
  at -27.2531 389.448 4.95212
  normal 0.000133877 0 1
  respect_prev_transform = 0


CollisionEntry:
  from render/Master Cool Cat-100000070/camFloorRayNode/ccRay2Node
  into render/stage401005656/LB_connector_7cubeLR.egg/-PandaNode/LB_connector_7cubeLR_egg/collison/stageFloorColl3 []
  at -26.2618 396.588 9.95131
  normal 6.5559e-005 0 1
  respect_prev_transform = 0


CollisionEntry:
  from render/Master Cool Cat-100000070/camFloorRayNode/ccRay2Node
  into render/stage401005656/ZoneEntity-0/-PandaNode/Z13_ALL/room/collsion/stageFloorColl4 []
  at 1.51723 457.155 9.95065
  normal 0 0 1
  respect_prev_transform = 0


CollisionEntry:
  from render/Master Cool Cat-100000070/NPW.cRayNode
  into render/stage401005656/ZoneEntity-0/-PandaNode/Z13_ALL/room/collsion/stageFloorColl4 []
  at -13.3536 667.312 9.95065
  normal 0 0 1
  respect_prev_transform = 1


CollisionEntry:
  from render/Master Cool Cat-100000070/NPW.cRayNode
  into render/stage401005656/LB_connector_7cubeLR.egg/-PandaNode/LB_connector_7cubeLR_egg/collison/stageFloorColl5 []
  at 0.324424 725.632 9.95236
  normal 0.000133877 0 1
  respect_prev_transform = 1


CollisionEntry:
  from render/Master Cool Cat-100000070/NPW.cRayNode
  into render/stage401005656/LB_connector_7cubeLR.egg/-PandaNode/LB_connector_7cubeLR_egg/collison/stageFloorColl5 []
  at 0.737343 730.622 11.5871
  normal 9.26614e-005 -0.421613 0.906776
  respect_prev_transform = 1


CollisionEntry:
  from render/Master Cool Cat-100000070/camFloorRayNode/ccRay2Node
  into render/stage401005656/LB_connector_7cubeLR.egg/-PandaNode/LB_connector_7cubeLR_egg/collison/stageFloorColl5 []
  at 0.426381 726.864 9.95229
  normal 0.000133877 0 1
  respect_prev_transform = 0


CollisionEntry:
  from render/Master Cool Cat-100000070/NPW.cRayNode
  into render/stage401005656/LB_connector_7cubeLR.egg/-PandaNode/LB_connector_7cubeLR_egg/collison/stageFloorColl5 []
  at 2.27979 749.261 14.9514
  normal 6.5559e-005 0 1
  respect_prev_transform = 1


CollisionEntry:
  from render/Master Cool Cat-100000070/camFloorRayNode/ccRay2Node
  into render/stage401005656/LB_connector_7cubeLR.egg/-PandaNode/LB_connector_7cubeLR_egg/collison/stageFloorColl5 []
  at -0.856826 740.919 14.9515
  normal 6.5559e-005 0 1
  respect_prev_transform = 0


CollisionEntry:
  from render/Master Cool Cat-100000070/NPW.cRayNode
  into render/stage401005656/LB_connector_7cubeLR.egg/-PandaNode/LB_connector_7cubeLR_egg/collison/stageFloorColl5 []
  at 21.1326 777.899 14.9531
  normal -0.00029707 0 1
  respect_prev_transform = 1


CollisionEntry:
  from render/Master Cool Cat-100000070/camFloorRayNode/ccRay2Node
  into render/stage401005656/LB_connector_7cubeLR.egg/-PandaNode/LB_connector_7cubeLR_egg/collison/stageFloorColl5 []
  at 21.7894 777.676 14.9533
  normal -0.00029707 0 1
  respect_prev_transform = 0


CollisionEntry:
  from render/Master Cool Cat-100000070/NPW.cRayNode
  into render/stage401005656/ZoneEntity-0/-PandaNode/LB_Zone04a_egg/Z04/collision_lobby/stageFloorColl6 []
  at 35.6462 800.774 14.9506
  normal 0 0 1
  respect_prev_transform = 1


CollisionEntry:
  from render/Master Cool Cat-100000070/camFloorRayNode/ccRay2Node
  into render/stage401005656/ZoneEntity-0/-PandaNode/LB_Zone04a_egg/Z04/collision_lobby/stageFloorColl6 []
  at 35.7907 801.97 14.9506
  normal 0 0 1
  respect_prev_transform = 0


CollisionEntry:
  from render/Master Cool Cat-100000070/NPW.cRayNode
  into render/stage401005656/LB_connector_7cubeLR.egg/-PandaNode/LB_connector_7cubeLR_egg/collison/stageFloorColl7 []
  at 27.7611 934.724 14.9415
  normal 0.000133877 0 1
  respect_prev_transform = 1


CollisionEntry:
  from render/Master Cool Cat-100000070/NPW.cRayNode
  into render/stage401005656/LB_connector_7cubeLR.egg/-PandaNode/LB_connector_7cubeLR_egg/collison/stageFloorColl7 []
  at 27.2392 939.606 16.2738
  normal 9.26614e-005 -0.421613 0.906776
  respect_prev_transform = 1


CollisionEntry:
  from render/Master Cool Cat-100000070/camFloorRayNode/ccRay2Node
  into render/stage401005656/LB_connector_7cubeLR.egg/-PandaNode/LB_connector_7cubeLR_egg/collison/stageFloorColl7 []
  at 27.6287 936.05 14.9415
  normal 0.000133877 0 1
  respect_prev_transform = 0


CollisionEntry:
  from render/Master Cool Cat-100000070/camFloorRayNode/ccRay2Node
  into render/stage401005656/LB_connector_7cubeLR.egg/-PandaNode/LB_connector_7cubeLR_egg/collison/stageFloorColl7 []
  at 27.4524 937.691 15.3831
  normal 9.26614e-005 -0.421613 0.906776
  respect_prev_transform = 0


CollisionEntry:
  from render/Master Cool Cat-100000070/camFloorRayNode/ccRay2Node
  into render/stage401005656/LB_connector_7cubeLR.egg/-PandaNode/LB_connector_7cubeLR_egg/collison/stageFloorColl7 []
  at 27.1301 940.692 14.9416
  normal 0.000133877 0 1
  respect_prev_transform = 0


CollisionEntry:
  from render/Master Cool Cat-100000070/NPW.cRayNode
  into render/stage401005656/LB_connector_7cubeLR.egg/-PandaNode/LB_connector_7cubeLR_egg/collison/stageFloorColl7 []
  at 25.8381 952.712 19.9408
  normal 6.5559e-005 0 1
  respect_prev_transform = 1


CollisionEntry:
  from render/Master Cool Cat-100000070/camFloorRayNode/ccRay2Node
  into render/stage401005656/LB_connector_7cubeLR.egg/-PandaNode/LB_connector_7cubeLR_egg/collison/stageFloorColl7 []
  at 26.0873 950.381 19.9407
  normal 6.5559e-005 0 1
  respect_prev_transform = 0


CollisionEntry:
  from render/Master Cool Cat-100000070/NPW.cRayNode
  into render/stage401005656/ZoneEntity-0/-PandaNode/Z22a/room/collsion/stageFloorColl8 []
  at 20.6699 1020.16 19.8192
  normal 0 0 1
  respect_prev_transform = 1


CollisionEntry:
  from render/Master Cool Cat-100000070/camFloorRayNode/ccRay2Node
  into render/stage401005656/ZoneEntity-0/-PandaNode/Z22a/room/collsion/stageFloorColl8 []
  at 22.7204 1026.13 19.8193
  normal 0 0 1
  respect_prev_transform = 0


spec = {'parentEntId': 10000, 'pos': LPoint3f(0, 0, 0)}
h = None
../resources/phase_3/audio/sfx
../resources/phase_3.5/audio/sfx
../resources/phase_4/audio/sfx
../resources/phase_5/audio/sfx
/phase_3/audio/sfx
/phase_3.5/audio/sfx
/phase_4/audio/sfx
/phase_5/audio/sfx

CollisionEntry:
  from render/Master Cool Cat-100000070/camFloorRayNode/ccRay2Node
  into render/stage401005983/ZoneEntity-0/-PandaNode/LB_Zone03a_egg/Collsion/stageFloorColl0 []
  at -2 -6.9125 -0.0353398
  normal -0.000961985 0.000458579 0.999999
  respect_prev_transform = 0


CollisionEntry:
  from render/Master Cool Cat-100000070/camFloorRayNode/ccRay2Node
  into render/stage401005983/LB_connector_7cubeL2.egg/-PandaNode/LB_connector_7cubeL2_egg/collison/stageFloorColl1 []
  at 3.92943 38.4983 0.155353
  normal -0.00110178 -0.420737 0.907182
  respect_prev_transform = 0


CollisionEntry:
  from render/Master Cool Cat-100000070/camFloorRayNode/ccRay2Node
  into render/stage401005983/LB_connector_7cubeL2.egg/-PandaNode/LB_connector_7cubeL2_egg/collison/stageFloorColl1 []
  at 3.53653 42.7908 -0.0262156
  normal -0.0012142 0 0.999999
  respect_prev_transform = 0


CollisionEntry:
  from render/Master Cool Cat-100000070/camFloorRayNode/ccRay2Node
  into render/stage401005983/LB_connector_7cubeL2.egg/-PandaNode/LB_connector_7cubeL2_egg/collison/stageFloorColl1 []
  at 2.65406 52.432 4.96185
  normal -0.000597282 -0.000218784 1
  respect_prev_transform = 0


CollisionEntry:
  from render/Master Cool Cat-100000070/camFloorRayNode/ccRay2Node
  into render/stage401005983/ZoneEntity-0/-PandaNode/Z07_ALL/stageFloorColl2 []
  at -34.0933 110.875 4.95138
  normal 0 0 1
  respect_prev_transform = 0


CollisionEntry:
  from render/Master Cool Cat-100000070/NPW.cRayNode
  into render/stage401005983/ZoneEntity-0/-PandaNode/Z07_ALL/stageFloorColl2 []
  at -35.7499 161.776 4.955
  normal 0 0 1
  respect_prev_transform = 1


CollisionEntry:
  from render/Master Cool Cat-100000070/NPW.cRayNode
  into render/stage401005983/ZoneEntity-0/-PandaNode/Z07_ALL/stageFloorColl2 []
  at -82.925 181.334 12.9897
  normal 0 0 1
  respect_prev_transform = 1


CollisionEntry:
  from render/Master Cool Cat-100000070/camFloorRayNode/ccRay2Node
  into render/stage401005983/ZoneEntity-0/-PandaNode/Z07_ALL/stageFloorColl2 []
  at -82.8575 181.477 12.9917
  normal 0 0 1
  respect_prev_transform = 0


CollisionEntry:
  from render/Master Cool Cat-100000070/NPW.cRayNode
  into render/stage401005983/LB_connector_7cubeLR.egg/-PandaNode/LB_connector_7cubeLR_egg/collison/stageFloorColl3 []
  at -117.586 173.074 17.6205
  normal 0 6.5559e-005 1
  respect_prev_transform = 1


CollisionEntry:
  from render/Master Cool Cat-100000070/camFloorRayNode/ccRay2Node
  into render/stage401005983/LB_connector_7cubeLR.egg/-PandaNode/LB_connector_7cubeLR_egg/collison/stageFloorColl3 []
  at -116.85 172.833 17.6205
  normal 0 6.5559e-005 1
  respect_prev_transform = 0


CollisionEntry:
  from render/Master Cool Cat-100000070/NPW.cRayNode
  into render/stage401005983/LB_connector_7cubeLR.egg/-PandaNode/LB_connector_7cubeLR_egg/collison/stageFloorColl3 []
  at -156.507 202.772 17.6215
  normal 0 -0.00029707 1
  respect_prev_transform = 1


CollisionEntry:
  from render/Master Cool Cat-100000070/camFloorRayNode/ccRay2Node
  into render/stage401005983/LB_connector_7cubeLR.egg/-PandaNode/LB_connector_7cubeLR_egg/collison/stageFloorColl3 []
  at -156.815 203.438 17.6217
  normal 0 -0.00029707 1
  respect_prev_transform = 0


CollisionEntry:
  from render/Master Cool Cat-100000070/NPW.cRayNode
  into render/stage401005983/ZoneEntity-0/-PandaNode/Z13_ALL/room/collsion/stageFloorColl4 []
  at -174.463 213.76 17.619
  normal 0 0 1
  respect_prev_transform = 1


CollisionEntry:
  from render/Master Cool Cat-100000070/camFloorRayNode/ccRay2Node
  into render/stage401005983/ZoneEntity-0/-PandaNode/Z13_ALL/room/collsion/stageFloorColl4 []
  at -173.674 214.877 17.619
  normal 0 0 1
  respect_prev_transform = 0


CollisionEntry:
  from render/Master Cool Cat-100000070/NPW.cRayNode
  into render/stage401005983/ZoneEntity-0/-PandaNode/Z13_ALL/room/collsion/stageFloorColl4 []
  at -319.38 191.84 17.619
  normal 0 0 1
  respect_prev_transform = 1


CollisionEntry:
  from render/Master Cool Cat-100000070/camFloorRayNode/ccRay2Node
  into render/stage401005983/ZoneEntity-0/-PandaNode/Z13_ALL/room/collsion/stageFloorColl4 []
  at -318.239 191.532 17.619
  normal 0 0 1
  respect_prev_transform = 0


CollisionEntry:
  from render/Master Cool Cat-100000070/NPW.cRayNode
  into render/stage401005983/LB_connector_7cubeL2.egg/-PandaNode/LB_connector_7cubeL2_egg/collison/stageFloorColl5 []
  at -442.112 209.302 17.6374
  normal 0 -0.0012142 0.999999
  respect_prev_transform = 1


CollisionEntry:
  from render/Master Cool Cat-100000070/NPW.cRayNode
  into render/stage401005983/LB_connector_7cubeL2.egg/-PandaNode/LB_connector_7cubeL2_egg/collison/stageFloorColl5 []
  at -447.506 209.593 19.361
  normal 0.420737 -0.00110176 0.907182
  respect_prev_transform = 1


CollisionEntry:
  from render/Master Cool Cat-100000070/camFloorRayNode/ccRay2Node
  into render/stage401005983/LB_connector_7cubeL2.egg/-PandaNode/LB_connector_7cubeL2_egg/collison/stageFloorColl5 []
  at -443.695 209.387 17.6375
  normal 0 -0.0012142 0.999999
  respect_prev_transform = 0


CollisionEntry:
  from render/Master Cool Cat-100000070/camFloorRayNode/ccRay2Node
  into render/stage401005983/LB_connector_7cubeL2.egg/-PandaNode/LB_connector_7cubeL2_egg/collison/stageFloorColl5 []
  at -445.507 209.485 18.434
  normal 0.420737 -0.00110176 0.907182
  respect_prev_transform = 0


CollisionEntry:
  from render/Master Cool Cat-100000070/NPW.cRayNode
  into render/stage401005983/LB_connector_7cubeL2.egg/-PandaNode/LB_connector_7cubeL2_egg/collison/stageFloorColl5 []
  at -457.577 210.137 22.6288
  normal 0.000218784 -0.000597282 1
  respect_prev_transform = 1


CollisionEntry:
  from render/Master Cool Cat-100000070/camFloorRayNode/ccRay2Node
  into render/stage401005983/LB_connector_7cubeL2.egg/-PandaNode/LB_connector_7cubeL2_egg/collison/stageFloorColl5 []
  at -448.678 209.656 17.6378
  normal 0 -0.0012142 0.999999
  respect_prev_transform = 0


CollisionEntry:
  from render/Master Cool Cat-100000070/camFloorRayNode/ccRay2Node
  into render/stage401005983/LB_connector_7cubeL2.egg/-PandaNode/LB_connector_7cubeL2_egg/collison/stageFloorColl5 []
  at -457.348 210.125 22.6287
  normal 0.000218784 -0.000597282 1
  respect_prev_transform = 0


CollisionEntry:
  from render/Master Cool Cat-100000070/NPW.cRayNode
  into render/stage401005983/ZoneEntity-0/-PandaNode/LB_Zone04a_egg/Z04/collision_lobby/stageFloorColl6 []
  at -528.435 210.056 22.619
  normal 0 0 1
  respect_prev_transform = 1


CollisionEntry:
  from render/Master Cool Cat-100000070/camFloorRayNode/ccRay2Node
  into render/stage401005983/ZoneEntity-0/-PandaNode/LB_Zone04a_egg/Z04/collision_lobby/stageFloorColl6 []
  at -529.014 209.764 22.619
  normal 0 0 1
  respect_prev_transform = 0


CollisionEntry:
  from render/Master Cool Cat-100000070/camFloorRayNode/ccRay2Node
  into render/stage401005983/LB_connector_7cubeLR.egg/-PandaNode/LB_connector_7cubeLR_egg/collison/stageFloorColl7 []
  at -652.129 177.443 22.6102
  normal 0 0.000133877 1
  respect_prev_transform = 0


CollisionEntry:
  from render/Master Cool Cat-100000070/camFloorRayNode/ccRay2Node
  into render/stage401005983/LB_connector_7cubeLR.egg/-PandaNode/LB_connector_7cubeLR_egg/collison/stageFloorColl7 []
  at -667.518 173.871 27.6094
  normal 0 6.5559e-005 1
  respect_prev_transform = 0


CollisionEntry:
  from render/Master Cool Cat-100000070/camFloorRayNode/ccRay2Node
  into render/stage401005983/ZoneEntity-0/-PandaNode/Z22a/room/collsion/stageFloorColl8 []
  at -727.847 211.059 27.4877
  normal 0 0 1
  respect_prev_transform = 0


spec = {'parentEntId': 10000, 'pos': LPoint3f(0, 0, 0)}
h = None
entered wait for zone redirect
entered wait for set zone response - 2
entered wait for zone redirect
entered wait for set zone response - 2
Reading DNA file... phase_4/dna/storage.pdna
Reading DNA file... phase_3.5/dna/storage_interior.pdna
entered wait for zone redirect
entered wait for set zone response - 2
spec = {'parentEntId': 110000, 'pos': LPoint3f(0, 0, 0)}
h = None
Pattern [1, 5, 2, 0, 2, 6, 1, 5, 6, 0] Place 0 Type 1
Pattern [1, 5, 2, 0, 2, 6, 1, 5, 6, 0] Place 1 Type 5
Pattern [1, 5, 2, 0, 2, 6, 1, 5, 6, 0] Place 2 Type 2
Pattern [1, 5, 2, 0, 2, 6, 1, 5, 6, 0] Place 3 Type 0
Pattern [1, 5, 2, 0, 2, 6, 1, 5, 6, 0] Place 4 Type 2
Pattern [1, 5, 2, 0, 2, 6, 1, 5, 6, 0] Place 5 Type 6
Pattern [1, 5, 2, 0, 2, 6, 1, 5, 6, 0] Place 6 Type 1
Pattern [1, 5, 2, 0, 2, 6, 1, 5, 6, 0] Place 7 Type 5
Pattern [1, 5, 2, 0, 2, 6, 1, 5, 6, 0] Place 8 Type 6
Pattern [1, 5, 2, 0, 2, 6, 1, 5, 6, 0] Place 9 Type 0
Pattern [1, 5, 2, 0, 2, 6, 1, 5, 6, 0] Place 0 Type 1
Pattern [1, 5, 2, 0, 2, 6, 1, 5, 6, 0] Place 1 Type 5
Pattern [1, 5, 2, 0, 2, 6, 1, 5, 6, 0] Place 2 Type 2
Pattern [1, 5, 2, 0, 2, 6, 1, 5, 6, 0] Place 3 Type 0
Pattern [1, 5, 2, 0, 2, 6, 1, 5, 6, 0] Place 4 Type 2
Pattern [1, 5, 2, 0, 2, 6, 1, 5, 6, 0] Place 5 Type 6
Pattern [1, 5, 2, 0, 2, 6, 1, 5, 6, 0] Place 6 Type 1
Pattern [1, 5, 2, 0, 2, 6, 1, 5, 6, 0] Place 7 Type 5
Pattern [1, 5, 2, 0, 2, 6, 1, 5, 6, 0] Place 8 Type 6
Pattern [1, 5, 2, 0, 2, 6, 1, 5, 6, 0] Place 9 Type 0
Pattern [1, 5, 2, 0, 2, 6, 1, 5, 6, 0] Place 0 Type 1
Pattern [1, 5, 2, 0, 2, 6, 1, 5, 6, 0] Place 0 Type 1
Pattern [1, 5, 2, 0, 2, 6, 1, 5, 6, 0] Place 1 Type 5
Pattern [1, 5, 2, 0, 2, 6, 1, 5, 6, 0] Place 2 Type 2
Pattern [1, 5, 2, 0, 2, 6, 1, 5, 6, 0] Place 3 Type 0
Pattern [1, 5, 2, 0, 2, 6, 1, 5, 6, 0] Place 4 Type 2
Pattern [1, 5, 2, 0, 2, 6, 1, 5, 6, 0] Place 5 Type 6
Pattern [1, 5, 2, 0, 2, 6, 1, 5, 6, 0] Place 6 Type 1
Pattern [1, 5, 2, 0, 2, 6, 1, 5, 6, 0] Place 7 Type 5
Pattern [1, 5, 2, 0, 2, 6, 1, 5, 6, 0] Place 8 Type 6
Pattern [1, 5, 2, 0, 2, 6, 1, 5, 6, 0] Place 9 Type 0
Pattern [1, 5, 2, 0, 2, 6, 1, 5, 6, 0] Place 0 Type 1
Pattern [1, 5, 2, 0, 2, 6, 1, 5, 6, 0] Place 1 Type 5
Pattern [1, 5, 2, 0, 2, 6, 1, 5, 6, 0] Place 2 Type 2
Pattern [1, 5, 2, 0, 2, 6, 1, 5, 6, 0] Place 3 Type 0
Pattern [1, 5, 2, 0, 2, 6, 1, 5, 6, 0] Place 4 Type 2
Pattern [1, 5, 2, 0, 2, 6, 1, 5, 6, 0] Place 5 Type 6
Pattern [1, 5, 2, 0, 2, 6, 1, 5, 6, 0] Place 6 Type 1
Pattern [1, 5, 2, 0, 2, 6, 1, 5, 6, 0] Place 7 Type 5
Pattern [1, 5, 2, 0, 2, 6, 1, 5, 6, 0] Place 8 Type 6
Pattern [1, 5, 2, 0, 2, 6, 1, 5, 6, 0] Place 9 Type 0
Pattern [1, 5, 2, 0, 2, 6, 1, 5, 6, 0] Place 0 Type 1
Pattern [1, 5, 2, 0, 2, 6, 1, 5, 6, 0] Place 1 Type 5
Pattern [1, 5, 2, 0, 2, 6, 1, 5, 6, 0] Place 2 Type 2
Pattern [1, 5, 2, 0, 2, 6, 1, 5, 6, 0] Place 3 Type 0
Pattern [1, 5, 2, 0, 2, 6, 1, 5, 6, 0] Place 4 Type 2
Pattern [1, 5, 2, 0, 2, 6, 1, 5, 6, 0] Place 0 Type 1
Pattern [1, 5, 2, 0, 2, 6, 1, 5, 6, 0] Place 1 Type 5
Pattern [1, 5, 2, 0, 2, 6, 1, 5, 6, 0] Place 2 Type 2
Pattern [1, 5, 2, 0, 2, 6, 1, 5, 6, 0] Place 0 Type 1
Pattern [1, 5, 2, 0, 2, 6, 1, 5, 6, 0] Place 1 Type 5
Pattern [1, 5, 2, 0, 2, 6, 1, 5, 6, 0] Place 2 Type 2
Pattern [8, 7, 7, 8] Place 0 Type 8
Pattern [8, 7, 7, 8] Place 1 Type 7
Pattern [8, 7, 7, 8] Place 2 Type 7
Pattern [8, 7, 7, 8] Place 3 Type 8
Pattern [1, 5, 2, 0, 2, 6, 1, 5, 6, 0] Place 0 Type 1
Pattern [1, 5, 2, 0, 2, 6, 1, 5, 6, 0] Place 1 Type 5
Pattern [1, 5, 2, 0, 2, 6, 1, 5, 6, 0] Place 2 Type 2
Pattern [1, 5, 2, 0, 2, 6, 1, 5, 6, 0] Place 3 Type 0
Pattern [1, 5, 2, 0, 2, 6, 1, 5, 6, 0] Place 4 Type 2
Pattern [1, 5, 2, 0, 2, 6, 1, 5, 6, 0] Place 5 Type 6
Pattern [1, 5, 2, 0, 2, 6, 1, 5, 6, 0] Place 6 Type 1
Pattern [1, 5, 2, 0, 2, 6, 1, 5, 6, 0] Place 7 Type 5
Pattern [1, 5, 2, 0, 2, 6, 1, 5, 6, 0] Place 8 Type 6
Pattern [1, 5, 2, 0, 2, 6, 1, 5, 6, 0] Place 9 Type 0
Pattern [1, 5, 2, 0, 2, 6, 1, 5, 6, 0] Place 0 Type 1
Pattern [1, 5, 2, 0, 2, 6, 1, 5, 6, 0] Place 1 Type 5
Pattern [1, 5, 2, 0, 2, 6, 1, 5, 6, 0] Place 2 Type 2
