TTLocalizer: Running in language: English
OTPLocalizer: Running in language: English
Preloading suits...
Preloading Toon heads...
Preloading avatars...
{401000001: <toontown.distributed.ToontownDistrict.ToontownDistrict instance at 0x183836E8>}
__handleAvatarChooserDone: 100000212, 'Miss Quack', ('fss', 'ms', 's', 'f', (0.19, 0.56, 0.77, 1.0), (1.0, 1.0, 1.0, 1.0), (0.19, 0.56, 0.77, 1.0), (0.19, 0.56, 0.77, 1.0), 15, 8, 11, 8, 6, 3), 2
entered wait for zone redirect
entered wait for set zone response - 2
Reading DNA file... phase_4/dna/storage.pdna
Reading DNA file... phase_3.5/dna/storage_interior.pdna
entered wait for zone redirect
entered wait for set zone response - 2
Reading DNA file... phase_4/dna/storage.pdna
Reading DNA file... phase_3.5/dna/storage_interior.pdna
entered wait for zone redirect
entered wait for set zone response - 2
spec = {'parentEntId': 110000, 'pos': LPoint3f(0, 0, 0)}
h = None
../resources/phase_3/audio/sfx
../resources/phase_3.5/audio/sfx
../resources/phase_4/audio/sfx
../resources/phase_5/audio/sfx
/phase_3/audio/sfx
/phase_3.5/audio/sfx
/phase_4/audio/sfx
/phase_5/audio/sfx

Pattern [2, 0, 5, 6, 0, 2, 6, 5, 1, 1] Place 0 Type 2
Pattern [2, 0, 5, 6, 0, 2, 6, 5, 1, 1] Place 1 Type 0
Pattern [2, 0, 5, 6, 0, 2, 6, 5, 1, 1] Place 2 Type 5
Pattern [2, 0, 5, 6, 0, 2, 6, 5, 1, 1] Place 3 Type 6
Pattern [2, 0, 5, 6, 0, 2, 6, 5, 1, 1] Place 4 Type 0
Pattern [2, 0, 5, 6, 0, 2, 6, 5, 1, 1] Place 5 Type 2
Pattern [2, 0, 5, 6, 0, 2, 6, 5, 1, 1] Place 6 Type 6
Pattern [2, 0, 5, 6, 0, 2, 6, 5, 1, 1] Place 7 Type 5
Pattern [2, 0, 5, 6, 0, 2, 6, 5, 1, 1] Place 8 Type 1
Pattern [2, 0, 5, 6, 0, 2, 6, 5, 1, 1] Place 9 Type 1
Pattern [2, 0, 5, 6, 0, 2, 6, 5, 1, 1] Place 0 Type 2
Pattern [2, 0, 5, 6, 0, 2, 6, 5, 1, 1] Place 1 Type 0
Pattern [2, 0, 5, 6, 0, 2, 6, 5, 1, 1] Place 2 Type 5
Pattern [2, 0, 5, 6, 0, 2, 6, 5, 1, 1] Place 3 Type 6
Pattern [2, 0, 5, 6, 0, 2, 6, 5, 1, 1] Place 4 Type 0
Pattern [2, 0, 5, 6, 0, 2, 6, 5, 1, 1] Place 5 Type 2
Pattern [2, 0, 5, 6, 0, 2, 6, 5, 1, 1] Place 6 Type 6
Pattern [2, 0, 5, 6, 0, 2, 6, 5, 1, 1] Place 7 Type 5
Pattern [2, 0, 5, 6, 0, 2, 6, 5, 1, 1] Place 8 Type 1
Pattern [2, 0, 5, 6, 0, 2, 6, 5, 1, 1] Place 9 Type 1
Pattern [2, 0, 5, 6, 0, 2, 6, 5, 1, 1] Place 0 Type 2
Pattern [2, 0, 5, 6, 0, 2, 6, 5, 1, 1] Place 1 Type 0
Pattern [2, 0, 5, 6, 0, 2, 6, 5, 1, 1] Place 2 Type 5
Pattern [2, 0, 5, 6, 0, 2, 6, 5, 1, 1] Place 3 Type 6
Pattern [2, 0, 5, 6, 0, 2, 6, 5, 1, 1] Place 4 Type 0
Pattern [2, 0, 5, 6, 0, 2, 6, 5, 1, 1] Place 5 Type 2
Pattern [2, 0, 5, 6, 0, 2, 6, 5, 1, 1] Place 6 Type 6
Pattern [2, 0, 5, 6, 0, 2, 6, 5, 1, 1] Place 7 Type 5
Pattern [2, 0, 5, 6, 0, 2, 6, 5, 1, 1] Place 8 Type 1
Pattern [2, 0, 5, 6, 0, 2, 6, 5, 1, 1] Place 9 Type 1
Pattern [2, 0, 5, 6, 0, 2, 6, 5, 1, 1] Place 0 Type 2
Pattern [7, 7] Place 0 Type 7
Pattern [7, 7] Place 1 Type 7
Pattern [7, 7] Place 0 Type 7
Pattern [7, 7] Place 1 Type 7
Pattern [7, 7] Place 0 Type 7
Pattern [7, 7] Place 1 Type 7
Pattern [7, 7] Place 0 Type 7
Pattern [7, 7] Place 1 Type 7
Pattern [7, 7] Place 0 Type 7
Pattern [7, 7] Place 1 Type 7
Pattern [1, 0, 5, 6, 0, 2, 5, 6, 2, 1] Place 0 Type 1
Pattern [1, 0, 5, 6, 0, 2, 5, 6, 2, 1] Place 1 Type 0
Pattern [1, 0, 5, 6, 0, 2, 5, 6, 2, 1] Place 2 Type 5
Pattern [1, 6, 0, 1, 6, 0] Place 0 Type 1
Pattern [1, 6, 0, 1, 6, 0] Place 1 Type 6
spec = {'parentEntId': 110400, 'pos': LPoint3f(0, 0, 0)}
h = None
../resources/phase_3/audio/sfx
../resources/phase_3.5/audio/sfx
../resources/phase_4/audio/sfx
../resources/phase_5/audio/sfx
/phase_3/audio/sfx
/phase_3.5/audio/sfx
/phase_4/audio/sfx
/phase_5/audio/sfx

../resources/phase_3/audio/sfx
../resources/phase_3.5/audio/sfx
../resources/phase_4/audio/sfx
../resources/phase_5/audio/sfx
/phase_3/audio/sfx
/phase_3.5/audio/sfx
/phase_4/audio/sfx
/phase_5/audio/sfx

