TTLocalizer: Running in language: English
OTPLocalizer: Running in language: English
Preloading suits...
Preloading Toon heads...
Preloading avatars...
{401000001: <toontown.distributed.ToontownDistrict.ToontownDistrict instance at 0x18BC7760>}
__handleAvatarChooserDone: 100000212, 'Miss Quack', ('fss', 'ms', 's', 'f', (0.19, 0.56, 0.77, 1.0), (1.0, 1.0, 1.0, 1.0), (0.19, 0.56, 0.77, 1.0), (0.19, 0.56, 0.77, 1.0), 15, 8, 11, 8, 6, 3), 2
entered wait for zone redirect
entered wait for set zone response - 2
Reading DNA file... phase_4/dna/storage.pdna
Reading DNA file... phase_3.5/dna/storage_interior.pdna
entered wait for zone redirect
entered wait for set zone response - 2
Reading DNA file... phase_4/dna/storage.pdna
Reading DNA file... phase_3.5/dna/storage_interior.pdna
Reading DNA file... phase_6/dna/storage_DD.pdna
Reading DNA file... phase_6/dna/storage_DD_sz.pdna
Reading DNA file... phase_6/dna/donalds_dock_sz.pdna
entered wait for zone redirect
entered wait for set zone response - 2
Reading DNA file... phase_4/dna/storage.pdna
Reading DNA file... phase_3.5/dna/storage_interior.pdna
entered wait for zone redirect
entered wait for set zone response - 2
entered wait for zone redirect
entered wait for set zone response - 2
Laser Field initCollisionGeom
Laser Field initCollisionGeom
CollisionEntry:
  from render/Miss Quack-100000212/camFloorRayNode/ccRay2Node
  into render/stage401004459/ZoneEntity-0/-PandaNode/LB_Zone03a_egg/Collsion/stageFloorColl0 []
  at -1 -9.2 -0.0333288
  normal -0.000961985 0.000458579 0.999999
  respect_prev_transform = 0


CollisionEntry:
  from render/Miss Quack-100000212/camFloorRayNode/ccRay2Node
  into render/stage401004459/LB_connector_7cubeLR.egg/-PandaNode/LB_connector_7cubeLR_egg/collison/stageFloorColl1 []
  at -1.2696 38.7605 0.219671
  normal 9.26614e-005 -0.421613 0.906776
  respect_prev_transform = 0


CollisionEntry:
  from render/Miss Quack-100000212/camFloorRayNode/ccRay2Node
  into render/stage401004459/LB_connector_7cubeLR.egg/-PandaNode/LB_connector_7cubeLR_egg/collison/stageFloorColl1 []
  at -1.2696 43.2865 -0.0473523
  normal 0.000133877 0 1
  respect_prev_transform = 0


CollisionEntry:
  from render/Miss Quack-100000212/camFloorRayNode/ccRay2Node
  into render/stage401004459/LB_connector_7cubeLR.egg/-PandaNode/LB_connector_7cubeLR_egg/collison/stageFloorColl1 []
  at -1.2696 51.4773 4.95163
  normal 6.5559e-005 0 1
  respect_prev_transform = 0


CollisionEntry:
  from render/Miss Quack-100000212/camFloorRayNode/ccRay2Node
  into render/stage401004459/ZoneEntity-0/-PandaNode/Z13_ALL/room/collsion/stageFloorColl2 []
  at 27.8403 111.384 4.95065
  normal 0 0 1
  respect_prev_transform = 0


spec = {'parentEntId': 10000, 'pos': LPoint3f(0, 0, 0)}
h = None
CollisionEntry:
  from render/Miss Quack-100000212/camFloorRayNode/ccRay2Node
  into render/stage401004459/LB_connector_7cubeLR.egg/-PandaNode/LB_connector_7cubeLR_egg/collison/stageFloorColl3 []
  at 28.5737 380.476 4.95252
  normal 0.000133877 0 1
  respect_prev_transform = 0


CollisionEntry:
  from render/Miss Quack-100000212/camFloorRayNode/ccRay2Node
  into render/stage401004459/LB_connector_7cubeLR.egg/-PandaNode/LB_connector_7cubeLR_egg/collison/stageFloorColl3 []
  at 30.0149 396.949 9.95147
  normal 6.5559e-005 0 1
  respect_prev_transform = 0


spec = {'parentEntId': 100004, 'pos': LPoint3f(0, 0, 0)}
h = None
CollisionEntry:
  from render/Miss Quack-100000212/camFloorRayNode/ccRay2Node
  into render/stage401004459/ZoneEntity-0/-PandaNode/Z13_ALL/room/collsion/stageFloorColl4 []
  at 39.3094 565.773 9.95065
  normal 0 0 1
  respect_prev_transform = 0


spec = {'parentEntId': 100005, 'pos': LPoint3f(0, 0, 0)}
h = None
CollisionEntry:
  from render/Miss Quack-100000212/camFloorRayNode/ccRay2Node
  into render/stage401004459/LB_connector_7cubeL2.egg/-PandaNode/LB_connector_7cubeL2_egg/collison/stageFloorColl5 []
  at 57.1124 725.524 9.96861
  normal -0.0012142 0 0.999999
  respect_prev_transform = 0


CollisionEntry:
  from render/Miss Quack-100000212/camFloorRayNode/ccRay2Node
  into render/stage401004459/LB_connector_7cubeL2.egg/-PandaNode/LB_connector_7cubeL2_egg/collison/stageFloorColl5 []
  at 56.2897 740.726 14.9592
  normal -0.000597282 -0.000218784 1
  respect_prev_transform = 0


CollisionEntry:
  from render/Miss Quack-100000212/camFloorRayNode/ccRay2Node
  into render/stage401004459/ZoneEntity-0/-PandaNode/Z07_ALL/stageFloorColl6 []
  at 22.8625 801.849 14.9511
  normal 0 0 1
  respect_prev_transform = 0


CollisionEntry:
  from render/Miss Quack-100000212/camFloorRayNode/ccRay2Node
  into render/stage401004459/LB_connector_7cubeL2.egg/-PandaNode/LB_connector_7cubeL2_egg/collison/stageFloorColl7 []
  at -40.519 870.483 22.6387
  normal 0 -0.0012142 0.999999
  respect_prev_transform = 0


CollisionEntry:
  from render/Miss Quack-100000212/camFloorRayNode/ccRay2Node
  into render/stage401004459/LB_connector_7cubeL2.egg/-PandaNode/LB_connector_7cubeL2_egg/collison/stageFloorColl7 []
  at -41.8363 869.897 22.8134
  normal 0.420737 -0.00110176 0.907182
  respect_prev_transform = 0


CollisionEntry:
  from render/Miss Quack-100000212/camFloorRayNode/ccRay2Node
  into render/stage401004459/LB_connector_7cubeL2.egg/-PandaNode/LB_connector_7cubeL2_egg/collison/stageFloorColl7 []
  at -46.0631 866.309 22.6336
  normal 0 -0.0012142 0.999999
  respect_prev_transform = 0


CollisionEntry:
  from render/Miss Quack-100000212/camFloorRayNode/ccRay2Node
  into render/stage401004459/LB_connector_7cubeL2.egg/-PandaNode/LB_connector_7cubeL2_egg/collison/stageFloorColl7 []
  at -56.0281 862.619 27.6244
  normal 0.000218784 -0.000597282 1
  respect_prev_transform = 0


CollisionEntry:
  from render/Miss Quack-100000212/camFloorRayNode/ccRay2Node
  into render/stage401004459/LB_connector_7cubeL2.egg/-PandaNode/LB_connector_7cubeL2_egg/collison/stageFloorColl7 []
  at -53.21 875.548 27.6317
  normal 0 -0.000597274 1
  respect_prev_transform = 0


CollisionEntry:
  from render/Miss Quack-100000212/camFloorRayNode/ccRay2Node
  into render/stage401004459/LB_connector_7cubeL2.egg/-PandaNode/LB_connector_7cubeL2_egg/collison/stageFloorColl7 []
  at -40.7942 872.972 22.6417
  normal 0 -0.0012142 0.999999
  respect_prev_transform = 0


CollisionEntry:
  from render/Miss Quack-100000212/camFloorRayNode/ccRay2Node
  into render/stage401004459/ZoneEntity-0/-PandaNode/Z07_ALL/stageFloorColl6 []
  at -39.1617 872.151 22.622
  normal 0 0 1
  respect_prev_transform = 0


CollisionEntry:
  from render/Miss Quack-100000212/camFloorRayNode/ccRay2Node
  into render/stage401004459/LB_connector_7cubeL2.egg/-PandaNode/LB_connector_7cubeL2_egg/collison/stageFloorColl7 []
  at -40.2751 863.468 22.6302
  normal 0 -0.0012142 0.999999
  respect_prev_transform = 0


CollisionEntry:
  from render/Miss Quack-100000212/camFloorRayNode/ccRay2Node
  into render/stage401004459/LB_connector_7cubeL2.egg/-PandaNode/LB_connector_7cubeL2_egg/collison/stageFloorColl7 []
  at -43.6079 864.652 23.6286
  normal 0.420737 -0.00110176 0.907182
  respect_prev_transform = 0


CollisionEntry:
  from render/Miss Quack-100000212/camFloorRayNode/ccRay2Node
  into render/stage401004459/LB_connector_7cubeL2.egg/-PandaNode/LB_connector_7cubeL2_egg/collison/stageFloorColl7 []
  at -47.6519 866.723 22.6341
  normal 0 -0.0012142 0.999999
  respect_prev_transform = 0


CollisionEntry:
  from render/Miss Quack-100000212/camFloorRayNode/ccRay2Node
  into render/stage401004459/LB_connector_7cubeL2.egg/-PandaNode/LB_connector_7cubeL2_egg/collison/stageFloorColl7 []
  at -55.1689 870.682 27.629
  normal 0.000218784 -0.000597282 1
  respect_prev_transform = 0


spec = {'parentEntId': 10000, 'pos': LPoint3f(0, 0, 0)}
h = None
CollisionEntry:
  from render/Miss Quack-100000212/camFloorRayNode/ccRay2Node
  into render/stage401004459/ZoneEntity-0/-PandaNode/Z22a/room/collsion/stageFloorColl8 []
  at -116.01 833.683 27.4985
  normal 0 0 1
  respect_prev_transform = 0


entered wait for zone redirect
entered wait for set zone response - 2
Reading DNA file... phase_4/dna/storage.pdna
Reading DNA file... phase_3.5/dna/storage_interior.pdna
entered wait for zone redirect
entered wait for set zone response - 2
entered wait for zone redirect
entered wait for set zone response - 2
spec = {'parentEntId': 10014, 'pos': LPoint3f(0, 0, 0)}
h = None
../resources/phase_3/audio/sfx
../resources/phase_3.5/audio/sfx
../resources/phase_4/audio/sfx
../resources/phase_5/audio/sfx
/phase_3/audio/sfx
/phase_3.5/audio/sfx
/phase_4/audio/sfx
/phase_5/audio/sfx

../resources/phase_3/audio/sfx
../resources/phase_3.5/audio/sfx
../resources/phase_4/audio/sfx
../resources/phase_5/audio/sfx
/phase_3/audio/sfx
/phase_3.5/audio/sfx
/phase_4/audio/sfx
/phase_5/audio/sfx

spec = {'parentEntId': 10037, 'pos': LPoint3f(0, 0, 0)}
h = None
../resources/phase_3/audio/sfx
../resources/phase_3.5/audio/sfx
../resources/phase_4/audio/sfx
../resources/phase_5/audio/sfx
/phase_3/audio/sfx
/phase_3.5/audio/sfx
/phase_4/audio/sfx
/phase_5/audio/sfx

../resources/phase_3/audio/sfx
../resources/phase_3.5/audio/sfx
../resources/phase_4/audio/sfx
../resources/phase_5/audio/sfx
/phase_3/audio/sfx
/phase_3.5/audio/sfx
/phase_4/audio/sfx
/phase_5/audio/sfx

../resources/phase_3/audio/sfx
../resources/phase_3.5/audio/sfx
../resources/phase_4/audio/sfx
../resources/phase_5/audio/sfx
/phase_3/audio/sfx
/phase_3.5/audio/sfx
/phase_4/audio/sfx
/phase_5/audio/sfx

../resources/phase_3/audio/sfx
../resources/phase_3.5/audio/sfx
../resources/phase_4/audio/sfx
../resources/phase_5/audio/sfx
/phase_3/audio/sfx
/phase_3.5/audio/sfx
/phase_4/audio/sfx
/phase_5/audio/sfx

spec = {'parentEntId': 10660, 'pos': LPoint3f(0, 0, 0)}
h = None
