TTLocalizer: Running in language: English
OTPLocalizer: Running in language: English
Preloading suits...
Preloading Toon heads...
Preloading avatars...
{401000001: <toontown.distributed.ToontownDistrict.ToontownDistrict instance at 0x193EE4B8>, 402000001: <toontown.distributed.ToontownDistrict.ToontownDistrict instance at 0x193EE3C8>}
__handleAvatarChooserDone: 100000181, 'Master Daffy', ('csl', 'ls', 's', 'm', (0.3, 0.3, 0.35, 1.0), (1.0, 1.0, 1.0, 1.0), (0.3, 0.3, 0.35, 1.0), (0.3, 0.3, 0.35, 1.0), 11, 31, 5, 31, 44, 32), 0
entered wait for zone redirect
entered wait for set zone response - 2
Reading DNA file... phase_4/dna/storage.pdna
Reading DNA file... phase_3.5/dna/storage_interior.pdna
Reading DNA file... phase_6/dna/storage_MM.pdna
Reading DNA file... phase_6/dna/storage_MM_sz.pdna
Reading DNA file... phase_6/dna/minnies_melody_land_sz.pdna
entered wait for zone redirect
entered wait for set zone response - 2
Reading DNA file... phase_5/dna/storage_town.pdna
Reading DNA file... phase_6/dna/storage_MM_town.pdna
Reading DNA file... phase_6/dna/minnies_melody_land_4100.pdna
__handleAvatarChooserDone: 100000070, 'Master Cool Cat', ('csl', 'ms', 'm', 'm', (0.3, 0.3, 0.35, 1.0), (0.28, 0.32, 0.72, 1.0), (0.3, 0.3, 0.35, 1.0), (0.3, 0.3, 0.35, 1.0), 111, 27, 98, 27, 41, 27), 3
entered wait for zone redirect
entered wait for set zone response - 2
Reading DNA file... phase_4/dna/storage.pdna
Reading DNA file... phase_3.5/dna/storage_interior.pdna
Exception occurred while processing remove-death-suit of movie-track-with-cam-401004236:
movie-track-with-cam-401004236:
  0.000 movie-track-with-cam-401004236 {
  0.000   movie-track-401004236 {
  0.000     Sequence-1049 {
  0.000       toon-attacks {
  0.000         Sequence-1089 {
  0.000           Sequence-1051 {
  0.000             Parallel-1053 {
  0.000             }
  0.000           }
  0.000           Parallel-1055 {
  0.000             Sequence-1056 {
  0.000               Parallel-1057 {
  0.000                 Sequence-1078 {
  0.000                   Wait
  0.000                   Parallel-1059 {
  0.000                     Sequence-1072 {
  0.000                       Wait
  0.000                       Sequence-1060 {
  0.000                         *Func-showProps-1127
  0.000                         *Func-showProps-1128
  0.000                         *Func-setInstrumentStats-1129
  0.000                       }
  0.000                       Wait dur 1
  1.000                       Parallel-1066 {
  1.000                         Sequence-1064 {
  1.000                           Parallel-1062 {
  1.000                             LerpScaleInterval-435: scale from 0.001 0.001 0.001 to 0.15 0.2 0.1 dur 0.3
  1.000                             LerpScaleInterval-436: scale from 0.001 0.001 0.001 to 0.15 0.2 0.1 dur 0.3
  1.300                           }
  1.300                           Parallel-1063 {
  1.300                             LerpScaleInterval-437: scale from 0.15 0.2 0.1 to 0.15 0.15 0.15 dur 0.3
  1.300                             LerpScaleInterval-438: scale from 0.15 0.2 0.1 to 0.15 0.15 0.15 dur 0.3
  1.600                           }
  1.600                         }
  1.000                         Sequence-1065 {
  1.000                           Wait dur 0.05
  1.050                           *Sound-304 dur 0.731429
  1.781                         }
  1.781                       }
  1.781                       Wait dur 3
  4.781                       Sequence-1061 {
  4.781                         *Func-removeProps-1130
  4.781                         *Func-removeProps-1131
  4.781                       }
  4.781                     }
  0.000                     Sequence-1073 {
  0.000                       Wait
  0.000                       *Actor-sound-716 dur 5.125
  5.125                       *Func-loop-1132
  5.125                     }
  0.000                     Sequence-1077 {
  0.000                       Wait dur 2.45
  2.450                       Parallel-1076 {
  2.450                         Sequence-1071 {
  2.450                           Sequence-1069 {
  2.450                             Parallel-1067 {
  2.450                               LerpScaleInterval-439: scale from 0.15 0.15 0.15 to 0.15 0.25 0.125 dur 0.1
  2.450                               LerpScaleInterval-440: scale from 0.15 0.15 0.15 to 0.15 0.25 0.125 dur 0.1
  2.550                             }
  2.550                             Parallel-1068 {
  2.550                               LerpScaleInterval-441: scale from 0.15 0.25 0.125 to 0.15 0.35 0.15 dur 0.1
  2.550                               LerpScaleInterval-442: scale from 0.15 0.25 0.125 to 0.15 0.35 0.15 dur 0.1
  2.650                             }
  2.650                           }
  2.650                           Wait dur 1
  3.650                           Parallel-1070 {
  3.650                             LerpScaleInterval-443: scale from 0.15 0.35 0.15 to 0.15 0.15 0.15 dur 0.1
  3.650                             LerpScaleInterval-444: scale from 0.15 0.35 0.15 to 0.15 0.15 0.15 dur 0.1
  3.750                           }
  3.750                         }
  2.450                         *Sound-305 dur 2.06367
  2.450                         Sequence-1075 {
  2.450                           Wait dur 1.5
  3.950                           Parallel-1074 {
  3.950                             LerpScaleInterval-445: scale from 0.15 0.15 0.15 to 0.001 0.001 0.001 dur 0.1
  3.950                             LerpScaleInterval-446: scale from 0.15 0.15 0.15 to 0.001 0.001 0.001 dur 0.1
  4.050                           }
  4.050                         }
  4.514                       }
  4.514                     }
  5.125                   }
  5.125                 }
  0.000                 Parallel-1079 {
  0.000                   Sequence-1080 {
  0.000                     Wait dur 2.8
  2.800                     *Func-showHpText-1133 (!oe)
  2.800                     *Func-updateHealthBar-1134
  2.800                     Parallel-1082 {
  2.800                       *Actor-squirt-small-react-717 dur 3.95833
  2.800                       Sequence-1081 {
  2.800                         Wait dur 0.5
  3.300                         *Func-reparentTo-1135
  3.300                         *Func-setZ-1136
  3.300                         *Func-loop-1137
  3.300                         Wait dur 1.8
  5.100                         *Func-removeNode-1138
  5.100                       }
  6.758                     }
  6.758                     *Func-loop-1139
  6.758                   }
  6.758                 }
  6.758               }
  6.758               Parallel-1058 {
  6.758                 Parallel-1088 {
  6.758                   Sequence-1083 {
  6.758                     *Func-debug-1140
  6.758                     *Func-insertReviveSuit-1141
  6.758                     *Func-debug-1142
  6.758                     *Actor-lose-718 dur 6
 12.758                     *Func-debug-1143
 12.758                     *remove-death-suit
 12.758                     *Func-debug-1144
 12.758                     *Func-loop-1145
 12.758                   }
  6.758                   Sequence-1084 {
  6.758                     Wait dur 0.8
  7.558                     *Sound-306 dur 1.2
  8.758                     *Sound-307 dur 3
 11.758                     *Sound-308 dur 1.85469
 13.613                   }
  6.758                   gears1Track {
  6.758                     Wait dur 2.1
  8.858                     *Particle-6 dur 4.3
 13.158                   }
  6.758                   gears2MTrack {
  6.758                     Sequence-1085 {
  6.758                       Wait dur 5.4
 12.158                       Sequence-1086 {
 12.158                         *Func-reparentTo-1146
 12.158                         *Func-setPos-1147
 12.158                         *Func-setScale-1148
 12.158                         Wait dur 0.6
 12.758                         *Func-removeProp-1149
 12.758                       }
 12.758                     }
  7.458                     *Particle-7 dur 5.7
 11.958                     *Particle-8 dur 1.2
 12.158                     *Particle-9 dur 1
 13.158                   }
  6.758                   toonMTrack {
  6.758                     Sequence-1087 {
  6.758                       Wait dur 1
  7.758                       *Actor-duck-719 dur 3.75
 11.508                       *Actor-duck-720 dur 1.95
 13.458                       *Func-loop-1150
 13.458                     }
 13.458                   }
 13.613                 }
 13.613               }
 13.613             }
 13.613           }
 13.613           Parallel-1054 {
 13.613             Parallel-1052 {
 13.613             }
 13.613           }
 13.613         }
 13.613       }
 13.613       *Func-__handleMovieDone-1155
 13.613     }
 13.613   }
  0.000   Sequence-1091 {
  0.000     Sequence-1050 {
  0.000       toon-attacks-cam {
  0.000         Sequence-1090 {
  0.000           toonGroupShot {
  0.000             *Func-setPosHpr-1151
  0.000             Wait
  0.000           }
  0.000           suitGroupThreeQuarterLeftBehindShot {
  0.000             *Func-setPosHpr-1152
  0.000             Wait dur 3.1
  3.100           }
  3.100           allGroupLowShot {
  3.100             *Func-setPosHpr-1153
  3.100             Wait dur 10.513
 13.613           }
 13.613           toonGroupShot {
 13.613             *Func-setPosHpr-1154
 13.613             Wait
 13.613           }
 13.613         }
 13.613       }
 13.613     }
 13.613   }
 13.613 }

Traceback (most recent call last):
  File "C:\Panda3D-1.10.0\direct\showbase\ShowBase.py", line 1829, in __ivalLoop
    IntervalManager.ivalMgr.step()
  File "C:\Panda3D-1.10.0\direct\interval\IntervalManager.py", line 94, in step
    self.__doPythonCallbacks()
  File "C:\Panda3D-1.10.0\direct\interval\IntervalManager.py", line 122, in __doPythonCallbacks
    self.ivals[index].privPostEvent()
  File "C:\Panda3D-1.10.0\direct\interval\MetaInterval.py", line 519, in privPostEvent
    self.__doPythonCallbacks()
  File "C:\Panda3D-1.10.0\direct\interval\MetaInterval.py", line 495, in __doPythonCallbacks
    ival.privDoEvent(t, eventType)
  File "C:\Panda3D-1.10.0\direct\interval\Interval.py", line 206, in privDoEvent
    self.privInstant()
  File "C:\Panda3D-1.10.0\direct\interval\FunctionInterval.py", line 88, in privInstant
    self.function(*self.extraArgs, **self.kw)
  File "toontown\battle\MovieUtil.py", line 202, in removeReviveSuit
    suit.healthBar.show()
AttributeError: SuitHealthBar instance has no attribute 'show'
Traceback (most recent call last):
  File "otp\otpbase\OTPBase.py", line 34, in run
    taskMgr.run()
  File "C:\Panda3D-1.10.0\direct\task\Task.py", line 508, in run
    self.step()
  File "C:\Panda3D-1.10.0\direct\task\Task.py", line 465, in step
    self.mgr.poll()
  File "C:\Panda3D-1.10.0\direct\showbase\ShowBase.py", line 1829, in __ivalLoop
    IntervalManager.ivalMgr.step()
  File "C:\Panda3D-1.10.0\direct\interval\IntervalManager.py", line 94, in step
    self.__doPythonCallbacks()
  File "C:\Panda3D-1.10.0\direct\interval\IntervalManager.py", line 122, in __doPythonCallbacks
    self.ivals[index].privPostEvent()
  File "C:\Panda3D-1.10.0\direct\interval\MetaInterval.py", line 519, in privPostEvent
    self.__doPythonCallbacks()
  File "C:\Panda3D-1.10.0\direct\interval\MetaInterval.py", line 495, in __doPythonCallbacks
    ival.privDoEvent(t, eventType)
  File "C:\Panda3D-1.10.0\direct\interval\Interval.py", line 206, in privDoEvent
    self.privInstant()
  File "C:\Panda3D-1.10.0\direct\interval\FunctionInterval.py", line 88, in privInstant
    self.function(*self.extraArgs, **self.kw)
  File "toontown\battle\MovieUtil.py", line 202, in removeReviveSuit
    suit.healthBar.show()
AttributeError: SuitHealthBar instance has no attribute 'show'
