TTLocalizer: Running in language: English
OTPLocalizer: Running in language: English
Preloading suits...
Preloading Toon heads...
Preloading avatars...
{401000001: <toontown.distributed.ToontownDistrict.ToontownDistrict instance at 0x197FCB20>}
__handleAvatarChooserDone: 100000070, 'Master Cool Cat', ('csl', 'ms', 's', 'm', (0.3, 0.3, 0.35, 1.0), (1.0, 1.0, 1.0, 1.0), (0.3, 0.3, 0.35, 1.0), (0.3, 0.3, 0.35, 1.0), 111, 27, 98, 27, 41, 27), 3
entered wait for zone redirect
entered wait for set zone response - 2
Reading DNA file... phase_4/dna/storage.pdna
Reading DNA file... phase_3.5/dna/storage_interior.pdna
entered wait for zone redirect
entered wait for set zone response - 2
entered wait for zone redirect
entered wait for set zone response - 2
### newVec3 =  LVector3f(1.52588e-005, 6.00002, 1.5)
### newVec3 =  LVector3f(1.52588e-005, 6.00002, 0)
### newVec3 =  LVector3f(1.52588e-005, 6.00002, 0.375)
### newVec3 =  LVector3f(1.52588e-005, 6.00002, 0)
### newVec3 =  LVector3f(-1.99998, 6.3, 1.5)
### newVec3 =  LVector3f(-1.99998, 6.3, 0)
### newVec3 =  LVector3f(-1.99998, 6.3, 0.375)
### newVec3 =  LVector3f(-1.99998, 6.3, 0)
hit! 0.573294222355
hit! 0.600138425827
hit! 0.994910597801
hit! 0.177786692977
hit! 0.903798520565
hit! 0.968232214451
hit! 0.990963220596
hit! 0.855662941933
hit! 0.808393895626
hit! 0.978691518307
--not hard enough: -0.359864890575
hit! 0.928873538971
hit! 0.228418886662
hit! 0.520331740379
hit! 0.944718360901
hit! 0.104568310082
--not hard enough: -0.163198456168
hit! 0.964793562889
hit! 0.888662159443
hit! 0.972632646561
hit! 0.987513840199
hit! 0.753227829933
hit! 0.974125862122
--not hard enough: -0.231097027659
hit! 0.595900535583
hit! 0.916236400604
hit! 0.965083062649
hit! 0.548019528389
hit! 0.718152284622
hit! 0.725310504436
hit! 0.809221208096
hit! 0.878519296646
hit! 0.891615927219
hit! 0.996075153351
hit! 0.720344662666
hit! 0.984301567078
hit! 0.966230928898
hit! 0.509653806686
hit! 0.938574671745
hit! 0.975956737995
hit! 0.285305023193
hit! 0.685730755329
hit! 0.835028469563
hit! 0.856868207455
hit! 0.566459178925
hit! 0.519106566906
--not hard enough: 0.0938689410686
hit! 0.400835245848
hit! 0.931007087231
hit! 0.469051122665
hit! 0.187167927623
hit! 0.943428039551
hit! 0.857252061367
hit! 0.58012086153
hit! 0.741746127605
hit! 0.893476843834
hit! 0.859603524208
--not hard enough: -0.0242464337498
hit! 0.981095910072
hit! 0.876971423626
hit! 0.990346491337
hit! 0.671947836876
--not hard enough: 0.25298050046
hit! 0.854605674744
hit! 0.658709347248
hit! 0.444978296757
hit! 0.889280796051
hit! 0.319194972515
hit! 0.895663440228
hit! 0.974153995514
hit! 0.934964895248
hit! 0.859178006649
hit! 0.918978989124
hit! 0.786408424377
hit! 0.694392263889
hit! 0.627419829369
hit! 0.93436396122
hit! 0.418362647295
hit! 0.835885584354
hit! 0.86864477396
hit! 0.946951806545
--not hard enough: -0.17628121376
hit! 0.628170371056
hit! 0.927792727947
hit! 0.960532844067
hit! 0.981661498547
hit! 0.984901845455
hit! 0.986543357372
hit! 0.959011077881
hit! 0.273732185364
hit! 0.918040812016
hit! 0.197750002146
--not hard enough: -0.0219738204032
hit! 0.966101884842
hit! 0.998801648617
hit! 0.82655608654
hit! 0.965071201324
hit! 0.932278394699
hit! 0.958002150059
hit! 0.940667271614
hit! 0.943216741085
hit! 0.691005766392
hit! 0.401309728622
--not hard enough: 0.326590210199
--not hard enough: 0.383112996817
--not hard enough: 0.343245744705
--not hard enough: -0.586861252785
hit! 0.969258844852
hit! 0.916333556175
--not hard enough: -0.0923246741295
--not hard enough: 0.416671931744
hit! 0.932861089706
--not hard enough: 0.47735708952
hit! 0.50841230154
hit! 0.637082338333
hit! 0.962908864021
hit! 0.889707803726
hit! 0.965952754021
hit! 0.921186983585
hit! 0.757429838181
hit! 0.956563174725
hit! 0.998310446739
hit! 0.893791377544
hit! 0.998494148254
hit! 0.796258211136
hit! 0.524581968784
hit! 0.900565385818
hit! 0.607089757919
--not hard enough: 0.454511880875
hit! 0.706453323364
hit! 0.521814703941
hit! 0.865542292595
hit! 0.976226747036
hit! 0.544759392738
hit! 0.635401546955
hit! 0.993458390236
hit! 0.984086096287
--not hard enough: -0.185496732593
hit! 0.877855122089
hit! 0.90143674612
--not hard enough: 0.274424433708
hit! 0.832180202007
hit! 0.83547693491
hit! 0.819617033005
hit! 0.336705356836
--not hard enough: -0.384510785341
hit! 0.847805917263
hit! 0.926617980003
hit! 0.916343808174
hit! 0.777939617634
hit! 0.94111508131
hit! 0.626520931721
--not hard enough: -0.364168435335
--not hard enough: 0.0693362131715
hit! 0.837574243546
hit! 0.214457333088
hit! 0.788214623928
hit! 0.904231190681
hit! 0.836103439331
hit! 0.849139392376
hit! 0.872854232788
hit! 0.842800736427
hit! 0.251897215843
hit! 0.921232998371
hit! 0.71512055397
hit! 0.857372164726
--not hard enough: -0.811177074909
hit! 0.743644177914
hit! 0.743100225925
hit! 0.843344449997
hit! 0.915901720524
hit! 0.861101210117
--not hard enough: -0.161230385303
hit! 0.989531159401
hit! 0.823176681995
hit! 0.728360772133
hit! 0.857256054878
hit! 0.99565410614
hit! 0.923590600491
hit! 0.517106711864
hit! 0.556274294853
hit! 0.683664679527
hit! 0.447677105665
hit! 0.94531673193
--not hard enough: -0.622175574303
hit! 0.848604679108
hit! 0.660817980766
hit! 0.882107436657
hit! 0.157107949257
hit! 0.976588666439
hit! 0.958145499229
hit! 0.659171164036
hit! 0.74187874794
hit! 0.988416790962
hit! 0.948951542377
hit! 0.865210473537
hit! 0.697004199028
hit! 0.821688294411
hit! 0.762389779091
hit! 0.900635719299
hit! 0.983938395977
hit! 0.807206690311
