TTLocalizer: Running in language: English
OTPLocalizer: Running in language: English
Preloading suits...
Preloading Toon heads...
Preloading avatars...
{401000001: <toontown.distributed.ToontownDistrict.ToontownDistrict instance at 0x197C2300>}
__handleAvatarChooserDone: 100000015, 'Super Bear', ('bss', 'ms', 's', 'm', (0.64, 0.35, 0.26, 1.0), (1.0, 1.0, 1.0, 1.0), (0.64, 0.35, 0.26, 1.0), (0.64, 0.35, 0.26, 1.0), 111, 27, 98, 27, 7, 10), 1
entered wait for zone redirect
entered wait for set zone response - 2
Reading DNA file... phase_4/dna/storage.pdna
Reading DNA file... phase_3.5/dna/storage_interior.pdna
entered wait for zone redirect
entered wait for set zone response - 2
Reading DNA file... phase_4/dna/storage.pdna
Reading DNA file... phase_3.5/dna/storage_interior.pdna
Reading DNA file... phase_8/dna/storage_DG.pdna
Reading DNA file... phase_8/dna/storage_DG_sz.pdna
Reading DNA file... phase_8/dna/daisys_garden_sz.pdna
entered wait for zone redirect
entered wait for set zone response - 2
Reading DNA file... phase_5/dna/storage_town.pdna
Reading DNA file... phase_8/dna/storage_DG_town.pdna
Reading DNA file... phase_8/dna/daisys_garden_5300.pdna
entered wait for zone redirect
entered wait for set zone response - 2
### newVec3 =  LVector3f(2, 5.3, 1.5)
### newVec3 =  LVector3f(2, 5.3, 0)
### newVec3 =  LVector3f(2, 5.3, 0.375)
### newVec3 =  LVector3f(2, 5.3, 0)
### newVec3 =  LVector3f(2, 5.3, 1.5)
### newVec3 =  LVector3f(2, 5.3, 0)
### newVec3 =  LVector3f(2, 5.3, 0.375)
### newVec3 =  LVector3f(2, 5.3, 0)
Exception occurred while processing Func-__handleBuildingRewardDone-4631 of movie-reward-track-with-cam-401006464:
movie-reward-track-with-cam-401006464:
  0.000 movie-reward-track-with-cam-401006464 {
  0.000   movie-reward-track-401006464 {
  0.000     Sequence-3230 {
  0.000       Parallel-3241 {
  0.000         Sequence-3232 {
  0.000           *Func-show-3880
  0.000           *Func-setOnscreenChatForced-3881
  0.000           *Func-_setupSkipListen-3882
  0.000           *Func-_teardownSkipListen-4046
  0.000           *Func-_setupSkipListen-4047
  0.000           Sequence-3235 {
  0.000             *Func-initGagFrame-3883
  0.000             Wait dur 1
  1.000             *Func-showTrackIncLabel-3884
  1.000             *Func-incrementExp-3885
  1.000             Wait dur 0.1
  1.100             *Func-incrementExp-3886
  1.100             Wait dur 0.1
  1.200             *Func-incrementExp-3887
  1.200             Wait dur 0.1
  1.300             *Func-incrementExp-3888
  1.300             Wait dur 0.1
  1.400             *Func-incrementExp-3889
  1.400             Wait dur 0.1
  1.500             *Func-incrementExp-3890
  1.500             Wait dur 0.1
  1.600             *Func-incrementExp-3891
  1.600             Wait dur 0.1
  1.700             *Func-incrementExp-3892
  1.700             Wait dur 0.1
  1.800             *Func-incrementExp-3893
  1.800             Wait dur 0.1
  1.900             *Func-incrementExp-3894
  1.900             Wait dur 0.1
  2.000             *Func-incrementExp-3895
  2.000             Wait dur 0.1
  2.100             *Func-incrementExp-3896
  2.100             Wait dur 0.1
  2.200             *Func-incrementExp-3897
  2.200             Wait dur 0.1
  2.300             *Func-incrementExp-3898
  2.300             Wait dur 0.1
  2.400             *Func-incrementExp-3899
  2.400             Wait dur 0.1
  2.500             *Func-incrementExp-3900
  2.500             Wait dur 0.1
  2.600             *Func-incrementExp-3901
  2.600             Wait dur 0.1
  2.700             *Func-incrementExp-3902
  2.700             Wait dur 0.1
  2.800             *Func-incrementExp-3903
  2.800             Wait dur 0.1
  2.900             *Func-incrementExp-3904
  2.900             Wait dur 0.1
  3.000             *Func-incrementExp-3905
  3.000             Wait dur 0.1
  3.100             *Func-incrementExp-3906
  3.100             Wait dur 0.1
  3.200             *Func-incrementExp-3907
  3.200             Wait dur 0.1
  3.300             *Func-incrementExp-3908
  3.300             Wait dur 0.1
  3.400             *Func-incrementExp-3909
  3.400             Wait dur 0.1
  3.500             *Func-incrementExp-3910
  3.500             Wait dur 0.1
  3.600             *Func-incrementExp-3911
  3.600             Wait dur 0.1
  3.700             *Func-incrementExp-3912
  3.700             Wait dur 0.1
  3.800             *Func-incrementExp-3913
  3.800             Wait dur 0.1
  3.900             *Func-incrementExp-3914
  3.900             Wait dur 0.1
  4.000             *Func-incrementExp-3915
  4.000             Wait dur 0.1
  4.100             *Func-incrementExp-3916
  4.100             Wait dur 0.1
  4.200             *Func-incrementExp-3917
  4.200             Wait dur 0.1
  4.300             *Func-incrementExp-3918
  4.300             Wait dur 0.1
  4.400             *Func-incrementExp-3919
  4.400             Wait dur 0.1
  4.500             *Func-incrementExp-3920
  4.500             Wait dur 0.1
  4.600             *Func-incrementExp-3921
  4.600             Wait dur 0.1
  4.700             *Func-incrementExp-3922
  4.700             Wait dur 0.1
  4.800             *Func-incrementExp-3923
  4.800             Wait dur 0.1
  4.900             *Func-incrementExp-3924
  4.900             Wait dur 0.1
  5.000             *Func-incrementExp-3925
  5.000             Wait dur 0.1
  5.100             *Func-incrementExp-3926
  5.100             Wait dur 0.1
  5.200             *Func-incrementExp-3927
  5.200             Wait dur 0.1
  5.300             *Func-incrementExp-3928
  5.300             Wait dur 0.1
  5.400             *Func-incrementExp-3929
  5.400             Wait dur 0.1
  5.500             *Func-incrementExp-3930
  5.500             Wait dur 0.1
  5.600             *Func-incrementExp-3931
  5.600             Wait dur 0.1
  5.700             *Func-incrementExp-3932
  5.700             Wait dur 0.1
  5.800             *Func-incrementExp-3933
  5.800             Wait dur 0.1
  5.900             *Func-incrementExp-3934
  5.900             Wait dur 0.1
  6.000             *Func-incrementExp-3935
  6.000             Wait dur 0.1
  6.100             *Func-incrementExp-3936
  6.100             Wait dur 0.1
  6.200             *Func-incrementExp-3937
  6.200             Wait dur 0.1
  6.300             *Func-incrementExp-3938
  6.300             Wait dur 0.1
  6.400             *Func-incrementExp-3939
  6.400             Wait dur 0.1
  6.500             *Func-incrementExp-3940
  6.500             Wait dur 0.1
  6.600             *Func-incrementExp-3941
  6.600             Wait dur 0.1
  6.700             *Func-incrementExp-3942
  6.700             Wait dur 0.1
  6.800             *Func-incrementExp-3943
  6.800             Wait dur 0.1
  6.900             *Func-incrementExp-3944
  6.900             Wait dur 0.1
  7.000             *Func-incrementExp-3945
  7.000             Wait dur 0.1
  7.100             *Func-incrementExp-3946
  7.100             Wait dur 0.1
  7.200             *Func-incrementExp-3947
  7.200             Wait dur 0.1
  7.300             *Func-incrementExp-3948
  7.300             Wait dur 0.1
  7.400             *Func-resetBarColor-3949
  7.400             Wait dur 0.1
  7.500             *Func-newGag-3950
  7.500             Wait dur 1
  8.500             *Func-setProp-3951
  8.500             Wait dur 1
  9.500             *Func-setProp-3952
  9.500             Wait dur 1.5
 11.000             *Func-cleanupNewGag-3953
 11.000             *Func-newGag-3954
 11.000             Wait dur 1
 12.000             *Func-setProp-3955
 12.000             Wait dur 1
 13.000             *Func-setProp-3956
 13.000             Wait dur 1.5
 14.500             *Func-cleanupNewGag-3957
 14.500             *Func-showTrackIncLabel-3958
 14.500             *Func-incrementExp-3959
 14.500             Wait dur 0.1
 14.600             *Func-incrementExp-3960
 14.600             Wait dur 0.1
 14.700             *Func-incrementExp-3961
 14.700             Wait dur 0.1
 14.800             *Func-incrementExp-3962
 14.800             Wait dur 0.1
 14.900             *Func-incrementExp-3963
 14.900             Wait dur 0.1
 15.000             *Func-incrementExp-3964
 15.000             Wait dur 0.1
 15.100             *Func-incrementExp-3965
 15.100             Wait dur 0.1
 15.200             *Func-incrementExp-3966
 15.200             Wait dur 0.1
 15.300             *Func-incrementExp-3967
 15.300             Wait dur 0.1
 15.400             *Func-incrementExp-3968
 15.400             Wait dur 0.1
 15.500             *Func-incrementExp-3969
 15.500             Wait dur 0.1
 15.600             *Func-incrementExp-3970
 15.600             Wait dur 0.1
 15.700             *Func-incrementExp-3971
 15.700             Wait dur 0.1
 15.800             *Func-incrementExp-3972
 15.800             Wait dur 0.1
 15.900             *Func-incrementExp-3973
 15.900             Wait dur 0.1
 16.000             *Func-incrementExp-3974
 16.000             Wait dur 0.1
 16.100             *Func-incrementExp-3975
 16.100             Wait dur 0.1
 16.200             *Func-incrementExp-3976
 16.200             Wait dur 0.1
 16.300             *Func-incrementExp-3977
 16.300             Wait dur 0.1
 16.400             *Func-incrementExp-3978
 16.400             Wait dur 0.1
 16.500             *Func-incrementExp-3979
 16.500             Wait dur 0.1
 16.600             *Func-incrementExp-3980
 16.600             Wait dur 0.1
 16.700             *Func-incrementExp-3981
 16.700             Wait dur 0.1
 16.800             *Func-incrementExp-3982
 16.800             Wait dur 0.1
 16.900             *Func-incrementExp-3983
 16.900             Wait dur 0.1
 17.000             *Func-incrementExp-3984
 17.000             Wait dur 0.1
 17.100             *Func-incrementExp-3985
 17.100             Wait dur 0.1
 17.200             *Func-incrementExp-3986
 17.200             Wait dur 0.1
 17.300             *Func-incrementExp-3987
 17.300             Wait dur 0.1
 17.400             *Func-incrementExp-3988
 17.400             Wait dur 0.1
 17.500             *Func-incrementExp-3989
 17.500             Wait dur 0.1
 17.600             *Func-incrementExp-3990
 17.600             Wait dur 0.1
 17.700             *Func-incrementExp-3991
 17.700             Wait dur 0.1
 17.800             *Func-incrementExp-3992
 17.800             Wait dur 0.1
 17.900             *Func-incrementExp-3993
 17.900             Wait dur 0.1
 18.000             *Func-incrementExp-3994
 18.000             Wait dur 0.1
 18.100             *Func-incrementExp-3995
 18.100             Wait dur 0.1
 18.200             *Func-incrementExp-3996
 18.200             Wait dur 0.1
 18.300             *Func-incrementExp-3997
 18.300             Wait dur 0.1
 18.400             *Func-incrementExp-3998
 18.400             Wait dur 0.1
 18.500             *Func-incrementExp-3999
 18.500             Wait dur 0.1
 18.600             *Func-incrementExp-4000
 18.600             Wait dur 0.1
 18.700             *Func-incrementExp-4001
 18.700             Wait dur 0.1
 18.800             *Func-incrementExp-4002
 18.800             Wait dur 0.1
 18.900             *Func-incrementExp-4003
 18.900             Wait dur 0.1
 19.000             *Func-incrementExp-4004
 19.000             Wait dur 0.1
 19.100             *Func-incrementExp-4005
 19.100             Wait dur 0.1
 19.200             *Func-incrementExp-4006
 19.200             Wait dur 0.1
 19.300             *Func-incrementExp-4007
 19.300             Wait dur 0.1
 19.400             *Func-incrementExp-4008
 19.400             Wait dur 0.1
 19.500             *Func-incrementExp-4009
 19.500             Wait dur 0.1
 19.600             *Func-incrementExp-4010
 19.600             Wait dur 0.1
 19.700             *Func-incrementExp-4011
 19.700             Wait dur 0.1
 19.800             *Func-incrementExp-4012
 19.800             Wait dur 0.1
 19.900             *Func-incrementExp-4013
 19.900             Wait dur 0.1
 20.000             *Func-incrementExp-4014
 20.000             Wait dur 0.1
 20.100             *Func-incrementExp-4015
 20.100             Wait dur 0.1
 20.200             *Func-incrementExp-4016
 20.200             Wait dur 0.1
 20.300             *Func-incrementExp-4017
 20.300             Wait dur 0.1
 20.400             *Func-incrementExp-4018
 20.400             Wait dur 0.1
 20.500             *Func-incrementExp-4019
 20.500             Wait dur 0.1
 20.600             *Func-incrementExp-4020
 20.600             Wait dur 0.1
 20.700             *Func-incrementExp-4021
 20.700             Wait dur 0.1
 20.800             *Func-incrementExp-4022
 20.800             Wait dur 0.1
 20.900             *Func-incrementExp-4023
 20.900             Wait dur 0.1
 21.000             *Func-incrementExp-4024
 21.000             Wait dur 0.1
 21.100             *Func-resetBarColor-4025
 21.100             Wait dur 0.1
 21.200             *Func-newGag-4026
 21.200             Wait dur 1
 22.200             *Func-setProp-4027
 22.200             Wait dur 1
 23.200             *Func-setProp-4028
 23.200             Wait dur 1.5
 24.700             *Func-cleanupNewGag-4029
 24.700             *Func-newGag-4030
 24.700             Wait dur 1
 25.700             *Func-setProp-4031
 25.700             Wait dur 1
 26.700             *Func-setProp-4032
 26.700             Wait dur 1.5
 28.200             *Func-cleanupNewGag-4033
 28.200             Wait dur 1
 29.200             *Func-initQuestFrame-4045
 29.200             Wait dur 1
 30.200             *Func-setProp-4034
 30.200             Wait dur 0.2
 30.400             *Func-setProp-4035
 30.400             Wait dur 0.2
 30.600             *Func-setProp-4036
 30.600             Wait dur 0.2
 30.800             *Func-setProp-4037
 30.800             Wait dur 0.2
 31.000             *Func-setProp-4038
 31.000             Wait dur 0.2
 31.200             *Func-setProp-4039
 31.200             Wait dur 0.2
 31.400             *Func-setProp-4040
 31.400             Wait dur 0.2
 31.600             *Func-setProp-4041
 31.600             *Func-setProp-4042
 31.600             Wait dur 0.2
 31.800             *Func-setProp-4043
 31.800             *Func-setProp-4044
 31.800             Wait dur 0.2
 32.000             Wait dur 2
 34.000             Wait dur 0.25
 34.250           }
 34.250           *Func-_teardownSkipListen-4623
 34.250           *Func-_setupSkipListen-4624
 34.250           Sequence-3238 {
 34.250             *Func-initGagFrame-4050
 34.250             Wait dur 1
 35.250             *Func-showTrackIncLabel-4051
 35.250             *Func-incrementExp-4052
 35.250             Wait dur 0.1
 35.350             *Func-incrementExp-4053
 35.350             Wait dur 0.1
 35.450             *Func-incrementExp-4054
 35.450             Wait dur 0.1
 35.550             *Func-incrementExp-4055
 35.550             Wait dur 0.1
 35.650             *Func-incrementExp-4056
 35.650             Wait dur 0.1
 35.750             *Func-incrementExp-4057
 35.750             Wait dur 0.1
 35.850             *Func-incrementExp-4058
 35.850             Wait dur 0.1
 35.950             *Func-incrementExp-4059
 35.950             Wait dur 0.1
 36.050             *Func-incrementExp-4060
 36.050             Wait dur 0.1
 36.150             *Func-incrementExp-4061
 36.150             Wait dur 0.1
 36.250             *Func-incrementExp-4062
 36.250             Wait dur 0.1
 36.350             *Func-incrementExp-4063
 36.350             Wait dur 0.1
 36.450             *Func-incrementExp-4064
 36.450             Wait dur 0.1
 36.550             *Func-incrementExp-4065
 36.550             Wait dur 0.1
 36.650             *Func-incrementExp-4066
 36.650             Wait dur 0.1
 36.750             *Func-incrementExp-4067
 36.750             Wait dur 0.1
 36.850             *Func-incrementExp-4068
 36.850             Wait dur 0.1
 36.950             *Func-incrementExp-4069
 36.950             Wait dur 0.1
 37.050             *Func-incrementExp-4070
 37.050             Wait dur 0.1
 37.150             *Func-incrementExp-4071
 37.150             Wait dur 0.1
 37.250             *Func-incrementExp-4072
 37.250             Wait dur 0.1
 37.350             *Func-incrementExp-4073
 37.350             Wait dur 0.1
 37.450             *Func-incrementExp-4074
 37.450             Wait dur 0.1
 37.550             *Func-incrementExp-4075
 37.550             Wait dur 0.1
 37.650             *Func-incrementExp-4076
 37.650             Wait dur 0.1
 37.750             *Func-incrementExp-4077
 37.750             Wait dur 0.1
 37.850             *Func-incrementExp-4078
 37.850             Wait dur 0.1
 37.950             *Func-incrementExp-4079
 37.950             Wait dur 0.1
 38.050             *Func-incrementExp-4080
 38.050             Wait dur 0.1
 38.150             *Func-incrementExp-4081
 38.150             Wait dur 0.1
 38.250             *Func-incrementExp-4082
 38.250             Wait dur 0.1
 38.350             *Func-incrementExp-4083
 38.350             Wait dur 0.1
 38.450             *Func-incrementExp-4084
 38.450             Wait dur 0.1
 38.550             *Func-incrementExp-4085
 38.550             Wait dur 0.1
 38.650             *Func-incrementExp-4086
 38.650             Wait dur 0.1
 38.750             *Func-incrementExp-4087
 38.750             Wait dur 0.1
 38.850             *Func-incrementExp-4088
 38.850             Wait dur 0.1
 38.950             *Func-incrementExp-4089
 38.950             Wait dur 0.1
 39.050             *Func-incrementExp-4090
 39.050             Wait dur 0.1
 39.150             *Func-incrementExp-4091
 39.150             Wait dur 0.1
 39.250             *Func-incrementExp-4092
 39.250             Wait dur 0.1
 39.350             *Func-incrementExp-4093
 39.350             Wait dur 0.1
 39.450             *Func-incrementExp-4094
 39.450             Wait dur 0.1
 39.550             *Func-incrementExp-4095
 39.550             Wait dur 0.1
 39.650             *Func-incrementExp-4096
 39.650             Wait dur 0.1
 39.750             *Func-incrementExp-4097
 39.750             Wait dur 0.1
 39.850             *Func-incrementExp-4098
 39.850             Wait dur 0.1
 39.950             *Func-incrementExp-4099
 39.950             Wait dur 0.1
 40.050             *Func-incrementExp-4100
 40.050             Wait dur 0.1
 40.150             *Func-incrementExp-4101
 40.150             Wait dur 0.1
 40.250             *Func-incrementExp-4102
 40.250             Wait dur 0.1
 40.350             *Func-incrementExp-4103
 40.350             Wait dur 0.1
 40.450             *Func-incrementExp-4104
 40.450             Wait dur 0.1
 40.550             *Func-incrementExp-4105
 40.550             Wait dur 0.1
 40.650             *Func-incrementExp-4106
 40.650             Wait dur 0.1
 40.750             *Func-incrementExp-4107
 40.750             Wait dur 0.1
 40.850             *Func-incrementExp-4108
 40.850             Wait dur 0.1
 40.950             *Func-resetBarColor-4109
 40.950             Wait dur 0.1
 41.050             *Func-showTrackIncLabel-4110
 41.050             *Func-incrementExp-4111
 41.050             Wait dur 0.1
 41.150             *Func-incrementExp-4112
 41.150             Wait dur 0.1
 41.250             *Func-incrementExp-4113
 41.250             Wait dur 0.1
 41.350             *Func-incrementExp-4114
 41.350             Wait dur 0.1
 41.450             *Func-incrementExp-4115
 41.450             Wait dur 0.1
 41.550             *Func-incrementExp-4116
 41.550             Wait dur 0.1
 41.650             *Func-incrementExp-4117
 41.650             Wait dur 0.1
 41.750             *Func-incrementExp-4118
 41.750             Wait dur 0.1
 41.850             *Func-incrementExp-4119
 41.850             Wait dur 0.1
 41.950             *Func-incrementExp-4120
 41.950             Wait dur 0.1
 42.050             *Func-incrementExp-4121
 42.050             Wait dur 0.1
 42.150             *Func-incrementExp-4122
 42.150             Wait dur 0.1
 42.250             *Func-incrementExp-4123
 42.250             Wait dur 0.1
 42.350             *Func-incrementExp-4124
 42.350             Wait dur 0.1
 42.450             *Func-incrementExp-4125
 42.450             Wait dur 0.1
 42.550             *Func-incrementExp-4126
 42.550             Wait dur 0.1
 42.650             *Func-incrementExp-4127
 42.650             Wait dur 0.1
 42.750             *Func-incrementExp-4128
 42.750             Wait dur 0.1
 42.850             *Func-incrementExp-4129
 42.850             Wait dur 0.1
 42.950             *Func-incrementExp-4130
 42.950             Wait dur 0.1
 43.050             *Func-incrementExp-4131
 43.050             Wait dur 0.1
 43.150             *Func-incrementExp-4132
 43.150             Wait dur 0.1
 43.250             *Func-incrementExp-4133
 43.250             Wait dur 0.1
 43.350             *Func-incrementExp-4134
 43.350             Wait dur 0.1
 43.450             *Func-incrementExp-4135
 43.450             Wait dur 0.1
 43.550             *Func-incrementExp-4136
 43.550             Wait dur 0.1
 43.650             *Func-incrementExp-4137
 43.650             Wait dur 0.1
 43.750             *Func-incrementExp-4138
 43.750             Wait dur 0.1
 43.850             *Func-incrementExp-4139
 43.850             Wait dur 0.1
 43.950             *Func-incrementExp-4140
 43.950             Wait dur 0.1
 44.050             *Func-incrementExp-4141
 44.050             Wait dur 0.1
 44.150             *Func-incrementExp-4142
 44.150             Wait dur 0.1
 44.250             *Func-incrementExp-4143
 44.250             Wait dur 0.1
 44.350             *Func-incrementExp-4144
 44.350             Wait dur 0.1
 44.450             *Func-incrementExp-4145
 44.450             Wait dur 0.1
 44.550             *Func-incrementExp-4146
 44.550             Wait dur 0.1
 44.650             *Func-incrementExp-4147
 44.650             Wait dur 0.1
 44.750             *Func-incrementExp-4148
 44.750             Wait dur 0.1
 44.850             *Func-incrementExp-4149
 44.850             Wait dur 0.1
 44.950             *Func-incrementExp-4150
 44.950             Wait dur 0.1
 45.050             *Func-incrementExp-4151
 45.050             Wait dur 0.1
 45.150             *Func-incrementExp-4152
 45.150             Wait dur 0.1
 45.250             *Func-incrementExp-4153
 45.250             Wait dur 0.1
 45.350             *Func-incrementExp-4154
 45.350             Wait dur 0.1
 45.450             *Func-incrementExp-4155
 45.450             Wait dur 0.1
 45.550             *Func-incrementExp-4156
 45.550             Wait dur 0.1
 45.650             *Func-incrementExp-4157
 45.650             Wait dur 0.1
 45.750             *Func-incrementExp-4158
 45.750             Wait dur 0.1
 45.850             *Func-incrementExp-4159
 45.850             Wait dur 0.1
 45.950             *Func-incrementExp-4160
 45.950             Wait dur 0.1
 46.050             *Func-incrementExp-4161
 46.050             Wait dur 0.1
 46.150             *Func-incrementExp-4162
 46.150             Wait dur 0.1
 46.250             *Func-incrementExp-4163
 46.250             Wait dur 0.1
 46.350             *Func-incrementExp-4164
 46.350             Wait dur 0.1
 46.450             *Func-incrementExp-4165
 46.450             Wait dur 0.1
 46.550             *Func-incrementExp-4166
 46.550             Wait dur 0.1
 46.650             *Func-incrementExp-4167
 46.650             Wait dur 0.1
 46.750             *Func-incrementExp-4168
 46.750             Wait dur 0.1
 46.850             *Func-incrementExp-4169
 46.850             Wait dur 0.1
 46.950             *Func-incrementExp-4170
 46.950             Wait dur 0.1
 47.050             *Func-incrementExp-4171
 47.050             Wait dur 0.1
 47.150             *Func-incrementExp-4172
 47.150             Wait dur 0.1
 47.250             *Func-incrementExp-4173
 47.250             Wait dur 0.1
 47.350             *Func-incrementExp-4174
 47.350             Wait dur 0.1
 47.450             *Func-incrementExp-4175
 47.450             Wait dur 0.1
 47.550             *Func-incrementExp-4176
 47.550             Wait dur 0.1
 47.650             *Func-incrementExp-4177
 47.650             Wait dur 0.1
 47.750             *Func-incrementExp-4178
 47.750             Wait dur 0.1
 47.850             *Func-resetBarColor-4179
 47.850             Wait dur 0.1
 47.950             *Func-showTrackIncLabel-4180
 47.950             *Func-incrementExp-4181
 47.950             Wait dur 0.1
 48.050             *Func-incrementExp-4182
 48.050             Wait dur 0.1
 48.150             *Func-incrementExp-4183
 48.150             Wait dur 0.1
 48.250             *Func-incrementExp-4184
 48.250             Wait dur 0.1
 48.350             *Func-incrementExp-4185
 48.350             Wait dur 0.1
 48.450             *Func-incrementExp-4186
 48.450             Wait dur 0.1
 48.550             *Func-incrementExp-4187
 48.550             Wait dur 0.1
 48.650             *Func-incrementExp-4188
 48.650             Wait dur 0.1
 48.750             *Func-incrementExp-4189
 48.750             Wait dur 0.1
 48.850             *Func-incrementExp-4190
 48.850             Wait dur 0.1
 48.950             *Func-incrementExp-4191
 48.950             Wait dur 0.1
 49.050             *Func-incrementExp-4192
 49.050             Wait dur 0.1
 49.150             *Func-incrementExp-4193
 49.150             Wait dur 0.1
 49.250             *Func-incrementExp-4194
 49.250             Wait dur 0.1
 49.350             *Func-incrementExp-4195
 49.350             Wait dur 0.1
 49.450             *Func-incrementExp-4196
 49.450             Wait dur 0.1
 49.550             *Func-incrementExp-4197
 49.550             Wait dur 0.1
 49.650             *Func-incrementExp-4198
 49.650             Wait dur 0.1
 49.750             *Func-incrementExp-4199
 49.750             Wait dur 0.1
 49.850             *Func-incrementExp-4200
 49.850             Wait dur 0.1
 49.950             *Func-incrementExp-4201
 49.950             Wait dur 0.1
 50.050             *Func-incrementExp-4202
 50.050             Wait dur 0.1
 50.150             *Func-incrementExp-4203
 50.150             Wait dur 0.1
 50.250             *Func-incrementExp-4204
 50.250             Wait dur 0.1
 50.350             *Func-incrementExp-4205
 50.350             Wait dur 0.1
 50.450             *Func-incrementExp-4206
 50.450             Wait dur 0.1
 50.550             *Func-incrementExp-4207
 50.550             Wait dur 0.1
 50.650             *Func-incrementExp-4208
 50.650             Wait dur 0.1
 50.750             *Func-incrementExp-4209
 50.750             Wait dur 0.1
 50.850             *Func-incrementExp-4210
 50.850             Wait dur 0.1
 50.950             *Func-incrementExp-4211
 50.950             Wait dur 0.1
 51.050             *Func-incrementExp-4212
 51.050             Wait dur 0.1
 51.150             *Func-incrementExp-4213
 51.150             Wait dur 0.1
 51.250             *Func-incrementExp-4214
 51.250             Wait dur 0.1
 51.350             *Func-incrementExp-4215
 51.350             Wait dur 0.1
 51.450             *Func-incrementExp-4216
 51.450             Wait dur 0.1
 51.550             *Func-incrementExp-4217
 51.550             Wait dur 0.1
 51.650             *Func-incrementExp-4218
 51.650             Wait dur 0.1
 51.750             *Func-incrementExp-4219
 51.750             Wait dur 0.1
 51.850             *Func-incrementExp-4220
 51.850             Wait dur 0.1
 51.950             *Func-incrementExp-4221
 51.950             Wait dur 0.1
 52.050             *Func-incrementExp-4222
 52.050             Wait dur 0.1
 52.150             *Func-incrementExp-4223
 52.150             Wait dur 0.1
 52.250             *Func-incrementExp-4224
 52.250             Wait dur 0.1
 52.350             *Func-incrementExp-4225
 52.350             Wait dur 0.1
 52.450             *Func-incrementExp-4226
 52.450             Wait dur 0.1
 52.550             *Func-incrementExp-4227
 52.550             Wait dur 0.1
 52.650             *Func-incrementExp-4228
 52.650             Wait dur 0.1
 52.750             *Func-incrementExp-4229
 52.750             Wait dur 0.1
 52.850             *Func-incrementExp-4230
 52.850             Wait dur 0.1
 52.950             *Func-incrementExp-4231
 52.950             Wait dur 0.1
 53.050             *Func-incrementExp-4232
 53.050             Wait dur 0.1
 53.150             *Func-incrementExp-4233
 53.150             Wait dur 0.1
 53.250             *Func-incrementExp-4234
 53.250             Wait dur 0.1
 53.350             *Func-incrementExp-4235
 53.350             Wait dur 0.1
 53.450             *Func-incrementExp-4236
 53.450             Wait dur 0.1
 53.550             *Func-incrementExp-4237
 53.550             Wait dur 0.1
 53.650             *Func-incrementExp-4238
 53.650             Wait dur 0.1
 53.750             *Func-resetBarColor-4239
 53.750             Wait dur 0.1
 53.850             *Func-showTrackIncLabel-4240
 53.850             *Func-incrementExp-4241
 53.850             Wait dur 0.1
 53.950             *Func-incrementExp-4242
 53.950             Wait dur 0.1
 54.050             *Func-incrementExp-4243
 54.050             Wait dur 0.1
 54.150             *Func-incrementExp-4244
 54.150             Wait dur 0.1
 54.250             *Func-incrementExp-4245
 54.250             Wait dur 0.1
 54.350             *Func-incrementExp-4246
 54.350             Wait dur 0.1
 54.450             *Func-incrementExp-4247
 54.450             Wait dur 0.1
 54.550             *Func-incrementExp-4248
 54.550             Wait dur 0.1
 54.650             *Func-incrementExp-4249
 54.650             Wait dur 0.1
 54.750             *Func-incrementExp-4250
 54.750             Wait dur 0.1
 54.850             *Func-incrementExp-4251
 54.850             Wait dur 0.1
 54.950             *Func-incrementExp-4252
 54.950             Wait dur 0.1
 55.050             *Func-incrementExp-4253
 55.050             Wait dur 0.1
 55.150             *Func-incrementExp-4254
 55.150             Wait dur 0.1
 55.250             *Func-incrementExp-4255
 55.250             Wait dur 0.1
 55.350             *Func-incrementExp-4256
 55.350             Wait dur 0.1
 55.450             *Func-incrementExp-4257
 55.450             Wait dur 0.1
 55.550             *Func-incrementExp-4258
 55.550             Wait dur 0.1
 55.650             *Func-incrementExp-4259
 55.650             Wait dur 0.1
 55.750             *Func-incrementExp-4260
 55.750             Wait dur 0.1
 55.850             *Func-incrementExp-4261
 55.850             Wait dur 0.1
 55.950             *Func-incrementExp-4262
 55.950             Wait dur 0.1
 56.050             *Func-incrementExp-4263
 56.050             Wait dur 0.1
 56.150             *Func-incrementExp-4264
 56.150             Wait dur 0.1
 56.250             *Func-incrementExp-4265
 56.250             Wait dur 0.1
 56.350             *Func-incrementExp-4266
 56.350             Wait dur 0.1
 56.450             *Func-incrementExp-4267
 56.450             Wait dur 0.1
 56.550             *Func-incrementExp-4268
 56.550             Wait dur 0.1
 56.650             *Func-incrementExp-4269
 56.650             Wait dur 0.1
 56.750             *Func-incrementExp-4270
 56.750             Wait dur 0.1
 56.850             *Func-incrementExp-4271
 56.850             Wait dur 0.1
 56.950             *Func-incrementExp-4272
 56.950             Wait dur 0.1
 57.050             *Func-incrementExp-4273
 57.050             Wait dur 0.1
 57.150             *Func-incrementExp-4274
 57.150             Wait dur 0.1
 57.250             *Func-incrementExp-4275
 57.250             Wait dur 0.1
 57.350             *Func-incrementExp-4276
 57.350             Wait dur 0.1
 57.450             *Func-incrementExp-4277
 57.450             Wait dur 0.1
 57.550             *Func-incrementExp-4278
 57.550             Wait dur 0.1
 57.650             *Func-incrementExp-4279
 57.650             Wait dur 0.1
 57.750             *Func-incrementExp-4280
 57.750             Wait dur 0.1
 57.850             *Func-incrementExp-4281
 57.850             Wait dur 0.1
 57.950             *Func-incrementExp-4282
 57.950             Wait dur 0.1
 58.050             *Func-incrementExp-4283
 58.050             Wait dur 0.1
 58.150             *Func-incrementExp-4284
 58.150             Wait dur 0.1
 58.250             *Func-incrementExp-4285
 58.250             Wait dur 0.1
 58.350             *Func-incrementExp-4286
 58.350             Wait dur 0.1
 58.450             *Func-incrementExp-4287
 58.450             Wait dur 0.1
 58.550             *Func-incrementExp-4288
 58.550             Wait dur 0.1
 58.650             *Func-incrementExp-4289
 58.650             Wait dur 0.1
 58.750             *Func-incrementExp-4290
 58.750             Wait dur 0.1
 58.850             *Func-incrementExp-4291
 58.850             Wait dur 0.1
 58.950             *Func-incrementExp-4292
 58.950             Wait dur 0.1
 59.050             *Func-incrementExp-4293
 59.050             Wait dur 0.1
 59.150             *Func-incrementExp-4294
 59.150             Wait dur 0.1
 59.250             *Func-incrementExp-4295
 59.250             Wait dur 0.1
 59.350             *Func-incrementExp-4296
 59.350             Wait dur 0.1
 59.450             *Func-incrementExp-4297
 59.450             Wait dur 0.1
 59.550             *Func-incrementExp-4298
 59.550             Wait dur 0.1
 59.650             *Func-incrementExp-4299
 59.650             Wait dur 0.1
 59.750             *Func-incrementExp-4300
 59.750             Wait dur 0.1
 59.850             *Func-incrementExp-4301
 59.850             Wait dur 0.1
 59.950             *Func-incrementExp-4302
 59.950             Wait dur 0.1
 60.050             *Func-incrementExp-4303
 60.050             Wait dur 0.1
 60.150             *Func-incrementExp-4304
 60.150             Wait dur 0.1
 60.250             *Func-incrementExp-4305
 60.250             Wait dur 0.1
 60.350             *Func-incrementExp-4306
 60.350             Wait dur 0.1
 60.450             *Func-incrementExp-4307
 60.450             Wait dur 0.1
 60.550             *Func-incrementExp-4308
 60.550             Wait dur 0.1
 60.650             *Func-resetBarColor-4309
 60.650             Wait dur 0.1
 60.750             *Func-showTrackIncLabel-4310
 60.750             *Func-incrementExp-4311
 60.750             Wait dur 0.1
 60.850             *Func-incrementExp-4312
 60.850             Wait dur 0.1
 60.950             *Func-incrementExp-4313
 60.950             Wait dur 0.1
 61.050             *Func-incrementExp-4314
 61.050             Wait dur 0.1
 61.150             *Func-incrementExp-4315
 61.150             Wait dur 0.1
 61.250             *Func-incrementExp-4316
 61.250             Wait dur 0.1
 61.350             *Func-incrementExp-4317
 61.350             Wait dur 0.1
 61.450             *Func-incrementExp-4318
 61.450             Wait dur 0.1
 61.550             *Func-incrementExp-4319
 61.550             Wait dur 0.1
 61.650             *Func-incrementExp-4320
 61.650             Wait dur 0.1
 61.750             *Func-incrementExp-4321
 61.750             Wait dur 0.1
 61.850             *Func-incrementExp-4322
 61.850             Wait dur 0.1
 61.950             *Func-incrementExp-4323
 61.950             Wait dur 0.1
 62.050             *Func-incrementExp-4324
 62.050             Wait dur 0.1
 62.150             *Func-incrementExp-4325
 62.150             Wait dur 0.1
 62.250             *Func-incrementExp-4326
 62.250             Wait dur 0.1
 62.350             *Func-incrementExp-4327
 62.350             Wait dur 0.1
 62.450             *Func-incrementExp-4328
 62.450             Wait dur 0.1
 62.550             *Func-incrementExp-4329
 62.550             Wait dur 0.1
 62.650             *Func-incrementExp-4330
 62.650             Wait dur 0.1
 62.750             *Func-incrementExp-4331
 62.750             Wait dur 0.1
 62.850             *Func-incrementExp-4332
 62.850             Wait dur 0.1
 62.950             *Func-incrementExp-4333
 62.950             Wait dur 0.1
 63.050             *Func-incrementExp-4334
 63.050             Wait dur 0.1
 63.150             *Func-incrementExp-4335
 63.150             Wait dur 0.1
 63.250             *Func-incrementExp-4336
 63.250             Wait dur 0.1
 63.350             *Func-incrementExp-4337
 63.350             Wait dur 0.1
 63.450             *Func-incrementExp-4338
 63.450             Wait dur 0.1
 63.550             *Func-incrementExp-4339
 63.550             Wait dur 0.1
 63.650             *Func-incrementExp-4340
 63.650             Wait dur 0.1
 63.750             *Func-incrementExp-4341
 63.750             Wait dur 0.1
 63.850             *Func-incrementExp-4342
 63.850             Wait dur 0.1
 63.950             *Func-incrementExp-4343
 63.950             Wait dur 0.1
 64.050             *Func-incrementExp-4344
 64.050             Wait dur 0.1
 64.150             *Func-incrementExp-4345
 64.150             Wait dur 0.1
 64.250             *Func-incrementExp-4346
 64.250             Wait dur 0.1
 64.350             *Func-incrementExp-4347
 64.350             Wait dur 0.1
 64.450             *Func-incrementExp-4348
 64.450             Wait dur 0.1
 64.550             *Func-incrementExp-4349
 64.550             Wait dur 0.1
 64.650             *Func-incrementExp-4350
 64.650             Wait dur 0.1
 64.750             *Func-incrementExp-4351
 64.750             Wait dur 0.1
 64.850             *Func-incrementExp-4352
 64.850             Wait dur 0.1
 64.950             *Func-incrementExp-4353
 64.950             Wait dur 0.1
 65.050             *Func-incrementExp-4354
 65.050             Wait dur 0.1
 65.150             *Func-incrementExp-4355
 65.150             Wait dur 0.1
 65.250             *Func-incrementExp-4356
 65.250             Wait dur 0.1
 65.350             *Func-incrementExp-4357
 65.350             Wait dur 0.1
 65.450             *Func-incrementExp-4358
 65.450             Wait dur 0.1
 65.550             *Func-incrementExp-4359
 65.550             Wait dur 0.1
 65.650             *Func-incrementExp-4360
 65.650             Wait dur 0.1
 65.750             *Func-incrementExp-4361
 65.750             Wait dur 0.1
 65.850             *Func-incrementExp-4362
 65.850             Wait dur 0.1
 65.950             *Func-incrementExp-4363
 65.950             Wait dur 0.1
 66.050             *Func-incrementExp-4364
 66.050             Wait dur 0.1
 66.150             *Func-incrementExp-4365
 66.150             Wait dur 0.1
 66.250             *Func-incrementExp-4366
 66.250             Wait dur 0.1
 66.350             *Func-incrementExp-4367
 66.350             Wait dur 0.1
 66.450             *Func-incrementExp-4368
 66.450             Wait dur 0.1
 66.550             *Func-incrementExp-4369
 66.550             Wait dur 0.1
 66.650             *Func-incrementExp-4370
 66.650             Wait dur 0.1
 66.750             *Func-incrementExp-4371
 66.750             Wait dur 0.1
 66.850             *Func-incrementExp-4372
 66.850             Wait dur 0.1
 66.950             *Func-incrementExp-4373
 66.950             Wait dur 0.1
 67.050             *Func-incrementExp-4374
 67.050             Wait dur 0.1
 67.150             *Func-incrementExp-4375
 67.150             Wait dur 0.1
 67.250             *Func-incrementExp-4376
 67.250             Wait dur 0.1
 67.350             *Func-incrementExp-4377
 67.350             Wait dur 0.1
 67.450             *Func-incrementExp-4378
 67.450             Wait dur 0.1
 67.550             *Func-resetBarColor-4379
 67.550             Wait dur 0.1
 67.650             *Func-showTrackIncLabel-4380
 67.650             *Func-incrementExp-4381
 67.650             Wait dur 0.1
 67.750             *Func-incrementExp-4382
 67.750             Wait dur 0.1
 67.850             *Func-incrementExp-4383
 67.850             Wait dur 0.1
 67.950             *Func-incrementExp-4384
 67.950             Wait dur 0.1
 68.050             *Func-incrementExp-4385
 68.050             Wait dur 0.1
 68.150             *Func-incrementExp-4386
 68.150             Wait dur 0.1
 68.250             *Func-incrementExp-4387
 68.250             Wait dur 0.1
 68.350             *Func-incrementExp-4388
 68.350             Wait dur 0.1
 68.450             *Func-incrementExp-4389
 68.450             Wait dur 0.1
 68.550             *Func-incrementExp-4390
 68.550             Wait dur 0.1
 68.650             *Func-incrementExp-4391
 68.650             Wait dur 0.1
 68.750             *Func-incrementExp-4392
 68.750             Wait dur 0.1
 68.850             *Func-incrementExp-4393
 68.850             Wait dur 0.1
 68.950             *Func-incrementExp-4394
 68.950             Wait dur 0.1
 69.050             *Func-incrementExp-4395
 69.050             Wait dur 0.1
 69.150             *Func-incrementExp-4396
 69.150             Wait dur 0.1
 69.250             *Func-incrementExp-4397
 69.250             Wait dur 0.1
 69.350             *Func-incrementExp-4398
 69.350             Wait dur 0.1
 69.450             *Func-incrementExp-4399
 69.450             Wait dur 0.1
 69.550             *Func-incrementExp-4400
 69.550             Wait dur 0.1
 69.650             *Func-incrementExp-4401
 69.650             Wait dur 0.1
 69.750             *Func-incrementExp-4402
 69.750             Wait dur 0.1
 69.850             *Func-incrementExp-4403
 69.850             Wait dur 0.1
 69.950             *Func-incrementExp-4404
 69.950             Wait dur 0.1
 70.050             *Func-incrementExp-4405
 70.050             Wait dur 0.1
 70.150             *Func-incrementExp-4406
 70.150             Wait dur 0.1
 70.250             *Func-incrementExp-4407
 70.250             Wait dur 0.1
 70.350             *Func-incrementExp-4408
 70.350             Wait dur 0.1
 70.450             *Func-incrementExp-4409
 70.450             Wait dur 0.1
 70.550             *Func-incrementExp-4410
 70.550             Wait dur 0.1
 70.650             *Func-incrementExp-4411
 70.650             Wait dur 0.1
 70.750             *Func-incrementExp-4412
 70.750             Wait dur 0.1
 70.850             *Func-incrementExp-4413
 70.850             Wait dur 0.1
 70.950             *Func-incrementExp-4414
 70.950             Wait dur 0.1
 71.050             *Func-incrementExp-4415
 71.050             Wait dur 0.1
 71.150             *Func-incrementExp-4416
 71.150             Wait dur 0.1
 71.250             *Func-incrementExp-4417
 71.250             Wait dur 0.1
 71.350             *Func-incrementExp-4418
 71.350             Wait dur 0.1
 71.450             *Func-incrementExp-4419
 71.450             Wait dur 0.1
 71.550             *Func-incrementExp-4420
 71.550             Wait dur 0.1
 71.650             *Func-incrementExp-4421
 71.650             Wait dur 0.1
 71.750             *Func-incrementExp-4422
 71.750             Wait dur 0.1
 71.850             *Func-incrementExp-4423
 71.850             Wait dur 0.1
 71.950             *Func-incrementExp-4424
 71.950             Wait dur 0.1
 72.050             *Func-incrementExp-4425
 72.050             Wait dur 0.1
 72.150             *Func-incrementExp-4426
 72.150             Wait dur 0.1
 72.250             *Func-incrementExp-4427
 72.250             Wait dur 0.1
 72.350             *Func-incrementExp-4428
 72.350             Wait dur 0.1
 72.450             *Func-incrementExp-4429
 72.450             Wait dur 0.1
 72.550             *Func-incrementExp-4430
 72.550             Wait dur 0.1
 72.650             *Func-incrementExp-4431
 72.650             Wait dur 0.1
 72.750             *Func-incrementExp-4432
 72.750             Wait dur 0.1
 72.850             *Func-incrementExp-4433
 72.850             Wait dur 0.1
 72.950             *Func-incrementExp-4434
 72.950             Wait dur 0.1
 73.050             *Func-incrementExp-4435
 73.050             Wait dur 0.1
 73.150             *Func-incrementExp-4436
 73.150             Wait dur 0.1
 73.250             *Func-incrementExp-4437
 73.250             Wait dur 0.1
 73.350             *Func-incrementExp-4438
 73.350             Wait dur 0.1
 73.450             *Func-incrementExp-4439
 73.450             Wait dur 0.1
 73.550             *Func-incrementExp-4440
 73.550             Wait dur 0.1
 73.650             *Func-incrementExp-4441
 73.650             Wait dur 0.1
 73.750             *Func-incrementExp-4442
 73.750             Wait dur 0.1
 73.850             *Func-incrementExp-4443
 73.850             Wait dur 0.1
 73.950             *Func-incrementExp-4444
 73.950             Wait dur 0.1
 74.050             *Func-incrementExp-4445
 74.050             Wait dur 0.1
 74.150             *Func-incrementExp-4446
 74.150             Wait dur 0.1
 74.250             *Func-resetBarColor-4447
 74.250             Wait dur 0.1
 74.350             *Func-incrementMerits-4448
 74.350             Wait dur 0.08
 74.430             *Func-incrementMerits-4449
 74.430             Wait dur 0.08
 74.510             *Func-incrementMerits-4450
 74.510             Wait dur 0.08
 74.590             *Func-incrementMerits-4451
 74.590             Wait dur 0.08
 74.670             *Func-incrementMerits-4452
 74.670             Wait dur 0.08
 74.750             *Func-incrementMerits-4453
 74.750             Wait dur 0.08
 74.830             *Func-incrementMerits-4454
 74.830             Wait dur 0.08
 74.910             *Func-incrementMerits-4455
 74.910             Wait dur 0.08
 74.990             *Func-incrementMerits-4456
 74.990             Wait dur 0.08
 75.070             *Func-incrementMerits-4457
 75.070             Wait dur 0.08
 75.150             *Func-incrementMerits-4458
 75.150             Wait dur 0.08
 75.230             *Func-incrementMerits-4459
 75.230             Wait dur 0.08
 75.310             *Func-incrementMerits-4460
 75.310             Wait dur 0.08
 75.390             *Func-incrementMerits-4461
 75.390             Wait dur 0.08
 75.470             *Func-incrementMerits-4462
 75.470             Wait dur 0.08
 75.550             *Func-incrementMerits-4463
 75.550             Wait dur 0.08
 75.630             *Func-incrementMerits-4464
 75.630             Wait dur 0.08
 75.710             *Func-incrementMerits-4465
 75.710             Wait dur 0.08
 75.790             *Func-incrementMerits-4466
 75.790             Wait dur 0.08
 75.870             *Func-incrementMerits-4467
 75.870             Wait dur 0.08
 75.950             *Func-incrementMerits-4468
 75.950             Wait dur 0.08
 76.030             *Func-incrementMerits-4469
 76.030             Wait dur 0.08
 76.110             *Func-incrementMerits-4470
 76.110             Wait dur 0.08
 76.190             *Func-incrementMerits-4471
 76.190             Wait dur 0.08
 76.270             *Func-incrementMerits-4472
 76.270             Wait dur 0.08
 76.350             *Func-incrementMerits-4473
 76.350             Wait dur 0.08
 76.430             *Func-incrementMerits-4474
 76.430             Wait dur 0.08
 76.510             *Func-incrementMerits-4475
 76.510             Wait dur 0.08
 76.590             *Func-incrementMerits-4476
 76.590             Wait dur 0.08
 76.670             *Func-incrementMerits-4477
 76.670             Wait dur 0.08
 76.750             *Func-incrementMerits-4478
 76.750             Wait dur 0.08
 76.830             *Func-incrementMerits-4479
 76.830             Wait dur 0.08
 76.910             *Func-incrementMerits-4480
 76.910             Wait dur 0.08
 76.990             *Func-incrementMerits-4481
 76.990             Wait dur 0.08
 77.070             *Func-incrementMerits-4482
 77.070             Wait dur 0.08
 77.150             *Func-incrementMerits-4483
 77.150             Wait dur 0.08
 77.230             *Func-incrementMerits-4484
 77.230             Wait dur 0.08
 77.310             *Func-incrementMerits-4485
 77.310             Wait dur 0.08
 77.390             *Func-incrementMerits-4486
 77.390             Wait dur 0.08
 77.470             *Func-incrementMerits-4487
 77.470             Wait dur 0.08
 77.550             *Func-incrementMerits-4488
 77.550             Wait dur 0.08
 77.630             *Func-incrementMerits-4489
 77.630             Wait dur 0.08
 77.710             *Func-incrementMerits-4490
 77.710             Wait dur 0.08
 77.790             *Func-incrementMerits-4491
 77.790             Wait dur 0.08
 77.870             *Func-incrementMerits-4492
 77.870             Wait dur 0.08
 77.950             *Func-incrementMerits-4493
 77.950             Wait dur 0.08
 78.030             *Func-incrementMerits-4494
 78.030             Wait dur 0.08
 78.110             *Func-incrementMerits-4495
 78.110             Wait dur 0.08
 78.190             *Func-incrementMerits-4496
 78.190             Wait dur 0.08
 78.270             *Func-incrementMerits-4497
 78.270             Wait dur 0.08
 78.350             *Func-incrementMerits-4498
 78.350             Wait dur 0.08
 78.430             *Func-incrementMerits-4499
 78.430             Wait dur 0.08
 78.510             *Func-incrementMerits-4500
 78.510             Wait dur 0.08
 78.590             *Func-incrementMerits-4501
 78.590             Wait dur 0.08
 78.670             *Func-incrementMerits-4502
 78.670             Wait dur 0.08
 78.750             *Func-incrementMerits-4503
 78.750             Wait dur 0.08
 78.830             *Func-incrementMerits-4504
 78.830             Wait dur 0.08
 78.910             *Func-incrementMerits-4505
 78.910             Wait dur 0.08
 78.990             *Func-incrementMerits-4506
 78.990             Wait dur 0.08
 79.070             *Func-incrementMerits-4507
 79.070             Wait dur 0.08
 79.150             *Func-incrementMerits-4508
 79.150             Wait dur 0.08
 79.230             *Func-incrementMerits-4509
 79.230             Wait dur 0.08
 79.310             *Func-incrementMerits-4510
 79.310             Wait dur 0.08
 79.390             *Func-incrementMerits-4511
 79.390             Wait dur 0.08
 79.470             *Func-incrementMerits-4512
 79.470             Wait dur 0.08
 79.550             *Func-incrementMerits-4513
 79.550             Wait dur 0.08
 79.630             *Func-incrementMerits-4514
 79.630             Wait dur 0.08
 79.710             *Func-incrementMerits-4515
 79.710             Wait dur 0.08
 79.790             *Func-incrementMerits-4516
 79.790             Wait dur 0.08
 79.870             *Func-incrementMerits-4517
 79.870             Wait dur 0.08
 79.950             *Func-incrementMerits-4518
 79.950             Wait dur 0.08
 80.030             *Func-incrementMerits-4519
 80.030             Wait dur 0.08
 80.110             *Func-incrementMerits-4520
 80.110             Wait dur 0.08
 80.190             *Func-incrementMerits-4521
 80.190             Wait dur 0.08
 80.270             *Func-incrementMerits-4522
 80.270             Wait dur 0.08
 80.350             *Func-incrementMerits-4523
 80.350             Wait dur 0.08
 80.430             *Func-incrementMerits-4524
 80.430             Wait dur 0.08
 80.510             *Func-incrementMerits-4525
 80.510             Wait dur 0.08
 80.590             *Func-incrementMerits-4526
 80.590             Wait dur 0.08
 80.670             *Func-incrementMerits-4527
 80.670             Wait dur 0.08
 80.750             *Func-incrementMerits-4528
 80.750             Wait dur 0.08
 80.830             *Func-incrementMerits-4529
 80.830             Wait dur 0.08
 80.910             *Func-incrementMerits-4530
 80.910             Wait dur 0.08
 80.990             *Func-incrementMerits-4531
 80.990             Wait dur 0.08
 81.070             *Func-incrementMerits-4532
 81.070             Wait dur 0.08
 81.150             *Func-incrementMerits-4533
 81.150             Wait dur 0.08
 81.230             *Func-incrementMerits-4534
 81.230             Wait dur 0.08
 81.310             *Func-incrementMerits-4535
 81.310             Wait dur 0.08
 81.390             *Func-incrementMerits-4536
 81.390             Wait dur 0.08
 81.470             *Func-incrementMerits-4537
 81.470             Wait dur 0.08
 81.550             *Func-incrementMerits-4538
 81.550             Wait dur 0.08
 81.630             *Func-incrementMerits-4539
 81.630             Wait dur 0.08
 81.710             *Func-incrementMerits-4540
 81.710             Wait dur 0.08
 81.790             *Func-incrementMerits-4541
 81.790             Wait dur 0.08
 81.870             *Func-resetMeritBarColor-4542
 81.870             Wait dur 0.3
 82.170             *Func-incrementMerits-4543
 82.170             Wait dur 0.08
 82.250             *Func-incrementMerits-4544
 82.250             Wait dur 0.08
 82.330             *Func-incrementMerits-4545
 82.330             Wait dur 0.08
 82.410             *Func-incrementMerits-4546
 82.410             Wait dur 0.08
 82.490             *Func-incrementMerits-4547
 82.490             Wait dur 0.08
 82.570             *Func-incrementMerits-4548
 82.570             Wait dur 0.08
 82.650             *Func-incrementMerits-4549
 82.650             Wait dur 0.08
 82.730             *Func-incrementMerits-4550
 82.730             Wait dur 0.08
 82.810             *Func-incrementMerits-4551
 82.810             Wait dur 0.08
 82.890             *Func-incrementMerits-4552
 82.890             Wait dur 0.08
 82.970             *Func-incrementMerits-4553
 82.970             Wait dur 0.08
 83.050             *Func-incrementMerits-4554
 83.050             Wait dur 0.08
 83.130             *Func-incrementMerits-4555
 83.130             Wait dur 0.08
 83.210             *Func-incrementMerits-4556
 83.210             Wait dur 0.08
 83.290             *Func-incrementMerits-4557
 83.290             Wait dur 0.08
 83.370             *Func-incrementMerits-4558
 83.370             Wait dur 0.08
 83.450             *Func-incrementMerits-4559
 83.450             Wait dur 0.08
 83.530             *Func-incrementMerits-4560
 83.530             Wait dur 0.08
 83.610             *Func-incrementMerits-4561
 83.610             Wait dur 0.08
 83.690             *Func-incrementMerits-4562
 83.690             Wait dur 0.08
 83.770             *Func-incrementMerits-4563
 83.770             Wait dur 0.08
 83.850             *Func-incrementMerits-4564
 83.850             Wait dur 0.08
 83.930             *Func-incrementMerits-4565
 83.930             Wait dur 0.08
 84.010             *Func-incrementMerits-4566
 84.010             Wait dur 0.08
 84.090             *Func-incrementMerits-4567
 84.090             Wait dur 0.08
 84.170             *Func-incrementMerits-4568
 84.170             Wait dur 0.08
 84.250             *Func-incrementMerits-4569
 84.250             Wait dur 0.08
 84.330             *Func-incrementMerits-4570
 84.330             Wait dur 0.08
 84.410             *Func-incrementMerits-4571
 84.410             Wait dur 0.08
 84.490             *Func-incrementMerits-4572
 84.490             Wait dur 0.08
 84.570             *Func-incrementMerits-4573
 84.570             Wait dur 0.08
 84.650             *Func-incrementMerits-4574
 84.650             Wait dur 0.08
 84.730             *Func-incrementMerits-4575
 84.730             Wait dur 0.08
 84.810             *Func-incrementMerits-4576
 84.810             Wait dur 0.08
 84.890             *Func-incrementMerits-4577
 84.890             Wait dur 0.08
 84.970             *Func-incrementMerits-4578
 84.970             Wait dur 0.08
 85.050             *Func-incrementMerits-4579
 85.050             Wait dur 0.08
 85.130             *Func-incrementMerits-4580
 85.130             Wait dur 0.08
 85.210             *Func-incrementMerits-4581
 85.210             Wait dur 0.08
 85.290             *Func-incrementMerits-4582
 85.290             Wait dur 0.08
 85.370             *Func-incrementMerits-4583
 85.370             Wait dur 0.08
 85.450             *Func-incrementMerits-4584
 85.450             Wait dur 0.08
 85.530             *Func-incrementMerits-4585
 85.530             Wait dur 0.08
 85.610             *Func-incrementMerits-4586
 85.610             Wait dur 0.08
 85.690             *Func-incrementMerits-4587
 85.690             Wait dur 0.08
 85.770             *Func-incrementMerits-4588
 85.770             Wait dur 0.08
 85.850             *Func-incrementMerits-4589
 85.850             Wait dur 0.08
 85.930             *Func-incrementMerits-4590
 85.930             Wait dur 0.08
 86.010             *Func-incrementMerits-4591
 86.010             Wait dur 0.08
 86.090             *Func-incrementMerits-4592
 86.090             Wait dur 0.08
 86.170             *Func-incrementMerits-4593
 86.170             Wait dur 0.08
 86.250             *Func-incrementMerits-4594
 86.250             Wait dur 0.08
 86.330             *Func-incrementMerits-4595
 86.330             Wait dur 0.08
 86.410             *Func-incrementMerits-4596
 86.410             Wait dur 0.08
 86.490             *Func-incrementMerits-4597
 86.490             Wait dur 0.08
 86.570             *Func-incrementMerits-4598
 86.570             Wait dur 0.08
 86.650             *Func-incrementMerits-4599
 86.650             Wait dur 0.08
 86.730             *Func-incrementMerits-4600
 86.730             Wait dur 0.08
 86.810             *Func-incrementMerits-4601
 86.810             Wait dur 0.08
 86.890             *Func-incrementMerits-4602
 86.890             Wait dur 0.08
 86.970             *Func-incrementMerits-4603
 86.970             Wait dur 0.08
 87.050             *Func-incrementMerits-4604
 87.050             Wait dur 0.08
 87.130             *Func-incrementMerits-4605
 87.130             Wait dur 0.08
 87.210             *Func-incrementMerits-4606
 87.210             Wait dur 0.08
 87.290             *Func-incrementMerits-4607
 87.290             Wait dur 0.08
 87.370             *Func-incrementMerits-4608
 87.370             Wait dur 0.08
 87.450             *Func-incrementMerits-4609
 87.450             Wait dur 0.08
 87.530             *Func-incrementMerits-4610
 87.530             Wait dur 0.08
 87.610             *Func-incrementMerits-4611
 87.610             Wait dur 0.08
 87.690             *Func-incrementMerits-4612
 87.690             Wait dur 0.08
 87.770             *Func-incrementMerits-4613
 87.770             Wait dur 0.08
 87.850             *Func-incrementMerits-4614
 87.850             Wait dur 0.08
 87.930             *Func-incrementMerits-4615
 87.930             Wait dur 0.08
 88.010             *Func-incrementMerits-4616
 88.010             Wait dur 0.08
 88.090             *Func-incrementMerits-4617
 88.090             Wait dur 0.08
 88.170             *Func-incrementMerits-4618
 88.170             Wait dur 0.08
 88.250             *Func-incrementMerits-4619
 88.250             Wait dur 0.08
 88.330             *Func-incrementMerits-4620
 88.330             Wait dur 0.08
 88.410             *Func-incrementMerits-4621
 88.410             Wait dur 0.08
 88.490             *Func-resetMeritBarColor-4622
 88.490             Wait dur 0.3
 88.790             Wait dur 1
 89.790             Wait dur 0.25
 90.040           }
 90.040           *Func-_teardownSkipListen-4627
 90.040           *Func-destroy-4628
 90.040           *Func-hide-4629
 90.040           *Func-setOnscreenChatForced-4630
 90.040           Sequence-3234 {
 90.040           }
 90.040         }
  0.000         *Sound-456 dur 90.04
 90.040       }
 90.040       *Func-__handleBuildingRewardDone-4631
 90.040     }
 90.040   }
  0.000   Sequence-3231 {
  0.000     Sequence-3233 {
  0.000       Sequence-3237 {
  0.000         *Func-chooseRewardShotNow-4049
  0.000         Wait dur 34.25
 34.250       }
 34.250       Sequence-3240 {
 34.250         *Func-chooseRewardShotNow-4626
 34.250         Wait dur 55.79
 90.040       }
 90.040     }
 90.040   }
 90.040 }

Traceback (most recent call last):
  File "C:\Panda3D-1.10.0\direct\showbase\EventManager.py", line 52, in eventLoopTask
    self.doEvents()
  File "C:\Panda3D-1.10.0\direct\showbase\EventManager.py", line 46, in doEvents
    processFunc(self.eventQueue.dequeueEvent())
  File "C:\Panda3D-1.10.0\direct\showbase\EventManager.py", line 103, in processEvent
    messenger.send(eventName, paramList)
  File "C:\Panda3D-1.10.0\direct\showbase\Messenger.py", line 326, in send
    self.__dispatch(acceptorDict, event, sentArgs, foundWatch)
  File "C:\Panda3D-1.10.0\direct\showbase\Messenger.py", line 411, in __dispatch
    method (*(extraArgs + sentArgs))
  File "C:\Panda3D-1.10.0\direct\showbase\ShowBase.py", line 2665, in windowEvent
    self.userExit()
  File "toontown\toonbase\ToonBase.py", line 400, in userExit
    self.cr.dumpAllSubShardObjects()
  File "toontown\distributed\ToontownClientRepository.py", line 556, in dumpAllSubShardObjects
    self.deleteObject(doId)
  File "toontown\distributed\ToontownClientRepository.py", line 906, in deleteObject
    obj.deleteOrDelay()
  File "C:\Panda3D-1.10.0\direct\distributed\DistributedObject.py", line 199, in deleteOrDelay
    self.disableAnnounceAndDelete()
  File "C:\Panda3D-1.10.0\direct\distributed\DistributedObject.py", line 202, in disableAnnounceAndDelete
    self.disableAndAnnounce()
  File "C:\Panda3D-1.10.0\direct\distributed\DistributedObject.py", line 228, in disableAndAnnounce
    self.disable()
  File "toontown\battle\DistributedBattleBldg.py", line 52, in disable
    DistributedBattleBase.DistributedBattleBase.disable(self)
  File "toontown\battle\DistributedBattleBase.py", line 133, in disable
    self.cleanupBattle()
  File "toontown\battle\DistributedBattleBase.py", line 145, in cleanupBattle
    self.fsm.requestFinalState()
  File "C:\Panda3D-1.10.0\direct\fsm\ClassicFSM.py", line 151, in requestFinalState
    self.request(self.getFinalState().getName())
  File "C:\Panda3D-1.10.0\direct\fsm\ClassicFSM.py", line 302, in request
    exitArgList)
  File "C:\Panda3D-1.10.0\direct\fsm\ClassicFSM.py", line 230, in __transition
    self.__exitCurrent(exitArgList)
  File "C:\Panda3D-1.10.0\direct\fsm\ClassicFSM.py", line 188, in __exitCurrent
    self.__currentState.exit(argList)
  File "C:\Panda3D-1.10.0\direct\fsm\State.py", line 213, in exit
    apply(self.__exitFunc, argList)
  File "toontown\battle\DistributedBattleBldg.py", line 208, in exitBuildingReward
    self.movie.resetReward(finish=1)
  File "toontown\battle\Movie.py", line 222, in resetReward
    self.stop()
  File "toontown\battle\Movie.py", line 366, in stop
    self.track.finish()
  File "C:\Panda3D-1.10.0\direct\interval\MetaInterval.py", line 391, in finish
    self.privPostEvent()
  File "C:\Panda3D-1.10.0\direct\interval\MetaInterval.py", line 519, in privPostEvent
    self.__doPythonCallbacks()
  File "C:\Panda3D-1.10.0\direct\interval\MetaInterval.py", line 495, in __doPythonCallbacks
    ival.privDoEvent(t, eventType)
  File "C:\Panda3D-1.10.0\direct\interval\Interval.py", line 206, in privDoEvent
    self.privInstant()
  File "C:\Panda3D-1.10.0\direct\interval\FunctionInterval.py", line 88, in privInstant
    self.function(*self.extraArgs, **self.kw)
  File "toontown\battle\DistributedBattleBldg.py", line 205, in __handleBuildingRewardDone
    self.fsm.request('Resume')
  File "C:\Panda3D-1.10.0\direct\fsm\ClassicFSM.py", line 246, in request
    assert not self.__internalStateInFlux
AssertionError
Traceback (most recent call last):
  File "otp\otpbase\OTPBase.py", line 34, in run
    taskMgr.run()
  File "C:\Panda3D-1.10.0\direct\task\Task.py", line 508, in run
    self.step()
  File "C:\Panda3D-1.10.0\direct\task\Task.py", line 465, in step
    self.mgr.poll()
  File "C:\Panda3D-1.10.0\direct\showbase\EventManager.py", line 52, in eventLoopTask
    self.doEvents()
  File "C:\Panda3D-1.10.0\direct\showbase\EventManager.py", line 46, in doEvents
    processFunc(self.eventQueue.dequeueEvent())
  File "C:\Panda3D-1.10.0\direct\showbase\EventManager.py", line 103, in processEvent
    messenger.send(eventName, paramList)
  File "C:\Panda3D-1.10.0\direct\showbase\Messenger.py", line 326, in send
    self.__dispatch(acceptorDict, event, sentArgs, foundWatch)
  File "C:\Panda3D-1.10.0\direct\showbase\Messenger.py", line 411, in __dispatch
    method (*(extraArgs + sentArgs))
  File "C:\Panda3D-1.10.0\direct\showbase\ShowBase.py", line 2665, in windowEvent
    self.userExit()
  File "toontown\toonbase\ToonBase.py", line 400, in userExit
    self.cr.dumpAllSubShardObjects()
  File "toontown\distributed\ToontownClientRepository.py", line 556, in dumpAllSubShardObjects
    self.deleteObject(doId)
  File "toontown\distributed\ToontownClientRepository.py", line 906, in deleteObject
    obj.deleteOrDelay()
  File "C:\Panda3D-1.10.0\direct\distributed\DistributedObject.py", line 199, in deleteOrDelay
    self.disableAnnounceAndDelete()
  File "C:\Panda3D-1.10.0\direct\distributed\DistributedObject.py", line 202, in disableAnnounceAndDelete
    self.disableAndAnnounce()
  File "C:\Panda3D-1.10.0\direct\distributed\DistributedObject.py", line 228, in disableAndAnnounce
    self.disable()
  File "toontown\battle\DistributedBattleBldg.py", line 52, in disable
    DistributedBattleBase.DistributedBattleBase.disable(self)
  File "toontown\battle\DistributedBattleBase.py", line 133, in disable
    self.cleanupBattle()
  File "toontown\battle\DistributedBattleBase.py", line 145, in cleanupBattle
    self.fsm.requestFinalState()
  File "C:\Panda3D-1.10.0\direct\fsm\ClassicFSM.py", line 151, in requestFinalState
    self.request(self.getFinalState().getName())
  File "C:\Panda3D-1.10.0\direct\fsm\ClassicFSM.py", line 302, in request
    exitArgList)
  File "C:\Panda3D-1.10.0\direct\fsm\ClassicFSM.py", line 230, in __transition
    self.__exitCurrent(exitArgList)
  File "C:\Panda3D-1.10.0\direct\fsm\ClassicFSM.py", line 188, in __exitCurrent
    self.__currentState.exit(argList)
  File "C:\Panda3D-1.10.0\direct\fsm\State.py", line 213, in exit
    apply(self.__exitFunc, argList)
  File "toontown\battle\DistributedBattleBldg.py", line 208, in exitBuildingReward
    self.movie.resetReward(finish=1)
  File "toontown\battle\Movie.py", line 222, in resetReward
    self.stop()
  File "toontown\battle\Movie.py", line 366, in stop
    self.track.finish()
  File "C:\Panda3D-1.10.0\direct\interval\MetaInterval.py", line 391, in finish
    self.privPostEvent()
  File "C:\Panda3D-1.10.0\direct\interval\MetaInterval.py", line 519, in privPostEvent
    self.__doPythonCallbacks()
  File "C:\Panda3D-1.10.0\direct\interval\MetaInterval.py", line 495, in __doPythonCallbacks
    ival.privDoEvent(t, eventType)
  File "C:\Panda3D-1.10.0\direct\interval\Interval.py", line 206, in privDoEvent
    self.privInstant()
  File "C:\Panda3D-1.10.0\direct\interval\FunctionInterval.py", line 88, in privInstant
    self.function(*self.extraArgs, **self.kw)
  File "toontown\battle\DistributedBattleBldg.py", line 205, in __handleBuildingRewardDone
    self.fsm.request('Resume')
  File "C:\Panda3D-1.10.0\direct\fsm\ClassicFSM.py", line 246, in request
    assert not self.__internalStateInFlux
AssertionError
