TTLocalizer: Running in language: English
OTPLocalizer: Running in language: English
Preloading suits...
Preloading Toon heads...
Preloading avatars...
{401000001: <toontown.distributed.ToontownDistrict.ToontownDistrict instance at 0x15D35580>}
__handleAvatarChooserDone: 100000181, 'Boris', ('csl', 'ls', 's', 'm', (0.64, 0.35, 0.26, 1.0), (1.0, 1.0, 1.0, 1.0), (0.64, 0.35, 0.26, 1.0), (0.64, 0.35, 0.26, 1.0), 8, 27, 5, 27, 3, 27), 0
entered wait for zone redirect
entered wait for set zone response - 2
Reading DNA file... phase_4/dna/storage.pdna
Reading DNA file... phase_3.5/dna/storage_interior.pdna
Reading DNA file... phase_4/dna/storage_TT.pdna
Reading DNA file... phase_4/dna/storage_TT_sz.pdna
Reading DNA file... phase_4/dna/toontown_central_sz.pdna
entered wait for zone redirect
entered wait for set zone response - 2
Reading DNA file... phase_5/dna/storage_town.pdna
Reading DNA file... phase_5/dna/storage_TT_town.pdna
Reading DNA file... phase_5/dna/toontown_central_2200.pdna
entered wait for zone redirect
entered wait for set zone response - 2
../resources/phase_3/audio/sfx
../resources/phase_3.5/audio/sfx
../resources/phase_4/audio/sfx
../resources/phase_5/audio/sfx
/phase_3/audio/sfx
/phase_3.5/audio/sfx
/phase_4/audio/sfx
/phase_5/audio/sfx

../resources/phase_3/audio/sfx
../resources/phase_3.5/audio/sfx
../resources/phase_4/audio/sfx
../resources/phase_5/audio/sfx
/phase_3/audio/sfx
/phase_3.5/audio/sfx
/phase_4/audio/sfx
/phase_5/audio/sfx

entered wait for zone redirect
entered wait for set zone response - 2
Reading DNA file... phase_5/dna/storage_town.pdna
Reading DNA file... phase_5/dna/storage_TT_town.pdna
Reading DNA file... phase_5/dna/toontown_central_2200.pdna
entered wait for zone redirect
entered wait for set zone response - 2
Reading DNA file... phase_4/dna/storage_TT_sz.pdna
Reading DNA file... phase_4/dna/toontown_central_sz.pdna
entered wait for zone redirect
entered wait for set zone response - 2
entered wait for zone redirect
entered wait for set zone response - 2
Reading DNA file... phase_4/dna/storage.pdna
Reading DNA file... phase_3.5/dna/storage_interior.pdna
Reading DNA file... phase_8/dna/storage_DG.pdna
Reading DNA file... phase_8/dna/storage_DG_sz.pdna
Reading DNA file... phase_8/dna/daisys_garden_sz.pdna
entered wait for zone redirect
entered wait for set zone response - 2
Reading DNA file... phase_5/dna/storage_town.pdna
Reading DNA file... phase_8/dna/storage_DG_town.pdna
Reading DNA file... phase_8/dna/daisys_garden_5200.pdna
entered wait for zone redirect
entered wait for set zone response - 2
entered wait for zone redirect
entered wait for set zone response - 2
Reading DNA file... phase_5/dna/storage_town.pdna
Reading DNA file... phase_8/dna/storage_DG_town.pdna
Reading DNA file... phase_8/dna/daisys_garden_5200.pdna
entered wait for zone redirect
entered wait for set zone response - 2
Reading DNA file... phase_4/dna/storage.pdna
Reading DNA file... phase_3.5/dna/storage_interior.pdna
entered wait for zone redirect
entered wait for set zone response - 2
spec = {'parentEntId': 110200, 'pos': LPoint3f(0, 0, 0)}
h = None
### newVec3 =  LVector3f(2, 11.3, 1.5)
### newVec3 =  LVector3f(2, 11.3, 0)
### newVec3 =  LVector3f(2, 11.3, 0.375)
### newVec3 =  LVector3f(2, 11.3, 0)
Pattern [0, 6, 1, 0, 6, 1] Place 0 Type 0
Pattern [0, 6, 1, 0, 6, 1] Place 1 Type 6
Pattern [0, 6, 1, 0, 6, 1] Place 2 Type 1
Pattern [0, 6, 1, 0, 6, 1] Place 3 Type 0
Pattern [0, 6, 1, 0, 6, 1] Place 4 Type 6
Pattern [0, 6, 1, 0, 6, 1] Place 5 Type 1
Pattern [0, 6, 1, 0, 6, 1] Place 0 Type 0
Pattern [0, 6, 1, 0, 6, 1] Place 1 Type 6
Pattern [0, 6, 1, 0, 6, 1] Place 2 Type 1
Pattern [0, 6, 1, 0, 6, 1] Place 3 Type 0
Pattern [0, 6, 1, 0, 6, 1] Place 4 Type 6
Pattern [0, 6, 1, 0, 6, 1] Place 5 Type 1
Pattern [0, 6, 1, 0, 6, 1] Place 0 Type 0
Pattern [0, 6, 1, 0, 6, 1] Place 1 Type 6
Pattern [0, 6, 1, 0, 6, 1] Place 2 Type 1
Pattern [0, 6, 1, 0, 6, 1] Place 3 Type 0
Pattern [0, 6, 1, 0, 6, 1] Place 4 Type 6
Pattern [0, 5, 2, 6, 6, 1, 0, 2, 1, 5] Place 0 Type 0
Pattern [0, 5, 2, 6, 6, 1, 0, 2, 1, 5] Place 1 Type 5
Pattern [0, 5, 2, 6, 6, 1, 0, 2, 1, 5] Place 2 Type 2
Pattern [0, 5, 2, 6, 6, 1, 0, 2, 1, 5] Place 3 Type 6
Pattern [0, 5, 2, 6, 6, 1, 0, 2, 1, 5] Place 4 Type 6
Pattern [0, 5, 2, 6, 6, 1, 0, 2, 1, 5] Place 5 Type 1
Pattern [0, 5, 2, 6, 6, 1, 0, 2, 1, 5] Place 6 Type 0
Pattern [0, 5, 2, 6, 6, 1, 0, 2, 1, 5] Place 7 Type 2
Pattern [0, 5, 2, 6, 6, 1, 0, 2, 1, 5] Place 8 Type 1
Pattern [0, 5, 2, 6, 6, 1, 0, 2, 1, 5] Place 9 Type 5
Pattern [0, 5, 2, 6, 6, 1, 0, 2, 1, 5] Place 0 Type 0
Pattern [0, 5, 2, 6, 6, 1, 0, 2, 1, 5] Place 1 Type 5
Pattern [0, 5, 2, 6, 6, 1, 0, 2, 1, 5] Place 2 Type 2
Pattern [0, 5, 2, 6, 6, 1, 0, 2, 1, 5] Place 3 Type 6
Pattern [0, 5, 2, 6, 6, 1, 0, 2, 1, 5] Place 4 Type 6
Pattern [0, 5, 2, 6, 6, 1, 0, 2, 1, 5] Place 5 Type 1
Pattern [0, 0, 2, 1, 1, 2] Place 0 Type 0
Pattern [0, 0, 2, 1, 1, 2] Place 1 Type 0
Pattern [0, 0, 2, 1, 1, 2] Place 2 Type 2
Pattern [0, 0, 2, 1, 1, 2] Place 3 Type 1
Pattern [0, 0, 2, 1, 1, 2] Place 4 Type 1
Pattern [0, 0, 2, 1, 1, 2] Place 5 Type 2
Pattern [0, 0, 2, 1, 1, 2] Place 0 Type 0
Pattern [0, 0, 2, 1, 1, 2] Place 1 Type 0
Pattern [0, 0, 2, 1, 1, 2] Place 2 Type 2
Pattern [0, 0, 2, 1, 1, 2] Place 3 Type 1
Pattern [0, 0, 2, 1, 1, 2] Place 4 Type 1
Pattern [0, 0, 2, 1, 1, 2] Place 5 Type 2
Pattern [0, 0, 2, 1, 1, 2] Place 0 Type 0
Pattern [0, 0, 2, 1, 1, 2] Place 1 Type 0
Pattern [1, 6, 0, 1, 2, 6, 2, 0] Place 0 Type 1
Pattern [1, 6, 0, 1, 2, 6, 2, 0] Place 1 Type 6
Pattern [1, 6, 0, 1, 2, 6, 2, 0] Place 2 Type 0
Pattern [1, 6, 0, 1, 2, 6, 2, 0] Place 3 Type 1
Pattern [1, 6, 0, 1, 2, 6, 2, 0] Place 4 Type 2
Pattern [1, 6, 0, 1, 2, 6, 2, 0] Place 5 Type 6
Pattern [1, 6, 0, 1, 2, 6, 2, 0] Place 6 Type 2
Pattern [1, 6, 0, 1, 2, 6, 2, 0] Place 7 Type 0
Pattern [1, 6, 0, 1, 2, 6, 2, 0] Place 0 Type 1
Pattern [1, 6, 0, 1, 2, 6, 2, 0] Place 1 Type 6
Pattern [2, 0, 5, 1, 0, 6, 1, 2, 6, 5] Place 0 Type 2
Pattern [2, 0, 5, 1, 0, 6, 1, 2, 6, 5] Place 1 Type 0
Pattern [2, 0, 5, 1, 0, 6, 1, 2, 6, 5] Place 2 Type 5
Pattern [2, 0, 5, 1, 0, 6, 1, 2, 6, 5] Place 3 Type 1
Pattern [2, 0, 5, 1, 0, 6, 1, 2, 6, 5] Place 4 Type 0
Pattern [2, 0, 5, 1, 0, 6, 1, 2, 6, 5] Place 5 Type 6
Pattern [2, 0, 5, 1, 0, 6, 1, 2, 6, 5] Place 6 Type 1
Pattern [2, 0, 5, 1, 0, 6, 1, 2, 6, 5] Place 7 Type 2
Pattern [2, 0, 5, 1, 0, 6, 1, 2, 6, 5] Place 8 Type 6
Pattern [2, 0, 5, 1, 0, 6, 1, 2, 6, 5] Place 9 Type 5
Pattern [2, 0, 5, 1, 0, 6, 1, 2, 6, 5] Place 0 Type 2
Pattern [2, 0, 5, 1, 0, 6, 1, 2, 6, 5] Place 1 Type 0
Pattern [2, 0, 5, 1, 0, 6, 1, 2, 6, 5] Place 2 Type 5
Pattern [2, 0, 5, 1, 0, 6, 1, 2, 6, 5] Place 3 Type 1
Pattern [2, 0, 5, 1, 0, 6, 1, 2, 6, 5] Place 4 Type 0
Pattern [6, 5, 0, 0, 1, 2, 6, 2, 1, 5] Place 0 Type 6
Pattern [6, 5, 0, 0, 1, 2, 6, 2, 1, 5] Place 1 Type 5
Pattern [6, 5, 0, 0, 1, 2, 6, 2, 1, 5] Place 2 Type 0
Pattern [6, 5, 0, 0, 1, 2, 6, 2, 1, 5] Place 3 Type 0
Pattern [6, 5, 0, 0, 1, 2, 6, 2, 1, 5] Place 4 Type 1
Pattern [6, 5, 0, 0, 1, 2, 6, 2, 1, 5] Place 5 Type 2
Pattern [6, 5, 0, 0, 1, 2, 6, 2, 1, 5] Place 6 Type 6
Pattern [6, 5, 0, 0, 1, 2, 6, 2, 1, 5] Place 7 Type 2
Pattern [6, 5, 0, 0, 1, 2, 6, 2, 1, 5] Place 8 Type 1
Pattern [6, 5, 0, 0, 1, 2, 6, 2, 1, 5] Place 9 Type 5
Pattern [6, 5, 0, 0, 1, 2, 6, 2, 1, 5] Place 0 Type 6
Pattern [6, 5, 0, 0, 1, 2, 6, 2, 1, 5] Place 1 Type 5
Pattern [6, 5, 0, 0, 1, 2, 6, 2, 1, 5] Place 2 Type 0
Pattern [6, 5, 0, 0, 1, 2, 6, 2, 1, 5] Place 3 Type 0
Pattern [6, 5, 0, 0, 1, 2, 6, 2, 1, 5] Place 4 Type 1
Pattern [6, 5, 0, 0, 1, 2, 6, 2, 1, 5] Place 5 Type 2
spec = {'parentEntId': 110400, 'pos': LPoint3f(0, 0, 0)}
h = None
spec = {'parentEntId': 110000, 'pos': LPoint3f(0, 0, 0)}
h = None
### newVec3 =  LVector3f(2, 6.29993, 1.5)
### newVec3 =  LVector3f(2, 6.29993, 0)
### newVec3 =  LVector3f(2, 6.29993, 0.375)
### newVec3 =  LVector3f(2, 6.29993, 0)
Pattern [6, 5, 0, 1, 2, 2, 1, 0, 6, 5] Place 0 Type 6
Pattern [6, 5, 0, 1, 2, 2, 1, 0, 6, 5] Place 1 Type 5
Pattern [6, 5, 0, 1, 2, 2, 1, 0, 6, 5] Place 2 Type 0
Pattern [6, 5, 0, 1, 2, 2, 1, 0, 6, 5] Place 3 Type 1
Pattern [6, 5, 0, 1, 2, 2, 1, 0, 6, 5] Place 4 Type 2
Pattern [6, 5, 0, 1, 2, 2, 1, 0, 6, 5] Place 5 Type 2
Pattern [6, 5, 0, 1, 2, 2, 1, 0, 6, 5] Place 6 Type 1
Pattern [6, 5, 0, 1, 2, 2, 1, 0, 6, 5] Place 7 Type 0
Pattern [6, 5, 0, 1, 2, 2, 1, 0, 6, 5] Place 8 Type 6
Pattern [2, 6, 6, 5, 5, 0, 1, 1, 2, 0] Place 0 Type 2
Pattern [2, 6, 6, 5, 5, 0, 1, 1, 2, 0] Place 1 Type 6
Pattern [2, 6, 6, 5, 5, 0, 1, 1, 2, 0] Place 2 Type 6
Pattern [2, 6, 6, 5, 5, 0, 1, 1, 2, 0] Place 3 Type 5
Pattern [2, 6, 6, 5, 5, 0, 1, 1, 2, 0] Place 4 Type 5
Pattern [2, 6, 6, 5, 5, 0, 1, 1, 2, 0] Place 5 Type 0
Pattern [2, 6, 6, 5, 5, 0, 1, 1, 2, 0] Place 6 Type 1
Pattern [2, 6, 6, 5, 5, 0, 1, 1, 2, 0] Place 7 Type 1
Pattern [2, 6, 6, 5, 5, 0, 1, 1, 2, 0] Place 8 Type 2
Pattern [2, 6, 6, 5, 5, 0, 1, 1, 2, 0] Place 9 Type 0
Pattern [2, 6, 6, 5, 5, 0, 1, 1, 2, 0] Place 0 Type 2
Pattern [2, 6, 6, 5, 5, 0, 1, 1, 2, 0] Place 1 Type 6
Pattern [2, 6, 6, 5, 5, 0, 1, 1, 2, 0] Place 2 Type 6
Pattern [6, 2, 6, 0, 5, 5, 2, 0, 1, 1] Place 0 Type 6
Pattern [6, 2, 6, 0, 5, 5, 2, 0, 1, 1] Place 1 Type 2
Pattern [6, 2, 6, 0, 5, 5, 2, 0, 1, 1] Place 2 Type 6
Pattern [6, 2, 6, 0, 5, 5, 2, 0, 1, 1] Place 3 Type 0
Pattern [6, 2, 6, 0, 5, 5, 2, 0, 1, 1] Place 4 Type 5
Pattern [6, 2, 6, 0, 5, 5, 2, 0, 1, 1] Place 5 Type 5
Pattern [6, 2, 6, 0, 5, 5, 2, 0, 1, 1] Place 6 Type 2
Pattern [6, 2, 6, 0, 5, 5, 2, 0, 1, 1] Place 7 Type 0
Pattern [6, 2, 6, 0, 5, 5, 2, 0, 1, 1] Place 8 Type 1
Pattern [2, 6, 0, 6, 1, 0, 2, 1] Place 0 Type 2
Pattern [2, 6, 0, 6, 1, 0, 2, 1] Place 1 Type 6
Pattern [2, 6, 0, 6, 1, 0, 2, 1] Place 2 Type 0
Pattern [2, 6, 0, 6, 1, 0, 2, 1] Place 3 Type 6
Pattern [2, 6, 0, 6, 1, 0, 2, 1] Place 4 Type 1
Pattern [2, 6, 0, 6, 1, 0, 2, 1] Place 5 Type 0
Pattern [2, 6, 0, 6, 1, 0, 2, 1] Place 6 Type 2
Pattern [2, 6, 0, 6, 1, 0, 2, 1] Place 7 Type 1
Pattern [2, 6, 0, 6, 1, 0, 2, 1] Place 0 Type 2
Pattern [2, 6, 0, 6, 1, 0, 2, 1] Place 1 Type 6
Pattern [2, 6, 0, 6, 1, 0, 2, 1] Place 2 Type 0
Pattern [7, 8, 7, 8] Place 0 Type 7
Pattern [7, 8, 7, 8] Place 1 Type 8
Pattern [7, 8, 7, 8] Place 2 Type 7
Pattern [7, 8, 7, 8] Place 3 Type 8
Pattern [7, 8, 7, 8] Place 0 Type 7
Pattern [7, 8, 7, 8] Place 1 Type 8
Pattern [7, 8, 7, 8] Place 2 Type 7
Pattern [7, 8, 7, 8] Place 3 Type 8
Pattern [2, 1, 1, 2, 0, 0] Place 0 Type 2
Pattern [2, 1, 1, 2, 0, 0] Place 1 Type 1
Pattern [2, 1, 1, 2, 0, 0] Place 2 Type 1
spec = {'parentEntId': 110400, 'pos': LPoint3f(0, 0, 0)}
h = None
### newVec3 =  LVector3f(2.00009, 6.29999, 1.5)
### newVec3 =  LVector3f(2.00009, 6.29999, 0)
### newVec3 =  LVector3f(2.00009, 6.29999, 0.375)
### newVec3 =  LVector3f(2.00009, 6.29999, 0)
spec = {'parentEntId': 110000, 'pos': LPoint3f(0, 0, 0)}
h = None
### newVec3 =  LVector3f(2.00003, 6.29999, 1.5)
### newVec3 =  LVector3f(2.00003, 6.29999, 0)
### newVec3 =  LVector3f(2.00003, 6.29999, 0.375)
### newVec3 =  LVector3f(2.00003, 6.29999, 0)
Pattern [2, 6, 1, 0, 5, 0, 1, 5, 2, 6] Place 0 Type 2
Pattern [2, 6, 1, 0, 5, 0, 1, 5, 2, 6] Place 1 Type 6
Pattern [2, 6, 1, 0, 5, 0, 1, 5, 2, 6] Place 2 Type 1
Pattern [2, 6, 1, 0, 5, 0, 1, 5, 2, 6] Place 3 Type 0
Pattern [2, 6, 1, 0, 5, 0, 1, 5, 2, 6] Place 4 Type 5
Pattern [2, 6, 1, 0, 5, 0, 1, 5, 2, 6] Place 5 Type 0
Pattern [2, 6, 1, 0, 5, 0, 1, 5, 2, 6] Place 6 Type 1
Pattern [2, 6, 1, 0, 5, 0, 1, 5, 2, 6] Place 7 Type 5
Pattern [8, 7, 8, 7] Place 0 Type 8
Pattern [8, 7, 8, 7] Place 1 Type 7
Pattern [8, 7, 8, 7] Place 2 Type 8
Pattern [0, 2, 2, 5, 1, 1, 0, 5] Place 0 Type 0
Pattern [0, 2, 2, 5, 1, 1, 0, 5] Place 1 Type 2
Pattern [0, 2, 2, 5, 1, 1, 0, 5] Place 2 Type 2
Pattern [0, 2, 2, 5, 1, 1, 0, 5] Place 3 Type 5
Pattern [0, 2, 2, 5, 1, 1, 0, 5] Place 4 Type 1
Pattern [0, 2, 2, 5, 1, 1, 0, 5] Place 5 Type 1
Pattern [0, 2, 2, 5, 1, 1, 0, 5] Place 6 Type 0
Pattern [0, 2, 2, 5, 1, 1, 0, 5] Place 7 Type 5
Pattern [0, 2, 2, 5, 1, 1, 0, 5] Place 0 Type 0
Pattern [0, 2, 2, 5, 1, 1, 0, 5] Place 1 Type 2
Pattern [0, 2, 2, 5, 1, 1, 0, 5] Place 2 Type 2
Pattern [0, 2, 2, 5, 1, 1, 0, 5] Place 3 Type 5
Pattern [0, 2, 2, 5, 1, 1, 0, 5] Place 4 Type 1
Pattern [0, 2, 2, 5, 1, 1, 0, 5] Place 5 Type 1
Pattern [0, 2, 2, 5, 1, 1, 0, 5] Place 6 Type 0
Pattern [0, 2, 2, 5, 1, 1, 0, 5] Place 7 Type 5
Pattern [0, 2, 2, 5, 1, 1, 0, 5] Place 0 Type 0
Pattern [0, 2, 2, 5, 1, 1, 0, 5] Place 1 Type 2
Pattern [0, 2, 2, 5, 1, 1, 0, 5] Place 2 Type 2
Pattern [0, 2, 2, 5, 1, 1, 0, 5] Place 3 Type 5
Pattern [0, 2, 2, 5, 1, 1, 0, 5] Place 4 Type 1
Pattern [0, 2, 2, 5, 1, 1, 0, 5] Place 5 Type 1
Pattern [7, 7] Place 0 Type 7
Pattern [7, 7] Place 1 Type 7
Pattern [7, 7] Place 0 Type 7
Pattern [7, 7] Place 1 Type 7
Pattern [7, 7] Place 0 Type 7
Pattern [7, 7] Place 1 Type 7
Pattern [7, 7] Place 0 Type 7
Pattern [7, 7] Place 1 Type 7
Pattern [7, 7] Place 0 Type 7
Pattern [7, 7] Place 1 Type 7
Pattern [7, 7] Place 0 Type 7
Pattern [6, 0, 0, 6, 5, 2, 5, 1, 2, 1] Place 0 Type 6
Pattern [6, 0, 0, 6, 5, 2, 5, 1, 2, 1] Place 1 Type 0
Pattern [6, 0, 0, 6, 5, 2, 5, 1, 2, 1] Place 2 Type 0
Pattern [6, 0, 0, 6, 5, 2, 5, 1, 2, 1] Place 3 Type 6
Pattern [6, 0, 0, 6, 5, 2, 5, 1, 2, 1] Place 4 Type 5
Pattern [6, 0, 0, 6, 5, 2, 5, 1, 2, 1] Place 5 Type 2
Pattern [6, 0, 0, 6, 5, 2, 5, 1, 2, 1] Place 6 Type 5
Pattern [6, 0, 0, 6, 5, 2, 5, 1, 2, 1] Place 7 Type 1
Pattern [6, 0, 0, 6, 5, 2, 5, 1, 2, 1] Place 8 Type 2
Pattern [6, 0, 0, 6, 5, 2, 5, 1, 2, 1] Place 9 Type 1
Pattern [6, 0, 0, 6, 5, 2, 5, 1, 2, 1] Place 0 Type 6
Pattern [6, 0, 0, 6, 5, 2, 5, 1, 2, 1] Place 1 Type 0
Pattern [6, 0, 0, 6, 5, 2, 5, 1, 2, 1] Place 2 Type 0
Pattern [6, 0, 0, 6, 5, 2, 5, 1, 2, 1] Place 3 Type 6
Pattern [6, 0, 0, 6, 5, 2, 5, 1, 2, 1] Place 4 Type 5
Pattern [6, 0, 0, 6, 5, 2, 5, 1, 2, 1] Place 5 Type 2
Pattern [6, 0, 0, 6, 5, 2, 5, 1, 2, 1] Place 6 Type 5
Pattern [6, 0, 0, 6, 5, 2, 5, 1, 2, 1] Place 7 Type 1
Pattern [6, 0, 0, 6, 5, 2, 5, 1, 2, 1] Place 8 Type 2
Pattern [6, 0, 0, 6, 5, 2, 5, 1, 2, 1] Place 9 Type 1
Pattern [6, 0, 0, 6, 5, 2, 5, 1, 2, 1] Place 0 Type 6
Pattern [6, 0, 0, 6, 5, 2, 5, 1, 2, 1] Place 1 Type 0
Pattern [6, 0, 6, 2, 5, 5, 0, 1, 1, 2] Place 0 Type 6
Pattern [6, 0, 6, 2, 5, 5, 0, 1, 1, 2] Place 1 Type 0
Pattern [6, 0, 6, 2, 5, 5, 0, 1, 1, 2] Place 2 Type 6
Pattern [6, 0, 6, 2, 5, 5, 0, 1, 1, 2] Place 3 Type 2
Pattern [6, 0, 6, 2, 5, 5, 0, 1, 1, 2] Place 4 Type 5
Pattern [6, 0, 6, 2, 5, 5, 0, 1, 1, 2] Place 5 Type 5
Pattern [6, 0, 6, 2, 5, 5, 0, 1, 1, 2] Place 6 Type 0
Pattern [6, 0, 6, 2, 5, 5, 0, 1, 1, 2] Place 7 Type 1
spec = {'parentEntId': 110400, 'pos': LPoint3f(0, 0, 0)}
h = None
spec = {'parentEntId': 110000, 'pos': LPoint3f(0, 0, 0)}
h = None
### newVec3 =  LVector3f(2, 6.29993, 1.5)
### newVec3 =  LVector3f(2, 6.29993, 0)
### newVec3 =  LVector3f(2, 6.29993, 0.375)
### newVec3 =  LVector3f(2, 6.29993, 0)
Pattern [5, 1, 2, 6, 6, 0, 2, 1, 5, 0] Place 0 Type 5
Pattern [5, 1, 2, 6, 6, 0, 2, 1, 5, 0] Place 1 Type 1
Pattern [5, 1, 2, 6, 6, 0, 2, 1, 5, 0] Place 2 Type 2
Pattern [5, 1, 2, 6, 6, 0, 2, 1, 5, 0] Place 3 Type 6
Pattern [5, 1, 2, 6, 6, 0, 2, 1, 5, 0] Place 4 Type 6
Pattern [5, 1, 2, 6, 6, 0, 2, 1, 5, 0] Place 5 Type 0
Pattern [5, 1, 2, 6, 6, 0, 2, 1, 5, 0] Place 6 Type 2
Pattern [5, 1, 2, 6, 6, 0, 2, 1, 5, 0] Place 7 Type 1
Pattern [5, 1, 2, 6, 6, 0, 2, 1, 5, 0] Place 8 Type 5
Pattern [5, 1, 2, 6, 6, 0, 2, 1, 5, 0] Place 9 Type 0
Pattern [5, 1, 2, 6, 6, 0, 2, 1, 5, 0] Place 0 Type 5
Pattern [0, 1, 6, 1, 2, 6, 2, 5, 5, 0] Place 0 Type 0
Pattern [0, 1, 6, 1, 2, 6, 2, 5, 5, 0] Place 1 Type 1
Pattern [0, 1, 6, 1, 2, 6, 2, 5, 5, 0] Place 2 Type 6
Pattern [0, 1, 6, 1, 2, 6, 2, 5, 5, 0] Place 3 Type 1
Pattern [0, 1, 6, 1, 2, 6, 2, 5, 5, 0] Place 4 Type 2
Pattern [0, 1, 6, 1, 2, 6, 2, 5, 5, 0] Place 5 Type 6
Pattern [0, 1, 6, 1, 2, 6, 2, 5, 5, 0] Place 6 Type 2
Pattern [0, 1, 6, 1, 2, 6, 2, 5, 5, 0] Place 7 Type 5
Pattern [0, 1, 6, 1, 2, 6, 2, 5, 5, 0] Place 8 Type 5
Pattern [0, 1, 6, 1, 2, 6, 2, 5, 5, 0] Place 9 Type 0
Pattern [0, 1, 6, 1, 2, 6, 2, 5, 5, 0] Place 0 Type 0
Pattern [0, 1, 6, 1, 2, 6, 2, 5, 5, 0] Place 1 Type 1
Pattern [6, 5, 5, 2, 1, 6, 1, 2, 0, 0] Place 0 Type 6
Pattern [6, 5, 5, 2, 1, 6, 1, 2, 0, 0] Place 1 Type 5
Pattern [6, 5, 5, 2, 1, 6, 1, 2, 0, 0] Place 2 Type 5
Pattern [6, 5, 5, 2, 1, 6, 1, 2, 0, 0] Place 3 Type 2
Pattern [6, 5, 5, 2, 1, 6, 1, 2, 0, 0] Place 4 Type 1
Pattern [6, 5, 5, 2, 1, 6, 1, 2, 0, 0] Place 5 Type 6
Pattern [6, 5, 5, 2, 1, 6, 1, 2, 0, 0] Place 6 Type 1
Pattern [6, 5, 5, 2, 1, 6, 1, 2, 0, 0] Place 7 Type 2
Pattern [6, 5, 5, 2, 1, 6, 1, 2, 0, 0] Place 8 Type 0
Pattern [6, 5, 5, 2, 1, 6, 1, 2, 0, 0] Place 9 Type 0
Pattern [6, 5, 5, 2, 1, 6, 1, 2, 0, 0] Place 0 Type 6
Pattern [6, 5, 5, 2, 1, 6, 1, 2, 0, 0] Place 1 Type 5
Pattern [6, 5, 5, 2, 1, 6, 1, 2, 0, 0] Place 2 Type 5
Pattern [6, 5, 5, 2, 1, 6, 1, 2, 0, 0] Place 3 Type 2
Pattern [6, 5, 5, 2, 1, 6, 1, 2, 0, 0] Place 4 Type 1
Pattern [6, 5, 5, 2, 1, 6, 1, 2, 0, 0] Place 5 Type 6
Pattern [6, 5, 5, 2, 1, 6, 1, 2, 0, 0] Place 6 Type 1
Pattern [6, 5, 5, 2, 1, 6, 1, 2, 0, 0] Place 7 Type 2
Pattern [6, 1, 2, 0, 2, 5, 0, 5, 6, 1] Place 0 Type 6
Pattern [6, 1, 2, 0, 2, 5, 0, 5, 6, 1] Place 1 Type 1
Pattern [6, 1, 2, 0, 2, 5, 0, 5, 6, 1] Place 2 Type 2
Pattern [6, 1, 2, 0, 2, 5, 0, 5, 6, 1] Place 3 Type 0
Pattern [6, 1, 2, 0, 2, 5, 0, 5, 6, 1] Place 4 Type 2
Pattern [6, 1, 2, 0, 2, 5, 0, 5, 6, 1] Place 5 Type 5
Pattern [6, 1, 2, 0, 2, 5, 0, 5, 6, 1] Place 6 Type 0
Pattern [6, 1, 2, 0, 2, 5, 0, 5, 6, 1] Place 7 Type 5
Pattern [6, 1, 2, 0, 2, 5, 0, 5, 6, 1] Place 8 Type 6
Pattern [6, 1, 2, 0, 2, 5, 0, 5, 6, 1] Place 9 Type 1
Pattern [6, 1, 2, 0, 2, 5, 0, 5, 6, 1] Place 0 Type 6
Pattern [0, 2, 0, 6, 1, 6, 1, 2] Place 0 Type 0
Pattern [0, 2, 0, 6, 1, 6, 1, 2] Place 1 Type 2
Pattern [0, 2, 0, 6, 1, 6, 1, 2] Place 2 Type 0
Pattern [0, 2, 0, 6, 1, 6, 1, 2] Place 3 Type 6
Pattern [0, 2, 0, 6, 1, 6, 1, 2] Place 4 Type 1
Pattern [0, 2, 0, 6, 1, 6, 1, 2] Place 5 Type 6
Pattern [0, 2, 0, 6, 1, 6, 1, 2] Place 6 Type 1
Pattern [0, 2, 0, 6, 1, 6, 1, 2] Place 7 Type 2
Pattern [0, 2, 0, 6, 1, 6, 1, 2] Place 0 Type 0
Pattern [0, 2, 0, 6, 1, 6, 1, 2] Place 1 Type 2
Pattern [0, 2, 0, 6, 1, 6, 1, 2] Place 2 Type 0
Pattern [0, 2, 0, 6, 1, 6, 1, 2] Place 3 Type 6
Pattern [0, 2, 0, 6, 1, 6, 1, 2] Place 4 Type 1
Pattern [0, 2, 0, 6, 1, 6, 1, 2] Place 5 Type 6
Pattern [0, 2, 0, 6, 1, 6, 1, 2] Place 6 Type 1
Pattern [0, 2, 0, 6, 1, 6, 1, 2] Place 7 Type 2
Pattern [0, 2, 0, 6, 1, 6, 1, 2] Place 0 Type 0
Pattern [0, 2, 0, 6, 1, 6, 1, 2] Place 1 Type 2
Pattern [0, 2, 0, 6, 1, 6, 1, 2] Place 2 Type 0
Pattern [0, 2, 0, 6, 1, 6, 1, 2] Place 3 Type 6
Pattern [0, 2, 0, 6, 1, 6, 1, 2] Place 4 Type 1
Pattern [0, 2, 0, 6, 1, 6, 1, 2] Place 5 Type 6
Pattern [0, 2, 0, 6, 1, 6, 1, 2] Place 6 Type 1
Pattern [0, 2, 0, 6, 1, 6, 1, 2] Place 7 Type 2
Pattern [0, 2, 0, 6, 1, 6, 1, 2] Place 0 Type 0
Pattern [0, 2, 0, 6, 1, 6, 1, 2] Place 1 Type 2
Pattern [1, 6, 2, 1, 0, 2, 5, 5, 0, 6] Place 0 Type 1
Pattern [1, 6, 2, 1, 0, 2, 5, 5, 0, 6] Place 1 Type 6
Pattern [1, 6, 2, 1, 0, 2, 5, 5, 0, 6] Place 2 Type 2
Pattern [1, 6, 2, 1, 0, 2, 5, 5, 0, 6] Place 3 Type 1
Pattern [1, 6, 2, 1, 0, 2, 5, 5, 0, 6] Place 4 Type 0
Pattern [1, 6, 2, 1, 0, 2, 5, 5, 0, 6] Place 5 Type 2
Pattern [1, 6, 2, 1, 0, 2, 5, 5, 0, 6] Place 6 Type 5
Pattern [1, 6, 2, 1, 0, 2, 5, 5, 0, 6] Place 7 Type 5
Pattern [1, 6, 2, 1, 0, 2, 5, 5, 0, 6] Place 8 Type 0
Pattern [1, 6, 2, 1, 0, 2, 5, 5, 0, 6] Place 9 Type 6
Pattern [1, 6, 2, 1, 0, 2, 5, 5, 0, 6] Place 0 Type 1
Pattern [1, 6, 2, 1, 0, 2, 5, 5, 0, 6] Place 1 Type 6
Pattern [1, 6, 2, 1, 0, 2, 5, 5, 0, 6] Place 2 Type 2
Pattern [1, 6, 2, 1, 0, 2, 5, 5, 0, 6] Place 3 Type 1
spec = {'parentEntId': 110400, 'pos': LPoint3f(0, 0, 0)}
h = None
spec = {'parentEntId': 110000, 'pos': LPoint3f(0, 0, 0)}
h = None
### newVec3 =  LVector3f(2, 6.29993, 1.5)
### newVec3 =  LVector3f(2, 6.29993, 0)
### newVec3 =  LVector3f(2, 6.29993, 0.375)
### newVec3 =  LVector3f(2, 6.29993, 0)
Pattern [6, 1, 6, 0, 0, 1] Place 0 Type 6
Pattern [6, 1, 6, 0, 0, 1] Place 1 Type 1
Pattern [6, 1, 6, 0, 0, 1] Place 2 Type 6
Pattern [6, 1, 6, 0, 0, 1] Place 3 Type 0
Pattern [6, 1, 6, 0, 0, 1] Place 4 Type 0
Pattern [6, 1, 6, 0, 0, 1] Place 5 Type 1
Pattern [6, 1, 6, 0, 0, 1] Place 0 Type 6
Pattern [6, 1, 6, 0, 0, 1] Place 1 Type 1
Pattern [6, 1, 6, 0, 0, 1] Place 2 Type 6
Pattern [6, 1, 6, 0, 0, 1] Place 3 Type 0
Pattern [6, 1, 6, 0, 0, 1] Place 4 Type 0
Pattern [6, 1, 6, 0, 0, 1] Place 5 Type 1
Pattern [8, 7, 7, 8] Place 0 Type 8
Pattern [8, 7, 7, 8] Place 1 Type 7
Pattern [8, 7, 7, 8] Place 2 Type 7
Pattern [8, 7, 7, 8] Place 3 Type 8
Pattern [8, 7, 7, 8] Place 0 Type 8
Pattern [8, 7, 7, 8] Place 1 Type 7
Pattern [8, 7, 7, 8] Place 2 Type 7
Pattern [8, 7, 7, 8] Place 3 Type 8
Pattern [8, 7, 7, 8] Place 0 Type 8
Pattern [8, 7, 7, 8] Place 1 Type 7
Pattern [8, 7, 7, 8] Place 2 Type 7
Pattern [8, 7, 7, 8] Place 3 Type 8
Pattern [0, 6, 1, 0, 6, 5, 1, 5] Place 0 Type 0
Pattern [0, 6, 1, 0, 6, 5, 1, 5] Place 1 Type 6
Pattern [0, 6, 1, 0, 6, 5, 1, 5] Place 2 Type 1
Pattern [0, 6, 1, 0, 6, 5, 1, 5] Place 3 Type 0
Pattern [0, 6, 1, 0, 6, 5, 1, 5] Place 4 Type 6
Pattern [5, 5, 6, 2, 6, 2] Place 0 Type 5
Pattern [5, 5, 6, 2, 6, 2] Place 1 Type 5
Pattern [5, 5, 6, 2, 6, 2] Place 2 Type 6
Pattern [5, 5, 6, 2, 6, 2] Place 3 Type 2
Pattern [5, 5, 6, 2, 6, 2] Place 4 Type 6
Pattern [5, 5, 6, 2, 6, 2] Place 5 Type 2
Pattern [5, 5, 6, 2, 6, 2] Place 0 Type 5
Pattern [5, 5, 6, 2, 6, 2] Place 1 Type 5
Pattern [5, 5, 6, 2, 6, 2] Place 2 Type 6
Pattern [5, 5, 6, 2, 6, 2] Place 3 Type 2
Pattern [1, 6, 5, 2, 0, 6, 2, 1, 5, 0] Place 0 Type 1
Pattern [1, 6, 5, 2, 0, 6, 2, 1, 5, 0] Place 1 Type 6
Pattern [1, 6, 5, 2, 0, 6, 2, 1, 5, 0] Place 2 Type 5
Pattern [1, 6, 5, 2, 0, 6, 2, 1, 5, 0] Place 3 Type 2
Pattern [1, 6, 5, 2, 0, 6, 2, 1, 5, 0] Place 4 Type 0
Pattern [1, 6, 5, 2, 0, 6, 2, 1, 5, 0] Place 5 Type 6
Pattern [1, 6, 5, 2, 0, 6, 2, 1, 5, 0] Place 6 Type 2
Pattern [1, 6, 5, 2, 0, 6, 2, 1, 5, 0] Place 7 Type 1
Pattern [1, 6, 5, 2, 0, 6, 2, 1, 5, 0] Place 8 Type 5
Pattern [1, 6, 5, 2, 0, 6, 2, 1, 5, 0] Place 9 Type 0
Pattern [1, 6, 5, 2, 0, 6, 2, 1, 5, 0] Place 0 Type 1
Pattern [6, 2, 0, 0, 6, 2, 1, 1] Place 0 Type 6
Pattern [6, 2, 0, 0, 6, 2, 1, 1] Place 1 Type 2
Pattern [6, 2, 0, 0, 6, 2, 1, 1] Place 2 Type 0
Pattern [6, 2, 0, 0, 6, 2, 1, 1] Place 3 Type 0
Pattern [6, 2, 0, 0, 6, 2, 1, 1] Place 4 Type 6
Pattern [6, 2, 0, 0, 6, 2, 1, 1] Place 5 Type 2
Pattern [6, 2, 0, 0, 6, 2, 1, 1] Place 6 Type 1
Pattern [6, 2, 0, 0, 6, 2, 1, 1] Place 7 Type 1
spec = {'parentEntId': 110400, 'pos': LPoint3f(0, 0, 0)}
h = None
### newVec3 =  LVector3f(1.99994, 6.29993, 1.5)
### newVec3 =  LVector3f(1.99994, 6.29993, 0)
### newVec3 =  LVector3f(1.99994, 6.29993, 0.375)
### newVec3 =  LVector3f(1.99994, 6.29993, 0)
spec = {'parentEntId': 110000, 'pos': LPoint3f(0, 0, 0)}
h = None
### newVec3 =  LVector3f(-1.99997, 6.29993, 1.5)
### newVec3 =  LVector3f(-1.99997, 6.29993, 0)
### newVec3 =  LVector3f(-1.99997, 6.29993, 0.375)
### newVec3 =  LVector3f(-1.99997, 6.29993, 0)
Pattern [1, 6, 0, 6, 1, 2, 0, 5, 2, 5] Place 0 Type 1
Pattern [1, 6, 0, 6, 1, 2, 0, 5, 2, 5] Place 1 Type 6
Pattern [1, 6, 0, 6, 1, 2, 0, 5, 2, 5] Place 2 Type 0
Pattern [1, 6, 0, 6, 1, 2, 0, 5, 2, 5] Place 3 Type 6
Pattern [1, 6, 0, 6, 1, 2, 0, 5, 2, 5] Place 4 Type 1
Pattern [1, 6, 0, 6, 1, 2, 0, 5, 2, 5] Place 5 Type 2
Pattern [6, 2, 6, 0, 1, 5, 1, 2, 0, 5] Place 0 Type 6
Pattern [6, 2, 6, 0, 1, 5, 1, 2, 0, 5] Place 1 Type 2
Pattern [6, 2, 6, 0, 1, 5, 1, 2, 0, 5] Place 2 Type 6
Pattern [6, 2, 6, 0, 1, 5, 1, 2, 0, 5] Place 3 Type 0
Pattern [6, 2, 6, 0, 1, 5, 1, 2, 0, 5] Place 4 Type 1
Pattern [6, 2, 6, 0, 1, 5, 1, 2, 0, 5] Place 5 Type 5
Pattern [6, 2, 6, 0, 1, 5, 1, 2, 0, 5] Place 6 Type 1
Pattern [6, 2, 6, 0, 1, 5, 1, 2, 0, 5] Place 7 Type 2
Pattern [6, 2, 6, 0, 1, 5, 1, 2, 0, 5] Place 8 Type 0
Pattern [6, 2, 6, 0, 1, 5, 1, 2, 0, 5] Place 9 Type 5
Pattern [6, 2, 6, 0, 1, 5, 1, 2, 0, 5] Place 0 Type 6
Pattern [6, 2, 6, 0, 1, 5, 1, 2, 0, 5] Place 1 Type 2
Pattern [6, 2, 6, 0, 1, 5, 1, 2, 0, 5] Place 2 Type 6
Pattern [6, 2, 6, 0, 1, 5, 1, 2, 0, 5] Place 3 Type 0
Pattern [6, 2, 6, 0, 1, 5, 1, 2, 0, 5] Place 4 Type 1
Pattern [6, 2, 6, 0, 1, 5, 1, 2, 0, 5] Place 5 Type 5
Pattern [6, 2, 6, 0, 1, 5, 1, 2, 0, 5] Place 6 Type 1
Pattern [6, 2, 6, 0, 1, 5, 1, 2, 0, 5] Place 7 Type 2
Pattern [6, 2, 6, 0, 1, 5, 1, 2, 0, 5] Place 8 Type 0
Pattern [1, 5, 6, 2, 0, 5, 6, 0, 1, 2] Place 0 Type 1
Pattern [1, 5, 6, 2, 0, 5, 6, 0, 1, 2] Place 1 Type 5
Pattern [1, 5, 6, 2, 0, 5, 6, 0, 1, 2] Place 2 Type 6
Pattern [1, 5, 6, 2, 0, 5, 6, 0, 1, 2] Place 3 Type 2
Pattern [1, 5, 6, 2, 0, 5, 6, 0, 1, 2] Place 4 Type 0
Pattern [1, 5, 6, 2, 0, 5, 6, 0, 1, 2] Place 5 Type 5
Pattern [1, 5, 6, 2, 0, 5, 6, 0, 1, 2] Place 6 Type 6
Pattern [1, 5, 6, 2, 0, 5, 6, 0, 1, 2] Place 7 Type 0
Pattern [1, 5, 6, 2, 0, 5, 6, 0, 1, 2] Place 8 Type 1
Pattern [1, 5, 6, 2, 0, 5, 6, 0, 1, 2] Place 9 Type 2
Pattern [1, 5, 6, 2, 0, 5, 6, 0, 1, 2] Place 0 Type 1
Pattern [1, 5, 6, 2, 0, 5, 6, 0, 1, 2] Place 1 Type 5
Pattern [1, 5, 6, 2, 0, 5, 6, 0, 1, 2] Place 2 Type 6
Pattern [1, 5, 6, 2, 0, 5, 6, 0, 1, 2] Place 3 Type 2
Pattern [1, 5, 6, 2, 0, 5, 6, 0, 1, 2] Place 4 Type 0
Pattern [1, 5, 6, 2, 0, 5, 6, 0, 1, 2] Place 5 Type 5
Pattern [1, 5, 6, 2, 0, 5, 6, 0, 1, 2] Place 6 Type 6
Pattern [1, 5, 6, 2, 0, 5, 6, 0, 1, 2] Place 7 Type 0
Pattern [1, 5, 6, 2, 0, 5, 6, 0, 1, 2] Place 8 Type 1
Pattern [1, 5, 6, 2, 0, 5, 6, 0, 1, 2] Place 9 Type 2
Pattern [1, 5, 6, 2, 0, 5, 6, 0, 1, 2] Place 0 Type 1
Pattern [1, 5, 6, 2, 0, 5, 6, 0, 1, 2] Place 1 Type 5
Pattern [2, 6, 1, 1, 0, 5, 0, 6, 2, 5] Place 0 Type 2
Pattern [2, 6, 1, 1, 0, 5, 0, 6, 2, 5] Place 1 Type 6
Pattern [2, 6, 1, 1, 0, 5, 0, 6, 2, 5] Place 2 Type 1
Pattern [2, 6, 1, 1, 0, 5, 0, 6, 2, 5] Place 3 Type 1
Pattern [2, 6, 1, 1, 0, 5, 0, 6, 2, 5] Place 4 Type 0
Pattern [2, 5, 1, 0, 1, 2, 0, 5] Place 0 Type 2
Pattern [2, 5, 1, 0, 1, 2, 0, 5] Place 1 Type 5
Pattern [2, 5, 1, 0, 1, 2, 0, 5] Place 2 Type 1
Pattern [2, 5, 1, 0, 1, 2, 0, 5] Place 3 Type 0
Pattern [2, 5, 1, 0, 1, 2, 0, 5] Place 4 Type 1
Pattern [2, 5, 1, 0, 1, 2, 0, 5] Place 5 Type 2
Pattern [2, 5, 1, 0, 1, 2, 0, 5] Place 6 Type 0
Pattern [2, 5, 1, 0, 1, 2, 0, 5] Place 7 Type 5
Pattern [2, 5, 1, 0, 1, 2, 0, 5] Place 0 Type 2
Pattern [2, 5, 1, 0, 1, 2, 0, 5] Place 1 Type 5
Pattern [2, 5, 1, 0, 1, 2, 0, 5] Place 2 Type 1
Pattern [2, 5, 1, 0, 1, 2, 0, 5] Place 3 Type 0
Pattern [2, 5, 1, 0, 1, 2, 0, 5] Place 4 Type 1
Pattern [2, 5, 1, 0, 1, 2, 0, 5] Place 5 Type 2
Pattern [2, 5, 1, 0, 1, 2, 0, 5] Place 6 Type 0
Pattern [2, 5, 1, 0, 1, 2, 0, 5] Place 7 Type 5
Pattern [2, 5, 1, 0, 1, 2, 0, 5] Place 0 Type 2
Pattern [2, 5, 1, 0, 1, 2, 0, 5] Place 1 Type 5
Pattern [2, 5, 1, 0, 1, 2, 0, 5] Place 2 Type 1
Pattern [2, 5, 1, 0, 1, 2, 0, 5] Place 3 Type 0
Pattern [0, 6, 0, 6, 1, 1] Place 0 Type 0
Pattern [0, 6, 0, 6, 1, 1] Place 1 Type 6
Pattern [0, 6, 0, 6, 1, 1] Place 2 Type 0
Pattern [0, 6, 0, 6, 1, 1] Place 3 Type 6
Pattern [0, 6, 0, 6, 1, 1] Place 4 Type 1
Pattern [0, 6, 0, 6, 1, 1] Place 5 Type 1
Pattern [0, 6, 0, 6, 1, 1] Place 0 Type 0
Pattern [0, 6, 0, 6, 1, 1] Place 1 Type 6
Pattern [0, 6, 0, 6, 1, 1] Place 2 Type 0
Pattern [0, 6, 0, 6, 1, 1] Place 3 Type 6
Pattern [0, 6, 0, 6, 1, 1] Place 4 Type 1
Pattern [0, 6, 0, 6, 1, 1] Place 5 Type 1
Pattern [0, 6, 0, 6, 1, 1] Place 0 Type 0
Pattern [0, 6, 0, 6, 1, 1] Place 1 Type 6
Pattern [0, 6, 0, 6, 1, 1] Place 2 Type 0
Pattern [0, 6, 0, 6, 1, 1] Place 3 Type 6
Pattern [0, 6, 0, 6, 1, 1] Place 4 Type 1
Pattern [0, 6, 0, 6, 1, 1] Place 5 Type 1
Pattern [0, 6, 0, 6, 1, 1] Place 0 Type 0
Pattern [0, 6, 0, 6, 1, 1] Place 1 Type 6
Pattern [0, 6, 0, 6, 1, 1] Place 2 Type 0
Pattern [0, 6, 0, 6, 1, 1] Place 3 Type 6
Pattern [0, 6, 0, 6, 1, 1] Place 4 Type 1
Pattern [0, 6, 0, 6, 1, 1] Place 5 Type 1
Pattern [0, 6, 0, 6, 1, 1] Place 0 Type 0
Pattern [0, 6, 0, 6, 1, 1] Place 1 Type 6
Pattern [0, 6, 0, 6, 1, 1] Place 2 Type 0
Pattern [0, 6, 0, 6, 1, 1] Place 3 Type 6
Pattern [0, 6, 0, 6, 1, 1] Place 4 Type 1
Pattern [0, 6, 0, 6, 1, 1] Place 5 Type 1
Pattern [0, 6, 0, 6, 1, 1] Place 0 Type 0
Pattern [0, 6, 0, 6, 1, 1] Place 1 Type 6
Pattern [0, 6, 0, 6, 1, 1] Place 2 Type 0
Pattern [0, 6, 0, 6, 1, 1] Place 3 Type 6
Pattern [0, 6, 0, 6, 1, 1] Place 4 Type 1
Pattern [0, 6, 0, 6, 1, 1] Place 5 Type 1
Pattern [0, 6, 0, 6, 1, 1] Place 0 Type 0
Pattern [0, 6, 0, 6, 1, 1] Place 1 Type 6
Pattern [0, 6, 0, 6, 1, 1] Place 2 Type 0
Pattern [0, 6, 0, 6, 1, 1] Place 3 Type 6
Pattern [0, 6, 0, 6, 1, 1] Place 0 Type 0
Pattern [0, 6, 0, 6, 1, 1] Place 1 Type 6
Pattern [0, 6, 0, 6, 1, 1] Place 2 Type 0
Pattern [0, 6, 0, 6, 1, 1] Place 3 Type 6
Pattern [0, 6, 0, 6, 1, 1] Place 4 Type 1
Pattern [0, 6, 0, 6, 1, 1] Place 5 Type 1
Pattern [0, 6, 0, 6, 1, 1] Place 0 Type 0
Pattern [0, 6, 0, 6, 1, 1] Place 1 Type 6
Pattern [0, 6, 0, 6, 1, 1] Place 2 Type 0
Pattern [0, 6, 0, 6, 1, 1] Place 3 Type 6
Pattern [0, 6, 0, 6, 1, 1] Place 4 Type 1
spec = {'parentEntId': 110400, 'pos': LPoint3f(0, 0, 0)}
h = None
### newVec3 =  LVector3f(1.99988, 6.30005, 1.5)
### newVec3 =  LVector3f(1.99988, 6.30005, 0)
### newVec3 =  LVector3f(1.99988, 6.30005, 0.375)
### newVec3 =  LVector3f(1.99988, 6.30005, 0)
spec = {'parentEntId': 110000, 'pos': LPoint3f(0, 0, 0)}
h = None
Pattern [1, 5, 0, 2, 2, 1, 6, 6, 0, 5] Place 0 Type 1
Pattern [1, 5, 0, 2, 2, 1, 6, 6, 0, 5] Place 1 Type 5
Pattern [1, 5, 0, 2, 2, 1, 6, 6, 0, 5] Place 2 Type 0
Pattern [1, 5, 0, 2, 2, 1, 6, 6, 0, 5] Place 3 Type 2
Pattern [1, 5, 0, 2, 2, 1, 6, 6, 0, 5] Place 4 Type 2
Pattern [1, 5, 0, 2, 2, 1, 6, 6, 0, 5] Place 5 Type 1
Pattern [1, 5, 0, 2, 2, 1, 6, 6, 0, 5] Place 6 Type 6
Pattern [1, 5, 0, 2, 2, 1, 6, 6, 0, 5] Place 7 Type 6
Pattern [1, 5, 0, 2, 2, 1, 6, 6, 0, 5] Place 8 Type 0
Pattern [1, 5, 0, 2, 2, 1, 6, 6, 0, 5] Place 9 Type 5
Pattern [1, 5, 0, 2, 2, 1, 6, 6, 0, 5] Place 0 Type 1
Pattern [1, 5, 0, 2, 2, 1, 6, 6, 0, 5] Place 1 Type 5
Pattern [1, 5, 0, 2, 2, 1, 6, 6, 0, 5] Place 2 Type 0
Pattern [1, 5, 0, 2, 2, 1, 6, 6, 0, 5] Place 3 Type 2
Pattern [1, 5, 0, 2, 2, 1, 6, 6, 0, 5] Place 4 Type 2
Pattern [1, 5, 0, 2, 2, 1, 6, 6, 0, 5] Place 5 Type 1
Pattern [1, 5, 0, 2, 2, 1, 6, 6, 0, 5] Place 6 Type 6
Pattern [1, 5, 0, 2, 2, 1, 6, 6, 0, 5] Place 7 Type 6
Pattern [1, 5, 0, 2, 2, 1, 6, 6, 0, 5] Place 8 Type 0
Pattern [8, 7, 8, 7] Place 0 Type 8
Pattern [8, 7, 8, 7] Place 1 Type 7
Pattern [8, 7, 8, 7] Place 2 Type 8
Pattern [8, 7, 8, 7] Place 3 Type 7
Pattern [8, 7, 8, 7] Place 0 Type 8
Pattern [8, 7, 8, 7] Place 1 Type 7
Pattern [0, 0, 1, 5, 5, 2, 2, 1] Place 0 Type 0
Pattern [0, 0, 1, 5, 5, 2, 2, 1] Place 1 Type 0
Pattern [0, 0, 1, 5, 5, 2, 2, 1] Place 2 Type 1
Pattern [0, 0, 1, 5, 5, 2, 2, 1] Place 3 Type 5
Pattern [0, 0, 1, 5, 5, 2, 2, 1] Place 4 Type 5
Pattern [0, 0, 1, 5, 5, 2, 2, 1] Place 5 Type 2
Pattern [0, 0, 1, 5, 5, 2, 2, 1] Place 6 Type 2
Pattern [0, 0, 1, 5, 5, 2, 2, 1] Place 7 Type 1
Pattern [0, 0, 1, 5, 5, 2, 2, 1] Place 0 Type 0
Pattern [0, 0, 1, 5, 5, 2, 2, 1] Place 1 Type 0
Pattern [0, 0, 1, 5, 5, 2, 2, 1] Place 2 Type 1
Pattern [0, 0, 1, 5, 5, 2, 2, 1] Place 3 Type 5
Pattern [0, 0, 1, 5, 5, 2, 2, 1] Place 4 Type 5
Pattern [0, 0, 1, 5, 5, 2, 2, 1] Place 5 Type 2
Pattern [0, 0, 1, 5, 5, 2, 2, 1] Place 6 Type 2
Pattern [0, 0, 1, 5, 5, 2, 2, 1] Place 7 Type 1
Pattern [0, 0, 1, 5, 5, 2, 2, 1] Place 0 Type 0
Pattern [0, 6, 6, 0, 1, 1] Place 0 Type 0
Pattern [0, 6, 6, 0, 1, 1] Place 1 Type 6
Pattern [0, 6, 6, 0, 1, 1] Place 2 Type 6
Pattern [0, 6, 6, 0, 1, 1] Place 3 Type 0
Pattern [0, 6, 6, 0, 1, 1] Place 4 Type 1
Pattern [0, 6, 6, 0, 1, 1] Place 5 Type 1
Pattern [0, 6, 6, 0, 1, 1] Place 0 Type 0
Pattern [0, 6, 6, 0, 1, 1] Place 1 Type 6
Pattern [0, 6, 6, 0, 1, 1] Place 2 Type 6
Pattern [0, 6, 6, 0, 1, 1] Place 3 Type 0
Pattern [0, 6, 6, 0, 1, 1] Place 4 Type 1
Pattern [0, 6, 6, 0, 1, 1] Place 5 Type 1
Pattern [0, 6, 6, 0, 1, 1] Place 0 Type 0
Pattern [0, 6, 6, 0, 1, 1] Place 1 Type 6
Pattern [0, 6, 6, 0, 1, 1] Place 2 Type 6
Pattern [0, 6, 6, 0, 1, 1] Place 3 Type 0
Pattern [0, 6, 6, 0, 1, 1] Place 4 Type 1
Pattern [0, 6, 6, 0, 1, 1] Place 5 Type 1
Pattern [0, 6, 6, 0, 1, 1] Place 0 Type 0
Pattern [0, 6, 6, 0, 1, 1] Place 1 Type 6
Pattern [0, 6, 6, 0, 1, 1] Place 2 Type 6
Pattern [0, 6, 6, 0, 1, 1] Place 3 Type 0
Pattern [0, 6, 6, 0, 1, 1] Place 4 Type 1
Pattern [0, 6, 6, 0, 1, 1] Place 5 Type 1
Pattern [0, 6, 6, 0, 1, 1] Place 0 Type 0
Pattern [0, 6, 6, 0, 1, 1] Place 1 Type 6
Pattern [0, 6, 6, 0, 1, 1] Place 2 Type 6
Pattern [0, 6, 6, 0, 1, 1] Place 3 Type 0
Pattern [0, 6, 6, 0, 1, 1] Place 4 Type 1
Pattern [0, 6, 6, 0, 1, 1] Place 5 Type 1
Pattern [0, 6, 6, 0, 1, 1] Place 0 Type 0
Pattern [0, 6, 6, 0, 1, 1] Place 1 Type 6
Pattern [0, 6, 6, 0, 1, 1] Place 2 Type 6
Pattern [0, 6, 6, 0, 1, 1] Place 3 Type 0
Pattern [0, 6, 6, 0, 1, 1] Place 4 Type 1
Pattern [0, 6, 6, 0, 1, 1] Place 5 Type 1
Pattern [0, 6, 6, 0, 1, 1] Place 0 Type 0
Pattern [0, 6, 6, 0, 1, 1] Place 1 Type 6
Pattern [0, 6, 6, 0, 1, 1] Place 2 Type 6
Pattern [0, 6, 6, 0, 1, 1] Place 3 Type 0
Pattern [0, 6, 6, 0, 1, 1] Place 4 Type 1
Pattern [0, 6, 6, 0, 1, 1] Place 5 Type 1
Pattern [0, 6, 6, 0, 1, 1] Place 0 Type 0
Pattern [0, 6, 6, 0, 1, 1] Place 1 Type 6
Pattern [0, 6, 6, 0, 1, 1] Place 2 Type 6
Pattern [0, 6, 6, 0, 1, 1] Place 3 Type 0
Pattern [0, 6, 6, 0, 1, 1] Place 4 Type 1
Pattern [0, 6, 6, 0, 1, 1] Place 5 Type 1
Pattern [0, 6, 6, 0, 1, 1] Place 0 Type 0
Pattern [0, 6, 6, 0, 1, 1] Place 1 Type 6
Pattern [0, 6, 6, 0, 1, 1] Place 2 Type 6
Pattern [0, 6, 6, 0, 1, 1] Place 3 Type 0
Pattern [0, 6, 6, 0, 1, 1] Place 4 Type 1
Pattern [0, 6, 6, 0, 1, 1] Place 5 Type 1
Pattern [0, 6, 6, 0, 1, 1] Place 0 Type 0
Pattern [0, 6, 6, 0, 1, 1] Place 1 Type 6
Pattern [0, 6, 6, 0, 1, 1] Place 2 Type 6
Pattern [0, 6, 6, 0, 1, 1] Place 3 Type 0
Pattern [0, 6, 6, 0, 1, 1] Place 4 Type 1
Pattern [0, 6, 6, 0, 1, 1] Place 5 Type 1
Pattern [0, 6, 6, 0, 1, 1] Place 0 Type 0
Pattern [0, 2, 1, 2, 0, 1] Place 0 Type 0
Pattern [1, 0, 6, 2, 2, 0, 6, 1] Place 0 Type 1
Pattern [1, 0, 6, 2, 2, 0, 6, 1] Place 1 Type 0
Pattern [1, 0, 6, 2, 2, 0, 6, 1] Place 2 Type 6
Pattern [1, 0, 6, 2, 2, 0, 6, 1] Place 3 Type 2
Pattern [1, 0, 6, 2, 2, 0, 6, 1] Place 4 Type 2
Pattern [1, 0, 6, 2, 2, 0, 6, 1] Place 5 Type 0
Pattern [1, 0, 6, 2, 2, 0, 6, 1] Place 6 Type 6
Pattern [1, 0, 6, 2, 2, 0, 6, 1] Place 7 Type 1
Pattern [1, 0, 6, 2, 2, 0, 6, 1] Place 0 Type 1
Pattern [1, 0, 6, 2, 2, 0, 6, 1] Place 1 Type 0
Pattern [1, 0, 6, 2, 2, 0, 6, 1] Place 2 Type 6
Pattern [1, 0, 6, 2, 2, 0, 6, 1] Place 3 Type 2
Pattern [1, 0, 6, 2, 2, 0, 6, 1] Place 4 Type 2
Pattern [1, 0, 6, 2, 2, 0, 6, 1] Place 5 Type 0
Pattern [1, 0, 6, 2, 2, 0, 6, 1] Place 6 Type 6
Pattern [1, 0, 6, 2, 2, 0, 6, 1] Place 7 Type 1
Pattern [1, 0, 6, 2, 2, 0, 6, 1] Place 0 Type 1
Pattern [0, 6, 6, 0, 1, 1] Place 0 Type 0
Pattern [0, 6, 6, 0, 1, 1] Place 1 Type 6
Pattern [0, 6, 6, 0, 1, 1] Place 2 Type 6
Pattern [0, 6, 6, 0, 1, 1] Place 3 Type 0
Pattern [0, 6, 6, 0, 1, 1] Place 4 Type 1
Pattern [0, 6, 6, 0, 1, 1] Place 5 Type 1
Pattern [0, 6, 6, 0, 1, 1] Place 0 Type 0
Pattern [0, 6, 6, 0, 1, 1] Place 1 Type 6
Pattern [0, 6, 6, 0, 1, 1] Place 2 Type 6
Pattern [0, 6, 6, 0, 1, 1] Place 3 Type 0
Pattern [0, 6, 6, 0, 1, 1] Place 4 Type 1
Pattern [0, 6, 6, 0, 1, 1] Place 5 Type 1
Pattern [0, 6, 6, 0, 1, 1] Place 0 Type 0
Pattern [0, 6, 6, 0, 1, 1] Place 1 Type 6
Pattern [0, 6, 6, 0, 1, 1] Place 2 Type 6
spec = {'parentEntId': 110400, 'pos': LPoint3f(0, 0, 0)}
h = None
### newVec3 =  LVector3f(-2, 6.30005, 1.5)
### newVec3 =  LVector3f(-2, 6.30005, 0)
### newVec3 =  LVector3f(-2, 6.30005, 0.375)
### newVec3 =  LVector3f(-2, 6.30005, 0)
spec = {'parentEntId': 110000, 'pos': LPoint3f(0, 0, 0)}
h = None
### newVec3 =  LVector3f(1.99997, 6.30005, 1.5)
### newVec3 =  LVector3f(1.99997, 6.30005, 0)
### newVec3 =  LVector3f(1.99997, 6.30005, 0.375)
### newVec3 =  LVector3f(1.99997, 6.30005, 0)
Pattern [6, 6, 2, 1, 0, 2, 1, 0] Place 0 Type 6
Pattern [6, 6, 2, 1, 0, 2, 1, 0] Place 1 Type 6
Pattern [6, 6, 2, 1, 0, 2, 1, 0] Place 2 Type 2
Pattern [6, 6, 2, 1, 0, 2, 1, 0] Place 3 Type 1
Pattern [6, 6, 2, 1, 0, 2, 1, 0] Place 4 Type 0
Pattern [6, 6, 2, 1, 0, 2, 1, 0] Place 5 Type 2
Pattern [6, 6, 2, 1, 0, 2, 1, 0] Place 6 Type 1
Pattern [6, 6, 2, 1, 0, 2, 1, 0] Place 7 Type 0
Pattern [6, 6, 2, 1, 0, 2, 1, 0] Place 0 Type 6
Pattern [6, 6, 2, 1, 0, 2, 1, 0] Place 1 Type 6
Pattern [5, 2, 6, 5, 1, 0, 6, 1, 0, 2] Place 0 Type 5
Pattern [5, 2, 6, 5, 1, 0, 6, 1, 0, 2] Place 1 Type 2
Pattern [5, 2, 6, 5, 1, 0, 6, 1, 0, 2] Place 2 Type 6
Pattern [5, 2, 6, 5, 1, 0, 6, 1, 0, 2] Place 3 Type 5
Pattern [5, 2, 6, 5, 1, 0, 6, 1, 0, 2] Place 4 Type 1
Pattern [5, 2, 6, 5, 1, 0, 6, 1, 0, 2] Place 5 Type 0
Pattern [5, 2, 6, 5, 1, 0, 6, 1, 0, 2] Place 6 Type 6
Pattern [5, 2, 6, 5, 1, 0, 6, 1, 0, 2] Place 7 Type 1
Pattern [5, 2, 6, 5, 1, 0, 6, 1, 0, 2] Place 8 Type 0
Pattern [8, 7, 8, 7] Place 0 Type 8
Pattern [8, 7, 8, 7] Place 1 Type 7
Pattern [8, 7, 8, 7] Place 2 Type 8
Pattern [8, 7, 8, 7] Place 3 Type 7
Pattern [8, 7, 8, 7] Place 0 Type 8
Pattern [8, 7, 8, 7] Place 1 Type 7
Pattern [8, 7, 8, 7] Place 2 Type 8
Pattern [5, 6, 1, 0, 0, 5, 2, 1, 6, 2] Place 0 Type 5
Pattern [5, 6, 1, 0, 0, 5, 2, 1, 6, 2] Place 1 Type 6
Pattern [5, 6, 1, 0, 0, 5, 2, 1, 6, 2] Place 2 Type 1
Pattern [5, 6, 1, 0, 0, 5, 2, 1, 6, 2] Place 3 Type 0
Pattern [5, 6, 1, 0, 0, 5, 2, 1, 6, 2] Place 4 Type 0
Pattern [5, 6, 1, 0, 0, 5, 2, 1, 6, 2] Place 5 Type 5
Pattern [5, 6, 1, 0, 0, 5, 2, 1, 6, 2] Place 6 Type 2
Pattern [5, 6, 1, 0, 0, 5, 2, 1, 6, 2] Place 7 Type 1
Pattern [5, 6, 1, 0, 0, 5, 2, 1, 6, 2] Place 8 Type 6
Pattern [5, 6, 1, 0, 0, 5, 2, 1, 6, 2] Place 9 Type 2
Pattern [5, 6, 1, 0, 0, 5, 2, 1, 6, 2] Place 0 Type 5
Pattern [5, 6, 1, 0, 0, 5, 2, 1, 6, 2] Place 1 Type 6
Pattern [5, 6, 1, 0, 0, 5, 2, 1, 6, 2] Place 2 Type 1
Pattern [5, 6, 1, 0, 0, 5, 2, 1, 6, 2] Place 3 Type 0
Pattern [5, 6, 1, 0, 0, 5, 2, 1, 6, 2] Place 4 Type 0
Pattern [5, 6, 1, 0, 0, 5, 2, 1, 6, 2] Place 5 Type 5
Pattern [5, 6, 1, 0, 0, 5, 2, 1, 6, 2] Place 6 Type 2
Pattern [5, 6, 1, 0, 0, 5, 2, 1, 6, 2] Place 7 Type 1
Pattern [5, 6, 1, 0, 0, 5, 2, 1, 6, 2] Place 8 Type 6
Pattern [5, 6, 1, 0, 0, 5, 2, 1, 6, 2] Place 9 Type 2
Pattern [5, 6, 1, 0, 0, 5, 2, 1, 6, 2] Place 0 Type 5
Pattern [5, 6, 1, 0, 0, 5, 2, 1, 6, 2] Place 1 Type 6
Pattern [5, 6, 1, 0, 0, 5, 2, 1, 6, 2] Place 2 Type 1
Pattern [5, 6, 1, 0, 0, 5, 2, 1, 6, 2] Place 3 Type 0
Pattern [6, 5, 5, 2, 6, 2] Place 0 Type 6
Pattern [6, 5, 5, 2, 6, 2] Place 1 Type 5
Pattern [6, 5, 5, 2, 6, 2] Place 2 Type 5
Pattern [6, 5, 5, 2, 6, 2] Place 3 Type 2
Pattern [6, 5, 5, 2, 6, 2] Place 4 Type 6
Pattern [6, 5, 5, 2, 6, 2] Place 5 Type 2
Pattern [6, 5, 5, 2, 6, 2] Place 0 Type 6
Pattern [6, 5, 5, 2, 6, 2] Place 1 Type 5
Pattern [6, 5, 5, 2, 6, 2] Place 2 Type 5
Pattern [6, 5, 5, 2, 6, 2] Place 3 Type 2
Pattern [6, 5, 5, 2, 6, 2] Place 4 Type 6
Pattern [6, 5, 5, 2, 6, 2] Place 5 Type 2
Pattern [1, 0, 0, 5, 5, 6, 1, 6] Place 0 Type 1
Pattern [1, 0, 0, 5, 5, 6, 1, 6] Place 1 Type 0
Pattern [1, 0, 0, 5, 5, 6, 1, 6] Place 2 Type 0
Pattern [1, 0, 0, 5, 5, 6, 1, 6] Place 3 Type 5
Pattern [1, 0, 0, 5, 5, 6, 1, 6] Place 4 Type 5
Pattern [1, 0, 0, 5, 5, 6, 1, 6] Place 5 Type 6
spec = {'parentEntId': 110400, 'pos': LPoint3f(0, 0, 0)}
h = None
### newVec3 =  LVector3f(2, 6.30005, 1.5)
### newVec3 =  LVector3f(2, 6.30005, 0)
### newVec3 =  LVector3f(2, 6.30005, 0.375)
### newVec3 =  LVector3f(2, 6.30005, 0)
### newVec3 =  LVector3f(2, 6.30005, 1.5)
### newVec3 =  LVector3f(2, 6.30005, 0)
### newVec3 =  LVector3f(2, 6.30005, 0.375)
### newVec3 =  LVector3f(2, 6.30005, 0)
spec = {'parentEntId': 110000, 'pos': LPoint3f(0, 0, 0)}
h = None
### newVec3 =  LVector3f(2.00003, 11.2999, 1.5)
### newVec3 =  LVector3f(2.00003, 11.2999, 0)
### newVec3 =  LVector3f(2.00003, 11.2999, 0.375)
### newVec3 =  LVector3f(2.00003, 11.2999, 0)
### newVec3 =  LVector3f(2.00003, 6.29993, 1.5)
### newVec3 =  LVector3f(2.00003, 6.29993, 0)
### newVec3 =  LVector3f(2.00003, 6.29993, 0.375)
### newVec3 =  LVector3f(2.00003, 6.29993, 0)
Pattern [1, 2, 2, 6, 0, 1, 0, 5, 5, 6] Place 0 Type 1
Pattern [1, 2, 2, 6, 0, 1, 0, 5, 5, 6] Place 1 Type 2
Pattern [1, 2, 2, 6, 0, 1, 0, 5, 5, 6] Place 2 Type 2
Pattern [1, 2, 2, 6, 0, 1, 0, 5, 5, 6] Place 3 Type 6
Pattern [1, 2, 2, 6, 0, 1, 0, 5, 5, 6] Place 4 Type 0
Pattern [1, 2, 2, 6, 0, 1, 0, 5, 5, 6] Place 5 Type 1
Pattern [1, 2, 2, 6, 0, 1, 0, 5, 5, 6] Place 6 Type 0
Pattern [1, 2, 2, 6, 0, 1, 0, 5, 5, 6] Place 7 Type 5
Pattern [1, 2, 2, 6, 0, 1, 0, 5, 5, 6] Place 8 Type 5
Pattern [1, 2, 2, 6, 0, 1, 0, 5, 5, 6] Place 9 Type 6
Pattern [1, 2, 2, 6, 0, 1, 0, 5, 5, 6] Place 0 Type 1
Pattern [1, 2, 2, 6, 0, 1, 0, 5, 5, 6] Place 1 Type 2
Pattern [1, 2, 2, 6, 0, 1, 0, 5, 5, 6] Place 2 Type 2
Pattern [1, 2, 2, 6, 0, 1, 0, 5, 5, 6] Place 3 Type 6
Pattern [1, 2, 2, 6, 0, 1, 0, 5, 5, 6] Place 4 Type 0
Pattern [8, 7, 8, 7] Place 0 Type 8
Pattern [8, 7, 8, 7] Place 1 Type 7
Pattern [8, 7, 8, 7] Place 2 Type 8
Pattern [1, 2, 0, 6, 1, 2, 6, 0] Place 0 Type 1
Pattern [1, 2, 0, 6, 1, 2, 6, 0] Place 1 Type 2
Pattern [1, 2, 0, 6, 1, 2, 6, 0] Place 2 Type 0
Pattern [1, 2, 0, 6, 1, 2, 6, 0] Place 3 Type 6
Pattern [1, 2, 0, 6, 1, 2, 6, 0] Place 4 Type 1
Pattern [1, 2, 0, 6, 1, 2, 6, 0] Place 5 Type 2
Pattern [1, 2, 0, 6, 1, 2, 6, 0] Place 6 Type 6
Pattern [1, 2, 0, 6, 1, 2, 6, 0] Place 7 Type 0
Pattern [1, 2, 0, 6, 1, 2, 6, 0] Place 0 Type 1
Pattern [1, 2, 0, 6, 1, 2, 6, 0] Place 1 Type 2
Pattern [1, 2, 0, 6, 1, 2, 6, 0] Place 2 Type 0
Pattern [1, 2, 0, 6, 1, 2, 6, 0] Place 3 Type 6
Pattern [1, 2, 0, 6, 1, 2, 6, 0] Place 4 Type 1
Pattern [1, 2, 0, 6, 1, 2, 6, 0] Place 5 Type 2
Pattern [6, 6, 2, 2, 5, 5] Place 0 Type 6
Pattern [6, 6, 2, 2, 5, 5] Place 1 Type 6
Pattern [6, 6, 2, 2, 5, 5] Place 2 Type 2
Pattern [6, 6, 2, 2, 5, 5] Place 3 Type 2
Pattern [6, 6, 2, 2, 5, 5] Place 4 Type 5
Pattern [6, 6, 2, 2, 5, 5] Place 5 Type 5
Pattern [6, 6, 2, 2, 5, 5] Place 0 Type 6
Pattern [6, 6, 2, 2, 5, 5] Place 1 Type 6
Pattern [1, 0, 2, 2, 6, 0, 1, 6] Place 0 Type 1
Pattern [1, 0, 2, 2, 6, 0, 1, 6] Place 1 Type 0
Pattern [1, 0, 2, 2, 6, 0, 1, 6] Place 2 Type 2
Pattern [1, 0, 2, 2, 6, 0, 1, 6] Place 3 Type 2
Pattern [1, 0, 2, 2, 6, 0, 1, 6] Place 4 Type 6
Pattern [1, 0, 2, 2, 6, 0, 1, 6] Place 5 Type 0
Pattern [6, 6, 2, 2, 1, 1, 0, 0] Place 0 Type 6
Pattern [6, 6, 2, 2, 1, 1, 0, 0] Place 1 Type 6
Pattern [6, 6, 2, 2, 1, 1, 0, 0] Place 2 Type 2
Pattern [6, 6, 2, 2, 1, 1, 0, 0] Place 3 Type 2
Pattern [6, 6, 2, 2, 1, 1, 0, 0] Place 4 Type 1
Pattern [6, 6, 2, 2, 1, 1, 0, 0] Place 5 Type 1
Pattern [6, 6, 2, 2, 1, 1, 0, 0] Place 6 Type 0
Pattern [6, 6, 2, 2, 1, 1, 0, 0] Place 7 Type 0
spec = {'parentEntId': 110400, 'pos': LPoint3f(0, 0, 0)}
h = None
entered wait for zone redirect
entered wait for set zone response - 2
entered wait for zone redirect
entered wait for set zone response - 2
Reading DNA file... phase_4/dna/storage.pdna
Reading DNA file... phase_3.5/dna/storage_interior.pdna
Reading DNA file... phase_6/dna/storage_DD.pdna
Reading DNA file... phase_6/dna/storage_DD_sz.pdna
Reading DNA file... phase_6/dna/donalds_dock_sz.pdna
entered wait for zone redirect
entered wait for set zone response - 2
entered wait for zone redirect
entered wait for set zone response - 2
entered wait for zone redirect
entered wait for set zone response - 2
Reading DNA file... phase_5/dna/storage_town.pdna
Reading DNA file... phase_6/dna/storage_DD_town.pdna
Reading DNA file... phase_6/dna/donalds_dock_1300.pdna
entered wait for zone redirect
entered wait for set zone response - 2
Reading DNA file... phase_4/dna/storage.pdna
Reading DNA file... phase_3.5/dna/storage_interior.pdna
Reading DNA file... phase_8/dna/storage_BR.pdna
Reading DNA file... phase_5/dna/storage_town.pdna
Reading DNA file... phase_8/dna/storage_BR_town.pdna
Reading DNA file... phase_8/dna/the_burrrgh_3100.pdna
../resources/phase_3/audio/sfx
../resources/phase_3.5/audio/sfx
../resources/phase_4/audio/sfx
../resources/phase_5/audio/sfx
/phase_3/audio/sfx
/phase_3.5/audio/sfx
/phase_4/audio/sfx
/phase_5/audio/sfx

../resources/phase_3/audio/sfx
../resources/phase_3.5/audio/sfx
../resources/phase_4/audio/sfx
../resources/phase_5/audio/sfx
/phase_3/audio/sfx
/phase_3.5/audio/sfx
/phase_4/audio/sfx
/phase_5/audio/sfx

entered wait for zone redirect
entered wait for set zone response - 2
### newVec3 =  LVector3f(2, 5.3, 1.5)
### newVec3 =  LVector3f(2, 5.3, 0)
### newVec3 =  LVector3f(2, 5.3, 0.375)
### newVec3 =  LVector3f(2, 5.3, 0)
### newVec3 =  LVector3f(0, 11, 1.5)
### newVec3 =  LVector3f(0, 11, 0)
### newVec3 =  LVector3f(0, 11, 0.375)
### newVec3 =  LVector3f(0, 11, 0)
### newVec3 =  LVector3f(0, 6, 1.5)
### newVec3 =  LVector3f(0, 6, 0)
### newVec3 =  LVector3f(0, 6, 0.375)
### newVec3 =  LVector3f(0, 6, 0)
### newVec3 =  LVector3f(0, 6, 1.5)
### newVec3 =  LVector3f(0, 6, 0)
### newVec3 =  LVector3f(0, 6, 0.375)
### newVec3 =  LVector3f(0, 6, 0)
### newVec3 =  LVector3f(2, 10.3, 1.5)
### newVec3 =  LVector3f(2, 10.3, 0)
### newVec3 =  LVector3f(2, 10.3, 0.375)
### newVec3 =  LVector3f(2, 10.3, 0)
### newVec3 =  LVector3f(2, 10.3, 1.5)
### newVec3 =  LVector3f(2, 10.3, 0)
### newVec3 =  LVector3f(2, 10.3, 0.375)
### newVec3 =  LVector3f(2, 10.3, 0)
### newVec3 =  LVector3f(2, 5.3, 1.5)
### newVec3 =  LVector3f(2, 5.3, 0)
### newVec3 =  LVector3f(2, 5.3, 0.375)
### newVec3 =  LVector3f(2, 5.3, 0)
### newVec3 =  LVector3f(0, 6, 1.5)
### newVec3 =  LVector3f(0, 6, 0)
### newVec3 =  LVector3f(0, 6, 0.375)
### newVec3 =  LVector3f(0, 6, 0)
### newVec3 =  LVector3f(0, 5, 1.5)
### newVec3 =  LVector3f(0, 5, 0)
### newVec3 =  LVector3f(0, 5, 0.375)
### newVec3 =  LVector3f(0, 5, 0)
### newVec3 =  LVector3f(2, 6.3, 1.5)
### newVec3 =  LVector3f(2, 6.3, 0)
### newVec3 =  LVector3f(2, 6.3, 0.375)
### newVec3 =  LVector3f(2, 6.3, 0)
### newVec3 =  LVector3f(0, 6, 1.5)
### newVec3 =  LVector3f(0, 6, 0)
### newVec3 =  LVector3f(0, 6, 0.375)
### newVec3 =  LVector3f(0, 6, 0)
entered wait for zone redirect
entered wait for set zone response - 2
Reading DNA file... phase_5/dna/storage_town.pdna
Reading DNA file... phase_8/dna/storage_BR_town.pdna
Reading DNA file... phase_8/dna/the_burrrgh_3100.pdna
entered wait for zone redirect
entered wait for set zone response - 2
### newVec3 =  LVector3f(2, 6.3, 1.5)
### newVec3 =  LVector3f(2, 6.3, 0)
### newVec3 =  LVector3f(2, 6.3, 0.375)
### newVec3 =  LVector3f(2, 6.3, 0)
