TTLocalizer: Running in language: English
OTPLocalizer: Running in language: English
Preloading suits...
Preloading Toon heads...
Preloading avatars...
{401000001: <toontown.distributed.ToontownDistrict.ToontownDistrict instance at 0x181DF648>}
__handleAvatarChooserDone: 100000070, 'Master Cool Cat', ('csl', 'ms', 'm', 'm', (0.3, 0.3, 0.35, 1.0), (0.28, 0.32, 0.72, 1.0), (0.3, 0.3, 0.35, 1.0), (0.3, 0.3, 0.35, 1.0), 111, 27, 98, 27, 41, 27), 3
entered wait for zone redirect
entered wait for set zone response - 2
Reading DNA file... phase_4/dna/storage.pdna
Reading DNA file... phase_3.5/dna/storage_interior.pdna
entered wait for zone redirect
entered wait for set zone response - 2
spec = {'parentEntId': 10002, 'pos': LPoint3f(0, 0, 0)}
h = None
../resources/phase_3/audio/sfx
../resources/phase_3.5/audio/sfx
../resources/phase_4/audio/sfx
../resources/phase_5/audio/sfx
/phase_3/audio/sfx
/phase_3.5/audio/sfx
/phase_4/audio/sfx
/phase_5/audio/sfx

spec = {'parentEntId': 10007, 'pos': LPoint3f(0, 0, 0)}
h = None
spec = {'parentEntId': 10000, 'pos': LPoint3f(0, 0, 0)}
h = None
spec = {'parentEntId': 10000, 'pos': LPoint3f(0, 0, 0)}
h = None
{401000001: <toontown.distributed.ToontownDistrict.ToontownDistrict instance at 0x181DF648>}
__handleAvatarChooserDone: 100000070, 'Master Cool Cat', ('csl', 'ms', 'm', 'm', (0.3, 0.3, 0.35, 1.0), (0.28, 0.32, 0.72, 1.0), (0.3, 0.3, 0.35, 1.0), (0.3, 0.3, 0.35, 1.0), 111, 27, 98, 27, 41, 27), 3
entered wait for zone redirect
entered wait for set zone response - 2
Reading DNA file... phase_4/dna/storage.pdna
Reading DNA file... phase_3.5/dna/storage_interior.pdna
entered wait for zone redirect
entered wait for set zone response - 2
Reading DNA file... phase_4/dna/storage.pdna
Reading DNA file... phase_3.5/dna/storage_interior.pdna
entered wait for zone redirect
entered wait for set zone response - 2
entered wait for zone redirect
entered wait for set zone response - 2
Laser Field initCollisionGeom
Laser Field initCollisionGeom
CollisionEntry:
  from render/Master Cool Cat-100000070/camFloorRayNode/ccRay2Node
  into render/stage401004660/ZoneEntity-0/-PandaNode/LB_Zone03a_egg/Collsion/stageFloorColl0 []
  at 2 -9.9125 -0.0301161
  normal -0.000961985 0.000458579 0.999999
  respect_prev_transform = 0


CollisionEntry:
  from render/Master Cool Cat-100000070/camFloorRayNode/ccRay2Node
  into render/stage401004660/LB_connector_7cubeLR.egg/-PandaNode/LB_connector_7cubeLR_egg/collison/stageFloorColl1 []
  at 2.27932 38.6375 0.162125
  normal 9.26614e-005 -0.421613 0.906776
  respect_prev_transform = 0


CollisionEntry:
  from render/Master Cool Cat-100000070/camFloorRayNode/ccRay2Node
  into render/stage401004660/LB_connector_7cubeLR.egg/-PandaNode/LB_connector_7cubeLR_egg/collison/stageFloorColl1 []
  at -0.866671 54.5729 4.9516
  normal 6.5559e-005 0 1
  respect_prev_transform = 0


CollisionEntry:
  from render/Master Cool Cat-100000070/camFloorRayNode/ccRay2Node
  into render/stage401004660/ZoneEntity-0/-PandaNode/Z13_ALL/room/collsion/stageFloorColl2 []
  at 32.9616 111.763 4.95065
  normal 0 0 1
  respect_prev_transform = 0


CollisionEntry:
  from render/Master Cool Cat-100000070/NPW.cRayNode
  into render/stage401004660/ZoneEntity-0/-PandaNode/Z13_ALL/room/collsion/stageFloorColl2 []
  at 20.9768 183.51 4.95065
  normal 0 0 1
  respect_prev_transform = 1


CollisionEntry:
  from render/Master Cool Cat-100000070/NPW.cRayNode
  into render/stage401004660/ZoneEntity-0/-PandaNode/Z13_ALL/room/collsion/stageFloorColl2 []
  at 33.0563 281.504 4.95065
  normal 0 0 1
  respect_prev_transform = 1


CollisionEntry:
  from render/Master Cool Cat-100000070/camFloorRayNode/ccRay2Node
  into render/stage401004660/ZoneEntity-0/-PandaNode/Z13_ALL/room/collsion/stageFloorColl2 []
  at 33.3698 281.343 4.95065
  normal 0 0 1
  respect_prev_transform = 0


CollisionEntry:
  from render/Master Cool Cat-100000070/NPW.cRayNode
  into render/stage401004660/LB_connector_7cubeLR.egg/-PandaNode/LB_connector_7cubeLR_egg/collison/stageFloorColl3 []
  at 31.6142 380.451 4.95211
  normal 0.000133877 0 1
  respect_prev_transform = 1


CollisionEntry:
  from render/Master Cool Cat-100000070/NPW.cRayNode
  into render/stage401004660/LB_connector_7cubeLR.egg/-PandaNode/LB_connector_7cubeLR_egg/collison/stageFloorColl3 []
  at 32.0397 385.34 6.18649
  normal 9.26614e-005 -0.421613 0.906776
  respect_prev_transform = 1


CollisionEntry:
  from render/Master Cool Cat-100000070/camFloorRayNode/ccRay2Node
  into render/stage401004660/ZoneEntity-0/-PandaNode/Z13_ALL/room/collsion/stageFloorColl2 []
  at 31.9381 380.245 4.95065
  normal 0 0 1
  respect_prev_transform = 0


CollisionEntry:
  from render/Master Cool Cat-100000070/camFloorRayNode/ccRay2Node
  into render/stage401004660/LB_connector_7cubeLR.egg/-PandaNode/LB_connector_7cubeLR_egg/collison/stageFloorColl3 []
  at 32.6538 383.001 5.09888
  normal 9.26614e-005 -0.421613 0.906776
  respect_prev_transform = 0


CollisionEntry:
  from render/Master Cool Cat-100000070/camFloorRayNode/ccRay2Node
  into render/stage401004660/LB_connector_7cubeLR.egg/-PandaNode/LB_connector_7cubeLR_egg/collison/stageFloorColl3 []
  at 32.5375 385.469 4.95199
  normal 0.000133877 0 1
  respect_prev_transform = 0


CollisionEntry:
  from render/Master Cool Cat-100000070/camFloorRayNode/ccRay2Node
  into render/stage401004660/LB_connector_7cubeLR.egg/-PandaNode/LB_connector_7cubeLR_egg/collison/stageFloorColl3 []
  at 32.5678 384.826 5.94756
  normal 9.26614e-005 -0.421613 0.906776
  respect_prev_transform = 0


CollisionEntry:
  from render/Master Cool Cat-100000070/NPW.cRayNode
  into render/stage401004660/LB_connector_7cubeLR.egg/-PandaNode/LB_connector_7cubeLR_egg/collison/stageFloorColl3 []
  at 32.05 395.818 9.95138
  normal 6.5559e-005 0 1
  respect_prev_transform = 1


CollisionEntry:
  from render/Master Cool Cat-100000070/camFloorRayNode/ccRay2Node
  into render/stage401004660/LB_connector_7cubeLR.egg/-PandaNode/LB_connector_7cubeLR_egg/collison/stageFloorColl3 []
  at 32.27 391.148 4.95203
  normal 0.000133877 0 1
  respect_prev_transform = 0


CollisionEntry:
  from render/Master Cool Cat-100000070/camFloorRayNode/ccRay2Node
  into render/stage401004660/LB_connector_7cubeLR.egg/-PandaNode/LB_connector_7cubeLR_egg/collison/stageFloorColl3 []
  at 32.0673 395.451 9.95134
  normal 6.5559e-005 0 1
  respect_prev_transform = 0


CollisionEntry:
  from render/Master Cool Cat-100000070/NPW.cRayNode
  into render/stage401004660/LB_connector_7cubeLR.egg/-PandaNode/LB_connector_7cubeLR_egg/collison/stageFloorColl3 []
  at 50.5959 446.308 9.95309
  normal -0.00029707 0 1
  respect_prev_transform = 1


CollisionEntry:
  from render/Master Cool Cat-100000070/camFloorRayNode/ccRay2Node
  into render/stage401004660/LB_connector_7cubeLR.egg/-PandaNode/LB_connector_7cubeLR_egg/collison/stageFloorColl3 []
  at 51.9027 447.507 9.95341
  normal -0.00029707 0 1
  respect_prev_transform = 0


CollisionEntry:
  from render/Master Cool Cat-100000070/NPW.cRayNode
  into render/stage401004660/ZoneEntity-0/-PandaNode/Z07_ALL/stageFloorColl4 []
  at 55.6611 456.203 9.95182
  normal 0 0 1
  respect_prev_transform = 1


CollisionEntry:
  from render/Master Cool Cat-100000070/camFloorRayNode/ccRay2Node
  into render/stage401004660/ZoneEntity-0/-PandaNode/Z07_ALL/stageFloorColl4 []
  at 57.1712 456.316 9.95238
  normal 0 0 1
  respect_prev_transform = 0


CollisionEntry:
  from render/Master Cool Cat-100000070/NPW.cRayNode
  into render/stage401004660/ZoneEntity-0/-PandaNode/Z07_ALL/stageFloorColl4 []
  at 58.1826 500.295 9.95524
  normal 0 0 1
  respect_prev_transform = 1


CollisionEntry:
  from render/Master Cool Cat-100000070/NPW.cRayNode
  into render/stage401004660/ZoneEntity-0/-PandaNode/Z07_ALL/stageFloorColl4 []
  at 30.0538 525.169 18.6496
  normal 0 0 1
  respect_prev_transform = 1


CollisionEntry:
  from render/Master Cool Cat-100000070/camFloorRayNode/ccRay2Node
  into render/stage401004660/ZoneEntity-0/-PandaNode/Z07_ALL/stageFloorColl4 []
  at 29.3976 525.013 18.6323
  normal 0 0 1
  respect_prev_transform = 0


CollisionEntry:
  from render/Master Cool Cat-100000070/NPW.cRayNode
  into render/stage401004660/LB_connector_7cubeL2.egg/-PandaNode/LB_connector_7cubeL2_egg/collison/stageFloorColl5 []
  at -40.5533 515.281 22.6244
  normal 0.000437529 0.000222115 1
  respect_prev_transform = 1


CollisionEntry:
  from render/Master Cool Cat-100000070/camFloorRayNode/ccRay2Node
  into render/stage401004660/LB_connector_7cubeL2.egg/-PandaNode/LB_connector_7cubeL2_egg/collison/stageFloorColl5 []
  at -40.1173 515.191 22.6243
  normal 0.000437529 0.000222115 1
  respect_prev_transform = 0


CollisionEntry:
  from render/Master Cool Cat-100000070/NPW.cRayNode
  into render/stage401004660/ZoneEntity-0/-PandaNode/Z13_ALL/room/collsion/stageFloorColl6 []
  at -86.3087 510.51 22.619
  normal 0 0 1
  respect_prev_transform = 1


CollisionEntry:
  from render/Master Cool Cat-100000070/camFloorRayNode/ccRay2Node
  into render/stage401004660/ZoneEntity-0/-PandaNode/Z13_ALL/room/collsion/stageFloorColl6 []
  at -86.6966 510.397 22.619
  normal 0 0 1
  respect_prev_transform = 0


CollisionEntry:
  from render/Master Cool Cat-100000070/NPW.cRayNode
  into render/stage401004660/ZoneEntity-0/-PandaNode/Z13_ALL/room/collsion/stageFloorColl6 []
  at -256.333 498.331 22.619
  normal 0 0 1
  respect_prev_transform = 1


CollisionEntry:
  from render/Master Cool Cat-100000070/camFloorRayNode/ccRay2Node
  into render/stage401004660/ZoneEntity-0/-PandaNode/Z13_ALL/room/collsion/stageFloorColl6 []
  at -257.055 498.784 22.619
  normal 0 0 1
  respect_prev_transform = 0


CollisionEntry:
  from render/Master Cool Cat-100000070/NPW.cRayNode
  into render/stage401004660/LB_connector_7cubeL2.egg/-PandaNode/LB_connector_7cubeL2_egg/collison/stageFloorColl7 []
  at -354.182 498.835 22.642
  normal 0 -0.0012142 0.999999
  respect_prev_transform = 1


CollisionEntry:
  from render/Master Cool Cat-100000070/NPW.cRayNode
  into render/stage401004660/LB_connector_7cubeL2.egg/-PandaNode/LB_connector_7cubeL2_egg/collison/stageFloorColl7 []
  at -359.956 499.036 24.4833
  normal 0.420737 -0.00110176 0.907182
  respect_prev_transform = 1


CollisionEntry:
  from render/Master Cool Cat-100000070/camFloorRayNode/ccRay2Node
  into render/stage401004660/LB_connector_7cubeL2.egg/-PandaNode/LB_connector_7cubeL2_egg/collison/stageFloorColl7 []
  at -355.788 498.891 22.642
  normal 0 -0.0012142 0.999999
  respect_prev_transform = 0


CollisionEntry:
  from render/Master Cool Cat-100000070/camFloorRayNode/ccRay2Node
  into render/stage401004660/LB_connector_7cubeL2.egg/-PandaNode/LB_connector_7cubeL2_egg/collison/stageFloorColl7 []
  at -357.678 498.957 23.4268
  normal 0.420737 -0.00110176 0.907182
  respect_prev_transform = 0


CollisionEntry:
  from render/Master Cool Cat-100000070/NPW.cRayNode
  into render/stage401004660/LB_connector_7cubeL2.egg/-PandaNode/LB_connector_7cubeL2_egg/collison/stageFloorColl7 []
  at -369.767 499.376 27.6308
  normal 0.000218784 -0.000597282 1
  respect_prev_transform = 1


CollisionEntry:
  from render/Master Cool Cat-100000070/camFloorRayNode/ccRay2Node
  into render/stage401004660/LB_connector_7cubeL2.egg/-PandaNode/LB_connector_7cubeL2_egg/collison/stageFloorColl7 []
  at -360.86 499.067 22.6422
  normal 0 -0.0012142 0.999999
  respect_prev_transform = 0


CollisionEntry:
  from render/Master Cool Cat-100000070/camFloorRayNode/ccRay2Node
  into render/stage401004660/LB_connector_7cubeL2.egg/-PandaNode/LB_connector_7cubeL2_egg/collison/stageFloorColl7 []
  at -370.403 499.398 27.631
  normal 0.000218784 -0.000597282 1
  respect_prev_transform = 0


CollisionEntry:
  from render/Master Cool Cat-100000070/NPW.cRayNode
  into render/stage401004660/LB_connector_7cubeL2.egg/-PandaNode/LB_connector_7cubeL2_egg/collison/stageFloorColl7 []
  at -425.263 471.903 27.6237
  normal -0.000243786 0.000494851 1
  respect_prev_transform = 1


CollisionEntry:
  from render/Master Cool Cat-100000070/camFloorRayNode/ccRay2Node
  into render/stage401004660/LB_connector_7cubeL2.egg/-PandaNode/LB_connector_7cubeL2_egg/collison/stageFloorColl7 []
  at -426.661 470.51 27.6242
  normal -0.000243786 0.000494851 1
  respect_prev_transform = 0


CollisionEntry:
  from render/Master Cool Cat-100000070/NPW.cRayNode
  into render/stage401004660/ZoneEntity-0/-PandaNode/Z22a/room/collsion/stageFloorColl8 []
  at -429.243 468.959 27.4985
  normal 0 0 1
  respect_prev_transform = 1


CollisionEntry:
  from render/Master Cool Cat-100000070/camFloorRayNode/ccRay2Node
  into render/stage401004660/ZoneEntity-0/-PandaNode/Z22a/room/collsion/stageFloorColl8 []
  at -430.019 467.706 27.4985
  normal 0 0 1
  respect_prev_transform = 0


CollisionEntry:
  from render/Master Cool Cat-100000070/camFloorRayNode/ccRay2Node
  into render/stage401004660/ZoneEntity-0/-PandaNode/Z22a/room/collsion/stageFloorColl8 []
  at -431.553 453.99 27.4985
  normal 0 0 1
  respect_prev_transform = 0


spec = {'parentEntId': 10000, 'pos': LPoint3f(0, 0, 0)}
h = None
Laser Field initCollisionGeom
Laser Field initCollisionGeom
CollisionEntry:
  from render/Master Cool Cat-100000070/camFloorRayNode/ccRay2Node
  into render/stage401004790/ZoneEntity-0/-PandaNode/LB_Zone03a_egg/Collsion/stageFloorColl0 []
  at 0 -10.9125 -0.0315816
  normal -0.000961985 0.000458579 0.999999
  respect_prev_transform = 0


CollisionEntry:
  from render/Master Cool Cat-100000070/camFloorRayNode/ccRay2Node
  into render/stage401004790/LB_connector_7cubeL2.egg/-PandaNode/LB_connector_7cubeL2_egg/collison/stageFloorColl1 []
  at 0.482017 38.4923 0.148414
  normal -0.00110178 -0.420737 0.907182
  respect_prev_transform = 0


CollisionEntry:
  from render/Master Cool Cat-100000070/camFloorRayNode/ccRay2Node
  into render/stage401004790/LB_connector_7cubeL2.egg/-PandaNode/LB_connector_7cubeL2_egg/collison/stageFloorColl1 []
  at -0.410327 43.1742 -0.0310078
  normal -0.0012142 0 0.999999
  respect_prev_transform = 0


CollisionEntry:
  from render/Master Cool Cat-100000070/camFloorRayNode/ccRay2Node
  into render/stage401004790/LB_connector_7cubeL2.egg/-PandaNode/LB_connector_7cubeL2_egg/collison/stageFloorColl1 []
  at -0.425117 50.9297 4.95968
  normal -0.000597282 -0.000218784 1
  respect_prev_transform = 0


CollisionEntry:
  from render/Master Cool Cat-100000070/camFloorRayNode/ccRay2Node
  into render/stage401004790/ZoneEntity-0/-PandaNode/Z08_ALL/Z08/boiler_room/collsion_boiler_room/stageFloorColl2 []
  at -35.0048 111.939 4.94154
  normal 0 0 1
  respect_prev_transform = 0


CollisionEntry:
  from render/Master Cool Cat-100000070/camFloorRayNode/ccRay2Node
  into render/stage401004790/ZoneEntity-0/-PandaNode/Z08_ALL/Z08/boiler_room/collsion_boiler_room/stageFloorColl2 []
  at -19.7486 245.252 5.00742
  normal 0 0 1
  respect_prev_transform = 0


CollisionEntry:
  from render/Master Cool Cat-100000070/camFloorRayNode/ccRay2Node
  into render/stage401004790/ZoneEntity-0/-PandaNode/Z08_ALL/Z08/boiler_room/collsion_boiler_room/stageFloorColl2 []
  at -13.9475 245.197 4.916
  normal 0 0 1
  respect_prev_transform = 0


CollisionEntry:
  from render/Master Cool Cat-100000070/camFloorRayNode/ccRay2Node
  into render/stage401004790/LB_connector_7cubeLR.egg/-PandaNode/LB_connector_7cubeLR_egg/collison/stageFloorColl3 []
  at 53.1819 175.883 15.8494
  normal 0 -0.000133877 1
  respect_prev_transform = 0


CollisionEntry:
  from render/Master Cool Cat-100000070/camFloorRayNode/ccRay2Node
  into render/stage401004790/LB_connector_7cubeLR.egg/-PandaNode/LB_connector_7cubeLR_egg/collison/stageFloorColl3 []
  at 65.5549 173.009 20.8484
  normal 0 -6.5559e-005 1
  respect_prev_transform = 0


CollisionEntry:
  from render/Master Cool Cat-100000070/camFloorRayNode/ccRay2Node
  into render/stage401004790/ZoneEntity-0/-PandaNode/Z07_ALL/stageFloorColl4 []
  at 124.17 148.604 20.85
  normal 0 0 1
  respect_prev_transform = 0


CollisionEntry:
  from render/Master Cool Cat-100000070/NPW.cRayNode
  into render/stage401004790/ZoneEntity-0/-PandaNode/Z07_ALL/stageFloorColl4 []
  at 174.67 163.866 20.8513
  normal 0 0 1
  respect_prev_transform = 1


CollisionEntry:
  from render/Master Cool Cat-100000070/NPW.cRayNode
  into render/stage401004790/ZoneEntity-0/-PandaNode/Z07_ALL/stageFloorColl4 []
  at 177.473 178.124 29.5038
  normal 0 0 1
  respect_prev_transform = 1


CollisionEntry:
  from render/Master Cool Cat-100000070/camFloorRayNode/ccRay2Node
  into render/stage401004790/ZoneEntity-0/-PandaNode/Z07_ALL/stageFloorColl4 []
  at 177.266 177.335 29.5242
  normal 0 0 1
  respect_prev_transform = 0


CollisionEntry:
  from render/Master Cool Cat-100000070/NPW.cRayNode
  into render/stage401004790/LB_connector_7cubeLR.egg/-PandaNode/LB_connector_7cubeLR_egg/collison/stageFloorColl5 []
  at 185.069 216.763 28.5192
  normal 0.000133877 0 1
  respect_prev_transform = 1


CollisionEntry:
  from render/Master Cool Cat-100000070/NPW.cRayNode
  into render/stage401004790/LB_connector_7cubeLR.egg/-PandaNode/LB_connector_7cubeLR_egg/collison/stageFloorColl5 []
  at 186.082 221.915 29.9782
  normal 9.26614e-005 -0.421613 0.906776
  respect_prev_transform = 1


CollisionEntry:
  from render/Master Cool Cat-100000070/camFloorRayNode/ccRay2Node
  into render/stage401004790/LB_connector_7cubeLR.egg/-PandaNode/LB_connector_7cubeLR_egg/collison/stageFloorColl5 []
  at 185.037 216.598 28.5192
  normal 0.000133877 0 1
  respect_prev_transform = 0


CollisionEntry:
  from render/Master Cool Cat-100000070/NPW.cRayNode
  into render/stage401004790/LB_connector_7cubeLR.egg/-PandaNode/LB_connector_7cubeLR_egg/collison/stageFloorColl5 []
  at 188.19 232.639 33.5175
  normal 6.5559e-005 0 1
  respect_prev_transform = 1


CollisionEntry:
  from render/Master Cool Cat-100000070/camFloorRayNode/ccRay2Node
  into render/stage401004790/LB_connector_7cubeLR.egg/-PandaNode/LB_connector_7cubeLR_egg/collison/stageFloorColl5 []
  at 188.589 232.677 33.5175
  normal 6.5559e-005 0 1
  respect_prev_transform = 0


CollisionEntry:
  from render/Master Cool Cat-100000070/NPW.cRayNode
  into render/stage401004790/ZoneEntity-0/-PandaNode/LB_Zone04a_egg/Z04/collision_lobby/stageFloorColl6 []
  at 200.613 295.829 33.5163
  normal 0 0 1
  respect_prev_transform = 1


CollisionEntry:
  from render/Master Cool Cat-100000070/camFloorRayNode/ccRay2Node
  into render/stage401004790/ZoneEntity-0/-PandaNode/LB_Zone04a_egg/Z04/collision_lobby/stageFloorColl6 []
  at 200.828 296.034 33.5163
  normal 0 0 1
  respect_prev_transform = 0


CollisionEntry:
  from render/Master Cool Cat-100000070/NPW.cRayNode
  into render/stage401004790/LB_connector_7cubeLR.egg/-PandaNode/LB_connector_7cubeLR_egg/collison/stageFloorColl7 []
  at 219.459 426.557 33.5076
  normal 0.000133877 0 1
  respect_prev_transform = 1


CollisionEntry:
  from render/Master Cool Cat-100000070/camFloorRayNode/ccRay2Node
  into render/stage401004790/LB_connector_7cubeLR.egg/-PandaNode/LB_connector_7cubeLR_egg/collison/stageFloorColl7 []
  at 219.48 426.483 33.5075
  normal 0.000133877 0 1
  respect_prev_transform = 0


CollisionEntry:
  from render/Master Cool Cat-100000070/NPW.cRayNode
  into render/stage401004790/LB_connector_7cubeLR.egg/-PandaNode/LB_connector_7cubeLR_egg/collison/stageFloorColl7 []
  at 219.078 432.88 35.585
  normal 9.26614e-005 -0.421613 0.906776
  respect_prev_transform = 1


CollisionEntry:
  from render/Master Cool Cat-100000070/camFloorRayNode/ccRay2Node
  into render/stage401004790/LB_connector_7cubeLR.egg/-PandaNode/LB_connector_7cubeLR_egg/collison/stageFloorColl7 []
  at 219.299 429.381 33.958
  normal 9.26614e-005 -0.421613 0.906776
  respect_prev_transform = 0


CollisionEntry:
  from render/Master Cool Cat-100000070/NPW.cRayNode
  into render/stage401004790/LB_connector_7cubeLR.egg/-PandaNode/LB_connector_7cubeLR_egg/collison/stageFloorColl7 []
  at 218.513 442.25 38.5064
  normal 6.5559e-005 0 1
  respect_prev_transform = 1


CollisionEntry:
  from render/Master Cool Cat-100000070/camFloorRayNode/ccRay2Node
  into render/stage401004790/LB_connector_7cubeLR.egg/-PandaNode/LB_connector_7cubeLR_egg/collison/stageFloorColl7 []
  at 219.031 433.781 33.5075
  normal 0.000133877 0 1
  respect_prev_transform = 0


CollisionEntry:
  from render/Master Cool Cat-100000070/camFloorRayNode/ccRay2Node
  into render/stage401004790/LB_connector_7cubeLR.egg/-PandaNode/LB_connector_7cubeLR_egg/collison/stageFloorColl7 []
  at 218.569 441.399 38.5065
  normal 6.5559e-005 0 1
  respect_prev_transform = 0


CollisionEntry:
  from render/Master Cool Cat-100000070/NPW.cRayNode
  into render/stage401004790/ZoneEntity-0/-PandaNode/Z22a/room/collsion/stageFloorColl8 []
  at 230.427 501.674 38.3848
  normal 0 0 1
  respect_prev_transform = 1


CollisionEntry:
  from render/Master Cool Cat-100000070/camFloorRayNode/ccRay2Node
  into render/stage401004790/ZoneEntity-0/-PandaNode/Z22a/room/collsion/stageFloorColl8 []
  at 231.967 504.237 38.3849
  normal 0 0 1
  respect_prev_transform = 0


spec = {'parentEntId': 10000, 'pos': LPoint3f(0, 0, 0)}
h = None
CollisionEntry:
  from render/Master Cool Cat-100000070/camFloorRayNode/ccRay2Node
  into render/stage401004880/ZoneEntity-0/-PandaNode/LB_Zone03a_egg/Collsion/stageFloorColl0 []
  at 1 -6.9125 -0.032454
  normal -0.000961985 0.000458579 0.999999
  respect_prev_transform = 0


CollisionEntry:
  from render/Master Cool Cat-100000070/camFloorRayNode/ccRay2Node
  into render/stage401004880/LB_connector_7cubeL2.egg/-PandaNode/LB_connector_7cubeL2_egg/collison/stageFloorColl1 []
  at 0.999999 39.1009 0.43131
  normal -0.00110178 -0.420737 0.907182
  respect_prev_transform = 0


CollisionEntry:
  from render/Master Cool Cat-100000070/camFloorRayNode/ccRay2Node
  into render/stage401004880/LB_connector_7cubeL2.egg/-PandaNode/LB_connector_7cubeL2_egg/collison/stageFloorColl1 []
  at 0.999999 43.9457 -0.029295
  normal -0.0012142 0 0.999999
  respect_prev_transform = 0


CollisionEntry:
  from render/Master Cool Cat-100000070/camFloorRayNode/ccRay2Node
  into render/stage401004880/LB_connector_7cubeL2.egg/-PandaNode/LB_connector_7cubeL2_egg/collison/stageFloorColl1 []
  at 2.5464 51.5703 4.96159
  normal -0.000597282 -0.000218784 1
  respect_prev_transform = 0


CollisionEntry:
  from render/Master Cool Cat-100000070/camFloorRayNode/ccRay2Node
  into render/stage401004880/ZoneEntity-0/-PandaNode/LB_Zone04a_egg/Z04/collision_lobby/stageFloorColl2 []
  at -31.3341 111.796 4.95065
  normal 0 0 1
  respect_prev_transform = 0


CollisionEntry:
  from render/Master Cool Cat-100000070/NPW.cRayNode
  into render/stage401004880/ZoneEntity-0/-PandaNode/LB_Zone04a_egg/Z04/collision_lobby/stageFloorColl2 []
  at -57.5456 204.291 4.95065
  normal 0 0 1
  respect_prev_transform = 1


CollisionEntry:
  from render/Master Cool Cat-100000070/NPW.cRayNode
  into render/stage401004880/LB_connector_7cubeLR.egg/-PandaNode/LB_connector_7cubeLR_egg/collison/stageFloorColl3 []
  at -39.1773 257.29 4.94271
  normal 0.000133877 0 1
  respect_prev_transform = 1


CollisionEntry:
  from render/Master Cool Cat-100000070/camFloorRayNode/ccRay2Node
  into render/stage401004880/LB_connector_7cubeLR.egg/-PandaNode/LB_connector_7cubeLR_egg/collison/stageFloorColl3 []
  at -38.2579 258.154 4.94257
  normal 0.000133877 0 1
  respect_prev_transform = 0


CollisionEntry:
  from render/Master Cool Cat-100000070/NPW.cRayNode
  into render/stage401004880/LB_connector_7cubeLR.egg/-PandaNode/LB_connector_7cubeLR_egg/collison/stageFloorColl3 []
  at -37.0894 261.247 9.941
  normal 6.5559e-005 0 1
  respect_prev_transform = 1


CollisionEntry:
  from render/Master Cool Cat-100000070/camFloorRayNode/ccRay2Node
  into render/stage401004880/LB_connector_7cubeLR.egg/-PandaNode/LB_connector_7cubeLR_egg/collison/stageFloorColl3 []
  at -37.0549 260.573 9.94107
  normal 6.5559e-005 0 1
  respect_prev_transform = 0


CollisionEntry:
  from render/Master Cool Cat-100000070/NPW.cRayNode
  into render/stage401004880/LB_connector_7cubeLR.egg/-PandaNode/LB_connector_7cubeLR_egg/collison/stageFloorColl3 []
  at -9.41911 313.692 9.94222
  normal -0.00029707 0 1
  respect_prev_transform = 1


CollisionEntry:
  from render/Master Cool Cat-100000070/NPW.cRayNode
  into render/stage401004880/ZoneEntity-0/-PandaNode/Z08_ALL/Z08/boiler_room/collsion_boiler_room/stageFloorColl4 []
  at -8.72595 315.006 9.94255
  normal 0 0 1
  respect_prev_transform = 1


CollisionEntry:
  from render/Master Cool Cat-100000070/NPW.cRayNode
  into render/stage401004880/LB_connector_7cubeLR.egg/-PandaNode/LB_connector_7cubeLR_egg/collison/stageFloorColl3 []
  at -7.37365 317.569 9.94271
  normal -0.00029707 0 1
  respect_prev_transform = 1


CollisionEntry:
  from render/Master Cool Cat-100000070/camFloorRayNode/ccRay2Node
  into render/stage401004880/LB_connector_7cubeLR.egg/-PandaNode/LB_connector_7cubeLR_egg/collison/stageFloorColl3 []
  at -7.68141 315.068 9.94264
  normal -0.00029707 0 1
  respect_prev_transform = 0


CollisionEntry:
  from render/Master Cool Cat-100000070/NPW.cRayNode
  into render/stage401004880/ZoneEntity-0/-PandaNode/Z08_ALL/Z08/boiler_room/collsion_boiler_room/stageFloorColl4 []
  at -4.62781 324.96 9.92009
  normal 0 0 1
  respect_prev_transform = 1


CollisionEntry:
  from render/Master Cool Cat-100000070/camFloorRayNode/ccRay2Node
  into render/stage401004880/ZoneEntity-0/-PandaNode/Z08_ALL/Z08/boiler_room/collsion_boiler_room/stageFloorColl4 []
  at -3.80838 321.875 9.9215
  normal 0 0 1
  respect_prev_transform = 0


CollisionEntry:
  from render/Master Cool Cat-100000070/NPW.cRayNode
  into render/stage401004880/ZoneEntity-0/-PandaNode/Z08_ALL/Z08/boiler_room/collsion_boiler_room/stageFloorColl4 []
  at 66.5173 461.559 9.90471
  normal 0 0 1
  respect_prev_transform = 1


CollisionEntry:
  from render/Master Cool Cat-100000070/camFloorRayNode/ccRay2Node
  into render/stage401004880/ZoneEntity-0/-PandaNode/Z08_ALL/Z08/boiler_room/collsion_boiler_room/stageFloorColl4 []
  at 67.0705 461.032 9.90475
  normal 0 0 1
  respect_prev_transform = 0


CollisionEntry:
  from render/Master Cool Cat-100000070/NPW.cRayNode
  into render/stage401004880/LB_connector_7cubeL2.egg/-PandaNode/LB_connector_7cubeL2_egg/collison/stageFloorColl5 []
  at 106.892 423.15 25.8478
  normal -0.000437529 -0.000222115 1
  respect_prev_transform = 1


CollisionEntry:
  from render/Master Cool Cat-100000070/camFloorRayNode/ccRay2Node
  into render/stage401004880/LB_connector_7cubeL2.egg/-PandaNode/LB_connector_7cubeL2_egg/collison/stageFloorColl5 []
  at 107.348 423.142 25.8479
  normal -0.000437529 -0.000222115 1
  respect_prev_transform = 0


CollisionEntry:
  from render/Master Cool Cat-100000070/NPW.cRayNode
  into render/stage401004880/ZoneEntity-0/-PandaNode/Z13_ALL/room/collsion/stageFloorColl6 []
  at 154.69 400.739 25.837
  normal 0 0 1
  respect_prev_transform = 1


CollisionEntry:
  from render/Master Cool Cat-100000070/camFloorRayNode/ccRay2Node
  into render/stage401004880/ZoneEntity-0/-PandaNode/Z13_ALL/room/collsion/stageFloorColl6 []
  at 154.132 400.993 25.837
  normal 0 0 1
  respect_prev_transform = 0


CollisionEntry:
  from render/Master Cool Cat-100000070/NPW.cRayNode
  into render/stage401004880/ZoneEntity-0/-PandaNode/Z13_ALL/room/collsion/stageFloorColl6 []
  at 313.868 427.347 25.837
  normal 0 0 1
  respect_prev_transform = 1


CollisionEntry:
  from render/Master Cool Cat-100000070/camFloorRayNode/ccRay2Node
  into render/stage401004880/ZoneEntity-0/-PandaNode/Z13_ALL/room/collsion/stageFloorColl6 []
  at 314.219 427.929 25.837
  normal 0 0 1
  respect_prev_transform = 0


CollisionEntry:
  from render/Master Cool Cat-100000070/NPW.cRayNode
  into render/stage401004880/LB_connector_7cubeLR.egg/-PandaNode/LB_connector_7cubeLR_egg/collison/stageFloorColl7 []
  at 422.02 416.5 25.8387
  normal 0 -0.000133877 1
  respect_prev_transform = 1


CollisionEntry:
  from render/Master Cool Cat-100000070/NPW.cRayNode
  into render/stage401004880/LB_connector_7cubeLR.egg/-PandaNode/LB_connector_7cubeLR_egg/collison/stageFloorColl7 []
  at 423.751 415.813 26.1441
  normal -0.421613 -9.2643e-005 0.906776
  respect_prev_transform = 1


CollisionEntry:
  from render/Master Cool Cat-100000070/camFloorRayNode/ccRay2Node
  into render/stage401004880/LB_connector_7cubeLR.egg/-PandaNode/LB_connector_7cubeLR_egg/collison/stageFloorColl7 []
  at 421.525 415.249 25.8385
  normal 0 -0.000133877 1
  respect_prev_transform = 0


CollisionEntry:
  from render/Master Cool Cat-100000070/camFloorRayNode/ccRay2Node
  into render/stage401004880/LB_connector_7cubeLR.egg/-PandaNode/LB_connector_7cubeLR_egg/collison/stageFloorColl7 []
  at 423.319 414.433 25.943
  normal -0.421613 -9.2643e-005 0.906776
  respect_prev_transform = 0


CollisionEntry:
  from render/Master Cool Cat-100000070/camFloorRayNode/ccRay2Node
  into render/stage401004880/LB_connector_7cubeLR.egg/-PandaNode/LB_connector_7cubeLR_egg/collison/stageFloorColl7 []
  at 426.427 413.263 25.8382
  normal 0 -0.000133877 1
  respect_prev_transform = 0


CollisionEntry:
  from render/Master Cool Cat-100000070/NPW.cRayNode
  into render/stage401004880/LB_connector_7cubeLR.egg/-PandaNode/LB_connector_7cubeLR_egg/collison/stageFloorColl7 []
  at 438.794 412.595 30.8375
  normal 0 -6.5559e-005 1
  respect_prev_transform = 1


CollisionEntry:
  from render/Master Cool Cat-100000070/camFloorRayNode/ccRay2Node
  into render/stage401004880/LB_connector_7cubeLR.egg/-PandaNode/LB_connector_7cubeLR_egg/collison/stageFloorColl7 []
  at 436.635 412.537 30.8376
  normal 0 -6.5559e-005 1
  respect_prev_transform = 0


CollisionEntry:
  from render/Master Cool Cat-100000070/NPW.cRayNode
  into render/stage401004880/ZoneEntity-0/-PandaNode/Z22a/room/collsion/stageFloorColl8 []
  at 497.435 406.487 30.7164
  normal 0 0 1
  respect_prev_transform = 1


CollisionEntry:
  from render/Master Cool Cat-100000070/camFloorRayNode/ccRay2Node
  into render/stage401004880/ZoneEntity-0/-PandaNode/Z22a/room/collsion/stageFloorColl8 []
  at 498.922 406.439 30.7165
  normal 0 0 1
  respect_prev_transform = 0


spec = {'parentEntId': 10000, 'pos': LPoint3f(0, 0, 0)}
h = None
../resources/phase_3/audio/sfx
../resources/phase_3.5/audio/sfx
../resources/phase_4/audio/sfx
../resources/phase_5/audio/sfx
/phase_3/audio/sfx
/phase_3.5/audio/sfx
/phase_4/audio/sfx
/phase_5/audio/sfx

../resources/phase_3/audio/sfx
../resources/phase_3.5/audio/sfx
../resources/phase_4/audio/sfx
../resources/phase_5/audio/sfx
/phase_3/audio/sfx
/phase_3.5/audio/sfx
/phase_4/audio/sfx
/phase_5/audio/sfx

entered wait for zone redirect
entered wait for set zone response - 2
entered wait for zone redirect
entered wait for set zone response - 2
entered wait for zone redirect
entered wait for set zone response - 2
entered wait for zone redirect
entered wait for set zone response - 2
entered wait for zone redirect
entered wait for set zone response - 2
chooseFireOpenShot <function avatarCloseUpThrowShot at 0x13C578F0>
chooseFireOpenShot <function allGroupLowShot at 0x13C57670>
Warning: NodePath.remove() is deprecated.  Use remove_node() instead.
../resources/phase_3/audio/sfx
../resources/phase_3.5/audio/sfx
../resources/phase_4/audio/sfx
../resources/phase_5/audio/sfx
/phase_3/audio/sfx
/phase_3.5/audio/sfx
/phase_4/audio/sfx
/phase_5/audio/sfx

../resources/phase_3/audio/sfx
../resources/phase_3.5/audio/sfx
../resources/phase_4/audio/sfx
../resources/phase_5/audio/sfx
/phase_3/audio/sfx
/phase_3.5/audio/sfx
/phase_4/audio/sfx
/phase_5/audio/sfx

../resources/phase_3/audio/sfx
../resources/phase_3.5/audio/sfx
../resources/phase_4/audio/sfx
../resources/phase_5/audio/sfx
/phase_3/audio/sfx
/phase_3.5/audio/sfx
/phase_4/audio/sfx
/phase_5/audio/sfx

../resources/phase_3/audio/sfx
../resources/phase_3.5/audio/sfx
../resources/phase_4/audio/sfx
../resources/phase_5/audio/sfx
/phase_3/audio/sfx
/phase_3.5/audio/sfx
/phase_4/audio/sfx
/phase_5/audio/sfx

entered wait for zone redirect
entered wait for set zone response - 2
Reading DNA file... phase_4/dna/storage.pdna
Reading DNA file... phase_3.5/dna/storage_interior.pdna
Reading DNA file... phase_8/dna/storage_BR.pdna
Reading DNA file... phase_8/dna/storage_BR_sz.pdna
Reading DNA file... phase_8/dna/the_burrrgh_sz.pdna
entered wait for zone redirect
entered wait for set zone response - 2
Reading DNA file... phase_4/dna/storage.pdna
Reading DNA file... phase_3.5/dna/storage_interior.pdna
{401000001: <toontown.distributed.ToontownDistrict.ToontownDistrict instance at 0x187222D8>}
__handleAvatarChooserDone: 100000070, 'Master Cool Cat', ('csl', 'ms', 'm', 'm', (0.3, 0.3, 0.35, 1.0), (0.28, 0.32, 0.72, 1.0), (0.3, 0.3, 0.35, 1.0), (0.3, 0.3, 0.35, 1.0), 111, 27, 98, 27, 41, 27), 3
entered wait for zone redirect
entered wait for set zone response - 2
Reading DNA file... phase_4/dna/storage.pdna
Reading DNA file... phase_3.5/dna/storage_interior.pdna
entered wait for zone redirect
entered wait for set zone response - 2
entered wait for zone redirect
entered wait for set zone response - 2
entered wait for zone redirect
entered wait for set zone response - 2
Reading DNA file... phase_4/dna/storage.pdna
Reading DNA file... phase_3.5/dna/storage_interior.pdna
Reading DNA file... phase_8/dna/storage_DG.pdna
Reading DNA file... phase_8/dna/storage_DG_sz.pdna
Reading DNA file... phase_8/dna/daisys_garden_sz.pdna
__handleAvatarChooserDone: 100000070, 'Master Cool Cat', ('csl', 'ms', 'm', 'm', (0.3, 0.3, 0.35, 1.0), (0.28, 0.32, 0.72, 1.0), (0.3, 0.3, 0.35, 1.0), (0.3, 0.3, 0.35, 1.0), 111, 27, 98, 27, 41, 27), 3
entered wait for zone redirect
entered wait for set zone response - 2
Reading DNA file... phase_4/dna/storage.pdna
Reading DNA file... phase_3.5/dna/storage_interior.pdna
Reading DNA file... phase_8/dna/storage_DG.pdna
Reading DNA file... phase_8/dna/storage_DG_sz.pdna
Reading DNA file... phase_8/dna/daisys_garden_sz.pdna
entered wait for zone redirect
entered wait for set zone response - 2
Reading DNA file... phase_4/dna/storage.pdna
Reading DNA file... phase_3.5/dna/storage_interior.pdna
entered wait for zone redirect
entered wait for set zone response - 2
entered wait for zone redirect
entered wait for set zone response - 2
chooseFireOpenShot <function avatarBehindShot at 0x13C57A70>
chooseFireOpenShot <function allGroupLowShot at 0x13C57670>
Warning: NodePath.remove() is deprecated.  Use remove_node() instead.
entered wait for zone redirect
entered wait for set zone response - 2
entered wait for zone redirect
entered wait for set zone response - 2
chooseFireOpenShot <function suitGroupThreeQuarterLeftBehindShot at 0x13C577F0>
chooseFireOpenShot <function suitGroupThreeQuarterLeftBehindShot at 0x13C577F0>
Warning: NodePath.remove() is deprecated.  Use remove_node() instead.
### newVec3 =  LVector3f(2, 6.3, 1.5)
### newVec3 =  LVector3f(2, 6.3, 0)
### newVec3 =  LVector3f(2, 6.3, 0.375)
### newVec3 =  LVector3f(2, 6.3, 0)
../resources/phase_3/audio/sfx
../resources/phase_3.5/audio/sfx
../resources/phase_4/audio/sfx
../resources/phase_5/audio/sfx
/phase_3/audio/sfx
/phase_3.5/audio/sfx
/phase_4/audio/sfx
/phase_5/audio/sfx

chooseFireOpenShot <function avatarCloseUpThrowShot at 0x13C578F0>
chooseFireOpenShot <function avatarCloseUpThreeQuarterLeftFireShot at 0x13C57EF0>
Warning: NodePath.remove() is deprecated.  Use remove_node() instead.
entered wait for zone redirect
entered wait for set zone response - 2
Reading DNA file... phase_4/dna/storage.pdna
Reading DNA file... phase_3.5/dna/storage_interior.pdna
Reading DNA file... phase_8/dna/storage_DG.pdna
Reading DNA file... phase_8/dna/storage_DG_sz.pdna
Reading DNA file... phase_8/dna/daisys_garden_sz.pdna
entered wait for zone redirect
entered wait for set zone response - 2
Reading DNA file... phase_4/dna/storage.pdna
Reading DNA file... phase_3.5/dna/storage_interior.pdna
entered wait for zone redirect
entered wait for set zone response - 2
entered wait for zone redirect
entered wait for set zone response - 2
../resources/phase_3/audio/sfx
../resources/phase_3.5/audio/sfx
../resources/phase_4/audio/sfx
../resources/phase_5/audio/sfx
/phase_3/audio/sfx
/phase_3.5/audio/sfx
/phase_4/audio/sfx
/phase_5/audio/sfx

chooseFireOpenShot <function avatarBehindShot at 0x13C57A70>
chooseFireOpenShot <function suitGroupThreeQuarterLeftBehindShot at 0x13C577F0>
Warning: NodePath.remove() is deprecated.  Use remove_node() instead.
chooseFireOpenShot <function avatarCloseUpThrowShot at 0x13C578F0>
chooseFireOpenShot <function allGroupLowShot at 0x13C57670>
Warning: NodePath.remove() is deprecated.  Use remove_node() instead.
../resources/phase_3/audio/sfx
../resources/phase_3.5/audio/sfx
../resources/phase_4/audio/sfx
../resources/phase_5/audio/sfx
/phase_3/audio/sfx
/phase_3.5/audio/sfx
/phase_4/audio/sfx
/phase_5/audio/sfx

{401000001: <toontown.distributed.ToontownDistrict.ToontownDistrict instance at 0x187222D8>}
__handleAvatarChooserDone: 100000070, 'Master Cool Cat', ('csl', 'ms', 'm', 'm', (0.3, 0.3, 0.35, 1.0), (0.28, 0.32, 0.72, 1.0), (0.3, 0.3, 0.35, 1.0), (0.3, 0.3, 0.35, 1.0), 111, 27, 98, 27, 41, 27), 3
entered wait for zone redirect
entered wait for set zone response - 2
Reading DNA file... phase_4/dna/storage.pdna
Reading DNA file... phase_3.5/dna/storage_interior.pdna
{401000001: <toontown.distributed.ToontownDistrict.ToontownDistrict instance at 0x1DBAB8C8>}
{401000001: <toontown.distributed.ToontownDistrict.ToontownDistrict instance at 0x1DBAB8C8>}
