TTLocalizer: Running in language: English
OTPLocalizer: Running in language: English
Preloading suits...
Preloading Toon heads...
Preloading avatars...
{401000001: <toontown.distributed.ToontownDistrict.ToontownDistrict instance at 0x19969760>}
__handleAvatarChooserDone: 100000044, 'Noob', ('rll', 'ss', 's', 'm', (0.28, 0.32, 0.72, 1.0), (1.0, 1.0, 1.0, 1.0), (0.28, 0.32, 0.72, 1.0), (0.28, 0.32, 0.72, 1.0), 1, 0, 1, 0, 6, 27), 1
entered wait for zone redirect
entered wait for set zone response - 2
Reading DNA file... phase_4/dna/storage.pdna
Reading DNA file... phase_3.5/dna/storage_interior.pdna
Reading DNA file... phase_4/dna/storage_TT.pdna
Reading DNA file... phase_4/dna/storage_TT_sz.pdna
Reading DNA file... phase_4/dna/toontown_central_sz.pdna
entered wait for zone redirect
entered wait for set zone response - 2
Reading DNA file... phase_4/dna/storage.pdna
Reading DNA file... phase_3.5/dna/storage_interior.pdna
entered wait for zone redirect
entered wait for set zone response - 2
entered wait for zone redirect
entered wait for set zone response - 2
entered wait for zone redirect
entered wait for set zone response - 2
entered wait for zone redirect
entered wait for set zone response - 2
chooseFireOpenShot <function avatarCloseUpThrowShot at 0x154B26F0>
chooseFireOpenShot <function avatarCloseUpThreeQuarterLeftFireShot at 0x154B2CB0>
Warning: NodePath.remove() is deprecated.  Use remove_node() instead.
### newVec3 =  LVector3f(-2, 6.3, 1.5)
### newVec3 =  LVector3f(-2, 6.3, 0)
### newVec3 =  LVector3f(-2, 6.3, 0.375)
### newVec3 =  LVector3f(-2, 6.3, 0)
entered wait for zone redirect
entered wait for set zone response - 2
Reading DNA file... phase_4/dna/storage.pdna
Reading DNA file... phase_3.5/dna/storage_interior.pdna
Reading DNA file... phase_8/dna/storage_DG.pdna
Reading DNA file... phase_8/dna/storage_DG_sz.pdna
Reading DNA file... phase_8/dna/daisys_garden_sz.pdna
entered wait for zone redirect
entered wait for set zone response - 2
Reading DNA file... phase_4/dna/storage.pdna
Reading DNA file... phase_3.5/dna/storage_interior.pdna
entered wait for zone redirect
entered wait for set zone response - 2
entered wait for zone redirect
entered wait for set zone response - 2
hit! 0.303832441568
hit! 0.992398202419
hit! 0.622558534145
hit! 0.980462491512
hit! 0.734723091125
hit! 0.977611720562
hit! 0.988529682159
hit! 0.204079002142
hit! 0.214170828462
hit! 0.772584021091
hit! 0.708138525486
hit! 0.966727018356
hit! 0.972855508327
hit! 0.382753640413
hit! 0.800886690617
hit! 0.619477450848
hit! 0.989123761654
hit! 0.956951379776
hit! 0.81923019886
--not hard enough: -0.275957018137
hit! 0.9985896945
hit! 0.630491673946
hit! 0.850624620914
hit! 0.830096423626
hit! 0.989953577518
hit! 0.849842727184
hit! 0.982970476151
hit! 0.436611264944
hit! 0.676561415195
hit! 0.736566483974
hit! 0.458800435066
hit! 0.953061461449
hit! 0.992260992527
--not hard enough: -0.158054441214
hit! 0.996121764183
hit! 0.78361171484
hit! 0.957234501839
hit! 0.498366475105
hit! 0.563810944557
hit! 0.868935763836
hit! 0.953824043274
hit! 0.84669905901
hit! 0.653503596783
hit! 0.845706164837
hit! 0.579620599747
hit! 0.274275094271
--not hard enough: -0.458528637886
hit! 0.725070655346
hit! 0.969691753387
hit! 0.271706491709
hit! 0.607310831547
hit! 0.943697988987
hit! 0.881068468094
hit! 0.626743257046
hit! 0.716301620007
--not hard enough: -0.0817178934813
hit! 0.456783980131
hit! 0.942018449306
hit! 0.962722480297
hit! 0.815080761909
hit! 0.930063664913
hit! 0.948679924011
hit! 0.614090800285
--not hard enough: -0.0175239406526
hit! 0.992838323116
hit! 0.821411967278
hit! 0.691656887531
hit! 0.951092600822
--not hard enough: 0.0280973501503
--not hard enough: -0.473407298326
hit! 0.827593028545
hit! 0.83931261301
hit! 0.375982880592
hit! 0.454812407494
hit! 0.84334897995
hit! 0.963333725929
hit! 0.916756689548
hit! 0.978527486324
hit! 0.555762648582
hit! 0.969356477261
hit! 0.880967199802
hit! 0.945472478867
hit! 0.833283007145
hit! 0.293714493513
hit! 0.66452306509
hit! 0.461046457291
--not hard enough: -0.253588438034
--not hard enough: 0.0244434718043
--not hard enough: 0.204854935408
--not hard enough: 0.448820531368
--not hard enough: -0.652181744576
--not hard enough: 0.327331632376
--not hard enough: -0.735036969185
hit! 0.877668082714
hit! 0.971368312836
hit! 0.923639893532
hit! 0.954963505268
hit! 0.994839608669
hit! 0.957298398018
hit! 0.708530008793
hit! 0.432276815176
hit! 0.930613040924
--not hard enough: -0.482322633266
--not hard enough: 0.476242035627
hit! 0.865140974522
--not hard enough: -0.506964564323
hit! 0.117243953049
hit! 0.833157837391
--not hard enough: -0.022668980062
hit! 0.994708299637
hit! 0.893519580364
hit! 0.584479749203
hit! 0.965989589691
hit! 0.482625305653
hit! 0.928085327148
hit! 0.881248533726
hit! 0.94619512558
hit! 0.945282280445
--not hard enough: 0.043311573565
hit! 0.596753716469
hit! 0.988573908806
hit! 0.17570990324
hit! 0.914957761765
hit! 0.862283170223
hit! 0.924103021622
hit! 0.824221611023
hit! 0.403682202101
--not hard enough: 0.258543342352
hit! 0.993769228458
hit! 0.390735059977
hit! 0.982991397381
hit! 0.523653745651
hit! 0.879178702831
hit! 0.702655076981
hit! 0.909510314465
hit! 0.940628409386
