TTLocalizer: Running in language: English
OTPLocalizer: Running in language: English
Preloading suits...
Preloading Toon heads...
Preloading avatars...
{401000001: <toontown.distributed.ToontownDistrict.ToontownDistrict instance at 0x19950788>}
__handleAvatarChooserDone: 100000015, 'Jeprody Noob', ('bss', 'ms', 's', 'm', (0.64, 0.35, 0.26, 1.0), (0.3, 0.3, 0.35, 1.0), (0.64, 0.35, 0.26, 1.0), (0.64, 0.35, 0.26, 1.0), 111, 27, 98, 27, 7, 10), 1
entered wait for zone redirect
entered wait for set zone response - 2
Reading DNA file... phase_4/dna/storage.pdna
Reading DNA file... phase_3.5/dna/storage_interior.pdna
entered wait for zone redirect
entered wait for set zone response - 2
Reading DNA file... phase_4/dna/storage.pdna
Reading DNA file... phase_3.5/dna/storage_interior.pdna
Reading DNA file... phase_4/dna/storage_TT.pdna
Reading DNA file... phase_4/dna/storage_TT_sz.pdna
Reading DNA file... phase_4/dna/toontown_central_sz.pdna
entered wait for zone redirect
entered wait for set zone response - 2
Reading DNA file... phase_5/dna/storage_town.pdna
Reading DNA file... phase_5/dna/storage_TT_town.pdna
Reading DNA file... phase_5/dna/toontown_central_2200.pdna
entered wait for zone redirect
entered wait for set zone response - 2
Reading DNA file... phase_4/dna/storage.pdna
Reading DNA file... phase_3.5/dna/storage_interior.pdna
entered wait for zone redirect
entered wait for set zone response - 2
Reading DNA file... phase_4/dna/storage.pdna
Reading DNA file... phase_3.5/dna/storage_interior.pdna
entered wait for zone redirect
entered wait for set zone response - 2
entered wait for zone redirect
entered wait for set zone response - 2
Laser Field initCollisionGeom
Laser Field initCollisionGeom
CollisionEntry:
  from render/Jeprody Noob-100000015/camFloorRayNode/ccRay2Node
  into render/stage401004308/ZoneEntity-0/-PandaNode/LB_Zone03a_egg/Collsion/stageFloorColl0 []
  at 2 -6.9875 -0.0314574
  normal -0.000961985 0.000458579 0.999999
  respect_prev_transform = 0


CollisionEntry:
  from render/Jeprody Noob-100000015/camFloorRayNode/ccRay2Node
  into render/stage401004308/LB_connector_7cubeLR.egg/-PandaNode/LB_connector_7cubeLR_egg/collison/stageFloorColl1 []
  at 2 38.412 0.0572991
  normal 9.26614e-005 -0.421613 0.906776
  respect_prev_transform = 0


CollisionEntry:
  from render/Jeprody Noob-100000015/camFloorRayNode/ccRay2Node
  into render/stage401004308/LB_connector_7cubeLR.egg/-PandaNode/LB_connector_7cubeLR_egg/collison/stageFloorColl1 []
  at -0.0985422 51.1551 4.95155
  normal 6.5559e-005 0 1
  respect_prev_transform = 0


CollisionEntry:
  from render/Jeprody Noob-100000015/camFloorRayNode/ccRay2Node
  into render/stage401004308/ZoneEntity-0/-PandaNode/Z13_ALL/room/collsion/stageFloorColl2 []
  at 26.8653 110.99 4.95065
  normal 0 0 1
  respect_prev_transform = 0


CollisionEntry:
  from render/Jeprody Noob-100000015/camFloorRayNode/ccRay2Node
  into render/stage401004308/ZoneEntity-0/-PandaNode/Z13_ALL/room/collsion/stageFloorColl2 []
  at -9.58803 234.706 4.95065
  normal 0 0 1
  respect_prev_transform = 0


CollisionEntry:
  from render/Jeprody Noob-100000015/camFloorRayNode/ccRay2Node
  into render/stage401004308/LB_connector_7cubeLR.egg/-PandaNode/LB_connector_7cubeLR_egg/collison/stageFloorColl3 []
  at 26.9368 380.563 4.95274
  normal 0.000133877 0 1
  respect_prev_transform = 0


CollisionEntry:
  from render/Jeprody Noob-100000015/camFloorRayNode/ccRay2Node
  into render/stage401004308/LB_connector_7cubeLR.egg/-PandaNode/LB_connector_7cubeLR_egg/collison/stageFloorColl3 []
  at 27.0221 382.864 5.03608
  normal 9.26614e-005 -0.421613 0.906776
  respect_prev_transform = 0


CollisionEntry:
  from render/Jeprody Noob-100000015/camFloorRayNode/ccRay2Node
  into render/stage401004308/LB_connector_7cubeLR.egg/-PandaNode/LB_connector_7cubeLR_egg/collison/stageFloorColl3 []
  at 27.4942 395.601 9.95164
  normal 6.5559e-005 0 1
  respect_prev_transform = 0


CollisionEntry:
  from render/Jeprody Noob-100000015/camFloorRayNode/ccRay2Node
  into render/stage401004308/ZoneEntity-0/-PandaNode/Z07_ALL/stageFloorColl4 []
  at 54.4072 455.529 9.9516
  normal 0 0 1
  respect_prev_transform = 0


CollisionEntry:
  from render/Jeprody Noob-100000015/camFloorRayNode/ccRay2Node
  into render/stage401004308/LB_connector_7cubeL2.egg/-PandaNode/LB_connector_7cubeL2_egg/collison/stageFloorColl5 []
  at -9.33915 525.809 17.6384
  normal 0 -0.0012142 0.999999
  respect_prev_transform = 0


CollisionEntry:
  from render/Jeprody Noob-100000015/camFloorRayNode/ccRay2Node
  into render/stage401004308/LB_connector_7cubeL2.egg/-PandaNode/LB_connector_7cubeL2_egg/collison/stageFloorColl5 []
  at -11.9365 528.372 17.8138
  normal 0.420737 -0.00110176 0.907182
  respect_prev_transform = 0


CollisionEntry:
  from render/Jeprody Noob-100000015/camFloorRayNode/ccRay2Node
  into render/stage401004308/LB_connector_7cubeL2.egg/-PandaNode/LB_connector_7cubeL2_egg/collison/stageFloorColl5 []
  at -24.693 528.566 22.6303
  normal 0.000218784 -0.000597282 1
  respect_prev_transform = 0


CollisionEntry:
  from render/Jeprody Noob-100000015/camFloorRayNode/ccRay2Node
  into render/stage401004308/ZoneEntity-0/-PandaNode/Z13_ALL/room/collsion/stageFloorColl6 []
  at -84.5645 495.297 22.619
  normal 0 0 1
  respect_prev_transform = 0


spec = {'parentEntId': 10000, 'pos': LPoint3f(0, 0, 0)}
h = None
