TTLocalizer: Running in language: English
OTPLocalizer: Running in language: English
Preloading suits...
Preloading Toon heads...
Preloading avatars...
{401000001: <toontown.distributed.ToontownDistrict.ToontownDistrict instance at 0x197D8788>}
__handleAvatarChooserDone: 100000015, '', ('bss', 'ms', 's', 'm', (0.64, 0.35, 0.26, 1.0), (1.0, 1.0, 1.0, 1.0), (0.64, 0.35, 0.26, 1.0), (0.64, 0.35, 0.26, 1.0), 111, 27, 98, 27, 7, 10), 1
entered wait for zone redirect
entered wait for set zone response - 2
Reading DNA file... phase_4/dna/storage.pdna
Reading DNA file... phase_3.5/dna/storage_interior.pdna
Reading DNA file... phase_8/dna/storage_DG.pdna
Reading DNA file... phase_8/dna/storage_DG_sz.pdna
Reading DNA file... phase_8/dna/daisys_garden_sz.pdna
entered wait for zone redirect
entered wait for set zone response - 2
Reading DNA file... phase_4/dna/storage.pdna
Reading DNA file... phase_3.5/dna/storage_interior.pdna
entered wait for zone redirect
entered wait for set zone response - 2
entered wait for zone redirect
entered wait for set zone response - 2
spec = {'parentEntId': 10014, 'pos': LPoint3f(0, 0, 0)}
h = None
chooseFireOpenShot <function allGroupLowShot at 0x153504F0>
chooseFireOpenShot <function avatarCloseUpFireShot at 0x15350CF0>
Warning: NodePath.remove() is deprecated.  Use remove_node() instead.
spec = {'parentEntId': 10037, 'pos': LPoint3f(0, 0, 0)}
h = None
spec = {'parentEntId': 10660, 'pos': LPoint3f(0, 0, 0)}
h = None
Traceback (most recent call last):
  File "C:\Panda3D-1.10.0\direct\showbase\EventManager.py", line 52, in eventLoopTask
    self.doEvents()
  File "C:\Panda3D-1.10.0\direct\showbase\EventManager.py", line 46, in doEvents
    processFunc(self.eventQueue.dequeueEvent())
  File "C:\Panda3D-1.10.0\direct\showbase\EventManager.py", line 103, in processEvent
    messenger.send(eventName, paramList)
  File "C:\Panda3D-1.10.0\direct\showbase\Messenger.py", line 326, in send
    self.__dispatch(acceptorDict, event, sentArgs, foundWatch)
  File "C:\Panda3D-1.10.0\direct\showbase\Messenger.py", line 411, in __dispatch
    method (*(extraArgs + sentArgs))
  File "toontown\suit\DistributedGoon.py", line 347, in handleToonDetect
    self.request('Battle', base.localAvatar.doId)
  File "C:\Panda3D-1.10.0\direct\fsm\FSM.py", line 321, in request
    self.__setState(*result)
  File "C:\Panda3D-1.10.0\direct\fsm\FSM.py", line 456, in __setState
    self.__callEnterFunc(self.newState, *args)
  File "C:\Panda3D-1.10.0\direct\fsm\FSM.py", line 492, in __callEnterFunc
    func(*args)
  File "toontown\suit\DistributedGoon.py", line 236, in enterBattle
    self.level.b_setOuch(self.strength)
  File "otp\level\DistributedLevel.py", line 517, in b_setOuch
    self.d_setOuch(penalty)
  File "otp\level\DistributedLevel.py", line 521, in d_setOuch
    self.sendUpdate('setOuch', [penalty])
  File "C:\Panda3D-1.10.0\direct\distributed\DistributedObject.py", line 359, in sendUpdate
    fieldName, sendToId or self.doId, args)
ValueError: Value out of range on field: setOuch[300]
Traceback (most recent call last):
  File "otp\otpbase\OTPBase.py", line 34, in run
    taskMgr.run()
  File "C:\Panda3D-1.10.0\direct\task\Task.py", line 508, in run
    self.step()
  File "C:\Panda3D-1.10.0\direct\task\Task.py", line 465, in step
    self.mgr.poll()
  File "C:\Panda3D-1.10.0\direct\showbase\EventManager.py", line 52, in eventLoopTask
    self.doEvents()
  File "C:\Panda3D-1.10.0\direct\showbase\EventManager.py", line 46, in doEvents
    processFunc(self.eventQueue.dequeueEvent())
  File "C:\Panda3D-1.10.0\direct\showbase\EventManager.py", line 103, in processEvent
    messenger.send(eventName, paramList)
  File "C:\Panda3D-1.10.0\direct\showbase\Messenger.py", line 326, in send
    self.__dispatch(acceptorDict, event, sentArgs, foundWatch)
  File "C:\Panda3D-1.10.0\direct\showbase\Messenger.py", line 411, in __dispatch
    method (*(extraArgs + sentArgs))
  File "toontown\suit\DistributedGoon.py", line 347, in handleToonDetect
    self.request('Battle', base.localAvatar.doId)
  File "C:\Panda3D-1.10.0\direct\fsm\FSM.py", line 321, in request
    self.__setState(*result)
  File "C:\Panda3D-1.10.0\direct\fsm\FSM.py", line 456, in __setState
    self.__callEnterFunc(self.newState, *args)
  File "C:\Panda3D-1.10.0\direct\fsm\FSM.py", line 492, in __callEnterFunc
    func(*args)
  File "toontown\suit\DistributedGoon.py", line 236, in enterBattle
    self.level.b_setOuch(self.strength)
  File "otp\level\DistributedLevel.py", line 517, in b_setOuch
    self.d_setOuch(penalty)
  File "otp\level\DistributedLevel.py", line 521, in d_setOuch
    self.sendUpdate('setOuch', [penalty])
  File "C:\Panda3D-1.10.0\direct\distributed\DistributedObject.py", line 359, in sendUpdate
    fieldName, sendToId or self.doId, args)
ValueError: Value out of range on field: setOuch[300]
