TTLocalizer: Running in language: English
OTPLocalizer: Running in language: English
Preloading suits...
Preloading Toon heads...
Preloading avatars...
{401000001: <toontown.distributed.ToontownDistrict.ToontownDistrict instance at 0x1816E4B8>}
__handleAvatarChooserDone: 100000070, 'Master Cool Cat', ('csl', 'ms', 'm', 'm', (0.3, 0.3, 0.35, 1.0), (0.28, 0.32, 0.72, 1.0), (0.3, 0.3, 0.35, 1.0), (0.3, 0.3, 0.35, 1.0), 111, 27, 98, 27, 41, 27), 3
entered wait for zone redirect
entered wait for set zone response - 2
Reading DNA file... phase_4/dna/storage.pdna
Reading DNA file... phase_3.5/dna/storage_interior.pdna
Exception occurred while processing remove-death-suit of movie-track-with-cam-401004084:
movie-track-with-cam-401004084:
  0.000 movie-track-with-cam-401004084 {
  0.000   movie-track-401004084 {
  0.000     Sequence-155 {
  0.000       toon-attacks {
  0.000         Sequence-178 {
  0.000           Sequence-157 {
  0.000             Parallel-159 {
  0.000             }
  0.000           }
  0.000           toplevel-drop {
  0.000             Sequence-177 {
  0.000               Wait
  0.000               Parallel-161 {
  0.000                 Parallel-168 {
  0.000                   Sequence-163 {
  0.000                     Wait
  0.000                     *Func-headsUp-194
  0.000                     *Actor-pushbutton-54 dur 4
  4.000                     *Func-loop-195
  4.000                     *Func-setHpr-196
  4.000                   }
  0.000                   Sequence-162 {
  0.000                     Wait dur 2.14
  2.140                     *Sound-17 dur 0.67
  2.810                     *Sound-18 dur 1.5
  4.310                     *Sound-19 dur 5.37598
  9.686                   }
  0.000                   Sequence-164 {
  0.000                     Wait
  0.000                     *Func-showProps-197
  0.000                     LerpScaleInterval-213: scale from 0.01 0.01 0.01 to 1 1 1 dur 1
  1.000                     Wait dur 2.5
  3.500                     LerpScaleInterval-214: scale from 1 1 1 to 0.01 0.01 0.01 dur 1
  4.500                     *Func-removeProps-198
  4.500                   }
  0.000                   Sequence-165 {
  0.000                     *Func-needRestoreRenderProp-199
  0.000                     Wait dur 4.3
  4.300                     *Func-posObject-200
  4.300                     ParallelEndTogether-166 {
  4.300                       *Actor-piano-55 dur 4.16667
  8.167                       LerpScaleInterval-215: scale from 1 1 1 to 0.01 0.01 0.01 dur 0.3
  8.467                     }
  8.467                     *Func-removeProp-201
  8.467                     *Func-clearRenderProp-202
  8.467                   }
  0.000                   Sequence-167 {
  0.000                     Wait dur 2.44
  2.440                     *Func-needRestoreRenderProp-203
  2.440                     *Func-posShadow-204
  2.440                     LerpScaleInterval-216: scale from 0.01 0.01 0.01 to 3.6 3.6 3.6 dur 1.86
  4.300                     Wait dur 0.3
  4.600                     *Func-removeProp-205
  4.600                     *Func-clearRenderProp-206
  4.600                   }
  0.000                   Sequence-169 {
  0.000                     Wait dur 4.3
  4.300                     *Func-showHpText-207 (!oe)
  4.300                     *Func-updateHealthBar-208
  4.300                     Parallel-170 {
  4.300                       *Actor-flatten-56 dur 6
 10.300                     }
 10.300                     Parallel-176 {
 10.300                       Sequence-171 {
 10.300                         *Func-debug-209
 10.300                         *Func-insertReviveSuit-210
 10.300                         *Func-debug-211
 10.300                         *Actor-lose-57 dur 6
 16.300                         *Func-debug-212
 16.300                         *remove-death-suit
 16.300                         *Func-debug-213
 16.300                         *Func-loop-214
 16.300                       }
 10.300                       Sequence-172 {
 10.300                         Wait dur 0.8
 11.100                         *Sound-20 dur 1.2
 12.300                         *Sound-21 dur 3
 15.300                         *Sound-22 dur 1.85469
 17.155                       }
 10.300                       gears1Track {
 10.300                         Wait dur 2.1
 12.400                         *Particle-1 dur 4.3
 16.700                       }
 10.300                       gears2MTrack {
 10.300                         Sequence-173 {
 10.300                           Wait dur 5.4
 15.700                           Sequence-174 {
 15.700                             *Func-reparentTo-215
 15.700                             *Func-setPos-216
 15.700                             *Func-setScale-217
 15.700                             Wait dur 0.6
 16.300                             *Func-removeProp-218
 16.300                           }
 16.300                         }
 11.000                         *Particle-2 dur 5.7
 15.500                         *Particle-3 dur 1.2
 15.700                         *Particle-4 dur 1
 16.700                       }
 10.300                       toonMTrack {
 10.300                         Sequence-175 {
 10.300                           Wait dur 1
 11.300                           *Actor-duck-58 dur 3.75
 15.050                           *Actor-duck-59 dur 1.95
 17.000                           *Func-loop-219
 17.000                         }
 17.000                       }
 17.155                     }
 17.155                   }
 17.155                 }
 17.155               }
 17.155             }
 17.155           }
 17.155           Parallel-160 {
 17.155             Parallel-158 {
 17.155             }
 17.155           }
 17.155         }
 17.155       }
 17.155       *Func-__handleMovieDone-224
 17.155     }
 17.155   }
  0.000   Sequence-180 {
  0.000     Sequence-156 {
  0.000       toon-attacks-cam {
  0.000         Sequence-179 {
  0.000           toonGroupShot {
  0.000             *Func-setPosHpr-220
  0.000             Wait
  0.000           }
  0.000           avatarCloseUpThrowShot {
  0.000             *Func-setPosHpr-221
  0.000             Wait dur 3
  3.000           }
  3.000           avatarCloseUpThrowShot {
  3.000             *Func-setPosHpr-222
  3.000             Wait dur 14.155
 17.155           }
 17.155           toonGroupShot {
 17.155             *Func-setPosHpr-223
 17.155             Wait
 17.155           }
 17.155         }
 17.155       }
 17.155     }
 17.155   }
 17.155 }

Traceback (most recent call last):
  File "C:\Panda3D-1.10.0\direct\showbase\ShowBase.py", line 1829, in __ivalLoop
    IntervalManager.ivalMgr.step()
  File "C:\Panda3D-1.10.0\direct\interval\IntervalManager.py", line 94, in step
    self.__doPythonCallbacks()
  File "C:\Panda3D-1.10.0\direct\interval\IntervalManager.py", line 122, in __doPythonCallbacks
    self.ivals[index].privPostEvent()
  File "C:\Panda3D-1.10.0\direct\interval\MetaInterval.py", line 519, in privPostEvent
    self.__doPythonCallbacks()
  File "C:\Panda3D-1.10.0\direct\interval\MetaInterval.py", line 495, in __doPythonCallbacks
    ival.privDoEvent(t, eventType)
  File "C:\Panda3D-1.10.0\direct\interval\Interval.py", line 206, in privDoEvent
    self.privInstant()
  File "C:\Panda3D-1.10.0\direct\interval\FunctionInterval.py", line 88, in privInstant
    self.function(*self.extraArgs, **self.kw)
  File "toontown\battle\MovieUtil.py", line 203, in removeReviveSuit
    suit.reseatHealthBarForSkele()
AttributeError: 'DistributedSuit' object has no attribute 'reseatHealthBarForSkele'
Traceback (most recent call last):
  File "otp\otpbase\OTPBase.py", line 34, in run
    taskMgr.run()
  File "C:\Panda3D-1.10.0\direct\task\Task.py", line 508, in run
    self.step()
  File "C:\Panda3D-1.10.0\direct\task\Task.py", line 465, in step
    self.mgr.poll()
  File "C:\Panda3D-1.10.0\direct\showbase\ShowBase.py", line 1829, in __ivalLoop
    IntervalManager.ivalMgr.step()
  File "C:\Panda3D-1.10.0\direct\interval\IntervalManager.py", line 94, in step
    self.__doPythonCallbacks()
  File "C:\Panda3D-1.10.0\direct\interval\IntervalManager.py", line 122, in __doPythonCallbacks
    self.ivals[index].privPostEvent()
  File "C:\Panda3D-1.10.0\direct\interval\MetaInterval.py", line 519, in privPostEvent
    self.__doPythonCallbacks()
  File "C:\Panda3D-1.10.0\direct\interval\MetaInterval.py", line 495, in __doPythonCallbacks
    ival.privDoEvent(t, eventType)
  File "C:\Panda3D-1.10.0\direct\interval\Interval.py", line 206, in privDoEvent
    self.privInstant()
  File "C:\Panda3D-1.10.0\direct\interval\FunctionInterval.py", line 88, in privInstant
    self.function(*self.extraArgs, **self.kw)
  File "toontown\battle\MovieUtil.py", line 203, in removeReviveSuit
    suit.reseatHealthBarForSkele()
AttributeError: 'DistributedSuit' object has no attribute 'reseatHealthBarForSkele'
