TTLocalizer: Running in language: English
OTPLocalizer: Running in language: English
Preloading suits...
Preloading Toon heads...
Preloading avatars...
{406000001: <toontown.distributed.ToontownDistrict.ToontownDistrict instance at 0x18CAD4B8>, 401000001: <toontown.distributed.ToontownDistrict.ToontownDistrict instance at 0x18CAD760>, 402000001: <toontown.distributed.ToontownDistrict.ToontownDistrict instance at 0x18CAD6E8>, 404000001: <toontown.distributed.ToontownDistrict.ToontownDistrict instance at 0x18CAD558>, 403000001: <toontown.distributed.ToontownDistrict.ToontownDistrict instance at 0x18CAD5F8>, 405000001: <toontown.distributed.ToontownDistrict.ToontownDistrict instance at 0x18CAD698>}
__handleAvatarChooserDone: 100000070, 'Master Cool Cat', ('csl', 'ms', 'm', 'm', (0.3, 0.3, 0.35, 1.0), (0.28, 0.32, 0.72, 1.0), (0.3, 0.3, 0.35, 1.0), (0.3, 0.3, 0.35, 1.0), 111, 27, 98, 27, 41, 27), 3
entered wait for zone redirect
entered wait for set zone response - 2
Reading DNA file... phase_4/dna/storage.pdna
Reading DNA file... phase_3.5/dna/storage_interior.pdna
entered wait for zone redirect
entered wait for set zone response - 2
Reading DNA file... phase_4/dna/storage.pdna
Reading DNA file... phase_3.5/dna/storage_interior.pdna
entered wait for zone redirect
entered wait for set zone response - 2
entered wait for zone redirect
entered wait for set zone response - 2
hit! 0.679747521877
hit! 0.918625593185
hit! 0.997549772263
--not hard enough: -0.0338090583682
hit! 0.860515713692
--not hard enough: -0.593847751617
hit! 0.736156523228
hit! 0.360624969006
hit! 0.434272497892
hit! 0.667444765568
--not hard enough: -0.193631798029
hit! 0.471676498652
hit! 0.980281889439
hit! 0.768875539303
hit! 0.850294589996
hit! 0.91490983963
hit! 0.811662852764
hit! 0.485989540815
--not hard enough: -0.545950889587
--not hard enough: 0.00588769605383
hit! 0.649825453758
hit! 0.380430161953
hit! 0.632843434811
hit! 0.871022820473
hit! 0.995989501476
hit! 0.512994349003
hit! 0.732754051685
hit! 0.78368127346
hit! 0.296417653561
hit! 0.962259948254
--not hard enough: 0.0533816553652
--not hard enough: -0.670299708843
hit! 0.917721629143
hit! 0.993089079857
hit! 0.68236541748
hit! 0.993175804615
hit! 0.876912176609
hit! 0.0917294844985
hit! 0.800587356091
hit! 0.887291550636
hit! 0.956387758255
--not hard enough: -0.12315338105
hit! 0.374137967825
hit! 0.523089289665
hit! 0.806895911694
hit! 0.95031619072
hit! 0.0558793582022
hit! 0.960571944714
hit! 0.994323849678
hit! 0.854447245598
--not hard enough: 0.0738612860441
hit! 0.758203446865
hit! 0.649921178818
hit! 0.984654664993
hit! 0.198927804828
--not hard enough: -0.00621460704133
hit! 0.808735728264
hit! 0.527604103088
hit! 0.956564605236
hit! 0.512241899967
hit! 0.330579221249
hit! 0.767230093479
hit! 0.983000516891
hit! 0.403993695974
hit! 0.868566215038
hit! 0.647210717201
hit! 0.208938986063
hit! 0.80803412199
hit! 0.887370228767
hit! 0.716286182404
hit! 0.723136723042
hit! 0.82522714138
hit! 0.62000477314
hit! 0.855148136616
hit! 0.842529058456
hit! 0.820635020733
hit! 0.798002243042
hit! 0.208684325218
hit! 0.945444464684
hit! 0.979313671589
--not hard enough: -0.00976736098528
--not hard enough: -0.339156985283
hit! 0.910418570042
hit! 0.754639625549
hit! 0.706097483635
hit! 0.122479267418
hit! 0.913367033005
hit! 0.925659239292
hit! 0.693122386932
hit! 0.899867475033
--not hard enough: -0.284598767757
hit! 0.886429727077
hit! 0.915645301342
hit! 0.448557794094
hit! 0.775975108147
hit! 0.462820142508
hit! 0.293446719646
hit! 0.948709070683
hit! 0.390291005373
hit! 0.945186972618
hit! 0.969117224216
hit! 0.924725413322
hit! 0.916385352612
hit! 0.83952498436
hit! 0.667914330959
hit! 0.844103336334
entered wait for zone redirect
entered wait for set zone response - 2
Reading DNA file... phase_4/dna/storage.pdna
Reading DNA file... phase_3.5/dna/storage_interior.pdna
Reading DNA file... phase_8/dna/storage_DL.pdna
Reading DNA file... phase_8/dna/storage_DL_sz.pdna
Reading DNA file... phase_8/dna/donalds_dreamland_sz.pdna
entered wait for zone redirect
entered wait for set zone response - 2
Reading DNA file... phase_4/dna/storage.pdna
Reading DNA file... phase_3.5/dna/storage_interior.pdna
Reading DNA file... phase_4/dna/storage_TT.pdna
Reading DNA file... phase_4/dna/storage_TT_sz.pdna
Reading DNA file... phase_4/dna/toontown_central_sz.pdna
entered wait for zone redirect
entered wait for set zone response - 2
Reading DNA file... phase_4/dna/storage.pdna
Reading DNA file... phase_3.5/dna/storage_interior.pdna
Reading DNA file... phase_4/dna/storage_TT.pdna
Reading DNA file... phase_4/dna/storage_TT_sz.pdna
Reading DNA file... phase_4/dna/toontown_central_sz.pdna
entered wait for zone redirect
entered wait for set zone response - 2
Reading DNA file... phase_4/dna/storage.pdna
Reading DNA file... phase_3.5/dna/storage_interior.pdna
entered wait for zone redirect
entered wait for set zone response - 2
entered wait for zone redirect
entered wait for set zone response - 2
hit! 0.825266718864
hit! 0.913115918636
hit! 0.97716909647
hit! 0.944319307804
hit! 0.629322826862
hit! 0.894472777843
hit! 0.831755638123
hit! 0.696910381317
hit! 0.929975390434
hit! 0.997541248798
hit! 0.978214859962
hit! 0.992516577244
hit! 0.976050913334
hit! 0.593607187271
hit! 0.834246039391
hit! 0.617709755898
--not hard enough: -0.565150618553
--not hard enough: -0.10505297035
hit! 0.744438529015
hit! 0.584437608719
--not hard enough: 0.0938168689609
hit! 0.742124557495
hit! 0.826654374599
hit! 0.885111272335
--not hard enough: -0.11397305131
hit! 0.72610104084
hit! 0.522622346878
hit! 0.836970567703
hit! 0.980854809284
hit! 0.819612383842
hit! 0.50198328495
--not hard enough: 0.0358405895531
hit! 0.552955448627
hit! 0.802202999592
--not hard enough: 0.0312381125987
hit! 0.720137298107
hit! 0.859472692013
hit! 0.999884724617
hit! 0.708898484707
hit! 0.181943953037
hit! 0.930128157139
hit! 0.933330595493
hit! 0.996079862118
hit! 0.940893530846
hit! 0.412450283766
hit! 0.597252845764
hit! 0.64667481184
hit! 0.511129200459
hit! 0.517887711525
hit! 0.903736054897
hit! 0.827365815639
hit! 0.868379890919
hit! 0.976489186287
hit! 0.675113141537
hit! 0.970903337002
hit! 0.976184546947
hit! 0.713402986526
--not hard enough: 0.328797310591
hit! 0.860499024391
hit! 0.799210548401
hit! 0.836618483067
hit! 0.787470281124
hit! 0.621831119061
hit! 0.781040251255
--not hard enough: -0.130013227463
--not hard enough: 0.309246122837
hit! 0.515131175518
hit! 0.95724350214
hit! 0.923800110817
hit! 0.726081073284
--not hard enough: -0.113440744579
hit! 0.776876032352
--not hard enough: 0.402467310429
hit! 0.754907727242
--not hard enough: -0.0220751669258
hit! 0.600064754486
hit! 0.889685213566
hit! 0.716476500034
--not hard enough: -0.0452524274588
hit! 0.415008693933
hit! 0.998021841049
hit! 0.931933999062
hit! 0.736376881599
--not hard enough: -0.21091119945
hit! 0.862546384335
hit! 0.709268629551
entered wait for zone redirect
entered wait for set zone response - 2
Reading DNA file... phase_4/dna/storage.pdna
Reading DNA file... phase_3.5/dna/storage_interior.pdna
Reading DNA file... phase_8/dna/storage_DL.pdna
Reading DNA file... phase_8/dna/storage_DL_sz.pdna
Reading DNA file... phase_8/dna/donalds_dreamland_sz.pdna
