TTLocalizer: Running in language: English
OTPLocalizer: Running in language: English
Preloading suits...
Preloading Toon heads...
Preloading avatars...
{401000001: <toontown.distributed.ToontownDistrict.ToontownDistrict instance at 0x17F0E288>}
__handleAvatarChooserDone: 100000181, 'Boris', ('csl', 'ls', 's', 'm', (0.64, 0.35, 0.26, 1.0), (1.0, 1.0, 1.0, 1.0), (0.64, 0.35, 0.26, 1.0), (0.64, 0.35, 0.26, 1.0), 8, 27, 5, 27, 3, 27), 0
entered wait for zone redirect
entered wait for set zone response - 2
Reading DNA file... phase_4/dna/storage.pdna
Reading DNA file... phase_3.5/dna/storage_interior.pdna
../resources/phase_3/audio/sfx
../resources/phase_3.5/audio/sfx
../resources/phase_4/audio/sfx
../resources/phase_5/audio/sfx
/phase_3/audio/sfx
/phase_3.5/audio/sfx
/phase_4/audio/sfx
/phase_5/audio/sfx

../resources/phase_3/audio/sfx
../resources/phase_3.5/audio/sfx
../resources/phase_4/audio/sfx
../resources/phase_5/audio/sfx
/phase_3/audio/sfx
/phase_3.5/audio/sfx
/phase_4/audio/sfx
/phase_5/audio/sfx

entered wait for zone redirect
entered wait for set zone response - 2
Reading DNA file... phase_4/dna/storage.pdna
Reading DNA file... phase_3.5/dna/storage_interior.pdna
Reading DNA file... phase_4/dna/storage_TT.pdna
Reading DNA file... phase_4/dna/storage_TT_sz.pdna
Reading DNA file... phase_4/dna/toontown_central_sz.pdna
entered wait for zone redirect
entered wait for set zone response - 2
Reading DNA file... phase_4/dna/storage.pdna
Reading DNA file... phase_3.5/dna/storage_interior.pdna
entered wait for zone redirect
entered wait for set zone response - 2
entered wait for zone redirect
entered wait for set zone response - 2
### newVec3 =  LVector3f(-1.99998, 6.3, 1.5)
### newVec3 =  LVector3f(-1.99998, 6.3, 0)
### newVec3 =  LVector3f(-1.99998, 6.3, 0.375)
### newVec3 =  LVector3f(-1.99998, 6.3, 0)
### newVec3 =  LVector3f(-1.99998, 6.3, 1.5)
### newVec3 =  LVector3f(-1.99998, 6.3, 0)
### newVec3 =  LVector3f(-1.99998, 6.3, 0.375)
### newVec3 =  LVector3f(-1.99998, 6.3, 0)
### newVec3 =  LVector3f(-1.99998, 6.3, 1.5)
### newVec3 =  LVector3f(-1.99998, 6.3, 0)
### newVec3 =  LVector3f(-1.99998, 6.3, 0.375)
### newVec3 =  LVector3f(-1.99998, 6.3, 0)
hit! 0.953399300575
hit! 0.972079098225
hit! 0.754491329193
hit! 0.430408746004
hit! 0.930127203465
hit! 0.235302075744
hit! 0.870801985264
entered wait for zone redirect
entered wait for set zone response - 2
Reading DNA file... phase_4/dna/storage.pdna
Reading DNA file... phase_3.5/dna/storage_interior.pdna
Reading DNA file... phase_8/dna/storage_DL.pdna
Reading DNA file... phase_8/dna/storage_DL_sz.pdna
Reading DNA file... phase_8/dna/donalds_dreamland_sz.pdna
entered wait for zone redirect
entered wait for set zone response - 2
{401000001: <toontown.distributed.ToontownDistrict.ToontownDistrict instance at 0x17F0E288>}
__handleAvatarChooserDone: 100000181, 'Boris', ('csl', 'ls', 's', 'm', (0.64, 0.35, 0.26, 1.0), (1.0, 1.0, 1.0, 1.0), (0.64, 0.35, 0.26, 1.0), (0.64, 0.35, 0.26, 1.0), 8, 27, 5, 27, 3, 27), 0
entered wait for zone redirect
entered wait for set zone response - 2
Reading DNA file... phase_4/dna/storage.pdna
Reading DNA file... phase_3.5/dna/storage_interior.pdna
Reading DNA file... phase_8/dna/storage_DL.pdna
Reading DNA file... phase_8/dna/storage_DL_sz.pdna
Reading DNA file... phase_8/dna/donalds_dreamland_sz.pdna
entered wait for zone redirect
entered wait for set zone response - 2
Reading DNA file... phase_4/dna/storage.pdna
Reading DNA file... phase_3.5/dna/storage_interior.pdna
entered wait for zone redirect
entered wait for set zone response - 2
entered wait for zone redirect
entered wait for set zone response - 2
Laser Field initCollisionGeom
Laser Field initCollisionGeom
CollisionEntry:
  from render/Boris-100000181/camFloorRayNode/ccRay2Node
  into render/stage401005888/ZoneEntity-0/-PandaNode/LB_Zone03a_egg/Collsion/stageFloorColl0 []
  at -2 -10.9125 -0.0335054
  normal -0.000961985 0.000458579 0.999999
  respect_prev_transform = 0


CollisionEntry:
  from render/Boris-100000181/camFloorRayNode/ccRay2Node
  into render/stage401005888/LB_connector_7cubeLR.egg/-PandaNode/LB_connector_7cubeLR_egg/collison/stageFloorColl1 []
  at -2 38.576 0.13394
  normal 9.26614e-005 -0.421613 0.906776
  respect_prev_transform = 0


CollisionEntry:
  from render/Boris-100000181/camFloorRayNode/ccRay2Node
  into render/stage401005888/LB_connector_7cubeLR.egg/-PandaNode/LB_connector_7cubeLR_egg/collison/stageFloorColl1 []
  at -3.2832 43.5587 -0.0470829
  normal 0.000133877 0 1
  respect_prev_transform = 0


CollisionEntry:
  from render/Boris-100000181/camFloorRayNode/ccRay2Node
  into render/stage401005888/LB_connector_7cubeLR.egg/-PandaNode/LB_connector_7cubeLR_egg/collison/stageFloorColl1 []
  at -4.07721 52.1458 4.95181
  normal 6.5559e-005 0 1
  respect_prev_transform = 0


CollisionEntry:
  from render/Boris-100000181/camFloorRayNode/ccRay2Node
  into render/stage401005888/ZoneEntity-0/-PandaNode/Z07_ALL/stageFloorColl2 []
  at 33.1013 111.172 4.95377
  normal 0 0 1
  respect_prev_transform = 0


CollisionEntry:
  from render/Boris-100000181/camFloorRayNode/ccRay2Node
  into render/stage401005888/LB_connector_7cubeLR.egg/-PandaNode/LB_connector_7cubeLR_egg/collison/stageFloorColl3 []
  at -39.9278 179.452 12.6211
  normal 0 0.000133877 1
  respect_prev_transform = 0


CollisionEntry:
  from render/Boris-100000181/camFloorRayNode/ccRay2Node
  into render/stage401005888/LB_connector_7cubeLR.egg/-PandaNode/LB_connector_7cubeLR_egg/collison/stageFloorColl3 []
  at -41.2312 179.511 12.9333
  normal 0.421613 9.26799e-005 0.906776
  respect_prev_transform = 0


CollisionEntry:
  from render/Boris-100000181/camFloorRayNode/ccRay2Node
  into render/stage401005888/LB_connector_7cubeLR.egg/-PandaNode/LB_connector_7cubeLR_egg/collison/stageFloorColl3 []
  at -47.9696 179.818 12.621
  normal 0 0.000133877 1
  respect_prev_transform = 0


CollisionEntry:
  from render/Boris-100000181/camFloorRayNode/ccRay2Node
  into render/stage401005888/LB_connector_7cubeLR.egg/-PandaNode/LB_connector_7cubeLR_egg/collison/stageFloorColl3 []
  at -57.9048 178.573 17.6201
  normal 0 6.5559e-005 1
  respect_prev_transform = 0


CollisionEntry:
  from render/Boris-100000181/camFloorRayNode/ccRay2Node
  into render/stage401005888/ZoneEntity-0/-PandaNode/LB_Zone04a_egg/Z04/collision_lobby/stageFloorColl4 []
  at -113.937 213.978 17.619
  normal 0 0 1
  respect_prev_transform = 0


CollisionEntry:
  from render/Boris-100000181/camFloorRayNode/ccRay2Node
  into render/stage401005888/LB_connector_7cubeL2.egg/-PandaNode/LB_connector_7cubeL2_egg/collison/stageFloorColl5 []
  at -248.885 205.646 17.6233
  normal 0 -0.0012142 0.999999
  respect_prev_transform = 0


CollisionEntry:
  from render/Boris-100000181/camFloorRayNode/ccRay2Node
  into render/stage401005888/LB_connector_7cubeL2.egg/-PandaNode/LB_connector_7cubeL2_egg/collison/stageFloorColl5 []
  at -264.111 205.463 22.6158
  normal 0.000218784 -0.000597282 1
  respect_prev_transform = 0


CollisionEntry:
  from render/Boris-100000181/camFloorRayNode/ccRay2Node
  into render/stage401005888/ZoneEntity-0/-PandaNode/Z07_ALL/stageFloorColl6 []
  at -323.045 173.662 22.6086
  normal 0 0 1
  respect_prev_transform = 0


CollisionEntry:
  from render/Boris-100000181/NPW.cRayNode
  into render/stage401005888/ZoneEntity-0/-PandaNode/Z07_ALL/stageFloorColl6 []
  at -368.629 170.19 22.6115
  normal 0 0 1
  respect_prev_transform = 1


CollisionEntry:
  from render/Boris-100000181/NPW.cRayNode
  into render/stage401005888/ZoneEntity-0/-PandaNode/Z07_ALL/stageFloorColl6 []
  at -380.671 151.183 31.2995
  normal 0 0 1
  respect_prev_transform = 1


CollisionEntry:
  from render/Boris-100000181/camFloorRayNode/ccRay2Node
  into render/stage401005888/ZoneEntity-0/-PandaNode/Z07_ALL/stageFloorColl6 []
  at -380.767 150.701 31.2871
  normal 0 0 1
  respect_prev_transform = 0


CollisionEntry:
  from render/Boris-100000181/NPW.cRayNode
  into render/stage401005888/LB_connector_7cubeL2.egg/-PandaNode/LB_connector_7cubeL2_egg/collison/stageFloorColl7 []
  at -367.177 81.3117 35.2849
  normal -0.000222116 0.000437529 1
  respect_prev_transform = 1


CollisionEntry:
  from render/Boris-100000181/camFloorRayNode/ccRay2Node
  into render/stage401005888/LB_connector_7cubeL2.egg/-PandaNode/LB_connector_7cubeL2_egg/collison/stageFloorColl7 []
  at -367.183 80.7453 35.2853
  normal -0.000222116 0.000437529 1
  respect_prev_transform = 0


CollisionEntry:
  from render/Boris-100000181/NPW.cRayNode
  into render/stage401005888/ZoneEntity-0/-PandaNode/Z22a/room/collsion/stageFloorColl8 []
  at -367.042 36.1031 35.156
  normal 0 0 1
  respect_prev_transform = 1


CollisionEntry:
  from render/Boris-100000181/camFloorRayNode/ccRay2Node
  into render/stage401005888/ZoneEntity-0/-PandaNode/Z22a/room/collsion/stageFloorColl8 []
  at -366.485 35.9852 35.1561
  normal 0 0 1
  respect_prev_transform = 0


CollisionEntry:
  from render/Boris-100000181/NPW.cRayNode
  into render/stage401005888/ZoneEntity-0/-PandaNode/Z22a/room/collsion/stageFloorColl8 []
  at -355.81 -27.1859 35.156
  normal 0 0 1
  respect_prev_transform = 1


CollisionEntry:
  from render/Boris-100000181/camFloorRayNode/ccRay2Node
  into render/stage401005888/ZoneEntity-0/-PandaNode/Z22a/room/collsion/stageFloorColl8 []
  at -355.833 -26.8434 35.156
  normal 0 0 1
  respect_prev_transform = 0


CollisionEntry:
  from render/Boris-100000181/NPW.cRayNode
  into render/stage401005888/LB_connector_7cubeL2.egg/-PandaNode/LB_connector_7cubeL2_egg/collison/stageFloorColl7 []
  at -367.006 37.7325 35.2819
  normal -0.000494851 -0.000243786 1
  respect_prev_transform = 1


CollisionEntry:
  from render/Boris-100000181/camFloorRayNode/ccRay2Node
  into render/stage401005888/LB_connector_7cubeL2.egg/-PandaNode/LB_connector_7cubeL2_egg/collison/stageFloorColl7 []
  at -367.217 38.9598 35.2821
  normal -0.000494851 -0.000243786 1
  respect_prev_transform = 0


CollisionEntry:
  from render/Boris-100000181/NPW.cRayNode
  into render/stage401005888/LB_connector_7cubeL2.egg/-PandaNode/LB_connector_7cubeL2_egg/collison/stageFloorColl7 []
  at -372.284 68.3423 35.2876
  normal 0 0 1
  respect_prev_transform = 1


CollisionEntry:
  from render/Boris-100000181/camFloorRayNode/ccRay2Node
  into render/stage401005888/LB_connector_7cubeL2.egg/-PandaNode/LB_connector_7cubeL2_egg/collison/stageFloorColl7 []
  at -372.123 67.559 35.2875
  normal 0 0 1
  respect_prev_transform = 0


CollisionEntry:
  from render/Boris-100000181/NPW.cRayNode
  into render/stage401005888/ZoneEntity-0/-PandaNode/Z07_ALL/stageFloorColl6 []
  at -384.203 113.177 30.3181
  normal 0 0 1
  respect_prev_transform = 1


CollisionEntry:
  from render/Boris-100000181/camFloorRayNode/ccRay2Node
  into render/stage401005888/ZoneEntity-0/-PandaNode/Z07_ALL/stageFloorColl6 []
  at -384.178 113.327 30.3224
  normal 0 0 1
  respect_prev_transform = 0


CollisionEntry:
  from render/Boris-100000181/NPW.cRayNode
  into render/stage401005888/ZoneEntity-0/-PandaNode/Z07_ALL/stageFloorColl6 []
  at -398.813 153.937 22.613
  normal 0 0 1
  respect_prev_transform = 1


CollisionEntry:
  from render/Boris-100000181/camFloorRayNode/ccRay2Node
  into render/stage401005888/ZoneEntity-0/-PandaNode/Z07_ALL/stageFloorColl6 []
  at -399.393 153.794 22.6126
  normal 0 0 1
  respect_prev_transform = 0


