TTLocalizer: Running in language: English
OTPLocalizer: Running in language: English
Preloading suits...
Preloading Toon heads...
Preloading avatars...
{401000001: <toontown.distributed.ToontownDistrict.ToontownDistrict instance at 0x19F12788>}
__handleAvatarChooserDone: 100000070, 'Master Cool Cat', ('csl', 'ms', 'm', 'm', (0.3, 0.3, 0.35, 1.0), (0.28, 0.32, 0.72, 1.0), (0.3, 0.3, 0.35, 1.0), (0.3, 0.3, 0.35, 1.0), 111, 27, 98, 27, 41, 27), 3
entered wait for zone redirect
entered wait for set zone response - 2
Reading DNA file... phase_4/dna/storage.pdna
Reading DNA file... phase_3.5/dna/storage_interior.pdna
entered wait for zone redirect
entered wait for set zone response - 2
Reading DNA file... phase_4/dna/storage.pdna
Reading DNA file... phase_3.5/dna/storage_interior.pdna
Reading DNA file... phase_8/dna/storage_DG.pdna
Reading DNA file... phase_8/dna/storage_DG_sz.pdna
Reading DNA file... phase_8/dna/daisys_garden_sz.pdna
entered wait for zone redirect
entered wait for set zone response - 2
Reading DNA file... phase_5/dna/storage_town.pdna
Reading DNA file... phase_8/dna/storage_DG_town.pdna
Reading DNA file... phase_8/dna/daisys_garden_5100.pdna
entered wait for zone redirect
entered wait for set zone response - 2
Reading DNA file... phase_4/dna/storage.pdna
Reading DNA file... phase_3.5/dna/storage_interior.pdna
Reading DNA file... phase_8/dna/storage_BR.pdna
Reading DNA file... phase_8/dna/storage_BR_sz.pdna
Reading DNA file... phase_8/dna/the_burrrgh_sz.pdna
entered wait for zone redirect
entered wait for set zone response - 2
Reading DNA file... phase_5/dna/storage_town.pdna
Reading DNA file... phase_8/dna/storage_BR_town.pdna
Reading DNA file... phase_8/dna/the_burrrgh_3300.pdna
entered wait for zone redirect
entered wait for set zone response - 2
### newVec3 =  LVector3f(2, 6.3, 1.5)
### newVec3 =  LVector3f(2, 6.3, 0)
### newVec3 =  LVector3f(2, 6.3, 0.375)
### newVec3 =  LVector3f(2, 6.3, 0)
### newVec3 =  LVector3f(2, 6.3, 1.5)
### newVec3 =  LVector3f(2, 6.3, 0)
### newVec3 =  LVector3f(2, 6.3, 0.375)
### newVec3 =  LVector3f(2, 6.3, 0)
entered wait for zone redirect
entered wait for set zone response - 2
Reading DNA file... phase_5/dna/storage_town.pdna
Reading DNA file... phase_8/dna/storage_BR_town.pdna
Reading DNA file... phase_8/dna/the_burrrgh_3300.pdna
Traceback (most recent call last):
  File "toontown\quest\QuestMap.py", line 186, in update
    buildingMarker.setScale((math.sin(task.time * 16.0 + i * math.pi / 3.0) + 1) * 0.005 + 0.04)
AssertionError: !is_empty() at line 1293 of panda/src/pgraph/nodePath.cxx
Traceback (most recent call last):
  File "otp\otpbase\OTPBase.py", line 34, in run
    taskMgr.run()
  File "C:\Panda3D-1.10.0\direct\task\Task.py", line 508, in run
    self.step()
  File "C:\Panda3D-1.10.0\direct\task\Task.py", line 465, in step
    self.mgr.poll()
  File "toontown\quest\QuestMap.py", line 186, in update
    buildingMarker.setScale((math.sin(task.time * 16.0 + i * math.pi / 3.0) + 1) * 0.005 + 0.04)
AssertionError: !is_empty() at line 1293 of panda/src/pgraph/nodePath.cxx
