TTLocalizer: Running in language: English
OTPLocalizer: Running in language: English
Preloading suits...
Preloading Toon heads...
Preloading avatars...
{401000001: <toontown.distributed.ToontownDistrict.ToontownDistrict instance at 0x15CF7648>}
__handleAvatarChooserDone: 100000223, 'Cyan', ('csl', 'ms', 's', 'm', (0.34, 0.82, 0.95, 1.0), (1.0, 1.0, 1.0, 1.0), (0.34, 0.82, 0.95, 1.0), (0.34, 0.82, 0.95, 1.0), 19, 27, 13, 27, 3, 4), 1
Traceback (most recent call last):
  File "C:\Panda3D-1.10.0\direct\distributed\ConnectionRepository.py", line 613, in readerPollUntilEmpty
    while self.readerPollOnce():
  File "C:\Panda3D-1.10.0\direct\distributed\ConnectionRepository.py", line 620, in readerPollOnce
    self.handleDatagram(self.private__di)
  File "otp\distributed\OTPClientRepository.py", line 1222, in handleDatagram
    self.handleMessageType(msgType, di)
  File "otp\distributed\OTPClientRepository.py", line 1156, in handleMessageType
    self.handleGenerateWithRequiredOtherOwner(di)
  File "toontown\distributed\ToontownClientRepository.py", line 754, in handleGenerateWithRequiredOtherOwner
    self.handleAvatarResponseMsg(doId, di)
  File "toontown\distributed\ToontownClientRepository.py", line 298, in handleAvatarResponseMsg
    localAvatar = LocalToon.LocalToon(self)
  File "toontown\toon\LocalToon.py", line 72, in __init__
    chatMgr = ToontownChatManager.ToontownChatManager(cr, self)
  File "toontown\chat\ToontownChatManager.py", line 41, in __init__
    self.chatInputWhiteList = TTChatInputWhiteList()
  File "toontown\chat\TTChatInputWhiteList.py", line 31, in __init__
    'failedCommand': self.sendFailed,
AttributeError: 'TTChatInputWhiteList' object has no attribute 'sendFailed'
Traceback (most recent call last):
  File "otp\otpbase\OTPBase.py", line 34, in run
    taskMgr.run()
  File "C:\Panda3D-1.10.0\direct\task\Task.py", line 508, in run
    self.step()
  File "C:\Panda3D-1.10.0\direct\task\Task.py", line 465, in step
    self.mgr.poll()
  File "C:\Panda3D-1.10.0\direct\distributed\ConnectionRepository.py", line 613, in readerPollUntilEmpty
    while self.readerPollOnce():
  File "C:\Panda3D-1.10.0\direct\distributed\ConnectionRepository.py", line 620, in readerPollOnce
    self.handleDatagram(self.private__di)
  File "otp\distributed\OTPClientRepository.py", line 1222, in handleDatagram
    self.handleMessageType(msgType, di)
  File "otp\distributed\OTPClientRepository.py", line 1156, in handleMessageType
    self.handleGenerateWithRequiredOtherOwner(di)
  File "toontown\distributed\ToontownClientRepository.py", line 754, in handleGenerateWithRequiredOtherOwner
    self.handleAvatarResponseMsg(doId, di)
  File "toontown\distributed\ToontownClientRepository.py", line 298, in handleAvatarResponseMsg
    localAvatar = LocalToon.LocalToon(self)
  File "toontown\toon\LocalToon.py", line 72, in __init__
    chatMgr = ToontownChatManager.ToontownChatManager(cr, self)
  File "toontown\chat\ToontownChatManager.py", line 41, in __init__
    self.chatInputWhiteList = TTChatInputWhiteList()
  File "toontown\chat\TTChatInputWhiteList.py", line 31, in __init__
    'failedCommand': self.sendFailed,
AttributeError: 'TTChatInputWhiteList' object has no attribute 'sendFailed'
