TTLocalizer: Running in language: English
OTPLocalizer: Running in language: English
Preloading suits...
Preloading Toon heads...
Preloading avatars...
{401000001: <toontown.distributed.ToontownDistrict.ToontownDistrict instance at 0x174AF8A0>}
__handleAvatarChooserDone: 100000070, 'Master Cool Cat', ('csl', 'ms', 'm', 'm', (0.3, 0.3, 0.35, 1.0), (0.28, 0.32, 0.72, 1.0), (0.3, 0.3, 0.35, 1.0), (0.3, 0.3, 0.35, 1.0), 111, 27, 98, 27, 41, 27), 3
entered wait for zone redirect
entered wait for set zone response - 2
Reading DNA file... phase_4/dna/storage.pdna
Reading DNA file... phase_3.5/dna/storage_interior.pdna
entered wait for zone redirect
entered wait for set zone response - 2
Reading DNA file... phase_4/dna/storage.pdna
Reading DNA file... phase_3.5/dna/storage_interior.pdna
Reading DNA file... phase_4/dna/storage_TT.pdna
Reading DNA file... phase_4/dna/storage_TT_sz.pdna
Reading DNA file... phase_4/dna/toontown_central_sz.pdna
entered wait for zone redirect
entered wait for set zone response - 2
Reading DNA file... phase_5/dna/storage_town.pdna
Reading DNA file... phase_5/dna/storage_TT_town.pdna
Reading DNA file... phase_5/dna/toontown_central_2200.pdna
entered wait for zone redirect
entered wait for set zone response - 2
Reading DNA file... phase_4/dna/storage.pdna
Reading DNA file... phase_3.5/dna/storage_interior.pdna
Reading DNA file... phase_6/dna/storage_MM.pdna
Reading DNA file... phase_6/dna/storage_MM_sz.pdna
Reading DNA file... phase_6/dna/minnies_melody_land_sz.pdna
entered wait for zone redirect
entered wait for set zone response - 2
Reading DNA file... phase_5/dna/storage_town.pdna
Reading DNA file... phase_6/dna/storage_MM_town.pdna
Reading DNA file... phase_6/dna/minnies_melody_land_4300.pdna
entered wait for zone redirect
entered wait for set zone response - 2
Reading DNA file... phase_4/dna/storage.pdna
Reading DNA file... phase_3.5/dna/storage_interior.pdna
Reading DNA file... phase_4/dna/storage_TT.pdna
Reading DNA file... phase_4/dna/storage_TT_sz.pdna
Reading DNA file... phase_4/dna/toontown_central_sz.pdna
entered wait for zone redirect
entered wait for set zone response - 2
Reading DNA file... phase_5/dna/storage_town.pdna
Reading DNA file... phase_5/dna/storage_TT_town.pdna
Reading DNA file... phase_5/dna/toontown_central_2100.pdna
../resources/phase_3/audio/sfx
../resources/phase_3.5/audio/sfx
../resources/phase_4/audio/sfx
../resources/phase_5/audio/sfx
/phase_3/audio/sfx
/phase_3.5/audio/sfx
/phase_4/audio/sfx
/phase_5/audio/sfx

../resources/phase_3/audio/sfx
../resources/phase_3.5/audio/sfx
../resources/phase_4/audio/sfx
../resources/phase_5/audio/sfx
/phase_3/audio/sfx
/phase_3.5/audio/sfx
/phase_4/audio/sfx
/phase_5/audio/sfx

entered wait for zone redirect
entered wait for set zone response - 2
Reading DNA file... phase_4/dna/storage.pdna
Reading DNA file... phase_3.5/dna/storage_interior.pdna
entered wait for zone redirect
entered wait for set zone response - 2
spec = {'parentEntId': 110000, 'pos': LPoint3f(0, 0, 0)}
h = None
### newVec3 =  LVector3f(2, 6.29999, 1.5)
### newVec3 =  LVector3f(2, 6.29999, 0)
### newVec3 =  LVector3f(2, 6.29999, 0.375)
### newVec3 =  LVector3f(2, 6.29999, 0)
chooseFireOpenShot <function avatarCloseUpThreeQuarterRightShot at 0x12F755B0>
chooseFireOpenShot <function avatarCloseUpThreeQuarterLeftFireShot at 0x12F75B70>
Warning: NodePath.remove() is deprecated.  Use remove_node() instead.
Pattern [1, 0, 5, 1, 2, 6, 6, 2, 0, 5] Place 0 Type 1
Pattern [1, 0, 5, 1, 2, 6, 6, 2, 0, 5] Place 1 Type 0
Pattern [1, 0, 5, 1, 2, 6, 6, 2, 0, 5] Place 2 Type 5
Pattern [1, 0, 5, 1, 2, 6, 6, 2, 0, 5] Place 3 Type 1
Pattern [1, 0, 5, 1, 2, 6, 6, 2, 0, 5] Place 4 Type 2
Pattern [1, 0, 5, 1, 2, 6, 6, 2, 0, 5] Place 5 Type 6
Pattern [1, 0, 5, 1, 2, 6, 6, 2, 0, 5] Place 6 Type 6
Pattern [1, 0, 5, 1, 2, 6, 6, 2, 0, 5] Place 7 Type 2
Pattern [1, 0, 5, 1, 2, 6, 6, 2, 0, 5] Place 8 Type 0
Pattern [1, 0, 5, 1, 2, 6, 6, 2, 0, 5] Place 9 Type 5
Pattern [1, 0, 5, 1, 2, 6, 6, 2, 0, 5] Place 0 Type 1
Pattern [1, 0, 5, 1, 2, 6, 6, 2, 0, 5] Place 1 Type 0
Pattern [1, 0, 5, 1, 2, 6, 6, 2, 0, 5] Place 2 Type 5
Pattern [1, 0, 5, 1, 2, 6, 6, 2, 0, 5] Place 3 Type 1
Pattern [1, 0, 5, 1, 2, 6, 6, 2, 0, 5] Place 4 Type 2
Pattern [1, 0, 5, 1, 2, 6, 6, 2, 0, 5] Place 5 Type 6
Pattern [1, 0, 5, 1, 2, 6, 6, 2, 0, 5] Place 6 Type 6
Pattern [1, 0, 5, 1, 2, 6, 6, 2, 0, 5] Place 7 Type 2
Pattern [1, 0, 5, 1, 2, 6, 6, 2, 0, 5] Place 8 Type 0
Pattern [1, 6, 0, 2, 2, 1, 6, 0] Place 0 Type 1
Pattern [1, 6, 0, 2, 2, 1, 6, 0] Place 1 Type 6
Pattern [1, 6, 0, 2, 2, 1, 6, 0] Place 2 Type 0
Pattern [1, 6, 0, 2, 2, 1, 6, 0] Place 3 Type 2
Pattern [1, 6, 0, 2, 2, 1, 6, 0] Place 4 Type 2
Pattern [0, 1, 6, 1, 5, 0, 6, 5] Place 0 Type 0
Pattern [0, 1, 6, 1, 5, 0, 6, 5] Place 1 Type 1
Pattern [0, 1, 6, 1, 5, 0, 6, 5] Place 2 Type 6
Pattern [0, 1, 6, 1, 5, 0, 6, 5] Place 3 Type 1
Pattern [0, 1, 6, 1, 5, 0, 6, 5] Place 4 Type 5
Pattern [0, 1, 6, 1, 5, 0, 6, 5] Place 5 Type 0
Pattern [0, 1, 6, 1, 5, 0, 6, 5] Place 6 Type 6
Pattern [1, 5, 6, 6, 0, 2, 1, 0, 2, 5] Place 0 Type 1
Pattern [1, 5, 6, 6, 0, 2, 1, 0, 2, 5] Place 1 Type 5
Pattern [1, 5, 6, 6, 0, 2, 1, 0, 2, 5] Place 2 Type 6
Pattern [1, 5, 6, 6, 0, 2, 1, 0, 2, 5] Place 3 Type 6
Pattern [1, 5, 6, 6, 0, 2, 1, 0, 2, 5] Place 4 Type 0
Pattern [1, 5, 6, 6, 0, 2, 1, 0, 2, 5] Place 5 Type 2
Pattern [1, 5, 6, 6, 0, 2, 1, 0, 2, 5] Place 6 Type 1
Pattern [1, 5, 6, 6, 0, 2, 1, 0, 2, 5] Place 7 Type 0
Pattern [1, 5, 6, 6, 0, 2, 1, 0, 2, 5] Place 8 Type 2
Pattern [1, 5, 6, 6, 0, 2, 1, 0, 2, 5] Place 9 Type 5
Pattern [1, 5, 6, 6, 0, 2, 1, 0, 2, 5] Place 0 Type 1
Pattern [1, 5, 6, 6, 0, 2, 1, 0, 2, 5] Place 1 Type 5
spec = {'parentEntId': 110400, 'pos': LPoint3f(0, 0, 0)}
h = None
spec = {'parentEntId': 110200, 'pos': LPoint3f(0, 0, 0)}
h = None
### newVec3 =  LVector3f(2, 6.29999, 1.5)
### newVec3 =  LVector3f(2, 6.29999, 0)
### newVec3 =  LVector3f(2, 6.29999, 0.375)
### newVec3 =  LVector3f(2, 6.29999, 0)
### newVec3 =  LVector3f(2, 6.29999, 1.5)
### newVec3 =  LVector3f(2, 6.29999, 0)
### newVec3 =  LVector3f(2, 6.29999, 0.375)
### newVec3 =  LVector3f(2, 6.29999, 0)
### newVec3 =  LVector3f(2, 6.29999, 1.5)
### newVec3 =  LVector3f(2, 6.29999, 0)
### newVec3 =  LVector3f(2, 6.29999, 0.375)
### newVec3 =  LVector3f(2, 6.29999, 0)
### newVec3 =  LVector3f(2, 6.29999, 1.5)
### newVec3 =  LVector3f(2, 6.29999, 0)
### newVec3 =  LVector3f(2, 6.29999, 0.375)
### newVec3 =  LVector3f(2, 6.29999, 0)
chooseFireOpenShot <function avatarBehindShot at 0x12F756F0>
chooseFireOpenShot <function avatarCloseUpThreeQuarterLeftFireShot at 0x12F75B70>
Warning: NodePath.remove() is deprecated.  Use remove_node() instead.
Pattern [0, 1, 6, 6, 5, 1, 2, 5, 2, 0] Place 0 Type 0
Pattern [0, 1, 6, 6, 5, 1, 2, 5, 2, 0] Place 1 Type 1
Pattern [0, 1, 6, 6, 5, 1, 2, 5, 2, 0] Place 2 Type 6
Pattern [0, 1, 6, 6, 5, 1, 2, 5, 2, 0] Place 3 Type 6
Pattern [0, 1, 6, 6, 5, 1, 2, 5, 2, 0] Place 4 Type 5
Pattern [0, 1, 6, 6, 5, 1, 2, 5, 2, 0] Place 5 Type 1
Pattern [0, 1, 6, 6, 5, 1, 2, 5, 2, 0] Place 6 Type 2
Pattern [0, 1, 6, 6, 5, 1, 2, 5, 2, 0] Place 7 Type 5
Pattern [0, 1, 6, 6, 5, 1, 2, 5, 2, 0] Place 8 Type 2
Pattern [0, 1, 6, 6, 5, 1, 2, 5, 2, 0] Place 9 Type 0
Pattern [0, 1, 6, 6, 5, 1, 2, 5, 2, 0] Place 0 Type 0
Pattern [0, 1, 6, 6, 5, 1, 2, 5, 2, 0] Place 1 Type 1
Pattern [2, 2, 6, 5, 6, 5] Place 0 Type 2
Pattern [2, 2, 6, 5, 6, 5] Place 1 Type 2
Pattern [2, 2, 6, 5, 6, 5] Place 2 Type 6
Pattern [2, 2, 6, 5, 6, 5] Place 3 Type 5
Pattern [2, 2, 6, 5, 6, 5] Place 4 Type 6
Pattern [2, 2, 6, 5, 6, 5] Place 5 Type 5
Pattern [2, 2, 6, 5, 6, 5] Place 0 Type 2
Pattern [2, 2, 6, 5, 6, 5] Place 1 Type 2
Pattern [2, 2, 6, 5, 6, 5] Place 2 Type 6
Pattern [2, 2, 6, 5, 6, 5] Place 3 Type 5
Pattern [6, 0, 2, 1, 1, 6, 0, 2] Place 0 Type 6
Pattern [6, 0, 2, 1, 1, 6, 0, 2] Place 1 Type 0
Pattern [6, 0, 2, 1, 1, 6, 0, 2] Place 2 Type 2
Pattern [6, 0, 2, 1, 1, 6, 0, 2] Place 3 Type 1
Pattern [0, 6, 0, 6, 5, 2, 2, 5, 1, 1] Place 0 Type 0
Pattern [0, 6, 0, 6, 5, 2, 2, 5, 1, 1] Place 1 Type 6
Pattern [0, 6, 0, 6, 5, 2, 2, 5, 1, 1] Place 2 Type 0
Pattern [0, 6, 0, 6, 5, 2, 2, 5, 1, 1] Place 3 Type 6
Pattern [0, 6, 0, 6, 5, 2, 2, 5, 1, 1] Place 4 Type 5
Pattern [0, 6, 0, 6, 5, 2, 2, 5, 1, 1] Place 5 Type 2
Pattern [0, 6, 0, 6, 5, 2, 2, 5, 1, 1] Place 6 Type 2
Pattern [0, 6, 0, 6, 5, 2, 2, 5, 1, 1] Place 7 Type 5
Pattern [0, 6, 0, 6, 5, 2, 2, 5, 1, 1] Place 8 Type 1
Pattern [0, 6, 0, 6, 5, 2, 2, 5, 1, 1] Place 9 Type 1
Pattern [0, 6, 0, 6, 5, 2, 2, 5, 1, 1] Place 0 Type 0
Pattern [0, 6, 0, 6, 5, 2, 2, 5, 1, 1] Place 1 Type 6
Pattern [0, 6, 0, 6, 5, 2, 2, 5, 1, 1] Place 2 Type 0
Pattern [0, 6, 0, 6, 5, 2, 2, 5, 1, 1] Place 3 Type 6
Pattern [0, 6, 0, 6, 5, 2, 2, 5, 1, 1] Place 4 Type 5
Pattern [0, 6, 0, 6, 5, 2, 2, 5, 1, 1] Place 5 Type 2
Pattern [0, 6, 0, 6, 5, 2, 2, 5, 1, 1] Place 6 Type 2
spec = {'parentEntId': 110400, 'pos': LPoint3f(0, 0, 0)}
h = None
### newVec3 =  LVector3f(-1.99994, 6.30005, 1.5)
### newVec3 =  LVector3f(-1.99994, 6.30005, 0)
### newVec3 =  LVector3f(-1.99994, 6.30005, 0.375)
### newVec3 =  LVector3f(-1.99994, 6.30005, 0)
### newVec3 =  LVector3f(-1.99994, 6.30005, 1.5)
### newVec3 =  LVector3f(-1.99994, 6.30005, 0)
### newVec3 =  LVector3f(-1.99994, 6.30005, 0.375)
### newVec3 =  LVector3f(-1.99994, 6.30005, 0)
### newVec3 =  LVector3f(-1.99994, 6.30005, 1.5)
### newVec3 =  LVector3f(-1.99994, 6.30005, 0)
### newVec3 =  LVector3f(-1.99994, 6.30005, 0.375)
### newVec3 =  LVector3f(-1.99994, 6.30005, 0)
chooseFireOpenShot <function avatarCloseUpThrowShot at 0x12F75570>
chooseFireOpenShot <function avatarCloseUpThreeQuarterLeftFireShot at 0x12F75B70>
Warning: NodePath.remove() is deprecated.  Use remove_node() instead.
chooseFireOpenShot <function allGroupLowShot at 0x12F752F0>
chooseFireOpenShot <function allGroupLowShot at 0x12F752F0>
Warning: NodePath.remove() is deprecated.  Use remove_node() instead.
chooseFireOpenShot <function suitGroupThreeQuarterLeftBehindShot at 0x12F75470>
chooseFireOpenShot <function suitGroupThreeQuarterLeftBehindShot at 0x12F75470>
Warning: NodePath.remove() is deprecated.  Use remove_node() instead.
spec = {'parentEntId': 110000, 'pos': LPoint3f(0, 0, 0)}
h = None
### newVec3 =  LVector3f(2, 6.29993, 1.5)
### newVec3 =  LVector3f(2, 6.29993, 0)
### newVec3 =  LVector3f(2, 6.29993, 0.375)
### newVec3 =  LVector3f(2, 6.29993, 0)
### newVec3 =  LVector3f(0, 6, 1.5)
### newVec3 =  LVector3f(0, 6, 0)
### newVec3 =  LVector3f(0, 6, 0.375)
### newVec3 =  LVector3f(0, 6, 0)
chooseFireOpenShot <function avatarBehindShot at 0x12F756F0>
chooseFireOpenShot <function avatarCloseUpThreeQuarterLeftFireShot at 0x12F75B70>
Warning: NodePath.remove() is deprecated.  Use remove_node() instead.
