TTLocalizer: Running in language: English
OTPLocalizer: Running in language: English
TTLocalizer: Running in language: English
OTPLocalizer: Running in language: English
Preloading suits...
Preloading suits...
Preloading Toon heads...
Preloading Toon heads...
Preloading avatars...
Preloading avatars...
{401000001: <toontown.distributed.ToontownDistrict.ToontownDistrict instance at 0x1A9497B0>}
{401000001: <toontown.distributed.ToontownDistrict.ToontownDistrict instance at 0x1D0D97B0>}
__handleAvatarChooserDone: 100000097, 'Captain Duck', ('fll', 'ss', 'm', 'm', (0.83, 0.5, 0.29, 1.0), (1.0, 1.0, 1.0, 1.0), (0.83, 0.5, 0.29, 1.0), (0.83, 0.5, 0.29, 1.0), 111, 31, 98, 31, 41, 31), 5
entered wait for zone redirect
entered wait for set zone response - 2
Reading DNA file... phase_4/dna/storage.pdna
Reading DNA file... phase_3.5/dna/storage_interior.pdna
Reading DNA file... phase_4/dna/storage_TT.pdna
Reading DNA file... phase_4/dna/storage_TT_sz.pdna
Reading DNA file... phase_4/dna/toontown_central_sz.pdna
entered wait for zone redirect
entered wait for set zone response - 2
Reading DNA file... phase_4/dna/storage.pdna
Reading DNA file... phase_3.5/dna/storage_interior.pdna
Reading DNA file... phase_8/dna/storage_BR.pdna
Reading DNA file... phase_8/dna/storage_BR_sz.pdna
Reading DNA file... phase_8/dna/the_burrrgh_sz.pdna
entered wait for zone redirect
entered wait for set zone response - 2
Reading DNA file... phase_4/dna/storage.pdna
Reading DNA file... phase_3.5/dna/storage_interior.pdna
Reading DNA file... phase_4/dna/storage_TT.pdna
Reading DNA file... phase_4/dna/storage_TT_sz.pdna
Reading DNA file... phase_4/dna/toontown_central_sz.pdna
