TTLocalizer: Running in language: English
OTPLocalizer: Running in language: English
Preloading suits...
Preloading Toon heads...
Preloading avatars...
{401000001: <toontown.distributed.ToontownDistrict.ToontownDistrict instance at 0x1E2E9760>}
__handleAvatarChooserDone: 100000044, 'Noob', ('rll', 'ss', 's', 'm', (0.28, 0.32, 0.72, 1.0), (1.0, 1.0, 1.0, 1.0), (0.28, 0.32, 0.72, 1.0), (0.28, 0.32, 0.72, 1.0), 1, 0, 1, 0, 6, 27), 1
entered wait for zone redirect
entered wait for set zone response - 2
Reading DNA file... phase_4/dna/storage.pdna
Reading DNA file... phase_3.5/dna/storage_interior.pdna
entered wait for zone redirect
entered wait for set zone response - 2
Reading DNA file... phase_4/dna/storage.pdna
Reading DNA file... phase_3.5/dna/storage_interior.pdna
entered wait for zone redirect
entered wait for set zone response - 2
entered wait for zone redirect
entered wait for set zone response - 2
chooseFireOpenShot <function suitGroupThreeQuarterLeftBehindShot at 0x18EDD5F0>
chooseFireOpenShot <function allGroupLowShot at 0x18EDD470>
Warning: NodePath.remove() is deprecated.  Use remove_node() instead.
