TTLocalizer: Running in language: English
OTPLocalizer: Running in language: English
Preloading suits...
Preloading Toon heads...
Preloading avatars...
{401000001: <toontown.distributed.ToontownDistrict.ToontownDistrict instance at 0x1A022788>}
__handleAvatarChooserDone: 100000097, 'Flippy', ('dss', 'ms', 'm', 'm', (0.34, 0.82, 0.95, 1.0), (1.0, 1.0, 1.0, 1.0), (0.34, 0.82, 0.95, 1.0), (0.34, 0.82, 0.95, 1.0), 3, 17, 3, 17, 7, 30), 5
entered wait for zone redirect
entered wait for set zone response - 2
Reading DNA file... phase_4/dna/storage.pdna
Reading DNA file... phase_3.5/dna/storage_interior.pdna
entered wait for zone redirect
entered wait for set zone response - 2
spec = {'parentEntId': 10000, 'pos': LPoint3f(0, 0, 0)}
h = None
### newVec3 =  LVector3f(-2, 6.29999, 1.5)
### newVec3 =  LVector3f(-2, 6.29999, 0)
### newVec3 =  LVector3f(-2, 6.29999, 0.375)
### newVec3 =  LVector3f(-2, 6.29999, 0)
spec = {'parentEntId': 10005, 'pos': LPoint3f(0, 0, 0)}
h = None
### newVec3 =  LVector3f(1.99988, 6.29999, 1.5)
### newVec3 =  LVector3f(1.99988, 6.29999, 0)
### newVec3 =  LVector3f(1.99988, 6.29999, 0.375)
### newVec3 =  LVector3f(1.99988, 6.29999, 0)
spec = {'parentEntId': 10000, 'pos': LPoint3f(0, 0, 0)}
h = None
### newVec3 =  LVector3f(2, 6.30002, 1.5)
### newVec3 =  LVector3f(2, 6.30002, 0)
### newVec3 =  LVector3f(2, 6.30002, 0.375)
### newVec3 =  LVector3f(2, 6.30002, 0)
spec = {'parentEntId': 10002, 'pos': LPoint3f(0, 0, 0)}
h = None
### newVec3 =  LVector3f(1.99988, 6.30008, 1.5)
### newVec3 =  LVector3f(1.99988, 6.30008, 0)
### newVec3 =  LVector3f(1.99988, 6.30008, 0.375)
### newVec3 =  LVector3f(1.99988, 6.30008, 0)
spec = {'parentEntId': 10010, 'pos': LPoint3f(0, 0, 0)}
h = None
### newVec3 =  LVector3f(-2.00006, 11.3, 1.5)
### newVec3 =  LVector3f(-2.00006, 11.3, 0)
### newVec3 =  LVector3f(-2.00006, 11.3, 0.375)
### newVec3 =  LVector3f(-2.00006, 11.3, 0)
### newVec3 =  LVector3f(-2.00006, 6.29999, 1.5)
### newVec3 =  LVector3f(-2.00006, 6.29999, 0)
### newVec3 =  LVector3f(-2.00006, 6.29999, 0.375)
### newVec3 =  LVector3f(-2.00006, 6.29999, 0)
spec = {'parentEntId': 10000, 'pos': LPoint3f(0, 0, 0)}
h = None
### newVec3 =  LVector3f(-1.99988, 6.29993, 1.5)
### newVec3 =  LVector3f(-1.99988, 6.29993, 0)
### newVec3 =  LVector3f(-1.99988, 6.29993, 0.375)
### newVec3 =  LVector3f(-1.99988, 6.29993, 0)
spec = {'parentEntId': 10000, 'pos': LPoint3f(0, 0, 0)}
h = None
../resources/phase_3/audio/sfx
../resources/phase_3.5/audio/sfx
../resources/phase_4/audio/sfx
../resources/phase_5/audio/sfx
/phase_3/audio/sfx
/phase_3.5/audio/sfx
/phase_4/audio/sfx
/phase_5/audio/sfx

entered wait for zone redirect
entered wait for set zone response - 2
../resources/phase_3/audio/sfx
../resources/phase_3.5/audio/sfx
../resources/phase_4/audio/sfx
../resources/phase_5/audio/sfx
/phase_3/audio/sfx
/phase_3.5/audio/sfx
/phase_4/audio/sfx
/phase_5/audio/sfx

{401000001: <toontown.distributed.ToontownDistrict.ToontownDistrict instance at 0x1A022788>}
__handleAvatarChooserDone: 100000097, 'Flippy', ('dss', 'ms', 'm', 'm', (0.34, 0.82, 0.95, 1.0), (1.0, 1.0, 1.0, 1.0), (0.34, 0.82, 0.95, 1.0), (0.34, 0.82, 0.95, 1.0), 3, 17, 3, 17, 7, 30), 5
entered wait for zone redirect
entered wait for set zone response - 2
Reading DNA file... phase_4/dna/storage.pdna
Reading DNA file... phase_3.5/dna/storage_interior.pdna
entered wait for zone redirect
entered wait for set zone response - 2
Reading DNA file... phase_4/dna/storage.pdna
Reading DNA file... phase_3.5/dna/storage_interior.pdna
Reading DNA file... phase_6/dna/storage_MM.pdna
Reading DNA file... phase_6/dna/storage_MM_sz.pdna
Reading DNA file... phase_6/dna/minnies_melody_land_sz.pdna
entered wait for zone redirect
entered wait for set zone response - 2
entered wait for zone redirect
entered wait for set zone response - 2
Reading DNA file... phase_4/dna/storage.pdna
Reading DNA file... phase_3.5/dna/storage_interior.pdna
entered wait for zone redirect
entered wait for set zone response - 2
entered wait for zone redirect
entered wait for set zone response - 2
### newVec3 =  LVector3f(2, 11.3, 1.5)
### newVec3 =  LVector3f(2, 11.3, 0)
### newVec3 =  LVector3f(2, 11.3, 0.375)
### newVec3 =  LVector3f(2, 11.3, 0)
### newVec3 =  LVector3f(2, 11.3, 1.5)
### newVec3 =  LVector3f(2, 11.3, 0)
### newVec3 =  LVector3f(2, 11.3, 0.375)
### newVec3 =  LVector3f(2, 11.3, 0)
### newVec3 =  LVector3f(2, 11.3, 1.5)
### newVec3 =  LVector3f(2, 11.3, 0)
### newVec3 =  LVector3f(2, 11.3, 0.375)
### newVec3 =  LVector3f(2, 11.3, 0)
### newVec3 =  LVector3f(2, 6.3, 1.5)
### newVec3 =  LVector3f(2, 6.3, 0)
### newVec3 =  LVector3f(2, 6.3, 0.375)
### newVec3 =  LVector3f(2, 6.3, 0)
../resources/phase_3/audio/sfx
../resources/phase_3.5/audio/sfx
../resources/phase_4/audio/sfx
../resources/phase_5/audio/sfx
/phase_3/audio/sfx
/phase_3.5/audio/sfx
/phase_4/audio/sfx
/phase_5/audio/sfx

../resources/phase_3/audio/sfx
../resources/phase_3.5/audio/sfx
../resources/phase_4/audio/sfx
../resources/phase_5/audio/sfx
/phase_3/audio/sfx
/phase_3.5/audio/sfx
/phase_4/audio/sfx
/phase_5/audio/sfx

### newVec3 =  LVector3f(2, 5.3, 1.5)
### newVec3 =  LVector3f(2, 5.3, 0)
### newVec3 =  LVector3f(2, 5.3, 0.375)
### newVec3 =  LVector3f(2, 5.3, 0)
### newVec3 =  LVector3f(2, 10.3, 1.5)
### newVec3 =  LVector3f(2, 10.3, 0)
### newVec3 =  LVector3f(2, 10.3, 0.375)
### newVec3 =  LVector3f(2, 10.3, 0)
### newVec3 =  LVector3f(2, 5.3, 1.5)
### newVec3 =  LVector3f(2, 5.3, 0)
### newVec3 =  LVector3f(2, 5.3, 0.375)
### newVec3 =  LVector3f(2, 5.3, 0)
### newVec3 =  LVector3f(2, 11.3, 1.5)
### newVec3 =  LVector3f(2, 11.3, 0)
### newVec3 =  LVector3f(2, 11.3, 0.375)
### newVec3 =  LVector3f(2, 11.3, 0)
### newVec3 =  LVector3f(2, 11.3, 1.5)
### newVec3 =  LVector3f(2, 11.3, 0)
### newVec3 =  LVector3f(2, 11.3, 0.375)
### newVec3 =  LVector3f(2, 11.3, 0)
### newVec3 =  LVector3f(2, 11.3, 1.5)
### newVec3 =  LVector3f(2, 11.3, 0)
### newVec3 =  LVector3f(2, 11.3, 0.375)
### newVec3 =  LVector3f(2, 11.3, 0)
### newVec3 =  LVector3f(2, 6.3, 1.5)
### newVec3 =  LVector3f(2, 6.3, 0)
### newVec3 =  LVector3f(2, 6.3, 0.375)
### newVec3 =  LVector3f(2, 6.3, 0)
### newVec3 =  LVector3f(2, 11.3, 1.5)
### newVec3 =  LVector3f(2, 11.3, 0)
### newVec3 =  LVector3f(2, 11.3, 0.375)
### newVec3 =  LVector3f(2, 11.3, 0)
### newVec3 =  LVector3f(2, 11.3, 1.5)
### newVec3 =  LVector3f(2, 11.3, 0)
### newVec3 =  LVector3f(2, 11.3, 0.375)
### newVec3 =  LVector3f(2, 11.3, 0)
### newVec3 =  LVector3f(2, 11.3, 1.5)
### newVec3 =  LVector3f(2, 11.3, 0)
### newVec3 =  LVector3f(2, 11.3, 0.375)
### newVec3 =  LVector3f(2, 11.3, 0)
### newVec3 =  LVector3f(2, 11.3, 1.5)
### newVec3 =  LVector3f(2, 11.3, 0)
### newVec3 =  LVector3f(2, 11.3, 0.375)
### newVec3 =  LVector3f(2, 11.3, 0)
### newVec3 =  LVector3f(2, 11.3, 1.5)
### newVec3 =  LVector3f(2, 11.3, 0)
### newVec3 =  LVector3f(2, 11.3, 0.375)
### newVec3 =  LVector3f(2, 11.3, 0)
### newVec3 =  LVector3f(2, 6.3, 1.5)
### newVec3 =  LVector3f(2, 6.3, 0)
### newVec3 =  LVector3f(2, 6.3, 0.375)
### newVec3 =  LVector3f(2, 6.3, 0)
### newVec3 =  LVector3f(2, 6.3, 1.5)
### newVec3 =  LVector3f(2, 6.3, 0)
### newVec3 =  LVector3f(2, 6.3, 0.375)
### newVec3 =  LVector3f(2, 6.3, 0)
### newVec3 =  LVector3f(2, 6.3, 1.5)
### newVec3 =  LVector3f(2, 6.3, 0)
### newVec3 =  LVector3f(2, 6.3, 0.375)
### newVec3 =  LVector3f(2, 6.3, 0)
### newVec3 =  LVector3f(2, 11.3, 1.5)
### newVec3 =  LVector3f(2, 11.3, 0)
### newVec3 =  LVector3f(2, 11.3, 0.375)
### newVec3 =  LVector3f(2, 11.3, 0)
../resources/phase_3/audio/sfx
../resources/phase_3.5/audio/sfx
../resources/phase_4/audio/sfx
../resources/phase_5/audio/sfx
/phase_3/audio/sfx
/phase_3.5/audio/sfx
/phase_4/audio/sfx
/phase_5/audio/sfx

