TTLocalizer: Running in language: English
OTPLocalizer: Running in language: English
Preloading suits...
Preloading Toon heads...
Preloading avatars...
{401000001: <toontown.distributed.ToontownDistrict.ToontownDistrict instance at 0x1A9E3788>}
__handleAvatarChooserDone: 100000097, 'Flippy', ('dss', 'ms', 'm', 'm', (0.34, 0.82, 0.95, 1.0), (1.0, 1.0, 1.0, 1.0), (0.34, 0.82, 0.95, 1.0), (0.34, 0.82, 0.95, 1.0), 3, 17, 3, 17, 7, 30), 5
entered wait for zone redirect
entered wait for set zone response - 2
Reading DNA file... phase_4/dna/storage.pdna
Reading DNA file... phase_3.5/dna/storage_interior.pdna
Reading DNA file... phase_8/dna/storage_DG.pdna
Reading DNA file... phase_8/dna/storage_DG_sz.pdna
Reading DNA file... phase_8/dna/daisys_garden_sz.pdna
entered wait for zone redirect
entered wait for set zone response - 2
Reading DNA file... phase_5/dna/storage_town.pdna
Reading DNA file... phase_8/dna/storage_DG_town.pdna
Reading DNA file... phase_8/dna/daisys_garden_5100.pdna
entered wait for zone redirect
entered wait for set zone response - 2
Exception occurred while processing Func-__handleBuildingRewardDone-2079 of movie-reward-track-with-cam-401004382:
movie-reward-track-with-cam-401004382:
  0.000 movie-reward-track-with-cam-401004382 {
  0.000   movie-reward-track-401004382 {
  0.000     Sequence-1415 {
  0.000       Parallel-1426 {
  0.000         Sequence-1417 {
  0.000           *Func-show-1531
  0.000           *Func-setOnscreenChatForced-1532
  0.000           *Func-_setupSkipListen-1533
  0.000           *Func-_teardownSkipListen-1824
  0.000           *Func-_setupSkipListen-1825
  0.000           Sequence-1420 {
  0.000             *Func-initGagFrame-1534
  0.000             Wait dur 1
  1.000             *Func-showTrackIncLabel-1535
  1.000             *Func-resetBarColor-1536
  1.000             Wait dur 0.1
  1.100             *Func-showTrackIncLabel-1537
  1.100             *Func-resetBarColor-1538
  1.100             Wait dur 0.1
  1.200             *Func-showTrackIncLabel-1539
  1.200             *Func-resetBarColor-1540
  1.200             Wait dur 0.1
  1.300             *Func-showTrackIncLabel-1541
  1.300             *Func-incrementExp-1542
  1.300             Wait dur 0.1
  1.400             *Func-incrementExp-1543
  1.400             Wait dur 0.1
  1.500             *Func-incrementExp-1544
  1.500             Wait dur 0.1
  1.600             *Func-incrementExp-1545
  1.600             Wait dur 0.1
  1.700             *Func-incrementExp-1546
  1.700             Wait dur 0.1
  1.800             *Func-incrementExp-1547
  1.800             Wait dur 0.1
  1.900             *Func-incrementExp-1548
  1.900             Wait dur 0.1
  2.000             *Func-incrementExp-1549
  2.000             Wait dur 0.1
  2.100             *Func-incrementExp-1550
  2.100             Wait dur 0.1
  2.200             *Func-incrementExp-1551
  2.200             Wait dur 0.1
  2.300             *Func-incrementExp-1552
  2.300             Wait dur 0.1
  2.400             *Func-incrementExp-1553
  2.400             Wait dur 0.1
  2.500             *Func-incrementExp-1554
  2.500             Wait dur 0.1
  2.600             *Func-incrementExp-1555
  2.600             Wait dur 0.1
  2.700             *Func-incrementExp-1556
  2.700             Wait dur 0.1
  2.800             *Func-incrementExp-1557
  2.800             Wait dur 0.1
  2.900             *Func-incrementExp-1558
  2.900             Wait dur 0.1
  3.000             *Func-incrementExp-1559
  3.000             Wait dur 0.1
  3.100             *Func-incrementExp-1560
  3.100             Wait dur 0.1
  3.200             *Func-incrementExp-1561
  3.200             Wait dur 0.1
  3.300             *Func-incrementExp-1562
  3.300             Wait dur 0.1
  3.400             *Func-incrementExp-1563
  3.400             Wait dur 0.1
  3.500             *Func-incrementExp-1564
  3.500             Wait dur 0.1
  3.600             *Func-incrementExp-1565
  3.600             Wait dur 0.1
  3.700             *Func-incrementExp-1566
  3.700             Wait dur 0.1
  3.800             *Func-incrementExp-1567
  3.800             Wait dur 0.1
  3.900             *Func-incrementExp-1568
  3.900             Wait dur 0.1
  4.000             *Func-incrementExp-1569
  4.000             Wait dur 0.1
  4.100             *Func-incrementExp-1570
  4.100             Wait dur 0.1
  4.200             *Func-incrementExp-1571
  4.200             Wait dur 0.1
  4.300             *Func-incrementExp-1572
  4.300             Wait dur 0.1
  4.400             *Func-incrementExp-1573
  4.400             Wait dur 0.1
  4.500             *Func-incrementExp-1574
  4.500             Wait dur 0.1
  4.600             *Func-incrementExp-1575
  4.600             Wait dur 0.1
  4.700             *Func-incrementExp-1576
  4.700             Wait dur 0.1
  4.800             *Func-incrementExp-1577
  4.800             Wait dur 0.1
  4.900             *Func-incrementExp-1578
  4.900             Wait dur 0.1
  5.000             *Func-incrementExp-1579
  5.000             Wait dur 0.1
  5.100             *Func-incrementExp-1580
  5.100             Wait dur 0.1
  5.200             *Func-resetBarColor-1581
  5.200             Wait dur 0.1
  5.300             *Func-uberGagInterval-1582
  5.300             Wait dur 1
  6.300             *Func-setProp-1583
  6.300             Wait dur 1
  7.300             *Func-setProp-1584
  7.300             Wait dur 1.5
  8.800             *Func-cleanupNewGag-1585
  8.800             Wait dur 0.3
  9.100             *Func-showTrackIncLabel-1586
  9.100             *Func-incrementExp-1587
  9.100             Wait dur 0.05
  9.150             *Func-incrementExp-1588
  9.150             Wait dur 0.05
  9.200             *Func-incrementExp-1589
  9.200             Wait dur 0.05
  9.250             *Func-incrementExp-1590
  9.250             Wait dur 0.05
  9.300             *Func-incrementExp-1591
  9.300             Wait dur 0.05
  9.350             *Func-incrementExp-1592
  9.350             Wait dur 0.05
  9.400             *Func-incrementExp-1593
  9.400             Wait dur 0.05
  9.450             *Func-incrementExp-1594
  9.450             Wait dur 0.05
  9.500             *Func-incrementExp-1595
  9.500             Wait dur 0.05
  9.550             *Func-incrementExp-1596
  9.550             Wait dur 0.05
  9.600             *Func-incrementExp-1597
  9.600             Wait dur 0.05
  9.650             *Func-incrementExp-1598
  9.650             Wait dur 0.05
  9.700             *Func-incrementExp-1599
  9.700             Wait dur 0.05
  9.750             *Func-incrementExp-1600
  9.750             Wait dur 0.05
  9.800             *Func-incrementExp-1601
  9.800             Wait dur 0.05
  9.850             *Func-incrementExp-1602
  9.850             Wait dur 0.05
  9.900             *Func-incrementExp-1603
  9.900             Wait dur 0.05
  9.950             *Func-incrementExp-1604
  9.950             Wait dur 0.05
 10.000             *Func-incrementExp-1605
 10.000             Wait dur 0.05
 10.050             *Func-incrementExp-1606
 10.050             Wait dur 0.05
 10.100             *Func-incrementExp-1607
 10.100             Wait dur 0.05
 10.150             *Func-incrementExp-1608
 10.150             Wait dur 0.05
 10.200             *Func-incrementExp-1609
 10.200             Wait dur 0.05
 10.250             *Func-incrementExp-1610
 10.250             Wait dur 0.05
 10.300             *Func-incrementExp-1611
 10.300             Wait dur 0.05
 10.350             *Func-incrementExp-1612
 10.350             Wait dur 0.05
 10.400             *Func-incrementExp-1613
 10.400             Wait dur 0.05
 10.450             *Func-incrementExp-1614
 10.450             Wait dur 0.05
 10.500             *Func-incrementExp-1615
 10.500             Wait dur 0.05
 10.550             *Func-incrementExp-1616
 10.550             Wait dur 0.05
 10.600             *Func-incrementExp-1617
 10.600             Wait dur 0.05
 10.650             *Func-incrementExp-1618
 10.650             Wait dur 0.05
 10.700             *Func-incrementExp-1619
 10.700             Wait dur 0.05
 10.750             *Func-incrementExp-1620
 10.750             Wait dur 0.05
 10.800             *Func-incrementExp-1621
 10.800             Wait dur 0.05
 10.850             *Func-incrementExp-1622
 10.850             Wait dur 0.05
 10.900             *Func-incrementExp-1623
 10.900             Wait dur 0.05
 10.950             *Func-incrementExp-1624
 10.950             Wait dur 0.05
 11.000             *Func-incrementExp-1625
 11.000             Wait dur 0.05
 11.050             *Func-incrementExp-1626
 11.050             Wait dur 0.05
 11.100             *Func-incrementExp-1627
 11.100             Wait dur 0.05
 11.150             *Func-incrementExp-1628
 11.150             Wait dur 0.05
 11.200             *Func-incrementExp-1629
 11.200             Wait dur 0.05
 11.250             *Func-incrementExp-1630
 11.250             Wait dur 0.05
 11.300             *Func-incrementExp-1631
 11.300             Wait dur 0.05
 11.350             *Func-incrementExp-1632
 11.350             Wait dur 0.05
 11.400             *Func-incrementExp-1633
 11.400             Wait dur 0.05
 11.450             *Func-incrementExp-1634
 11.450             Wait dur 0.05
 11.500             *Func-incrementExp-1635
 11.500             Wait dur 0.05
 11.550             *Func-incrementExp-1636
 11.550             Wait dur 0.05
 11.600             *Func-incrementExp-1637
 11.600             Wait dur 0.05
 11.650             *Func-incrementExp-1638
 11.650             Wait dur 0.05
 11.700             *Func-incrementExp-1639
 11.700             Wait dur 0.05
 11.750             *Func-incrementExp-1640
 11.750             Wait dur 0.05
 11.800             *Func-incrementExp-1641
 11.800             Wait dur 0.05
 11.850             *Func-incrementExp-1642
 11.850             Wait dur 0.05
 11.900             *Func-incrementExp-1643
 11.900             Wait dur 0.05
 11.950             *Func-incrementExp-1644
 11.950             Wait dur 0.05
 12.000             *Func-incrementExp-1645
 12.000             Wait dur 0.05
 12.050             *Func-incrementExp-1646
 12.050             Wait dur 0.05
 12.100             *Func-incrementExp-1647
 12.100             Wait dur 0.05
 12.150             *Func-incrementExp-1648
 12.150             Wait dur 0.05
 12.200             *Func-incrementExp-1649
 12.200             Wait dur 0.05
 12.250             *Func-incrementExp-1650
 12.250             Wait dur 0.05
 12.300             *Func-incrementExp-1651
 12.300             Wait dur 0.05
 12.350             *Func-incrementExp-1652
 12.350             Wait dur 0.05
 12.400             *Func-incrementExp-1653
 12.400             Wait dur 0.05
 12.450             *Func-incrementExp-1654
 12.450             Wait dur 0.05
 12.500             *Func-incrementExp-1655
 12.500             Wait dur 0.05
 12.550             *Func-incrementExp-1656
 12.550             Wait dur 0.05
 12.600             *Func-incrementExp-1657
 12.600             Wait dur 0.05
 12.650             *Func-incrementExp-1658
 12.650             Wait dur 0.05
 12.700             *Func-incrementExp-1659
 12.700             Wait dur 0.05
 12.750             *Func-incrementExp-1660
 12.750             Wait dur 0.05
 12.800             *Func-incrementExp-1661
 12.800             Wait dur 0.05
 12.850             *Func-incrementExp-1662
 12.850             Wait dur 0.05
 12.900             *Func-incrementExp-1663
 12.900             Wait dur 0.05
 12.950             *Func-incrementExp-1664
 12.950             Wait dur 0.05
 13.000             *Func-incrementExp-1665
 13.000             Wait dur 0.05
 13.050             *Func-incrementExp-1666
 13.050             Wait dur 0.05
 13.100             *Func-incrementExp-1667
 13.100             Wait dur 0.05
 13.150             *Func-incrementExp-1668
 13.150             Wait dur 0.05
 13.200             *Func-incrementExp-1669
 13.200             Wait dur 0.05
 13.250             *Func-incrementExp-1670
 13.250             Wait dur 0.05
 13.300             Wait dur 0.3
 13.600             *Func-showTrackIncLabel-1671
 13.600             *Func-incrementExp-1672
 13.600             Wait dur 0.1
 13.700             *Func-incrementExp-1673
 13.700             Wait dur 0.1
 13.800             *Func-incrementExp-1674
 13.800             Wait dur 0.1
 13.900             *Func-incrementExp-1675
 13.900             Wait dur 0.1
 14.000             *Func-incrementExp-1676
 14.000             Wait dur 0.1
 14.100             *Func-incrementExp-1677
 14.100             Wait dur 0.1
 14.200             *Func-incrementExp-1678
 14.200             Wait dur 0.1
 14.300             *Func-incrementExp-1679
 14.300             Wait dur 0.1
 14.400             *Func-incrementExp-1680
 14.400             Wait dur 0.1
 14.500             *Func-incrementExp-1681
 14.500             Wait dur 0.1
 14.600             *Func-incrementExp-1682
 14.600             Wait dur 0.1
 14.700             *Func-incrementExp-1683
 14.700             Wait dur 0.1
 14.800             *Func-incrementExp-1684
 14.800             Wait dur 0.1
 14.900             *Func-incrementExp-1685
 14.900             Wait dur 0.1
 15.000             *Func-incrementExp-1686
 15.000             Wait dur 0.1
 15.100             *Func-incrementExp-1687
 15.100             Wait dur 0.1
 15.200             *Func-incrementExp-1688
 15.200             Wait dur 0.1
 15.300             *Func-incrementExp-1689
 15.300             Wait dur 0.1
 15.400             *Func-incrementExp-1690
 15.400             Wait dur 0.1
 15.500             *Func-incrementExp-1691
 15.500             Wait dur 0.1
 15.600             *Func-incrementExp-1692
 15.600             Wait dur 0.1
 15.700             *Func-incrementExp-1693
 15.700             Wait dur 0.1
 15.800             *Func-incrementExp-1694
 15.800             Wait dur 0.1
 15.900             *Func-incrementExp-1695
 15.900             Wait dur 0.1
 16.000             *Func-incrementExp-1696
 16.000             Wait dur 0.1
 16.100             *Func-incrementExp-1697
 16.100             Wait dur 0.1
 16.200             *Func-incrementExp-1698
 16.200             Wait dur 0.1
 16.300             *Func-incrementExp-1699
 16.300             Wait dur 0.1
 16.400             *Func-incrementExp-1700
 16.400             Wait dur 0.1
 16.500             *Func-incrementExp-1701
 16.500             Wait dur 0.1
 16.600             *Func-incrementExp-1702
 16.600             Wait dur 0.1
 16.700             *Func-incrementExp-1703
 16.700             Wait dur 0.1
 16.800             *Func-incrementExp-1704
 16.800             Wait dur 0.1
 16.900             *Func-incrementExp-1705
 16.900             Wait dur 0.1
 17.000             *Func-incrementExp-1706
 17.000             Wait dur 0.1
 17.100             *Func-incrementExp-1707
 17.100             Wait dur 0.1
 17.200             *Func-incrementExp-1708
 17.200             Wait dur 0.1
 17.300             *Func-incrementExp-1709
 17.300             Wait dur 0.1
 17.400             *Func-incrementExp-1710
 17.400             Wait dur 0.1
 17.500             *Func-incrementExp-1711
 17.500             Wait dur 0.1
 17.600             *Func-incrementExp-1712
 17.600             Wait dur 0.1
 17.700             *Func-incrementExp-1713
 17.700             Wait dur 0.1
 17.800             *Func-incrementExp-1714
 17.800             Wait dur 0.1
 17.900             *Func-incrementExp-1715
 17.900             Wait dur 0.1
 18.000             *Func-incrementExp-1716
 18.000             Wait dur 0.1
 18.100             *Func-incrementExp-1717
 18.100             Wait dur 0.1
 18.200             *Func-incrementExp-1718
 18.200             Wait dur 0.1
 18.300             *Func-incrementExp-1719
 18.300             Wait dur 0.1
 18.400             *Func-resetBarColor-1720
 18.400             Wait dur 0.1
 18.500             *Func-showTrackIncLabel-1721
 18.500             *Func-resetBarColor-1722
 18.500             Wait dur 0.1
 18.600             *Func-showTrackIncLabel-1723
 18.600             *Func-incrementExp-1724
 18.600             Wait dur 0.1
 18.700             *Func-incrementExp-1725
 18.700             Wait dur 0.1
 18.800             *Func-incrementExp-1726
 18.800             Wait dur 0.1
 18.900             *Func-incrementExp-1727
 18.900             Wait dur 0.1
 19.000             *Func-incrementExp-1728
 19.000             Wait dur 0.1
 19.100             *Func-incrementExp-1729
 19.100             Wait dur 0.1
 19.200             *Func-incrementExp-1730
 19.200             Wait dur 0.1
 19.300             *Func-incrementExp-1731
 19.300             Wait dur 0.1
 19.400             *Func-incrementExp-1732
 19.400             Wait dur 0.1
 19.500             *Func-incrementExp-1733
 19.500             Wait dur 0.1
 19.600             *Func-incrementExp-1734
 19.600             Wait dur 0.1
 19.700             *Func-incrementExp-1735
 19.700             Wait dur 0.1
 19.800             *Func-incrementExp-1736
 19.800             Wait dur 0.1
 19.900             *Func-incrementExp-1737
 19.900             Wait dur 0.1
 20.000             *Func-incrementExp-1738
 20.000             Wait dur 0.1
 20.100             *Func-incrementExp-1739
 20.100             Wait dur 0.1
 20.200             *Func-incrementExp-1740
 20.200             Wait dur 0.1
 20.300             *Func-incrementExp-1741
 20.300             Wait dur 0.1
 20.400             *Func-incrementExp-1742
 20.400             Wait dur 0.1
 20.500             *Func-incrementExp-1743
 20.500             Wait dur 0.1
 20.600             *Func-incrementExp-1744
 20.600             Wait dur 0.1
 20.700             *Func-incrementExp-1745
 20.700             Wait dur 0.1
 20.800             *Func-incrementExp-1746
 20.800             Wait dur 0.1
 20.900             *Func-incrementExp-1747
 20.900             Wait dur 0.1
 21.000             *Func-incrementExp-1748
 21.000             Wait dur 0.1
 21.100             *Func-incrementExp-1749
 21.100             Wait dur 0.1
 21.200             *Func-incrementExp-1750
 21.200             Wait dur 0.1
 21.300             *Func-incrementExp-1751
 21.300             Wait dur 0.1
 21.400             *Func-incrementExp-1752
 21.400             Wait dur 0.1
 21.500             *Func-incrementExp-1753
 21.500             Wait dur 0.1
 21.600             *Func-incrementExp-1754
 21.600             Wait dur 0.1
 21.700             *Func-incrementExp-1755
 21.700             Wait dur 0.1
 21.800             *Func-incrementExp-1756
 21.800             Wait dur 0.1
 21.900             *Func-incrementExp-1757
 21.900             Wait dur 0.1
 22.000             *Func-incrementExp-1758
 22.000             Wait dur 0.1
 22.100             *Func-incrementExp-1759
 22.100             Wait dur 0.1
 22.200             *Func-resetBarColor-1760
 22.200             Wait dur 0.1
 22.300             *Func-incrementMerits-1761
 22.300             Wait dur 0.08
 22.380             *Func-incrementMerits-1762
 22.380             Wait dur 0.08
 22.460             *Func-incrementMerits-1763
 22.460             Wait dur 0.08
 22.540             *Func-incrementMerits-1764
 22.540             Wait dur 0.08
 22.620             *Func-incrementMerits-1765
 22.620             Wait dur 0.08
 22.700             *Func-incrementMerits-1766
 22.700             Wait dur 0.08
 22.780             *Func-incrementMerits-1767
 22.780             Wait dur 0.08
 22.860             *Func-incrementMerits-1768
 22.860             Wait dur 0.08
 22.940             *Func-incrementMerits-1769
 22.940             Wait dur 0.08
 23.020             *Func-incrementMerits-1770
 23.020             Wait dur 0.08
 23.100             *Func-incrementMerits-1771
 23.100             Wait dur 0.08
 23.180             *Func-incrementMerits-1772
 23.180             Wait dur 0.08
 23.260             *Func-incrementMerits-1773
 23.260             Wait dur 0.08
 23.340             *Func-incrementMerits-1774
 23.340             Wait dur 0.08
 23.420             *Func-incrementMerits-1775
 23.420             Wait dur 0.08
 23.500             *Func-incrementMerits-1776
 23.500             Wait dur 0.08
 23.580             *Func-incrementMerits-1777
 23.580             Wait dur 0.08
 23.660             *Func-incrementMerits-1778
 23.660             Wait dur 0.08
 23.740             *Func-incrementMerits-1779
 23.740             Wait dur 0.08
 23.820             *Func-incrementMerits-1780
 23.820             Wait dur 0.08
 23.900             *Func-incrementMerits-1781
 23.900             Wait dur 0.08
 23.980             *Func-incrementMerits-1782
 23.980             Wait dur 0.08
 24.060             *Func-incrementMerits-1783
 24.060             Wait dur 0.08
 24.140             *Func-incrementMerits-1784
 24.140             Wait dur 0.08
 24.220             *Func-incrementMerits-1785
 24.220             Wait dur 0.08
 24.300             *Func-incrementMerits-1786
 24.300             Wait dur 0.08
 24.380             *Func-incrementMerits-1787
 24.380             Wait dur 0.08
 24.460             *Func-incrementMerits-1788
 24.460             Wait dur 0.08
 24.540             *Func-incrementMerits-1789
 24.540             Wait dur 0.08
 24.620             *Func-incrementMerits-1790
 24.620             Wait dur 0.08
 24.700             *Func-incrementMerits-1791
 24.700             Wait dur 0.08
 24.780             *Func-incrementMerits-1792
 24.780             Wait dur 0.08
 24.860             *Func-incrementMerits-1793
 24.860             Wait dur 0.08
 24.940             *Func-incrementMerits-1794
 24.940             Wait dur 0.08
 25.020             *Func-incrementMerits-1795
 25.020             Wait dur 0.08
 25.100             *Func-incrementMerits-1796
 25.100             Wait dur 0.08
 25.180             *Func-incrementMerits-1797
 25.180             Wait dur 0.08
 25.260             *Func-incrementMerits-1798
 25.260             Wait dur 0.08
 25.340             *Func-incrementMerits-1799
 25.340             Wait dur 0.08
 25.420             *Func-incrementMerits-1800
 25.420             Wait dur 0.08
 25.500             *Func-incrementMerits-1801
 25.500             Wait dur 0.08
 25.580             *Func-incrementMerits-1802
 25.580             Wait dur 0.08
 25.660             *Func-incrementMerits-1803
 25.660             Wait dur 0.08
 25.740             *Func-incrementMerits-1804
 25.740             Wait dur 0.08
 25.820             *Func-incrementMerits-1805
 25.820             Wait dur 0.08
 25.900             *Func-incrementMerits-1806
 25.900             Wait dur 0.08
 25.980             *Func-incrementMerits-1807
 25.980             Wait dur 0.08
 26.060             *Func-incrementMerits-1808
 26.060             Wait dur 0.08
 26.140             *Func-incrementMerits-1809
 26.140             Wait dur 0.08
 26.220             *Func-incrementMerits-1810
 26.220             Wait dur 0.08
 26.300             *Func-incrementMerits-1811
 26.300             Wait dur 0.08
 26.380             *Func-incrementMerits-1812
 26.380             Wait dur 0.08
 26.460             *Func-incrementMerits-1813
 26.460             Wait dur 0.08
 26.540             *Func-incrementMerits-1814
 26.540             Wait dur 0.08
 26.620             *Func-incrementMerits-1815
 26.620             Wait dur 0.08
 26.700             *Func-incrementMerits-1816
 26.700             Wait dur 0.08
 26.780             *Func-incrementMerits-1817
 26.780             Wait dur 0.08
 26.860             *Func-incrementMerits-1818
 26.860             Wait dur 0.08
 26.940             *Func-incrementMerits-1819
 26.940             Wait dur 0.08
 27.020             *Func-incrementMerits-1820
 27.020             Wait dur 0.08
 27.100             *Func-incrementMerits-1821
 27.100             Wait dur 0.08
 27.180             *Func-incrementMerits-1822
 27.180             Wait dur 0.08
 27.260             *Func-resetMeritBarColor-1823
 27.260             Wait dur 0.3
 27.560             Wait dur 1
 28.560             Wait dur 0.25
 28.810           }
 28.810           *Func-_teardownSkipListen-2071
 28.810           *Func-_setupSkipListen-2072
 28.810           Sequence-1423 {
 28.810             *Func-initGagFrame-1828
 28.810             Wait dur 1
 29.810             *Func-showTrackIncLabel-1829
 29.810             *Func-incrementExp-1830
 29.810             Wait dur 0.1
 29.910             *Func-incrementExp-1831
 29.910             Wait dur 0.1
 30.010             *Func-incrementExp-1832
 30.010             Wait dur 0.1
 30.110             *Func-incrementExp-1833
 30.110             Wait dur 0.1
 30.210             *Func-incrementExp-1834
 30.210             Wait dur 0.1
 30.310             *Func-incrementExp-1835
 30.310             Wait dur 0.1
 30.410             *Func-incrementExp-1836
 30.410             Wait dur 0.1
 30.510             *Func-incrementExp-1837
 30.510             Wait dur 0.1
 30.610             *Func-incrementExp-1838
 30.610             Wait dur 0.1
 30.710             *Func-incrementExp-1839
 30.710             Wait dur 0.1
 30.810             *Func-incrementExp-1840
 30.810             Wait dur 0.1
 30.910             *Func-incrementExp-1841
 30.910             Wait dur 0.1
 31.010             *Func-incrementExp-1842
 31.010             Wait dur 0.1
 31.110             *Func-incrementExp-1843
 31.110             Wait dur 0.1
 31.210             *Func-incrementExp-1844
 31.210             Wait dur 0.1
 31.310             *Func-incrementExp-1845
 31.310             Wait dur 0.1
 31.410             *Func-incrementExp-1846
 31.410             Wait dur 0.1
 31.510             *Func-incrementExp-1847
 31.510             Wait dur 0.1
 31.610             *Func-incrementExp-1848
 31.610             Wait dur 0.1
 31.710             *Func-incrementExp-1849
 31.710             Wait dur 0.1
 31.810             *Func-incrementExp-1850
 31.810             Wait dur 0.1
 31.910             *Func-incrementExp-1851
 31.910             Wait dur 0.1
 32.010             *Func-incrementExp-1852
 32.010             Wait dur 0.1
 32.110             *Func-incrementExp-1853
 32.110             Wait dur 0.1
 32.210             *Func-incrementExp-1854
 32.210             Wait dur 0.1
 32.310             *Func-incrementExp-1855
 32.310             Wait dur 0.1
 32.410             *Func-incrementExp-1856
 32.410             Wait dur 0.1
 32.510             *Func-incrementExp-1857
 32.510             Wait dur 0.1
 32.610             *Func-incrementExp-1858
 32.610             Wait dur 0.1
 32.710             *Func-incrementExp-1859
 32.710             Wait dur 0.1
 32.810             *Func-incrementExp-1860
 32.810             Wait dur 0.1
 32.910             *Func-incrementExp-1861
 32.910             Wait dur 0.1
 33.010             *Func-incrementExp-1862
 33.010             Wait dur 0.1
 33.110             *Func-incrementExp-1863
 33.110             Wait dur 0.1
 33.210             *Func-incrementExp-1864
 33.210             Wait dur 0.1
 33.310             *Func-incrementExp-1865
 33.310             Wait dur 0.1
 33.410             *Func-incrementExp-1866
 33.410             Wait dur 0.1
 33.510             *Func-incrementExp-1867
 33.510             Wait dur 0.1
 33.610             *Func-resetBarColor-1868
 33.610             Wait dur 0.1
 33.710             *Func-showTrackIncLabel-1869
 33.710             *Func-incrementExp-1870
 33.710             Wait dur 0.1
 33.810             *Func-incrementExp-1871
 33.810             Wait dur 0.1
 33.910             *Func-incrementExp-1872
 33.910             Wait dur 0.1
 34.010             *Func-incrementExp-1873
 34.010             Wait dur 0.1
 34.110             *Func-incrementExp-1874
 34.110             Wait dur 0.1
 34.210             *Func-incrementExp-1875
 34.210             Wait dur 0.1
 34.310             *Func-incrementExp-1876
 34.310             Wait dur 0.1
 34.410             *Func-incrementExp-1877
 34.410             Wait dur 0.1
 34.510             *Func-incrementExp-1878
 34.510             Wait dur 0.1
 34.610             *Func-incrementExp-1879
 34.610             Wait dur 0.1
 34.710             *Func-incrementExp-1880
 34.710             Wait dur 0.1
 34.810             *Func-incrementExp-1881
 34.810             Wait dur 0.1
 34.910             *Func-incrementExp-1882
 34.910             Wait dur 0.1
 35.010             *Func-incrementExp-1883
 35.010             Wait dur 0.1
 35.110             *Func-incrementExp-1884
 35.110             Wait dur 0.1
 35.210             *Func-incrementExp-1885
 35.210             Wait dur 0.1
 35.310             *Func-incrementExp-1886
 35.310             Wait dur 0.1
 35.410             *Func-incrementExp-1887
 35.410             Wait dur 0.1
 35.510             *Func-incrementExp-1888
 35.510             Wait dur 0.1
 35.610             *Func-incrementExp-1889
 35.610             Wait dur 0.1
 35.710             *Func-incrementExp-1890
 35.710             Wait dur 0.1
 35.810             *Func-incrementExp-1891
 35.810             Wait dur 0.1
 35.910             *Func-incrementExp-1892
 35.910             Wait dur 0.1
 36.010             *Func-incrementExp-1893
 36.010             Wait dur 0.1
 36.110             *Func-incrementExp-1894
 36.110             Wait dur 0.1
 36.210             *Func-incrementExp-1895
 36.210             Wait dur 0.1
 36.310             *Func-incrementExp-1896
 36.310             Wait dur 0.1
 36.410             *Func-incrementExp-1897
 36.410             Wait dur 0.1
 36.510             *Func-incrementExp-1898
 36.510             Wait dur 0.1
 36.610             *Func-incrementExp-1899
 36.610             Wait dur 0.1
 36.710             *Func-incrementExp-1900
 36.710             Wait dur 0.1
 36.810             *Func-incrementExp-1901
 36.810             Wait dur 0.1
 36.910             *Func-incrementExp-1902
 36.910             Wait dur 0.1
 37.010             *Func-incrementExp-1903
 37.010             Wait dur 0.1
 37.110             *Func-incrementExp-1904
 37.110             Wait dur 0.1
 37.210             *Func-incrementExp-1905
 37.210             Wait dur 0.1
 37.310             *Func-resetBarColor-1906
 37.310             Wait dur 0.1
 37.410             *Func-showTrackIncLabel-1907
 37.410             *Func-incrementExp-1908
 37.410             Wait dur 0.1
 37.510             *Func-incrementExp-1909
 37.510             Wait dur 0.1
 37.610             *Func-incrementExp-1910
 37.610             Wait dur 0.1
 37.710             *Func-incrementExp-1911
 37.710             Wait dur 0.1
 37.810             *Func-incrementExp-1912
 37.810             Wait dur 0.1
 37.910             *Func-incrementExp-1913
 37.910             Wait dur 0.1
 38.010             *Func-incrementExp-1914
 38.010             Wait dur 0.1
 38.110             *Func-incrementExp-1915
 38.110             Wait dur 0.1
 38.210             *Func-incrementExp-1916
 38.210             Wait dur 0.1
 38.310             *Func-incrementExp-1917
 38.310             Wait dur 0.1
 38.410             *Func-incrementExp-1918
 38.410             Wait dur 0.1
 38.510             *Func-incrementExp-1919
 38.510             Wait dur 0.1
 38.610             *Func-incrementExp-1920
 38.610             Wait dur 0.1
 38.710             *Func-incrementExp-1921
 38.710             Wait dur 0.1
 38.810             *Func-incrementExp-1922
 38.810             Wait dur 0.1
 38.910             *Func-incrementExp-1923
 38.910             Wait dur 0.1
 39.010             *Func-incrementExp-1924
 39.010             Wait dur 0.1
 39.110             *Func-incrementExp-1925
 39.110             Wait dur 0.1
 39.210             *Func-incrementExp-1926
 39.210             Wait dur 0.1
 39.310             *Func-incrementExp-1927
 39.310             Wait dur 0.1
 39.410             *Func-incrementExp-1928
 39.410             Wait dur 0.1
 39.510             *Func-incrementExp-1929
 39.510             Wait dur 0.1
 39.610             *Func-incrementExp-1930
 39.610             Wait dur 0.1
 39.710             *Func-incrementExp-1931
 39.710             Wait dur 0.1
 39.810             *Func-incrementExp-1932
 39.810             Wait dur 0.1
 39.910             *Func-incrementExp-1933
 39.910             Wait dur 0.1
 40.010             *Func-incrementExp-1934
 40.010             Wait dur 0.1
 40.110             *Func-incrementExp-1935
 40.110             Wait dur 0.1
 40.210             *Func-incrementExp-1936
 40.210             Wait dur 0.1
 40.310             *Func-incrementExp-1937
 40.310             Wait dur 0.1
 40.410             *Func-incrementExp-1938
 40.410             Wait dur 0.1
 40.510             *Func-incrementExp-1939
 40.510             Wait dur 0.1
 40.610             *Func-incrementExp-1940
 40.610             Wait dur 0.1
 40.710             *Func-incrementExp-1941
 40.710             Wait dur 0.1
 40.810             *Func-incrementExp-1942
 40.810             Wait dur 0.1
 40.910             *Func-incrementExp-1943
 40.910             Wait dur 0.1
 41.010             *Func-incrementExp-1944
 41.010             Wait dur 0.1
 41.110             *Func-incrementExp-1945
 41.110             Wait dur 0.1
 41.210             *Func-incrementExp-1946
 41.210             Wait dur 0.1
 41.310             *Func-incrementExp-1947
 41.310             Wait dur 0.1
 41.410             *Func-incrementExp-1948
 41.410             Wait dur 0.1
 41.510             *Func-incrementExp-1949
 41.510             Wait dur 0.1
 41.610             *Func-incrementExp-1950
 41.610             Wait dur 0.1
 41.710             *Func-incrementExp-1951
 41.710             Wait dur 0.1
 41.810             *Func-resetBarColor-1952
 41.810             Wait dur 0.1
 41.910             *Func-showTrackIncLabel-1953
 41.910             *Func-incrementExp-1954
 41.910             Wait dur 0.1
 42.010             *Func-incrementExp-1955
 42.010             Wait dur 0.1
 42.110             *Func-incrementExp-1956
 42.110             Wait dur 0.1
 42.210             *Func-incrementExp-1957
 42.210             Wait dur 0.1
 42.310             *Func-incrementExp-1958
 42.310             Wait dur 0.1
 42.410             *Func-incrementExp-1959
 42.410             Wait dur 0.1
 42.510             *Func-incrementExp-1960
 42.510             Wait dur 0.1
 42.610             *Func-incrementExp-1961
 42.610             Wait dur 0.1
 42.710             *Func-incrementExp-1962
 42.710             Wait dur 0.1
 42.810             *Func-incrementExp-1963
 42.810             Wait dur 0.1
 42.910             *Func-incrementExp-1964
 42.910             Wait dur 0.1
 43.010             *Func-incrementExp-1965
 43.010             Wait dur 0.1
 43.110             *Func-incrementExp-1966
 43.110             Wait dur 0.1
 43.210             *Func-incrementExp-1967
 43.210             Wait dur 0.1
 43.310             *Func-incrementExp-1968
 43.310             Wait dur 0.1
 43.410             *Func-incrementExp-1969
 43.410             Wait dur 0.1
 43.510             *Func-incrementExp-1970
 43.510             Wait dur 0.1
 43.610             *Func-incrementExp-1971
 43.610             Wait dur 0.1
 43.710             *Func-incrementExp-1972
 43.710             Wait dur 0.1
 43.810             *Func-incrementExp-1973
 43.810             Wait dur 0.1
 43.910             *Func-incrementExp-1974
 43.910             Wait dur 0.1
 44.010             *Func-incrementExp-1975
 44.010             Wait dur 0.1
 44.110             *Func-incrementExp-1976
 44.110             Wait dur 0.1
 44.210             *Func-incrementExp-1977
 44.210             Wait dur 0.1
 44.310             *Func-incrementExp-1978
 44.310             Wait dur 0.1
 44.410             *Func-incrementExp-1979
 44.410             Wait dur 0.1
 44.510             *Func-incrementExp-1980
 44.510             Wait dur 0.1
 44.610             *Func-incrementExp-1981
 44.610             Wait dur 0.1
 44.710             *Func-incrementExp-1982
 44.710             Wait dur 0.1
 44.810             *Func-incrementExp-1983
 44.810             Wait dur 0.1
 44.910             *Func-incrementExp-1984
 44.910             Wait dur 0.1
 45.010             *Func-incrementExp-1985
 45.010             Wait dur 0.1
 45.110             *Func-incrementExp-1986
 45.110             Wait dur 0.1
 45.210             *Func-incrementExp-1987
 45.210             Wait dur 0.1
 45.310             *Func-incrementExp-1988
 45.310             Wait dur 0.1
 45.410             *Func-incrementExp-1989
 45.410             Wait dur 0.1
 45.510             *Func-resetBarColor-1990
 45.510             Wait dur 0.1
 45.610             *Func-incrementMerits-1991
 45.610             Wait dur 0.08
 45.690             *Func-incrementMerits-1992
 45.690             Wait dur 0.08
 45.770             *Func-incrementMerits-1993
 45.770             Wait dur 0.08
 45.850             *Func-incrementMerits-1994
 45.850             Wait dur 0.08
 45.930             *Func-incrementMerits-1995
 45.930             Wait dur 0.08
 46.010             *Func-incrementMerits-1996
 46.010             Wait dur 0.08
 46.090             *Func-incrementMerits-1997
 46.090             Wait dur 0.08
 46.170             *Func-incrementMerits-1998
 46.170             Wait dur 0.08
 46.250             *Func-incrementMerits-1999
 46.250             Wait dur 0.08
 46.330             *Func-incrementMerits-2000
 46.330             Wait dur 0.08
 46.410             *Func-incrementMerits-2001
 46.410             Wait dur 0.08
 46.490             *Func-incrementMerits-2002
 46.490             Wait dur 0.08
 46.570             *Func-incrementMerits-2003
 46.570             Wait dur 0.08
 46.650             *Func-incrementMerits-2004
 46.650             Wait dur 0.08
 46.730             *Func-incrementMerits-2005
 46.730             Wait dur 0.08
 46.810             *Func-incrementMerits-2006
 46.810             Wait dur 0.08
 46.890             *Func-incrementMerits-2007
 46.890             Wait dur 0.08
 46.970             *Func-incrementMerits-2008
 46.970             Wait dur 0.08
 47.050             *Func-incrementMerits-2009
 47.050             Wait dur 0.08
 47.130             *Func-incrementMerits-2010
 47.130             Wait dur 0.08
 47.210             *Func-incrementMerits-2011
 47.210             Wait dur 0.08
 47.290             *Func-incrementMerits-2012
 47.290             Wait dur 0.08
 47.370             *Func-incrementMerits-2013
 47.370             Wait dur 0.08
 47.450             *Func-incrementMerits-2014
 47.450             Wait dur 0.08
 47.530             *Func-incrementMerits-2015
 47.530             Wait dur 0.08
 47.610             *Func-incrementMerits-2016
 47.610             Wait dur 0.08
 47.690             *Func-incrementMerits-2017
 47.690             Wait dur 0.08
 47.770             *Func-incrementMerits-2018
 47.770             Wait dur 0.08
 47.850             *Func-incrementMerits-2019
 47.850             Wait dur 0.08
 47.930             *Func-incrementMerits-2020
 47.930             Wait dur 0.08
 48.010             *Func-incrementMerits-2021
 48.010             Wait dur 0.08
 48.090             *Func-incrementMerits-2022
 48.090             Wait dur 0.08
 48.170             *Func-incrementMerits-2023
 48.170             Wait dur 0.08
 48.250             *Func-incrementMerits-2024
 48.250             Wait dur 0.08
 48.330             *Func-incrementMerits-2025
 48.330             Wait dur 0.08
 48.410             *Func-incrementMerits-2026
 48.410             Wait dur 0.08
 48.490             *Func-incrementMerits-2027
 48.490             Wait dur 0.08
 48.570             *Func-incrementMerits-2028
 48.570             Wait dur 0.08
 48.650             *Func-incrementMerits-2029
 48.650             Wait dur 0.08
 48.730             *Func-incrementMerits-2030
 48.730             Wait dur 0.08
 48.810             *Func-incrementMerits-2031
 48.810             Wait dur 0.08
 48.890             *Func-incrementMerits-2032
 48.890             Wait dur 0.08
 48.970             *Func-incrementMerits-2033
 48.970             Wait dur 0.08
 49.050             *Func-incrementMerits-2034
 49.050             Wait dur 0.08
 49.130             *Func-incrementMerits-2035
 49.130             Wait dur 0.08
 49.210             *Func-incrementMerits-2036
 49.210             Wait dur 0.08
 49.290             *Func-incrementMerits-2037
 49.290             Wait dur 0.08
 49.370             *Func-incrementMerits-2038
 49.370             Wait dur 0.08
 49.450             *Func-incrementMerits-2039
 49.450             Wait dur 0.08
 49.530             *Func-incrementMerits-2040
 49.530             Wait dur 0.08
 49.610             *Func-incrementMerits-2041
 49.610             Wait dur 0.08
 49.690             *Func-incrementMerits-2042
 49.690             Wait dur 0.08
 49.770             *Func-incrementMerits-2043
 49.770             Wait dur 0.08
 49.850             *Func-incrementMerits-2044
 49.850             Wait dur 0.08
 49.930             *Func-incrementMerits-2045
 49.930             Wait dur 0.08
 50.010             *Func-incrementMerits-2046
 50.010             Wait dur 0.08
 50.090             *Func-incrementMerits-2047
 50.090             Wait dur 0.08
 50.170             *Func-incrementMerits-2048
 50.170             Wait dur 0.08
 50.250             *Func-incrementMerits-2049
 50.250             Wait dur 0.08
 50.330             *Func-incrementMerits-2050
 50.330             Wait dur 0.08
 50.410             *Func-incrementMerits-2051
 50.410             Wait dur 0.08
 50.490             *Func-incrementMerits-2052
 50.490             Wait dur 0.08
 50.570             *Func-resetMeritBarColor-2053
 50.570             Wait dur 0.3
 50.870             Wait dur 1
 51.870             *Func-initQuestFrame-2070
 51.870             Wait dur 1
 52.870             *Func-setProp-2054
 52.870             Wait dur 0.2
 53.070             *Func-setProp-2055
 53.070             Wait dur 0.2
 53.270             *Func-setProp-2056
 53.270             Wait dur 0.2
 53.470             *Func-setProp-2057
 53.470             Wait dur 0.2
 53.670             *Func-setProp-2058
 53.670             Wait dur 0.2
 53.870             *Func-setProp-2059
 53.870             Wait dur 0.2
 54.070             *Func-setProp-2060
 54.070             Wait dur 0.2
 54.270             *Func-setProp-2061
 54.270             Wait dur 0.2
 54.470             *Func-setProp-2062
 54.470             Wait dur 0.2
 54.670             *Func-setProp-2063
 54.670             Wait dur 0.2
 54.870             *Func-setProp-2064
 54.870             *Func-setProp-2065
 54.870             Wait dur 0.2
 55.070             *Func-setProp-2066
 55.070             Wait dur 0.2
 55.270             *Func-setProp-2067
 55.270             Wait dur 0.2
 55.470             *Func-setProp-2068
 55.470             Wait dur 0.2
 55.670             *Func-setProp-2069
 55.670             Wait dur 0.2
 55.870             Wait dur 2
 57.870             Wait dur 0.25
 58.120           }
 58.120           *Func-_teardownSkipListen-2075
 58.120           *Func-destroy-2076
 58.120           *Func-hide-2077
 58.120           *Func-setOnscreenChatForced-2078
 58.120           Sequence-1419 {
 58.120           }
 58.120         }
  0.000         *Sound-248 dur 58.12
 58.120       }
 58.120       *Func-__handleBuildingRewardDone-2079
 58.120     }
 58.120   }
  0.000   Sequence-1416 {
  0.000     Sequence-1418 {
  0.000       Sequence-1422 {
  0.000         *Func-chooseRewardShotNow-1827
  0.000         Wait dur 28.81
 28.810       }
 28.810       Sequence-1425 {
 28.810         *Func-chooseRewardShotNow-2074
 28.810         Wait dur 29.31
 58.120       }
 58.120     }
 58.120   }
 58.120 }

Traceback (most recent call last):
  File "C:\Panda3D-1.10.0\direct\showbase\EventManager.py", line 52, in eventLoopTask
    self.doEvents()
  File "C:\Panda3D-1.10.0\direct\showbase\EventManager.py", line 46, in doEvents
    processFunc(self.eventQueue.dequeueEvent())
  File "C:\Panda3D-1.10.0\direct\showbase\EventManager.py", line 103, in processEvent
    messenger.send(eventName, paramList)
  File "C:\Panda3D-1.10.0\direct\showbase\Messenger.py", line 326, in send
    self.__dispatch(acceptorDict, event, sentArgs, foundWatch)
  File "C:\Panda3D-1.10.0\direct\showbase\Messenger.py", line 411, in __dispatch
    method (*(extraArgs + sentArgs))
  File "C:\Panda3D-1.10.0\direct\showbase\ShowBase.py", line 2665, in windowEvent
    self.userExit()
  File "toontown\toonbase\ToonBase.py", line 400, in userExit
    self.cr.dumpAllSubShardObjects()
  File "toontown\distributed\ToontownClientRepository.py", line 556, in dumpAllSubShardObjects
    self.deleteObject(doId)
  File "toontown\distributed\ToontownClientRepository.py", line 906, in deleteObject
    obj.deleteOrDelay()
  File "C:\Panda3D-1.10.0\direct\distributed\DistributedObject.py", line 199, in deleteOrDelay
    self.disableAnnounceAndDelete()
  File "C:\Panda3D-1.10.0\direct\distributed\DistributedObject.py", line 202, in disableAnnounceAndDelete
    self.disableAndAnnounce()
  File "C:\Panda3D-1.10.0\direct\distributed\DistributedObject.py", line 228, in disableAndAnnounce
    self.disable()
  File "toontown\battle\DistributedBattleBldg.py", line 52, in disable
    DistributedBattleBase.DistributedBattleBase.disable(self)
  File "toontown\battle\DistributedBattleBase.py", line 133, in disable
    self.cleanupBattle()
  File "toontown\battle\DistributedBattleBase.py", line 145, in cleanupBattle
    self.fsm.requestFinalState()
  File "C:\Panda3D-1.10.0\direct\fsm\ClassicFSM.py", line 151, in requestFinalState
    self.request(self.getFinalState().getName())
  File "C:\Panda3D-1.10.0\direct\fsm\ClassicFSM.py", line 302, in request
    exitArgList)
  File "C:\Panda3D-1.10.0\direct\fsm\ClassicFSM.py", line 230, in __transition
    self.__exitCurrent(exitArgList)
  File "C:\Panda3D-1.10.0\direct\fsm\ClassicFSM.py", line 188, in __exitCurrent
    self.__currentState.exit(argList)
  File "C:\Panda3D-1.10.0\direct\fsm\State.py", line 213, in exit
    apply(self.__exitFunc, argList)
  File "toontown\battle\DistributedBattleBldg.py", line 208, in exitBuildingReward
    self.movie.resetReward(finish=1)
  File "toontown\battle\Movie.py", line 222, in resetReward
    self.stop()
  File "toontown\battle\Movie.py", line 366, in stop
    self.track.finish()
  File "C:\Panda3D-1.10.0\direct\interval\MetaInterval.py", line 391, in finish
    self.privPostEvent()
  File "C:\Panda3D-1.10.0\direct\interval\MetaInterval.py", line 519, in privPostEvent
    self.__doPythonCallbacks()
  File "C:\Panda3D-1.10.0\direct\interval\MetaInterval.py", line 495, in __doPythonCallbacks
    ival.privDoEvent(t, eventType)
  File "C:\Panda3D-1.10.0\direct\interval\Interval.py", line 206, in privDoEvent
    self.privInstant()
  File "C:\Panda3D-1.10.0\direct\interval\FunctionInterval.py", line 88, in privInstant
    self.function(*self.extraArgs, **self.kw)
  File "toontown\battle\DistributedBattleBldg.py", line 205, in __handleBuildingRewardDone
    self.fsm.request('Resume')
  File "C:\Panda3D-1.10.0\direct\fsm\ClassicFSM.py", line 246, in request
    assert not self.__internalStateInFlux
AssertionError
Traceback (most recent call last):
  File "otp\otpbase\OTPBase.py", line 34, in run
    taskMgr.run()
  File "C:\Panda3D-1.10.0\direct\task\Task.py", line 508, in run
    self.step()
  File "C:\Panda3D-1.10.0\direct\task\Task.py", line 465, in step
    self.mgr.poll()
  File "C:\Panda3D-1.10.0\direct\showbase\EventManager.py", line 52, in eventLoopTask
    self.doEvents()
  File "C:\Panda3D-1.10.0\direct\showbase\EventManager.py", line 46, in doEvents
    processFunc(self.eventQueue.dequeueEvent())
  File "C:\Panda3D-1.10.0\direct\showbase\EventManager.py", line 103, in processEvent
    messenger.send(eventName, paramList)
  File "C:\Panda3D-1.10.0\direct\showbase\Messenger.py", line 326, in send
    self.__dispatch(acceptorDict, event, sentArgs, foundWatch)
  File "C:\Panda3D-1.10.0\direct\showbase\Messenger.py", line 411, in __dispatch
    method (*(extraArgs + sentArgs))
  File "C:\Panda3D-1.10.0\direct\showbase\ShowBase.py", line 2665, in windowEvent
    self.userExit()
  File "toontown\toonbase\ToonBase.py", line 400, in userExit
    self.cr.dumpAllSubShardObjects()
  File "toontown\distributed\ToontownClientRepository.py", line 556, in dumpAllSubShardObjects
    self.deleteObject(doId)
  File "toontown\distributed\ToontownClientRepository.py", line 906, in deleteObject
    obj.deleteOrDelay()
  File "C:\Panda3D-1.10.0\direct\distributed\DistributedObject.py", line 199, in deleteOrDelay
    self.disableAnnounceAndDelete()
  File "C:\Panda3D-1.10.0\direct\distributed\DistributedObject.py", line 202, in disableAnnounceAndDelete
    self.disableAndAnnounce()
  File "C:\Panda3D-1.10.0\direct\distributed\DistributedObject.py", line 228, in disableAndAnnounce
    self.disable()
  File "toontown\battle\DistributedBattleBldg.py", line 52, in disable
    DistributedBattleBase.DistributedBattleBase.disable(self)
  File "toontown\battle\DistributedBattleBase.py", line 133, in disable
    self.cleanupBattle()
  File "toontown\battle\DistributedBattleBase.py", line 145, in cleanupBattle
    self.fsm.requestFinalState()
  File "C:\Panda3D-1.10.0\direct\fsm\ClassicFSM.py", line 151, in requestFinalState
    self.request(self.getFinalState().getName())
  File "C:\Panda3D-1.10.0\direct\fsm\ClassicFSM.py", line 302, in request
    exitArgList)
  File "C:\Panda3D-1.10.0\direct\fsm\ClassicFSM.py", line 230, in __transition
    self.__exitCurrent(exitArgList)
  File "C:\Panda3D-1.10.0\direct\fsm\ClassicFSM.py", line 188, in __exitCurrent
    self.__currentState.exit(argList)
  File "C:\Panda3D-1.10.0\direct\fsm\State.py", line 213, in exit
    apply(self.__exitFunc, argList)
  File "toontown\battle\DistributedBattleBldg.py", line 208, in exitBuildingReward
    self.movie.resetReward(finish=1)
  File "toontown\battle\Movie.py", line 222, in resetReward
    self.stop()
  File "toontown\battle\Movie.py", line 366, in stop
    self.track.finish()
  File "C:\Panda3D-1.10.0\direct\interval\MetaInterval.py", line 391, in finish
    self.privPostEvent()
  File "C:\Panda3D-1.10.0\direct\interval\MetaInterval.py", line 519, in privPostEvent
    self.__doPythonCallbacks()
  File "C:\Panda3D-1.10.0\direct\interval\MetaInterval.py", line 495, in __doPythonCallbacks
    ival.privDoEvent(t, eventType)
  File "C:\Panda3D-1.10.0\direct\interval\Interval.py", line 206, in privDoEvent
    self.privInstant()
  File "C:\Panda3D-1.10.0\direct\interval\FunctionInterval.py", line 88, in privInstant
    self.function(*self.extraArgs, **self.kw)
  File "toontown\battle\DistributedBattleBldg.py", line 205, in __handleBuildingRewardDone
    self.fsm.request('Resume')
  File "C:\Panda3D-1.10.0\direct\fsm\ClassicFSM.py", line 246, in request
    assert not self.__internalStateInFlux
AssertionError
