TTLocalizer: Running in language: English
OTPLocalizer: Running in language: English
Preloading suits...
Preloading Toon heads...
Preloading avatars...
{401000001: <toontown.distributed.ToontownDistrict.ToontownDistrict instance at 0x19998418>}
__handleAvatarChooserDone: 100000046, 'Toontown Time', ('mss', 'ls', 'l', 'm', (0.86, 0.4, 0.41, 1.0), (1.0, 1.0, 1.0, 1.0), (0.86, 0.4, 0.41, 1.0), (0.86, 0.4, 0.41, 1.0), 0, 4, 0, 4, 0, 17), 0
entered wait for zone redirect
entered wait for set zone response - 2
Reading DNA file... phase_4/dna/storage.pdna
Reading DNA file... phase_3.5/dna/storage_interior.pdna
Reading DNA file... phase_8/dna/storage_BR.pdna
Reading DNA file... phase_8/dna/storage_BR_sz.pdna
Reading DNA file... phase_8/dna/the_burrrgh_sz.pdna
__handleAvatarChooserDone: 100000070, 'Master Cool Cat', ('csl', 'ms', 's', 'm', (0.3, 0.3, 0.35, 1.0), (1.0, 1.0, 1.0, 1.0), (0.3, 0.3, 0.35, 1.0), (0.3, 0.3, 0.35, 1.0), 111, 27, 98, 27, 41, 27), 3
entered wait for zone redirect
entered wait for set zone response - 2
Reading DNA file... phase_4/dna/storage.pdna
Reading DNA file... phase_3.5/dna/storage_interior.pdna
entered wait for zone redirect
entered wait for set zone response - 2
entered wait for zone redirect
entered wait for set zone response - 2
Laser Field initCollisionGeom
Laser Field initCollisionGeom
CollisionEntry:
  from render/Master Cool Cat-100000070/camFloorRayNode/ccRay2Node
  into render/stage401004153/ZoneEntity-0/-PandaNode/LB_Zone03a_egg/Collsion/stageFloorColl0 []
  at -2 -6.2 -0.0356667
  normal -0.000961985 0.000458579 0.999999
  respect_prev_transform = 0


CollisionEntry:
  from render/Master Cool Cat-100000070/camFloorRayNode/ccRay2Node
  into render/stage401004153/LB_connector_7cubeLR.egg/-PandaNode/LB_connector_7cubeLR_egg/collison/stageFloorColl1 []
  at -2 38.4965 0.097003
  normal 9.26614e-005 -0.421613 0.906776
  respect_prev_transform = 0


CollisionEntry:
  from render/Master Cool Cat-100000070/camFloorRayNode/ccRay2Node
  into render/stage401004153/LB_connector_7cubeLR.egg/-PandaNode/LB_connector_7cubeLR_egg/collison/stageFloorColl1 []
  at -3.62491 51.3047 4.95178
  normal 6.5559e-005 0 1
  respect_prev_transform = 0


CollisionEntry:
  from render/Master Cool Cat-100000070/camFloorRayNode/ccRay2Node
  into render/stage401004153/ZoneEntity-0/-PandaNode/Z13_ALL/room/collsion/stageFloorColl2 []
  at 26.5397 111.112 4.95065
  normal 0 0 1
  respect_prev_transform = 0


CollisionEntry:
  from render/Master Cool Cat-100000070/camFloorRayNode/ccRay2Node
  into render/stage401004153/LB_connector_7cubeLR.egg/-PandaNode/LB_connector_7cubeLR_egg/collison/stageFloorColl3 []
  at 28.1721 381.177 4.95257
  normal 0.000133877 0 1
  respect_prev_transform = 0


CollisionEntry:
  from render/Master Cool Cat-100000070/camFloorRayNode/ccRay2Node
  into render/stage401004153/LB_connector_7cubeLR.egg/-PandaNode/LB_connector_7cubeLR_egg/collison/stageFloorColl3 []
  at 28.6756 384.456 5.776
  normal 9.26614e-005 -0.421613 0.906776
  respect_prev_transform = 0


CollisionEntry:
  from render/Master Cool Cat-100000070/camFloorRayNode/ccRay2Node
  into render/stage401004153/LB_connector_7cubeLR.egg/-PandaNode/LB_connector_7cubeLR_egg/collison/stageFloorColl3 []
  at 30.4809 396.214 9.95144
  normal 6.5559e-005 0 1
  respect_prev_transform = 0


CollisionEntry:
  from render/Master Cool Cat-100000070/camFloorRayNode/ccRay2Node
  into render/stage401004153/ZoneEntity-0/-PandaNode/Z07_ALL/stageFloorColl4 []
  at 54.15 456.709 9.95151
  normal 0 0 1
  respect_prev_transform = 0


CollisionEntry:
  from render/Master Cool Cat-100000070/camFloorRayNode/ccRay2Node
  into render/stage401004153/LB_connector_7cubeL2.egg/-PandaNode/LB_connector_7cubeL2_egg/collison/stageFloorColl5 []
  at -10.0687 520.934 17.6325
  normal 0 -0.0012142 0.999999
  respect_prev_transform = 0


CollisionEntry:
  from render/Master Cool Cat-100000070/camFloorRayNode/ccRay2Node
  into render/stage401004153/LB_connector_7cubeL2.egg/-PandaNode/LB_connector_7cubeL2_egg/collison/stageFloorColl5 []
  at -13.2497 520.666 18.4135
  normal 0.420737 -0.00110176 0.907182
  respect_prev_transform = 0


CollisionEntry:
  from render/Master Cool Cat-100000070/camFloorRayNode/ccRay2Node
  into render/stage401004153/LB_connector_7cubeL2.egg/-PandaNode/LB_connector_7cubeL2_egg/collison/stageFloorColl5 []
  at -24.9272 520.87 22.6257
  normal 0.000218784 -0.000597282 1
  respect_prev_transform = 0


CollisionEntry:
  from render/Master Cool Cat-100000070/camFloorRayNode/ccRay2Node
  into render/stage401004153/ZoneEntity-0/-PandaNode/Z13_ALL/room/collsion/stageFloorColl6 []
  at -85.237 490.372 22.619
  normal 0 0 1
  respect_prev_transform = 0


spec = {'parentEntId': 10000, 'pos': LPoint3f(0, 0, 0)}
h = None
CollisionEntry:
  from render/Master Cool Cat-100000070/camFloorRayNode/ccRay2Node
  into render/stage401004153/LB_connector_7cubeL2.egg/-PandaNode/LB_connector_7cubeL2_egg/collison/stageFloorColl7 []
  at -353.826 493.031 22.6349
  normal 0 -0.0012142 0.999999
  respect_prev_transform = 0


CollisionEntry:
  from render/Master Cool Cat-100000070/camFloorRayNode/ccRay2Node
  into render/stage401004153/LB_connector_7cubeL2.egg/-PandaNode/LB_connector_7cubeL2_egg/collison/stageFloorColl7 []
  at -356.093 493.031 22.6846
  normal 0.420737 -0.00110176 0.907182
  respect_prev_transform = 0


CollisionEntry:
  from render/Master Cool Cat-100000070/camFloorRayNode/ccRay2Node
  into render/stage401004153/LB_connector_7cubeL2.egg/-PandaNode/LB_connector_7cubeL2_egg/collison/stageFloorColl7 []
  at -369.451 493.031 27.627
  normal 0.000218784 -0.000597282 1
  respect_prev_transform = 0


CollisionEntry:
  from render/Master Cool Cat-100000070/camFloorRayNode/ccRay2Node
  into render/stage401004153/ZoneEntity-0/-PandaNode/Z22a/room/collsion/stageFloorColl8 []
  at -429.747 466.269 27.4985
  normal 0 0 1
  respect_prev_transform = 0


spec = {'parentEntId': 10000, 'pos': LPoint3f(0, 0, 0)}
h = None
