TTLocalizer: Running in language: English
OTPLocalizer: Running in language: English
Preloading suits...
Preloading Toon heads...
Preloading avatars...
{401000001: <toontown.distributed.ToontownDistrict.ToontownDistrict instance at 0x1D07ABC0>}
__handleAvatarChooserDone: 100000070, 'Master Cool Cat', ('csl', 'ms', 'm', 'm', (0.3, 0.3, 0.35, 1.0), (0.54, 0.28, 0.75, 1.0), (0.3, 0.3, 0.35, 1.0), (0.3, 0.3, 0.35, 1.0), 111, 27, 98, 27, 41, 27), 3
entered wait for zone redirect
entered wait for set zone response - 2
Reading DNA file... phase_4/dna/storage.pdna
Reading DNA file... phase_3.5/dna/storage_interior.pdna
entered wait for zone redirect
entered wait for set zone response - 2
Reading DNA file... phase_4/dna/storage.pdna
Reading DNA file... phase_3.5/dna/storage_interior.pdna
Reading DNA file... phase_4/dna/storage_TT.pdna
Reading DNA file... phase_4/dna/storage_TT_sz.pdna
Reading DNA file... phase_4/dna/toontown_central_sz.pdna
entered wait for zone redirect
entered wait for set zone response - 2
Reading DNA file... phase_5/dna/storage_town.pdna
Reading DNA file... phase_5/dna/storage_TT_town.pdna
Reading DNA file... phase_5/dna/toontown_central_2200.pdna
entered wait for zone redirect
entered wait for set zone response - 2
Reading DNA file... phase_4/dna/storage.pdna
Reading DNA file... phase_3.5/dna/storage_interior.pdna
Reading DNA file... phase_8/dna/storage_DL.pdna
Reading DNA file... phase_8/dna/storage_DL_sz.pdna
Reading DNA file... phase_8/dna/donalds_dreamland_sz.pdna
entered wait for zone redirect
entered wait for set zone response - 2
Reading DNA file... phase_4/dna/storage.pdna
Reading DNA file... phase_3.5/dna/storage_interior.pdna
entered wait for zone redirect
entered wait for set zone response - 2
entered wait for zone redirect
entered wait for set zone response - 2
hit! 0.899335384369
hit! 0.651532292366
hit! 0.951560735703
hit! 0.922991752625
hit! 0.598500549793
hit! 0.986155807972
hit! 0.805948495865
hit! 0.960856854916
hit! 0.808018743992
hit! 0.973327040672
hit! 0.955318391323
hit! 0.830351889133
--not hard enough: -0.017953356728
hit! 0.992737293243
hit! 0.452996462584
--not hard enough: 0.0527517534792
hit! 0.858235478401
--not hard enough: -0.00360764982179
--not hard enough: -0.554704725742
--not hard enough: 0.0667218193412
hit! 0.955586016178
hit! 0.965711355209
hit! 0.197624102235
hit! 0.868071615696
hit! 0.97015184164
hit! 0.841467559338
hit! 0.672672748566
hit! 0.87500077486
hit! 0.989339411259
--not hard enough: 0.0978641957045
hit! 0.610204219818
hit! 0.826244294643
hit! 0.824200451374
hit! 0.398253768682
hit! 0.475101530552
hit! 0.954115569592
hit! 0.56635260582
hit! 0.996780395508
hit! 0.994713068008
hit! 0.951803028584
--not hard enough: -0.264374196529
hit! 0.865890979767
hit! 0.690121054649
hit! 0.903496384621
--not hard enough: -0.242023855448
hit! 0.322820484638
hit! 0.994870603085
hit! 0.559987902641
hit! 0.0389753840864
hit! 0.582605957985
hit! 0.879225373268
hit! 0.296882241964
--not hard enough: -0.97765570879
hit! 0.992088317871
hit! 0.954583108425
hit! 0.750935316086
hit! 0.565655052662
hit! 0.494107931852
--not hard enough: -0.0550736635923
hit! 0.42299708724
hit! 0.957004904747
hit! 0.331017374992
hit! 0.665837466717
hit! 0.692180633545
hit! 0.682871520519
hit! 0.532838582993
hit! 0.826570808887
hit! 0.996503531933
hit! 0.573979318142
hit! 0.982004880905
hit! 0.41671705246
hit! 0.113704763353
hit! 0.595583677292
hit! 0.96051388979
hit! 0.308883458376
hit! 0.936305880547
hit! 0.634439051151
hit! 0.530852735043
hit! 0.677483081818
hit! 0.985314548016
hit! 0.374281823635
hit! 0.772569656372
hit! 0.975438535213
hit! 0.516419887543
hit! 0.55478066206
--not hard enough: -0.0721892938018
--not hard enough: -0.0116455508396
hit! 0.938188076019
hit! 0.933704912663
hit! 0.822349846363
--not hard enough: -0.00245967949741
hit! 0.638461530209
hit! 0.973619878292
hit! 0.743314445019
hit! 0.549555242062
hit! 0.760197460651
hit! 0.995524525642
hit! 0.998093664646
hit! 0.882935464382
hit! 0.287134557962
hit! 0.489828556776
hit! 0.794335901737
hit! 0.952528595924
hit! 0.982561767101
hit! 0.925117611885
hit! 0.204181477427
--not hard enough: -0.516178011894
hit! 0.91593837738
hit! 0.636829435825
hit! 0.854420542717
hit! 0.678213059902
hit! 0.928281068802
hit! 0.987373769283
hit! 0.693323493004
hit! 0.748941898346
hit! 0.739600598812
--not hard enough: -0.790682554245
hit! 0.96067237854
hit! 0.981797754765
hit! 0.998769164085
hit! 0.998118817806
hit! 0.884307920933
hit! 0.982612192631
hit! 0.950156033039
hit! 0.635802567005
hit! 0.186543375254
hit! 0.847711741924
--not hard enough: 0.0387075655162
hit! 0.83063519001
hit! 0.945497334003
hit! 0.881980717182
--not hard enough: 0.0413750223815
hit! 0.847253799438
hit! 0.966535866261
hit! 0.361964702606
hit! 0.982850372791
--not hard enough: 0.0676187425852
hit! 0.305362224579
hit! 0.86707597971
hit! 0.920026421547
--not hard enough: 0.027216495946
hit! 0.667878389359
hit! 0.970420539379
hit! 0.714054822922
hit! 0.751496911049
hit! 0.607118546963
hit! 0.791570782661
hit! 0.36763972044
hit! 0.75225007534
entered wait for zone redirect
entered wait for set zone response - 2
Reading DNA file... phase_4/dna/storage.pdna
Reading DNA file... phase_3.5/dna/storage_interior.pdna
Reading DNA file... phase_8/dna/storage_DL.pdna
Reading DNA file... phase_8/dna/storage_DL_sz.pdna
Reading DNA file... phase_8/dna/donalds_dreamland_sz.pdna
entered wait for zone redirect
entered wait for set zone response - 2
Reading DNA file... phase_4/dna/storage.pdna
Reading DNA file... phase_3.5/dna/storage_interior.pdna
entered wait for zone redirect
entered wait for set zone response - 2
entered wait for zone redirect
entered wait for set zone response - 2
Reading DNA file... phase_4/dna/storage.pdna
Reading DNA file... phase_3.5/dna/storage_interior.pdna
Reading DNA file... phase_4/dna/storage_TT.pdna
Reading DNA file... phase_4/dna/storage_TT_sz.pdna
Reading DNA file... phase_4/dna/toontown_central_sz.pdna
entered wait for zone redirect
entered wait for set zone response - 2
Reading DNA file... phase_5/dna/storage_town.pdna
Reading DNA file... phase_5/dna/storage_TT_town.pdna
Reading DNA file... phase_5/dna/toontown_central_2200.pdna
entered wait for zone redirect
entered wait for set zone response - 2
entered wait for zone redirect
entered wait for set zone response - 2
Reading DNA file... phase_5/dna/storage_town.pdna
Reading DNA file... phase_5/dna/storage_TT_town.pdna
Reading DNA file... phase_5/dna/toontown_central_2200.pdna
entered wait for zone redirect
entered wait for set zone response - 2
Reading DNA file... phase_4/dna/storage_TT_sz.pdna
Reading DNA file... phase_4/dna/toontown_central_sz.pdna
entered wait for zone redirect
entered wait for set zone response - 2
Reading DNA file... phase_5/dna/storage_town.pdna
Reading DNA file... phase_5/dna/storage_TT_town.pdna
Reading DNA file... phase_5/dna/toontown_central_2200.pdna
entered wait for zone redirect
entered wait for set zone response - 2
Reading DNA file... phase_4/dna/storage_TT_sz.pdna
Reading DNA file... phase_4/dna/toontown_central_sz.pdna
entered wait for zone redirect
entered wait for set zone response - 2
Reading DNA file... phase_4/dna/storage.pdna
Reading DNA file... phase_3.5/dna/storage_interior.pdna
entered wait for zone redirect
entered wait for set zone response - 2
entered wait for zone redirect
entered wait for set zone response - 2
spec = {'parentEntId': 10014, 'pos': LPoint3f(0, 0, 0)}
h = None
entered wait for zone redirect
entered wait for set zone response - 2
entered wait for zone redirect
entered wait for set zone response - 2
entered wait for zone redirect
entered wait for set zone response - 2
spec = {'parentEntId': 10014, 'pos': LPoint3f(0, 0, 0)}
h = None
spec = {'parentEntId': 10037, 'pos': LPoint3f(0, 0, 0)}
h = None
spec = {'parentEntId': 10030, 'pos': LPoint3f(0, 0, 0)}
h = None
entered wait for zone redirect
entered wait for set zone response - 2
entered wait for zone redirect
entered wait for set zone response - 2
entered wait for zone redirect
entered wait for set zone response - 2
chooseFireOpenShot <function avatarBehindShot at 0x174A8C70>
chooseFireOpenShot <function suitGroupThreeQuarterLeftBehindShot at 0x174A89F0>
### newVec3 =  LVector3f(0, 5, 1.5)
### newVec3 =  LVector3f(0, 5, 0)
### newVec3 =  LVector3f(0, 5, 0.375)
### newVec3 =  LVector3f(0, 5, 0)
Warning: NodePath.remove() is deprecated.  Use remove_node() instead.
### newVec3 =  LVector3f(2, 6.3, 1.5)
### newVec3 =  LVector3f(2, 6.3, 0)
### newVec3 =  LVector3f(2, 6.3, 0.375)
### newVec3 =  LVector3f(2, 6.3, 0)
### newVec3 =  LVector3f(-2, 6.3, 1.5)
### newVec3 =  LVector3f(-2, 6.3, 0)
### newVec3 =  LVector3f(-2, 6.3, 0.375)
### newVec3 =  LVector3f(-2, 6.3, 0)
chooseFireOpenShot <function avatarCloseUpThreeQuarterRightShot at 0x174A8B30>
chooseFireOpenShot <function suitGroupThreeQuarterLeftBehindShot at 0x174A89F0>
Warning: NodePath.remove() is deprecated.  Use remove_node() instead.
### newVec3 =  LVector3f(2, 6.3, 1.5)
### newVec3 =  LVector3f(2, 6.3, 0)
### newVec3 =  LVector3f(2, 6.3, 0.375)
### newVec3 =  LVector3f(2, 6.3, 0)
### newVec3 =  LVector3f(-2, 6.3, 1.5)
### newVec3 =  LVector3f(-2, 6.3, 0)
### newVec3 =  LVector3f(-2, 6.3, 0.375)
### newVec3 =  LVector3f(-2, 6.3, 0)
### newVec3 =  LVector3f(0, 6, 1.5)
### newVec3 =  LVector3f(0, 6, 0)
### newVec3 =  LVector3f(0, 6, 0.375)
### newVec3 =  LVector3f(0, 6, 0)
entered wait for zone redirect
entered wait for set zone response - 2
Reading DNA file... phase_4/dna/storage.pdna
Reading DNA file... phase_3.5/dna/storage_interior.pdna
Reading DNA file... phase_8/dna/storage_DG.pdna
Reading DNA file... phase_8/dna/storage_DG_sz.pdna
Reading DNA file... phase_8/dna/daisys_garden_sz.pdna
