TTLocalizer: Running in language: English
OTPLocalizer: Running in language: English
Preloading suits...
Preloading Toon heads...
Preloading avatars...
{401000001: <toontown.distributed.ToontownDistrict.ToontownDistrict instance at 0x188CA760>}
__handleAvatarChooserDone: 100000044, 'Noob', ('rll', 'ss', 's', 'm', (0.28, 0.32, 0.72, 1.0), (1.0, 1.0, 1.0, 1.0), (0.28, 0.32, 0.72, 1.0), (0.28, 0.32, 0.72, 1.0), 1, 0, 1, 0, 6, 27), 1
entered wait for zone redirect
entered wait for set zone response - 2
Reading DNA file... phase_4/dna/storage.pdna
Reading DNA file... phase_3.5/dna/storage_interior.pdna
Reading DNA file... phase_8/dna/storage_BR.pdna
Reading DNA file... phase_8/dna/storage_BR_sz.pdna
Reading DNA file... phase_8/dna/the_burrrgh_sz.pdna
entered wait for zone redirect
entered wait for set zone response - 2
Reading DNA file... phase_4/dna/storage.pdna
Reading DNA file... phase_3.5/dna/storage_interior.pdna
entered wait for zone redirect
entered wait for set zone response - 2
entered wait for zone redirect
entered wait for set zone response - 2
Laser Field initCollisionGeom
Laser Field initCollisionGeom
CollisionEntry:
  from render/Noob-100000044/camFloorRayNode/ccRay2Node
  into render/stage401004459/ZoneEntity-0/-PandaNode/LB_Zone03a_egg/Collsion/stageFloorColl0 []
  at -1 -6.2 -0.0347047
  normal -0.000961985 0.000458579 0.999999
  respect_prev_transform = 0


CollisionEntry:
  from render/Noob-100000044/camFloorRayNode/ccRay2Node
  into render/stage401004459/LB_connector_7cubeLR.egg/-PandaNode/LB_connector_7cubeLR_egg/collison/stageFloorColl1 []
  at 1.08525 38.698 0.190373
  normal 9.26614e-005 -0.421613 0.906776
  respect_prev_transform = 0


CollisionEntry:
  from render/Noob-100000044/camFloorRayNode/ccRay2Node
  into render/stage401004459/LB_connector_7cubeLR.egg/-PandaNode/LB_connector_7cubeLR_egg/collison/stageFloorColl1 []
  at 0.480506 51.5757 4.95152
  normal 6.5559e-005 0 1
  respect_prev_transform = 0


CollisionEntry:
  from render/Noob-100000044/camFloorRayNode/ccRay2Node
  into render/stage401004459/ZoneEntity-0/-PandaNode/Z13_ALL/room/collsion/stageFloorColl2 []
  at 33.0126 111.541 4.95065
  normal 0 0 1
  respect_prev_transform = 0


spec = {'parentEntId': 10000, 'pos': LPoint3f(0, 0, 0)}
h = None
