TTLocalizer: Running in language: English
OTPLocalizer: Running in language: English
Preloading suits...
Preloading Toon heads...
Preloading avatars...
{401000001: <toontown.distributed.ToontownDistrict.ToontownDistrict instance at 0x179CC6E8>}
__handleAvatarChooserDone: 100000070, 'Master Cool Cat', ('csl', 'ms', 'm', 'm', (0.3, 0.3, 0.35, 1.0), (0.28, 0.32, 0.72, 1.0), (0.3, 0.3, 0.35, 1.0), (0.3, 0.3, 0.35, 1.0), 111, 27, 98, 27, 41, 27), 3
entered wait for zone redirect
entered wait for set zone response - 2
Reading DNA file... phase_4/dna/storage.pdna
Reading DNA file... phase_3.5/dna/storage_interior.pdna
entered wait for zone redirect
entered wait for set zone response - 2
Reading DNA file... phase_4/dna/storage.pdna
Reading DNA file... phase_3.5/dna/storage_interior.pdna
entered wait for zone redirect
entered wait for set zone response - 2
spec = {'parentEntId': 110000, 'pos': LPoint3f(0, 0, 0)}
h = None
../resources/phase_3/audio/sfx
../resources/phase_3.5/audio/sfx
../resources/phase_4/audio/sfx
../resources/phase_5/audio/sfx
/phase_3/audio/sfx
/phase_3.5/audio/sfx
/phase_4/audio/sfx
/phase_5/audio/sfx

Pattern [0, 1, 2, 0, 2, 1] Place 0 Type 0
Pattern [0, 1, 2, 0, 2, 1] Place 1 Type 1
Pattern [0, 1, 2, 0, 2, 1] Place 2 Type 2
Pattern [1, 6, 0, 1, 6, 0] Place 0 Type 1
Pattern [1, 6, 0, 1, 6, 0] Place 1 Type 6
Pattern [1, 6, 0, 1, 6, 0] Place 2 Type 0
Pattern [1, 6, 0, 1, 6, 0] Place 3 Type 1
Pattern [1, 6, 0, 1, 6, 0] Place 4 Type 6
Pattern [1, 6, 0, 1, 6, 0] Place 5 Type 0
Pattern [1, 6, 0, 1, 6, 0] Place 0 Type 1
Pattern [1, 6, 0, 1, 6, 0] Place 1 Type 6
Pattern [1, 6, 0, 1, 6, 0] Place 2 Type 0
Pattern [1, 6, 0, 1, 6, 0] Place 3 Type 1
Pattern [1, 6, 0, 1, 6, 0] Place 4 Type 6
Pattern [1, 6, 0, 1, 6, 0] Place 5 Type 0
Pattern [1, 6, 0, 1, 6, 0] Place 0 Type 1
Pattern [1, 6, 0, 1, 6, 0] Place 1 Type 6
Pattern [1, 6, 0, 1, 6, 0] Place 2 Type 0
Pattern [1, 6, 0, 1, 6, 0] Place 3 Type 1
Pattern [1, 6, 0, 1, 6, 0] Place 4 Type 6
Pattern [1, 6, 0, 1, 6, 0] Place 5 Type 0
Pattern [1, 6, 0, 1, 6, 0] Place 0 Type 1
Pattern [1, 6, 0, 1, 6, 0] Place 1 Type 6
Pattern [1, 6, 0, 1, 6, 0] Place 2 Type 0
Pattern [1, 6, 0, 1, 6, 0] Place 3 Type 1
Pattern [1, 6, 0, 1, 6, 0] Place 4 Type 6
Pattern [1, 6, 0, 1, 6, 0] Place 5 Type 0
Pattern [1, 6, 0, 1, 6, 0] Place 0 Type 1
Pattern [1, 6, 0, 1, 6, 0] Place 1 Type 6
Pattern [1, 6, 0, 1, 6, 0] Place 2 Type 0
Pattern [1, 6, 0, 1, 6, 0] Place 3 Type 1
Pattern [1, 6, 0, 1, 6, 0] Place 4 Type 6
Pattern [1, 6, 0, 1, 6, 0] Place 5 Type 0
Pattern [1, 6, 0, 1, 6, 0] Place 0 Type 1
Pattern [1, 6, 0, 1, 6, 0] Place 1 Type 6
Pattern [1, 6, 0, 1, 6, 0] Place 2 Type 0
spec = {'parentEntId': 110400, 'pos': LPoint3f(0, 0, 0)}
h = None
../resources/phase_3/audio/sfx
../resources/phase_3.5/audio/sfx
../resources/phase_4/audio/sfx
../resources/phase_5/audio/sfx
/phase_3/audio/sfx
/phase_3.5/audio/sfx
/phase_4/audio/sfx
/phase_5/audio/sfx

../resources/phase_3/audio/sfx
../resources/phase_3.5/audio/sfx
../resources/phase_4/audio/sfx
../resources/phase_5/audio/sfx
/phase_3/audio/sfx
/phase_3.5/audio/sfx
/phase_4/audio/sfx
/phase_5/audio/sfx

