TTLocalizer: Running in language: English
OTPLocalizer: Running in language: English
Preloading suits...
Preloading Toon heads...
Preloading avatars...
{401000001: <toontown.distributed.ToontownDistrict.ToontownDistrict instance at 0x14FDE558>}
__handleAvatarChooserDone: 100000070, 'Master Cool Cat', ('csl', 'ms', 'm', 'm', (0.3, 0.3, 0.35, 1.0), (0.28, 0.32, 0.72, 1.0), (0.3, 0.3, 0.35, 1.0), (0.3, 0.3, 0.35, 1.0), 111, 27, 98, 27, 41, 27), 3
entered wait for zone redirect
entered wait for set zone response - 2
Reading DNA file... phase_4/dna/storage.pdna
Reading DNA file... phase_3.5/dna/storage_interior.pdna
Reading DNA file... phase_8/dna/storage_DL.pdna
Reading DNA file... phase_8/dna/storage_DL_sz.pdna
Reading DNA file... phase_8/dna/donalds_dreamland_sz.pdna
entered wait for zone redirect
entered wait for set zone response - 2
Reading DNA file... phase_4/dna/storage.pdna
Reading DNA file... phase_3.5/dna/storage_interior.pdna
entered wait for zone redirect
entered wait for set zone response - 2
spec = {'parentEntId': 10000, 'pos': LPoint3f(0, 0, 0)}
h = None
spec = {'parentEntId': 10000, 'pos': LPoint3f(0, 0, 0)}
h = None
entered wait for zone redirect
entered wait for set zone response - 2
entered wait for zone redirect
entered wait for set zone response - 2
Reading DNA file... phase_4/dna/storage.pdna
Reading DNA file... phase_3.5/dna/storage_interior.pdna
entered wait for zone redirect
entered wait for set zone response - 2
spec = {'parentEntId': 110000, 'pos': LPoint3f(0, 0, 0)}
h = None
### newVec3 =  LVector3f(2, 11.3, 1.5)
### newVec3 =  LVector3f(2, 11.3, 0)
### newVec3 =  LVector3f(2, 11.3, 0.375)
### newVec3 =  LVector3f(2, 11.3, 0)
### newVec3 =  LVector3f(2, 6.29999, 1.5)
### newVec3 =  LVector3f(2, 6.29999, 0)
### newVec3 =  LVector3f(2, 6.29999, 0.375)
### newVec3 =  LVector3f(2, 6.29999, 0)
Pattern [0, 1, 6, 2, 6, 0, 2, 1] Place 0 Type 0
Pattern [0, 1, 6, 2, 6, 0, 2, 1] Place 1 Type 1
Pattern [0, 1, 6, 2, 6, 0, 2, 1] Place 2 Type 6
Pattern [0, 1, 6, 2, 6, 0, 2, 1] Place 3 Type 2
Pattern [0, 1, 6, 2, 6, 0, 2, 1] Place 4 Type 6
Pattern [0, 1, 6, 2, 6, 0, 2, 1] Place 5 Type 0
Pattern [0, 1, 6, 2, 6, 0, 2, 1] Place 6 Type 2
Pattern [0, 1, 6, 2, 6, 0, 2, 1] Place 7 Type 1
Pattern [0, 1, 6, 2, 6, 0, 2, 1] Place 0 Type 0
Pattern [0, 1, 6, 2, 6, 0, 2, 1] Place 1 Type 1
Pattern [0, 1, 6, 2, 6, 0, 2, 1] Place 2 Type 6
Pattern [0, 1, 6, 2, 6, 0, 2, 1] Place 3 Type 2
Pattern [0, 1, 6, 2, 6, 0, 2, 1] Place 4 Type 6
Pattern [0, 1, 6, 2, 6, 0, 2, 1] Place 5 Type 0
Pattern [0, 1, 6, 2, 6, 0, 2, 1] Place 6 Type 2
Pattern [0, 1, 6, 2, 6, 0, 2, 1] Place 7 Type 1
Pattern [0, 1, 6, 2, 6, 0, 2, 1] Place 0 Type 0
Pattern [0, 1, 6, 2, 6, 0, 2, 1] Place 1 Type 1
Pattern [0, 1, 6, 2, 6, 0, 2, 1] Place 2 Type 6
Pattern [0, 1, 6, 2, 6, 0, 2, 1] Place 3 Type 2
Pattern [0, 1, 6, 2, 6, 0, 2, 1] Place 4 Type 6
Pattern [0, 1, 6, 2, 6, 0, 2, 1] Place 5 Type 0
Pattern [0, 1, 6, 2, 6, 0, 2, 1] Place 6 Type 2
Pattern [0, 1, 6, 2, 6, 0, 2, 1] Place 7 Type 1
Pattern [0, 1, 6, 2, 6, 0, 2, 1] Place 0 Type 0
Pattern [0, 1, 6, 2, 6, 0, 2, 1] Place 1 Type 1
Pattern [0, 1, 6, 2, 6, 0, 2, 1] Place 2 Type 6
Pattern [2, 1, 1, 5, 5, 0, 0, 2] Place 0 Type 2
Pattern [2, 1, 1, 5, 5, 0, 0, 2] Place 1 Type 1
Pattern [2, 1, 1, 5, 5, 0, 0, 2] Place 2 Type 1
Pattern [2, 1, 1, 5, 5, 0, 0, 2] Place 3 Type 5
Pattern [2, 1, 1, 5, 5, 0, 0, 2] Place 4 Type 5
Pattern [2, 1, 1, 5, 5, 0, 0, 2] Place 5 Type 0
Pattern [2, 1, 1, 5, 5, 0, 0, 2] Place 6 Type 0
Pattern [2, 1, 1, 5, 5, 0, 0, 2] Place 7 Type 2
Pattern [2, 1, 1, 5, 5, 0, 0, 2] Place 0 Type 2
Pattern [2, 1, 1, 5, 5, 0, 0, 2] Place 1 Type 1
Pattern [2, 1, 1, 5, 5, 0, 0, 2] Place 2 Type 1
Pattern [2, 1, 1, 5, 5, 0, 0, 2] Place 3 Type 5
Pattern [2, 1, 1, 5, 5, 0, 0, 2] Place 4 Type 5
Pattern [2, 1, 1, 5, 5, 0, 0, 2] Place 5 Type 0
Pattern [2, 1, 1, 5, 5, 0, 0, 2] Place 6 Type 0
Pattern [2, 1, 1, 5, 5, 0, 0, 2] Place 7 Type 2
Pattern [2, 1, 1, 5, 5, 0, 0, 2] Place 0 Type 2
Pattern [2, 1, 1, 5, 5, 0, 0, 2] Place 1 Type 1
Pattern [2, 1, 1, 5, 5, 0, 0, 2] Place 2 Type 1
Pattern [2, 1, 1, 5, 5, 0, 0, 2] Place 3 Type 5
Pattern [2, 1, 1, 5, 5, 0, 0, 2] Place 0 Type 2
Pattern [2, 1, 1, 5, 5, 0, 0, 2] Place 1 Type 1
Pattern [2, 1, 1, 5, 5, 0, 0, 2] Place 2 Type 1
Pattern [2, 1, 1, 5, 5, 0, 0, 2] Place 3 Type 5
Pattern [2, 1, 1, 5, 5, 0, 0, 2] Place 4 Type 5
Pattern [2, 1, 1, 5, 5, 0, 0, 2] Place 5 Type 0
Pattern [2, 1, 1, 5, 5, 0, 0, 2] Place 6 Type 0
Pattern [2, 1, 1, 5, 5, 0, 0, 2] Place 7 Type 2
Pattern [2, 1, 1, 5, 5, 0, 0, 2] Place 0 Type 2
Pattern [2, 1, 1, 5, 5, 0, 0, 2] Place 1 Type 1
Pattern [2, 1, 1, 5, 5, 0, 0, 2] Place 2 Type 1
Pattern [2, 1, 1, 5, 5, 0, 0, 2] Place 3 Type 5
Pattern [2, 1, 1, 5, 5, 0, 0, 2] Place 4 Type 5
Pattern [2, 1, 1, 5, 5, 0, 0, 2] Place 5 Type 0
Pattern [2, 1, 1, 5, 5, 0, 0, 2] Place 6 Type 0
Pattern [2, 1, 1, 5, 5, 0, 0, 2] Place 7 Type 2
Pattern [2, 1, 1, 5, 5, 0, 0, 2] Place 0 Type 2
Pattern [2, 1, 1, 5, 5, 0, 0, 2] Place 1 Type 1
Pattern [2, 1, 1, 5, 5, 0, 0, 2] Place 2 Type 1
Pattern [2, 1, 1, 5, 5, 0, 0, 2] Place 3 Type 5
Pattern [2, 1, 1, 5, 5, 0, 0, 2] Place 4 Type 5
Pattern [2, 1, 1, 5, 5, 0, 0, 2] Place 5 Type 0
Pattern [2, 1, 1, 5, 5, 0, 0, 2] Place 6 Type 0
Pattern [2, 1, 1, 5, 5, 0, 0, 2] Place 7 Type 2
Pattern [2, 1, 1, 5, 5, 0, 0, 2] Place 0 Type 2
Pattern [2, 1, 1, 5, 5, 0, 0, 2] Place 1 Type 1
Pattern [2, 1, 1, 5, 5, 0, 0, 2] Place 2 Type 1
Pattern [2, 1, 1, 5, 5, 0, 0, 2] Place 3 Type 5
Pattern [2, 1, 1, 5, 5, 0, 0, 2] Place 4 Type 5
Pattern [2, 1, 1, 5, 5, 0, 0, 2] Place 5 Type 0
Pattern [2, 1, 1, 5, 5, 0, 0, 2] Place 6 Type 0
Pattern [2, 1, 1, 5, 5, 0, 0, 2] Place 7 Type 2
Pattern [2, 1, 1, 5, 5, 0, 0, 2] Place 0 Type 2
Pattern [2, 1, 1, 5, 5, 0, 0, 2] Place 1 Type 1
Pattern [0, 1, 6, 2, 6, 0, 2, 1] Place 0 Type 0
Pattern [2, 1, 1, 5, 5, 0, 0, 2] Place 0 Type 2
Pattern [2, 1, 1, 5, 5, 0, 0, 2] Place 1 Type 1
Pattern [2, 1, 1, 5, 5, 0, 0, 2] Place 2 Type 1
Pattern [2, 1, 1, 5, 5, 0, 0, 2] Place 3 Type 5
Pattern [2, 1, 1, 5, 5, 0, 0, 2] Place 4 Type 5
Pattern [2, 1, 1, 5, 5, 0, 0, 2] Place 5 Type 0
Pattern [2, 1, 1, 5, 5, 0, 0, 2] Place 6 Type 0
spec = {'parentEntId': 110400, 'pos': LPoint3f(0, 0, 0)}
h = None
### newVec3 =  LVector3f(1.99997, 11.3, 1.5)
### newVec3 =  LVector3f(1.99997, 11.3, 0)
### newVec3 =  LVector3f(1.99997, 11.3, 0.375)
### newVec3 =  LVector3f(1.99997, 11.3, 0)
entered wait for zone redirect
entered wait for set zone response - 2
entered wait for zone redirect
entered wait for set zone response - 2
Reading DNA file... phase_4/dna/storage.pdna
Reading DNA file... phase_3.5/dna/storage_interior.pdna
entered wait for zone redirect
entered wait for set zone response - 2
entered wait for zone redirect
entered wait for set zone response - 2
