TTLocalizer: Running in language: English
OTPLocalizer: Running in language: English
Preloading suits...
Preloading Toon heads...
Preloading avatars...
{401000001: <toontown.distributed.ToontownDistrict.ToontownDistrict instance at 0x16C543F0>}
__handleAvatarChooserDone: 100000070, 'Cat', ('csl', 'ms', 'm', 'm', (0.3, 0.3, 0.35, 1.0), (0.28, 0.32, 0.72, 1.0), (0.3, 0.3, 0.35, 1.0), (0.3, 0.3, 0.35, 1.0), 111, 27, 98, 27, 41, 27), 3
entered wait for zone redirect
entered wait for set zone response - 2
Reading DNA file... phase_4/dna/storage.pdna
Reading DNA file... phase_3.5/dna/storage_interior.pdna
chooseFireOpenShot <function avatarCloseUpThrowShot at 0x0F73B730>
chooseFireOpenShot <function suitGroupThreeQuarterLeftBehindShot at 0x0F73B630>
Warning: NodePath.remove() is deprecated.  Use remove_node() instead.
Traceback (most recent call last):
  File "C:\Panda3D-1.10.0\direct\showbase\EventManager.py", line 52, in eventLoopTask
    self.doEvents()
  File "C:\Panda3D-1.10.0\direct\showbase\EventManager.py", line 46, in doEvents
    processFunc(self.eventQueue.dequeueEvent())
  File "C:\Panda3D-1.10.0\direct\showbase\EventManager.py", line 103, in processEvent
    messenger.send(eventName, paramList)
  File "C:\Panda3D-1.10.0\direct\showbase\Messenger.py", line 326, in send
    self.__dispatch(acceptorDict, event, sentArgs, foundWatch)
  File "C:\Panda3D-1.10.0\direct\showbase\Messenger.py", line 411, in __dispatch
    method (*(extraArgs + sentArgs))
  File "C:\Panda3D-1.10.0\direct\gui\DirectButton.py", line 103, in commandFunc
    apply(self['command'], self['extraArgs'])
  File "toontown\shtiker\ShtikerBook.py", line 183, in goToPage
    self.setPage(page)
  File "toontown\shtiker\ShtikerBook.py", line 284, in setPage
    page.enter()
  File "toontown\shtiker\SuitPage.py", line 244, in enter
    self.updatePage()
  File "toontown\shtiker\SuitPage.py", line 512, in updatePage
    self.updateCogStatus(dept, type, cogs[index])
  File "toontown\shtiker\SuitPage.py", line 540, in updateCogStatus
    self.setPanelStatus(panel, COG_DEFEATED)
  File "toontown\shtiker\SuitPage.py", line 492, in setPanelStatus
    groupAttacks, singleAttacks = SuitBattleGlobals.getAttacksByType(attributes)
  File "toontown\battle\SuitBattleGlobals.py", line 3615, in getAttacksByType
    if SuitAttacks[attack[0]][1] == ATK_TGT_GROUP:
KeyError: 'PlayHardBall'
Traceback (most recent call last):
  File "otp\otpbase\OTPBase.py", line 34, in run
    taskMgr.run()
  File "C:\Panda3D-1.10.0\direct\task\Task.py", line 508, in run
    self.step()
  File "C:\Panda3D-1.10.0\direct\task\Task.py", line 465, in step
    self.mgr.poll()
  File "C:\Panda3D-1.10.0\direct\showbase\EventManager.py", line 52, in eventLoopTask
    self.doEvents()
  File "C:\Panda3D-1.10.0\direct\showbase\EventManager.py", line 46, in doEvents
    processFunc(self.eventQueue.dequeueEvent())
  File "C:\Panda3D-1.10.0\direct\showbase\EventManager.py", line 103, in processEvent
    messenger.send(eventName, paramList)
  File "C:\Panda3D-1.10.0\direct\showbase\Messenger.py", line 326, in send
    self.__dispatch(acceptorDict, event, sentArgs, foundWatch)
  File "C:\Panda3D-1.10.0\direct\showbase\Messenger.py", line 411, in __dispatch
    method (*(extraArgs + sentArgs))
  File "C:\Panda3D-1.10.0\direct\gui\DirectButton.py", line 103, in commandFunc
    apply(self['command'], self['extraArgs'])
  File "toontown\shtiker\ShtikerBook.py", line 183, in goToPage
    self.setPage(page)
  File "toontown\shtiker\ShtikerBook.py", line 284, in setPage
    page.enter()
  File "toontown\shtiker\SuitPage.py", line 244, in enter
    self.updatePage()
  File "toontown\shtiker\SuitPage.py", line 512, in updatePage
    self.updateCogStatus(dept, type, cogs[index])
  File "toontown\shtiker\SuitPage.py", line 540, in updateCogStatus
    self.setPanelStatus(panel, COG_DEFEATED)
  File "toontown\shtiker\SuitPage.py", line 492, in setPanelStatus
    groupAttacks, singleAttacks = SuitBattleGlobals.getAttacksByType(attributes)
  File "toontown\battle\SuitBattleGlobals.py", line 3615, in getAttacksByType
    if SuitAttacks[attack[0]][1] == ATK_TGT_GROUP:
KeyError: 'PlayHardBall'
