TTLocalizer: Running in language: English
OTPLocalizer: Running in language: English
Preloading suits...
Preloading Toon heads...
Preloading avatars...
{406000001: <toontown.distributed.ToontownDistrict.ToontownDistrict instance at 0x19D0B418>, 407000001: <toontown.distributed.ToontownDistrict.ToontownDistrict instance at 0x19D0B3C8>, 401000001: <toontown.distributed.ToontownDistrict.ToontownDistrict instance at 0x19D0B6C0>, 402000001: <toontown.distributed.ToontownDistrict.ToontownDistrict instance at 0x19D0B648>, 404000001: <toontown.distributed.ToontownDistrict.ToontownDistrict instance at 0x19D0B508>, 403000001: <toontown.distributed.ToontownDistrict.ToontownDistrict instance at 0x19D0B5A8>, 405000001: <toontown.distributed.ToontownDistrict.ToontownDistrict instance at 0x19D0B468>}
__handleAvatarChooserDone: 100000097, 'Flippy', ('dss', 'ms', 'm', 'm', (0.34, 0.82, 0.95, 1.0), (1.0, 1.0, 1.0, 1.0), (0.34, 0.82, 0.95, 1.0), (0.34, 0.82, 0.95, 1.0), 3, 17, 3, 17, 7, 30), 5
entered wait for zone redirect
entered wait for set zone response - 2
Reading DNA file... phase_4/dna/storage.pdna
Reading DNA file... phase_3.5/dna/storage_interior.pdna
Reading DNA file... phase_8/dna/storage_DG.pdna
Reading DNA file... phase_8/dna/storage_DG_sz.pdna
Reading DNA file... phase_8/dna/daisys_garden_sz.pdna
entered wait for zone redirect
entered wait for set zone response - 2
Reading DNA file... phase_5/dna/storage_town.pdna
Reading DNA file... phase_8/dna/storage_DG_town.pdna
Reading DNA file... phase_8/dna/daisys_garden_5200.pdna
entered wait for zone redirect
entered wait for set zone response - 2
### newVec3 =  LVector3f(0, 5, 1.5)
### newVec3 =  LVector3f(0, 5, 0)
### newVec3 =  LVector3f(0, 5, 0.375)
### newVec3 =  LVector3f(0, 5, 0)
### newVec3 =  LVector3f(2, 6.3, 1.5)
### newVec3 =  LVector3f(2, 6.3, 0)
### newVec3 =  LVector3f(2, 6.3, 0.375)
### newVec3 =  LVector3f(2, 6.3, 0)
entered wait for zone redirect
entered wait for set zone response - 2
Reading DNA file... phase_5/dna/storage_town.pdna
Reading DNA file... phase_8/dna/storage_DG_town.pdna
Reading DNA file... phase_8/dna/daisys_garden_5200.pdna
entered wait for zone redirect
entered wait for set zone response - 2
entered wait for zone redirect
entered wait for set zone response - 2
Reading DNA file... phase_5/dna/storage_town.pdna
Reading DNA file... phase_8/dna/storage_DG_town.pdna
Reading DNA file... phase_8/dna/daisys_garden_5200.pdna
entered wait for zone redirect
entered wait for set zone response - 2
entered wait for zone redirect
entered wait for set zone response - 2
Reading DNA file... phase_5/dna/storage_town.pdna
Reading DNA file... phase_8/dna/storage_DG_town.pdna
Reading DNA file... phase_8/dna/daisys_garden_5200.pdna
entered wait for zone redirect
entered wait for set zone response - 2
entered wait for zone redirect
entered wait for set zone response - 2
Reading DNA file... phase_5/dna/storage_town.pdna
Reading DNA file... phase_8/dna/storage_DG_town.pdna
Reading DNA file... phase_8/dna/daisys_garden_5200.pdna
entered wait for zone redirect
entered wait for set zone response - 2
entered wait for zone redirect
entered wait for set zone response - 2
Reading DNA file... phase_5/dna/storage_town.pdna
Reading DNA file... phase_8/dna/storage_DG_town.pdna
Reading DNA file... phase_8/dna/daisys_garden_5200.pdna
entered wait for zone redirect
entered wait for set zone response - 2
entered wait for zone redirect
entered wait for set zone response - 2
Reading DNA file... phase_4/dna/storage.pdna
Reading DNA file... phase_3.5/dna/storage_interior.pdna
entered wait for zone redirect
entered wait for set zone response - 2
entered wait for zone redirect
entered wait for set zone response - 2
### newVec3 =  LVector3f(-1.99998, 11.3, 1.5)
### newVec3 =  LVector3f(-1.99998, 11.3, 0)
### newVec3 =  LVector3f(-1.99998, 11.3, 0.375)
### newVec3 =  LVector3f(-1.99998, 11.3, 0)
### newVec3 =  LVector3f(-1.99998, 11.3, 1.5)
### newVec3 =  LVector3f(-1.99998, 11.3, 0)
### newVec3 =  LVector3f(-1.99998, 11.3, 0.375)
### newVec3 =  LVector3f(-1.99998, 11.3, 0)
### newVec3 =  LVector3f(-1.99998, 6.3, 1.5)
### newVec3 =  LVector3f(-1.99998, 6.3, 0)
### newVec3 =  LVector3f(-1.99998, 6.3, 0.375)
### newVec3 =  LVector3f(-1.99998, 6.3, 0)
### newVec3 =  LVector3f(-1.99998, 6.3, 1.5)
### newVec3 =  LVector3f(-1.99998, 6.3, 0)
### newVec3 =  LVector3f(-1.99998, 6.3, 0.375)
### newVec3 =  LVector3f(-1.99998, 6.3, 0)
### newVec3 =  LVector3f(-1.99998, 6.3, 1.5)
### newVec3 =  LVector3f(-1.99998, 6.3, 0)
### newVec3 =  LVector3f(-1.99998, 6.3, 0.375)
### newVec3 =  LVector3f(-1.99998, 6.3, 0)
hit! 0.841571569443
hit! 0.907799720764
hit! 0.978880226612
hit! 0.759265303612
hit! 0.99636644125
hit! 0.879111588001
hit! 0.861347138882
hit! 0.359240114689
hit! 0.817422509193
hit! 0.948671340942
hit! 0.83889400959
hit! 0.928910493851
hit! 0.141809999943
hit! 0.926384687424
hit! 0.830522894859
hit! 0.95854818821
hit! 0.950020670891
hit! 0.400138735771
hit! 0.896216630936
hit! 0.728181660175
hit! 0.871941208839
hit! 0.747936785221
hit! 0.347412616014
hit! 0.608185529709
hit! 0.875938296318
hit! 0.850107610226
--not hard enough: 0.0294589940459
hit! 0.60217499733
hit! 0.901002347469
hit! 0.79261058569
hit! 0.193765059114
hit! 0.962307751179
hit! 0.76806139946
hit! 0.937559604645
hit! 0.779584050179
hit! 0.974162459373
hit! 0.24257811904
hit! 0.61615383625
hit! 0.928183615208
hit! 0.976765334606
hit! 0.970779955387
--not hard enough: -0.33778744936
hit! 0.557902216911
hit! 0.984665155411
hit! 0.439970523119
hit! 0.48227879405
hit! 0.719847619534
hit! 0.495230853558
hit! 0.893467009068
--not hard enough: -0.0573553442955
hit! 0.878774762154
hit! 0.918392539024
--not hard enough: -0.362555235624
hit! 0.87965887785
hit! 0.919231057167
--not hard enough: -0.225825726986
hit! 0.484483033419
hit! 0.772192001343
hit! 0.676930427551
hit! 0.989226460457
hit! 0.553634464741
--not hard enough: -0.651549756527
hit! 0.56446737051
hit! 0.859925091267
hit! 0.408343881369
hit! 0.439850658178
hit! 0.910352468491
--not hard enough: -0.79554772377
hit! 0.930296421051
hit! 0.978322327137
hit! 0.984978616238
hit! 0.981153786182
hit! 0.895259678364
hit! 0.330664336681
hit! 0.938362121582
hit! 0.919764637947
hit! 0.535548210144
hit! 0.979206740856
hit! 0.969221949577
hit! 0.140626460314
hit! 0.951175928116
hit! 0.980395138264
hit! 0.674236595631
hit! 0.86098408699
hit! 0.126143589616
hit! 0.205396726727
hit! 0.385319262743
hit! 0.556318759918
hit! 0.994702517986
hit! 0.998525619507
hit! 0.994289278984
hit! 0.849151849747
hit! 0.996268630028
hit! 0.987294256687
hit! 0.977933943272
hit! 0.757238984108
hit! 0.605040848255
hit! 0.964456558228
hit! 0.958037376404
hit! 0.927211880684
hit! 0.616599917412
hit! 0.950906634331
hit! 0.978623867035
hit! 0.695303797722
hit! 0.684474825859
hit! 0.965314269066
hit! 0.646763026714
hit! 0.13211221993
hit! 0.254514276981
--not hard enough: 0.393324285746
--not hard enough: -0.274778872728
hit! 0.788258612156
hit! 0.964404225349
hit! 0.598020911217
hit! 0.935774326324
hit! 0.537462413311
hit! 0.593846976757
hit! 0.931635439396
hit! 0.810001194477
hit! 0.60165810585
hit! 0.874135375023
hit! 0.891554474831
hit! 0.414321571589
hit! 0.962464094162
hit! 0.989841759205
hit! 0.264521509409
hit! 0.999159872532
hit! 0.789520859718
hit! 0.922531843185
hit! 0.582333624363
hit! 0.436857014894
--not hard enough: -0.580188035965
hit! 0.613669037819
hit! 0.394352287054
hit! 0.665884017944
hit! 0.724791049957
hit! 0.766967177391
hit! 0.803249120712
hit! 0.539434552193
hit! 0.75432485342
hit! 0.183351829648
hit! 0.378930032253
