TTLocalizer: Running in language: English
OTPLocalizer: Running in language: English
Preloading suits...
Preloading Toon heads...
Preloading avatars...
{406000001: <toontown.distributed.ToontownDistrict.ToontownDistrict instance at 0x17648328>, 401000001: <toontown.distributed.ToontownDistrict.ToontownDistrict instance at 0x176487B0>, 402000001: <toontown.distributed.ToontownDistrict.ToontownDistrict instance at 0x176486C0>, 404000001: <toontown.distributed.ToontownDistrict.ToontownDistrict instance at 0x176485F8>, 403000001: <toontown.distributed.ToontownDistrict.ToontownDistrict instance at 0x17648648>, 405000001: <toontown.distributed.ToontownDistrict.ToontownDistrict instance at 0x176485A8>}
entered wait for zone redirect
entered wait for set zone response - 2
Reading DNA file... phase_4/dna/storage.pdna
Reading DNA file... phase_3.5/dna/storage_interior.pdna
Reading DNA file... phase_4/dna/storage_TT.pdna
Reading DNA file... phase_4/dna/storage_TT_sz.pdna
Reading DNA file... phase_4/dna/toontown_central_sz.pdna
entered wait for zone redirect
entered wait for set zone response - 2
entered wait for zone redirect
entered wait for set zone response - 2
entered wait for zone redirect
entered wait for set zone response - 2
entered wait for zone redirect
entered wait for set zone response - 2
entered wait for zone redirect
entered wait for set zone response - 2
Reading DNA file... phase_5/dna/storage_town.pdna
Reading DNA file... phase_5/dna/storage_TT_town.pdna
Reading DNA file... phase_5/dna/toontown_central_2100.pdna
entered wait for zone redirect
entered wait for set zone response - 2
../resources/phase_3/audio/sfx
../resources/phase_3.5/audio/sfx
../resources/phase_4/audio/sfx
../resources/phase_5/audio/sfx
/phase_3/audio/sfx
/phase_3.5/audio/sfx
/phase_4/audio/sfx
/phase_5/audio/sfx

entered wait for zone redirect
entered wait for set zone response - 2
Reading DNA file... phase_4/dna/storage_TT_sz.pdna
Reading DNA file... phase_4/dna/toontown_central_sz.pdna
entered wait for zone redirect
entered wait for set zone response - 2
entered wait for zone redirect
entered wait for set zone response - 2
entered wait for zone redirect
entered wait for set zone response - 2
Reading DNA file... phase_5/dna/storage_town.pdna
Reading DNA file... phase_5/dna/storage_TT_town.pdna
Reading DNA file... phase_5/dna/toontown_central_2100.pdna
entered wait for zone redirect
entered wait for set zone response - 2
Reading DNA file... phase_4/dna/storage_TT_sz.pdna
Reading DNA file... phase_4/dna/toontown_central_sz.pdna
entered wait for zone redirect
entered wait for set zone response - 2
entered wait for zone redirect
entered wait for set zone response - 2
entered wait for zone redirect
entered wait for set zone response - 2
entered wait for zone redirect
entered wait for set zone response - 2
