TTLocalizer: Running in language: English
OTPLocalizer: Running in language: English
Preloading suits...
Preloading Toon heads...
Preloading avatars...
{401000001: <toontown.distributed.ToontownDistrict.ToontownDistrict instance at 0x1999F648>}
__handleAvatarChooserDone: 100000015, 'Evil Stephanie', ('css', 'ld', 'l', 'f', (0.99, 0.95, 0.59, 1.0), (0.3, 0.3, 0.35, 1.0), (0.99, 0.95, 0.59, 1.0), (0.99, 0.95, 0.59, 1.0), 99, 27, 0, 27, 7, 27), 1
entered wait for zone redirect
entered wait for set zone response - 2
Reading DNA file... phase_4/dna/storage.pdna
Reading DNA file... phase_3.5/dna/storage_interior.pdna
Reading DNA file... phase_8/dna/storage_BR.pdna
Reading DNA file... phase_8/dna/storage_BR_sz.pdna
Reading DNA file... phase_8/dna/the_burrrgh_sz.pdna
entered wait for zone redirect
entered wait for set zone response - 2
entered wait for zone redirect
entered wait for set zone response - 2
entered wait for zone redirect
entered wait for set zone response - 2
Reading DNA file... phase_5/dna/storage_town.pdna
Reading DNA file... phase_8/dna/storage_BR_town.pdna
Reading DNA file... phase_8/dna/the_burrrgh_3300.pdna
entered wait for zone redirect
entered wait for set zone response - 2
Exception occurred while processing Func-__handleBuildingRewardDone-3449 of movie-reward-track-with-cam-401004321:
movie-reward-track-with-cam-401004321:
  0.000 movie-reward-track-with-cam-401004321 {
  0.000   movie-reward-track-401004321 {
  0.000     Sequence-2429 {
  0.000       Parallel-2437 {
  0.000         Sequence-2431 {
  0.000           *Func-show-2998
  0.000           *Func-setOnscreenChatForced-2999
  0.000           *Func-_setupSkipListen-3000
  0.000           *Func-_teardownSkipListen-3441
  0.000           *Func-_setupSkipListen-3442
  0.000           Sequence-2434 {
  0.000             *Func-initGagFrame-3001
  0.000             Wait dur 1
  1.000             *Func-showTrackIncLabel-3002
  1.000             *Func-resetBarColor-3003
  1.000             Wait dur 0.1
  1.100             *Func-showTrackIncLabel-3004
  1.100             *Func-incrementExp-3005
  1.100             Wait dur 0.1
  1.200             *Func-incrementExp-3006
  1.200             Wait dur 0.1
  1.300             *Func-incrementExp-3007
  1.300             Wait dur 0.1
  1.400             *Func-incrementExp-3008
  1.400             Wait dur 0.1
  1.500             *Func-incrementExp-3009
  1.500             Wait dur 0.1
  1.600             *Func-incrementExp-3010
  1.600             Wait dur 0.1
  1.700             *Func-incrementExp-3011
  1.700             Wait dur 0.1
  1.800             *Func-incrementExp-3012
  1.800             Wait dur 0.1
  1.900             *Func-incrementExp-3013
  1.900             Wait dur 0.1
  2.000             *Func-incrementExp-3014
  2.000             Wait dur 0.1
  2.100             *Func-incrementExp-3015
  2.100             Wait dur 0.1
  2.200             *Func-incrementExp-3016
  2.200             Wait dur 0.1
  2.300             *Func-incrementExp-3017
  2.300             Wait dur 0.1
  2.400             *Func-incrementExp-3018
  2.400             Wait dur 0.1
  2.500             *Func-incrementExp-3019
  2.500             Wait dur 0.1
  2.600             *Func-incrementExp-3020
  2.600             Wait dur 0.1
  2.700             *Func-incrementExp-3021
  2.700             Wait dur 0.1
  2.800             *Func-incrementExp-3022
  2.800             Wait dur 0.1
  2.900             *Func-incrementExp-3023
  2.900             Wait dur 0.1
  3.000             *Func-incrementExp-3024
  3.000             Wait dur 0.1
  3.100             *Func-incrementExp-3025
  3.100             Wait dur 0.1
  3.200             *Func-incrementExp-3026
  3.200             Wait dur 0.1
  3.300             *Func-incrementExp-3027
  3.300             Wait dur 0.1
  3.400             *Func-incrementExp-3028
  3.400             Wait dur 0.1
  3.500             *Func-incrementExp-3029
  3.500             Wait dur 0.1
  3.600             *Func-incrementExp-3030
  3.600             Wait dur 0.1
  3.700             *Func-incrementExp-3031
  3.700             Wait dur 0.1
  3.800             *Func-incrementExp-3032
  3.800             Wait dur 0.1
  3.900             *Func-incrementExp-3033
  3.900             Wait dur 0.1
  4.000             *Func-incrementExp-3034
  4.000             Wait dur 0.1
  4.100             *Func-incrementExp-3035
  4.100             Wait dur 0.1
  4.200             *Func-incrementExp-3036
  4.200             Wait dur 0.1
  4.300             *Func-incrementExp-3037
  4.300             Wait dur 0.1
  4.400             *Func-incrementExp-3038
  4.400             Wait dur 0.1
  4.500             *Func-incrementExp-3039
  4.500             Wait dur 0.1
  4.600             *Func-incrementExp-3040
  4.600             Wait dur 0.1
  4.700             *Func-incrementExp-3041
  4.700             Wait dur 0.1
  4.800             *Func-incrementExp-3042
  4.800             Wait dur 0.1
  4.900             *Func-incrementExp-3043
  4.900             Wait dur 0.1
  5.000             *Func-incrementExp-3044
  5.000             Wait dur 0.1
  5.100             *Func-resetBarColor-3045
  5.100             Wait dur 0.1
  5.200             *Func-showTrackIncLabel-3046
  5.200             *Func-incrementExp-3047
  5.200             Wait dur 0.1
  5.300             *Func-incrementExp-3048
  5.300             Wait dur 0.1
  5.400             *Func-incrementExp-3049
  5.400             Wait dur 0.1
  5.500             *Func-incrementExp-3050
  5.500             Wait dur 0.1
  5.600             *Func-incrementExp-3051
  5.600             Wait dur 0.1
  5.700             *Func-incrementExp-3052
  5.700             Wait dur 0.1
  5.800             *Func-incrementExp-3053
  5.800             Wait dur 0.1
  5.900             *Func-incrementExp-3054
  5.900             Wait dur 0.1
  6.000             *Func-incrementExp-3055
  6.000             Wait dur 0.1
  6.100             *Func-incrementExp-3056
  6.100             Wait dur 0.1
  6.200             *Func-incrementExp-3057
  6.200             Wait dur 0.1
  6.300             *Func-incrementExp-3058
  6.300             Wait dur 0.1
  6.400             *Func-incrementExp-3059
  6.400             Wait dur 0.1
  6.500             *Func-incrementExp-3060
  6.500             Wait dur 0.1
  6.600             *Func-incrementExp-3061
  6.600             Wait dur 0.1
  6.700             *Func-incrementExp-3062
  6.700             Wait dur 0.1
  6.800             *Func-incrementExp-3063
  6.800             Wait dur 0.1
  6.900             *Func-incrementExp-3064
  6.900             Wait dur 0.1
  7.000             *Func-incrementExp-3065
  7.000             Wait dur 0.1
  7.100             *Func-incrementExp-3066
  7.100             Wait dur 0.1
  7.200             *Func-incrementExp-3067
  7.200             Wait dur 0.1
  7.300             *Func-incrementExp-3068
  7.300             Wait dur 0.1
  7.400             *Func-incrementExp-3069
  7.400             Wait dur 0.1
  7.500             *Func-incrementExp-3070
  7.500             Wait dur 0.1
  7.600             *Func-incrementExp-3071
  7.600             Wait dur 0.1
  7.700             *Func-incrementExp-3072
  7.700             Wait dur 0.1
  7.800             *Func-incrementExp-3073
  7.800             Wait dur 0.1
  7.900             *Func-incrementExp-3074
  7.900             Wait dur 0.1
  8.000             *Func-incrementExp-3075
  8.000             Wait dur 0.1
  8.100             *Func-incrementExp-3076
  8.100             Wait dur 0.1
  8.200             *Func-incrementExp-3077
  8.200             Wait dur 0.1
  8.300             *Func-incrementExp-3078
  8.300             Wait dur 0.1
  8.400             *Func-incrementExp-3079
  8.400             Wait dur 0.1
  8.500             *Func-incrementExp-3080
  8.500             Wait dur 0.1
  8.600             *Func-incrementExp-3081
  8.600             Wait dur 0.1
  8.700             *Func-incrementExp-3082
  8.700             Wait dur 0.1
  8.800             *Func-incrementExp-3083
  8.800             Wait dur 0.1
  8.900             *Func-incrementExp-3084
  8.900             Wait dur 0.1
  9.000             *Func-incrementExp-3085
  9.000             Wait dur 0.1
  9.100             *Func-incrementExp-3086
  9.100             Wait dur 0.1
  9.200             *Func-incrementExp-3087
  9.200             Wait dur 0.1
  9.300             *Func-incrementExp-3088
  9.300             Wait dur 0.1
  9.400             *Func-resetBarColor-3089
  9.400             Wait dur 0.1
  9.500             *Func-uberGagInterval-3090
  9.500             Wait dur 1
 10.500             *Func-setProp-3091
 10.500             Wait dur 1
 11.500             *Func-setProp-3092
 11.500             Wait dur 1.5
 13.000             *Func-cleanupNewGag-3093
 13.000             Wait dur 0.3
 13.300             *Func-showTrackIncLabel-3094
 13.300             *Func-incrementExp-3095
 13.300             Wait dur 0.05
 13.350             *Func-incrementExp-3096
 13.350             Wait dur 0.05
 13.400             *Func-incrementExp-3097
 13.400             Wait dur 0.05
 13.450             *Func-incrementExp-3098
 13.450             Wait dur 0.05
 13.500             *Func-incrementExp-3099
 13.500             Wait dur 0.05
 13.550             *Func-incrementExp-3100
 13.550             Wait dur 0.05
 13.600             *Func-incrementExp-3101
 13.600             Wait dur 0.05
 13.650             *Func-incrementExp-3102
 13.650             Wait dur 0.05
 13.700             *Func-incrementExp-3103
 13.700             Wait dur 0.05
 13.750             *Func-incrementExp-3104
 13.750             Wait dur 0.05
 13.800             *Func-incrementExp-3105
 13.800             Wait dur 0.05
 13.850             *Func-incrementExp-3106
 13.850             Wait dur 0.05
 13.900             *Func-incrementExp-3107
 13.900             Wait dur 0.05
 13.950             *Func-incrementExp-3108
 13.950             Wait dur 0.05
 14.000             *Func-incrementExp-3109
 14.000             Wait dur 0.05
 14.050             *Func-incrementExp-3110
 14.050             Wait dur 0.05
 14.100             *Func-incrementExp-3111
 14.100             Wait dur 0.05
 14.150             *Func-incrementExp-3112
 14.150             Wait dur 0.05
 14.200             *Func-incrementExp-3113
 14.200             Wait dur 0.05
 14.250             *Func-incrementExp-3114
 14.250             Wait dur 0.05
 14.300             *Func-incrementExp-3115
 14.300             Wait dur 0.05
 14.350             *Func-incrementExp-3116
 14.350             Wait dur 0.05
 14.400             *Func-incrementExp-3117
 14.400             Wait dur 0.05
 14.450             *Func-incrementExp-3118
 14.450             Wait dur 0.05
 14.500             *Func-incrementExp-3119
 14.500             Wait dur 0.05
 14.550             *Func-incrementExp-3120
 14.550             Wait dur 0.05
 14.600             *Func-incrementExp-3121
 14.600             Wait dur 0.05
 14.650             *Func-incrementExp-3122
 14.650             Wait dur 0.05
 14.700             *Func-incrementExp-3123
 14.700             Wait dur 0.05
 14.750             *Func-incrementExp-3124
 14.750             Wait dur 0.05
 14.800             *Func-incrementExp-3125
 14.800             Wait dur 0.05
 14.850             *Func-incrementExp-3126
 14.850             Wait dur 0.05
 14.900             *Func-incrementExp-3127
 14.900             Wait dur 0.05
 14.950             *Func-incrementExp-3128
 14.950             Wait dur 0.05
 15.000             *Func-incrementExp-3129
 15.000             Wait dur 0.05
 15.050             *Func-incrementExp-3130
 15.050             Wait dur 0.05
 15.100             *Func-incrementExp-3131
 15.100             Wait dur 0.05
 15.150             *Func-incrementExp-3132
 15.150             Wait dur 0.05
 15.200             *Func-incrementExp-3133
 15.200             Wait dur 0.05
 15.250             *Func-incrementExp-3134
 15.250             Wait dur 0.05
 15.300             *Func-incrementExp-3135
 15.300             Wait dur 0.05
 15.350             *Func-incrementExp-3136
 15.350             Wait dur 0.05
 15.400             *Func-incrementExp-3137
 15.400             Wait dur 0.05
 15.450             *Func-incrementExp-3138
 15.450             Wait dur 0.05
 15.500             *Func-incrementExp-3139
 15.500             Wait dur 0.05
 15.550             *Func-incrementExp-3140
 15.550             Wait dur 0.05
 15.600             *Func-incrementExp-3141
 15.600             Wait dur 0.05
 15.650             *Func-incrementExp-3142
 15.650             Wait dur 0.05
 15.700             *Func-incrementExp-3143
 15.700             Wait dur 0.05
 15.750             *Func-incrementExp-3144
 15.750             Wait dur 0.05
 15.800             *Func-incrementExp-3145
 15.800             Wait dur 0.05
 15.850             *Func-incrementExp-3146
 15.850             Wait dur 0.05
 15.900             *Func-incrementExp-3147
 15.900             Wait dur 0.05
 15.950             *Func-incrementExp-3148
 15.950             Wait dur 0.05
 16.000             *Func-incrementExp-3149
 16.000             Wait dur 0.05
 16.050             *Func-incrementExp-3150
 16.050             Wait dur 0.05
 16.100             *Func-incrementExp-3151
 16.100             Wait dur 0.05
 16.150             *Func-incrementExp-3152
 16.150             Wait dur 0.05
 16.200             *Func-incrementExp-3153
 16.200             Wait dur 0.05
 16.250             *Func-incrementExp-3154
 16.250             Wait dur 0.05
 16.300             *Func-incrementExp-3155
 16.300             Wait dur 0.05
 16.350             *Func-incrementExp-3156
 16.350             Wait dur 0.05
 16.400             *Func-incrementExp-3157
 16.400             Wait dur 0.05
 16.450             *Func-incrementExp-3158
 16.450             Wait dur 0.05
 16.500             Wait dur 0.3
 16.800             *Func-showTrackIncLabel-3159
 16.800             *Func-incrementExp-3160
 16.800             Wait dur 0.1
 16.900             *Func-incrementExp-3161
 16.900             Wait dur 0.1
 17.000             *Func-incrementExp-3162
 17.000             Wait dur 0.1
 17.100             *Func-incrementExp-3163
 17.100             Wait dur 0.1
 17.200             *Func-incrementExp-3164
 17.200             Wait dur 0.1
 17.300             *Func-incrementExp-3165
 17.300             Wait dur 0.1
 17.400             *Func-incrementExp-3166
 17.400             Wait dur 0.1
 17.500             *Func-incrementExp-3167
 17.500             Wait dur 0.1
 17.600             *Func-incrementExp-3168
 17.600             Wait dur 0.1
 17.700             *Func-incrementExp-3169
 17.700             Wait dur 0.1
 17.800             *Func-incrementExp-3170
 17.800             Wait dur 0.1
 17.900             *Func-incrementExp-3171
 17.900             Wait dur 0.1
 18.000             *Func-incrementExp-3172
 18.000             Wait dur 0.1
 18.100             *Func-incrementExp-3173
 18.100             Wait dur 0.1
 18.200             *Func-incrementExp-3174
 18.200             Wait dur 0.1
 18.300             *Func-incrementExp-3175
 18.300             Wait dur 0.1
 18.400             *Func-incrementExp-3176
 18.400             Wait dur 0.1
 18.500             *Func-incrementExp-3177
 18.500             Wait dur 0.1
 18.600             *Func-incrementExp-3178
 18.600             Wait dur 0.1
 18.700             *Func-incrementExp-3179
 18.700             Wait dur 0.1
 18.800             *Func-incrementExp-3180
 18.800             Wait dur 0.1
 18.900             *Func-incrementExp-3181
 18.900             Wait dur 0.1
 19.000             *Func-incrementExp-3182
 19.000             Wait dur 0.1
 19.100             *Func-incrementExp-3183
 19.100             Wait dur 0.1
 19.200             *Func-incrementExp-3184
 19.200             Wait dur 0.1
 19.300             *Func-incrementExp-3185
 19.300             Wait dur 0.1
 19.400             *Func-incrementExp-3186
 19.400             Wait dur 0.1
 19.500             *Func-incrementExp-3187
 19.500             Wait dur 0.1
 19.600             *Func-incrementExp-3188
 19.600             Wait dur 0.1
 19.700             *Func-incrementExp-3189
 19.700             Wait dur 0.1
 19.800             *Func-incrementExp-3190
 19.800             Wait dur 0.1
 19.900             *Func-incrementExp-3191
 19.900             Wait dur 0.1
 20.000             *Func-incrementExp-3192
 20.000             Wait dur 0.1
 20.100             *Func-incrementExp-3193
 20.100             Wait dur 0.1
 20.200             *Func-incrementExp-3194
 20.200             Wait dur 0.1
 20.300             *Func-incrementExp-3195
 20.300             Wait dur 0.1
 20.400             *Func-incrementExp-3196
 20.400             Wait dur 0.1
 20.500             *Func-incrementExp-3197
 20.500             Wait dur 0.1
 20.600             *Func-incrementExp-3198
 20.600             Wait dur 0.1
 20.700             *Func-incrementExp-3199
 20.700             Wait dur 0.1
 20.800             *Func-incrementExp-3200
 20.800             Wait dur 0.1
 20.900             *Func-incrementExp-3201
 20.900             Wait dur 0.1
 21.000             *Func-incrementExp-3202
 21.000             Wait dur 0.1
 21.100             *Func-incrementExp-3203
 21.100             Wait dur 0.1
 21.200             *Func-incrementExp-3204
 21.200             Wait dur 0.1
 21.300             *Func-incrementExp-3205
 21.300             Wait dur 0.1
 21.400             *Func-incrementExp-3206
 21.400             Wait dur 0.1
 21.500             *Func-incrementExp-3207
 21.500             Wait dur 0.1
 21.600             *Func-incrementExp-3208
 21.600             Wait dur 0.1
 21.700             *Func-incrementExp-3209
 21.700             Wait dur 0.1
 21.800             *Func-incrementExp-3210
 21.800             Wait dur 0.1
 21.900             *Func-incrementExp-3211
 21.900             Wait dur 0.1
 22.000             *Func-incrementExp-3212
 22.000             Wait dur 0.1
 22.100             *Func-incrementExp-3213
 22.100             Wait dur 0.1
 22.200             *Func-incrementExp-3214
 22.200             Wait dur 0.1
 22.300             *Func-incrementExp-3215
 22.300             Wait dur 0.1
 22.400             *Func-incrementExp-3216
 22.400             Wait dur 0.1
 22.500             *Func-incrementExp-3217
 22.500             Wait dur 0.1
 22.600             *Func-incrementExp-3218
 22.600             Wait dur 0.1
 22.700             *Func-incrementExp-3219
 22.700             Wait dur 0.1
 22.800             *Func-incrementExp-3220
 22.800             Wait dur 0.1
 22.900             *Func-resetBarColor-3221
 22.900             Wait dur 0.1
 23.000             *Func-showTrackIncLabel-3222
 23.000             *Func-incrementExp-3223
 23.000             Wait dur 0.1
 23.100             *Func-incrementExp-3224
 23.100             Wait dur 0.1
 23.200             *Func-incrementExp-3225
 23.200             Wait dur 0.1
 23.300             *Func-incrementExp-3226
 23.300             Wait dur 0.1
 23.400             *Func-incrementExp-3227
 23.400             Wait dur 0.1
 23.500             *Func-incrementExp-3228
 23.500             Wait dur 0.1
 23.600             *Func-incrementExp-3229
 23.600             Wait dur 0.1
 23.700             *Func-incrementExp-3230
 23.700             Wait dur 0.1
 23.800             *Func-incrementExp-3231
 23.800             Wait dur 0.1
 23.900             *Func-incrementExp-3232
 23.900             Wait dur 0.1
 24.000             *Func-incrementExp-3233
 24.000             Wait dur 0.1
 24.100             *Func-incrementExp-3234
 24.100             Wait dur 0.1
 24.200             *Func-incrementExp-3235
 24.200             Wait dur 0.1
 24.300             *Func-incrementExp-3236
 24.300             Wait dur 0.1
 24.400             *Func-incrementExp-3237
 24.400             Wait dur 0.1
 24.500             *Func-incrementExp-3238
 24.500             Wait dur 0.1
 24.600             *Func-incrementExp-3239
 24.600             Wait dur 0.1
 24.700             *Func-incrementExp-3240
 24.700             Wait dur 0.1
 24.800             *Func-incrementExp-3241
 24.800             Wait dur 0.1
 24.900             *Func-incrementExp-3242
 24.900             Wait dur 0.1
 25.000             *Func-incrementExp-3243
 25.000             Wait dur 0.1
 25.100             *Func-incrementExp-3244
 25.100             Wait dur 0.1
 25.200             *Func-incrementExp-3245
 25.200             Wait dur 0.1
 25.300             *Func-incrementExp-3246
 25.300             Wait dur 0.1
 25.400             *Func-incrementExp-3247
 25.400             Wait dur 0.1
 25.500             *Func-incrementExp-3248
 25.500             Wait dur 0.1
 25.600             *Func-incrementExp-3249
 25.600             Wait dur 0.1
 25.700             *Func-incrementExp-3250
 25.700             Wait dur 0.1
 25.800             *Func-incrementExp-3251
 25.800             Wait dur 0.1
 25.900             *Func-incrementExp-3252
 25.900             Wait dur 0.1
 26.000             *Func-incrementExp-3253
 26.000             Wait dur 0.1
 26.100             *Func-incrementExp-3254
 26.100             Wait dur 0.1
 26.200             *Func-incrementExp-3255
 26.200             Wait dur 0.1
 26.300             *Func-incrementExp-3256
 26.300             Wait dur 0.1
 26.400             *Func-incrementExp-3257
 26.400             Wait dur 0.1
 26.500             *Func-incrementExp-3258
 26.500             Wait dur 0.1
 26.600             *Func-incrementExp-3259
 26.600             Wait dur 0.1
 26.700             *Func-incrementExp-3260
 26.700             Wait dur 0.1
 26.800             *Func-incrementExp-3261
 26.800             Wait dur 0.1
 26.900             *Func-incrementExp-3262
 26.900             Wait dur 0.1
 27.000             *Func-incrementExp-3263
 27.000             Wait dur 0.1
 27.100             *Func-incrementExp-3264
 27.100             Wait dur 0.1
 27.200             *Func-incrementExp-3265
 27.200             Wait dur 0.1
 27.300             *Func-incrementExp-3266
 27.300             Wait dur 0.1
 27.400             *Func-incrementExp-3267
 27.400             Wait dur 0.1
 27.500             *Func-incrementExp-3268
 27.500             Wait dur 0.1
 27.600             *Func-incrementExp-3269
 27.600             Wait dur 0.1
 27.700             *Func-incrementExp-3270
 27.700             Wait dur 0.1
 27.800             *Func-incrementExp-3271
 27.800             Wait dur 0.1
 27.900             *Func-incrementExp-3272
 27.900             Wait dur 0.1
 28.000             *Func-incrementExp-3273
 28.000             Wait dur 0.1
 28.100             *Func-incrementExp-3274
 28.100             Wait dur 0.1
 28.200             *Func-incrementExp-3275
 28.200             Wait dur 0.1
 28.300             *Func-incrementExp-3276
 28.300             Wait dur 0.1
 28.400             *Func-incrementExp-3277
 28.400             Wait dur 0.1
 28.500             *Func-incrementExp-3278
 28.500             Wait dur 0.1
 28.600             *Func-incrementExp-3279
 28.600             Wait dur 0.1
 28.700             *Func-resetBarColor-3280
 28.700             Wait dur 0.1
 28.800             *Func-showTrackIncLabel-3281
 28.800             *Func-incrementExp-3282
 28.800             Wait dur 0.1
 28.900             *Func-incrementExp-3283
 28.900             Wait dur 0.1
 29.000             *Func-incrementExp-3284
 29.000             Wait dur 0.1
 29.100             *Func-incrementExp-3285
 29.100             Wait dur 0.1
 29.200             *Func-incrementExp-3286
 29.200             Wait dur 0.1
 29.300             *Func-incrementExp-3287
 29.300             Wait dur 0.1
 29.400             *Func-incrementExp-3288
 29.400             Wait dur 0.1
 29.500             *Func-incrementExp-3289
 29.500             Wait dur 0.1
 29.600             *Func-incrementExp-3290
 29.600             Wait dur 0.1
 29.700             *Func-incrementExp-3291
 29.700             Wait dur 0.1
 29.800             *Func-incrementExp-3292
 29.800             Wait dur 0.1
 29.900             *Func-incrementExp-3293
 29.900             Wait dur 0.1
 30.000             *Func-incrementExp-3294
 30.000             Wait dur 0.1
 30.100             *Func-incrementExp-3295
 30.100             Wait dur 0.1
 30.200             *Func-incrementExp-3296
 30.200             Wait dur 0.1
 30.300             *Func-incrementExp-3297
 30.300             Wait dur 0.1
 30.400             *Func-incrementExp-3298
 30.400             Wait dur 0.1
 30.500             *Func-incrementExp-3299
 30.500             Wait dur 0.1
 30.600             *Func-incrementExp-3300
 30.600             Wait dur 0.1
 30.700             *Func-incrementExp-3301
 30.700             Wait dur 0.1
 30.800             *Func-incrementExp-3302
 30.800             Wait dur 0.1
 30.900             *Func-incrementExp-3303
 30.900             Wait dur 0.1
 31.000             *Func-incrementExp-3304
 31.000             Wait dur 0.1
 31.100             *Func-incrementExp-3305
 31.100             Wait dur 0.1
 31.200             *Func-incrementExp-3306
 31.200             Wait dur 0.1
 31.300             *Func-incrementExp-3307
 31.300             Wait dur 0.1
 31.400             *Func-incrementExp-3308
 31.400             Wait dur 0.1
 31.500             *Func-incrementExp-3309
 31.500             Wait dur 0.1
 31.600             *Func-incrementExp-3310
 31.600             Wait dur 0.1
 31.700             *Func-incrementExp-3311
 31.700             Wait dur 0.1
 31.800             *Func-incrementExp-3312
 31.800             Wait dur 0.1
 31.900             *Func-incrementExp-3313
 31.900             Wait dur 0.1
 32.000             *Func-incrementExp-3314
 32.000             Wait dur 0.1
 32.100             *Func-incrementExp-3315
 32.100             Wait dur 0.1
 32.200             *Func-incrementExp-3316
 32.200             Wait dur 0.1
 32.300             *Func-incrementExp-3317
 32.300             Wait dur 0.1
 32.400             *Func-incrementExp-3318
 32.400             Wait dur 0.1
 32.500             *Func-incrementExp-3319
 32.500             Wait dur 0.1
 32.600             *Func-incrementExp-3320
 32.600             Wait dur 0.1
 32.700             *Func-incrementExp-3321
 32.700             Wait dur 0.1
 32.800             *Func-resetBarColor-3322
 32.800             Wait dur 0.1
 32.900             *Func-showTrackIncLabel-3323
 32.900             *Func-incrementExp-3324
 32.900             Wait dur 0.1
 33.000             *Func-incrementExp-3325
 33.000             Wait dur 0.1
 33.100             *Func-incrementExp-3326
 33.100             Wait dur 0.1
 33.200             *Func-incrementExp-3327
 33.200             Wait dur 0.1
 33.300             *Func-incrementExp-3328
 33.300             Wait dur 0.1
 33.400             *Func-incrementExp-3329
 33.400             Wait dur 0.1
 33.500             *Func-incrementExp-3330
 33.500             Wait dur 0.1
 33.600             *Func-incrementExp-3331
 33.600             Wait dur 0.1
 33.700             *Func-incrementExp-3332
 33.700             Wait dur 0.1
 33.800             *Func-incrementExp-3333
 33.800             Wait dur 0.1
 33.900             *Func-incrementExp-3334
 33.900             Wait dur 0.1
 34.000             *Func-incrementExp-3335
 34.000             Wait dur 0.1
 34.100             *Func-incrementExp-3336
 34.100             Wait dur 0.1
 34.200             *Func-incrementExp-3337
 34.200             Wait dur 0.1
 34.300             *Func-incrementExp-3338
 34.300             Wait dur 0.1
 34.400             *Func-incrementExp-3339
 34.400             Wait dur 0.1
 34.500             *Func-incrementExp-3340
 34.500             Wait dur 0.1
 34.600             *Func-incrementExp-3341
 34.600             Wait dur 0.1
 34.700             *Func-incrementExp-3342
 34.700             Wait dur 0.1
 34.800             *Func-incrementExp-3343
 34.800             Wait dur 0.1
 34.900             *Func-incrementExp-3344
 34.900             Wait dur 0.1
 35.000             *Func-incrementExp-3345
 35.000             Wait dur 0.1
 35.100             *Func-incrementExp-3346
 35.100             Wait dur 0.1
 35.200             *Func-incrementExp-3347
 35.200             Wait dur 0.1
 35.300             *Func-incrementExp-3348
 35.300             Wait dur 0.1
 35.400             *Func-incrementExp-3349
 35.400             Wait dur 0.1
 35.500             *Func-incrementExp-3350
 35.500             Wait dur 0.1
 35.600             *Func-incrementExp-3351
 35.600             Wait dur 0.1
 35.700             *Func-incrementExp-3352
 35.700             Wait dur 0.1
 35.800             *Func-incrementExp-3353
 35.800             Wait dur 0.1
 35.900             *Func-incrementExp-3354
 35.900             Wait dur 0.1
 36.000             *Func-incrementExp-3355
 36.000             Wait dur 0.1
 36.100             *Func-incrementExp-3356
 36.100             Wait dur 0.1
 36.200             *Func-incrementExp-3357
 36.200             Wait dur 0.1
 36.300             *Func-incrementExp-3358
 36.300             Wait dur 0.1
 36.400             *Func-incrementExp-3359
 36.400             Wait dur 0.1
 36.500             *Func-incrementExp-3360
 36.500             Wait dur 0.1
 36.600             *Func-incrementExp-3361
 36.600             Wait dur 0.1
 36.700             *Func-incrementExp-3362
 36.700             Wait dur 0.1
 36.800             *Func-incrementExp-3363
 36.800             Wait dur 0.1
 36.900             *Func-incrementExp-3364
 36.900             Wait dur 0.1
 37.000             *Func-incrementExp-3365
 37.000             Wait dur 0.1
 37.100             *Func-incrementExp-3366
 37.100             Wait dur 0.1
 37.200             *Func-incrementExp-3367
 37.200             Wait dur 0.1
 37.300             *Func-incrementExp-3368
 37.300             Wait dur 0.1
 37.400             *Func-incrementExp-3369
 37.400             Wait dur 0.1
 37.500             *Func-incrementExp-3370
 37.500             Wait dur 0.1
 37.600             *Func-incrementExp-3371
 37.600             Wait dur 0.1
 37.700             *Func-incrementExp-3372
 37.700             Wait dur 0.1
 37.800             *Func-incrementExp-3373
 37.800             Wait dur 0.1
 37.900             *Func-resetBarColor-3374
 37.900             Wait dur 0.1
 38.000             *Func-incrementMerits-3375
 38.000             Wait dur 0.08
 38.080             *Func-incrementMerits-3376
 38.080             Wait dur 0.08
 38.160             *Func-incrementMerits-3377
 38.160             Wait dur 0.08
 38.240             *Func-incrementMerits-3378
 38.240             Wait dur 0.08
 38.320             *Func-incrementMerits-3379
 38.320             Wait dur 0.08
 38.400             *Func-incrementMerits-3380
 38.400             Wait dur 0.08
 38.480             *Func-incrementMerits-3381
 38.480             Wait dur 0.08
 38.560             *Func-incrementMerits-3382
 38.560             Wait dur 0.08
 38.640             *Func-incrementMerits-3383
 38.640             Wait dur 0.08
 38.720             *Func-incrementMerits-3384
 38.720             Wait dur 0.08
 38.800             *Func-incrementMerits-3385
 38.800             Wait dur 0.08
 38.880             *Func-incrementMerits-3386
 38.880             Wait dur 0.08
 38.960             *Func-incrementMerits-3387
 38.960             Wait dur 0.08
 39.040             *Func-incrementMerits-3388
 39.040             Wait dur 0.08
 39.120             *Func-incrementMerits-3389
 39.120             Wait dur 0.08
 39.200             *Func-incrementMerits-3390
 39.200             Wait dur 0.08
 39.280             *Func-incrementMerits-3391
 39.280             Wait dur 0.08
 39.360             *Func-incrementMerits-3392
 39.360             Wait dur 0.08
 39.440             *Func-incrementMerits-3393
 39.440             Wait dur 0.08
 39.520             *Func-incrementMerits-3394
 39.520             Wait dur 0.08
 39.600             *Func-incrementMerits-3395
 39.600             Wait dur 0.08
 39.680             *Func-incrementMerits-3396
 39.680             Wait dur 0.08
 39.760             *Func-incrementMerits-3397
 39.760             Wait dur 0.08
 39.840             *Func-incrementMerits-3398
 39.840             Wait dur 0.08
 39.920             *Func-incrementMerits-3399
 39.920             Wait dur 0.08
 40.000             *Func-incrementMerits-3400
 40.000             Wait dur 0.08
 40.080             *Func-incrementMerits-3401
 40.080             Wait dur 0.08
 40.160             *Func-incrementMerits-3402
 40.160             Wait dur 0.08
 40.240             *Func-incrementMerits-3403
 40.240             Wait dur 0.08
 40.320             *Func-incrementMerits-3404
 40.320             Wait dur 0.08
 40.400             *Func-incrementMerits-3405
 40.400             Wait dur 0.08
 40.480             *Func-incrementMerits-3406
 40.480             Wait dur 0.08
 40.560             *Func-incrementMerits-3407
 40.560             Wait dur 0.08
 40.640             *Func-incrementMerits-3408
 40.640             Wait dur 0.08
 40.720             *Func-incrementMerits-3409
 40.720             Wait dur 0.08
 40.800             *Func-incrementMerits-3410
 40.800             Wait dur 0.08
 40.880             *Func-incrementMerits-3411
 40.880             Wait dur 0.08
 40.960             *Func-incrementMerits-3412
 40.960             Wait dur 0.08
 41.040             *Func-incrementMerits-3413
 41.040             Wait dur 0.08
 41.120             *Func-incrementMerits-3414
 41.120             Wait dur 0.08
 41.200             *Func-incrementMerits-3415
 41.200             Wait dur 0.08
 41.280             *Func-incrementMerits-3416
 41.280             Wait dur 0.08
 41.360             *Func-incrementMerits-3417
 41.360             Wait dur 0.08
 41.440             *Func-incrementMerits-3418
 41.440             Wait dur 0.08
 41.520             *Func-incrementMerits-3419
 41.520             Wait dur 0.08
 41.600             *Func-incrementMerits-3420
 41.600             Wait dur 0.08
 41.680             *Func-incrementMerits-3421
 41.680             Wait dur 0.08
 41.760             *Func-incrementMerits-3422
 41.760             Wait dur 0.08
 41.840             *Func-incrementMerits-3423
 41.840             Wait dur 0.08
 41.920             *Func-incrementMerits-3424
 41.920             Wait dur 0.08
 42.000             *Func-incrementMerits-3425
 42.000             Wait dur 0.08
 42.080             *Func-incrementMerits-3426
 42.080             Wait dur 0.08
 42.160             *Func-incrementMerits-3427
 42.160             Wait dur 0.08
 42.240             *Func-incrementMerits-3428
 42.240             Wait dur 0.08
 42.320             *Func-incrementMerits-3429
 42.320             Wait dur 0.08
 42.400             *Func-incrementMerits-3430
 42.400             Wait dur 0.08
 42.480             *Func-incrementMerits-3431
 42.480             Wait dur 0.08
 42.560             *Func-incrementMerits-3432
 42.560             Wait dur 0.08
 42.640             *Func-incrementMerits-3433
 42.640             Wait dur 0.08
 42.720             *Func-incrementMerits-3434
 42.720             Wait dur 0.08
 42.800             *Func-incrementMerits-3435
 42.800             Wait dur 0.08
 42.880             *Func-incrementMerits-3436
 42.880             Wait dur 0.08
 42.960             *Func-incrementMerits-3437
 42.960             Wait dur 0.08
 43.040             *Func-incrementMerits-3438
 43.040             Wait dur 0.08
 43.120             *Func-incrementMerits-3439
 43.120             Wait dur 0.08
 43.200             *Func-resetMeritBarColor-3440
 43.200             Wait dur 0.3
 43.500             Wait dur 1
 44.500             Wait dur 0.25
 44.750           }
 44.750           *Func-_teardownSkipListen-3445
 44.750           *Func-destroy-3446
 44.750           *Func-hide-3447
 44.750           *Func-setOnscreenChatForced-3448
 44.750           Sequence-2433 {
 44.750           }
 44.750         }
  0.000         *Sound-386 dur 44.75
 44.750       }
 44.750       *Func-__handleBuildingRewardDone-3449
 44.750     }
 44.750   }
  0.000   Sequence-2430 {
  0.000     Sequence-2432 {
  0.000       Sequence-2436 {
  0.000         *Func-chooseRewardShotNow-3444
  0.000         Wait dur 44.75
 44.750       }
 44.750     }
 44.750   }
 44.750 }

Traceback (most recent call last):
  File "C:\Panda3D-1.10.0\direct\showbase\EventManager.py", line 52, in eventLoopTask
    self.doEvents()
  File "C:\Panda3D-1.10.0\direct\showbase\EventManager.py", line 46, in doEvents
    processFunc(self.eventQueue.dequeueEvent())
  File "C:\Panda3D-1.10.0\direct\showbase\EventManager.py", line 103, in processEvent
    messenger.send(eventName, paramList)
  File "C:\Panda3D-1.10.0\direct\showbase\Messenger.py", line 326, in send
    self.__dispatch(acceptorDict, event, sentArgs, foundWatch)
  File "C:\Panda3D-1.10.0\direct\showbase\Messenger.py", line 411, in __dispatch
    method (*(extraArgs + sentArgs))
  File "C:\Panda3D-1.10.0\direct\showbase\ShowBase.py", line 2665, in windowEvent
    self.userExit()
  File "toontown\toonbase\ToonBase.py", line 400, in userExit
    self.cr.dumpAllSubShardObjects()
  File "toontown\distributed\ToontownClientRepository.py", line 556, in dumpAllSubShardObjects
    self.deleteObject(doId)
  File "toontown\distributed\ToontownClientRepository.py", line 906, in deleteObject
    obj.deleteOrDelay()
  File "C:\Panda3D-1.10.0\direct\distributed\DistributedObject.py", line 199, in deleteOrDelay
    self.disableAnnounceAndDelete()
  File "C:\Panda3D-1.10.0\direct\distributed\DistributedObject.py", line 202, in disableAnnounceAndDelete
    self.disableAndAnnounce()
  File "C:\Panda3D-1.10.0\direct\distributed\DistributedObject.py", line 228, in disableAndAnnounce
    self.disable()
  File "toontown\battle\DistributedBattleBldg.py", line 52, in disable
    DistributedBattleBase.DistributedBattleBase.disable(self)
  File "toontown\battle\DistributedBattleBase.py", line 133, in disable
    self.cleanupBattle()
  File "toontown\battle\DistributedBattleBase.py", line 145, in cleanupBattle
    self.fsm.requestFinalState()
  File "C:\Panda3D-1.10.0\direct\fsm\ClassicFSM.py", line 151, in requestFinalState
    self.request(self.getFinalState().getName())
  File "C:\Panda3D-1.10.0\direct\fsm\ClassicFSM.py", line 302, in request
    exitArgList)
  File "C:\Panda3D-1.10.0\direct\fsm\ClassicFSM.py", line 230, in __transition
    self.__exitCurrent(exitArgList)
  File "C:\Panda3D-1.10.0\direct\fsm\ClassicFSM.py", line 188, in __exitCurrent
    self.__currentState.exit(argList)
  File "C:\Panda3D-1.10.0\direct\fsm\State.py", line 213, in exit
    apply(self.__exitFunc, argList)
  File "toontown\battle\DistributedBattleBldg.py", line 208, in exitBuildingReward
    self.movie.resetReward(finish=1)
  File "toontown\battle\Movie.py", line 222, in resetReward
    self.stop()
  File "toontown\battle\Movie.py", line 366, in stop
    self.track.finish()
  File "C:\Panda3D-1.10.0\direct\interval\MetaInterval.py", line 391, in finish
    self.privPostEvent()
  File "C:\Panda3D-1.10.0\direct\interval\MetaInterval.py", line 519, in privPostEvent
    self.__doPythonCallbacks()
  File "C:\Panda3D-1.10.0\direct\interval\MetaInterval.py", line 495, in __doPythonCallbacks
    ival.privDoEvent(t, eventType)
  File "C:\Panda3D-1.10.0\direct\interval\Interval.py", line 206, in privDoEvent
    self.privInstant()
  File "C:\Panda3D-1.10.0\direct\interval\FunctionInterval.py", line 88, in privInstant
    self.function(*self.extraArgs, **self.kw)
  File "toontown\battle\DistributedBattleBldg.py", line 205, in __handleBuildingRewardDone
    self.fsm.request('Resume')
  File "C:\Panda3D-1.10.0\direct\fsm\ClassicFSM.py", line 246, in request
    assert not self.__internalStateInFlux
AssertionError
Traceback (most recent call last):
  File "otp\otpbase\OTPBase.py", line 34, in run
    taskMgr.run()
  File "C:\Panda3D-1.10.0\direct\task\Task.py", line 508, in run
    self.step()
  File "C:\Panda3D-1.10.0\direct\task\Task.py", line 465, in step
    self.mgr.poll()
  File "C:\Panda3D-1.10.0\direct\showbase\EventManager.py", line 52, in eventLoopTask
    self.doEvents()
  File "C:\Panda3D-1.10.0\direct\showbase\EventManager.py", line 46, in doEvents
    processFunc(self.eventQueue.dequeueEvent())
  File "C:\Panda3D-1.10.0\direct\showbase\EventManager.py", line 103, in processEvent
    messenger.send(eventName, paramList)
  File "C:\Panda3D-1.10.0\direct\showbase\Messenger.py", line 326, in send
    self.__dispatch(acceptorDict, event, sentArgs, foundWatch)
  File "C:\Panda3D-1.10.0\direct\showbase\Messenger.py", line 411, in __dispatch
    method (*(extraArgs + sentArgs))
  File "C:\Panda3D-1.10.0\direct\showbase\ShowBase.py", line 2665, in windowEvent
    self.userExit()
  File "toontown\toonbase\ToonBase.py", line 400, in userExit
    self.cr.dumpAllSubShardObjects()
  File "toontown\distributed\ToontownClientRepository.py", line 556, in dumpAllSubShardObjects
    self.deleteObject(doId)
  File "toontown\distributed\ToontownClientRepository.py", line 906, in deleteObject
    obj.deleteOrDelay()
  File "C:\Panda3D-1.10.0\direct\distributed\DistributedObject.py", line 199, in deleteOrDelay
    self.disableAnnounceAndDelete()
  File "C:\Panda3D-1.10.0\direct\distributed\DistributedObject.py", line 202, in disableAnnounceAndDelete
    self.disableAndAnnounce()
  File "C:\Panda3D-1.10.0\direct\distributed\DistributedObject.py", line 228, in disableAndAnnounce
    self.disable()
  File "toontown\battle\DistributedBattleBldg.py", line 52, in disable
    DistributedBattleBase.DistributedBattleBase.disable(self)
  File "toontown\battle\DistributedBattleBase.py", line 133, in disable
    self.cleanupBattle()
  File "toontown\battle\DistributedBattleBase.py", line 145, in cleanupBattle
    self.fsm.requestFinalState()
  File "C:\Panda3D-1.10.0\direct\fsm\ClassicFSM.py", line 151, in requestFinalState
    self.request(self.getFinalState().getName())
  File "C:\Panda3D-1.10.0\direct\fsm\ClassicFSM.py", line 302, in request
    exitArgList)
  File "C:\Panda3D-1.10.0\direct\fsm\ClassicFSM.py", line 230, in __transition
    self.__exitCurrent(exitArgList)
  File "C:\Panda3D-1.10.0\direct\fsm\ClassicFSM.py", line 188, in __exitCurrent
    self.__currentState.exit(argList)
  File "C:\Panda3D-1.10.0\direct\fsm\State.py", line 213, in exit
    apply(self.__exitFunc, argList)
  File "toontown\battle\DistributedBattleBldg.py", line 208, in exitBuildingReward
    self.movie.resetReward(finish=1)
  File "toontown\battle\Movie.py", line 222, in resetReward
    self.stop()
  File "toontown\battle\Movie.py", line 366, in stop
    self.track.finish()
  File "C:\Panda3D-1.10.0\direct\interval\MetaInterval.py", line 391, in finish
    self.privPostEvent()
  File "C:\Panda3D-1.10.0\direct\interval\MetaInterval.py", line 519, in privPostEvent
    self.__doPythonCallbacks()
  File "C:\Panda3D-1.10.0\direct\interval\MetaInterval.py", line 495, in __doPythonCallbacks
    ival.privDoEvent(t, eventType)
  File "C:\Panda3D-1.10.0\direct\interval\Interval.py", line 206, in privDoEvent
    self.privInstant()
  File "C:\Panda3D-1.10.0\direct\interval\FunctionInterval.py", line 88, in privInstant
    self.function(*self.extraArgs, **self.kw)
  File "toontown\battle\DistributedBattleBldg.py", line 205, in __handleBuildingRewardDone
    self.fsm.request('Resume')
  File "C:\Panda3D-1.10.0\direct\fsm\ClassicFSM.py", line 246, in request
    assert not self.__internalStateInFlux
AssertionError
