TTLocalizer: Running in language: English
OTPLocalizer: Running in language: English
Preloading suits...
Preloading Toon heads...
Preloading avatars...
{401000001: <toontown.distributed.ToontownDistrict.ToontownDistrict instance at 0x1D08DD00>}
__handleAvatarChooserDone: 100000097, 'Captain Skip', ('fsl', 'ls', 's', 'm', (0.8, 0.49, 0.19, 1.0), (1.0, 1.0, 1.0, 1.0), (0.8, 0.49, 0.19, 1.0), (0.8, 0.49, 0.19, 1.0), 14, 12, 10, 12, 7, 10), 5
entered wait for zone redirect
entered wait for set zone response - 2
Reading DNA file... phase_4/dna/storage.pdna
Reading DNA file... phase_3.5/dna/storage_interior.pdna
Reading DNA file... phase_4/dna/storage_TT.pdna
Reading DNA file... phase_4/dna/storage_TT_sz.pdna
Reading DNA file... phase_4/dna/toontown_central_sz.pdna
entered wait for zone redirect
entered wait for set zone response - 2
Reading DNA file... phase_5/dna/storage_town.pdna
Reading DNA file... phase_5/dna/storage_TT_town.pdna
Reading DNA file... phase_5/dna/toontown_central_2100.pdna
entered wait for zone redirect
entered wait for set zone response - 2
entered wait for zone redirect
entered wait for set zone response - 2
entered wait for zone redirect
entered wait for set zone response - 2
entered wait for zone redirect
entered wait for set zone response - 2
Reading DNA file... phase_4/dna/storage.pdna
Reading DNA file... phase_3.5/dna/storage_interior.pdna
Reading DNA file... phase_4/dna/storage_TT.pdna
Reading DNA file... phase_5/dna/storage_town.pdna
Reading DNA file... phase_5/dna/storage_TT_town.pdna
Reading DNA file... phase_5/dna/toontown_central_2300.pdna
entered wait for zone redirect
entered wait for set zone response - 2
Reading DNA file... phase_4/dna/storage.pdna
Reading DNA file... phase_3.5/dna/storage_interior.pdna
Reading DNA file... phase_4/dna/storage_TT.pdna
Reading DNA file... phase_5/dna/storage_town.pdna
Reading DNA file... phase_5/dna/storage_TT_town.pdna
Reading DNA file... phase_5/dna/toontown_central_2200.pdna
entered wait for zone redirect
entered wait for set zone response - 2
entered wait for zone redirect
entered wait for set zone response - 2
entered wait for zone redirect
entered wait for set zone response - 2
Reading DNA file... phase_4/dna/storage.pdna
Reading DNA file... phase_3.5/dna/storage_interior.pdna
Reading DNA file... phase_4/dna/storage_TT.pdna
Reading DNA file... phase_5/dna/storage_town.pdna
Reading DNA file... phase_5/dna/storage_TT_town.pdna
Reading DNA file... phase_5/dna/toontown_central_2300.pdna
entered wait for zone redirect
entered wait for set zone response - 2
Reading DNA file... phase_4/dna/storage_TT_sz.pdna
Reading DNA file... phase_4/dna/toontown_central_sz.pdna
entered wait for zone redirect
entered wait for set zone response - 2
entered wait for zone redirect
entered wait for set zone response - 2
Reading DNA file... phase_4/dna/storage.pdna
Reading DNA file... phase_3.5/dna/storage_interior.pdna
Reading DNA file... phase_6/dna/storage_DD.pdna
Reading DNA file... phase_6/dna/storage_DD_sz.pdna
Reading DNA file... phase_6/dna/donalds_dock_sz.pdna
entered wait for zone redirect
entered wait for set zone response - 2
entered wait for zone redirect
entered wait for set zone response - 2
entered wait for zone redirect
entered wait for set zone response - 2
Reading DNA file... phase_5/dna/storage_town.pdna
Reading DNA file... phase_6/dna/storage_DD_town.pdna
Reading DNA file... phase_6/dna/donalds_dock_1300.pdna
entered wait for zone redirect
entered wait for set zone response - 2
entered wait for zone redirect
entered wait for set zone response - 2
Reading DNA file... phase_5/dna/storage_town.pdna
Reading DNA file... phase_6/dna/storage_DD_town.pdna
Reading DNA file... phase_6/dna/donalds_dock_1300.pdna
entered wait for zone redirect
entered wait for set zone response - 2
Reading DNA file... phase_6/dna/storage_DD_sz.pdna
Reading DNA file... phase_6/dna/donalds_dock_sz.pdna
entered wait for zone redirect
entered wait for set zone response - 2
entered wait for zone redirect
entered wait for set zone response - 2
entered wait for zone redirect
entered wait for set zone response - 2
entered wait for zone redirect
entered wait for set zone response - 2
Reading DNA file... phase_4/dna/storage.pdna
Reading DNA file... phase_3.5/dna/storage_interior.pdna
Reading DNA file... phase_6/dna/storage_DD.pdna
Reading DNA file... phase_5/dna/storage_town.pdna
Reading DNA file... phase_6/dna/storage_DD_town.pdna
Reading DNA file... phase_6/dna/donalds_dock_1100.pdna
entered wait for zone redirect
entered wait for set zone response - 2
Reading DNA file... phase_4/dna/storage.pdna
Reading DNA file... phase_3.5/dna/storage_interior.pdna
Reading DNA file... phase_6/dna/storage_DD.pdna
Reading DNA file... phase_5/dna/storage_town.pdna
Reading DNA file... phase_6/dna/storage_DD_town.pdna
Reading DNA file... phase_6/dna/donalds_dock_1100.pdna
entered wait for zone redirect
entered wait for set zone response - 2
entered wait for zone redirect
entered wait for set zone response - 2
entered wait for zone redirect
entered wait for set zone response - 2
Reading DNA file... phase_4/dna/storage.pdna
Reading DNA file... phase_3.5/dna/storage_interior.pdna
Reading DNA file... phase_6/dna/storage_DD.pdna
Reading DNA file... phase_5/dna/storage_town.pdna
Reading DNA file... phase_6/dna/storage_DD_town.pdna
Reading DNA file... phase_6/dna/donalds_dock_1100.pdna
__handleAvatarChooserDone: 100000097, 'Captain Skip', ('fsl', 'ls', 's', 'm', (0.8, 0.49, 0.19, 1.0), (1.0, 1.0, 1.0, 1.0), (0.8, 0.49, 0.19, 1.0), (0.8, 0.49, 0.19, 1.0), 14, 12, 10, 12, 7, 10), 5
entered wait for zone redirect
entered wait for set zone response - 2
Reading DNA file... phase_4/dna/storage.pdna
Reading DNA file... phase_3.5/dna/storage_interior.pdna
Reading DNA file... phase_6/dna/storage_DD.pdna
Reading DNA file... phase_6/dna/storage_DD_sz.pdna
Reading DNA file... phase_6/dna/donalds_dock_sz.pdna
entered wait for zone redirect
entered wait for set zone response - 2
entered wait for zone redirect
entered wait for set zone response - 2
Reading DNA file... phase_4/dna/storage.pdna
Reading DNA file... phase_3.5/dna/storage_interior.pdna
Reading DNA file... phase_6/dna/storage_DD.pdna
Reading DNA file... phase_5/dna/storage_town.pdna
Reading DNA file... phase_6/dna/storage_DD_town.pdna
Reading DNA file... phase_6/dna/donalds_dock_1100.pdna
entered wait for zone redirect
entered wait for set zone response - 2
entered wait for zone redirect
entered wait for set zone response - 2
entered wait for zone redirect
entered wait for set zone response - 2
entered wait for zone redirect
entered wait for set zone response - 2
chooseFireOpenShot <function avatarCloseUpThrowShot at 0x18541AF0>
chooseFireOpenShot <function allGroupLowShot at 0x18541870>
Warning: NodePath.remove() is deprecated.  Use remove_node() instead.
chooseFireOpenShot <function avatarCloseUpThreeQuarterRightShot at 0x18541B30>
chooseFireOpenShot <function suitGroupThreeQuarterLeftBehindShot at 0x185419F0>
Warning: NodePath.remove() is deprecated.  Use remove_node() instead.
entered wait for zone redirect
entered wait for set zone response - 2
Reading DNA file... phase_5/dna/storage_town.pdna
Reading DNA file... phase_6/dna/storage_DD_town.pdna
Reading DNA file... phase_6/dna/donalds_dock_1100.pdna
entered wait for zone redirect
entered wait for set zone response - 2
entered wait for zone redirect
entered wait for set zone response - 2
Reading DNA file... phase_6/dna/storage_DD_sz.pdna
Reading DNA file... phase_6/dna/donalds_dock_sz.pdna
entered wait for zone redirect
entered wait for set zone response - 2
entered wait for zone redirect
entered wait for set zone response - 2
Reading DNA file... phase_4/dna/storage.pdna
Reading DNA file... phase_3.5/dna/storage_interior.pdna
Reading DNA file... phase_4/dna/storage_TT.pdna
Reading DNA file... phase_4/dna/storage_TT_sz.pdna
Reading DNA file... phase_4/dna/toontown_central_sz.pdna
entered wait for zone redirect
entered wait for set zone response - 2
Reading DNA file... phase_4/dna/storage.pdna
Reading DNA file... phase_3.5/dna/storage_interior.pdna
Reading DNA file... phase_6/dna/storage_DD.pdna
Reading DNA file... phase_6/dna/storage_DD_sz.pdna
Reading DNA file... phase_6/dna/donalds_dock_sz.pdna
entered wait for zone redirect
entered wait for set zone response - 2
Reading DNA file... phase_4/dna/storage.pdna
Reading DNA file... phase_3.5/dna/storage_interior.pdna
entered wait for zone redirect
entered wait for set zone response - 2
Reading DNA file... phase_4/dna/storage.pdna
Reading DNA file... phase_3.5/dna/storage_interior.pdna
entered wait for zone redirect
entered wait for set zone response - 2
entered wait for zone redirect
entered wait for set zone response - 2
chooseFireOpenShot <function allGroupLowShot at 0x18541870>
chooseFireOpenShot <function allGroupLowShot at 0x18541870>
Warning: NodePath.remove() is deprecated.  Use remove_node() instead.
chooseFireOpenShot <function avatarBehindShot at 0x18541C70>
chooseFireOpenShot <function allGroupLowShot at 0x18541870>
Warning: NodePath.remove() is deprecated.  Use remove_node() instead.
chooseFireOpenShot <function allGroupLowShot at 0x18541870>
chooseFireOpenShot <function allGroupLowShot at 0x18541870>
Warning: NodePath.remove() is deprecated.  Use remove_node() instead.
hit! 0.601308345795
hit! 0.946596860886
hit! 0.978217720985
hit! 0.333662778139
hit! 0.261220425367
hit! 0.745266854763
hit! 0.372808068991
hit! 0.98039329052
hit! 0.659707129002
hit! 0.97810125351
hit! 0.848483145237
hit! 0.906540751457
hit! 0.998917341232
hit! 0.365765690804
hit! 0.657020151615
hit! 0.8578338027
hit! 0.947380125523
hit! 0.859323322773
hit! 0.811099231243
hit! 0.416644066572
hit! 0.854407191277
--not hard enough: -0.0897718369961
hit! 0.649915635586
hit! 0.452769815922
--not hard enough: -0.437104642391
hit! 0.964851558208
hit! 0.784587860107
--not hard enough: -0.0209193583578
--not hard enough: 0.289435356855
hit! 0.959793686867
hit! 0.749915242195
hit! 0.945653319359
hit! 0.9884532094
hit! 0.788347065449
hit! 0.854140937328
hit! 0.968292415142
hit! 0.99446362257
hit! 0.528079748154
hit! 0.521654963493
hit! 0.364108353853
hit! 0.418490856886
hit! 0.492122918367
hit! 0.925850987434
hit! 0.981270730495
hit! 0.877121448517
hit! 0.978042602539
hit! 0.984803557396
--not hard enough: -0.806996583939
hit! 0.80254638195
hit! 0.999484658241
hit! 0.825086057186
hit! 0.9088768363
hit! 0.355299651623
hit! 0.605627059937
hit! 0.949738681316
hit! 0.661620855331
hit! 0.414033383131
hit! 0.16754797101
hit! 0.819390237331
hit! 0.971671044827
hit! 0.91656088829
hit! 0.84497821331
hit! 0.653810560703
--not hard enough: -0.731669008732
hit! 0.635352134705
hit! 0.249654218554
hit! 0.981082499027
hit! 0.894990801811
hit! 0.944445848465
hit! 0.316866725683
hit! 0.972220361233
hit! 0.81857407093
hit! 0.973816037178
hit! 0.992924809456
hit! 0.964268922806
hit! 0.777906596661
hit! 0.817225217819
hit! 0.841809272766
--not hard enough: 0.0250412411988
hit! 0.426128834486
hit! 0.812656700611
hit! 0.853621482849
hit! 0.98067599535
hit! 0.960519909859
hit! 0.487992703915
hit! 0.726552903652
hit! 0.77375715971
hit! 0.940826177597
hit! 0.562811076641
hit! 0.425366520882
hit! 0.941552639008
hit! 0.793981194496
hit! 0.859610974789
hit! 0.914957404137
hit! 0.951829314232
hit! 0.789712488651
hit! 0.959116697311
hit! 0.970681846142
--not hard enough: -0.241259098053
hit! 0.591365158558
--not hard enough: -0.00496424082667
hit! 0.975840866566
hit! 0.931266903877
hit! 0.826891541481
--not hard enough: -0.0276410523802
hit! 0.108838476241
hit! 0.703079521656
hit! 0.785372495651
hit! 0.730535745621
hit! 0.680576443672
hit! 0.94742846489
hit! 0.998680174351
hit! 0.746777355671
hit! 0.75551623106
--not hard enough: -0.11210295558
--not hard enough: 0.0492503345013
hit! 0.826101362705
hit! 0.352343261242
hit! 0.821771085262
hit! 0.38717225194
hit! 0.91131913662
hit! 0.538874447346
hit! 0.83118635416
hit! 0.984870433807
hit! 0.28013086319
hit! 0.846047341824
hit! 0.916162669659
hit! 0.953313648701
hit! 0.590757191181
hit! 0.775684714317
hit! 0.935338079929
hit! 0.973791241646
hit! 0.790891468525
hit! 0.973366320133
hit! 0.106291338801
hit! 0.913742244244
hit! 0.832086145878
