TTLocalizer: Running in language: English
OTPLocalizer: Running in language: English
Preloading suits...
Preloading Toon heads...
Preloading avatars...
{401000001: <toontown.distributed.ToontownDistrict.ToontownDistrict instance at 0x1A16B378>}
__handleAvatarChooserDone: 100000070, 'Cat', ('csl', 'ms', 'm', 'm', (0.3, 0.3, 0.35, 1.0), (0.28, 0.32, 0.72, 1.0), (0.3, 0.3, 0.35, 1.0), (0.3, 0.3, 0.35, 1.0), 111, 27, 98, 27, 41, 27), 3
entered wait for zone redirect
entered wait for set zone response - 2
Reading DNA file... phase_4/dna/storage.pdna
Reading DNA file... phase_3.5/dna/storage_interior.pdna
entered wait for zone redirect
entered wait for set zone response - 2
Reading DNA file... phase_4/dna/storage.pdna
Reading DNA file... phase_3.5/dna/storage_interior.pdna
entered wait for zone redirect
entered wait for set zone response - 2
entered wait for zone redirect
entered wait for set zone response - 2
Laser Field initCollisionGeom
Laser Field initCollisionGeom
CollisionEntry:
  from render/Cat-100000070/camFloorRayNode/ccRay2Node
  into render/stage401004136/ZoneEntity-0/-PandaNode/LB_Zone03a_egg/Collsion/stageFloorColl0 []
  at -1 -6.9125 -0.0343778
  normal -0.000961985 0.000458579 0.999999
  respect_prev_transform = 0


CollisionEntry:
  from render/Cat-100000070/camFloorRayNode/ccRay2Node
  into render/stage401004136/LB_connector_7cubeLR.egg/-PandaNode/LB_connector_7cubeLR_egg/collison/stageFloorColl1 []
  at -1 39.0085 0.33497
  normal 9.26614e-005 -0.421613 0.906776
  respect_prev_transform = 0


CollisionEntry:
  from render/Cat-100000070/camFloorRayNode/ccRay2Node
  into render/stage401004136/LB_connector_7cubeLR.egg/-PandaNode/LB_connector_7cubeLR_egg/collison/stageFloorColl1 []
  at -1 42.4045 -0.047389
  normal 0.000133877 0 1
  respect_prev_transform = 0


CollisionEntry:
  from render/Cat-100000070/camFloorRayNode/ccRay2Node
  into render/stage401004136/LB_connector_7cubeLR.egg/-PandaNode/LB_connector_7cubeLR_egg/collison/stageFloorColl1 []
  at -1 51.7464 4.95161
  normal 6.5559e-005 0 1
  respect_prev_transform = 0


CollisionEntry:
  from render/Cat-100000070/camFloorRayNode/ccRay2Node
  into render/stage401004136/ZoneEntity-0/-PandaNode/Z13_ALL/room/collsion/stageFloorColl2 []
  at 23.2778 111.903 4.95065
  normal 0 0 1
  respect_prev_transform = 0


CollisionEntry:
  from render/Cat-100000070/NPW.cRayNode
  into render/stage401004136/ZoneEntity-0/-PandaNode/Z13_ALL/room/collsion/stageFloorColl2 []
  at 20.948 179.781 4.95065
  normal 0 0 1
  respect_prev_transform = 1


CollisionEntry:
  from render/Cat-100000070/NPW.cRayNode
  into render/stage401004136/ZoneEntity-0/-PandaNode/Z13_ALL/room/collsion/stageFloorColl2 []
  at 27.431 289.853 4.95065
  normal 0 0 1
  respect_prev_transform = 1


CollisionEntry:
  from render/Cat-100000070/camFloorRayNode/ccRay2Node
  into render/stage401004136/ZoneEntity-0/-PandaNode/Z13_ALL/room/collsion/stageFloorColl2 []
  at 26.9296 290.244 4.95065
  normal 0 0 1
  respect_prev_transform = 0


CollisionEntry:
  from render/Cat-100000070/camFloorRayNode/ccRay2Node
  into render/stage401004136/LB_connector_7cubeLR.egg/-PandaNode/LB_connector_7cubeLR_egg/collison/stageFloorColl3 []
  at 24.1258 380.654 4.95312
  normal 0.000133877 0 1
  respect_prev_transform = 0


CollisionEntry:
  from render/Cat-100000070/NPW.cRayNode
  into render/stage401004136/LB_connector_7cubeLR.egg/-PandaNode/LB_connector_7cubeLR_egg/collison/stageFloorColl3 []
  at 24.2785 381.63 4.95309
  normal 0.000133877 0 1
  respect_prev_transform = 1


CollisionEntry:
  from render/Cat-100000070/NPW.cRayNode
  into render/stage401004136/LB_connector_7cubeLR.egg/-PandaNode/LB_connector_7cubeLR_egg/collison/stageFloorColl3 []
  at 24.6351 384.249 5.68014
  normal 9.26614e-005 -0.421613 0.906776
  respect_prev_transform = 1


CollisionEntry:
  from render/Cat-100000070/camFloorRayNode/ccRay2Node
  into render/stage401004136/LB_connector_7cubeLR.egg/-PandaNode/LB_connector_7cubeLR_egg/collison/stageFloorColl3 []
  at 24.4269 382.794 5.00337
  normal 9.26614e-005 -0.421613 0.906776
  respect_prev_transform = 0


CollisionEntry:
  from render/Cat-100000070/camFloorRayNode/ccRay2Node
  into render/stage401004136/LB_connector_7cubeLR.egg/-PandaNode/LB_connector_7cubeLR_egg/collison/stageFloorColl3 []
  at 24.8827 386.126 4.95302
  normal 0.000133877 0 1
  respect_prev_transform = 0


CollisionEntry:
  from render/Cat-100000070/NPW.cRayNode
  into render/stage401004136/LB_connector_7cubeLR.egg/-PandaNode/LB_connector_7cubeLR_egg/collison/stageFloorColl3 []
  at 26.3502 396.845 9.95163
  normal 6.5559e-005 0 1
  respect_prev_transform = 1


CollisionEntry:
  from render/Cat-100000070/camFloorRayNode/ccRay2Node
  into render/stage401004136/LB_connector_7cubeLR.egg/-PandaNode/LB_connector_7cubeLR_egg/collison/stageFloorColl3 []
  at 26.2506 396.143 9.95172
  normal 6.5559e-005 0 1
  respect_prev_transform = 0


CollisionEntry:
  from render/Cat-100000070/NPW.cRayNode
  into render/stage401004136/ZoneEntity-0/-PandaNode/Z07_ALL/stageFloorColl4 []
  at 37.4609 478.445 9.94987
  normal 0 0 1
  respect_prev_transform = 1


CollisionEntry:
  from render/Cat-100000070/camFloorRayNode/ccRay2Node
  into render/stage401004136/ZoneEntity-0/-PandaNode/Z07_ALL/stageFloorColl4 []
  at 38.3137 478.876 9.94992
  normal 0 0 1
  respect_prev_transform = 0


CollisionEntry:
  from render/Cat-100000070/NPW.cRayNode
  into render/stage401004136/ZoneEntity-0/-PandaNode/Z07_ALL/stageFloorColl4 []
  at 25.4017 531.686 10.9523
  normal 0 0 1
  respect_prev_transform = 1


CollisionEntry:
  from render/Cat-100000070/camFloorRayNode/ccRay2Node
  into render/stage401004136/ZoneEntity-0/-PandaNode/Z07_ALL/stageFloorColl4 []
  at 25.452 532.16 10.9257
  normal 0 0 1
  respect_prev_transform = 0


CollisionEntry:
  from render/Cat-100000070/NPW.cRayNode
  into render/stage401004136/LB_connector_7cubeL2.egg/-PandaNode/LB_connector_7cubeL2_egg/collison/stageFloorColl5 []
  at -18.1724 531.583 20.7099
  normal 0.420737 -0.00110176 0.907182
  respect_prev_transform = 1


CollisionEntry:
  from render/Cat-100000070/camFloorRayNode/ccRay2Node
  into render/stage401004136/LB_connector_7cubeL2.egg/-PandaNode/LB_connector_7cubeL2_egg/collison/stageFloorColl5 []
  at -19.1754 530.481 17.6441
  normal 0 -0.0012142 0.999999
  respect_prev_transform = 0


CollisionEntry:
  from render/Cat-100000070/NPW.cRayNode
  into render/stage401004136/LB_connector_7cubeL2.egg/-PandaNode/LB_connector_7cubeL2_egg/collison/stageFloorColl5 []
  at -25.0505 525.362 22.6283
  normal 0.000218784 -0.000597282 1
  respect_prev_transform = 1


CollisionEntry:
  from render/Cat-100000070/camFloorRayNode/ccRay2Node
  into render/stage401004136/LB_connector_7cubeL2.egg/-PandaNode/LB_connector_7cubeL2_egg/collison/stageFloorColl5 []
  at -24.4681 525.82 22.6286
  normal 0.000218784 -0.000597282 1
  respect_prev_transform = 0


CollisionEntry:
  from render/Cat-100000070/NPW.cRayNode
  into render/stage401004136/LB_connector_7cubeL2.egg/-PandaNode/LB_connector_7cubeL2_egg/collison/stageFloorColl5 []
  at -39.7838 511.847 22.6249
  normal 0.000437529 0.000222115 1
  respect_prev_transform = 1


CollisionEntry:
  from render/Cat-100000070/camFloorRayNode/ccRay2Node
  into render/stage401004136/LB_connector_7cubeL2.egg/-PandaNode/LB_connector_7cubeL2_egg/collison/stageFloorColl5 []
  at -40.2226 511.756 22.6251
  normal 0.000437529 0.000222115 1
  respect_prev_transform = 0


CollisionEntry:
  from render/Cat-100000070/NPW.cRayNode
  into render/stage401004136/LB_connector_7cubeL2.egg/-PandaNode/LB_connector_7cubeL2_egg/collison/stageFloorColl5 []
  at -71.7684 502.438 22.6256
  normal -0.000243786 0.000494851 1
  respect_prev_transform = 1


CollisionEntry:
  from render/Cat-100000070/camFloorRayNode/ccRay2Node
  into render/stage401004136/LB_connector_7cubeL2.egg/-PandaNode/LB_connector_7cubeL2_egg/collison/stageFloorColl5 []
  at -77.1297 500.458 22.6255
  normal -0.000243786 0.000494851 1
  respect_prev_transform = 0


CollisionEntry:
  from render/Cat-100000070/NPW.cRayNode
  into render/stage401004136/ZoneEntity-0/-PandaNode/Z13_ALL/room/collsion/stageFloorColl6 []
  at -85.0979 499.513 22.619
  normal 0 0 1
  respect_prev_transform = 1


CollisionEntry:
  from render/Cat-100000070/camFloorRayNode/ccRay2Node
  into render/stage401004136/ZoneEntity-0/-PandaNode/Z13_ALL/room/collsion/stageFloorColl6 []
  at -85.2268 499.012 22.619
  normal 0 0 1
  respect_prev_transform = 0


CollisionEntry:
  from render/Cat-100000070/NPW.cRayNode
  into render/stage401004136/ZoneEntity-0/-PandaNode/Z13_ALL/room/collsion/stageFloorColl6 []
  at -260.689 496.381 22.619
  normal 0 0 1
  respect_prev_transform = 1


CollisionEntry:
  from render/Cat-100000070/camFloorRayNode/ccRay2Node
  into render/stage401004136/ZoneEntity-0/-PandaNode/Z13_ALL/room/collsion/stageFloorColl6 []
  at -261.14 496.864 22.619
  normal 0 0 1
  respect_prev_transform = 0


CollisionEntry:
  from render/Cat-100000070/NPW.cRayNode
  into render/stage401004136/LB_connector_7cubeL2.egg/-PandaNode/LB_connector_7cubeL2_egg/collison/stageFloorColl7 []
  at -354.536 489.539 22.6305
  normal 0 -0.0012142 0.999999
  respect_prev_transform = 1


CollisionEntry:
  from render/Cat-100000070/NPW.cRayNode
  into render/stage401004136/LB_connector_7cubeL2.egg/-PandaNode/LB_connector_7cubeL2_egg/collison/stageFloorColl7 []
  at -359.54 489.942 24.2812
  normal 0.421375 -0.000541584 0.906886
  respect_prev_transform = 1


CollisionEntry:
  from render/Cat-100000070/camFloorRayNode/ccRay2Node
  into render/stage401004136/LB_connector_7cubeL2.egg/-PandaNode/LB_connector_7cubeL2_egg/collison/stageFloorColl7 []
  at -354.897 489.568 22.6307
  normal 0 -0.0012142 0.999999
  respect_prev_transform = 0


CollisionEntry:
  from render/Cat-100000070/camFloorRayNode/ccRay2Node
  into render/stage401004136/LB_connector_7cubeL2.egg/-PandaNode/LB_connector_7cubeL2_egg/collison/stageFloorColl7 []
  at -356.41 489.69 22.8274
  normal 0.420737 -0.00110176 0.907182
  respect_prev_transform = 0


CollisionEntry:
  from render/Cat-100000070/camFloorRayNode/ccRay2Node
  into render/stage401004136/LB_connector_7cubeL2.egg/-PandaNode/LB_connector_7cubeL2_egg/collison/stageFloorColl7 []
  at -359.111 489.907 22.6311
  normal 0 -0.0012142 0.999999
  respect_prev_transform = 0


CollisionEntry:
  from render/Cat-100000070/NPW.cRayNode
  into render/stage401004136/LB_connector_7cubeL2.egg/-PandaNode/LB_connector_7cubeL2_egg/collison/stageFloorColl7 []
  at -370.898 490.855 27.6259
  normal 0.000218784 -0.000597282 1
  respect_prev_transform = 1


CollisionEntry:
  from render/Cat-100000070/camFloorRayNode/ccRay2Node
  into render/stage401004136/LB_connector_7cubeL2.egg/-PandaNode/LB_connector_7cubeL2_egg/collison/stageFloorColl7 []
  at -369.185 490.718 27.6256
  normal 0.000218784 -0.000597282 1
  respect_prev_transform = 0


CollisionEntry:
  from render/Cat-100000070/NPW.cRayNode
  into render/stage401004136/ZoneEntity-0/-PandaNode/Z22a/room/collsion/stageFloorColl8 []
  at -436.463 484.85 27.4985
  normal 0 0 1
  respect_prev_transform = 1


CollisionEntry:
  from render/Cat-100000070/camFloorRayNode/ccRay2Node
  into render/stage401004136/ZoneEntity-0/-PandaNode/Z22a/room/collsion/stageFloorColl8 []
  at -443.395 482.941 27.4985
  normal 0 0 1
  respect_prev_transform = 0


CollisionEntry:
  from render/Cat-100000070/camFloorRayNode/ccRay2Node
  into render/stage401004136/LB_connector_7cubeL2.egg/-PandaNode/LB_connector_7cubeL2_egg/collison/stageFloorColl7 []
  at -428.342 469.388 27.6244
  normal -0.000243786 0.000494851 1
  respect_prev_transform = 0


CollisionEntry:
  from render/Cat-100000070/NPW.cRayNode
  into render/stage401004136/LB_connector_7cubeL2.egg/-PandaNode/LB_connector_7cubeL2_egg/collison/stageFloorColl7 []
  at -428.368 469.385 27.6242
  normal -0.000243786 0.000494851 1
  respect_prev_transform = 1


entered wait for zone redirect
entered wait for set zone response - 2
