TTLocalizer: Running in language: English
OTPLocalizer: Running in language: English
Preloading suits...
Preloading Toon heads...
Preloading avatars...
{406000001: <toontown.distributed.ToontownDistrict.ToontownDistrict instance at 0x1D0CA3F0>, 407000001: <toontown.distributed.ToontownDistrict.ToontownDistrict instance at 0x1D0CA440>, 401000001: <toontown.distributed.ToontownDistrict.ToontownDistrict instance at 0x1D0CA7B0>, 402000001: <toontown.distributed.ToontownDistrict.ToontownDistrict instance at 0x1D0CA3A0>, 404000001: <toontown.distributed.ToontownDistrict.ToontownDistrict instance at 0x1D15B828>, 408000001: <toontown.distributed.ToontownDistrict.ToontownDistrict instance at 0x1D0CA6C0>, 403000001: <toontown.distributed.ToontownDistrict.ToontownDistrict instance at 0x1D0CA710>, 405000001: <toontown.distributed.ToontownDistrict.ToontownDistrict instance at 0x1D0CA350>}
__handleAvatarChooserDone: 100000166, 'hi', ('dss', 'ls', 'l', 'm', (0.64, 0.35, 0.26, 1.0), (1.0, 1.0, 1.0, 1.0), (0.64, 0.35, 0.26, 1.0), (0.64, 0.35, 0.26, 1.0), 0, 10, 0, 10, 2, 20), 1
entered wait for zone redirect
entered wait for set zone response - 2
Reading DNA file... phase_4/dna/storage.pdna
Reading DNA file... phase_3.5/dna/storage_interior.pdna
Reading DNA file... phase_4/dna/storage_TT.pdna
Reading DNA file... phase_4/dna/storage_TT_sz.pdna
Reading DNA file... phase_4/dna/toontown_central_sz.pdna
entered wait for zone redirect
entered wait for set zone response - 2
Reading DNA file... phase_5/dna/storage_town.pdna
Reading DNA file... phase_5/dna/storage_TT_town.pdna
Reading DNA file... phase_5/dna/toontown_central_2300.pdna
entered wait for zone redirect
entered wait for set zone response - 2
entered wait for zone redirect
entered wait for set zone response - 2
Reading DNA file... phase_5/dna/storage_town.pdna
Reading DNA file... phase_5/dna/storage_TT_town.pdna
Reading DNA file... phase_5/dna/toontown_central_2300.pdna
