TTLocalizer: Running in language: English
OTPLocalizer: Running in language: English
Preloading suits...
Preloading Toon heads...
Preloading avatars...
{401000001: <toontown.distributed.ToontownDistrict.ToontownDistrict instance at 0x14FC8580>}
__handleAvatarChooserDone: 100000181, 'Boris', ('csl', 'ls', 's', 'm', (0.64, 0.35, 0.26, 1.0), (1.0, 1.0, 1.0, 1.0), (0.64, 0.35, 0.26, 1.0), (0.64, 0.35, 0.26, 1.0), 8, 27, 5, 27, 3, 27), 0
entered wait for zone redirect
entered wait for set zone response - 2
Reading DNA file... phase_4/dna/storage.pdna
Reading DNA file... phase_3.5/dna/storage_interior.pdna
entered wait for zone redirect
entered wait for set zone response - 2
entered wait for zone redirect
entered wait for set zone response - 2
### newVec3 =  LVector3f(-1.99998, 6.3, 1.5)
### newVec3 =  LVector3f(-1.99998, 6.3, 0)
### newVec3 =  LVector3f(-1.99998, 6.3, 0.375)
### newVec3 =  LVector3f(-1.99998, 6.3, 0)
### newVec3 =  LVector3f(-1.99998, 6.3, 1.5)
### newVec3 =  LVector3f(-1.99998, 6.3, 0)
### newVec3 =  LVector3f(-1.99998, 6.3, 0.375)
### newVec3 =  LVector3f(-1.99998, 6.3, 0)
### newVec3 =  LVector3f(-1.99998, 6.3, 1.5)
### newVec3 =  LVector3f(-1.99998, 6.3, 0)
### newVec3 =  LVector3f(-1.99998, 6.3, 0.375)
### newVec3 =  LVector3f(-1.99998, 6.3, 0)
### newVec3 =  LVector3f(-1.99998, 6.3, 1.5)
### newVec3 =  LVector3f(-1.99998, 6.3, 0)
### newVec3 =  LVector3f(-1.99998, 6.3, 0.375)
### newVec3 =  LVector3f(-1.99998, 6.3, 0)
### newVec3 =  LVector3f(-1.99998, 6.3, 1.5)
### newVec3 =  LVector3f(-1.99998, 6.3, 0)
### newVec3 =  LVector3f(-1.99998, 6.3, 0.375)
### newVec3 =  LVector3f(-1.99998, 6.3, 0)
### newVec3 =  LVector3f(-1.99998, 6.3, 1.5)
### newVec3 =  LVector3f(-1.99998, 6.3, 0)
### newVec3 =  LVector3f(-1.99998, 6.3, 0.375)
### newVec3 =  LVector3f(-1.99998, 6.3, 0)
entered wait for zone redirect
entered wait for set zone response - 2
Reading DNA file... phase_4/dna/storage.pdna
Reading DNA file... phase_3.5/dna/storage_interior.pdna
Reading DNA file... phase_8/dna/storage_DL.pdna
Reading DNA file... phase_8/dna/storage_DL_sz.pdna
Reading DNA file... phase_8/dna/donalds_dreamland_sz.pdna
entered wait for zone redirect
entered wait for set zone response - 2
Reading DNA file... phase_4/dna/storage.pdna
Reading DNA file... phase_3.5/dna/storage_interior.pdna
entered wait for zone redirect
entered wait for set zone response - 2
spec = {'parentEntId': 10013, 'pos': LPoint3f(0, 0, 0)}
h = None
spec = {'parentEntId': 10040, 'pos': LPoint3f(0, 0, 0)}
h = None
spec = {'parentEntId': 10005, 'pos': LPoint3f(0, 0, 0)}
h = None
spec = {'parentEntId': 10002, 'pos': LPoint3f(0, 0, 0)}
h = None
../resources/phase_3/audio/sfx
../resources/phase_3.5/audio/sfx
../resources/phase_4/audio/sfx
../resources/phase_5/audio/sfx
/phase_3/audio/sfx
/phase_3.5/audio/sfx
/phase_4/audio/sfx
/phase_5/audio/sfx

spec = {'parentEntId': 10060, 'pos': LPoint3f(0, 0, 0)}
h = None
spec = {'parentEntId': 10022, 'pos': LPoint3f(0, 0, 0)}
h = None
spec = {'parentEntId': 10000, 'pos': LPoint3f(0, 0, 0)}
h = None
spec = {'parentEntId': 10000, 'pos': LPoint3f(0, 0, 0)}
h = None
spec = {'parentEntId': 10000, 'pos': LPoint3f(0, 0, 0)}
h = None
### newVec3 =  LVector3f(2, 6.3, 1.5)
### newVec3 =  LVector3f(2, 6.3, 0)
### newVec3 =  LVector3f(2, 6.3, 0.375)
### newVec3 =  LVector3f(2, 6.3, 0)
entered wait for zone redirect
entered wait for set zone response - 2
entered wait for zone redirect
entered wait for set zone response - 2
entered wait for zone redirect
entered wait for set zone response - 2
### newVec3 =  LVector3f(-1.99998, 6.3, 1.5)
### newVec3 =  LVector3f(-1.99998, 6.3, 0)
### newVec3 =  LVector3f(-1.99998, 6.3, 0.375)
### newVec3 =  LVector3f(-1.99998, 6.3, 0)
### newVec3 =  LVector3f(-1.99998, 6.3, 1.5)
### newVec3 =  LVector3f(-1.99998, 6.3, 0)
### newVec3 =  LVector3f(-1.99998, 6.3, 0.375)
### newVec3 =  LVector3f(-1.99998, 6.3, 0)
### newVec3 =  LVector3f(-1.99998, 6.3, 1.5)
### newVec3 =  LVector3f(-1.99998, 6.3, 0)
### newVec3 =  LVector3f(-1.99998, 6.3, 0.375)
### newVec3 =  LVector3f(-1.99998, 6.3, 0)
### newVec3 =  LVector3f(-1.99998, 11.3, 1.5)
### newVec3 =  LVector3f(-1.99998, 11.3, 0)
### newVec3 =  LVector3f(-1.99998, 11.3, 0.375)
### newVec3 =  LVector3f(-1.99998, 11.3, 0)
### newVec3 =  LVector3f(-1.99998, 6.3, 1.5)
### newVec3 =  LVector3f(-1.99998, 6.3, 0)
### newVec3 =  LVector3f(-1.99998, 6.3, 0.375)
### newVec3 =  LVector3f(-1.99998, 6.3, 0)
### newVec3 =  LVector3f(-1.99998, 6.3, 1.5)
### newVec3 =  LVector3f(-1.99998, 6.3, 0)
### newVec3 =  LVector3f(-1.99998, 6.3, 0.375)
### newVec3 =  LVector3f(-1.99998, 6.3, 0)
### newVec3 =  LVector3f(-1.99998, 6.3, 1.5)
### newVec3 =  LVector3f(-1.99998, 6.3, 0)
### newVec3 =  LVector3f(-1.99998, 6.3, 0.375)
### newVec3 =  LVector3f(-1.99998, 6.3, 0)
### newVec3 =  LVector3f(-1.99998, 6.3, 1.5)
### newVec3 =  LVector3f(-1.99998, 6.3, 0)
### newVec3 =  LVector3f(-1.99998, 6.3, 0.375)
### newVec3 =  LVector3f(-1.99998, 6.3, 0)
### newVec3 =  LVector3f(-1.99998, 6.3, 1.5)
### newVec3 =  LVector3f(-1.99998, 6.3, 0)
### newVec3 =  LVector3f(-1.99998, 6.3, 0.375)
### newVec3 =  LVector3f(-1.99998, 6.3, 0)
### newVec3 =  LVector3f(-1.99998, 6.3, 1.5)
### newVec3 =  LVector3f(-1.99998, 6.3, 0)
### newVec3 =  LVector3f(-1.99998, 6.3, 0.375)
### newVec3 =  LVector3f(-1.99998, 6.3, 0)
### newVec3 =  LVector3f(2.00003, 5.30002, 1.5)
### newVec3 =  LVector3f(2.00003, 5.30002, 0)
### newVec3 =  LVector3f(2.00003, 5.30002, 0.375)
### newVec3 =  LVector3f(2.00003, 5.30002, 0)
entered wait for zone redirect
entered wait for set zone response - 2
Reading DNA file... phase_4/dna/storage.pdna
Reading DNA file... phase_3.5/dna/storage_interior.pdna
Reading DNA file... phase_8/dna/storage_DL.pdna
Reading DNA file... phase_8/dna/storage_DL_sz.pdna
Reading DNA file... phase_8/dna/donalds_dreamland_sz.pdna
entered wait for zone redirect
entered wait for set zone response - 2
Reading DNA file... phase_4/dna/storage.pdna
Reading DNA file... phase_3.5/dna/storage_interior.pdna
Reading DNA file... phase_4/dna/storage_TT.pdna
Reading DNA file... phase_4/dna/storage_TT_sz.pdna
Reading DNA file... phase_4/dna/toontown_central_sz.pdna
entered wait for zone redirect
entered wait for set zone response - 2
Reading DNA file... phase_5/dna/storage_town.pdna
Reading DNA file... phase_5/dna/storage_TT_town.pdna
Reading DNA file... phase_5/dna/toontown_central_2200.pdna
