TTLocalizer: Running in language: English
OTPLocalizer: Running in language: English
Preloading suits...
Preloading Toon heads...
Preloading avatars...
{401000001: <toontown.distributed.ToontownDistrict.ToontownDistrict instance at 0x162036E8>}
__handleAvatarChooserDone: 100000070, 'Master Cool Cat', ('csl', 'ms', 'm', 'm', (0.3, 0.3, 0.35, 1.0), (0.28, 0.32, 0.72, 1.0), (0.3, 0.3, 0.35, 1.0), (0.3, 0.3, 0.35, 1.0), 111, 27, 98, 27, 41, 27), 3
entered wait for zone redirect
entered wait for set zone response - 2
Reading DNA file... phase_4/dna/storage.pdna
Reading DNA file... phase_3.5/dna/storage_interior.pdna
entered wait for zone redirect
entered wait for set zone response - 2
entered wait for zone redirect
entered wait for set zone response - 2
Laser Field initCollisionGeom
Laser Field initCollisionGeom
CollisionEntry:
  from render/Master Cool Cat-100000070/camFloorRayNode/ccRay2Node
  into render/stage401004269/ZoneEntity-0/-PandaNode/LB_Zone03a_egg/Collsion/stageFloorColl0 []
  at 0 -7.9125 -0.0329573
  normal -0.000961985 0.000458579 0.999999
  respect_prev_transform = 0


CollisionEntry:
  from render/Master Cool Cat-100000070/camFloorRayNode/ccRay2Node
  into render/stage401004269/LB_connector_7cubeLR.egg/-PandaNode/LB_connector_7cubeLR_egg/collison/stageFloorColl1 []
  at -0.697057 38.2682 -0.00927496
  normal 9.26614e-005 -0.421613 0.906776
  respect_prev_transform = 0


CollisionEntry:
  from render/Master Cool Cat-100000070/camFloorRayNode/ccRay2Node
  into render/stage401004269/LB_connector_7cubeLR.egg/-PandaNode/LB_connector_7cubeLR_egg/collison/stageFloorColl1 []
  at -0.697057 42.206 -0.04743
  normal 0.000133877 0 1
  respect_prev_transform = 0


CollisionEntry:
  from render/Master Cool Cat-100000070/camFloorRayNode/ccRay2Node
  into render/stage401004269/LB_connector_7cubeLR.egg/-PandaNode/LB_connector_7cubeLR_egg/collison/stageFloorColl1 []
  at -2.02215 51.0994 4.95168
  normal 6.5559e-005 0 1
  respect_prev_transform = 0


CollisionEntry:
  from render/Master Cool Cat-100000070/camFloorRayNode/ccRay2Node
  into render/stage401004269/ZoneEntity-0/-PandaNode/Z13_ALL/room/collsion/stageFloorColl2 []
  at 26.753 111.202 4.95065
  normal 0 0 1
  respect_prev_transform = 0


CollisionEntry:
  from render/Master Cool Cat-100000070/camFloorRayNode/ccRay2Node
  into render/stage401004269/LB_connector_7cubeLR.egg/-PandaNode/LB_connector_7cubeLR_egg/collison/stageFloorColl3 []
  at 26.4894 380.716 4.9528
  normal 0.000133877 0 1
  respect_prev_transform = 0


CollisionEntry:
  from render/Master Cool Cat-100000070/camFloorRayNode/ccRay2Node
  into render/stage401004269/LB_connector_7cubeLR.egg/-PandaNode/LB_connector_7cubeLR_egg/collison/stageFloorColl3 []
  at 27.0866 382.972 5.08614
  normal 9.26614e-005 -0.421613 0.906776
  respect_prev_transform = 0


CollisionEntry:
  from render/Master Cool Cat-100000070/camFloorRayNode/ccRay2Node
  into render/stage401004269/LB_connector_7cubeLR.egg/-PandaNode/LB_connector_7cubeLR_egg/collison/stageFloorColl3 []
  at 30.393 395.465 9.95145
  normal 6.5559e-005 0 1
  respect_prev_transform = 0


CollisionEntry:
  from render/Master Cool Cat-100000070/camFloorRayNode/ccRay2Node
  into render/stage401004269/ZoneEntity-0/-PandaNode/Z07_ALL/stageFloorColl4 []
  at 62.6269 456.144 9.95393
  normal 0 0 1
  respect_prev_transform = 0


CollisionEntry:
  from render/Master Cool Cat-100000070/camFloorRayNode/ccRay2Node
  into render/stage401004269/LB_connector_7cubeL2.egg/-PandaNode/LB_connector_7cubeL2_egg/collison/stageFloorColl5 []
  at -9.59533 519.198 17.6304
  normal 0 -0.0012142 0.999999
  respect_prev_transform = 0


CollisionEntry:
  from render/Master Cool Cat-100000070/camFloorRayNode/ccRay2Node
  into render/stage401004269/LB_connector_7cubeL2.egg/-PandaNode/LB_connector_7cubeL2_egg/collison/stageFloorColl5 []
  at -11.9974 519.58 17.8314
  normal 0.420737 -0.00110176 0.907182
  respect_prev_transform = 0


CollisionEntry:
  from render/Master Cool Cat-100000070/camFloorRayNode/ccRay2Node
  into render/stage401004269/LB_connector_7cubeL2.egg/-PandaNode/LB_connector_7cubeL2_egg/collison/stageFloorColl5 []
  at -24.7038 521.845 22.6263
  normal 0.000218784 -0.000597282 1
  respect_prev_transform = 0


CollisionEntry:
  from render/Master Cool Cat-100000070/camFloorRayNode/ccRay2Node
  into render/stage401004269/ZoneEntity-0/-PandaNode/Z13_ALL/room/collsion/stageFloorColl6 []
  at -84.9801 497.247 22.619
  normal 0 0 1
  respect_prev_transform = 0


spec = {'parentEntId': 10000, 'pos': LPoint3f(0, 0, 0)}
h = None
CollisionEntry:
  from render/Master Cool Cat-100000070/camFloorRayNode/ccRay2Node
  into render/stage401004269/LB_connector_7cubeL2.egg/-PandaNode/LB_connector_7cubeL2_egg/collison/stageFloorColl7 []
  at -354.299 489.133 22.6302
  normal 0 -0.0012142 0.999999
  respect_prev_transform = 0


CollisionEntry:
  from render/Master Cool Cat-100000070/camFloorRayNode/ccRay2Node
  into render/stage401004269/LB_connector_7cubeL2.egg/-PandaNode/LB_connector_7cubeL2_egg/collison/stageFloorColl7 []
  at -356.046 489.18 22.6579
  normal 0.420737 -0.00110176 0.907182
  respect_prev_transform = 0


CollisionEntry:
  from render/Master Cool Cat-100000070/camFloorRayNode/ccRay2Node
  into render/stage401004269/LB_connector_7cubeL2.egg/-PandaNode/LB_connector_7cubeL2_egg/collison/stageFloorColl7 []
  at -369.08 494.521 27.6278
  normal 0.000218784 -0.000597282 1
  respect_prev_transform = 0


spec = {'parentEntId': 10000, 'pos': LPoint3f(0, 0, 0)}
h = None
CollisionEntry:
  from render/Master Cool Cat-100000070/camFloorRayNode/ccRay2Node
  into render/stage401004269/ZoneEntity-0/-PandaNode/Z22a/room/collsion/stageFloorColl8 []
  at -429.393 467.794 27.4985
  normal 0 0 1
  respect_prev_transform = 0


Laser Field initCollisionGeom
Laser Field initCollisionGeom
CollisionEntry:
  from render/Master Cool Cat-100000070/camFloorRayNode/ccRay2Node
  into render/stage401004518/ZoneEntity-0/-PandaNode/LB_Zone03a_egg/Collsion/stageFloorColl0 []
  at 0 -10.9125 -0.0315816
  normal -0.000961985 0.000458579 0.999999
  respect_prev_transform = 0


CollisionEntry:
  from render/Master Cool Cat-100000070/camFloorRayNode/ccRay2Node
  into render/stage401004518/LB_connector_7cubeL2.egg/-PandaNode/LB_connector_7cubeL2_egg/collison/stageFloorColl1 []
  at 0.399508 38.3635 0.0885572
  normal -0.00110178 -0.420737 0.907182
  respect_prev_transform = 0


CollisionEntry:
  from render/Master Cool Cat-100000070/camFloorRayNode/ccRay2Node
  into render/stage401004518/LB_connector_7cubeL2.egg/-PandaNode/LB_connector_7cubeL2_egg/collison/stageFloorColl1 []
  at 3.10784 51.4581 4.9619
  normal -0.000597282 -0.000218784 1
  respect_prev_transform = 0


CollisionEntry:
  from render/Master Cool Cat-100000070/camFloorRayNode/ccRay2Node
  into render/stage401004518/ZoneEntity-0/-PandaNode/Z08_ALL/Z08/boiler_room/collsion_boiler_room/stageFloorColl2 []
  at -30.1874 110.991 4.93016
  normal 0 0 1
  respect_prev_transform = 0


CollisionEntry:
  from render/Master Cool Cat-100000070/camFloorRayNode/ccRay2Node
  into render/stage401004518/ZoneEntity-0/-PandaNode/Z08_ALL/Z08/boiler_room/collsion_boiler_room/stageFloorColl2 []
  at -19.9088 244.713 4.92298
  normal 0 0 1
  respect_prev_transform = 0


CollisionEntry:
  from render/Master Cool Cat-100000070/camFloorRayNode/ccRay2Node
  into render/stage401004518/ZoneEntity-0/-PandaNode/Z08_ALL/Z08/boiler_room/collsion_boiler_room/stageFloorColl2 []
  at 4.38404 239.502 15.2626
  normal 0 0 1
  respect_prev_transform = 0


CollisionEntry:
  from render/Master Cool Cat-100000070/camFloorRayNode/ccRay2Node
  into render/stage401004518/LB_connector_7cubeLR.egg/-PandaNode/LB_connector_7cubeLR_egg/collison/stageFloorColl3 []
  at 51.0717 181.194 15.9425
  normal -0.421613 -9.2643e-005 0.906776
  respect_prev_transform = 0


CollisionEntry:
  from render/Master Cool Cat-100000070/camFloorRayNode/ccRay2Node
  into render/stage401004518/LB_connector_7cubeLR.egg/-PandaNode/LB_connector_7cubeLR_egg/collison/stageFloorColl3 []
  at 64.4377 178.419 20.8488
  normal 0 -6.5559e-005 1
  respect_prev_transform = 0


CollisionEntry:
  from render/Master Cool Cat-100000070/camFloorRayNode/ccRay2Node
  into render/stage401004518/ZoneEntity-0/-PandaNode/Z07_ALL/stageFloorColl4 []
  at 124.194 149.677 20.8497
  normal 0 0 1
  respect_prev_transform = 0


spec = {'parentEntId': 10000, 'pos': LPoint3f(0, 0, 0)}
h = None
CollisionEntry:
  from render/Master Cool Cat-100000070/camFloorRayNode/ccRay2Node
  into render/stage401004518/LB_connector_7cubeLR.egg/-PandaNode/LB_connector_7cubeLR_egg/collison/stageFloorColl5 []
  at 194.019 216.827 28.518
  normal 0.000133877 0 1
  respect_prev_transform = 0


CollisionEntry:
  from render/Master Cool Cat-100000070/camFloorRayNode/ccRay2Node
  into render/stage401004518/LB_connector_7cubeLR.egg/-PandaNode/LB_connector_7cubeLR_egg/collison/stageFloorColl5 []
  at 194.727 219.146 28.6897
  normal 9.26614e-005 -0.421613 0.906776
  respect_prev_transform = 0


CollisionEntry:
  from render/Master Cool Cat-100000070/camFloorRayNode/ccRay2Node
  into render/stage401004518/LB_connector_7cubeLR.egg/-PandaNode/LB_connector_7cubeLR_egg/collison/stageFloorColl5 []
  at 194.909 231.967 33.5171
  normal 6.5559e-005 0 1
  respect_prev_transform = 0


CollisionEntry:
  from render/Master Cool Cat-100000070/camFloorRayNode/ccRay2Node
  into render/stage401004518/ZoneEntity-0/-PandaNode/LB_Zone04a_egg/Z04/collision_lobby/stageFloorColl6 []
  at 219.681 291.813 33.5163
  normal 0 0 1
  respect_prev_transform = 0


CollisionEntry:
  from render/Master Cool Cat-100000070/camFloorRayNode/ccRay2Node
  into render/stage401004518/LB_connector_7cubeLR.egg/-PandaNode/LB_connector_7cubeLR_egg/collison/stageFloorColl7 []
  at 220.443 426.371 33.5074
  normal 0.000133877 0 1
  respect_prev_transform = 0


CollisionEntry:
  from render/Master Cool Cat-100000070/camFloorRayNode/ccRay2Node
  into render/stage401004518/LB_connector_7cubeLR.egg/-PandaNode/LB_connector_7cubeLR_egg/collison/stageFloorColl7 []
  at 218.725 428.717 33.6497
  normal 9.26614e-005 -0.421613 0.906776
  respect_prev_transform = 0


CollisionEntry:
  from render/Master Cool Cat-100000070/camFloorRayNode/ccRay2Node
  into render/stage401004518/LB_connector_7cubeLR.egg/-PandaNode/LB_connector_7cubeLR_egg/collison/stageFloorColl7 []
  at 215.799 441.327 38.5067
  normal 6.5559e-005 0 1
  respect_prev_transform = 0


CollisionEntry:
  from render/Master Cool Cat-100000070/camFloorRayNode/ccRay2Node
  into render/stage401004518/ZoneEntity-0/-PandaNode/Z22a/room/collsion/stageFloorColl8 []
  at 252.163 501.816 38.3849
  normal 0 0 1
  respect_prev_transform = 0


spec = {'parentEntId': 10000, 'pos': LPoint3f(0, 0, 0)}
h = None
../resources/phase_3/audio/sfx
../resources/phase_3.5/audio/sfx
../resources/phase_4/audio/sfx
../resources/phase_5/audio/sfx
/phase_3/audio/sfx
/phase_3.5/audio/sfx
/phase_4/audio/sfx
/phase_5/audio/sfx

CollisionEntry:
  from render/Master Cool Cat-100000070/camFloorRayNode/ccRay2Node
  into render/stage401004701/ZoneEntity-0/-PandaNode/LB_Zone03a_egg/Collsion/stageFloorColl0 []
  at 1 -10.9125 -0.0306196
  normal -0.000961985 0.000458579 0.999999
  respect_prev_transform = 0


CollisionEntry:
  from render/Master Cool Cat-100000070/camFloorRayNode/ccRay2Node
  into render/stage401004701/LB_connector_7cubeL2.egg/-PandaNode/LB_connector_7cubeL2_egg/collison/stageFloorColl1 []
  at 0.302943 38.4748 0.14009
  normal -0.00110178 -0.420737 0.907182
  respect_prev_transform = 0


CollisionEntry:
  from render/Master Cool Cat-100000070/camFloorRayNode/ccRay2Node
  into render/stage401004701/LB_connector_7cubeL2.egg/-PandaNode/LB_connector_7cubeL2_egg/collison/stageFloorColl1 []
  at 3.04697 51.4217 4.96186
  normal -0.000597282 -0.000218784 1
  respect_prev_transform = 0


CollisionEntry:
  from render/Master Cool Cat-100000070/camFloorRayNode/ccRay2Node
  into render/stage401004701/ZoneEntity-0/-PandaNode/LB_Zone04a_egg/Z04/collision_lobby/stageFloorColl2 []
  at -32.33 110.86 4.95065
  normal 0 0 1
  respect_prev_transform = 0


CollisionEntry:
  from render/Master Cool Cat-100000070/NPW.cRayNode
  into render/stage401004701/ZoneEntity-0/-PandaNode/LB_Zone04a_egg/Z04/collision_lobby/stageFloorColl2 []
  at -27.8943 205.759 4.95065
  normal 0 0 1
  respect_prev_transform = 1


CollisionEntry:
  from render/Master Cool Cat-100000070/camFloorRayNode/ccRay2Node
  into render/stage401004701/LB_connector_7cubeLR.egg/-PandaNode/LB_connector_7cubeLR_egg/collison/stageFloorColl3 []
  at -25.6391 259.611 4.94089
  normal 0.000133877 0 1
  respect_prev_transform = 0


CollisionEntry:
  from render/Master Cool Cat-100000070/camFloorRayNode/ccRay2Node
  into render/stage401004701/LB_connector_7cubeLR.egg/-PandaNode/LB_connector_7cubeLR_egg/collison/stageFloorColl3 []
  at -31.7454 249.842 5.91764
  normal 9.26614e-005 -0.421613 0.906776
  respect_prev_transform = 0


CollisionEntry:
  from render/Master Cool Cat-100000070/camFloorRayNode/ccRay2Node
  into render/stage401004701/LB_connector_7cubeLR.egg/-PandaNode/LB_connector_7cubeLR_egg/collison/stageFloorColl3 []
  at -33.0404 247.656 4.94187
  normal 0.000133877 0 1
  respect_prev_transform = 0


CollisionEntry:
  from render/Master Cool Cat-100000070/camFloorRayNode/ccRay2Node
  into render/stage401004701/ZoneEntity-0/-PandaNode/LB_Zone04a_egg/Z04/collision_lobby/stageFloorColl2 []
  at -34.429 245.313 4.95065
  normal 0 0 1
  respect_prev_transform = 0


CollisionEntry:
  from render/Master Cool Cat-100000070/camFloorRayNode/ccRay2Node
  into render/stage401004701/LB_connector_7cubeLR.egg/-PandaNode/LB_connector_7cubeLR_egg/collison/stageFloorColl3 []
  at -31.4663 245.553 4.94166
  normal 0.000133877 0 1
  respect_prev_transform = 0


CollisionEntry:
  from render/Master Cool Cat-100000070/camFloorRayNode/ccRay2Node
  into render/stage401004701/LB_connector_7cubeLR.egg/-PandaNode/LB_connector_7cubeLR_egg/collison/stageFloorColl3 []
  at -30.6945 248.098 5.10649
  normal 9.26614e-005 -0.421613 0.906776
  respect_prev_transform = 0


CollisionEntry:
  from render/Master Cool Cat-100000070/camFloorRayNode/ccRay2Node
  into render/stage401004701/LB_connector_7cubeLR.egg/-PandaNode/LB_connector_7cubeLR_egg/collison/stageFloorColl3 []
  at -30.4014 260.822 9.94063
  normal 6.5559e-005 0 1
  respect_prev_transform = 0


CollisionEntry:
  from render/Master Cool Cat-100000070/camFloorRayNode/ccRay2Node
  into render/stage401004701/ZoneEntity-0/-PandaNode/Z08_ALL/Z08/boiler_room/collsion_boiler_room/stageFloorColl4 []
  at -5.31662 320.95 9.9265
  normal 0 0 1
  respect_prev_transform = 0


CollisionEntry:
  from render/Master Cool Cat-100000070/camFloorRayNode/ccRay2Node
  into render/stage401004701/ZoneEntity-0/-PandaNode/Z08_ALL/Z08/boiler_room/collsion_boiler_room/stageFloorColl4 []
  at 8.14919 446.397 9.93046
  normal 0 0 1
  respect_prev_transform = 0


CollisionEntry:
  from render/Master Cool Cat-100000070/camFloorRayNode/ccRay2Node
  into render/stage401004701/ZoneEntity-0/-PandaNode/Z08_ALL/Z08/boiler_room/collsion_boiler_room/stageFloorColl4 []
  at 31.7859 445.144 20.2465
  normal 0 0 1
  respect_prev_transform = 0


CollisionEntry:
  from render/Master Cool Cat-100000070/camFloorRayNode/ccRay2Node
  into render/stage401004701/LB_connector_7cubeL2.egg/-PandaNode/LB_connector_7cubeL2_egg/collison/stageFloorColl5 []
  at 76.814 390.596 20.8525
  normal 0 0.0012142 0.999999
  respect_prev_transform = 0


CollisionEntry:
  from render/Master Cool Cat-100000070/camFloorRayNode/ccRay2Node
  into render/stage401004701/ZoneEntity-0/-PandaNode/Z08_ALL/Z08/boiler_room/collsion_boiler_room/stageFloorColl4 []
  at 78.3371 390.702 20.8621
  normal 0 0 1
  respect_prev_transform = 0


CollisionEntry:
  from render/Master Cool Cat-100000070/camFloorRayNode/ccRay2Node
  into render/stage401004701/LB_connector_7cubeL2.egg/-PandaNode/LB_connector_7cubeL2_egg/collison/stageFloorColl5 []
  at 78.8638 390.738 20.977
  normal -0.420737 0.00110179 0.907182
  respect_prev_transform = 0


CollisionEntry:
  from render/Master Cool Cat-100000070/camFloorRayNode/ccRay2Node
  into render/stage401004701/LB_connector_7cubeL2.egg/-PandaNode/LB_connector_7cubeL2_egg/collison/stageFloorColl5 []
  at 91.3816 391.609 25.844
  normal -0.000218784 0.000597282 1
  respect_prev_transform = 0


CollisionEntry:
  from render/Master Cool Cat-100000070/camFloorRayNode/ccRay2Node
  into render/stage401004701/ZoneEntity-0/-PandaNode/Z13_ALL/room/collsion/stageFloorColl6 []
  at 151.772 420.707 25.837
  normal 0 0 1
  respect_prev_transform = 0


spec = {'parentEntId': 10000, 'pos': LPoint3f(0, 0, 0)}
h = None
CollisionEntry:
  from render/Master Cool Cat-100000070/camFloorRayNode/ccRay2Node
  into render/stage401004701/LB_connector_7cubeLR.egg/-PandaNode/LB_connector_7cubeLR_egg/collison/stageFloorColl7 []
  at 420.887 417.699 25.8388
  normal 0 -0.000133877 1
  respect_prev_transform = 0


CollisionEntry:
  from render/Master Cool Cat-100000070/camFloorRayNode/ccRay2Node
  into render/stage401004701/LB_connector_7cubeLR.egg/-PandaNode/LB_connector_7cubeLR_egg/collison/stageFloorColl7 []
  at 423.485 417.733 26.0205
  normal -0.421613 -9.2643e-005 0.906776
  respect_prev_transform = 0


CollisionEntry:
  from render/Master Cool Cat-100000070/camFloorRayNode/ccRay2Node
  into render/stage401004701/LB_connector_7cubeLR.egg/-PandaNode/LB_connector_7cubeLR_egg/collison/stageFloorColl7 []
  at 435.904 419.419 30.838
  normal 0 -6.5559e-005 1
  respect_prev_transform = 0


spec = {'parentEntId': 10000, 'pos': LPoint3f(0, 0, 0)}
h = None
CollisionEntry:
  from render/Master Cool Cat-100000070/camFloorRayNode/ccRay2Node
  into render/stage401004701/ZoneEntity-0/-PandaNode/Z22a/room/collsion/stageFloorColl8 []
  at 496.426 393.606 30.7165
  normal 0 0 1
  respect_prev_transform = 0


entered wait for zone redirect
entered wait for set zone response - 2
