TTLocalizer: Running in language: English
OTPLocalizer: Running in language: English
Preloading suits...
Preloading Toon heads...
Preloading avatars...
{401000001: <toontown.distributed.ToontownDistrict.ToontownDistrict instance at 0x17CEBB20>}
__handleAvatarChooserDone: 100000070, 'Master Cool Cat', ('csl', 'ms', 's', 'm', (0.3, 0.3, 0.35, 1.0), (1.0, 1.0, 1.0, 1.0), (0.3, 0.3, 0.35, 1.0), (0.3, 0.3, 0.35, 1.0), 111, 27, 98, 27, 41, 27), 3
entered wait for zone redirect
entered wait for set zone response - 2
Reading DNA file... phase_4/dna/storage.pdna
Reading DNA file... phase_3.5/dna/storage_interior.pdna
entered wait for zone redirect
entered wait for set zone response - 2
entered wait for zone redirect
entered wait for set zone response - 2
hit! 0.955237865448
hit! 0.739857554436
hit! 0.203829169273
hit! 0.712353348732
--not hard enough: -0.00897334516048
hit! 0.500664293766
hit! 0.965278983116
hit! 0.56028676033
hit! 0.250645816326
hit! 0.989027023315
hit! 0.646068811417
hit! 0.836688578129
hit! 0.930081367493
hit! 0.643446266651
hit! 0.325313478708
