TTLocalizer: Running in language: English
OTPLocalizer: Running in language: English
Preloading suits...
Preloading Toon heads...
Preloading avatars...
{401000001: <toontown.distributed.ToontownDistrict.ToontownDistrict instance at 0x158F1760>}
__handleAvatarChooserDone: 100000070, 'Master Cool Cat', ('csl', 'ms', 'm', 'm', (0.3, 0.3, 0.35, 1.0), (0.28, 0.32, 0.72, 1.0), (0.3, 0.3, 0.35, 1.0), (0.3, 0.3, 0.35, 1.0), 111, 27, 98, 27, 41, 27), 3
entered wait for zone redirect
entered wait for set zone response - 2
Reading DNA file... phase_4/dna/storage.pdna
Reading DNA file... phase_3.5/dna/storage_interior.pdna
entered wait for zone redirect
entered wait for set zone response - 2
Reading DNA file... phase_4/dna/storage.pdna
Reading DNA file... phase_3.5/dna/storage_interior.pdna
entered wait for zone redirect
entered wait for set zone response - 2
entered wait for zone redirect
entered wait for set zone response - 2
entered wait for zone redirect
entered wait for set zone response - 2
entered wait for zone redirect
entered wait for set zone response - 2
Laser Field initCollisionGeom
Laser Field initCollisionGeom
CollisionEntry:
  from render/Master Cool Cat-100000070/camFloorRayNode/ccRay2Node
  into render/stage401004135/ZoneEntity-0/-PandaNode/LB_Zone03a_egg/Collsion/stageFloorColl0 []
  at 0 -6.9125 -0.0334158
  normal -0.000961985 0.000458579 0.999999
  respect_prev_transform = 0


CollisionEntry:
  from render/Master Cool Cat-100000070/camFloorRayNode/ccRay2Node
  into render/stage401004135/LB_connector_7cubeLR.egg/-PandaNode/LB_connector_7cubeLR_egg/collison/stageFloorColl1 []
  at 0 38.87 0.270435
  normal 9.26614e-005 -0.421613 0.906776
  respect_prev_transform = 0


CollisionEntry:
  from render/Master Cool Cat-100000070/camFloorRayNode/ccRay2Node
  into render/stage401004135/LB_connector_7cubeLR.egg/-PandaNode/LB_connector_7cubeLR_egg/collison/stageFloorColl1 []
  at -1.09361 43.6158 -0.0473757
  normal 0.000133877 0 1
  respect_prev_transform = 0


CollisionEntry:
  from render/Master Cool Cat-100000070/camFloorRayNode/ccRay2Node
  into render/stage401004135/LB_connector_7cubeLR.egg/-PandaNode/LB_connector_7cubeLR_egg/collison/stageFloorColl1 []
  at -1.61913 52.1476 4.95165
  normal 6.5559e-005 0 1
  respect_prev_transform = 0


CollisionEntry:
  from render/Master Cool Cat-100000070/camFloorRayNode/ccRay2Node
  into render/stage401004135/ZoneEntity-0/-PandaNode/Z07_ALL/stageFloorColl2 []
  at 32.4094 111.779 4.95356
  normal 0 0 1
  respect_prev_transform = 0


CollisionEntry:
  from render/Master Cool Cat-100000070/camFloorRayNode/ccRay2Node
  into render/stage401004135/LB_connector_7cubeLR.egg/-PandaNode/LB_connector_7cubeLR_egg/collison/stageFloorColl3 []
  at -38.8576 178.729 12.6212
  normal 0 0.000133877 1
  respect_prev_transform = 0


CollisionEntry:
  from render/Master Cool Cat-100000070/camFloorRayNode/ccRay2Node
  into render/stage401004135/LB_connector_7cubeLR.egg/-PandaNode/LB_connector_7cubeLR_egg/collison/stageFloorColl3 []
  at -53.6432 178.038 17.6201
  normal 0 6.5559e-005 1
  respect_prev_transform = 0


CollisionEntry:
  from render/Master Cool Cat-100000070/camFloorRayNode/ccRay2Node
  into render/stage401004135/ZoneEntity-0/-PandaNode/LB_Zone04a_egg/Z04/collision_lobby/stageFloorColl4 []
  at -114.134 213.157 17.619
  normal 0 0 1
  respect_prev_transform = 0


spec = {'parentEntId': 100020, 'pos': LPoint3f(0, 0, 0)}
h = None
### newVec3 =  LVector3f(1.99998, 6.29997, 1.5)
### newVec3 =  LVector3f(1.99998, 6.29997, 0)
### newVec3 =  LVector3f(1.99998, 6.29997, 0.375)
### newVec3 =  LVector3f(1.99998, 6.29997, 0)
CollisionEntry:
  from render/Master Cool Cat-100000070/NPW.cRayNode
  into render/stage401004135/ZoneEntity-0/-PandaNode/LB_Zone04a_egg/Z04/collision_lobby/stageFloorColl4 []
  at -245.082 209.448 17.619
  normal 0 0 1
  respect_prev_transform = 1


CollisionEntry:
  from render/Master Cool Cat-100000070/camFloorRayNode/ccRay2Node
  into render/stage401004135/LB_connector_7cubeL2.egg/-PandaNode/LB_connector_7cubeL2_egg/collison/stageFloorColl5 []
  at -248.499 209.246 17.6277
  normal 0 -0.0012142 0.999999
  respect_prev_transform = 0


CollisionEntry:
  from render/Master Cool Cat-100000070/NPW.cRayNode
  into render/stage401004135/LB_connector_7cubeL2.egg/-PandaNode/LB_connector_7cubeL2_egg/collison/stageFloorColl5 []
  at -248.834 209.191 17.6277
  normal 0 -0.0012142 0.999999
  respect_prev_transform = 1


CollisionEntry:
  from render/Master Cool Cat-100000070/NPW.cRayNode
  into render/stage401004135/LB_connector_7cubeL2.egg/-PandaNode/LB_connector_7cubeL2_egg/collison/stageFloorColl5 []
  at -252.627 208.931 18.792
  normal 0.420737 -0.00110176 0.907182
  respect_prev_transform = 1


CollisionEntry:
  from render/Master Cool Cat-100000070/NPW.cRayNode
  into render/stage401004135/LB_connector_7cubeL2.egg/-PandaNode/LB_connector_7cubeL2_egg/collison/stageFloorColl5 []
  at -249.499 209.146 17.6275
  normal 0 -0.0012142 0.999999
  respect_prev_transform = 1


CollisionEntry:
  from render/Master Cool Cat-100000070/NPW.cRayNode
  into render/stage401004135/LB_connector_7cubeL2.egg/-PandaNode/LB_connector_7cubeL2_egg/collison/stageFloorColl5 []
  at -251.189 209.03 18.1248
  normal 0.420737 -0.00110176 0.907182
  respect_prev_transform = 1


CollisionEntry:
  from render/Master Cool Cat-100000070/camFloorRayNode/ccRay2Node
  into render/stage401004135/LB_connector_7cubeL2.egg/-PandaNode/LB_connector_7cubeL2_egg/collison/stageFloorColl5 []
  at -250.303 209.116 17.7144
  normal 0.420737 -0.00110176 0.907182
  respect_prev_transform = 0


CollisionEntry:
  from render/Master Cool Cat-100000070/NPW.cRayNode
  into render/stage401004135/LB_connector_7cubeL2.egg/-PandaNode/LB_connector_7cubeL2_egg/collison/stageFloorColl5 []
  at -264.249 208.136 22.6175
  normal 0.000218784 -0.000597282 1
  respect_prev_transform = 1


CollisionEntry:
  from render/Master Cool Cat-100000070/camFloorRayNode/ccRay2Node
  into render/stage401004135/LB_connector_7cubeL2.egg/-PandaNode/LB_connector_7cubeL2_egg/collison/stageFloorColl5 []
  at -255.756 208.736 17.6271
  normal 0 -0.0012142 0.999999
  respect_prev_transform = 0


CollisionEntry:
  from render/Master Cool Cat-100000070/camFloorRayNode/ccRay2Node
  into render/stage401004135/LB_connector_7cubeL2.egg/-PandaNode/LB_connector_7cubeL2_egg/collison/stageFloorColl5 []
  at -263.148 208.223 22.6172
  normal 0.000218784 -0.000597282 1
  respect_prev_transform = 0


CollisionEntry:
  from render/Master Cool Cat-100000070/NPW.cRayNode
  into render/stage401004135/LB_connector_7cubeL2.egg/-PandaNode/LB_connector_7cubeL2_egg/collison/stageFloorColl5 []
  at -308.938 185.455 22.6153
  normal -0.000243786 0.000494851 1
  respect_prev_transform = 1


CollisionEntry:
  from render/Master Cool Cat-100000070/camFloorRayNode/ccRay2Node
  into render/stage401004135/LB_connector_7cubeL2.egg/-PandaNode/LB_connector_7cubeL2_egg/collison/stageFloorColl5 []
  at -310.059 183.691 22.616
  normal -0.000243786 0.000494851 1
  respect_prev_transform = 0


CollisionEntry:
  from render/Master Cool Cat-100000070/NPW.cRayNode
  into render/stage401004135/ZoneEntity-0/-PandaNode/Z07_ALL/stageFloorColl6 []
  at -323.754 177.54 22.6096
  normal 0 0 1
  respect_prev_transform = 1


CollisionEntry:
  from render/Master Cool Cat-100000070/camFloorRayNode/ccRay2Node
  into render/stage401004135/ZoneEntity-0/-PandaNode/Z07_ALL/stageFloorColl6 []
  at -323.838 177.197 22.6096
  normal 0 0 1
  respect_prev_transform = 0


CollisionEntry:
  from render/Master Cool Cat-100000070/NPW.cRayNode
  into render/stage401004135/ZoneEntity-0/-PandaNode/Z07_ALL/stageFloorColl6 []
  at -399.424 146.552 23.5324
  normal 0 0 1
  respect_prev_transform = 1


CollisionEntry:
  from render/Master Cool Cat-100000070/camFloorRayNode/ccRay2Node
  into render/stage401004135/ZoneEntity-0/-PandaNode/Z07_ALL/stageFloorColl6 []
  at -399.894 147.893 22.9919
  normal 0 0 1
  respect_prev_transform = 0


CollisionEntry:
  from render/Master Cool Cat-100000070/NPW.cRayNode
  into render/stage401004135/LB_connector_7cubeL2.egg/-PandaNode/LB_connector_7cubeL2_egg/collison/stageFloorColl7 []
  at -390.204 111.149 30.2922
  normal 0.0012142 0 0.999999
  respect_prev_transform = 1


CollisionEntry:
  from render/Master Cool Cat-100000070/NPW.cRayNode
  into render/stage401004135/LB_connector_7cubeL2.egg/-PandaNode/LB_connector_7cubeL2_egg/collison/stageFloorColl7 []
  at -386.342 106.815 31.4885
  normal 0.000541565 0.421375 0.906886
  respect_prev_transform = 1


CollisionEntry:
  from render/Master Cool Cat-100000070/camFloorRayNode/ccRay2Node
  into render/stage401004135/LB_connector_7cubeL2.egg/-PandaNode/LB_connector_7cubeL2_egg/collison/stageFloorColl7 []
  at -385.173 104.358 30.2861
  normal 0.0012142 0 0.999999
  respect_prev_transform = 0


CollisionEntry:
  from render/Master Cool Cat-100000070/camFloorRayNode/ccRay2Node
  into render/stage401004135/LB_connector_7cubeL2.egg/-PandaNode/LB_connector_7cubeL2_egg/collison/stageFloorColl7 []
  at -386.13 99.0912 30.2873
  normal 0.0012142 0 0.999999
  respect_prev_transform = 0


CollisionEntry:
  from render/Master Cool Cat-100000070/NPW.cRayNode
  into render/stage401004135/LB_connector_7cubeL2.egg/-PandaNode/LB_connector_7cubeL2_egg/collison/stageFloorColl7 []
  at -384.712 92.1561 35.2819
  normal 0.000597282 0.000218785 1
  respect_prev_transform = 1


CollisionEntry:
  from render/Master Cool Cat-100000070/camFloorRayNode/ccRay2Node
  into render/stage401004135/LB_connector_7cubeL2.egg/-PandaNode/LB_connector_7cubeL2_egg/collison/stageFloorColl7 []
  at -386.04 91.0529 35.283
  normal 0.000597282 0.000218785 1
  respect_prev_transform = 0


CollisionEntry:
  from render/Master Cool Cat-100000070/NPW.cRayNode
  into render/stage401004135/ZoneEntity-0/-PandaNode/Z22a/room/collsion/stageFloorColl8 []
  at -369.766 35.0932 35.156
  normal 0 0 1
  respect_prev_transform = 1


CollisionEntry:
  from render/Master Cool Cat-100000070/camFloorRayNode/ccRay2Node
  into render/stage401004135/ZoneEntity-0/-PandaNode/Z22a/room/collsion/stageFloorColl8 []
  at -369.326 34.6644 35.1561
  normal 0 0 1
  respect_prev_transform = 0


