TTLocalizer: Running in language: English
OTPLocalizer: Running in language: English
Preloading suits...
Preloading Toon heads...
Preloading avatars...
{401000001: <toontown.distributed.ToontownDistrict.ToontownDistrict instance at 0x160484E0>}
__handleAvatarChooserDone: 100000181, 'Boris', ('csl', 'ls', 's', 'm', (0.64, 0.35, 0.26, 1.0), (1.0, 1.0, 1.0, 1.0), (0.64, 0.35, 0.26, 1.0), (0.64, 0.35, 0.26, 1.0), 8, 27, 5, 27, 3, 27), 0
entered wait for zone redirect
entered wait for set zone response - 2
Reading DNA file... phase_4/dna/storage.pdna
Reading DNA file... phase_3.5/dna/storage_interior.pdna
Reading DNA file... phase_8/dna/storage_BR.pdna
Reading DNA file... phase_8/dna/storage_BR_sz.pdna
Reading DNA file... phase_8/dna/the_burrrgh_sz.pdna
entered wait for zone redirect
entered wait for set zone response - 2
Reading DNA file... phase_5/dna/storage_town.pdna
Reading DNA file... phase_8/dna/storage_BR_town.pdna
Reading DNA file... phase_8/dna/the_burrrgh_3300.pdna
entered wait for zone redirect
entered wait for set zone response - 2
entered wait for zone redirect
entered wait for set zone response - 2
Reading DNA file... phase_5/dna/storage_town.pdna
Reading DNA file... phase_8/dna/storage_BR_town.pdna
Reading DNA file... phase_8/dna/the_burrrgh_3300.pdna
entered wait for zone redirect
entered wait for set zone response - 2
entered wait for zone redirect
entered wait for set zone response - 2
Reading DNA file... phase_5/dna/storage_town.pdna
Reading DNA file... phase_8/dna/storage_BR_town.pdna
Reading DNA file... phase_8/dna/the_burrrgh_3300.pdna
entered wait for zone redirect
entered wait for set zone response - 2
Reading DNA file... phase_4/dna/storage.pdna
Reading DNA file... phase_3.5/dna/storage_interior.pdna
Reading DNA file... phase_8/dna/storage_BR.pdna
Reading DNA file... phase_5/dna/storage_town.pdna
Reading DNA file... phase_8/dna/storage_BR_town.pdna
Reading DNA file... phase_8/dna/the_burrrgh_3100.pdna
entered wait for zone redirect
entered wait for set zone response - 2
Reading DNA file... phase_4/dna/storage.pdna
Reading DNA file... phase_3.5/dna/storage_interior.pdna
Reading DNA file... phase_8/dna/storage_BR.pdna
Reading DNA file... phase_5/dna/storage_town.pdna
Reading DNA file... phase_8/dna/storage_BR_town.pdna
Reading DNA file... phase_8/dna/the_burrrgh_3300.pdna
__handleAvatarChooserDone: 100000070, 'Master Cool Cat', ('csl', 'ms', 'm', 'm', (0.3, 0.3, 0.35, 1.0), (0.28, 0.32, 0.72, 1.0), (0.3, 0.3, 0.35, 1.0), (0.3, 0.3, 0.35, 1.0), 111, 27, 98, 27, 41, 27), 3
entered wait for zone redirect
entered wait for set zone response - 2
Reading DNA file... phase_4/dna/storage.pdna
Reading DNA file... phase_3.5/dna/storage_interior.pdna
entered wait for zone redirect
entered wait for set zone response - 2
Reading DNA file... phase_4/dna/storage.pdna
Reading DNA file... phase_3.5/dna/storage_interior.pdna
Reading DNA file... phase_4/dna/storage_TT.pdna
Reading DNA file... phase_4/dna/storage_TT_sz.pdna
Reading DNA file... phase_4/dna/toontown_central_sz.pdna
entered wait for zone redirect
entered wait for set zone response - 2
entered wait for zone redirect
entered wait for set zone response - 2
entered wait for zone redirect
entered wait for set zone response - 2
Reading DNA file... phase_5/dna/storage_town.pdna
Reading DNA file... phase_5/dna/storage_TT_town.pdna
Reading DNA file... phase_5/dna/toontown_central_2100.pdna
entered wait for zone redirect
entered wait for set zone response - 2
Reading DNA file... phase_4/dna/storage_TT_sz.pdna
Reading DNA file... phase_4/dna/toontown_central_sz.pdna
entered wait for zone redirect
entered wait for set zone response - 2
Reading DNA file... phase_5/dna/storage_town.pdna
Reading DNA file... phase_5/dna/storage_TT_town.pdna
Reading DNA file... phase_5/dna/toontown_central_2300.pdna
entered wait for zone redirect
entered wait for set zone response - 2
Reading DNA file... phase_4/dna/storage.pdna
Reading DNA file... phase_3.5/dna/storage_interior.pdna
entered wait for zone redirect
entered wait for set zone response - 2
spec = {'parentEntId': 110000, 'pos': LPoint3f(0, 0, 0)}
h = None
chooseFireOpenShot <function suitGroupThreeQuarterLeftBehindShot at 0x11BBF070>
chooseFireOpenShot <function suitGroupThreeQuarterLeftBehindShot at 0x11BBF070>
Warning: NodePath.remove() is deprecated.  Use remove_node() instead.
Pattern [1, 2, 0, 2, 5, 5, 1, 0] Place 0 Type 1
Pattern [1, 2, 0, 2, 5, 5, 1, 0] Place 1 Type 2
Pattern [1, 2, 0, 2, 5, 5, 1, 0] Place 2 Type 0
Pattern [1, 2, 0, 2, 5, 5, 1, 0] Place 3 Type 2
Pattern [1, 2, 0, 2, 5, 5, 1, 0] Place 4 Type 5
Pattern [1, 2, 0, 2, 5, 5, 1, 0] Place 5 Type 5
Pattern [1, 2, 0, 2, 5, 5, 1, 0] Place 6 Type 1
Pattern [1, 2, 0, 2, 5, 5, 1, 0] Place 7 Type 0
Pattern [1, 2, 0, 2, 5, 5, 1, 0] Place 0 Type 1
Pattern [1, 2, 0, 2, 5, 5, 1, 0] Place 1 Type 2
Pattern [1, 2, 0, 2, 5, 5, 1, 0] Place 2 Type 0
Pattern [1, 2, 0, 2, 5, 5, 1, 0] Place 3 Type 2
Pattern [1, 2, 0, 2, 5, 5, 1, 0] Place 4 Type 5
Pattern [1, 2, 0, 2, 5, 5, 1, 0] Place 5 Type 5
Pattern [1, 2, 0, 2, 5, 5, 1, 0] Place 6 Type 1
Pattern [1, 2, 0, 2, 5, 5, 1, 0] Place 7 Type 0
Pattern [1, 2, 0, 2, 5, 5, 1, 0] Place 0 Type 1
Pattern [1, 2, 0, 2, 5, 5, 1, 0] Place 1 Type 2
Pattern [1, 2, 0, 2, 5, 5, 1, 0] Place 2 Type 0
Pattern [1, 2, 0, 2, 5, 5, 1, 0] Place 3 Type 2
Pattern [1, 2, 0, 2, 5, 5, 1, 0] Place 4 Type 5
Pattern [1, 2, 0, 2, 5, 5, 1, 0] Place 5 Type 5
Pattern [1, 2, 0, 2, 5, 5, 1, 0] Place 6 Type 1
Pattern [1, 2, 0, 2, 5, 5, 1, 0] Place 7 Type 0
Pattern [6, 1, 6, 0, 2, 2, 1, 0] Place 0 Type 6
Pattern [6, 1, 6, 0, 2, 2, 1, 0] Place 1 Type 1
Pattern [6, 1, 6, 0, 2, 2, 1, 0] Place 2 Type 6
Pattern [6, 1, 6, 0, 2, 2, 1, 0] Place 3 Type 0
Pattern [6, 1, 6, 0, 2, 2, 1, 0] Place 4 Type 2
Pattern [6, 1, 6, 0, 2, 2, 1, 0] Place 5 Type 2
Pattern [6, 1, 6, 0, 2, 2, 1, 0] Place 6 Type 1
Pattern [6, 1, 6, 0, 2, 2, 1, 0] Place 7 Type 0
Pattern [0, 0, 6, 1, 6, 1] Place 0 Type 0
Pattern [0, 0, 6, 1, 6, 1] Place 1 Type 0
Pattern [0, 0, 6, 1, 6, 1] Place 2 Type 6
Pattern [0, 0, 6, 1, 6, 1] Place 3 Type 1
Pattern [0, 0, 6, 1, 6, 1] Place 4 Type 6
Pattern [0, 0, 6, 1, 6, 1] Place 5 Type 1
Pattern [0, 0, 6, 1, 6, 1] Place 0 Type 0
Pattern [0, 0, 6, 1, 6, 1] Place 1 Type 0
Pattern [0, 0, 6, 1, 6, 1] Place 2 Type 6
Pattern [0, 0, 6, 1, 6, 1] Place 3 Type 1
Pattern [0, 0, 6, 1, 6, 1] Place 4 Type 6
Pattern [0, 0, 6, 1, 6, 1] Place 5 Type 1
Pattern [0, 0, 6, 1, 6, 1] Place 0 Type 0
Pattern [0, 0, 6, 1, 6, 1] Place 1 Type 0
Pattern [0, 0, 6, 1, 6, 1] Place 2 Type 6
Pattern [0, 0, 6, 1, 6, 1] Place 3 Type 1
Pattern [0, 0, 6, 1, 6, 1] Place 4 Type 6
Pattern [0, 0, 6, 1, 6, 1] Place 5 Type 1
Pattern [0, 0, 6, 1, 6, 1] Place 0 Type 0
Pattern [0, 0, 6, 1, 6, 1] Place 1 Type 0
Pattern [0, 0, 6, 1, 6, 1] Place 2 Type 6
Pattern [0, 0, 6, 1, 6, 1] Place 3 Type 1
Pattern [0, 0, 6, 1, 6, 1] Place 4 Type 6
Pattern [0, 0, 6, 1, 6, 1] Place 5 Type 1
Pattern [0, 0, 6, 1, 6, 1] Place 0 Type 0
Pattern [0, 0, 6, 1, 6, 1] Place 1 Type 0
Pattern [0, 0, 6, 1, 6, 1] Place 2 Type 6
Pattern [0, 0, 6, 1, 6, 1] Place 3 Type 1
Pattern [0, 0, 6, 1, 6, 1] Place 4 Type 6
Pattern [0, 0, 6, 1, 6, 1] Place 5 Type 1
Pattern [0, 0, 6, 1, 6, 1] Place 0 Type 0
Pattern [0, 0, 6, 1, 6, 1] Place 1 Type 0
Pattern [0, 0, 6, 1, 6, 1] Place 2 Type 6
Pattern [0, 0, 6, 1, 6, 1] Place 3 Type 1
Pattern [0, 0, 6, 1, 6, 1] Place 4 Type 6
Pattern [0, 0, 6, 1, 6, 1] Place 5 Type 1
Pattern [0, 0, 6, 1, 6, 1] Place 0 Type 0
Pattern [0, 0, 6, 1, 6, 1] Place 1 Type 0
Pattern [0, 0, 6, 1, 6, 1] Place 2 Type 6
Pattern [0, 0, 6, 1, 6, 1] Place 3 Type 1
Pattern [0, 0, 6, 1, 6, 1] Place 4 Type 6
Pattern [0, 0, 6, 1, 6, 1] Place 5 Type 1
Pattern [0, 0, 6, 1, 6, 1] Place 0 Type 0
Pattern [0, 0, 6, 1, 6, 1] Place 1 Type 0
spec = {'parentEntId': 110400, 'pos': LPoint3f(0, 0, 0)}
h = None
moving the local toon off the elevator
{}
{401000001: <toontown.distributed.ToontownDistrict.ToontownDistrict instance at 0x16D60C10>}
__handleAvatarChooserDone: 100000070, 'Master Cool Cat', ('csl', 'ms', 'm', 'm', (0.3, 0.3, 0.35, 1.0), (0.28, 0.32, 0.72, 1.0), (0.3, 0.3, 0.35, 1.0), (0.3, 0.3, 0.35, 1.0), 111, 27, 98, 27, 41, 27), 3
entered wait for zone redirect
entered wait for set zone response - 2
Reading DNA file... phase_4/dna/storage.pdna
Reading DNA file... phase_3.5/dna/storage_interior.pdna
../resources/phase_3/audio/sfx
../resources/phase_3.5/audio/sfx
../resources/phase_4/audio/sfx
../resources/phase_5/audio/sfx
/phase_3/audio/sfx
/phase_3.5/audio/sfx
/phase_4/audio/sfx
/phase_5/audio/sfx

entered wait for zone redirect
entered wait for set zone response - 2
entered wait for zone redirect
entered wait for set zone response - 2
chooseFireOpenShot <function suitGroupThreeQuarterLeftBehindShot at 0x11BBF070>
chooseFireOpenShot <function avatarCloseUpFireShot at 0x11BBF730>
Warning: NodePath.remove() is deprecated.  Use remove_node() instead.
chooseFireOpenShot <function avatarBehindShot at 0x11BBF2F0>
chooseFireOpenShot <function avatarCloseUpFireShot at 0x11BBF730>
Warning: NodePath.remove() is deprecated.  Use remove_node() instead.
chooseFireOpenShot <function suitGroupThreeQuarterLeftBehindShot at 0x11BBF070>
chooseFireOpenShot <function suitGroupThreeQuarterLeftBehindShot at 0x11BBF070>
Warning: NodePath.remove() is deprecated.  Use remove_node() instead.
entered wait for zone redirect
entered wait for set zone response - 2
Reading DNA file... phase_4/dna/storage.pdna
Reading DNA file... phase_3.5/dna/storage_interior.pdna
Reading DNA file... phase_6/dna/storage_DD.pdna
Reading DNA file... phase_6/dna/storage_DD_sz.pdna
Reading DNA file... phase_6/dna/donalds_dock_sz.pdna
