TTLocalizer: Running in language: English
OTPLocalizer: Running in language: English
Preloading suits...
Preloading Toon heads...
Preloading avatars...
{401000001: <toontown.distributed.ToontownDistrict.ToontownDistrict instance at 0x1D0F27D8>}
__handleAvatarChooserDone: 100000168, 'Coe', ('fss', 'ss', 's', 'm', (0.0, 0.4, 0.64, 1.0), (1.0, 1.0, 1.0, 1.0), (0.0, 0.4, 0.64, 1.0), (0.0, 0.4, 0.64, 1.0), 19, 10, 13, 10, 1, 11), 0
entered wait for zone redirect
entered wait for set zone response - 2
Reading DNA file... phase_4/dna/storage.pdna
Reading DNA file... phase_3.5/dna/storage_interior.pdna
Reading DNA file... phase_8/dna/storage_DG.pdna
Reading DNA file... phase_8/dna/storage_DG_sz.pdna
Reading DNA file... phase_8/dna/daisys_garden_sz.pdna
entered wait for zone redirect
entered wait for set zone response - 2
Reading DNA file... phase_4/dna/storage.pdna
Reading DNA file... phase_3.5/dna/storage_interior.pdna
entered wait for zone redirect
entered wait for set zone response - 2
entered wait for zone redirect
entered wait for set zone response - 2
../resources/phase_3/audio/sfx
../resources/phase_3.5/audio/sfx
../resources/phase_4/audio/sfx
../resources/phase_5/audio/sfx
/phase_3/audio/sfx
/phase_3.5/audio/sfx
/phase_4/audio/sfx
/phase_5/audio/sfx

Exception occurred while processing Func-setChatAbsolute-1677 of movie-track-with-cam-401004264:
movie-track-with-cam-401004264:
  0.000 movie-track-with-cam-401004264 {
  0.000   movie-track-401004264 {
  0.000     Sequence-1668 {
  0.000       toon-attacks {
  0.000         Sequence-1670 {
  0.000           Sequence-1674 {
  0.000             Sequence-1673 {
  0.000               *Func-reparentTo-1662
  0.000               *Func-setPos-1663
  0.000               *Func-setHpr-1664
  0.000               *Func-pose-1665
  0.000               teleportIn {
  0.000                 Sequence-1671 {
  0.000                   *Func-reparentTo-1666
  0.000                   *Func-setPos-1667
  0.000                   *Actor-hole-457 dur 0.341667
  0.342                   Wait dur 0.6
  0.942                   *Actor-hole-458 dur 0.341667
  1.284                   *Func-restoreHole-1668
  1.284                 }
  0.000                 Sequence-1672 {
  0.000                   Wait dur 0.3
  0.300                   *Func-show-1669
  0.300                   *Func-show-1670
  0.300                   *Actor-jump-459 dur 1.21667
  1.517                 }
  1.517               }
  1.517               *Func-addActive-1671
  1.517               *Func-setChatAbsolute-1672
  1.517               *Actor-wave-460 dur 3.25
  4.767               *Func-loop-1673
  4.767               *Func-clearChat-1674
  4.767             }
  4.767             Sequence-1686 {
  4.767               Wait dur 6
 10.767               *Func-clearChat-1681
 10.767               *Actor-curtsy-462 dur 3.375
 14.142               *Func-setChatAbsolute-1682
 14.142               teleportOut {
 14.142                 Track-1684 {
 14.142                   *Func-showHoles-1683
 14.642                   *Sound-232 dur 3.34367
 15.850                   *Func-reparentHoles-1684
 17.542                   *Func-cleanupHoles-1685
 17.986                 }
 14.142                 *Actor-hole-463 dur 3.4
 14.142                 *Actor-hole-464 dur 3.4
 14.142                 *Actor-hole-465 dur 3.4
 14.142                 *Actor-teleport-466 dur 3.4
 17.986               }
 17.986               *Func-removeActive-1686
 17.986               *Func-detachNode-1687
 17.986               *Func-delete-1688
 17.986             }
 17.986             Parallel-1675 {
 17.986               Sequence-1678 {
 17.986                 Wait dur 0.583333
 18.569                 *Func-showProps-1675
 18.569                 Parallel-1676 {
 18.569                   LerpScaleInterval-1034: scale from 0.01 0.01 0.01 to 1 1 1 dur 0.5
 18.569                   LerpScaleInterval-1035: scale from 0.01 0.01 0.01 to 1 1 1 dur 0.5
 19.069                 }
 19.069                 Wait dur 4.125
 23.194                 Parallel-1677 {
 23.194                   LerpScaleInterval-1036: scale from 1 1 1 to 0.01 0.01 0.01 dur 0.5
 23.194                   LerpScaleInterval-1037: scale from 1 1 1 to 0.01 0.01 0.01 dur 0.5
 23.694                 }
 23.694                 *Func-removeProps-1676
 23.694               }
 17.986               Sequence-1679 {
 17.986                 Wait dur 0.583333
 18.569                 *Actor-sound-461 dur 5.125
 23.694               }
 17.986               Sequence-1680 {
 17.986                 Wait dur 2
 19.986                 *Sound-231 dur 5.72082
 25.707               }
 17.986               Sequence-1681 {
 17.986                 Wait
 17.986                 *Func-setChatAbsolute-1677
 17.986               }
 17.986               Sequence-1682 {
 17.986                 Wait dur 3
 20.986                 *Func-setChatAbsolute-1678
 20.986               }
 17.986               Sequence-1683 {
 17.986                 Wait dur 4
 21.986                 *Func-__healToon-1679
 21.986                 Wait dur 1.5
 23.486                 *Func-clearChat-1680
 23.486               }
 25.707             }
 25.707           }
 25.707         }
 25.707       }
 25.707       *Func-__handleMovieDone-1691
 25.707     }
 25.707   }
  0.000   Sequence-1688 {
  0.000     Sequence-1669 {
  0.000       toon-attacks-cam {
  0.000         Sequence-1687 {
  0.000           toonGroupShot {
  0.000             *Func-setPosHpr-1689
  0.000             Wait dur 2.8
  2.800           }
  2.800           toonGroupShot {
  2.800             *Func-setPosHpr-1690
  2.800             Wait dur 22.907
 25.707           }
 25.707         }
 25.707       }
 25.707     }
 25.707   }
 25.707 }

Traceback (most recent call last):
  File "C:\Panda3D-1.10.0\direct\showbase\ShowBase.py", line 1829, in __ivalLoop
    IntervalManager.ivalMgr.step()
  File "C:\Panda3D-1.10.0\direct\interval\IntervalManager.py", line 94, in step
    self.__doPythonCallbacks()
  File "C:\Panda3D-1.10.0\direct\interval\IntervalManager.py", line 122, in __doPythonCallbacks
    self.ivals[index].privPostEvent()
  File "C:\Panda3D-1.10.0\direct\interval\MetaInterval.py", line 519, in privPostEvent
    self.__doPythonCallbacks()
  File "C:\Panda3D-1.10.0\direct\interval\MetaInterval.py", line 495, in __doPythonCallbacks
    ival.privDoEvent(t, eventType)
  File "C:\Panda3D-1.10.0\direct\interval\Interval.py", line 206, in privDoEvent
    self.privInstant()
  File "C:\Panda3D-1.10.0\direct\interval\FunctionInterval.py", line 88, in privInstant
    self.function(*self.extraArgs, **self.kw)
  File "otp\avatar\Avatar.py", line 312, in setChatAbsolute
    self.clearChat()
  File "otp\avatar\Avatar.py", line 326, in clearChat
    self.nametag.clearChat()
AttributeError: 'Toon' object has no attribute 'nametag'
Traceback (most recent call last):
  File "otp\otpbase\OTPBase.py", line 34, in run
    taskMgr.run()
  File "C:\Panda3D-1.10.0\direct\task\Task.py", line 508, in run
    self.step()
  File "C:\Panda3D-1.10.0\direct\task\Task.py", line 465, in step
    self.mgr.poll()
  File "C:\Panda3D-1.10.0\direct\showbase\ShowBase.py", line 1829, in __ivalLoop
    IntervalManager.ivalMgr.step()
  File "C:\Panda3D-1.10.0\direct\interval\IntervalManager.py", line 94, in step
    self.__doPythonCallbacks()
  File "C:\Panda3D-1.10.0\direct\interval\IntervalManager.py", line 122, in __doPythonCallbacks
    self.ivals[index].privPostEvent()
  File "C:\Panda3D-1.10.0\direct\interval\MetaInterval.py", line 519, in privPostEvent
    self.__doPythonCallbacks()
  File "C:\Panda3D-1.10.0\direct\interval\MetaInterval.py", line 495, in __doPythonCallbacks
    ival.privDoEvent(t, eventType)
  File "C:\Panda3D-1.10.0\direct\interval\Interval.py", line 206, in privDoEvent
    self.privInstant()
  File "C:\Panda3D-1.10.0\direct\interval\FunctionInterval.py", line 88, in privInstant
    self.function(*self.extraArgs, **self.kw)
  File "otp\avatar\Avatar.py", line 312, in setChatAbsolute
    self.clearChat()
  File "otp\avatar\Avatar.py", line 326, in clearChat
    self.nametag.clearChat()
AttributeError: 'Toon' object has no attribute 'nametag'
