TTLocalizer: Running in language: English
OTPLocalizer: Running in language: English
Preloading suits...
Preloading Toon heads...
Preloading avatars...
{401000001: <toontown.distributed.ToontownDistrict.ToontownDistrict instance at 0x15D4E620>}
__handleAvatarChooserDone: 100000181, 'Boris', ('csl', 'ls', 's', 'm', (0.64, 0.35, 0.26, 1.0), (1.0, 1.0, 1.0, 1.0), (0.64, 0.35, 0.26, 1.0), (0.64, 0.35, 0.26, 1.0), 8, 27, 5, 27, 3, 27), 0
entered wait for zone redirect
entered wait for set zone response - 2
Reading DNA file... phase_4/dna/storage.pdna
Reading DNA file... phase_3.5/dna/storage_interior.pdna
Reading DNA file... phase_6/dna/storage_DD.pdna
Reading DNA file... phase_6/dna/storage_DD_sz.pdna
Reading DNA file... phase_6/dna/donalds_dock_sz.pdna
entered wait for zone redirect
entered wait for set zone response - 2
Reading DNA file... phase_4/dna/storage.pdna
Reading DNA file... phase_3.5/dna/storage_interior.pdna
entered wait for zone redirect
entered wait for set zone response - 2
spec = {'parentEntId': 10000, 'pos': LPoint3f(0, 0, 0)}
h = None
spec = {'parentEntId': 10005, 'pos': LPoint3f(0, 0, 0)}
h = None
spec = {'parentEntId': 10000, 'pos': LPoint3f(0, 0, 0)}
h = None
spec = {'parentEntId': 10000, 'pos': LPoint3f(0, 0, 0)}
h = None
### newVec3 =  LVector3f(2, 11.3, 1.5)
### newVec3 =  LVector3f(2, 11.3, 0)
### newVec3 =  LVector3f(2, 11.3, 0.375)
### newVec3 =  LVector3f(2, 11.3, 0)
Exception occurred while processing Func-__doDamage-1436 of movie-track-with-cam-401010990:
movie-track-with-cam-401010990:
  0.000 movie-track-with-cam-401010990 {
  0.000   movie-track-401010990 {
  0.000     Sequence-863 {
  0.000       toon-attacks {
  0.000         Sequence-869 {
  0.000           Sequence-865 {
  0.000             Parallel-867 {
  0.000             }
  0.000           }
  0.000           toplevel-drop {
  0.000           }
  0.000           Parallel-868 {
  0.000             Parallel-866 {
  0.000             }
  0.000           }
  0.000           Parallel-870 {
  0.000             Parallel-880 {
  0.000               Sequence-874 {
  0.000                 Wait
  0.000                 *Func-headsUp-1347
  0.000                 *Actor-pushbutton-109 dur 4
  4.000                 *Func-loop-1348
  4.000                 *Func-setHpr-1349
  4.000               }
  0.000               Parallel-872 {
  0.000                 Sequence-871 {
  0.000                   Wait dur 2.14
  2.140                   *Sound-87 dur 0.67
  2.810                 }
  0.000                 Sequence-873 {
  0.000                   Wait dur 2.34
  2.340                   *Sound-88 dur 4.10122
  6.441                 }
  6.441               }
  0.000               Sequence-875 {
  0.000                 Wait
  0.000                 *Func-showProps-1350
  0.000                 LerpScaleInterval-814: scale from 0.01 0.01 0.01 to 1 1 1 dur 1
  1.000                 Wait dur 2.5
  3.500                 LerpScaleInterval-815: scale from 1 1 1 to 0.01 0.01 0.01 dur 1
  4.500                 *Func-removeProps-1351
  4.500               }
  0.000               Sequence-876 {
  0.000                 *Func-needRestoreRenderProp-1352
  0.000                 Wait dur 4.3
  4.300                 *Func-posObject-1353
  4.300                 Sequence-878 {
  4.300                   *Func-setScale-1354
  4.300                   *Func-setH-1355
  4.300                   LerpPosInterval-816: pos from 2 11.3 5 to 2 11.3 0 dur 0.0833333
  4.383                   Sequence-877 {
  4.383                     LerpPosInterval-818: pos from 2 11.3 0 to 2 11.3 1.5 dur 0.25
  4.633                     LerpPosInterval-819: pos from 2 11.3 1.5 to 2 11.3 0 dur 0.25
  4.883                     LerpPosInterval-820: pos from 2 11.3 0 to 2 11.3 0.375 dur 0.25
  5.133                     LerpPosInterval-821: pos from 2 11.3 0.375 to 2 11.3 0 dur 0.25
  5.383                   }
  5.383                   Wait dur 1.5
  6.883                   LerpScaleInterval-817: scale from 1 1 1 to 0.01 0.01 0.01 dur 0.1
  6.983                 }
  6.983                 *Func-removeProp-1356
  6.983                 *Func-clearRenderProp-1357
  6.983               }
  0.000               Sequence-879 {
  0.000                 Wait dur 2.44
  2.440                 *Func-needRestoreRenderProp-1358
  2.440                 *Func-posShadow-1359
  2.440                 LerpScaleInterval-822: scale from 0.01 0.01 0.01 to 3.6 3.6 3.6 dur 1.86
  4.300                 Wait dur 0.3
  4.600                 *Func-removeProp-1360
  4.600                 *Func-clearRenderProp-1361
  4.600               }
  0.000               Parallel-883 {
  0.000                 Sequence-881 {
  0.000                   Wait dur 4.3
  4.300                   *Actor-victory-110 dur 1.44167
  5.742                   *Func-loop-1362
  5.742                 }
  0.000                 Sequence-882 {
  0.000                   Wait dur 4.5
  4.500                   *Func-indicateMissed-1363
  4.500                 }
  5.742               }
  0.000               Parallel-886 {
  0.000                 Sequence-884 {
  0.000                   Wait dur 4.3
  4.300                   *Actor-victory-111 dur 1.44167
  5.742                   *Func-loop-1364
  5.742                 }
  0.000                 Sequence-885 {
  0.000                   Wait dur 4.5
  4.500                   *Func-indicateMissed-1365
  4.500                 }
  5.742               }
  0.000               Parallel-889 {
  0.000                 Sequence-887 {
  0.000                   Wait dur 4.3
  4.300                   *Actor-victory-112 dur 1.44167
  5.742                   *Func-loop-1366
  5.742                 }
  0.000                 Sequence-888 {
  0.000                   Wait dur 4.5
  4.500                   *Func-indicateMissed-1367
  4.500                 }
  5.742               }
  0.000               Parallel-892 {
  0.000                 Sequence-890 {
  0.000                   Wait dur 4.3
  4.300                   *Actor-victory-113 dur 1.44167
  5.742                   *Func-loop-1368
  5.742                 }
  0.000                 Sequence-891 {
  0.000                   Wait dur 4.5
  4.500                   *Func-indicateMissed-1369
  4.500                 }
  5.742               }
  6.983             }
  6.983           }
  6.983         }
  6.983       }
  6.983       suit-attacks {
  6.983         Sequence-915 {
  6.983           Parallel-907 {
  6.983             Sequence-894 {
  6.983               Wait dur 1e-006
  6.983               *Func-setChatAbsolute-1374
  6.983               *Func-reparentTrap-1375
  6.983               *Func-headsUp-1376
  6.983               *Actor-throw-paper-114 dur 4.33333
 11.316               *Func-setHpr-1377
 11.316               *Func-returnTrapToSuit-1378
 11.316               *Func-clearChat-1379
 11.316             }
  6.983             Sequence-902 {
  6.983               *Func-headsUp-1386
  6.983               Parallel-906 {
  6.983                 Sequence-903 {
  6.983                   Wait dur 3.2
 10.183                   Sequence-904 {
 10.183                     Wait dur 0.01
 10.193                     *Actor-cringe-118 dur 1.2
 11.393                     Wait dur 0.01
 11.403                     *Actor-conked-119 dur 2.1
 13.503                     Wait dur 0.01
 13.513                     *Actor-conked-120 dur 1.00833
 14.521                   }
 14.521                   *Func-loop-1388
 14.521                 }
  6.983                 Sequence-905 {
  6.983                   Wait dur 5.6
 12.583                   *Func-__doDamage-1387
 12.583                 }
 14.521               }
 14.521             }
  6.983             Sequence-901 {
  6.983               Parallel-900 {
  6.983                 Sequence-896 {
  6.983                   Sequence-895 {
  6.983                     Wait dur 0.8
  7.783                     *Func-__showProp-1380
  7.783                     LerpScaleInterval-823: scale from 0.01 0.01 0.01 to 3 3 3 dur 0.5
  8.283                   }
  8.283                   Wait dur 1.73
 10.013                   *Func-needRestoreRenderProp-1381
 10.013                   *Func-wrtReparentTo-1382
 10.013                   LerpPosInterval-824: pos from 2.24088 6.3396 3.79248 to 0 -3.3 2.59 dur 0.4
 10.413                   LerpPosInterval-825: pos from 0 -3.3 2.59 to 0 -2.8 2.26625 dur 0.4
 10.813                   LerpPosInterval-826: pos from 0 -2.8 2.26625 to 0 -1.3 1.61875 dur 0.3
 11.113                   Wait dur 0.2
 11.313                   LerpPosInterval-827: pos from 0 -1.3 1.61875 to 0 -6.2 2.91375 dur 0.1
 11.413                   Wait dur 0.4
 11.813                 }
  6.983                 Sequence-897 {
  6.983                   Wait dur 3.03
 10.013                   LerpScaleInterval-828: scale from 3.80435 3.80435 3.80435 to 8 8 8 dur 0.4
 10.413                   Wait dur 0.9
 11.313                   LerpScaleInterval-829: scale from 8 8 8 to 14 14 14 dur 0.2
 11.513                   Wait dur 1.2
 12.713                   LerpScaleInterval-830: scale from 14 14 14 to 0.01 0.01 0.01 dur 0.3
 13.013                 }
  6.983                 Sequence-898 {
  6.983                   Wait dur 3.03
 10.013                   LerpHprInterval-831: hpr from 154.483 -3.563 51.479 to 180 0 0 dur 0.3
 10.313                   Wait dur 0.2
 10.513                   LerpHprInterval-832: hpr from 180 0 0 to 180 -35 0 dur 0.4
 10.913                   Wait dur 0.6
 11.513                   LerpHprInterval-833: hpr from 180 -35 0 to 180 -75 0 dur 0.1
 11.613                 }
  6.983                 Sequence-899 {
  6.983                   Wait dur 3.03
 10.013                   *Actor-teeth-115 dur 0.4
 10.413                   *Actor-teeth-116 dur 0.3
 10.713                   *Func-pose-1383
 10.713                   Wait dur 0.7
 11.413                   *Actor-teeth-117 dur 0.9
 12.313                 }
 13.013               }
 13.013               *Func-removeProp-1384
 13.013               *Func-clearRenderProp-1385
 13.013             }
 14.521           }
 14.521           *Func-loop-1399
 14.521           Sequence-914 {
 14.521             *Func-headsUp-1397
 14.521             *Func-loop-1398
 14.521           }
 14.521         }
 14.521         Sequence-940 {
 14.521           Parallel-931 {
 14.521             Sequence-916 {
 14.521               Wait
 14.521               *Func-setChatAbsolute-1400
 14.521               *Actor-magic2-121 dur 3.70833
 18.229               *Func-clearChat-1401
 18.229             }
 14.521             Sequence-917 {
 14.521               Wait dur 1
 15.521               *Particle-49 dur 1.9
 17.421             }
 14.521             Sequence-930 {
 14.521               Wait dur 2.1
 16.621               *Sound-89 dur 4.70204
 21.323             }
 14.521             Parallel-918 {
 14.521               Sequence-920 {
 14.521                 Wait dur 1.1
 15.621                 *Particle-50 dur 4.1
 19.721               }
 19.721             }
 14.521             Parallel-924 {
 14.521               Sequence-925 {
 14.521                 *Func-headsUp-1413
 14.521                 Parallel-929 {
 14.521                   Sequence-926 {
 14.521                     Wait dur 1.95
 16.471                     Sequence-927 {
 16.471                       Wait dur 0.0959596
 16.567                       *Actor-think-122 dur 0.0333333
 16.600                       Wait dur 0.0959596
 16.696                       *Actor-think-123 dur 0.0333333
 16.729                       Wait dur 0.0959596
 16.825                       *Actor-think-124 dur 0.0333333
 16.858                       Wait dur 0.0959596
 16.954                       *Actor-think-125 dur 0.0333333
 16.987                       Wait dur 0.0959596
 17.083                       *Actor-think-126 dur 0.0333333
 17.116                       Wait dur 0.0959596
 17.212                       *Actor-think-127 dur 0.0333333
 17.245                       Wait dur 0.0959596
 17.341                       *Actor-think-128 dur 0.0333333
 17.374                       Wait dur 0.0959596
 17.470                       *Actor-think-129 dur 0.0333333
 17.503                       Wait dur 0.0959596
 17.599                       *Actor-think-130 dur 0.0333333
 17.632                       Wait dur 0.0959596
 17.728                       *Actor-think-131 dur 0.0333333
 17.761                       Wait dur 0.0959596
 17.857                       *Actor-think-132 dur 0.0333333
 17.890                       Wait dur 0.0959596
 17.986                       *Actor-think-133 dur 0.0333333
 18.019                       Wait dur 0.0959596
 18.115                       *Actor-think-134 dur 0.0333333
 18.148                       Wait dur 0.0959596
 18.244                       *Actor-think-135 dur 0.0333333
 18.277                       Wait dur 0.0959596
 18.373                       *Actor-think-136 dur 0.0333333
 18.406                       Wait dur 0.0959596
 18.502                       *Actor-think-137 dur 0.0333333
 18.535                       Wait dur 0.0959596
 18.631                       *Actor-think-138 dur 0.0333333
 18.664                       Wait dur 0.0959596
 18.760                       *Actor-think-139 dur 0.0333333
 18.793                       Wait dur 0.0959596
 18.889                       *Actor-think-140 dur 0.0333333
 18.922                       Wait dur 0.01
 18.932                       *Actor-slip-backward-141 dur 2.29167
 21.224                     }
 21.224                     *Func-loop-1415
 21.224                   }
 14.521                   Sequence-928 {
 14.521                     Wait dur 4.65
 19.171                     *Func-__doDamage-1414
 19.171                   }
 21.224                 }
 21.224               }
 21.224             }
 14.521             Parallel-919 {
 14.521               Parallel-923 {
 14.521                 Sequence-921 {
 14.521                   Wait dur 2.2
 16.721                   *Func-hide-1402
 16.721                   LerpPosInterval-834: pos from 164.964 1231.13 45.0422 to 164.964 1231.13 48.0422 dur 1.1
 17.821                   LerpPosInterval-835: pos from 164.964 1231.13 48.0422 to 164.964 1230.43 48.0422 dur 0.03
 17.851                   LerpPosInterval-836: pos from 164.964 1230.43 48.0422 to 164.964 1231.83 48.0422 dur 0.03
 17.881                   LerpPosInterval-837: pos from 164.964 1231.83 48.0422 to 164.964 1230.43 48.0422 dur 0.03
 17.911                   LerpPosInterval-838: pos from 164.964 1230.43 48.0422 to 164.964 1231.83 48.0422 dur 0.03
 17.941                   LerpPosInterval-839: pos from 164.964 1231.83 48.0422 to 164.964 1230.43 48.0422 dur 0.03
 17.971                   LerpPosInterval-840: pos from 164.964 1230.43 48.0422 to 164.964 1231.83 48.0422 dur 0.03
 18.001                   LerpPosInterval-841: pos from 164.964 1231.83 48.0422 to 164.964 1230.43 48.0422 dur 0.03
 18.031                   LerpPosInterval-842: pos from 164.964 1230.43 48.0422 to 164.964 1231.83 48.0422 dur 0.03
 18.061                   LerpPosInterval-843: pos from 164.964 1231.83 48.0422 to 164.964 1230.43 48.0422 dur 0.03
 18.091                   LerpPosInterval-844: pos from 164.964 1230.43 48.0422 to 164.964 1231.83 48.0422 dur 0.03
 18.121                   LerpPosInterval-845: pos from 164.964 1231.83 48.0422 to 164.964 1230.43 48.0422 dur 0.03
 18.151                   LerpPosInterval-846: pos from 164.964 1230.43 48.0422 to 164.964 1231.83 48.0422 dur 0.03
 18.181                   LerpPosInterval-847: pos from 164.964 1231.83 48.0422 to 164.964 1230.43 48.0422 dur 0.03
 18.211                   LerpPosInterval-848: pos from 164.964 1230.43 48.0422 to 164.964 1231.83 48.0422 dur 0.03
 18.241                   LerpPosInterval-849: pos from 164.964 1231.83 48.0422 to 164.964 1230.43 48.0422 dur 0.03
 18.271                   LerpPosInterval-850: pos from 164.964 1230.43 48.0422 to 164.964 1231.83 48.0422 dur 0.03
 18.301                   LerpPosInterval-851: pos from 164.964 1231.83 48.0422 to 164.964 1230.43 48.0422 dur 0.03
 18.331                   LerpPosInterval-852: pos from 164.964 1230.43 48.0422 to 164.964 1231.83 48.0422 dur 0.03
 18.361                   LerpPosInterval-853: pos from 164.964 1231.83 48.0422 to 164.964 1230.43 48.0422 dur 0.03
 18.391                   LerpPosInterval-854: pos from 164.964 1230.43 48.0422 to 164.964 1231.83 48.0422 dur 0.03
 18.421                   LerpPosInterval-855: pos from 164.964 1231.83 48.0422 to 164.964 1230.43 48.0422 dur 0.03
 18.451                   LerpPosInterval-856: pos from 164.964 1230.43 48.0422 to 164.964 1231.83 48.0422 dur 0.03
 18.481                   LerpPosInterval-857: pos from 164.964 1231.83 48.0422 to 164.964 1230.43 48.0422 dur 0.03
 18.511                   LerpPosInterval-858: pos from 164.964 1230.43 48.0422 to 164.964 1231.83 48.0422 dur 0.03
 18.541                   LerpPosInterval-859: pos from 164.964 1231.83 48.0422 to 164.964 1230.43 48.0422 dur 0.03
 18.571                   LerpPosInterval-860: pos from 164.964 1230.43 48.0422 to 164.964 1231.83 48.0422 dur 0.03
 18.601                   LerpPosInterval-861: pos from 164.964 1231.83 48.0422 to 164.964 1230.43 48.0422 dur 0.03
 18.631                   LerpPosInterval-862: pos from 164.964 1230.43 48.0422 to 164.964 1231.83 48.0422 dur 0.03
 18.661                   LerpPosInterval-863: pos from 164.964 1231.83 48.0422 to 164.964 1230.43 48.0422 dur 0.03
 18.691                   LerpPosInterval-864: pos from 164.964 1230.43 48.0422 to 164.964 1231.83 48.0422 dur 0.03
 18.721                   LerpPosInterval-865: pos from 164.964 1231.83 48.0422 to 164.964 1230.43 48.0422 dur 0.03
 18.751                   LerpPosInterval-866: pos from 164.964 1230.43 48.0422 to 164.964 1231.83 48.0422 dur 0.03
 18.781                   LerpPosInterval-867: pos from 164.964 1231.83 48.0422 to 164.964 1230.43 48.0422 dur 0.03
 18.811                   LerpPosInterval-868: pos from 164.964 1230.43 48.0422 to 164.964 1231.83 48.0422 dur 0.03
 18.841                   LerpPosInterval-869: pos from 164.964 1231.83 48.0422 to 164.964 1231.13 48.0422 dur 0.1
 18.941                   LerpPosInterval-870: pos from 164.964 1231.13 48.0422 to 164.964 1231.13 45.0422 dur 0.1
 19.041                   *Func-show-1403
 19.041                 }
 14.521                 Sequence-922 {
 14.521                   *Func-needRestoreRenderProp-1404
 14.521                   Wait dur 2.2
 16.721                   *Func-hide-1405
 16.721                   *Func-setScale-1406
 16.721                   *Func-reparentTo-1407
 16.721                   *Func-setPos-1408
 16.721                   *Func-wrtReparentTo-1409
 16.721                   *Func-show-1410
 16.721                   LerpScaleInterval-871: scale from 0.27 0.27 0.27 to 0.17 0.17 0.17 dur 0.4
 17.121                   Wait dur 1.81
 18.931                   LerpScaleInterval-872: scale from 0.17 0.17 0.17 to 0.27 0.27 0.27 dur 0.1
 19.031                   *Func-removeProp-1411
 19.031                   *Func-clearRenderProp-1412
 19.031                 }
 19.041               }
 19.041             }
 21.323           }
 21.323           *Func-loop-1426
 21.323           Parallel-938 {
 21.323             Sequence-939 {
 21.323               *Func-headsUp-1424
 21.323               *Func-loop-1425
 21.323             }
 21.323           }
 21.323         }
 21.323         Sequence-953 {
 21.323           Parallel-947 {
 21.323             Sequence-941 {
 21.323               Wait dur 1e-006
 21.323               *Func-setChatAbsolute-1427
 21.323               *Func-reparentTrap-1428
 21.323               *Func-headsUp-1429
 21.323               *Actor-pickpocket-142 dur 4.16667
 25.490               *Func-setHpr-1430
 25.490               *Func-returnTrapToSuit-1431
 25.490               *Func-clearChat-1432
 25.490             }
 21.323             Sequence-943 {
 21.323               *Func-headsUp-1435
 21.323               Parallel-946 {
 21.323                 Sequence-944 {
 21.323                   Wait dur 0.6
 21.923                   *Actor-cringe-143 dur 2.29167
 24.215                   *Func-loop-1437
 24.215                 }
 21.323                 Sequence-945 {
 21.323                   Wait dur 0.61
 21.933                   *Func-__doDamage-1436
 21.933                 }
 24.215               }
 24.215             }
 21.323             Sequence-942 {
 21.323               Wait dur 0.6
 21.923               *Func-__showProp-1433
 21.923               LerpScaleInterval-873: scale from 0.01 0.01 0.01 to 1.41 1.41 1.41 dur 0.5
 22.423               Wait dur 0.55
 22.973               LerpScaleInterval-874: scale to 0.01 0.01 0.01 dur 0.5
 23.473               *Func-removeProp-1434
 23.473             }
 21.323             Sequence-948 {
 21.323               Wait dur 0.2
 21.523               *Sound-90 dur 2.69061
 24.214             }
 25.490           }
 25.490           *Func-loop-1445
 25.490           Sequence-952 {
 25.490             *Func-headsUp-1443
 25.490             *Func-loop-1444
 25.490           }
 25.490         }
 25.490         Sequence-969 {
 25.490           Parallel-961 {
 25.490             Sequence-954 {
 25.490               Wait dur 1e-006
 25.490               *Func-setChatAbsolute-1446
 25.490               *Func-reparentTrap-1447
 25.490               *Func-headsUp-1448
 25.490               *Actor-phone-144 dur 5.875
 31.365               *Func-setHpr-1449
 31.365               *Func-returnTrapToSuit-1450
 31.365               *Func-clearChat-1451
 31.365             }
 25.490             Sequence-956 {
 25.490               *Func-headsUp-1457
 25.490               Parallel-959 {
 25.490                 Sequence-957 {
 25.490                   Wait dur 5.5
 30.990                   *Actor-slip-backward-145 dur 2.79167
 33.782                   *Func-loop-1459
 33.782                 }
 25.490                 Sequence-958 {
 25.490                   Wait dur 5.51
 31.000                   *Func-__doDamage-1458
 31.000                 }
 33.782               }
 33.782             }
 25.490             Sequence-955 {
 25.490               Wait dur 0.3
 25.790               *Func-__showProp-1452
 25.790               *Func-__showProp-1453
 25.790               LerpScaleInterval-875: scale from 0.01 0.01 0.01 to 1 1 1 dur 0.5
 26.290               Wait dur 0.74
 27.030               *Func-wrtReparentTo-1454
 27.030               LerpScaleInterval-876: scale to 1 1 1 dur 0.01
 27.040               LerpPosHprInterval-877: pos to -0.53 0.21 -0.54 hpr to -99.49 -35.27 1.84 dur 0.0001
 27.040               Wait dur 3.07
 30.110               *Func-wrtReparentTo-1455
 30.110               Wait dur 0.69
 30.800               LerpScaleInterval-878: scale to 0.01 0.01 0.01 dur 0.5
 31.300               *Func-removeProps-1456
 31.300             }
 25.490             Sequence-960 {
 25.490               Wait dur 1.3
 26.790               *Sound-91 dur 3.63102
 30.421             }
 33.782           }
 33.782           *Func-loop-1470
 33.782           Sequence-968 {
 33.782             *Func-headsUp-1468
 33.782             *Func-loop-1469
 33.782           }
 33.782         }
 33.782       }
 33.782       *Func-__handleMovieDone-1471
 33.782     }
 33.782   }
  0.000   Sequence-970 {
  0.000     Sequence-864 {
  0.000       toon-attacks-cam {
  0.000         Sequence-893 {
  0.000           toonGroupShot {
  0.000             *Func-setPosHpr-1370
  0.000             Wait
  0.000           }
  0.000           suitGroupThreeQuarterLeftBehindShot {
  0.000             *Func-setPosHpr-1371
  0.000             Wait dur 3
  3.000           }
  3.000           suitGroupThreeQuarterLeftBehindShot {
  3.000             *Func-setPosHpr-1372
  3.000             Wait dur 3.983
  6.983           }
  6.983           toonGroupShot {
  6.983             *Func-setPosHpr-1373
  6.983             Wait
  6.983           }
  6.983         }
  6.983       }
  6.983       suit-attacks-cam {
  6.983         Parallel-913 {
  6.983           Sequence-908 {
  6.983             Sequence-911 {
  6.983               Sequence-909 {
  6.983                 *Func-setPos-1389
  6.983                 *Func-lookAt-1390
  6.983                 Wait dur 2.8
  9.783               }
  9.783               Sequence-910 {
  9.783                 *Func-setPos-1391
  9.783                 *Func-lookAt-1392
  9.783                 Wait dur 4.738
 14.521               }
 14.521             }
 14.521           }
  6.983           Sequence-912 {
  6.983             *Func-hide-1393
  6.983             Wait dur 1.05
  8.033             *Func-setText-1394
  8.033             *Func-show-1395
  8.033             Wait dur 2.45
 10.483             *Func-hide-1396
 10.483           }
 14.521         }
 14.521         Parallel-937 {
 14.521           Sequence-932 {
 14.521             Sequence-935 {
 14.521               Sequence-933 {
 14.521                 *Func-setPos-1416
 14.521                 *Func-lookAt-1417
 14.521                 Wait dur 1.6
 16.121               }
 16.121               Sequence-934 {
 16.121                 *Func-setPos-1418
 16.121                 *Func-lookAt-1419
 16.121                 Wait dur 5.202
 21.323               }
 21.323             }
 21.323           }
 14.521           Sequence-936 {
 14.521             *Func-hide-1420
 14.521             Wait dur 1.05
 15.571             *Func-setText-1421
 15.571             *Func-show-1422
 15.571             Wait dur 2.45
 18.021             *Func-hide-1423
 18.021           }
 21.323         }
 21.323         Parallel-951 {
 21.323           Sequence-949 {
 21.323             allGroupLowShot {
 21.323               *Func-setPosHpr-1438
 21.323               Wait dur 2.7
 24.023             }
 24.023           }
 21.323           Sequence-950 {
 21.323             *Func-hide-1439
 21.323             Wait dur 1.05
 22.373             *Func-setText-1440
 22.373             *Func-show-1441
 22.373             Wait dur 2.45
 24.823             *Func-hide-1442
 24.823           }
 24.823         }
 24.823         Parallel-967 {
 24.823           Sequence-962 {
 24.823             Sequence-965 {
 24.823               Sequence-963 {
 24.823                 *Func-setPos-1460
 24.823                 *Func-lookAt-1461
 24.823                 Wait dur 5.1
 29.923               }
 29.923               Sequence-964 {
 29.923                 *Func-setPos-1462
 29.923                 *Func-lookAt-1463
 29.923                 Wait dur 3.192
 33.115               }
 33.115             }
 33.115           }
 24.823           Sequence-966 {
 24.823             *Func-hide-1464
 24.823             Wait dur 1.05
 25.873             *Func-setText-1465
 25.873             *Func-show-1466
 25.873             Wait dur 2.45
 28.323             *Func-hide-1467
 28.323           }
 33.115         }
 33.115       }
 33.115     }
 33.115   }
 33.782 }

entered wait for zone redirect
entered wait for set zone response - 2
Reading DNA file... phase_4/dna/storage.pdna
Reading DNA file... phase_3.5/dna/storage_interior.pdna
Reading DNA file... phase_8/dna/storage_DL.pdna
Reading DNA file... phase_8/dna/storage_DL_sz.pdna
Reading DNA file... phase_8/dna/donalds_dreamland_sz.pdna
entered wait for zone redirect
entered wait for set zone response - 2
Reading DNA file... phase_4/dna/storage.pdna
Reading DNA file... phase_3.5/dna/storage_interior.pdna
entered wait for zone redirect
entered wait for set zone response - 2
spec = {'parentEntId': 10013, 'pos': LPoint3f(0, 0, 0)}
h = None
### newVec3 =  LVector3f(2.00003, 6.29999, 1.5)
### newVec3 =  LVector3f(2.00003, 6.29999, 0)
### newVec3 =  LVector3f(2.00003, 6.29999, 0.375)
### newVec3 =  LVector3f(2.00003, 6.29999, 0)
spec = {'parentEntId': 10040, 'pos': LPoint3f(0, 0, 0)}
h = None
### newVec3 =  LVector3f(1.99998, 6.3, 1.5)
### newVec3 =  LVector3f(1.99998, 6.3, 0)
### newVec3 =  LVector3f(1.99998, 6.3, 0.375)
### newVec3 =  LVector3f(1.99998, 6.3, 0)
spec = {'parentEntId': 10005, 'pos': LPoint3f(0, 0, 0)}
h = None
### newVec3 =  LVector3f(2.00001, 6.30002, 1.5)
### newVec3 =  LVector3f(2.00001, 6.30002, 0)
### newVec3 =  LVector3f(2.00001, 6.30002, 0.375)
### newVec3 =  LVector3f(2.00001, 6.30002, 0)
spec = {'parentEntId': 10002, 'pos': LPoint3f(0, 0, 0)}
h = None
### newVec3 =  LVector3f(-1.99998, 6.3, 1.5)
### newVec3 =  LVector3f(-1.99998, 6.3, 0)
### newVec3 =  LVector3f(-1.99998, 6.3, 0.375)
### newVec3 =  LVector3f(-1.99998, 6.3, 0)
spec = {'parentEntId': 10000, 'pos': LPoint3f(0, 0, 0)}
h = None
entered wait for zone redirect
entered wait for set zone response - 2
entered wait for zone redirect
entered wait for set zone response - 2
entered wait for zone redirect
entered wait for set zone response - 2
### newVec3 =  LVector3f(-1.99998, 6.3, 1.5)
### newVec3 =  LVector3f(-1.99998, 6.3, 0)
### newVec3 =  LVector3f(-1.99998, 6.3, 0.375)
### newVec3 =  LVector3f(-1.99998, 6.3, 0)
### newVec3 =  LVector3f(-1.99998, 6.3, 1.5)
### newVec3 =  LVector3f(-1.99998, 6.3, 0)
### newVec3 =  LVector3f(-1.99998, 6.3, 0.375)
### newVec3 =  LVector3f(-1.99998, 6.3, 0)
### newVec3 =  LVector3f(-1.99998, 6.3, 1.5)
### newVec3 =  LVector3f(-1.99998, 6.3, 0)
### newVec3 =  LVector3f(-1.99998, 6.3, 0.375)
### newVec3 =  LVector3f(-1.99998, 6.3, 0)
### newVec3 =  LVector3f(-1.99998, 6.3, 1.5)
### newVec3 =  LVector3f(-1.99998, 6.3, 0)
### newVec3 =  LVector3f(-1.99998, 6.3, 0.375)
### newVec3 =  LVector3f(-1.99998, 6.3, 0)
### newVec3 =  LVector3f(-1.99998, 6.3, 1.5)
### newVec3 =  LVector3f(-1.99998, 6.3, 0)
### newVec3 =  LVector3f(-1.99998, 6.3, 0.375)
### newVec3 =  LVector3f(-1.99998, 6.3, 0)
### newVec3 =  LVector3f(-1.99998, 6.3, 1.5)
### newVec3 =  LVector3f(-1.99998, 6.3, 0)
### newVec3 =  LVector3f(-1.99998, 6.3, 0.375)
### newVec3 =  LVector3f(-1.99998, 6.3, 0)
### newVec3 =  LVector3f(-1.99998, 6.3, 1.5)
### newVec3 =  LVector3f(-1.99998, 6.3, 0)
### newVec3 =  LVector3f(-1.99998, 6.3, 0.375)
### newVec3 =  LVector3f(-1.99998, 6.3, 0)
entered wait for zone redirect
entered wait for set zone response - 2
Reading DNA file... phase_4/dna/storage.pdna
Reading DNA file... phase_3.5/dna/storage_interior.pdna
Reading DNA file... phase_8/dna/storage_DL.pdna
Reading DNA file... phase_8/dna/storage_DL_sz.pdna
Reading DNA file... phase_8/dna/donalds_dreamland_sz.pdna
entered wait for zone redirect
entered wait for set zone response - 2
Reading DNA file... phase_4/dna/storage.pdna
Reading DNA file... phase_3.5/dna/storage_interior.pdna
entered wait for zone redirect
entered wait for set zone response - 2
spec = {'parentEntId': 10060, 'pos': LPoint3f(0, 0, 0)}
h = None
spec = {'parentEntId': 10022, 'pos': LPoint3f(0, 0, 0)}
h = None
spec = {'parentEntId': 10000, 'pos': LPoint3f(0, 0, 0)}
h = None
spec = {'parentEntId': 10000, 'pos': LPoint3f(0, 0, 0)}
h = None
### newVec3 =  LVector3f(2, 6.30005, 1.5)
### newVec3 =  LVector3f(2, 6.30005, 0)
### newVec3 =  LVector3f(2, 6.30005, 0.375)
### newVec3 =  LVector3f(2, 6.30005, 0)
entered wait for zone redirect
entered wait for set zone response - 2
entered wait for zone redirect
entered wait for set zone response - 2
entered wait for zone redirect
entered wait for set zone response - 2
### newVec3 =  LVector3f(-1.99998, 6.3, 1.5)
### newVec3 =  LVector3f(-1.99998, 6.3, 0)
### newVec3 =  LVector3f(-1.99998, 6.3, 0.375)
### newVec3 =  LVector3f(-1.99998, 6.3, 0)
### newVec3 =  LVector3f(-1.99998, 6.3, 1.5)
### newVec3 =  LVector3f(-1.99998, 6.3, 0)
### newVec3 =  LVector3f(-1.99998, 6.3, 0.375)
### newVec3 =  LVector3f(-1.99998, 6.3, 0)
### newVec3 =  LVector3f(-1.99998, 6.3, 1.5)
### newVec3 =  LVector3f(-1.99998, 6.3, 0)
### newVec3 =  LVector3f(-1.99998, 6.3, 0.375)
### newVec3 =  LVector3f(-1.99998, 6.3, 0)
### newVec3 =  LVector3f(-1.99998, 6.3, 1.5)
### newVec3 =  LVector3f(-1.99998, 6.3, 0)
### newVec3 =  LVector3f(-1.99998, 6.3, 0.375)
### newVec3 =  LVector3f(-1.99998, 6.3, 0)
### newVec3 =  LVector3f(-1.99998, 6.3, 1.5)
### newVec3 =  LVector3f(-1.99998, 6.3, 0)
### newVec3 =  LVector3f(-1.99998, 6.3, 0.375)
### newVec3 =  LVector3f(-1.99998, 6.3, 0)
### newVec3 =  LVector3f(-1.99998, 6.3, 1.5)
### newVec3 =  LVector3f(-1.99998, 6.3, 0)
### newVec3 =  LVector3f(-1.99998, 6.3, 0.375)
### newVec3 =  LVector3f(-1.99998, 6.3, 0)
### newVec3 =  LVector3f(-1.99998, 6.3, 1.5)
### newVec3 =  LVector3f(-1.99998, 6.3, 0)
### newVec3 =  LVector3f(-1.99998, 6.3, 0.375)
### newVec3 =  LVector3f(-1.99998, 6.3, 0)
### newVec3 =  LVector3f(2.00003, 5.30002, 1.5)
### newVec3 =  LVector3f(2.00003, 5.30002, 0)
### newVec3 =  LVector3f(2.00003, 5.30002, 0.375)
### newVec3 =  LVector3f(2.00003, 5.30002, 0)
entered wait for zone redirect
entered wait for set zone response - 2
Reading DNA file... phase_4/dna/storage.pdna
Reading DNA file... phase_3.5/dna/storage_interior.pdna
Reading DNA file... phase_8/dna/storage_DL.pdna
Reading DNA file... phase_8/dna/storage_DL_sz.pdna
Reading DNA file... phase_8/dna/donalds_dreamland_sz.pdna
entered wait for zone redirect
entered wait for set zone response - 2
Reading DNA file... phase_4/dna/storage.pdna
Reading DNA file... phase_3.5/dna/storage_interior.pdna
entered wait for zone redirect
entered wait for set zone response - 2
spec = {'parentEntId': 10000, 'pos': LPoint3f(0, 0, 0)}
h = None
spec = {'parentEntId': 10005, 'pos': LPoint3f(0, 0, 0)}
h = None
spec = {'parentEntId': 10000, 'pos': LPoint3f(0, 0, 0)}
h = None
### newVec3 =  LVector3f(1.99997, 6.30002, 1.5)
### newVec3 =  LVector3f(1.99997, 6.30002, 0)
### newVec3 =  LVector3f(1.99997, 6.30002, 0.375)
### newVec3 =  LVector3f(1.99997, 6.30002, 0)
spec = {'parentEntId': 10000, 'pos': LPoint3f(0, 0, 0)}
h = None
### newVec3 =  LVector3f(2, 6.29999, 1.5)
### newVec3 =  LVector3f(2, 6.29999, 0)
### newVec3 =  LVector3f(2, 6.29999, 0.375)
### newVec3 =  LVector3f(2, 6.29999, 0)
entered wait for zone redirect
entered wait for set zone response - 2
entered wait for zone redirect
entered wait for set zone response - 2
entered wait for zone redirect
entered wait for set zone response - 2
### newVec3 =  LVector3f(-1.99998, 6.3, 1.5)
### newVec3 =  LVector3f(-1.99998, 6.3, 0)
### newVec3 =  LVector3f(-1.99998, 6.3, 0.375)
### newVec3 =  LVector3f(-1.99998, 6.3, 0)
### newVec3 =  LVector3f(-1.99998, 6.3, 1.5)
### newVec3 =  LVector3f(-1.99998, 6.3, 0)
### newVec3 =  LVector3f(-1.99998, 6.3, 0.375)
### newVec3 =  LVector3f(-1.99998, 6.3, 0)
### newVec3 =  LVector3f(-1.99998, 6.3, 1.5)
### newVec3 =  LVector3f(-1.99998, 6.3, 0)
### newVec3 =  LVector3f(-1.99998, 6.3, 0.375)
### newVec3 =  LVector3f(-1.99998, 6.3, 0)
### newVec3 =  LVector3f(-1.99998, 6.3, 1.5)
### newVec3 =  LVector3f(-1.99998, 6.3, 0)
### newVec3 =  LVector3f(-1.99998, 6.3, 0.375)
### newVec3 =  LVector3f(-1.99998, 6.3, 0)
### newVec3 =  LVector3f(-1.99998, 6.3, 1.5)
### newVec3 =  LVector3f(-1.99998, 6.3, 0)
### newVec3 =  LVector3f(-1.99998, 6.3, 0.375)
### newVec3 =  LVector3f(-1.99998, 6.3, 0)
### newVec3 =  LVector3f(-1.99998, 11.3, 1.5)
### newVec3 =  LVector3f(-1.99998, 11.3, 0)
### newVec3 =  LVector3f(-1.99998, 11.3, 0.375)
### newVec3 =  LVector3f(-1.99998, 11.3, 0)
### newVec3 =  LVector3f(-1.99998, 6.3, 1.5)
### newVec3 =  LVector3f(-1.99998, 6.3, 0)
### newVec3 =  LVector3f(-1.99998, 6.3, 0.375)
### newVec3 =  LVector3f(-1.99998, 6.3, 0)
../resources/phase_3/audio/sfx
../resources/phase_3.5/audio/sfx
../resources/phase_4/audio/sfx
../resources/phase_5/audio/sfx
/phase_3/audio/sfx
/phase_3.5/audio/sfx
/phase_4/audio/sfx
/phase_5/audio/sfx

entered wait for zone redirect
entered wait for set zone response - 2
Reading DNA file... phase_4/dna/storage.pdna
Reading DNA file... phase_3.5/dna/storage_interior.pdna
Reading DNA file... phase_8/dna/storage_DL.pdna
Reading DNA file... phase_8/dna/storage_DL_sz.pdna
Reading DNA file... phase_8/dna/donalds_dreamland_sz.pdna
entered wait for zone redirect
entered wait for set zone response - 2
entered wait for zone redirect
entered wait for set zone response - 2
Reading DNA file... phase_4/dna/storage.pdna
Reading DNA file... phase_3.5/dna/storage_interior.pdna
entered wait for zone redirect
entered wait for set zone response - 2
spec = {'parentEntId': 10002, 'pos': LPoint3f(0, 0, 0)}
h = None
spec = {'parentEntId': 10010, 'pos': LPoint3f(0, 0, 0)}
h = None
spec = {'parentEntId': 10007, 'pos': LPoint3f(0, 0, 0)}
h = None
spec = {'parentEntId': 10000, 'pos': LPoint3f(0, 0, 0)}
h = None
spec = {'parentEntId': 10005, 'pos': LPoint3f(0, 0, 0)}
h = None
spec = {'parentEntId': 10005, 'pos': LPoint3f(0, 0, 0)}
h = None
### newVec3 =  LVector3f(2, 6.29999, 1.5)
### newVec3 =  LVector3f(2, 6.29999, 0)
### newVec3 =  LVector3f(2, 6.29999, 0.375)
### newVec3 =  LVector3f(2, 6.29999, 0)
entered wait for zone redirect
entered wait for set zone response - 2
entered wait for zone redirect
entered wait for set zone response - 2
entered wait for zone redirect
entered wait for set zone response - 2
### newVec3 =  LVector3f(1.52588e-005, 11, 1.5)
### newVec3 =  LVector3f(1.52588e-005, 11, 0)
### newVec3 =  LVector3f(1.52588e-005, 11, 0.375)
### newVec3 =  LVector3f(1.52588e-005, 11, 0)
### newVec3 =  LVector3f(-1.99998, 6.3, 1.5)
### newVec3 =  LVector3f(-1.99998, 6.3, 0)
### newVec3 =  LVector3f(-1.99998, 6.3, 0.375)
### newVec3 =  LVector3f(-1.99998, 6.3, 0)
### newVec3 =  LVector3f(-1.99998, 6.3, 1.5)
### newVec3 =  LVector3f(-1.99998, 6.3, 0)
### newVec3 =  LVector3f(-1.99998, 6.3, 0.375)
### newVec3 =  LVector3f(-1.99998, 6.3, 0)
### newVec3 =  LVector3f(-1.99998, 6.3, 1.5)
### newVec3 =  LVector3f(-1.99998, 6.3, 0)
### newVec3 =  LVector3f(-1.99998, 6.3, 0.375)
### newVec3 =  LVector3f(-1.99998, 6.3, 0)
### newVec3 =  LVector3f(-1.99998, 6.3, 1.5)
### newVec3 =  LVector3f(-1.99998, 6.3, 0)
### newVec3 =  LVector3f(-1.99998, 6.3, 0.375)
### newVec3 =  LVector3f(-1.99998, 6.3, 0)
### newVec3 =  LVector3f(-1.99998, 6.3, 1.5)
### newVec3 =  LVector3f(-1.99998, 6.3, 0)
### newVec3 =  LVector3f(-1.99998, 6.3, 0.375)
### newVec3 =  LVector3f(-1.99998, 6.3, 0)
### newVec3 =  LVector3f(-1.99998, 6.3, 1.5)
### newVec3 =  LVector3f(-1.99998, 6.3, 0)
### newVec3 =  LVector3f(-1.99998, 6.3, 0.375)
### newVec3 =  LVector3f(-1.99998, 6.3, 0)
### newVec3 =  LVector3f(-1.99998, 6.3, 1.5)
### newVec3 =  LVector3f(-1.99998, 6.3, 0)
### newVec3 =  LVector3f(-1.99998, 6.3, 0.375)
### newVec3 =  LVector3f(-1.99998, 6.3, 0)
### newVec3 =  LVector3f(-1.99998, 6.3, 1.5)
### newVec3 =  LVector3f(-1.99998, 6.3, 0)
### newVec3 =  LVector3f(-1.99998, 6.3, 0.375)
### newVec3 =  LVector3f(-1.99998, 6.3, 0)
### newVec3 =  LVector3f(-1.99998, 6.3, 1.5)
### newVec3 =  LVector3f(-1.99998, 6.3, 0)
### newVec3 =  LVector3f(-1.99998, 6.3, 0.375)
### newVec3 =  LVector3f(-1.99998, 6.3, 0)
entered wait for zone redirect
entered wait for set zone response - 2
Reading DNA file... phase_4/dna/storage.pdna
Reading DNA file... phase_3.5/dna/storage_interior.pdna
Reading DNA file... phase_8/dna/storage_DL.pdna
Reading DNA file... phase_8/dna/storage_DL_sz.pdna
Reading DNA file... phase_8/dna/donalds_dreamland_sz.pdna
entered wait for zone redirect
entered wait for set zone response - 2
entered wait for zone redirect
entered wait for set zone response - 2
Reading DNA file... phase_4/dna/storage.pdna
Reading DNA file... phase_3.5/dna/storage_interior.pdna
entered wait for zone redirect
entered wait for set zone response - 2
spec = {'parentEntId': 10000, 'pos': LPoint3f(0, 0, 0)}
h = None
spec = {'parentEntId': 10005, 'pos': LPoint3f(0, 0, 0)}
h = None
spec = {'parentEntId': 10000, 'pos': LPoint3f(0, 0, 0)}
h = None
spec = {'parentEntId': 10000, 'pos': LPoint3f(0, 0, 0)}
h = None
### newVec3 =  LVector3f(2, 6.30005, 1.5)
### newVec3 =  LVector3f(2, 6.30005, 0)
### newVec3 =  LVector3f(2, 6.30005, 0.375)
### newVec3 =  LVector3f(2, 6.30005, 0)
entered wait for zone redirect
entered wait for set zone response - 2
entered wait for zone redirect
entered wait for set zone response - 2
entered wait for zone redirect
entered wait for set zone response - 2
### newVec3 =  LVector3f(-1.99998, 6.3, 1.5)
### newVec3 =  LVector3f(-1.99998, 6.3, 0)
### newVec3 =  LVector3f(-1.99998, 6.3, 0.375)
### newVec3 =  LVector3f(-1.99998, 6.3, 0)
### newVec3 =  LVector3f(-1.99998, 6.3, 1.5)
### newVec3 =  LVector3f(-1.99998, 6.3, 0)
### newVec3 =  LVector3f(-1.99998, 6.3, 0.375)
### newVec3 =  LVector3f(-1.99998, 6.3, 0)
### newVec3 =  LVector3f(-1.99998, 6.3, 1.5)
### newVec3 =  LVector3f(-1.99998, 6.3, 0)
### newVec3 =  LVector3f(-1.99998, 6.3, 0.375)
### newVec3 =  LVector3f(-1.99998, 6.3, 0)
### newVec3 =  LVector3f(-1.99998, 6.3, 1.5)
### newVec3 =  LVector3f(-1.99998, 6.3, 0)
### newVec3 =  LVector3f(-1.99998, 6.3, 0.375)
### newVec3 =  LVector3f(-1.99998, 6.3, 0)
### newVec3 =  LVector3f(-1.99998, 6.3, 1.5)
### newVec3 =  LVector3f(-1.99998, 6.3, 0)
### newVec3 =  LVector3f(-1.99998, 6.3, 0.375)
### newVec3 =  LVector3f(-1.99998, 6.3, 0)
entered wait for zone redirect
entered wait for set zone response - 2
Reading DNA file... phase_4/dna/storage.pdna
Reading DNA file... phase_3.5/dna/storage_interior.pdna
Reading DNA file... phase_8/dna/storage_DL.pdna
Reading DNA file... phase_8/dna/storage_DL_sz.pdna
Reading DNA file... phase_8/dna/donalds_dreamland_sz.pdna
Traceback (most recent call last):
  File "C:\Panda3D-1.10.0\direct\showbase\EventManager.py", line 52, in eventLoopTask
    self.doEvents()
  File "C:\Panda3D-1.10.0\direct\showbase\EventManager.py", line 46, in doEvents
    processFunc(self.eventQueue.dequeueEvent())
  File "C:\Panda3D-1.10.0\direct\showbase\EventManager.py", line 103, in processEvent
    messenger.send(eventName, paramList)
  File "C:\Panda3D-1.10.0\direct\showbase\Messenger.py", line 326, in send
    self.__dispatch(acceptorDict, event, sentArgs, foundWatch)
  File "C:\Panda3D-1.10.0\direct\showbase\Messenger.py", line 411, in __dispatch
    method (*(extraArgs + sentArgs))
  File "C:\Panda3D-1.10.0\direct\showbase\ShowBase.py", line 2665, in windowEvent
    self.userExit()
  File "toontown\toonbase\ToonBase.py", line 402, in userExit
    self.cr.loginFSM.request('shutdown')
  File "C:\Panda3D-1.10.0\direct\fsm\ClassicFSM.py", line 284, in request
    exitArgList)
  File "C:\Panda3D-1.10.0\direct\fsm\ClassicFSM.py", line 230, in __transition
    self.__exitCurrent(exitArgList)
  File "C:\Panda3D-1.10.0\direct\fsm\ClassicFSM.py", line 188, in __exitCurrent
    self.__currentState.exit(argList)
  File "C:\Panda3D-1.10.0\direct\fsm\State.py", line 213, in exit
    apply(self.__exitFunc, argList)
  File "toontown\distributed\ToontownClientRepository.py", line 424, in exitPlayingGame
    self.notify.error('could not delete localAvatar, delayDeletes=%s' % (base.localAvatar.getDelayDeleteNames(),))
  File "C:\Panda3D-1.10.0\direct\directnotify\Notifier.py", line 130, in error
    raise exception(errorString)
StandardError: could not delete localAvatar, delayDeletes=['Movie.play']
Traceback (most recent call last):
  File "otp\otpbase\OTPBase.py", line 34, in run
    taskMgr.run()
  File "C:\Panda3D-1.10.0\direct\task\Task.py", line 508, in run
    self.step()
  File "C:\Panda3D-1.10.0\direct\task\Task.py", line 465, in step
    self.mgr.poll()
  File "C:\Panda3D-1.10.0\direct\showbase\EventManager.py", line 52, in eventLoopTask
    self.doEvents()
  File "C:\Panda3D-1.10.0\direct\showbase\EventManager.py", line 46, in doEvents
    processFunc(self.eventQueue.dequeueEvent())
  File "C:\Panda3D-1.10.0\direct\showbase\EventManager.py", line 103, in processEvent
    messenger.send(eventName, paramList)
  File "C:\Panda3D-1.10.0\direct\showbase\Messenger.py", line 326, in send
    self.__dispatch(acceptorDict, event, sentArgs, foundWatch)
  File "C:\Panda3D-1.10.0\direct\showbase\Messenger.py", line 411, in __dispatch
    method (*(extraArgs + sentArgs))
  File "C:\Panda3D-1.10.0\direct\showbase\ShowBase.py", line 2665, in windowEvent
    self.userExit()
  File "toontown\toonbase\ToonBase.py", line 402, in userExit
    self.cr.loginFSM.request('shutdown')
  File "C:\Panda3D-1.10.0\direct\fsm\ClassicFSM.py", line 284, in request
    exitArgList)
  File "C:\Panda3D-1.10.0\direct\fsm\ClassicFSM.py", line 230, in __transition
    self.__exitCurrent(exitArgList)
  File "C:\Panda3D-1.10.0\direct\fsm\ClassicFSM.py", line 188, in __exitCurrent
    self.__currentState.exit(argList)
  File "C:\Panda3D-1.10.0\direct\fsm\State.py", line 213, in exit
    apply(self.__exitFunc, argList)
  File "toontown\distributed\ToontownClientRepository.py", line 424, in exitPlayingGame
    self.notify.error('could not delete localAvatar, delayDeletes=%s' % (base.localAvatar.getDelayDeleteNames(),))
  File "C:\Panda3D-1.10.0\direct\directnotify\Notifier.py", line 130, in error
    raise exception(errorString)
StandardError: could not delete localAvatar, delayDeletes=['Movie.play']
