TTLocalizer: Running in language: English
OTPLocalizer: Running in language: English
Preloading suits...
Preloading Toon heads...
Preloading avatars...
{401000001: <toontown.distributed.ToontownDistrict.ToontownDistrict instance at 0x1BF50D50>}
__handleAvatarChooserDone: 100000070, 'Master Cool Cat', ('csl', 'ms', 'm', 'm', (0.3, 0.3, 0.35, 1.0), (0.54, 0.28, 0.75, 1.0), (0.3, 0.3, 0.35, 1.0), (0.3, 0.3, 0.35, 1.0), 111, 27, 98, 27, 41, 27), 3
entered wait for zone redirect
entered wait for set zone response - 2
Reading DNA file... phase_4/dna/storage.pdna
Reading DNA file... phase_3.5/dna/storage_interior.pdna
Reading DNA file... phase_8/dna/storage_DG.pdna
Reading DNA file... phase_8/dna/storage_DG_sz.pdna
Reading DNA file... phase_8/dna/daisys_garden_sz.pdna
entered wait for zone redirect
entered wait for set zone response - 2
Reading DNA file... phase_5/dna/storage_town.pdna
Reading DNA file... phase_8/dna/storage_DG_town.pdna
Reading DNA file... phase_8/dna/daisys_garden_5200.pdna
entered wait for zone redirect
entered wait for set zone response - 2
Exception occurred while processing Func-__handleBuildingRewardDone-2545 of movie-reward-track-with-cam-401005303:
movie-reward-track-with-cam-401005303:
  0.000 movie-reward-track-with-cam-401005303 {
  0.000   movie-reward-track-401005303 {
  0.000     Sequence-2449 {
  0.000       Parallel-2457 {
  0.000         Sequence-2451 {
  0.000           *Func-show-2297
  0.000           *Func-setOnscreenChatForced-2298
  0.000           *Func-_setupSkipListen-2299
  0.000           *Func-_teardownSkipListen-2537
  0.000           *Func-_setupSkipListen-2538
  0.000           Sequence-2454 {
  0.000             *Func-initGagFrame-2300
  0.000             Wait dur 1
  1.000             *Func-showTrackIncLabel-2301
  1.000             *Func-resetBarColor-2302
  1.000             Wait dur 0.1
  1.100             *Func-showTrackIncLabel-2303
  1.100             *Func-resetBarColor-2304
  1.100             Wait dur 0.1
  1.200             *Func-showTrackIncLabel-2305
  1.200             *Func-incrementExp-2306
  1.200             Wait dur 0.1
  1.300             *Func-incrementExp-2307
  1.300             Wait dur 0.1
  1.400             *Func-incrementExp-2308
  1.400             Wait dur 0.1
  1.500             *Func-incrementExp-2309
  1.500             Wait dur 0.1
  1.600             *Func-incrementExp-2310
  1.600             Wait dur 0.1
  1.700             *Func-incrementExp-2311
  1.700             Wait dur 0.1
  1.800             *Func-incrementExp-2312
  1.800             Wait dur 0.1
  1.900             *Func-incrementExp-2313
  1.900             Wait dur 0.1
  2.000             *Func-incrementExp-2314
  2.000             Wait dur 0.1
  2.100             *Func-incrementExp-2315
  2.100             Wait dur 0.1
  2.200             *Func-incrementExp-2316
  2.200             Wait dur 0.1
  2.300             *Func-incrementExp-2317
  2.300             Wait dur 0.1
  2.400             *Func-incrementExp-2318
  2.400             Wait dur 0.1
  2.500             *Func-incrementExp-2319
  2.500             Wait dur 0.1
  2.600             *Func-incrementExp-2320
  2.600             Wait dur 0.1
  2.700             *Func-incrementExp-2321
  2.700             Wait dur 0.1
  2.800             *Func-incrementExp-2322
  2.800             Wait dur 0.1
  2.900             *Func-incrementExp-2323
  2.900             Wait dur 0.1
  3.000             *Func-incrementExp-2324
  3.000             Wait dur 0.1
  3.100             *Func-incrementExp-2325
  3.100             Wait dur 0.1
  3.200             *Func-incrementExp-2326
  3.200             Wait dur 0.1
  3.300             *Func-incrementExp-2327
  3.300             Wait dur 0.1
  3.400             *Func-incrementExp-2328
  3.400             Wait dur 0.1
  3.500             *Func-incrementExp-2329
  3.500             Wait dur 0.1
  3.600             *Func-incrementExp-2330
  3.600             Wait dur 0.1
  3.700             *Func-incrementExp-2331
  3.700             Wait dur 0.1
  3.800             *Func-incrementExp-2332
  3.800             Wait dur 0.1
  3.900             *Func-incrementExp-2333
  3.900             Wait dur 0.1
  4.000             *Func-incrementExp-2334
  4.000             Wait dur 0.1
  4.100             *Func-incrementExp-2335
  4.100             Wait dur 0.1
  4.200             *Func-incrementExp-2336
  4.200             Wait dur 0.1
  4.300             *Func-incrementExp-2337
  4.300             Wait dur 0.1
  4.400             *Func-incrementExp-2338
  4.400             Wait dur 0.1
  4.500             *Func-incrementExp-2339
  4.500             Wait dur 0.1
  4.600             *Func-incrementExp-2340
  4.600             Wait dur 0.1
  4.700             *Func-incrementExp-2341
  4.700             Wait dur 0.1
  4.800             *Func-incrementExp-2342
  4.800             Wait dur 0.1
  4.900             *Func-incrementExp-2343
  4.900             Wait dur 0.1
  5.000             *Func-incrementExp-2344
  5.000             Wait dur 0.1
  5.100             *Func-incrementExp-2345
  5.100             Wait dur 0.1
  5.200             *Func-incrementExp-2346
  5.200             Wait dur 0.1
  5.300             *Func-incrementExp-2347
  5.300             Wait dur 0.1
  5.400             *Func-incrementExp-2348
  5.400             Wait dur 0.1
  5.500             *Func-incrementExp-2349
  5.500             Wait dur 0.1
  5.600             *Func-incrementExp-2350
  5.600             Wait dur 0.1
  5.700             *Func-resetBarColor-2351
  5.700             Wait dur 0.1
  5.800             *Func-showTrackIncLabel-2352
  5.800             *Func-incrementExp-2353
  5.800             Wait dur 0.1
  5.900             *Func-incrementExp-2354
  5.900             Wait dur 0.1
  6.000             *Func-incrementExp-2355
  6.000             Wait dur 0.1
  6.100             *Func-incrementExp-2356
  6.100             Wait dur 0.1
  6.200             *Func-incrementExp-2357
  6.200             Wait dur 0.1
  6.300             *Func-incrementExp-2358
  6.300             Wait dur 0.1
  6.400             *Func-incrementExp-2359
  6.400             Wait dur 0.1
  6.500             *Func-incrementExp-2360
  6.500             Wait dur 0.1
  6.600             *Func-incrementExp-2361
  6.600             Wait dur 0.1
  6.700             *Func-incrementExp-2362
  6.700             Wait dur 0.1
  6.800             *Func-incrementExp-2363
  6.800             Wait dur 0.1
  6.900             *Func-incrementExp-2364
  6.900             Wait dur 0.1
  7.000             *Func-incrementExp-2365
  7.000             Wait dur 0.1
  7.100             *Func-incrementExp-2366
  7.100             Wait dur 0.1
  7.200             *Func-incrementExp-2367
  7.200             Wait dur 0.1
  7.300             *Func-incrementExp-2368
  7.300             Wait dur 0.1
  7.400             *Func-incrementExp-2369
  7.400             Wait dur 0.1
  7.500             *Func-incrementExp-2370
  7.500             Wait dur 0.1
  7.600             *Func-incrementExp-2371
  7.600             Wait dur 0.1
  7.700             *Func-incrementExp-2372
  7.700             Wait dur 0.1
  7.800             *Func-incrementExp-2373
  7.800             Wait dur 0.1
  7.900             *Func-incrementExp-2374
  7.900             Wait dur 0.1
  8.000             *Func-incrementExp-2375
  8.000             Wait dur 0.1
  8.100             *Func-incrementExp-2376
  8.100             Wait dur 0.1
  8.200             *Func-incrementExp-2377
  8.200             Wait dur 0.1
  8.300             *Func-incrementExp-2378
  8.300             Wait dur 0.1
  8.400             *Func-incrementExp-2379
  8.400             Wait dur 0.1
  8.500             *Func-incrementExp-2380
  8.500             Wait dur 0.1
  8.600             *Func-incrementExp-2381
  8.600             Wait dur 0.1
  8.700             *Func-incrementExp-2382
  8.700             Wait dur 0.1
  8.800             *Func-incrementExp-2383
  8.800             Wait dur 0.1
  8.900             *Func-incrementExp-2384
  8.900             Wait dur 0.1
  9.000             *Func-incrementExp-2385
  9.000             Wait dur 0.1
  9.100             *Func-incrementExp-2386
  9.100             Wait dur 0.1
  9.200             *Func-incrementExp-2387
  9.200             Wait dur 0.1
  9.300             *Func-incrementExp-2388
  9.300             Wait dur 0.1
  9.400             *Func-incrementExp-2389
  9.400             Wait dur 0.1
  9.500             *Func-incrementExp-2390
  9.500             Wait dur 0.1
  9.600             *Func-incrementExp-2391
  9.600             Wait dur 0.1
  9.700             *Func-incrementExp-2392
  9.700             Wait dur 0.1
  9.800             *Func-incrementExp-2393
  9.800             Wait dur 0.1
  9.900             *Func-incrementExp-2394
  9.900             Wait dur 0.1
 10.000             *Func-incrementExp-2395
 10.000             Wait dur 0.1
 10.100             *Func-incrementExp-2396
 10.100             Wait dur 0.1
 10.200             *Func-incrementExp-2397
 10.200             Wait dur 0.1
 10.300             *Func-incrementExp-2398
 10.300             Wait dur 0.1
 10.400             *Func-incrementExp-2399
 10.400             Wait dur 0.1
 10.500             *Func-incrementExp-2400
 10.500             Wait dur 0.1
 10.600             *Func-incrementExp-2401
 10.600             Wait dur 0.1
 10.700             *Func-incrementExp-2402
 10.700             Wait dur 0.1
 10.800             *Func-incrementExp-2403
 10.800             Wait dur 0.1
 10.900             *Func-resetBarColor-2404
 10.900             Wait dur 0.1
 11.000             *Func-showTrackIncLabel-2405
 11.000             *Func-incrementExp-2406
 11.000             Wait dur 0.1
 11.100             *Func-incrementExp-2407
 11.100             Wait dur 0.1
 11.200             *Func-incrementExp-2408
 11.200             Wait dur 0.1
 11.300             *Func-incrementExp-2409
 11.300             Wait dur 0.1
 11.400             *Func-incrementExp-2410
 11.400             Wait dur 0.1
 11.500             *Func-incrementExp-2411
 11.500             Wait dur 0.1
 11.600             *Func-incrementExp-2412
 11.600             Wait dur 0.1
 11.700             *Func-incrementExp-2413
 11.700             Wait dur 0.1
 11.800             *Func-incrementExp-2414
 11.800             Wait dur 0.1
 11.900             *Func-incrementExp-2415
 11.900             Wait dur 0.1
 12.000             *Func-incrementExp-2416
 12.000             Wait dur 0.1
 12.100             *Func-incrementExp-2417
 12.100             Wait dur 0.1
 12.200             *Func-incrementExp-2418
 12.200             Wait dur 0.1
 12.300             *Func-incrementExp-2419
 12.300             Wait dur 0.1
 12.400             *Func-incrementExp-2420
 12.400             Wait dur 0.1
 12.500             *Func-incrementExp-2421
 12.500             Wait dur 0.1
 12.600             *Func-incrementExp-2422
 12.600             Wait dur 0.1
 12.700             *Func-incrementExp-2423
 12.700             Wait dur 0.1
 12.800             *Func-incrementExp-2424
 12.800             Wait dur 0.1
 12.900             *Func-incrementExp-2425
 12.900             Wait dur 0.1
 13.000             *Func-incrementExp-2426
 13.000             Wait dur 0.1
 13.100             *Func-incrementExp-2427
 13.100             Wait dur 0.1
 13.200             *Func-incrementExp-2428
 13.200             Wait dur 0.1
 13.300             *Func-incrementExp-2429
 13.300             Wait dur 0.1
 13.400             *Func-incrementExp-2430
 13.400             Wait dur 0.1
 13.500             *Func-incrementExp-2431
 13.500             Wait dur 0.1
 13.600             *Func-incrementExp-2432
 13.600             Wait dur 0.1
 13.700             *Func-incrementExp-2433
 13.700             Wait dur 0.1
 13.800             *Func-incrementExp-2434
 13.800             Wait dur 0.1
 13.900             *Func-incrementExp-2435
 13.900             Wait dur 0.1
 14.000             *Func-incrementExp-2436
 14.000             Wait dur 0.1
 14.100             *Func-incrementExp-2437
 14.100             Wait dur 0.1
 14.200             *Func-incrementExp-2438
 14.200             Wait dur 0.1
 14.300             *Func-incrementExp-2439
 14.300             Wait dur 0.1
 14.400             *Func-incrementExp-2440
 14.400             Wait dur 0.1
 14.500             *Func-incrementExp-2441
 14.500             Wait dur 0.1
 14.600             *Func-incrementExp-2442
 14.600             Wait dur 0.1
 14.700             *Func-incrementExp-2443
 14.700             Wait dur 0.1
 14.800             *Func-incrementExp-2444
 14.800             Wait dur 0.1
 14.900             *Func-incrementExp-2445
 14.900             Wait dur 0.1
 15.000             *Func-incrementExp-2446
 15.000             Wait dur 0.1
 15.100             *Func-incrementExp-2447
 15.100             Wait dur 0.1
 15.200             *Func-incrementExp-2448
 15.200             Wait dur 0.1
 15.300             *Func-incrementExp-2449
 15.300             Wait dur 0.1
 15.400             *Func-incrementExp-2450
 15.400             Wait dur 0.1
 15.500             *Func-incrementExp-2451
 15.500             Wait dur 0.1
 15.600             *Func-incrementExp-2452
 15.600             Wait dur 0.1
 15.700             *Func-incrementExp-2453
 15.700             Wait dur 0.1
 15.800             *Func-incrementExp-2454
 15.800             Wait dur 0.1
 15.900             *Func-incrementExp-2455
 15.900             Wait dur 0.1
 16.000             *Func-incrementExp-2456
 16.000             Wait dur 0.1
 16.100             *Func-incrementExp-2457
 16.100             Wait dur 0.1
 16.200             *Func-incrementExp-2458
 16.200             Wait dur 0.1
 16.300             *Func-incrementExp-2459
 16.300             Wait dur 0.1
 16.400             *Func-incrementExp-2460
 16.400             Wait dur 0.1
 16.500             *Func-incrementExp-2461
 16.500             Wait dur 0.1
 16.600             *Func-incrementExp-2462
 16.600             Wait dur 0.1
 16.700             *Func-incrementExp-2463
 16.700             Wait dur 0.1
 16.800             *Func-incrementExp-2464
 16.800             Wait dur 0.1
 16.900             *Func-incrementExp-2465
 16.900             Wait dur 0.1
 17.000             *Func-incrementExp-2466
 17.000             Wait dur 0.1
 17.100             *Func-incrementExp-2467
 17.100             Wait dur 0.1
 17.200             *Func-resetBarColor-2468
 17.200             Wait dur 0.1
 17.300             *Func-showTrackIncLabel-2469
 17.300             *Func-resetBarColor-2470
 17.300             Wait dur 0.1
 17.400             *Func-showTrackIncLabel-2471
 17.400             *Func-resetBarColor-2472
 17.400             Wait dur 0.1
 17.500             *Func-incrementMerits-2473
 17.500             Wait dur 0.08
 17.580             *Func-incrementMerits-2474
 17.580             Wait dur 0.08
 17.660             *Func-incrementMerits-2475
 17.660             Wait dur 0.08
 17.740             *Func-incrementMerits-2476
 17.740             Wait dur 0.08
 17.820             *Func-incrementMerits-2477
 17.820             Wait dur 0.08
 17.900             *Func-incrementMerits-2478
 17.900             Wait dur 0.08
 17.980             *Func-incrementMerits-2479
 17.980             Wait dur 0.08
 18.060             *Func-incrementMerits-2480
 18.060             Wait dur 0.08
 18.140             *Func-incrementMerits-2481
 18.140             Wait dur 0.08
 18.220             *Func-incrementMerits-2482
 18.220             Wait dur 0.08
 18.300             *Func-incrementMerits-2483
 18.300             Wait dur 0.08
 18.380             *Func-incrementMerits-2484
 18.380             Wait dur 0.08
 18.460             *Func-incrementMerits-2485
 18.460             Wait dur 0.08
 18.540             *Func-incrementMerits-2486
 18.540             Wait dur 0.08
 18.620             *Func-incrementMerits-2487
 18.620             Wait dur 0.08
 18.700             *Func-incrementMerits-2488
 18.700             Wait dur 0.08
 18.780             *Func-incrementMerits-2489
 18.780             Wait dur 0.08
 18.860             *Func-incrementMerits-2490
 18.860             Wait dur 0.08
 18.940             *Func-incrementMerits-2491
 18.940             Wait dur 0.08
 19.020             *Func-incrementMerits-2492
 19.020             Wait dur 0.08
 19.100             *Func-incrementMerits-2493
 19.100             Wait dur 0.08
 19.180             *Func-incrementMerits-2494
 19.180             Wait dur 0.08
 19.260             *Func-incrementMerits-2495
 19.260             Wait dur 0.08
 19.340             *Func-incrementMerits-2496
 19.340             Wait dur 0.08
 19.420             *Func-incrementMerits-2497
 19.420             Wait dur 0.08
 19.500             *Func-incrementMerits-2498
 19.500             Wait dur 0.08
 19.580             *Func-incrementMerits-2499
 19.580             Wait dur 0.08
 19.660             *Func-incrementMerits-2500
 19.660             Wait dur 0.08
 19.740             *Func-incrementMerits-2501
 19.740             Wait dur 0.08
 19.820             *Func-incrementMerits-2502
 19.820             Wait dur 0.08
 19.900             *Func-incrementMerits-2503
 19.900             Wait dur 0.08
 19.980             *Func-incrementMerits-2504
 19.980             Wait dur 0.08
 20.060             *Func-incrementMerits-2505
 20.060             Wait dur 0.08
 20.140             *Func-incrementMerits-2506
 20.140             Wait dur 0.08
 20.220             *Func-incrementMerits-2507
 20.220             Wait dur 0.08
 20.300             *Func-incrementMerits-2508
 20.300             Wait dur 0.08
 20.380             *Func-incrementMerits-2509
 20.380             Wait dur 0.08
 20.460             *Func-incrementMerits-2510
 20.460             Wait dur 0.08
 20.540             *Func-incrementMerits-2511
 20.540             Wait dur 0.08
 20.620             *Func-incrementMerits-2512
 20.620             Wait dur 0.08
 20.700             *Func-incrementMerits-2513
 20.700             Wait dur 0.08
 20.780             *Func-incrementMerits-2514
 20.780             Wait dur 0.08
 20.860             *Func-incrementMerits-2515
 20.860             Wait dur 0.08
 20.940             *Func-incrementMerits-2516
 20.940             Wait dur 0.08
 21.020             *Func-incrementMerits-2517
 21.020             Wait dur 0.08
 21.100             *Func-incrementMerits-2518
 21.100             Wait dur 0.08
 21.180             *Func-incrementMerits-2519
 21.180             Wait dur 0.08
 21.260             *Func-incrementMerits-2520
 21.260             Wait dur 0.08
 21.340             *Func-incrementMerits-2521
 21.340             Wait dur 0.08
 21.420             *Func-incrementMerits-2522
 21.420             Wait dur 0.08
 21.500             *Func-incrementMerits-2523
 21.500             Wait dur 0.08
 21.580             *Func-incrementMerits-2524
 21.580             Wait dur 0.08
 21.660             *Func-incrementMerits-2525
 21.660             Wait dur 0.08
 21.740             *Func-incrementMerits-2526
 21.740             Wait dur 0.08
 21.820             *Func-incrementMerits-2527
 21.820             Wait dur 0.08
 21.900             *Func-incrementMerits-2528
 21.900             Wait dur 0.08
 21.980             *Func-incrementMerits-2529
 21.980             Wait dur 0.08
 22.060             *Func-incrementMerits-2530
 22.060             Wait dur 0.08
 22.140             *Func-incrementMerits-2531
 22.140             Wait dur 0.08
 22.220             *Func-incrementMerits-2532
 22.220             Wait dur 0.08
 22.300             *Func-incrementMerits-2533
 22.300             Wait dur 0.08
 22.380             *Func-incrementMerits-2534
 22.380             Wait dur 0.08
 22.460             *Func-incrementMerits-2535
 22.460             Wait dur 0.08
 22.540             *Func-resetMeritBarColor-2536
 22.540             Wait dur 0.3
 22.840             Wait dur 1
 23.840             Wait dur 0.25
 24.090           }
 24.090           *Func-_teardownSkipListen-2541
 24.090           *Func-destroy-2542
 24.090           *Func-hide-2543
 24.090           *Func-setOnscreenChatForced-2544
 24.090           Sequence-2453 {
 24.090           }
 24.090         }
  0.000         *Sound-398 dur 24.09
 24.090       }
 24.090       *Func-__handleBuildingRewardDone-2545
 24.090     }
 24.090   }
  0.000   Sequence-2450 {
  0.000     Sequence-2452 {
  0.000       Sequence-2456 {
  0.000         *Func-chooseRewardShotNow-2540
  0.000         Wait dur 24.09
 24.090       }
 24.090     }
 24.090   }
 24.090 }

Traceback (most recent call last):
  File "C:\Panda3D-1.10.0\direct\showbase\EventManager.py", line 52, in eventLoopTask
    self.doEvents()
  File "C:\Panda3D-1.10.0\direct\showbase\EventManager.py", line 46, in doEvents
    processFunc(self.eventQueue.dequeueEvent())
  File "C:\Panda3D-1.10.0\direct\showbase\EventManager.py", line 103, in processEvent
    messenger.send(eventName, paramList)
  File "C:\Panda3D-1.10.0\direct\showbase\Messenger.py", line 326, in send
    self.__dispatch(acceptorDict, event, sentArgs, foundWatch)
  File "C:\Panda3D-1.10.0\direct\showbase\Messenger.py", line 411, in __dispatch
    method (*(extraArgs + sentArgs))
  File "C:\Panda3D-1.10.0\direct\showbase\ShowBase.py", line 2665, in windowEvent
    self.userExit()
  File "toontown\toonbase\ToonBase.py", line 400, in userExit
    self.cr.dumpAllSubShardObjects()
  File "toontown\distributed\ToontownClientRepository.py", line 556, in dumpAllSubShardObjects
    self.deleteObject(doId)
  File "toontown\distributed\ToontownClientRepository.py", line 906, in deleteObject
    obj.deleteOrDelay()
  File "C:\Panda3D-1.10.0\direct\distributed\DistributedObject.py", line 199, in deleteOrDelay
    self.disableAnnounceAndDelete()
  File "C:\Panda3D-1.10.0\direct\distributed\DistributedObject.py", line 202, in disableAnnounceAndDelete
    self.disableAndAnnounce()
  File "C:\Panda3D-1.10.0\direct\distributed\DistributedObject.py", line 228, in disableAndAnnounce
    self.disable()
  File "toontown\battle\DistributedBattleBldg.py", line 52, in disable
    DistributedBattleBase.DistributedBattleBase.disable(self)
  File "toontown\battle\DistributedBattleBase.py", line 133, in disable
    self.cleanupBattle()
  File "toontown\battle\DistributedBattleBase.py", line 145, in cleanupBattle
    self.fsm.requestFinalState()
  File "C:\Panda3D-1.10.0\direct\fsm\ClassicFSM.py", line 151, in requestFinalState
    self.request(self.getFinalState().getName())
  File "C:\Panda3D-1.10.0\direct\fsm\ClassicFSM.py", line 302, in request
    exitArgList)
  File "C:\Panda3D-1.10.0\direct\fsm\ClassicFSM.py", line 230, in __transition
    self.__exitCurrent(exitArgList)
  File "C:\Panda3D-1.10.0\direct\fsm\ClassicFSM.py", line 188, in __exitCurrent
    self.__currentState.exit(argList)
  File "C:\Panda3D-1.10.0\direct\fsm\State.py", line 213, in exit
    apply(self.__exitFunc, argList)
  File "toontown\battle\DistributedBattleBldg.py", line 208, in exitBuildingReward
    self.movie.resetReward(finish=1)
  File "toontown\battle\Movie.py", line 222, in resetReward
    self.stop()
  File "toontown\battle\Movie.py", line 366, in stop
    self.track.finish()
  File "C:\Panda3D-1.10.0\direct\interval\MetaInterval.py", line 391, in finish
    self.privPostEvent()
  File "C:\Panda3D-1.10.0\direct\interval\MetaInterval.py", line 519, in privPostEvent
    self.__doPythonCallbacks()
  File "C:\Panda3D-1.10.0\direct\interval\MetaInterval.py", line 495, in __doPythonCallbacks
    ival.privDoEvent(t, eventType)
  File "C:\Panda3D-1.10.0\direct\interval\Interval.py", line 206, in privDoEvent
    self.privInstant()
  File "C:\Panda3D-1.10.0\direct\interval\FunctionInterval.py", line 88, in privInstant
    self.function(*self.extraArgs, **self.kw)
  File "toontown\battle\DistributedBattleBldg.py", line 205, in __handleBuildingRewardDone
    self.fsm.request('Resume')
  File "C:\Panda3D-1.10.0\direct\fsm\ClassicFSM.py", line 246, in request
    assert not self.__internalStateInFlux
AssertionError
