TTLocalizer: Running in language: English
OTPLocalizer: Running in language: English
Preloading suits...
Preloading Toon heads...
Preloading avatars...
{401000001: <toontown.distributed.ToontownDistrict.ToontownDistrict instance at 0x1D0929B8>}
__handleAvatarChooserDone: 100000097, 'Captain Skip', ('fsl', 'ls', 's', 'm', (0.8, 0.49, 0.19, 1.0), (1.0, 1.0, 1.0, 1.0), (0.8, 0.49, 0.19, 1.0), (0.8, 0.49, 0.19, 1.0), 14, 12, 10, 12, 7, 10), 5
entered wait for zone redirect
entered wait for set zone response - 2
Reading DNA file... phase_4/dna/storage.pdna
Reading DNA file... phase_3.5/dna/storage_interior.pdna
Reading DNA file... phase_4/dna/storage_TT.pdna
Reading DNA file... phase_4/dna/storage_TT_sz.pdna
Reading DNA file... phase_4/dna/toontown_central_sz.pdna
entered wait for zone redirect
entered wait for set zone response - 2
entered wait for zone redirect
entered wait for set zone response - 2
Reading DNA file... phase_4/dna/storage.pdna
Reading DNA file... phase_3.5/dna/storage_interior.pdna
Reading DNA file... phase_4/dna/storage_TT.pdna
Reading DNA file... phase_5/dna/storage_town.pdna
Reading DNA file... phase_5/dna/storage_TT_town.pdna
Reading DNA file... phase_5/dna/toontown_central_2100.pdna
entered wait for zone redirect
entered wait for set zone response - 2
entered wait for zone redirect
entered wait for set zone response - 2
entered wait for zone redirect
entered wait for set zone response - 2
Reading DNA file... phase_5/dna/storage_town.pdna
Reading DNA file... phase_5/dna/storage_TT_town.pdna
Reading DNA file... phase_5/dna/toontown_central_2100.pdna
entered wait for zone redirect
entered wait for set zone response - 2
Reading DNA file... phase_4/dna/storage.pdna
Reading DNA file... phase_3.5/dna/storage_interior.pdna
Reading DNA file... phase_4/dna/storage_TT.pdna
Reading DNA file... phase_4/dna/storage_TT_sz.pdna
Reading DNA file... phase_4/dna/toontown_central_sz.pdna
entered wait for zone redirect
entered wait for set zone response - 2
Reading DNA file... phase_4/dna/storage.pdna
Reading DNA file... phase_3.5/dna/storage_interior.pdna
Reading DNA file... phase_4/dna/storage_TT.pdna
Reading DNA file... phase_5/dna/storage_town.pdna
Reading DNA file... phase_5/dna/storage_TT_town.pdna
Reading DNA file... phase_5/dna/toontown_central_2200.pdna
entered wait for zone redirect
entered wait for set zone response - 2
entered wait for zone redirect
entered wait for set zone response - 2
entered wait for zone redirect
entered wait for set zone response - 2
entered wait for zone redirect
entered wait for set zone response - 2
entered wait for zone redirect
entered wait for set zone response - 2
Reading DNA file... phase_4/dna/storage_TT_sz.pdna
Reading DNA file... phase_4/dna/toontown_central_sz.pdna
entered wait for zone redirect
entered wait for set zone response - 2
Reading DNA file... phase_5/dna/storage_town.pdna
Reading DNA file... phase_5/dna/storage_TT_town.pdna
Reading DNA file... phase_5/dna/toontown_central_2200.pdna
entered wait for zone redirect
entered wait for set zone response - 2
entered wait for zone redirect
entered wait for set zone response - 2
Reading DNA file... phase_5/dna/storage_town.pdna
Reading DNA file... phase_5/dna/storage_TT_town.pdna
Reading DNA file... phase_5/dna/toontown_central_2200.pdna
entered wait for zone redirect
entered wait for set zone response - 2
Exception occurred while processing Func-__handleBuildingRewardDone-9418 of movie-reward-track-with-cam-401007095:
movie-reward-track-with-cam-401007095:
  0.000 movie-reward-track-with-cam-401007095 {
  0.000   movie-reward-track-401007095 {
  0.000     Sequence-9166 {
  0.000       Parallel-9174 {
  0.000         Sequence-9168 {
  0.000           *Func-show-9313
  0.000           *Func-setOnscreenChatForced-9314
  0.000           *Func-_setupSkipListen-9315
  0.000           *Func-_teardownSkipListen-9410
  0.000           *Func-_setupSkipListen-9411
  0.000           Sequence-9171 {
  0.000             *Func-initGagFrame-9316
  0.000             Wait dur 1
  1.000             *Func-showTrackIncLabel-9317
  1.000             *Func-incrementExp-9318
  1.000             Wait dur 0.1
  1.100             *Func-incrementExp-9319
  1.100             Wait dur 0.1
  1.200             *Func-incrementExp-9320
  1.200             Wait dur 0.1
  1.300             *Func-incrementExp-9321
  1.300             Wait dur 0.1
  1.400             *Func-incrementExp-9322
  1.400             Wait dur 0.1
  1.500             *Func-incrementExp-9323
  1.500             Wait dur 0.1
  1.600             *Func-incrementExp-9324
  1.600             Wait dur 0.1
  1.700             *Func-incrementExp-9325
  1.700             Wait dur 0.1
  1.800             *Func-incrementExp-9326
  1.800             Wait dur 0.1
  1.900             *Func-incrementExp-9327
  1.900             Wait dur 0.1
  2.000             *Func-incrementExp-9328
  2.000             Wait dur 0.1
  2.100             *Func-incrementExp-9329
  2.100             Wait dur 0.1
  2.200             *Func-incrementExp-9330
  2.200             Wait dur 0.1
  2.300             *Func-incrementExp-9331
  2.300             Wait dur 0.1
  2.400             *Func-incrementExp-9332
  2.400             Wait dur 0.1
  2.500             *Func-incrementExp-9333
  2.500             Wait dur 0.1
  2.600             *Func-incrementExp-9334
  2.600             Wait dur 0.1
  2.700             *Func-incrementExp-9335
  2.700             Wait dur 0.1
  2.800             *Func-incrementExp-9336
  2.800             Wait dur 0.1
  2.900             *Func-incrementExp-9337
  2.900             Wait dur 0.1
  3.000             *Func-incrementExp-9338
  3.000             Wait dur 0.1
  3.100             *Func-incrementExp-9339
  3.100             Wait dur 0.1
  3.200             *Func-incrementExp-9340
  3.200             Wait dur 0.1
  3.300             *Func-incrementExp-9341
  3.300             Wait dur 0.1
  3.400             *Func-incrementExp-9342
  3.400             Wait dur 0.1
  3.500             *Func-incrementExp-9343
  3.500             Wait dur 0.1
  3.600             *Func-incrementExp-9344
  3.600             Wait dur 0.1
  3.700             *Func-incrementExp-9345
  3.700             Wait dur 0.1
  3.800             *Func-incrementExp-9346
  3.800             Wait dur 0.1
  3.900             *Func-incrementExp-9347
  3.900             Wait dur 0.1
  4.000             *Func-resetBarColor-9348
  4.000             Wait dur 0.1
  4.100             *Func-showTrackIncLabel-9349
  4.100             *Func-incrementExp-9350
  4.100             Wait dur 0.1
  4.200             *Func-incrementExp-9351
  4.200             Wait dur 0.1
  4.300             *Func-incrementExp-9352
  4.300             Wait dur 0.1
  4.400             *Func-incrementExp-9353
  4.400             Wait dur 0.1
  4.500             *Func-incrementExp-9354
  4.500             Wait dur 0.1
  4.600             *Func-incrementExp-9355
  4.600             Wait dur 0.1
  4.700             *Func-incrementExp-9356
  4.700             Wait dur 0.1
  4.800             *Func-incrementExp-9357
  4.800             Wait dur 0.1
  4.900             *Func-incrementExp-9358
  4.900             Wait dur 0.1
  5.000             *Func-incrementExp-9359
  5.000             Wait dur 0.1
  5.100             *Func-incrementExp-9360
  5.100             Wait dur 0.1
  5.200             *Func-incrementExp-9361
  5.200             Wait dur 0.1
  5.300             *Func-incrementExp-9362
  5.300             Wait dur 0.1
  5.400             *Func-incrementExp-9363
  5.400             Wait dur 0.1
  5.500             *Func-incrementExp-9364
  5.500             Wait dur 0.1
  5.600             *Func-incrementExp-9365
  5.600             Wait dur 0.1
  5.700             *Func-incrementExp-9366
  5.700             Wait dur 0.1
  5.800             *Func-incrementExp-9367
  5.800             Wait dur 0.1
  5.900             *Func-incrementExp-9368
  5.900             Wait dur 0.1
  6.000             *Func-incrementExp-9369
  6.000             Wait dur 0.1
  6.100             *Func-incrementExp-9370
  6.100             Wait dur 0.1
  6.200             *Func-incrementExp-9371
  6.200             Wait dur 0.1
  6.300             *Func-incrementExp-9372
  6.300             Wait dur 0.1
  6.400             *Func-incrementExp-9373
  6.400             Wait dur 0.1
  6.500             *Func-incrementExp-9374
  6.500             Wait dur 0.1
  6.600             *Func-incrementExp-9375
  6.600             Wait dur 0.1
  6.700             *Func-incrementExp-9376
  6.700             Wait dur 0.1
  6.800             *Func-incrementExp-9377
  6.800             Wait dur 0.1
  6.900             *Func-incrementExp-9378
  6.900             Wait dur 0.1
  7.000             *Func-incrementExp-9379
  7.000             Wait dur 0.1
  7.100             *Func-incrementExp-9380
  7.100             Wait dur 0.1
  7.200             *Func-incrementExp-9381
  7.200             Wait dur 0.1
  7.300             *Func-incrementExp-9382
  7.300             Wait dur 0.1
  7.400             *Func-incrementExp-9383
  7.400             Wait dur 0.1
  7.500             *Func-incrementExp-9384
  7.500             Wait dur 0.1
  7.600             *Func-incrementExp-9385
  7.600             Wait dur 0.1
  7.700             *Func-resetBarColor-9386
  7.700             Wait dur 0.1
  7.800             Wait dur 1
  8.800             *Func-initItemFrame-9392
  8.800             Wait dur 1
  9.800             *Func-setProp-9387
  9.800             Wait dur 1
 10.800             *Func-setProp-9388
 10.800             Wait dur 1
 11.800             *Func-setProp-9389
 11.800             Wait dur 1
 12.800             *Func-setProp-9390
 12.800             Wait dur 1
 13.800             *Func-setProp-9391
 13.800             Wait dur 1
 14.800             Wait dur 1
 15.800             *Func-initQuestFrame-9409
 15.800             Wait dur 1
 16.800             *Func-setProp-9393
 16.800             Wait dur 0.2
 17.000             *Func-setProp-9394
 17.000             Wait dur 0.2
 17.200             *Func-setProp-9395
 17.200             Wait dur 0.2
 17.400             *Func-setProp-9396
 17.400             Wait dur 0.2
 17.600             *Func-setProp-9397
 17.600             Wait dur 0.2
 17.800             *Func-setProp-9398
 17.800             Wait dur 0.2
 18.000             *Func-setProp-9399
 18.000             Wait dur 0.2
 18.200             *Func-setProp-9400
 18.200             Wait dur 0.2
 18.400             *Func-setProp-9401
 18.400             Wait dur 0.2
 18.600             *Func-setProp-9402
 18.600             Wait dur 0.2
 18.800             *Func-setProp-9403
 18.800             *Func-setProp-9404
 18.800             Wait dur 0.2
 19.000             *Func-setProp-9405
 19.000             *Func-setProp-9406
 19.000             Wait dur 0.2
 19.200             *Func-setProp-9407
 19.200             *Func-setProp-9408
 19.200             Wait dur 0.2
 19.400             Wait dur 2
 21.400             Wait dur 0.25
 21.650           }
 21.650           *Func-_teardownSkipListen-9414
 21.650           *Func-destroy-9415
 21.650           *Func-hide-9416
 21.650           *Func-setOnscreenChatForced-9417
 21.650           Sequence-9170 {
 21.650           }
 21.650         }
  0.000         *Sound-2141 dur 21.65
 21.650       }
 21.650       *Func-__handleBuildingRewardDone-9418
 21.650     }
 21.650   }
  0.000   Sequence-9167 {
  0.000     Sequence-9169 {
  0.000       Sequence-9173 {
  0.000         *Func-chooseRewardShotNow-9413
  0.000         Wait dur 21.65
 21.650       }
 21.650     }
 21.650   }
 21.650 }

Traceback (most recent call last):
  File "C:\Panda3D-1.10.0\direct\showbase\EventManager.py", line 52, in eventLoopTask
    self.doEvents()
  File "C:\Panda3D-1.10.0\direct\showbase\EventManager.py", line 46, in doEvents
    processFunc(self.eventQueue.dequeueEvent())
  File "C:\Panda3D-1.10.0\direct\showbase\EventManager.py", line 103, in processEvent
    messenger.send(eventName, paramList)
  File "C:\Panda3D-1.10.0\direct\showbase\Messenger.py", line 326, in send
    self.__dispatch(acceptorDict, event, sentArgs, foundWatch)
  File "C:\Panda3D-1.10.0\direct\showbase\Messenger.py", line 411, in __dispatch
    method (*(extraArgs + sentArgs))
  File "C:\Panda3D-1.10.0\direct\showbase\ShowBase.py", line 2665, in windowEvent
    self.userExit()
  File "toontown\toonbase\ToonBase.py", line 400, in userExit
    self.cr.dumpAllSubShardObjects()
  File "toontown\distributed\ToontownClientRepository.py", line 556, in dumpAllSubShardObjects
    self.deleteObject(doId)
  File "toontown\distributed\ToontownClientRepository.py", line 906, in deleteObject
    obj.deleteOrDelay()
  File "C:\Panda3D-1.10.0\direct\distributed\DistributedObject.py", line 199, in deleteOrDelay
    self.disableAnnounceAndDelete()
  File "C:\Panda3D-1.10.0\direct\distributed\DistributedObject.py", line 202, in disableAnnounceAndDelete
    self.disableAndAnnounce()
  File "C:\Panda3D-1.10.0\direct\distributed\DistributedObject.py", line 228, in disableAndAnnounce
    self.disable()
  File "toontown\battle\DistributedBattleBldg.py", line 52, in disable
    DistributedBattleBase.DistributedBattleBase.disable(self)
  File "toontown\battle\DistributedBattleBase.py", line 133, in disable
    self.cleanupBattle()
  File "toontown\battle\DistributedBattleBase.py", line 145, in cleanupBattle
    self.fsm.requestFinalState()
  File "C:\Panda3D-1.10.0\direct\fsm\ClassicFSM.py", line 151, in requestFinalState
    self.request(self.getFinalState().getName())
  File "C:\Panda3D-1.10.0\direct\fsm\ClassicFSM.py", line 302, in request
    exitArgList)
  File "C:\Panda3D-1.10.0\direct\fsm\ClassicFSM.py", line 230, in __transition
    self.__exitCurrent(exitArgList)
  File "C:\Panda3D-1.10.0\direct\fsm\ClassicFSM.py", line 188, in __exitCurrent
    self.__currentState.exit(argList)
  File "C:\Panda3D-1.10.0\direct\fsm\State.py", line 213, in exit
    apply(self.__exitFunc, argList)
  File "toontown\battle\DistributedBattleBldg.py", line 208, in exitBuildingReward
    self.movie.resetReward(finish=1)
  File "toontown\battle\Movie.py", line 222, in resetReward
    self.stop()
  File "toontown\battle\Movie.py", line 366, in stop
    self.track.finish()
  File "C:\Panda3D-1.10.0\direct\interval\MetaInterval.py", line 391, in finish
    self.privPostEvent()
  File "C:\Panda3D-1.10.0\direct\interval\MetaInterval.py", line 519, in privPostEvent
    self.__doPythonCallbacks()
  File "C:\Panda3D-1.10.0\direct\interval\MetaInterval.py", line 495, in __doPythonCallbacks
    ival.privDoEvent(t, eventType)
  File "C:\Panda3D-1.10.0\direct\interval\Interval.py", line 206, in privDoEvent
    self.privInstant()
  File "C:\Panda3D-1.10.0\direct\interval\FunctionInterval.py", line 88, in privInstant
    self.function(*self.extraArgs, **self.kw)
  File "toontown\battle\DistributedBattleBldg.py", line 205, in __handleBuildingRewardDone
    self.fsm.request('Resume')
  File "C:\Panda3D-1.10.0\direct\fsm\ClassicFSM.py", line 246, in request
    assert not self.__internalStateInFlux
AssertionError
Traceback (most recent call last):
  File "otp\otpbase\OTPBase.py", line 34, in run
    taskMgr.run()
  File "C:\Panda3D-1.10.0\direct\task\Task.py", line 508, in run
    self.step()
  File "C:\Panda3D-1.10.0\direct\task\Task.py", line 465, in step
    self.mgr.poll()
  File "C:\Panda3D-1.10.0\direct\showbase\EventManager.py", line 52, in eventLoopTask
    self.doEvents()
  File "C:\Panda3D-1.10.0\direct\showbase\EventManager.py", line 46, in doEvents
    processFunc(self.eventQueue.dequeueEvent())
  File "C:\Panda3D-1.10.0\direct\showbase\EventManager.py", line 103, in processEvent
    messenger.send(eventName, paramList)
  File "C:\Panda3D-1.10.0\direct\showbase\Messenger.py", line 326, in send
    self.__dispatch(acceptorDict, event, sentArgs, foundWatch)
  File "C:\Panda3D-1.10.0\direct\showbase\Messenger.py", line 411, in __dispatch
    method (*(extraArgs + sentArgs))
  File "C:\Panda3D-1.10.0\direct\showbase\ShowBase.py", line 2665, in windowEvent
    self.userExit()
  File "toontown\toonbase\ToonBase.py", line 400, in userExit
    self.cr.dumpAllSubShardObjects()
  File "toontown\distributed\ToontownClientRepository.py", line 556, in dumpAllSubShardObjects
    self.deleteObject(doId)
  File "toontown\distributed\ToontownClientRepository.py", line 906, in deleteObject
    obj.deleteOrDelay()
  File "C:\Panda3D-1.10.0\direct\distributed\DistributedObject.py", line 199, in deleteOrDelay
    self.disableAnnounceAndDelete()
  File "C:\Panda3D-1.10.0\direct\distributed\DistributedObject.py", line 202, in disableAnnounceAndDelete
    self.disableAndAnnounce()
  File "C:\Panda3D-1.10.0\direct\distributed\DistributedObject.py", line 228, in disableAndAnnounce
    self.disable()
  File "toontown\battle\DistributedBattleBldg.py", line 52, in disable
    DistributedBattleBase.DistributedBattleBase.disable(self)
  File "toontown\battle\DistributedBattleBase.py", line 133, in disable
    self.cleanupBattle()
  File "toontown\battle\DistributedBattleBase.py", line 145, in cleanupBattle
    self.fsm.requestFinalState()
  File "C:\Panda3D-1.10.0\direct\fsm\ClassicFSM.py", line 151, in requestFinalState
    self.request(self.getFinalState().getName())
  File "C:\Panda3D-1.10.0\direct\fsm\ClassicFSM.py", line 302, in request
    exitArgList)
  File "C:\Panda3D-1.10.0\direct\fsm\ClassicFSM.py", line 230, in __transition
    self.__exitCurrent(exitArgList)
  File "C:\Panda3D-1.10.0\direct\fsm\ClassicFSM.py", line 188, in __exitCurrent
    self.__currentState.exit(argList)
  File "C:\Panda3D-1.10.0\direct\fsm\State.py", line 213, in exit
    apply(self.__exitFunc, argList)
  File "toontown\battle\DistributedBattleBldg.py", line 208, in exitBuildingReward
    self.movie.resetReward(finish=1)
  File "toontown\battle\Movie.py", line 222, in resetReward
    self.stop()
  File "toontown\battle\Movie.py", line 366, in stop
    self.track.finish()
  File "C:\Panda3D-1.10.0\direct\interval\MetaInterval.py", line 391, in finish
    self.privPostEvent()
  File "C:\Panda3D-1.10.0\direct\interval\MetaInterval.py", line 519, in privPostEvent
    self.__doPythonCallbacks()
  File "C:\Panda3D-1.10.0\direct\interval\MetaInterval.py", line 495, in __doPythonCallbacks
    ival.privDoEvent(t, eventType)
  File "C:\Panda3D-1.10.0\direct\interval\Interval.py", line 206, in privDoEvent
    self.privInstant()
  File "C:\Panda3D-1.10.0\direct\interval\FunctionInterval.py", line 88, in privInstant
    self.function(*self.extraArgs, **self.kw)
  File "toontown\battle\DistributedBattleBldg.py", line 205, in __handleBuildingRewardDone
    self.fsm.request('Resume')
  File "C:\Panda3D-1.10.0\direct\fsm\ClassicFSM.py", line 246, in request
    assert not self.__internalStateInFlux
AssertionError
