TTLocalizer: Running in language: English
OTPLocalizer: Running in language: English
Preloading suits...
Preloading Toon heads...
Preloading avatars...
{401000001: <toontown.distributed.ToontownDistrict.ToontownDistrict instance at 0x1C0B3788>}
__handleAvatarChooserDone: 100000070, 'Master Cool Cat', ('csl', 'ms', 's', 'm', (0.3, 0.3, 0.35, 1.0), (0.54, 0.28, 0.75, 1.0), (0.3, 0.3, 0.35, 1.0), (0.3, 0.3, 0.35, 1.0), 111, 27, 98, 27, 41, 27), 3
entered wait for zone redirect
entered wait for set zone response - 2
Reading DNA file... phase_4/dna/storage.pdna
Reading DNA file... phase_3.5/dna/storage_interior.pdna
Reading DNA file... phase_4/dna/storage_TT.pdna
Reading DNA file... phase_4/dna/storage_TT_sz.pdna
Reading DNA file... phase_4/dna/toontown_central_sz.pdna
entered wait for zone redirect
entered wait for set zone response - 2
Reading DNA file... phase_5/dna/storage_town.pdna
Reading DNA file... phase_5/dna/storage_TT_town.pdna
Reading DNA file... phase_5/dna/toontown_central_2200.pdna
chooseFireOpenShot <function suitGroupThreeQuarterLeftBehindShot at 0x17C169F0>
chooseFireOpenShot <function allGroupLowShot at 0x17C16870>
Warning: NodePath.remove() is deprecated.  Use remove_node() instead.
entered wait for zone redirect
entered wait for set zone response - 2
Reading DNA file... phase_4/dna/storage.pdna
Reading DNA file... phase_3.5/dna/storage_interior.pdna
entered wait for zone redirect
entered wait for set zone response - 2
entered wait for zone redirect
entered wait for set zone response - 2
hit! 0.877884566784
hit! 0.688939273357
hit! 0.994379639626
hit! 0.954841434956
--not hard enough: -0.00101433380041
hit! 0.62711083889
hit! 0.984037041664
hit! 0.940630972385
hit! 0.440766006708
hit! 0.865271031857
hit! 0.692680418491
hit! 0.955466985703
hit! 0.856145501137
hit! 0.956456124783
hit! 0.848388433456
hit! 0.937021195889
hit! 0.937670588493
hit! 0.970789670944
--not hard enough: -0.213826030493
hit! 0.977181553841
hit! 0.884272754192
hit! 0.6370408535
hit! 0.999353528023
--not hard enough: 0.0828276351094
hit! 0.448217839003
hit! 0.378930479288
hit! 0.611970484257
hit! 0.797702252865
hit! 0.995799958706
hit! 0.813585281372
hit! 0.968825101852
hit! 0.934073507786
hit! 0.712377429008
hit! 0.734924554825
hit! 0.706189095974
hit! 0.960461080074
hit! 0.556297600269
hit! 0.740790486336
hit! 0.991883516312
hit! 0.386644661427
hit! 0.838689267635
hit! 0.77867680788
hit! 0.714093625546
--not hard enough: -0.45749938488
hit! 0.662279129028
hit! 0.985599219799
hit! 0.833446204662
--not hard enough: -0.313635766506
hit! 0.88925755024
hit! 0.863303720951
hit! 0.926784217358
hit! 0.471179872751
hit! 0.300347536802
hit! 0.373938918114
hit! 0.967139899731
hit! 0.979844331741
hit! 0.621603548527
hit! 0.923564314842
hit! 0.785242438316
