TTLocalizer: Running in language: English
OTPLocalizer: Running in language: English
Preloading suits...
Preloading Toon heads...
Preloading avatars...
{401000001: <toontown.distributed.ToontownDistrict.ToontownDistrict instance at 0x1987E6C0>, 403000001: <toontown.distributed.ToontownDistrict.ToontownDistrict instance at 0x1987E580>, 402000001: <toontown.distributed.ToontownDistrict.ToontownDistrict instance at 0x1987E620>}
__handleAvatarChooserDone: 100000097, 'Flippy', ('dss', 'ms', 'm', 'm', (0.34, 0.82, 0.95, 1.0), (1.0, 1.0, 1.0, 1.0), (0.34, 0.82, 0.95, 1.0), (0.34, 0.82, 0.95, 1.0), 3, 17, 3, 17, 7, 30), 5
entered wait for zone redirect
entered wait for set zone response - 2
Reading DNA file... phase_4/dna/storage.pdna
Reading DNA file... phase_3.5/dna/storage_interior.pdna
Reading DNA file... phase_8/dna/storage_DG.pdna
Reading DNA file... phase_8/dna/storage_DG_sz.pdna
Reading DNA file... phase_8/dna/daisys_garden_sz.pdna
entered wait for zone redirect
entered wait for set zone response - 2
Reading DNA file... phase_4/dna/storage.pdna
Reading DNA file... phase_3.5/dna/storage_interior.pdna
Reading DNA file... phase_8/dna/storage_DG.pdna
Reading DNA file... phase_5/dna/storage_town.pdna
Reading DNA file... phase_8/dna/storage_DG_town.pdna
Reading DNA file... phase_8/dna/daisys_garden_5200.pdna
entered wait for zone redirect
entered wait for set zone response - 2
entered wait for zone redirect
entered wait for set zone response - 2
entered wait for zone redirect
entered wait for set zone response - 2
Reading DNA file... phase_5/dna/storage_town.pdna
Reading DNA file... phase_8/dna/storage_DG_town.pdna
Reading DNA file... phase_8/dna/daisys_garden_5200.pdna
entered wait for zone redirect
entered wait for set zone response - 2
entered wait for zone redirect
entered wait for set zone response - 2
Reading DNA file... phase_4/dna/storage.pdna
Reading DNA file... phase_3.5/dna/storage_interior.pdna
Reading DNA file... phase_8/dna/storage_DG.pdna
Reading DNA file... phase_5/dna/storage_town.pdna
Reading DNA file... phase_8/dna/storage_DG_town.pdna
Reading DNA file... phase_8/dna/daisys_garden_5300.pdna
entered wait for zone redirect
entered wait for set zone response - 2
entered wait for zone redirect
entered wait for set zone response - 2
Reading DNA file... phase_4/dna/storage.pdna
Reading DNA file... phase_3.5/dna/storage_interior.pdna
entered wait for zone redirect
entered wait for set zone response - 2
Reading DNA file... phase_4/dna/storage.pdna
Reading DNA file... phase_3.5/dna/storage_interior.pdna
Reading DNA file... phase_8/dna/storage_DG.pdna
Reading DNA file... phase_5/dna/storage_town.pdna
Reading DNA file... phase_8/dna/storage_DG_town.pdna
Reading DNA file... phase_8/dna/daisys_garden_5300.pdna
entered wait for zone redirect
entered wait for set zone response - 2
entered wait for zone redirect
entered wait for set zone response - 2
entered wait for zone redirect
entered wait for set zone response - 2
Reading DNA file... phase_5/dna/storage_town.pdna
Reading DNA file... phase_8/dna/storage_DG_town.pdna
Reading DNA file... phase_8/dna/daisys_garden_5300.pdna
entered wait for zone redirect
entered wait for set zone response - 2
entered wait for zone redirect
entered wait for set zone response - 2
Reading DNA file... phase_5/dna/storage_town.pdna
Reading DNA file... phase_8/dna/storage_DG_town.pdna
Reading DNA file... phase_8/dna/daisys_garden_5300.pdna
entered wait for zone redirect
entered wait for set zone response - 2
Reading DNA file... phase_4/dna/storage.pdna
Reading DNA file... phase_3.5/dna/storage_interior.pdna
entered wait for zone redirect
entered wait for set zone response - 2
entered wait for zone redirect
entered wait for set zone response - 2
chooseFireOpenShot <function suitGroupThreeQuarterLeftBehindShot at 0x15402030>
chooseFireOpenShot <function suitGroupThreeQuarterLeftBehindShot at 0x15402030>
Warning: NodePath.remove() is deprecated.  Use remove_node() instead.
chooseFireOpenShot <function suitGroupThreeQuarterLeftBehindShot at 0x15402030>
chooseFireOpenShot <function suitGroupThreeQuarterLeftBehindShot at 0x15402030>
Warning: NodePath.remove() is deprecated.  Use remove_node() instead.
Exception occurred while processing Func-__doDamage-11355 of movie-track-with-cam-401006266:
movie-track-with-cam-401006266:
  0.000 movie-track-with-cam-401006266 {
  0.000   movie-track-401006266 {
  0.000     Sequence-9423 {
  0.000       toon-attacks {
  0.000         Sequence-9446 {
  0.000           Sequence-9425 {
  0.000             Parallel-9427 {
  0.000             }
  0.000           }
  0.000           toplevel-drop {
  0.000             Sequence-9445 {
  0.000               Wait
  0.000               Parallel-9429 {
  0.000                 Parallel-9436 {
  0.000                   Sequence-9431 {
  0.000                     Wait
  0.000                     *Func-headsUp-11269
  0.000                     *Actor-pushbutton-3313 dur 4
  4.000                     *Func-loop-11270
  4.000                     *Func-setHpr-11271
  4.000                   }
  0.000                   Sequence-9430 {
  0.000                     Wait dur 2.14
  2.140                     *Sound-1780 dur 0.67
  2.810                     *Sound-1781 dur 1.5
  4.310                     *Sound-1782 dur 6.92245
 11.232                   }
  0.000                   Sequence-9432 {
  0.000                     Wait
  0.000                     *Func-showProps-11272
  0.000                     LerpScaleInterval-5430: scale from 0.01 0.01 0.01 to 1 1 1 dur 1
  1.000                     Wait dur 2.5
  3.500                     LerpScaleInterval-5431: scale from 1 1 1 to 0.01 0.01 0.01 dur 1
  4.500                     *Func-removeProps-11273
  4.500                   }
  0.000                   Sequence-9433 {
  0.000                     *Func-needRestoreRenderProp-11274
  0.000                     Wait dur 4.3
  4.300                     *Func-posObject-11275
  4.300                     ParallelEndTogether-9434 {
  4.300                       *Actor-safe-3314 dur 4.16667
  8.167                       LerpScaleInterval-5432: scale from 0.85 0.85 0.85 to 0.01 0.01 0.01 dur 0.3
  8.467                     }
  8.467                     *Func-removeProp-11276
  8.467                     *Func-clearRenderProp-11277
  8.467                   }
  0.000                   Sequence-9435 {
  0.000                     Wait dur 2.44
  2.440                     *Func-needRestoreRenderProp-11278
  2.440                     *Func-posShadow-11279
  2.440                     LerpScaleInterval-5433: scale from 0.01 0.01 0.01 to 2.3 2.3 2.3 dur 1.86
  4.300                     Wait dur 0.3
  4.600                     *Func-removeProp-11280
  4.600                     *Func-clearRenderProp-11281
  4.600                   }
  0.000                   Sequence-9437 {
  0.000                     Wait dur 4.3
  4.300                     *Func-showHpText-11282 (!oe)
  4.300                     *Func-updateHealthBar-11283
  4.300                     Parallel-9438 {
  4.300                       *Actor-flatten-3315 dur 6
 10.300                     }
 10.300                     Parallel-9444 {
 10.300                       Sequence-9439 {
 10.300                         *Func-debug-11284
 10.300                         *Func-insertDeathSuit-11285
 10.300                         *Func-debug-11286
 10.300                         *Actor-lose-3316 dur 8.5
 18.800                         *Func-debug-11287
 18.800                         *remove-death-suit
 18.800                         *Func-debug-11288
 18.800                       }
 10.300                       Sequence-9440 {
 10.300                         Wait dur 0.8
 11.100                         *Sound-1783 dur 1.2
 12.300                         *Sound-1784 dur 3
 15.300                         *Sound-1785 dur 1.85469
 17.155                       }
 10.300                       gears1Track {
 10.300                         Wait dur 2.1
 12.400                         *Particle-498 dur 4.3
 16.700                       }
 10.300                       gears2MTrack {
 10.300                         Sequence-9441 {
 10.300                           Wait dur 5.4
 15.700                           Sequence-9442 {
 15.700                             *Func-reparentTo-11289
 15.700                             *Func-setPos-11290
 15.700                             *Func-setScale-11291
 15.700                             Wait dur 0.6
 16.300                             *Func-removeProp-11292
 16.300                           }
 16.300                         }
 11.000                         *Particle-499 dur 5.7
 15.500                         *Particle-500 dur 1.2
 15.700                         *Particle-501 dur 1
 16.700                       }
 10.300                       toonMTrack {
 10.300                         Sequence-9443 {
 10.300                           Wait dur 1
 11.300                           *Actor-duck-3317 dur 3.75
 15.050                           *Actor-duck-3318 dur 1.95
 17.000                           *Func-loop-11293
 17.000                         }
 17.000                       }
 18.800                     }
 18.800                   }
 18.800                 }
 18.800               }
 18.800             }
 18.800           }
 18.800           Parallel-9428 {
 18.800             Parallel-9426 {
 18.800             }
 18.800           }
 18.800         }
 18.800       }
 18.800       suit-attacks {
 18.800         Sequence-9464 {
 18.800           Parallel-9456 {
 18.800             Sequence-9448 {
 18.800               Wait dur 1e-006
 18.800               *Func-setChatAbsolute-11298
 18.800               *Func-reparentTrap-11299
 18.800               *Func-headsUp-11300
 18.800               *Actor-phone-3319 dur 5.875
 24.675               *Func-setHpr-11301
 24.675               *Func-returnTrapToSuit-11302
 24.675               *Func-clearChat-11303
 24.675             }
 18.800             Sequence-9451 {
 18.800               *Func-headsUp-11309
 18.800               Parallel-9454 {
 18.800                 Sequence-9452 {
 18.800                   Wait dur 2.7
 21.500                   *Actor-cringe-3320 dur 2.29167
 23.792                   *Func-loop-11311
 23.792                 }
 18.800                 Sequence-9453 {
 18.800                   Wait dur 2.71
 21.510                   *Func-__doDamage-11310
 21.510                 }
 23.792               }
 23.792             }
 18.800             Sequence-9450 {
 18.800               Wait dur 0.3
 19.100               *Func-__showProp-11304
 19.100               *Func-__showProp-11305
 19.100               LerpScaleInterval-5434: scale from 0.01 0.01 0.01 to 1 1 1 dur 0.5
 19.600               Wait dur 0.74
 20.340               *Func-wrtReparentTo-11306
 20.340               LerpPosHprInterval-5435: pos from -0.221373 0.769249 -1.56705 to -0.45 0.48 -0.62 hpr from -11.0742 49.8284 9.82553 to -87.47 -18.21 7.82 dur 0.0001
 20.340               Wait dur 3.14
 23.480               *Func-wrtReparentTo-11307
 23.480               Wait dur 0.62
 24.100               LerpScaleInterval-5436: scale from 1 1 1 to 0.01 0.01 0.01 dur 0.5
 24.600               *Func-removeProps-11308
 24.600             }
 18.800             Sequence-9449 {
 18.800               Wait dur 2.1
 20.900               *Particle-502 dur 1.55
 22.450             }
 18.800             Sequence-9455 {
 18.800               Wait dur 1.3
 20.100               *Sound-1786 dur 3.63102
 23.731             }
 24.675           }
 24.675           *Func-loop-11322
 24.675           Sequence-9463 {
 24.675             *Func-headsUp-11320
 24.675             *Func-loop-11321
 24.675           }
 24.675         }
 24.675         Sequence-9489 {
 24.675           Parallel-9481 {
 24.675             Sequence-9465 {
 24.675               Wait dur 1e-006
 24.675               *Func-setChatAbsolute-11323
 24.675               *Func-reparentTrap-11324
 24.675               *Func-headsUp-11325
 24.675               *Actor-speak-3321 dur 7.04167
 31.717               *Func-setHpr-11326
 31.717               *Func-returnTrapToSuit-11327
 31.717               *Func-clearChat-11328
 31.717             }
 24.675             Sequence-9476 {
 24.675               *Func-headsUp-11329
 24.675               Parallel-9480 {
 24.675                 Sequence-9477 {
 24.675                   Wait dur 2.5
 27.175                   Sequence-9478 {
 27.175                     Wait dur 0.01
 27.185                     *Actor-conked-3322 dur 0.71
 27.895                     Wait dur 0.01
 27.905                     *Actor-conked-3323 dur 0.71
 28.615                     Wait dur 0.01
 28.625                     *Actor-conked-3324 dur 0.71
 29.335                     Wait dur 0.01
 29.345                     *Actor-conked-3325 dur 3.90833
 33.253                   }
 33.253                   *Func-loop-11331
 33.253                 }
 24.675                 Sequence-9479 {
 24.675                   Wait dur 3.6
 28.275                   *Func-__doDamage-11330
 28.275                 }
 33.253               }
 33.253             }
 24.675             Parallel-9466 {
 24.675               Sequence-9468 {
 24.675                 Wait dur 1.3
 25.975                 *Particle-503 dur 0.8
 26.775               }
 24.675               Sequence-9470 {
 24.675                 Wait dur 1.95
 26.625                 *Particle-505 dur 0.8
 27.425               }
 24.675               Sequence-9472 {
 24.675                 Wait dur 2.6
 27.275                 *Particle-507 dur 0.8
 28.075               }
 24.675               Sequence-9474 {
 24.675                 Wait dur 3.25
 27.925                 *Particle-509 dur 0.8
 28.725               }
 28.725             }
 24.675             Parallel-9467 {
 24.675               Sequence-9469 {
 24.675                 Wait dur 2
 26.675                 *Particle-504 dur 1
 27.675               }
 24.675               Sequence-9471 {
 24.675                 Wait dur 2.65
 27.325                 *Particle-506 dur 1
 28.325               }
 24.675               Sequence-9473 {
 24.675                 Wait dur 3.3
 27.975                 *Particle-508 dur 1
 28.975               }
 24.675               Sequence-9475 {
 24.675                 Wait dur 3.95
 28.625                 *Particle-510 dur 1
 29.625               }
 29.625             }
 33.253           }
 33.253           *Func-loop-11342
 33.253           Sequence-9488 {
 33.253             *Func-headsUp-11340
 33.253             *Func-loop-11341
 33.253           }
 33.253         }
 33.253         Sequence-9506 {
 33.253           Parallel-9498 {
 33.253             Sequence-9490 {
 33.253               Wait dur 1e-006
 33.253               *Func-setChatAbsolute-11343
 33.253               *Func-reparentTrap-11344
 33.253               *Func-headsUp-11345
 33.253               *Actor-phone-3326 dur 5.58333
 38.836               *Func-setHpr-11346
 38.836               *Func-returnTrapToSuit-11347
 38.836               *Func-clearChat-11348
 38.836             }
 33.253             Sequence-9493 {
 33.253               *Func-headsUp-11354
 33.253               Parallel-9496 {
 33.253                 Sequence-9494 {
 33.253                   Wait dur 2.7
 35.953                   *Actor-cringe-3327 dur 2.29167
 38.245                   *Func-loop-11356
 38.245                 }
 33.253                 Sequence-9495 {
 33.253                   Wait dur 2.71
 35.963                   *Func-__doDamage-11355
 35.963                 }
 38.245               }
 38.245             }
 33.253             Sequence-9492 {
 33.253               Wait dur 0.3
 33.553               *Func-__showProp-11349
 33.553               *Func-__showProp-11350
 33.553               LerpScaleInterval-5437: scale from 0.01 0.01 0.01 to 1 1 1 dur 0.5
 34.053               Wait dur 0.74
 34.793               *Func-wrtReparentTo-11351
 34.793               LerpPosHprInterval-5438: pos from -0.466748 2.53927 -1.81466 to -0.45 0.48 -0.62 hpr from 16.7967 77.3844 -19.3059 to -87.47 -18.21 7.82 dur 0.0001
 34.793               Wait dur 3.14
 37.933               *Func-wrtReparentTo-11352
 37.933               Wait dur 0.62
 38.553               LerpScaleInterval-5439: scale to 0.01 0.01 0.01 dur 0.5
 39.053               *Func-removeProps-11353
 39.053             }
 33.253             Sequence-9491 {
 33.253               Wait dur 2.1
 35.353               *Particle-511 dur 1.55
 36.903             }
 33.253             Sequence-9497 {
 33.253               Wait dur 1.3
 34.553               *Sound-1787 dur 3.63102
 38.184             }
 39.053           }
 39.053           *Func-loop-11367
 39.053           Sequence-9505 {
 39.053             *Func-headsUp-11365
 39.053             *Func-loop-11366
 39.053           }
 39.053         }
 39.053       }
 39.053       *Func-__handleMovieDone-11368
 39.053     }
 39.053   }
  0.000   Sequence-9507 {
  0.000     Sequence-9424 {
  0.000       toon-attacks-cam {
  0.000         Sequence-9447 {
  0.000           toonGroupShot {
  0.000             *Func-setPosHpr-11294
  0.000             Wait
  0.000           }
  0.000           avatarBehindShot {
  0.000             *Func-setPosHpr-11295
  0.000             Wait dur 3
  3.000           }
  3.000           suitGroupThreeQuarterLeftBehindShot {
  3.000             *Func-setPosHpr-11296
  3.000             Wait dur 15.8
 18.800           }
 18.800           toonGroupShot {
 18.800             *Func-setPosHpr-11297
 18.800             Wait
 18.800           }
 18.800         }
 18.800       }
 18.800       suit-attacks-cam {
 18.800         Parallel-9462 {
 18.800           Sequence-9457 {
 18.800             Sequence-9460 {
 18.800               Sequence-9458 {
 18.800                 *Func-setPos-11312
 18.800                 *Func-lookAt-11313
 18.800                 Wait dur 2.8
 21.600               }
 21.600               Sequence-9459 {
 21.600                 *Func-setPos-11314
 21.600                 *Func-lookAt-11315
 21.600                 Wait dur 3.075
 24.675               }
 24.675             }
 24.675           }
 18.800           Sequence-9461 {
 18.800             *Func-hide-11316
 18.800             Wait dur 1.05
 19.850             *Func-setText-11317
 19.850             *Func-show-11318
 19.850             Wait dur 2.45
 22.300             *Func-hide-11319
 22.300           }
 24.675         }
 24.675         Parallel-9487 {
 24.675           Sequence-9482 {
 24.675             Sequence-9485 {
 24.675               Sequence-9483 {
 24.675                 *Func-setPos-11332
 24.675                 *Func-focusCameraBetweenPoints-11333
 24.675                 Wait dur 2.8
 27.475               }
 27.475               Sequence-9484 {
 27.475                 *Func-setPos-11334
 27.475                 *Func-lookAt-11335
 27.475                 Wait dur 5.778
 33.253               }
 33.253             }
 33.253           }
 24.675           Sequence-9486 {
 24.675             *Func-hide-11336
 24.675             Wait dur 1.05
 25.725             *Func-setText-11337
 25.725             *Func-show-11338
 25.725             Wait dur 2.45
 28.175             *Func-hide-11339
 28.175           }
 33.253         }
 33.253         Parallel-9504 {
 33.253           Sequence-9499 {
 33.253             Sequence-9502 {
 33.253               Sequence-9500 {
 33.253                 *Func-setPos-11357
 33.253                 *Func-lookAt-11358
 33.253                 Wait dur 2.8
 36.053               }
 36.053               Sequence-9501 {
 36.053                 *Func-setPos-11359
 36.053                 *Func-lookAt-11360
 36.053                 Wait dur 3
 39.053               }
 39.053             }
 39.053           }
 33.253           Sequence-9503 {
 33.253             *Func-hide-11361
 33.253             Wait dur 1.05
 34.303             *Func-setText-11362
 34.303             *Func-show-11363
 34.303             Wait dur 2.45
 36.753             *Func-hide-11364
 36.753           }
 39.053         }
 39.053       }
 39.053     }
 39.053   }
 39.053 }

Traceback (most recent call last):
  File "C:\Panda3D-1.10.0\direct\showbase\EventManager.py", line 52, in eventLoopTask
    self.doEvents()
  File "C:\Panda3D-1.10.0\direct\showbase\EventManager.py", line 46, in doEvents
    processFunc(self.eventQueue.dequeueEvent())
  File "C:\Panda3D-1.10.0\direct\showbase\EventManager.py", line 103, in processEvent
    messenger.send(eventName, paramList)
  File "C:\Panda3D-1.10.0\direct\showbase\Messenger.py", line 326, in send
    self.__dispatch(acceptorDict, event, sentArgs, foundWatch)
  File "C:\Panda3D-1.10.0\direct\showbase\Messenger.py", line 411, in __dispatch
    method (*(extraArgs + sentArgs))
  File "C:\Panda3D-1.10.0\direct\showbase\ShowBase.py", line 2665, in windowEvent
    self.userExit()
  File "toontown\toonbase\ToonBase.py", line 400, in userExit
    self.cr.dumpAllSubShardObjects()
  File "toontown\distributed\ToontownClientRepository.py", line 571, in dumpAllSubShardObjects
    self.notify.error(s)
  File "C:\Panda3D-1.10.0\direct\directnotify\Notifier.py", line 130, in error
    raise exception(errorString)
StandardError: dumpAllSubShardObjects:
  could not delete render/Droid-401006240 (<type 'instance' of <class 'toontown.suit.DistributedSuit.DistributedSuit'>>), delayDeletes=['Movie.play']
  could not delete render/Droid-401006245 (<type 'instance' of <class 'toontown.suit.DistributedSuit.DistributedSuit'>>), delayDeletes=['Movie.play']
  could not delete render/Droid-401006251 (<type 'instance' of <class 'toontown.suit.DistributedSuit.DistributedSuit'>>), delayDeletes=['Movie.play']
Traceback (most recent call last):
  File "otp\otpbase\OTPBase.py", line 34, in run
    taskMgr.run()
  File "C:\Panda3D-1.10.0\direct\task\Task.py", line 508, in run
    self.step()
  File "C:\Panda3D-1.10.0\direct\task\Task.py", line 465, in step
    self.mgr.poll()
  File "C:\Panda3D-1.10.0\direct\showbase\EventManager.py", line 52, in eventLoopTask
    self.doEvents()
  File "C:\Panda3D-1.10.0\direct\showbase\EventManager.py", line 46, in doEvents
    processFunc(self.eventQueue.dequeueEvent())
  File "C:\Panda3D-1.10.0\direct\showbase\EventManager.py", line 103, in processEvent
    messenger.send(eventName, paramList)
  File "C:\Panda3D-1.10.0\direct\showbase\Messenger.py", line 326, in send
    self.__dispatch(acceptorDict, event, sentArgs, foundWatch)
  File "C:\Panda3D-1.10.0\direct\showbase\Messenger.py", line 411, in __dispatch
    method (*(extraArgs + sentArgs))
  File "C:\Panda3D-1.10.0\direct\showbase\ShowBase.py", line 2665, in windowEvent
    self.userExit()
  File "toontown\toonbase\ToonBase.py", line 400, in userExit
    self.cr.dumpAllSubShardObjects()
  File "toontown\distributed\ToontownClientRepository.py", line 571, in dumpAllSubShardObjects
    self.notify.error(s)
  File "C:\Panda3D-1.10.0\direct\directnotify\Notifier.py", line 130, in error
    raise exception(errorString)
StandardError: dumpAllSubShardObjects:
  could not delete render/Droid-401006240 (<type 'instance' of <class 'toontown.suit.DistributedSuit.DistributedSuit'>>), delayDeletes=['Movie.play']
  could not delete render/Droid-401006245 (<type 'instance' of <class 'toontown.suit.DistributedSuit.DistributedSuit'>>), delayDeletes=['Movie.play']
  could not delete render/Droid-401006251 (<type 'instance' of <class 'toontown.suit.DistributedSuit.DistributedSuit'>>), delayDeletes=['Movie.play']
