TTLocalizer: Running in language: English
OTPLocalizer: Running in language: English
Preloading suits...
Preloading Toon heads...
Preloading avatars...
{401000001: <toontown.distributed.ToontownDistrict.ToontownDistrict instance at 0x161DF4B8>}
__handleAvatarChooserDone: 100000070, 'Master Cool Cat', ('csl', 'ms', 'm', 'm', (0.3, 0.3, 0.35, 1.0), (0.28, 0.32, 0.72, 1.0), (0.3, 0.3, 0.35, 1.0), (0.3, 0.3, 0.35, 1.0), 111, 27, 98, 27, 41, 27), 3
entered wait for zone redirect
entered wait for set zone response - 2
Reading DNA file... phase_4/dna/storage.pdna
Reading DNA file... phase_3.5/dna/storage_interior.pdna
Reading DNA file... phase_8/dna/storage_DL.pdna
Reading DNA file... phase_8/dna/storage_DL_sz.pdna
Reading DNA file... phase_8/dna/donalds_dreamland_sz.pdna
entered wait for zone redirect
entered wait for set zone response - 2
Reading DNA file... phase_4/dna/storage.pdna
Reading DNA file... phase_3.5/dna/storage_interior.pdna
entered wait for zone redirect
entered wait for set zone response - 2
spec = {'parentEntId': 10060, 'pos': LPoint3f(0, 0, 0)}
h = None
spec = {'parentEntId': 10022, 'pos': LPoint3f(0, 0, 0)}
h = None
spec = {'parentEntId': 10000, 'pos': LPoint3f(0, 0, 0)}
h = None
spec = {'parentEntId': 10000, 'pos': LPoint3f(0, 0, 0)}
h = None
spec = {'parentEntId': 10005, 'pos': LPoint3f(0, 0, 0)}
h = None
spec = {'parentEntId': 10002, 'pos': LPoint3f(0, 0, 0)}
h = None
spec = {'parentEntId': 10010, 'pos': LPoint3f(0, 0, 0)}
h = None
spec = {'parentEntId': 10007, 'pos': LPoint3f(0, 0, 0)}
h = None
### newVec3 =  LVector3f(2, 6.30005, 1.5)
### newVec3 =  LVector3f(2, 6.30005, 0)
### newVec3 =  LVector3f(2, 6.30005, 0.375)
### newVec3 =  LVector3f(2, 6.30005, 0)
### newVec3 =  LVector3f(1.99999, 6.30005, 1.5)
### newVec3 =  LVector3f(1.99999, 6.30005, 0)
### newVec3 =  LVector3f(1.99999, 6.30005, 0.375)
### newVec3 =  LVector3f(1.99999, 6.30005, 0)
spec = {'parentEntId': 10000, 'pos': LPoint3f(0, 0, 0)}
h = None
spec = {'parentEntId': 10000, 'pos': LPoint3f(0, 0, 0)}
h = None
entered wait for zone redirect
entered wait for set zone response - 2
entered wait for zone redirect
entered wait for set zone response - 2
Reading DNA file... phase_4/dna/storage.pdna
Reading DNA file... phase_3.5/dna/storage_interior.pdna
entered wait for zone redirect
entered wait for set zone response - 2
spec = {'parentEntId': 110000, 'pos': LPoint3f(0, 0, 0)}
h = None
Pattern [0, 5, 5, 6, 0, 1, 2, 6, 2, 1] Place 0 Type 0
Pattern [0, 5, 5, 6, 0, 1, 2, 6, 2, 1] Place 1 Type 5
Pattern [0, 5, 5, 6, 0, 1, 2, 6, 2, 1] Place 2 Type 5
Pattern [0, 5, 5, 6, 0, 1, 2, 6, 2, 1] Place 3 Type 6
Pattern [0, 5, 5, 6, 0, 1, 2, 6, 2, 1] Place 4 Type 0
Pattern [0, 5, 5, 6, 0, 1, 2, 6, 2, 1] Place 5 Type 1
Pattern [0, 5, 5, 6, 0, 1, 2, 6, 2, 1] Place 6 Type 2
Pattern [0, 5, 5, 6, 0, 1, 2, 6, 2, 1] Place 7 Type 6
Pattern [0, 5, 5, 6, 0, 1, 2, 6, 2, 1] Place 8 Type 2
Pattern [0, 5, 5, 6, 0, 1, 2, 6, 2, 1] Place 9 Type 1
Pattern [0, 5, 5, 6, 0, 1, 2, 6, 2, 1] Place 0 Type 0
Pattern [1, 5, 6, 1, 2, 0, 6, 5, 2, 0] Place 0 Type 1
Pattern [1, 5, 6, 1, 2, 0, 6, 5, 2, 0] Place 1 Type 5
Pattern [1, 5, 6, 1, 2, 0, 6, 5, 2, 0] Place 2 Type 6
Pattern [1, 5, 6, 1, 2, 0, 6, 5, 2, 0] Place 3 Type 1
Pattern [1, 5, 6, 1, 2, 0, 6, 5, 2, 0] Place 4 Type 2
Pattern [1, 5, 6, 1, 2, 0, 6, 5, 2, 0] Place 5 Type 0
Pattern [1, 5, 6, 1, 2, 0, 6, 5, 2, 0] Place 6 Type 6
Pattern [1, 5, 6, 1, 2, 0, 6, 5, 2, 0] Place 7 Type 5
Pattern [1, 5, 6, 1, 2, 0, 6, 5, 2, 0] Place 8 Type 2
Pattern [1, 5, 6, 1, 2, 0, 6, 5, 2, 0] Place 9 Type 0
Pattern [1, 5, 6, 1, 2, 0, 6, 5, 2, 0] Place 0 Type 1
Pattern [1, 5, 6, 1, 2, 0, 6, 5, 2, 0] Place 1 Type 5
Pattern [1, 5, 6, 1, 2, 0, 6, 5, 2, 0] Place 2 Type 6
Pattern [1, 5, 6, 1, 2, 0, 6, 5, 2, 0] Place 3 Type 1
Pattern [1, 5, 6, 1, 2, 0, 6, 5, 2, 0] Place 4 Type 2
Pattern [1, 5, 6, 1, 2, 0, 6, 5, 2, 0] Place 5 Type 0
Pattern [1, 5, 6, 1, 2, 0, 6, 5, 2, 0] Place 6 Type 6
Pattern [1, 5, 6, 1, 2, 0, 6, 5, 2, 0] Place 7 Type 5
Pattern [1, 5, 6, 1, 2, 0, 6, 5, 2, 0] Place 8 Type 2
Pattern [1, 5, 6, 1, 2, 0, 6, 5, 2, 0] Place 9 Type 0
Pattern [1, 5, 6, 1, 2, 0, 6, 5, 2, 0] Place 0 Type 1
Pattern [2, 6, 5, 6, 2, 5] Place 0 Type 2
Pattern [2, 6, 5, 6, 2, 5] Place 1 Type 6
Pattern [2, 6, 5, 6, 2, 5] Place 2 Type 5
Pattern [2, 6, 5, 6, 2, 5] Place 3 Type 6
Pattern [2, 6, 5, 6, 2, 5] Place 4 Type 2
Pattern [2, 6, 5, 6, 2, 5] Place 5 Type 5
Pattern [2, 6, 5, 6, 2, 5] Place 0 Type 2
Pattern [2, 6, 5, 6, 2, 5] Place 1 Type 6
Pattern [2, 6, 5, 6, 2, 5] Place 2 Type 5
Pattern [0, 0, 1, 2, 6, 5, 1, 5, 2, 6] Place 0 Type 0
Pattern [0, 0, 1, 2, 6, 5, 1, 5, 2, 6] Place 1 Type 0
Pattern [0, 0, 1, 2, 6, 5, 1, 5, 2, 6] Place 2 Type 1
Pattern [0, 0, 1, 2, 6, 5, 1, 5, 2, 6] Place 3 Type 2
Pattern [0, 0, 1, 2, 6, 5, 1, 5, 2, 6] Place 4 Type 6
Pattern [0, 0, 1, 2, 6, 5, 1, 5, 2, 6] Place 5 Type 5
Pattern [0, 0, 1, 2, 6, 5, 1, 5, 2, 6] Place 6 Type 1
spec = {'parentEntId': 110400, 'pos': LPoint3f(0, 0, 0)}
h = None
Exception occurred while processing remove-death-suit of movie-track-with-cam-401008868:
movie-track-with-cam-401008868:
  0.000 movie-track-with-cam-401008868 {
  0.000   movie-track-401008868 {
  0.000     Sequence-5537 {
  0.000       toon-attacks {
  0.000         Sequence-5551 {
  0.000           Sequence-5539 {
  0.000             Parallel-5541 {
  0.000             }
  0.000           }
  0.000           Parallel-5543 {
  0.000             Parallel-5550 {
  0.000               Parallel-5544 {
  0.000                 Sequence-5545 {
  0.000                   Wait dur 2.5
  2.500                   *Func-show-6671
  2.500                   *Func-setScale-6672
  2.500                   *Func-reparentTo-6673
  2.500                   *Func-setPos-6674
  2.500                   *Func-setH-6675
  2.500                   LerpScaleInterval-5453: scale from 0.1 0.1 0.1 to 1 1 1 dur 1.2
  3.700                   Parallel-5546 {
  3.700                   }
  3.700                 }
  3.700               }
  0.000               Sequence-5547 {
  0.000                 *Func-showProps-6676
  0.000                 *Func-headsUp-6677
  0.000                 *Actor-pushbutton-903 dur 4
  4.000                 *Func-removeProps-6678
  4.000                 *Func-loop-6679
  4.000                 *Func-setHpr-6680
  4.000               }
  0.000               Sequence-5549 {
  0.000                 Wait dur 2.3
  2.300                 Parallel-5548 {
  2.300                   *Sound-564 dur 0.67
  2.300                   *Sound-565 dur 1.48898
  3.789                 }
  3.789               }
  4.000             }
  4.000           }
  4.000           Parallel-5542 {
  4.000             Parallel-5540 {
  4.000             }
  4.000           }
  4.000         }
  4.000         Sequence-5640 {
  4.000           Sequence-5553 {
  4.000             Parallel-5555 {
  4.000             }
  4.000           }
  4.000           Parallel-5557 {
  4.000             Parallel-5560 {
  4.000               Sequence-5559 {
  4.000                 Wait dur 2.5
  6.500                 *Func-show-6690
  6.500                 *Func-setScale-6691
  6.500                 *Func-reparentTo-6692
  6.500                 *Func-setPos-6693
  6.500                 LerpScaleInterval-5454: scale from 0.1 0.1 0.1 to 1 1 1 dur 1.2
  7.700                 Wait dur 3
 10.700                 LerpScaleInterval-5455: scale from 1 1 1 to 1 1 0.1 dur 0.4
 11.100                 *Func-removeProp-6694
 11.100               }
  4.000               Sequence-5558 {
  4.000                 *Func-showProps-6685
  4.000                 *Func-headsUp-6686
  4.000                 *Actor-pushbutton-904 dur 4
  8.000                 *Func-removeProps-6687
  8.000                 *Func-loop-6688
  8.000                 *Func-setHpr-6689
  8.000               }
  4.000               Sequence-5561 {
  4.000                 *Func-loop-6695
  4.000                 Wait dur 3.8
  7.800                 *Actor-hypnotized-905 dur 3.1
 10.900                 *Func-setPos-6696
 10.900                 *Func-loop-6697
 10.900                 *Func-lureSuit-6698
 10.900                 Sequence-5562 {
 10.900                   *Func-reparentTrap-6699
 10.900                   Parallel-5563 {
 10.900                     Sequence-5564 {
 10.900                       Sequence-5565 {
 10.900                         *Func-loop-6702
 10.900                         Wait dur 3.37517
 14.275                         *Func-updateHealthBar-6701
 14.275                         Parallel-5567 {
 14.275                           *Actor-flatten-906 dur 6
 14.275                           Sequence-5566 {
 14.275                             Wait dur 0.01
 14.285                             *Sound-566 dur 0.940408
 15.225                           }
 20.275                         }
 20.275                         *Func-showHpText-6700 (!oe)
 20.275                       }
 20.275                     }
 10.900                     Sequence-5568 {
 10.900                       *Func-setScale-6703
 10.900                       *Func-setH-6704
 10.900                       *Func-setX-6705
 10.900                       *Func-setTransparency-6706
 10.900                       *Func-setColorScale-6707
 10.900                       *Func-show-6708
 10.900                       *Func-setTransparency-6709
 10.900                       *Func-setColorScale-6710
 10.900                       *Func-setScale-6711
 10.900                       *Func-show-6712
 10.900                       *Func-setTransparency-6713
 10.900                       *Func-setColorScale-6714
 10.900                       *Func-setScale-6715
 10.900                       *Func-show-6716
 10.900                       Parallel-5569 {
 10.900                         LerpColorScaleInterval-5456: color_scale to 1 1 1 1 dur 3
 10.900                         LerpColorScaleInterval-5457: color_scale to 1 1 1 1 dur 3
 10.900                         LerpColorScaleInterval-5458: color_scale to 1 1 1 1 dur 3
 10.900                         Sequence-5570 {
 10.900                           LerpScaleInterval-5459: scale from 1 0.01 0.01 to 1 2 2.5 dur 2
 12.900                           LerpScaleInterval-5460: scale from 1 2 2.5 to 1 3 1.5 dur 0.5
 13.400                           LerpScaleInterval-5461: scale from 1 3 1.5 to 1 2.5 2 dur 0.5
 13.900                         }
 10.900                         Sequence-5571 {
 10.900                           LerpScaleInterval-5462: scale from 1 0.01 0.01 to 1 2 2.5 dur 2
 12.900                           LerpScaleInterval-5463: scale from 1 2 2.5 to 1 3 1.5 dur 0.5
 13.400                           LerpScaleInterval-5464: scale from 1 3 1.5 to 1 2.5 2 dur 0.5
 13.900                         }
 13.900                       }
 13.900                       LerpPosInterval-5465: pos from -7.131 2.4 0.025 to 37.869 0 0 dur 1.28571
 15.186                       LerpColorScaleInterval-5466: color_scale to 1 1 1 0 dur 3
 18.186                     }
 10.900                     Sequence-5572 {
 10.900                       Wait dur 0.01
 10.910                       *Sound-567 dur 9.40408
 20.314                     }
 20.314                   }
 20.314                   *Func-removeTrap-6717
 20.314                   *Func-unlureSuit-6718
 20.314                   Parallel-5574 {
 20.314                     Sequence-5573 {
 20.314                       *Func-setHpr-6719
 20.314                       *Actor-walk-907 dur 0.5
 20.814                       *Func-loop-6720
 20.814                     }
 20.314                     LerpPosInterval-5467: pos from 6 1.80005 0 to 6 4.4 0 dur 0.5
 20.814                   }
 20.814                   *Func-loop-6721
 20.814                   *Func-removeProp-6722
 20.814                 }
 20.814                 Parallel-5582 {
 20.814                   Sequence-5575 {
 20.814                     Sequence-5576 {
 20.814                     }
 20.814                     *Func-debug-6723
 20.814                     *Func-insertReviveSuit-6724
 20.814                     *Func-debug-6725
 20.814                     *Actor-lose-908 dur 6
 26.814                     *Func-debug-6726
 26.814                     *remove-death-suit
 26.814                     *Func-debug-6727
 26.814                     *Func-loop-6728
 26.814                   }
 20.814                   Sequence-5577 {
 20.814                     Wait dur 0.8
 21.614                     *Sound-568 dur 1.2
 22.814                     *Sound-569 dur 3
 25.814                     *Sound-570 dur 1.85469
 27.669                   }
 20.814                   gears1Track {
 20.814                     Wait dur 2.1
 22.914                     *Particle-246 dur 4.3
 27.214                   }
 20.814                   gears2MTrack {
 20.814                     Sequence-5578 {
 20.814                       Wait dur 5.4
 26.214                       Sequence-5579 {
 26.214                         *Func-reparentTo-6729
 26.214                         *Func-setPos-6730
 26.214                         *Func-setScale-6731
 26.214                         Wait dur 0.6
 26.814                         *Func-removeProp-6732
 26.814                       }
 26.814                     }
 21.514                     *Particle-247 dur 5.7
 26.014                     *Particle-248 dur 1.2
 26.214                     *Particle-249 dur 1
 27.214                   }
 20.814                   toonMTrack {
 20.814                     Sequence-5580 {
 20.814                       Wait dur 1
 21.814                       *Actor-duck-909 dur 3.75
 25.564                       *Actor-duck-910 dur 1.95
 27.514                       *Func-loop-6733
 27.514                     }
 20.814                     Sequence-5581 {
 20.814                       Wait dur 1
 21.814                       *Actor-duck-911 dur 3.75
 25.564                       *Actor-duck-912 dur 1.95
 27.514                       *Func-loop-6734
 27.514                     }
 27.514                   }
 27.669                 }
 27.669               }
  4.000               Sequence-5583 {
  4.000                 *Func-safeWrtReparentTo-6735
  4.000                 Wait dur 5.5
  9.500                 LerpPosInterval-5468: pos from 6.00003 4.40002 0 to 6 1.8 0 dur 0.7
 10.200               }
  4.000               Sequence-5584 {
  4.000                 *Func-loop-6736
  4.000                 Wait dur 3.8
  7.800                 *Actor-hypnotized-913 dur 3.1
 10.900                 *Func-setPos-6737
 10.900                 *Func-loop-6738
 10.900                 *Func-lureSuit-6739
 10.900                 Sequence-5585 {
 10.900                   *Func-reparentTrap-6740
 10.900                   Parallel-5586 {
 10.900                     Sequence-5587 {
 10.900                       Sequence-5588 {
 10.900                         *Func-loop-6743
 10.900                         Wait dur 3.26089
 14.161                         *Func-updateHealthBar-6742
 14.161                         Parallel-5590 {
 14.161                           *Actor-flatten-914 dur 6
 14.161                           Sequence-5589 {
 14.161                             Wait dur 0.01
 14.171                             *Sound-571 dur 0.940408
 15.111                           }
 20.161                         }
 20.161                         *Func-showHpText-6741 (!oe)
 20.161                       }
 20.161                     }
 20.161                   }
 20.161                   *Func-removeTrap-6744
 20.161                   *Func-unlureSuit-6745
 20.161                   Parallel-5592 {
 20.161                     Sequence-5591 {
 20.161                       *Func-setHpr-6746
 20.161                       *Actor-walk-915 dur 0.5
 20.661                       *Func-loop-6747
 20.661                     }
 20.161                     LerpPosInterval-5469: pos from 2 3.70013 0 to 2 6.3 0 dur 0.5
 20.661                   }
 20.661                   *Func-loop-6748
 20.661                   *Func-removeProp-6749
 20.661                 }
 20.661                 Parallel-5600 {
 20.661                   Sequence-5593 {
 20.661                     Sequence-5594 {
 20.661                     }
 20.661                     *Func-debug-6750
 20.661                     *Func-insertReviveSuit-6751
 20.661                     *Func-debug-6752
 20.661                     *Actor-lose-916 dur 6
 26.661                     *Func-debug-6753
 26.661                     *remove-death-suit
 26.661                     *Func-debug-6754
 26.661                     *Func-loop-6755
 26.661                   }
 20.661                   Sequence-5595 {
 20.661                     Wait dur 0.8
 21.461                     *Sound-572 dur 1.2
 22.661                     *Sound-573 dur 3
 25.661                     *Sound-574 dur 1.85469
 27.516                   }
 20.661                   gears1Track {
 20.661                     Wait dur 2.1
 22.761                     *Particle-250 dur 4.3
 27.061                   }
 20.661                   gears2MTrack {
 20.661                     Sequence-5596 {
 20.661                       Wait dur 5.4
 26.061                       Sequence-5597 {
 26.061                         *Func-reparentTo-6756
 26.061                         *Func-setPos-6757
 26.061                         *Func-setScale-6758
 26.061                         Wait dur 0.6
 26.661                         *Func-removeProp-6759
 26.661                       }
 26.661                     }
 21.361                     *Particle-251 dur 5.7
 25.861                     *Particle-252 dur 1.2
 26.061                     *Particle-253 dur 1
 27.061                   }
 20.661                   toonMTrack {
 20.661                     Sequence-5598 {
 20.661                       Wait dur 1
 21.661                       *Actor-duck-917 dur 3.75
 25.411                       *Actor-duck-918 dur 1.95
 27.361                       *Func-loop-6760
 27.361                     }
 20.661                     Sequence-5599 {
 20.661                       Wait dur 1
 21.661                       *Actor-duck-919 dur 3.75
 25.411                       *Actor-duck-920 dur 1.95
 27.361                       *Func-loop-6761
 27.361                     }
 27.361                   }
 27.516                 }
 27.516               }
  4.000               Sequence-5601 {
  4.000                 *Func-safeWrtReparentTo-6762
  4.000                 Wait dur 5.5
  9.500                 LerpPosInterval-5470: pos from 1.99997 6.30005 0 to 2 3.7 0 dur 0.7
 10.200               }
  4.000               Sequence-5602 {
  4.000                 *Func-loop-6763
  4.000                 Wait dur 3.8
  7.800                 *Actor-hypnotized-921 dur 3.1
 10.900                 *Func-setPos-6764
 10.900                 *Func-loop-6765
 10.900                 *Func-lureSuit-6766
 10.900                 Sequence-5603 {
 10.900                   *Func-reparentTrap-6767
 10.900                   Parallel-5604 {
 10.900                     Sequence-5605 {
 10.900                       Sequence-5606 {
 10.900                         *Func-loop-6770
 10.900                         Wait dur 3.1466
 14.047                         *Func-updateHealthBar-6769
 14.047                         Parallel-5608 {
 14.047                           *Actor-flatten-922 dur 6
 14.047                           Sequence-5607 {
 14.047                             Wait dur 0.01
 14.057                             *Sound-575 dur 0.940408
 14.997                           }
 20.047                         }
 20.047                         *Func-showHpText-6768 (!oe)
 20.047                       }
 20.047                     }
 20.047                   }
 20.047                   *Func-removeTrap-6771
 20.047                   *Func-unlureSuit-6772
 20.047                   Parallel-5610 {
 20.047                     Sequence-5609 {
 20.047                       *Func-setHpr-6773
 20.047                       *Actor-walk-923 dur 0.5
 20.547                       *Func-loop-6774
 20.547                     }
 20.047                     LerpPosInterval-5471: pos from -1.99997 3.70007 0 to -2 6.3 0 dur 0.5
 20.547                   }
 20.547                   *Func-loop-6775
 20.547                   *Func-removeProp-6776
 20.547                 }
 20.547                 Parallel-5618 {
 20.547                   Sequence-5611 {
 20.547                     Sequence-5612 {
 20.547                     }
 20.547                     *Func-debug-6777
 20.547                     *Func-insertReviveSuit-6778
 20.547                     *Func-debug-6779
 20.547                     *Actor-lose-924 dur 6
 26.547                     *Func-debug-6780
 26.547                     *remove-death-suit
 26.547                     *Func-debug-6781
 26.547                     *Func-loop-6782
 26.547                   }
 20.547                   Sequence-5613 {
 20.547                     Wait dur 0.8
 21.347                     *Sound-576 dur 1.2
 22.547                     *Sound-577 dur 3
 25.547                     *Sound-578 dur 1.85469
 27.402                   }
 20.547                   gears1Track {
 20.547                     Wait dur 2.1
 22.647                     *Particle-254 dur 4.3
 26.947                   }
 20.547                   gears2MTrack {
 20.547                     Sequence-5614 {
 20.547                       Wait dur 5.4
 25.947                       Sequence-5615 {
 25.947                         *Func-reparentTo-6783
 25.947                         *Func-setPos-6784
 25.947                         *Func-setScale-6785
 25.947                         Wait dur 0.6
 26.547                         *Func-removeProp-6786
 26.547                       }
 26.547                     }
 21.247                     *Particle-255 dur 5.7
 25.747                     *Particle-256 dur 1.2
 25.947                     *Particle-257 dur 1
 26.947                   }
 20.547                   toonMTrack {
 20.547                     Sequence-5616 {
 20.547                       Wait dur 1
 21.547                       *Actor-duck-925 dur 3.75
 25.297                       *Actor-duck-926 dur 1.95
 27.247                       *Func-loop-6787
 27.247                     }
 20.547                     Sequence-5617 {
 20.547                       Wait dur 1
 21.547                       *Actor-duck-927 dur 3.75
 25.297                       *Actor-duck-928 dur 1.95
 27.247                       *Func-loop-6788
 27.247                     }
 27.247                   }
 27.402                 }
 27.402               }
  4.000               Sequence-5619 {
  4.000                 *Func-safeWrtReparentTo-6789
  4.000                 Wait dur 5.5
  9.500                 LerpPosInterval-5472: pos from -1.99997 6.30005 0 to -2 3.7 0 dur 0.7
 10.200               }
  4.000               Sequence-5620 {
  4.000                 *Func-loop-6790
  4.000                 Wait dur 3.8
  7.800                 *Actor-hypnotized-929 dur 3.1
 10.900                 *Func-setPos-6791
 10.900                 *Func-loop-6792
 10.900                 *Func-lureSuit-6793
 10.900                 Sequence-5621 {
 10.900                   *Func-reparentTrap-6794
 10.900                   Parallel-5622 {
 10.900                     Sequence-5623 {
 10.900                       Sequence-5624 {
 10.900                         *Func-loop-6797
 10.900                         Wait dur 3.03231
 13.932                         *Func-updateHealthBar-6796
 13.932                         Parallel-5626 {
 13.932                           *Actor-flatten-930 dur 6
 13.932                           Sequence-5625 {
 13.932                             Wait dur 0.01
 13.942                             *Sound-579 dur 0.940408
 14.882                           }
 19.932                         }
 19.932                         *Func-showHpText-6795 (!oe)
 19.932                       }
 19.932                     }
 19.932                   }
 19.932                   *Func-removeTrap-6798
 19.932                   *Func-unlureSuit-6799
 19.932                   Parallel-5628 {
 19.932                     Sequence-5627 {
 19.932                       *Func-setHpr-6800
 19.932                       *Actor-walk-931 dur 0.5
 20.432                       *Func-loop-6801
 20.432                     }
 19.932                     LerpPosInterval-5473: pos from -5.99997 1.79999 0 to -6 4.4 0 dur 0.5
 20.432                   }
 20.432                   *Func-loop-6802
 20.432                   *Func-removeProp-6803
 20.432                 }
 20.432                 Parallel-5636 {
 20.432                   Sequence-5629 {
 20.432                     Sequence-5630 {
 20.432                     }
 20.432                     *Func-debug-6804
 20.432                     *Func-insertReviveSuit-6805
 20.432                     *Func-debug-6806
 20.432                     *Actor-lose-932 dur 6
 26.432                     *Func-debug-6807
 26.432                     *remove-death-suit
 26.432                     *Func-debug-6808
 26.432                     *Func-loop-6809
 26.432                   }
 20.432                   Sequence-5631 {
 20.432                     Wait dur 0.8
 21.232                     *Sound-580 dur 1.2
 22.432                     *Sound-581 dur 3
 25.432                     *Sound-582 dur 1.85469
 27.287                   }
 20.432                   gears1Track {
 20.432                     Wait dur 2.1
 22.532                     *Particle-258 dur 4.3
 26.832                   }
 20.432                   gears2MTrack {
 20.432                     Sequence-5632 {
 20.432                       Wait dur 5.4
 25.832                       Sequence-5633 {
 25.832                         *Func-reparentTo-6810
 25.832                         *Func-setPos-6811
 25.832                         *Func-setScale-6812
 25.832                         Wait dur 0.6
 26.432                         *Func-removeProp-6813
 26.432                       }
 26.432                     }
 21.132                     *Particle-259 dur 5.7
 25.632                     *Particle-260 dur 1.2
 25.832                     *Particle-261 dur 1
 26.832                   }
 20.432                   toonMTrack {
 20.432                     Sequence-5634 {
 20.432                       Wait dur 1
 21.432                       *Actor-duck-933 dur 3.75
 25.182                       *Actor-duck-934 dur 1.95
 27.132                       *Func-loop-6814
 27.132                     }
 20.432                     Sequence-5635 {
 20.432                       Wait dur 1
 21.432                       *Actor-duck-935 dur 3.75
 25.182                       *Actor-duck-936 dur 1.95
 27.132                       *Func-loop-6815
 27.132                     }
 27.132                   }
 27.287                 }
 27.287               }
  4.000               Sequence-5637 {
  4.000                 *Func-safeWrtReparentTo-6816
  4.000                 Wait dur 5.5
  9.500                 LerpPosInterval-5474: pos from -5.99997 4.40002 0 to -6 1.8 0 dur 0.7
 10.200               }
  4.000               Sequence-5638 {
  4.000                 Wait dur 2.3
  6.300                 *Sound-583 dur 4.8849
 11.185               }
  4.000               Sequence-5639 {
  4.000                 Wait dur 2.5
  6.500                 *Sound-584 dur 0.365714
  6.866               }
 27.669             }
 27.669           }
 27.669           Parallel-5556 {
 27.669             Parallel-5554 {
 27.669             }
 27.669           }
 27.669         }
 27.669       }
 27.669       *Func-__handleMovieDone-6821
 27.669     }
 27.669   }
  0.000   Sequence-5642 {
  0.000     Sequence-5538 {
  0.000       toon-attacks-cam {
  0.000         Sequence-5552 {
  0.000           toonGroupShot {
  0.000             *Func-setPosHpr-6681
  0.000             Wait
  0.000           }
  0.000           allGroupLowShot {
  0.000             *Func-setPosHpr-6682
  0.000             Wait dur 3
  3.000           }
  3.000           allGroupLowShot {
  3.000             *Func-setPosHpr-6683
  3.000             Wait dur 1
  4.000           }
  4.000           toonGroupShot {
  4.000             *Func-setPosHpr-6684
  4.000             Wait
  4.000           }
  4.000         }
  4.000         Sequence-5641 {
  4.000           toonGroupShot {
  4.000             *Func-setPosHpr-6817
  4.000             Wait
  4.000           }
  4.000           allGroupLowShot {
  4.000             *Func-setPosHpr-6818
  4.000             Wait dur 3
  7.000           }
  7.000           avatarTrainShot {
  7.000             *Func-setPosHpr-6819
  7.000             Wait dur 20.669
 27.669           }
 27.669           toonGroupShot {
 27.669             *Func-setPosHpr-6820
 27.669             Wait
 27.669           }
 27.669         }
 27.669       }
 27.669     }
 27.669   }
 27.669 }

Traceback (most recent call last):
  File "C:\Panda3D-1.10.0\direct\showbase\ShowBase.py", line 1829, in __ivalLoop
    IntervalManager.ivalMgr.step()
  File "C:\Panda3D-1.10.0\direct\interval\IntervalManager.py", line 94, in step
    self.__doPythonCallbacks()
  File "C:\Panda3D-1.10.0\direct\interval\IntervalManager.py", line 122, in __doPythonCallbacks
    self.ivals[index].privPostEvent()
  File "C:\Panda3D-1.10.0\direct\interval\MetaInterval.py", line 519, in privPostEvent
    self.__doPythonCallbacks()
  File "C:\Panda3D-1.10.0\direct\interval\MetaInterval.py", line 495, in __doPythonCallbacks
    ival.privDoEvent(t, eventType)
  File "C:\Panda3D-1.10.0\direct\interval\Interval.py", line 206, in privDoEvent
    self.privInstant()
  File "C:\Panda3D-1.10.0\direct\interval\FunctionInterval.py", line 88, in privInstant
    self.function(*self.extraArgs, **self.kw)
  File "toontown\battle\MovieUtil.py", line 202, in removeReviveSuit
    suit.healthBar.show()
AttributeError: SuitHealthBar instance has no attribute 'show'
Traceback (most recent call last):
  File "otp\otpbase\OTPBase.py", line 34, in run
    taskMgr.run()
  File "C:\Panda3D-1.10.0\direct\task\Task.py", line 508, in run
    self.step()
  File "C:\Panda3D-1.10.0\direct\task\Task.py", line 465, in step
    self.mgr.poll()
  File "C:\Panda3D-1.10.0\direct\showbase\ShowBase.py", line 1829, in __ivalLoop
    IntervalManager.ivalMgr.step()
  File "C:\Panda3D-1.10.0\direct\interval\IntervalManager.py", line 94, in step
    self.__doPythonCallbacks()
  File "C:\Panda3D-1.10.0\direct\interval\IntervalManager.py", line 122, in __doPythonCallbacks
    self.ivals[index].privPostEvent()
  File "C:\Panda3D-1.10.0\direct\interval\MetaInterval.py", line 519, in privPostEvent
    self.__doPythonCallbacks()
  File "C:\Panda3D-1.10.0\direct\interval\MetaInterval.py", line 495, in __doPythonCallbacks
    ival.privDoEvent(t, eventType)
  File "C:\Panda3D-1.10.0\direct\interval\Interval.py", line 206, in privDoEvent
    self.privInstant()
  File "C:\Panda3D-1.10.0\direct\interval\FunctionInterval.py", line 88, in privInstant
    self.function(*self.extraArgs, **self.kw)
  File "toontown\battle\MovieUtil.py", line 202, in removeReviveSuit
    suit.healthBar.show()
AttributeError: SuitHealthBar instance has no attribute 'show'
