TTLocalizer: Running in language: English
OTPLocalizer: Running in language: English
Preloading suits...
Preloading Toon heads...
Preloading avatars...
{402000001: <toontown.distributed.ToontownDistrict.ToontownDistrict instance at 0x1AC7A648>, 401000001: <toontown.distributed.ToontownDistrict.ToontownDistrict instance at 0x1AC7A7D8>, 404000001: <toontown.distributed.ToontownDistrict.ToontownDistrict instance at 0x1AC7A5D0>, 406000001: <toontown.distributed.ToontownDistrict.ToontownDistrict instance at 0x1AC7A530>, 403000001: <toontown.distributed.ToontownDistrict.ToontownDistrict instance at 0x1AC7A6E8>, 405000001: <toontown.distributed.ToontownDistrict.ToontownDistrict instance at 0x1AC7A580>}
__handleAvatarChooserDone: 100000070, 'Master Cool Cat', ('csl', 'ms', 'm', 'm', (0.3, 0.3, 0.35, 1.0), (0.28, 0.32, 0.72, 1.0), (0.3, 0.3, 0.35, 1.0), (0.3, 0.3, 0.35, 1.0), 111, 27, 98, 27, 41, 27), 3
entered wait for zone redirect
entered wait for set zone response - 2
Reading DNA file... phase_4/dna/storage.pdna
Reading DNA file... phase_3.5/dna/storage_interior.pdna
Reading DNA file... phase_8/dna/storage_DG.pdna
Reading DNA file... phase_8/dna/storage_DG_sz.pdna
Reading DNA file... phase_8/dna/daisys_garden_sz.pdna
entered wait for zone redirect
entered wait for set zone response - 2
Reading DNA file... phase_4/dna/storage.pdna
Reading DNA file... phase_3.5/dna/storage_interior.pdna
entered wait for zone redirect
entered wait for set zone response - 2
spec = {'parentEntId': 10000, 'pos': LPoint3f(0, 0, 0)}
h = None
entered wait for zone redirect
entered wait for set zone response - 2
Reading DNA file... phase_4/dna/storage.pdna
Reading DNA file... phase_3.5/dna/storage_interior.pdna
entered wait for zone redirect
entered wait for set zone response - 2
spec = {'parentEntId': 110200, 'pos': LPoint3f(0, 0, 0)}
h = None
### newVec3 =  LVector3f(2, 11.3, 1.5)
### newVec3 =  LVector3f(2, 11.3, 0)
### newVec3 =  LVector3f(2, 11.3, 0.375)
### newVec3 =  LVector3f(2, 11.3, 0)
