TTLocalizer: Running in language: English
OTPLocalizer: Running in language: English
Preloading suits...
Preloading Toon heads...
Preloading avatars...
{403000001: <toontown.distributed.ToontownDistrict.ToontownDistrict instance at 0x167F4788>, 401000001: <toontown.distributed.ToontownDistrict.ToontownDistrict instance at 0x167F45F8>, 402000001: <toontown.distributed.ToontownDistrict.ToontownDistrict instance at 0x167F46E8>}
__handleAvatarChooserDone: 100000097, 'Flippy', ('dss', 'ms', 'm', 'm', (0.34, 0.82, 0.95, 1.0), (1.0, 1.0, 1.0, 1.0), (0.34, 0.82, 0.95, 1.0), (0.34, 0.82, 0.95, 1.0), 3, 17, 3, 17, 7, 30), 5
entered wait for zone redirect
entered wait for set zone response - 2
Reading DNA file... phase_4/dna/storage.pdna
Reading DNA file... phase_3.5/dna/storage_interior.pdna
Reading DNA file... phase_8/dna/storage_DG.pdna
Reading DNA file... phase_8/dna/storage_DG_sz.pdna
Reading DNA file... phase_8/dna/daisys_garden_sz.pdna
entered wait for zone redirect
entered wait for set zone response - 2
Reading DNA file... phase_4/dna/storage.pdna
Reading DNA file... phase_3.5/dna/storage_interior.pdna
Reading DNA file... phase_6/dna/storage_MM.pdna
Reading DNA file... phase_6/dna/storage_MM_sz.pdna
Reading DNA file... phase_6/dna/minnies_melody_land_sz.pdna
__handleAvatarChooserDone: 100000097, 'Flippy', ('dss', 'ms', 'm', 'm', (0.34, 0.82, 0.95, 1.0), (1.0, 1.0, 1.0, 1.0), (0.34, 0.82, 0.95, 1.0), (0.34, 0.82, 0.95, 1.0), 3, 17, 3, 17, 7, 30), 5
entered wait for zone redirect
entered wait for set zone response - 2
Reading DNA file... phase_4/dna/storage.pdna
Reading DNA file... phase_3.5/dna/storage_interior.pdna
Reading DNA file... phase_6/dna/storage_MM.pdna
Reading DNA file... phase_6/dna/storage_MM_sz.pdna
Reading DNA file... phase_6/dna/minnies_melody_land_sz.pdna
entered wait for zone redirect
entered wait for set zone response - 2
entered wait for zone redirect
entered wait for set zone response - 2
Reading DNA file... phase_4/dna/storage.pdna
Reading DNA file... phase_3.5/dna/storage_interior.pdna
Reading DNA file... phase_6/dna/storage_MM.pdna
Reading DNA file... phase_5/dna/storage_town.pdna
Reading DNA file... phase_6/dna/storage_MM_town.pdna
Reading DNA file... phase_6/dna/minnies_melody_land_4100.pdna
entered wait for zone redirect
entered wait for set zone response - 2
Reading DNA file... phase_4/dna/storage.pdna
Reading DNA file... phase_3.5/dna/storage_interior.pdna
Reading DNA file... phase_6/dna/storage_MM.pdna
Reading DNA file... phase_5/dna/storage_town.pdna
Reading DNA file... phase_6/dna/storage_MM_town.pdna
Reading DNA file... phase_6/dna/minnies_melody_land_4200.pdna
entered wait for zone redirect
entered wait for set zone response - 2
Reading DNA file... phase_4/dna/storage.pdna
Reading DNA file... phase_3.5/dna/storage_interior.pdna
Reading DNA file... phase_6/dna/storage_MM.pdna
Reading DNA file... phase_5/dna/storage_town.pdna
Reading DNA file... phase_6/dna/storage_MM_town.pdna
Reading DNA file... phase_6/dna/minnies_melody_land_4100.pdna
entered wait for zone redirect
entered wait for set zone response - 2
Reading DNA file... phase_4/dna/storage.pdna
Reading DNA file... phase_3.5/dna/storage_interior.pdna
Reading DNA file... phase_6/dna/storage_MM.pdna
Reading DNA file... phase_5/dna/storage_town.pdna
Reading DNA file... phase_6/dna/storage_MM_town.pdna
Reading DNA file... phase_6/dna/minnies_melody_land_4300.pdna
entered wait for zone redirect
entered wait for set zone response - 2
entered wait for zone redirect
entered wait for set zone response - 2
entered wait for zone redirect
entered wait for set zone response - 2
Reading DNA file... phase_5/dna/storage_town.pdna
Reading DNA file... phase_6/dna/storage_MM_town.pdna
Reading DNA file... phase_6/dna/minnies_melody_land_4300.pdna
