TTLocalizer: Running in language: English
OTPLocalizer: Running in language: English
Preloading suits...
Preloading Toon heads...
Preloading avatars...
{401000001: <toontown.distributed.ToontownDistrict.ToontownDistrict instance at 0x1995F7B0>}
__handleAvatarChooserDone: 100000070, 'Master Cool Cat', ('csl', 'ms', 'm', 'm', (0.3, 0.3, 0.35, 1.0), (0.28, 0.32, 0.72, 1.0), (0.3, 0.3, 0.35, 1.0), (0.3, 0.3, 0.35, 1.0), 111, 27, 98, 27, 41, 27), 3
entered wait for zone redirect
entered wait for set zone response - 2
Reading DNA file... phase_4/dna/storage.pdna
Reading DNA file... phase_3.5/dna/storage_interior.pdna
entered wait for zone redirect
entered wait for set zone response - 2
Reading DNA file... phase_4/dna/storage.pdna
Reading DNA file... phase_3.5/dna/storage_interior.pdna
entered wait for zone redirect
entered wait for set zone response - 2
entered wait for zone redirect
entered wait for set zone response - 2
Reading DNA file... phase_4/dna/storage.pdna
Reading DNA file... phase_3.5/dna/storage_interior.pdna
entered wait for zone redirect
entered wait for set zone response - 2
Reading DNA file... phase_4/dna/storage.pdna
Reading DNA file... phase_3.5/dna/storage_interior.pdna
{}
{401000001: <toontown.distributed.ToontownDistrict.ToontownDistrict instance at 0x2019AFA8>}
__handleAvatarChooserDone: 100000070, 'Master Cool Cat', ('csl', 'ms', 'm', 'm', (0.3, 0.3, 0.35, 1.0), (0.28, 0.32, 0.72, 1.0), (0.3, 0.3, 0.35, 1.0), (0.3, 0.3, 0.35, 1.0), 111, 27, 98, 27, 41, 27), 3
entered wait for zone redirect
entered wait for set zone response - 2
Reading DNA file... phase_4/dna/storage.pdna
Reading DNA file... phase_3.5/dna/storage_interior.pdna
entered wait for zone redirect
entered wait for set zone response - 2
spec = {'parentEntId': 10005, 'pos': LPoint3f(0, 0, 0)}
h = None
### newVec3 =  LVector3f(-6.10352e-005, 6.00003, 1.5)
### newVec3 =  LVector3f(-6.10352e-005, 6.00003, 0)
### newVec3 =  LVector3f(-6.10352e-005, 6.00003, 0.375)
### newVec3 =  LVector3f(-6.10352e-005, 6.00003, 0)
spec = {'parentEntId': 10060, 'pos': LPoint3f(0, 0, 0)}
h = None
chooseFireOpenShot <function allGroupLowShot at 0x143692F0>
chooseFireOpenShot <function avatarCloseUpThreeQuarterLeftFireShot at 0x14369B70>
Warning: NodePath.remove() is deprecated.  Use remove_node() instead.
spec = {'parentEntId': 10022, 'pos': LPoint3f(0, 0, 0)}
h = None
spec = {'parentEntId': 10000, 'pos': LPoint3f(0, 0, 0)}
h = None
### newVec3 =  LVector3f(2, 6.30003, 1.5)
### newVec3 =  LVector3f(2, 6.30003, 0)
### newVec3 =  LVector3f(2, 6.30003, 0.375)
### newVec3 =  LVector3f(2, 6.30003, 0)
../resources/phase_3/audio/sfx
../resources/phase_3.5/audio/sfx
../resources/phase_4/audio/sfx
../resources/phase_5/audio/sfx
/phase_3/audio/sfx
/phase_3.5/audio/sfx
/phase_4/audio/sfx
/phase_5/audio/sfx

spec = {'parentEntId': 10013, 'pos': LPoint3f(0, 0, 0)}
h = None
spec = {'parentEntId': 10000, 'pos': LPoint3f(0, 0, 0)}
h = None
chooseFireOpenShot <function suitGroupThreeQuarterLeftBehindShot at 0x14369470>
chooseFireOpenShot <function avatarCloseUpFireShot at 0x14369B30>
Warning: NodePath.remove() is deprecated.  Use remove_node() instead.
chooseFireOpenShot <function avatarCloseUpThreeQuarterRightShot at 0x143695B0>
chooseFireOpenShot <function suitGroupThreeQuarterLeftBehindShot at 0x14369470>
Warning: NodePath.remove() is deprecated.  Use remove_node() instead.
chooseFireOpenShot <function avatarCloseUpThreeQuarterRightShot at 0x143695B0>
chooseFireOpenShot <function avatarCloseUpFireShot at 0x14369B30>
Warning: NodePath.remove() is deprecated.  Use remove_node() instead.
chooseFireOpenShot <function avatarCloseUpThrowShot at 0x14369570>
chooseFireOpenShot <function avatarCloseUpFireShot at 0x14369B30>
Warning: NodePath.remove() is deprecated.  Use remove_node() instead.
entered wait for zone redirect
entered wait for set zone response - 2
entered wait for zone redirect
entered wait for set zone response - 2
Reading DNA file... phase_4/dna/storage.pdna
Reading DNA file... phase_3.5/dna/storage_interior.pdna
entered wait for zone redirect
entered wait for set zone response - 2
entered wait for zone redirect
entered wait for set zone response - 2
Laser Field initCollisionGeom
Laser Field initCollisionGeom
CollisionEntry:
  from render/Master Cool Cat-100000070/camFloorRayNode/ccRay2Node
  into render/stage401005110/ZoneEntity-0/-PandaNode/LB_Zone03a_egg/Collsion/stageFloorColl0 []
  at 2 -6.9125 -0.031492
  normal -0.000961985 0.000458579 0.999999
  respect_prev_transform = 0


CollisionEntry:
  from render/Master Cool Cat-100000070/camFloorRayNode/ccRay2Node
  into render/stage401005110/LB_connector_7cubeLR.egg/-PandaNode/LB_connector_7cubeLR_egg/collison/stageFloorColl1 []
  at 2 38.9403 0.302956
  normal 9.26614e-005 -0.421613 0.906776
  respect_prev_transform = 0


CollisionEntry:
  from render/Master Cool Cat-100000070/camFloorRayNode/ccRay2Node
  into render/stage401005110/LB_connector_7cubeLR.egg/-PandaNode/LB_connector_7cubeLR_egg/collison/stageFloorColl1 []
  at 2 44.0001 -0.0477905
  normal 0.000133877 0 1
  respect_prev_transform = 0


CollisionEntry:
  from render/Master Cool Cat-100000070/camFloorRayNode/ccRay2Node
  into render/stage401005110/LB_connector_7cubeLR.egg/-PandaNode/LB_connector_7cubeLR_egg/collison/stageFloorColl1 []
  at 1.023 52.7242 4.95148
  normal 6.5559e-005 0 1
  respect_prev_transform = 0


CollisionEntry:
  from render/Master Cool Cat-100000070/camFloorRayNode/ccRay2Node
  into render/stage401005110/ZoneEntity-0/-PandaNode/Z07_ALL/stageFloorColl2 []
  at 33.1273 112.248 4.95376
  normal 0 0 1
  respect_prev_transform = 0


CollisionEntry:
  from render/Master Cool Cat-100000070/camFloorRayNode/ccRay2Node
  into render/stage401005110/LB_connector_7cubeLR.egg/-PandaNode/LB_connector_7cubeLR_egg/collison/stageFloorColl3 []
  at -38.5144 182.318 12.6207
  normal 0 0.000133877 1
  respect_prev_transform = 0


CollisionEntry:
  from render/Master Cool Cat-100000070/camFloorRayNode/ccRay2Node
  into render/stage401005110/LB_connector_7cubeLR.egg/-PandaNode/LB_connector_7cubeLR_egg/collison/stageFloorColl3 []
  at -54.986 178.507 17.6201
  normal 0 6.5559e-005 1
  respect_prev_transform = 0


CollisionEntry:
  from render/Master Cool Cat-100000070/camFloorRayNode/ccRay2Node
  into render/stage401005110/ZoneEntity-0/-PandaNode/LB_Zone04a_egg/Z04/collision_lobby/stageFloorColl4 []
  at -113.584 214.509 17.619
  normal 0 0 1
  respect_prev_transform = 0


CollisionEntry:
  from render/Master Cool Cat-100000070/camFloorRayNode/ccRay2Node
  into render/stage401005110/LB_connector_7cubeL2.egg/-PandaNode/LB_connector_7cubeL2_egg/collison/stageFloorColl5 []
  at -249.068 205.711 17.6234
  normal 0 -0.0012142 0.999999
  respect_prev_transform = 0


CollisionEntry:
  from render/Master Cool Cat-100000070/camFloorRayNode/ccRay2Node
  into render/stage401005110/LB_connector_7cubeL2.egg/-PandaNode/LB_connector_7cubeL2_egg/collison/stageFloorColl5 []
  at -250.218 205.56 17.6706
  normal 0.420737 -0.00110176 0.907182
  respect_prev_transform = 0


CollisionEntry:
  from render/Master Cool Cat-100000070/camFloorRayNode/ccRay2Node
  into render/stage401005110/LB_connector_7cubeL2.egg/-PandaNode/LB_connector_7cubeL2_egg/collison/stageFloorColl5 []
  at -253.539 205.124 17.6227
  normal 0 -0.0012142 0.999999
  respect_prev_transform = 0


CollisionEntry:
  from render/Master Cool Cat-100000070/camFloorRayNode/ccRay2Node
  into render/stage401005110/LB_connector_7cubeL2.egg/-PandaNode/LB_connector_7cubeL2_egg/collison/stageFloorColl5 []
  at -263.712 202.228 22.6138
  normal 0.000218784 -0.000597282 1
  respect_prev_transform = 0


CollisionEntry:
  from render/Master Cool Cat-100000070/camFloorRayNode/ccRay2Node
  into render/stage401005110/ZoneEntity-0/-PandaNode/Z07_ALL/stageFloorColl6 []
  at -323.66 175.757 22.6092
  normal 0 0 1
  respect_prev_transform = 0


spec = {'parentEntId': 10000, 'pos': LPoint3f(0, 0, 0)}
h = None
chooseFireOpenShot <function avatarCloseUpThreeQuarterRightShot at 0x143695B0>
chooseFireOpenShot <function suitGroupThreeQuarterLeftBehindShot at 0x14369470>
Warning: NodePath.remove() is deprecated.  Use remove_node() instead.
chooseFireOpenShot <function avatarCloseUpThrowShot at 0x14369570>
chooseFireOpenShot <function avatarCloseUpThreeQuarterLeftFireShot at 0x14369B70>
Warning: NodePath.remove() is deprecated.  Use remove_node() instead.
chooseFireOpenShot <function avatarBehindShot at 0x143696F0>
chooseFireOpenShot <function avatarCloseUpFireShot at 0x14369B30>
Warning: NodePath.remove() is deprecated.  Use remove_node() instead.
chooseFireOpenShot <function avatarBehindShot at 0x143696F0>
chooseFireOpenShot <function suitGroupThreeQuarterLeftBehindShot at 0x14369470>
Warning: NodePath.remove() is deprecated.  Use remove_node() instead.
CollisionEntry:
  from render/Master Cool Cat-100000070/camFloorRayNode/ccRay2Node
  into render/stage401005110/LB_connector_7cubeL2.egg/-PandaNode/LB_connector_7cubeL2_egg/collison/stageFloorColl7 []
  at -395.431 110.629 30.2986
  normal 0.0012142 0 0.999999
  respect_prev_transform = 0


CollisionEntry:
  from render/Master Cool Cat-100000070/camFloorRayNode/ccRay2Node
  into render/stage401005110/LB_connector_7cubeL2.egg/-PandaNode/LB_connector_7cubeL2_egg/collison/stageFloorColl7 []
  at -392.933 108.55 30.6903
  normal 0.00110174 0.420737 0.907182
  respect_prev_transform = 0


CollisionEntry:
  from render/Master Cool Cat-100000070/camFloorRayNode/ccRay2Node
  into render/stage401005110/LB_connector_7cubeL2.egg/-PandaNode/LB_connector_7cubeL2_egg/collison/stageFloorColl7 []
  at -390.372 104.641 30.2924
  normal 0.0012142 0 0.999999
  respect_prev_transform = 0


CollisionEntry:
  from render/Master Cool Cat-100000070/camFloorRayNode/ccRay2Node
  into render/stage401005110/LB_connector_7cubeL2.egg/-PandaNode/LB_connector_7cubeL2_egg/collison/stageFloorColl7 []
  at -387.573 96.2918 35.2828
  normal 0.000597282 0.000218785 1
  respect_prev_transform = 0


CollisionEntry:
  from render/Master Cool Cat-100000070/camFloorRayNode/ccRay2Node
  into render/stage401005110/ZoneEntity-0/-PandaNode/Z22a/room/collsion/stageFloorColl8 []
  at -360.229 34.1385 35.1561
  normal 0 0 1
  respect_prev_transform = 0


spec = {'parentEntId': 10000, 'pos': LPoint3f(0, 0, 0)}
h = None
chooseFireOpenShot <function avatarBehindShot at 0x143696F0>
chooseFireOpenShot <function suitGroupThreeQuarterLeftBehindShot at 0x14369470>
Warning: NodePath.remove() is deprecated.  Use remove_node() instead.
