TTLocalizer: Running in language: English
OTPLocalizer: Running in language: English
Preloading suits...
Preloading Toon heads...
Preloading avatars...
{401000001: <toontown.distributed.ToontownDistrict.ToontownDistrict instance at 0x1BAE1B48>}
__handleAvatarChooserDone: 100000070, 'Master Cool Cat', ('csl', 'ms', 's', 'm', (0.3, 0.3, 0.35, 1.0), (1.0, 1.0, 1.0, 1.0), (0.3, 0.3, 0.35, 1.0), (0.3, 0.3, 0.35, 1.0), 111, 27, 98, 27, 41, 27), 3
entered wait for zone redirect
entered wait for set zone response - 2
Reading DNA file... phase_4/dna/storage.pdna
Reading DNA file... phase_3.5/dna/storage_interior.pdna
entered wait for zone redirect
entered wait for set zone response - 2
entered wait for zone redirect
entered wait for set zone response - 2
hit! 0.572132050991
hit! 0.899761795998
hit! 0.763919174671
hit! 0.929539263248
hit! 0.731008827686
hit! 0.989640653133
hit! 0.521359562874
hit! 0.599821150303
hit! 0.988466799259
hit! 0.977541744709
hit! 0.923562288284
hit! 0.942034423351
hit! 0.886929273605
hit! 0.97485268116
--not hard enough: -0.364514023066
hit! 0.961359798908
hit! 0.76463496685
hit! 0.787590026855
hit! 0.445205271244
hit! 0.767563462257
hit! 0.61668753624
hit! 0.742701292038
hit! 0.996670365334
hit! 0.60569447279
hit! 0.939706504345
hit! 0.893937706947
hit! 0.532483577728
hit! 0.990284323692
hit! 0.831601500511
hit! 0.994799971581
hit! 0.580553710461
hit! 0.987029373646
hit! 0.808615505695
hit! 0.933693230152
hit! 0.912310361862
hit! 0.967322289944
hit! 0.979148387909
hit! 0.755988717079
hit! 0.852186143398
hit! 0.873564064503
hit! 0.96881043911
hit! 0.903419137001
hit! 0.406206995249
hit! 0.949267208576
hit! 0.480961412191
hit! 0.988019406796
hit! 0.856113314629
hit! 0.979382693768
hit! 0.689137816429
hit! 0.347177326679
hit! 0.942513108253
hit! 0.78629142046
hit! 0.760597705841
--not hard enough: -0.464472293854
hit! 0.89307564497
hit! 0.996040642262
hit! 0.900560855865
hit! 0.882506430149
hit! 0.926765143871
hit! 0.967765629292
hit! 0.404633402824
hit! 0.363530784845
hit! 0.908598065376
--not hard enough: -0.041810657829
hit! 0.95548158884
hit! 0.997202634811
hit! 0.972447454929
--not hard enough: 0.0810365304351
hit! 0.442572146654
hit! 0.974436759949
hit! 0.93189316988
hit! 0.968630492687
hit! 0.873643517494
hit! 0.138387709856
hit! 0.98181438446
hit! 0.972240269184
hit! 0.577006101608
hit! 0.923644661903
hit! 0.291600346565
hit! 0.999866902828
hit! 0.238539218903
hit! 0.845486164093
hit! 0.895990908146
hit! 0.925507724285
hit! 0.965427994728
hit! 0.619744241238
hit! 0.92684262991
hit! 0.968155324459
hit! 0.951047301292
hit! 0.979333817959
hit! 0.951381444931
hit! 0.984300613403
hit! 0.918258428574
hit! 0.65405279398
hit! 0.744080543518
hit! 0.528155624866
hit! 0.974638581276
hit! 0.974649310112
hit! 0.679862856865
hit! 0.923489153385
hit! 0.911929428577
hit! 0.577299594879
hit! 0.872899711132
hit! 0.773143231869
hit! 0.752604842186
hit! 0.951052844524
hit! 0.780666172504
hit! 0.738325357437
hit! 0.921092152596
hit! 0.692142724991
hit! 0.52314388752
hit! 0.55498957634
hit! 0.893920242786
hit! 0.835574269295
hit! 0.58568996191
hit! 0.985079884529
hit! 0.391357570887
--not hard enough: -0.000841828121338
--not hard enough: 0.313541293144
hit! 0.960957586765
hit! 0.449329525232
hit! 0.814846873283
hit! 0.667729377747
hit! 0.788091003895
hit! 0.741124153137
hit! 0.873884856701
hit! 0.947650671005
hit! 0.908164381981
--not hard enough: 0.0417933799326
hit! 0.910777211189
hit! 0.749841630459
hit! 0.655070304871
hit! 0.294218689203
hit! 0.818077027798
hit! 0.915817916393
hit! 0.157576084137
hit! 0.906953215599
hit! 0.791932463646
hit! 0.798321485519
--not hard enough: 0.367477208376
hit! 0.519465267658
hit! 0.604791879654
hit! 0.790647923946
