TTLocalizer: Running in language: English
OTPLocalizer: Running in language: English
Preloading suits...
Preloading Toon heads...
Preloading avatars...
{401000001: <toontown.distributed.ToontownDistrict.ToontownDistrict instance at 0x18465558>}
__handleAvatarChooserDone: 100000070, 'Master Cool Cat', ('csl', 'ms', 'm', 'm', (0.3, 0.3, 0.35, 1.0), (0.28, 0.32, 0.72, 1.0), (0.3, 0.3, 0.35, 1.0), (0.3, 0.3, 0.35, 1.0), 111, 27, 98, 27, 41, 27), 3
entered wait for zone redirect
entered wait for set zone response - 2
Reading DNA file... phase_4/dna/storage.pdna
Reading DNA file... phase_3.5/dna/storage_interior.pdna
entered wait for zone redirect
entered wait for set zone response - 2
entered wait for zone redirect
entered wait for set zone response - 2
entered wait for zone redirect
entered wait for set zone response - 2
spec = {'parentEntId': 10000, 'pos': LPoint3f(0, 0, 0)}
h = None
entered wait for zone redirect
entered wait for set zone response - 2
entered wait for zone redirect
entered wait for set zone response - 2
spec = {'parentEntId': 10005, 'pos': LPoint3f(0, 0, 0)}
h = None
spec = {'parentEntId': 10060, 'pos': LPoint3f(0, 0, 0)}
h = None
spec = {'parentEntId': 10022, 'pos': LPoint3f(0, 0, 0)}
h = None
spec = {'parentEntId': 10000, 'pos': LPoint3f(0, 0, 0)}
h = None
spec = {'parentEntId': 10013, 'pos': LPoint3f(0, 0, 0)}
h = None
spec = {'parentEntId': 10040, 'pos': LPoint3f(0, 0, 0)}
h = None
spec = {'parentEntId': 10005, 'pos': LPoint3f(0, 0, 0)}
h = None
spec = {'parentEntId': 10002, 'pos': LPoint3f(0, 0, 0)}
h = None
spec = {'parentEntId': 10000, 'pos': LPoint3f(0, 0, 0)}
h = None
../resources/phase_3/audio/sfx
../resources/phase_3.5/audio/sfx
../resources/phase_4/audio/sfx
../resources/phase_5/audio/sfx
/phase_3/audio/sfx
/phase_3.5/audio/sfx
/phase_4/audio/sfx
/phase_5/audio/sfx

../resources/phase_3/audio/sfx
../resources/phase_3.5/audio/sfx
../resources/phase_4/audio/sfx
../resources/phase_5/audio/sfx
/phase_3/audio/sfx
/phase_3.5/audio/sfx
/phase_4/audio/sfx
/phase_5/audio/sfx

entered wait for zone redirect
entered wait for set zone response - 2
entered wait for zone redirect
entered wait for set zone response - 2
entered wait for zone redirect
entered wait for set zone response - 2
../resources/phase_3/audio/sfx
../resources/phase_3.5/audio/sfx
../resources/phase_4/audio/sfx
../resources/phase_5/audio/sfx
/phase_3/audio/sfx
/phase_3.5/audio/sfx
/phase_4/audio/sfx
/phase_5/audio/sfx

### newVec3 =  LVector3f(2.00002, 6.30001, 1.5)
### newVec3 =  LVector3f(2.00002, 6.30001, 0)
### newVec3 =  LVector3f(2.00002, 6.30001, 0.375)
### newVec3 =  LVector3f(2.00002, 6.30001, 0)
../resources/phase_3/audio/sfx
../resources/phase_3.5/audio/sfx
../resources/phase_4/audio/sfx
../resources/phase_5/audio/sfx
/phase_3/audio/sfx
/phase_3.5/audio/sfx
/phase_4/audio/sfx
/phase_5/audio/sfx

../resources/phase_3/audio/sfx
../resources/phase_3.5/audio/sfx
../resources/phase_4/audio/sfx
../resources/phase_5/audio/sfx
/phase_3/audio/sfx
/phase_3.5/audio/sfx
/phase_4/audio/sfx
/phase_5/audio/sfx

../resources/phase_3/audio/sfx
../resources/phase_3.5/audio/sfx
../resources/phase_4/audio/sfx
../resources/phase_5/audio/sfx
/phase_3/audio/sfx
/phase_3.5/audio/sfx
/phase_4/audio/sfx
/phase_5/audio/sfx

### newVec3 =  LVector3f(-1.99998, 6.3, 1.5)
### newVec3 =  LVector3f(-1.99998, 6.3, 0)
### newVec3 =  LVector3f(-1.99998, 6.3, 0.375)
### newVec3 =  LVector3f(-1.99998, 6.3, 0)
../resources/phase_3/audio/sfx
../resources/phase_3.5/audio/sfx
../resources/phase_4/audio/sfx
../resources/phase_5/audio/sfx
/phase_3/audio/sfx
/phase_3.5/audio/sfx
/phase_4/audio/sfx
/phase_5/audio/sfx

../resources/phase_3/audio/sfx
../resources/phase_3.5/audio/sfx
../resources/phase_4/audio/sfx
../resources/phase_5/audio/sfx
/phase_3/audio/sfx
/phase_3.5/audio/sfx
/phase_4/audio/sfx
/phase_5/audio/sfx

../resources/phase_3/audio/sfx
../resources/phase_3.5/audio/sfx
../resources/phase_4/audio/sfx
../resources/phase_5/audio/sfx
/phase_3/audio/sfx
/phase_3.5/audio/sfx
/phase_4/audio/sfx
/phase_5/audio/sfx

../resources/phase_3/audio/sfx
../resources/phase_3.5/audio/sfx
../resources/phase_4/audio/sfx
../resources/phase_5/audio/sfx
/phase_3/audio/sfx
/phase_3.5/audio/sfx
/phase_4/audio/sfx
/phase_5/audio/sfx

hit! 0.569940567017
--not hard enough: -0.0383297763765
hit! 0.9987860322
hit! 0.99744284153
hit! 0.59246301651
hit! 0.514376163483
hit! 0.712391912937
hit! 0.937580704689
hit! 0.576850354671
--not hard enough: -0.613823473454
hit! 0.873603463173
hit! 0.998152434826
hit! 0.524664103985
hit! 0.662123858929
hit! 0.815540313721
--not hard enough: -0.347628504038
hit! 0.944898843765
hit! 0.984726428986
hit! 0.952080130577
--not hard enough: -0.306599497795
hit! 0.950421631336
hit! 0.472766757011
hit! 0.7425339818
hit! 0.702207326889
hit! 0.142430365086
hit! 0.849856197834
hit! 0.500382721424
--not hard enough: -0.769893527031
hit! 0.93063557148
--not hard enough: 0.0115199796855
hit! 0.903937101364
hit! 0.655297398567
hit! 0.989214241505
hit! 0.93031257391
hit! 0.966520607471
hit! 0.999487757683
hit! 0.79684317112
hit! 0.662832796574
hit! 0.375414401293
hit! 0.554981291294
hit! 0.840086519718
hit! 0.968430161476
hit! 0.6146017313
hit! 0.748344182968
hit! 0.675848603249
hit! 0.430144667625
hit! 0.789424061775
hit! 0.657574594021
hit! 0.766147077084
hit! 0.325297176838
hit! 0.894382238388
hit! 0.975246071815
hit! 0.267362207174
hit! 0.728816151619
hit! 0.639195859432
hit! 0.780812799931
hit! 0.438171386719
hit! 0.885794937611
hit! 0.965819358826
hit! 0.833167493343
hit! 0.872471809387
hit! 0.972500145435
hit! 0.957526743412
hit! 0.639005601406
hit! 0.13302578032
hit! 0.858243107796
hit! 0.983548045158
hit! 0.870222210884
hit! 0.97014939785
hit! 0.916033983231
hit! 0.279633820057
hit! 0.912758111954
--not hard enough: 0.00476611219347
hit! 0.561620771885
hit! 0.949026465416
hit! 0.998126983643
hit! 0.955447614193
hit! 0.922506153584
hit! 0.830288410187
hit! 0.887199878693
hit! 0.675460457802
hit! 0.86330717802
hit! 0.974449157715
hit! 0.971152245998
hit! 0.87943226099
hit! 0.925253450871
hit! 0.881332278252
hit! 0.995782673359
hit! 0.296798914671
--not hard enough: -0.0960138142109
hit! 0.789772987366
hit! 0.41101744771
hit! 0.958737790585
hit! 0.985695362091
hit! 0.150083184242
--not hard enough: -0.20123462379
hit! 0.921994507313
--not hard enough: 0.476437687874
hit! 0.54178416729
hit! 0.943061769009
hit! 0.662517488003
hit! 0.440341204405
hit! 0.840188980103
hit! 0.394469678402
hit! 0.967069268227
hit! 0.940301835537
hit! 0.969498515129
hit! 0.904833495617
hit! 0.988078415394
hit! 0.968816995621
hit! 0.683709204197
hit! 0.999800980091
hit! 0.927090108395
hit! 0.645119786263
hit! 0.320250689983
