TTLocalizer: Running in language: English
OTPLocalizer: Running in language: English
Preloading suits...
Preloading Toon heads...
Preloading avatars...
{401000001: <toontown.distributed.ToontownDistrict.ToontownDistrict instance at 0x168749B8>}
__handleAvatarChooserDone: 100000070, 'Master Cool Cat', ('csl', 'ms', 'm', 'm', (0.3, 0.3, 0.35, 1.0), (0.28, 0.32, 0.72, 1.0), (0.3, 0.3, 0.35, 1.0), (0.3, 0.3, 0.35, 1.0), 111, 27, 98, 27, 41, 27), 3
entered wait for zone redirect
entered wait for set zone response - 2
Reading DNA file... phase_4/dna/storage.pdna
Reading DNA file... phase_3.5/dna/storage_interior.pdna
Reading DNA file... phase_4/dna/storage_TT.pdna
Reading DNA file... phase_4/dna/storage_TT_sz.pdna
Reading DNA file... phase_4/dna/toontown_central_sz.pdna
entered wait for zone redirect
entered wait for set zone response - 2
Reading DNA file... phase_4/dna/storage.pdna
Reading DNA file... phase_3.5/dna/storage_interior.pdna
entered wait for zone redirect
entered wait for set zone response - 2
entered wait for zone redirect
entered wait for set zone response - 2
spec = {'parentEntId': 10014, 'pos': LPoint3f(0, 0, 0)}
h = None
spec = {'parentEntId': 10030, 'pos': LPoint3f(0, 0, 0)}
h = None
spec = {'parentEntId': 10032, 'pos': LPoint3f(0, 0, 0)}
h = None
spec = {'parentEntId': 10032, 'pos': LPoint3f(0, 0, 0)}
h = None
### newVec3 =  LVector3f(-1.99997, 6.29996, 1.5)
### newVec3 =  LVector3f(-1.99997, 6.29996, 0)
### newVec3 =  LVector3f(-1.99997, 6.29996, 0.375)
### newVec3 =  LVector3f(-1.99997, 6.29996, 0)
spec = {'parentEntId': 10034, 'pos': LPoint3f(0, 0, 0)}
h = None
### newVec3 =  LVector3f(-2, 6.29999, 1.5)
### newVec3 =  LVector3f(-2, 6.29999, 0)
### newVec3 =  LVector3f(-2, 6.29999, 0.375)
### newVec3 =  LVector3f(-2, 6.29999, 0)
spec = {'parentEntId': 10662, 'pos': LPoint3f(0, 0, 0)}
h = None
spec = {'parentEntId': 20058, 'pos': LPoint3f(0, 0, 0)}
h = None
### newVec3 =  LVector3f(-1.99997, 6.3, 1.5)
### newVec3 =  LVector3f(-1.99997, 6.3, 0)
### newVec3 =  LVector3f(-1.99997, 6.3, 0.375)
### newVec3 =  LVector3f(-1.99997, 6.3, 0)
spec = {'parentEntId': 10047, 'pos': LPoint3f(0, 0, 0)}
h = None
### newVec3 =  LVector3f(2, 6.29999, 1.5)
### newVec3 =  LVector3f(2, 6.29999, 0)
### newVec3 =  LVector3f(2, 6.29999, 0.375)
### newVec3 =  LVector3f(2, 6.29999, 0)
spec = {'parentEntId': 10068, 'pos': LPoint3f(-20, -10, 0)}
h = None
### newVec3 =  LVector3f(2.00001, 6.30005, 1.5)
### newVec3 =  LVector3f(2.00001, 6.30005, 0)
### newVec3 =  LVector3f(2.00001, 6.30005, 0.375)
### newVec3 =  LVector3f(2.00001, 6.30005, 0)
spec = {'parentEntId': 10663, 'pos': LPoint3f(0, 0, 0)}
h = None
### newVec3 =  LVector3f(-2, 6.29999, 1.5)
### newVec3 =  LVector3f(-2, 6.29999, 0)
### newVec3 =  LVector3f(-2, 6.29999, 0.375)
### newVec3 =  LVector3f(-2, 6.29999, 0)
spec = {'parentEntId': 10064, 'pos': LPoint3f(0, 0, 0)}
h = None
chooseFireOpenShot <function avatarCloseUpThrowShot at 0x1242E130>
chooseFireOpenShot <function avatarCloseUpThreeQuarterLeftFireShot at 0x1242E6F0>
Warning: NodePath.remove() is deprecated.  Use remove_node() instead.
### newVec3 =  LVector3f(0, 6, 1.5)
### newVec3 =  LVector3f(0, 6, 0)
### newVec3 =  LVector3f(0, 6, 0.375)
### newVec3 =  LVector3f(0, 6, 0)
entered wait for zone redirect
entered wait for set zone response - 2
entered wait for zone redirect
entered wait for set zone response - 2
entered wait for zone redirect
entered wait for set zone response - 2
entered wait for zone redirect
entered wait for set zone response - 2
Reading DNA file... phase_4/dna/storage.pdna
Reading DNA file... phase_3.5/dna/storage_interior.pdna
entered wait for zone redirect
entered wait for set zone response - 2
entered wait for zone redirect
entered wait for set zone response - 2
hit! 0.998819112778
hit! 0.95294880867
--not hard enough: -0.0346919894218
hit! 0.985382437706
hit! 0.771340847015
hit! 0.858914613724
hit! 0.875034630299
hit! 0.963168442249
hit! 0.897743463516
hit! 0.519948661327
--not hard enough: -0.406480163336
hit! 0.293182343245
hit! 0.482187151909
hit! 0.9753023386
hit! 0.858957469463
hit! 0.71946811676
hit! 0.925959646702
hit! 0.846414089203
hit! 0.902798712254
hit! 0.966989338398
hit! 0.530873954296
hit! 0.98054921627
hit! 0.819309055805
hit! 0.296435236931
hit! 0.895667135715
hit! 0.912032544613
hit! 0.85066562891
hit! 0.8781016469
hit! 0.89300185442
hit! 0.899252295494
hit! 0.960426330566
--not hard enough: -0.659195840359
hit! 0.951372206211
hit! 0.964783549309
hit! 0.863473832607
hit! 0.480320185423
hit! 0.97113609314
hit! 0.89297068119
--not hard enough: -0.824678778648
hit! 0.823946177959
hit! 0.962089002132
hit! 0.998703956604
hit! 0.935157358646
hit! 0.668470263481
hit! 0.69061678648
hit! 0.897526562214
hit! 0.908461093903
hit! 0.99622297287
hit! 0.137028306723
hit! 0.62544387579
hit! 0.556188762188
hit! 0.652230203152
hit! 0.892406582832
--not hard enough: -0.607564330101
hit! 0.958060026169
hit! 0.96997910738
hit! 0.986636936665
hit! 0.955599188805
hit! 0.963467597961
hit! 0.79784232378
hit! 0.789866805077
hit! 0.951657235622
hit! 0.94784194231
hit! 0.99278897047
hit! 0.979426383972
hit! 0.755507946014
hit! 0.728390812874
hit! 0.829159319401
hit! 0.560008585453
hit! 0.818980932236
hit! 0.747178912163
hit! 0.187861219049
hit! 0.561262845993
hit! 0.588516831398
hit! 0.754563331604
hit! 0.825602829456
hit! 0.417383819818
hit! 0.761146843433
hit! 0.944145739079
hit! 0.797939181328
hit! 0.691822290421
--not hard enough: -0.263008952141
hit! 0.554439425468
hit! 0.387325376272
hit! 0.887497067451
hit! 0.679571866989
--not hard enough: 0.477285146713
hit! 0.963082611561
hit! 0.956870734692
--not hard enough: -0.111525960267
hit! 0.91873472929
hit! 0.985189795494
hit! 0.901286959648
hit! 0.864364564419
hit! 0.52557682991
hit! 0.989284873009
hit! 0.874153673649
hit! 0.425275146961
--not hard enough: -0.214439898729
hit! 0.487884193659
hit! 0.918481826782
hit! 0.964284479618
hit! 0.967394053936
hit! 0.590120196342
hit! 0.861287534237
hit! 0.626261353493
hit! 0.837663412094
hit! 0.30376124382
--not hard enough: -0.379878640175
hit! 0.274782419205
hit! 0.692239761353
hit! 0.959648132324
hit! 0.29392015934
hit! 0.951777279377
hit! 0.97792416811
hit! 0.813111007214
hit! 0.751812338829
hit! 0.683781445026
hit! 0.998412847519
hit! 0.934189617634
hit! 0.833735585213
hit! 0.903568685055
hit! 0.785072863102
hit! 0.549890875816
hit! 0.839627981186
hit! 0.696392655373
--not hard enough: -0.0223785433918
hit! 0.541076779366
hit! 0.774979710579
hit! 0.988510489464
hit! 0.972016870975
hit! 0.879224479198
hit! 0.757815778255
hit! 0.343246132135
hit! 0.992274463177
hit! 0.832680583
hit! 0.886473476887
--not hard enough: 0.292932093143
hit! 0.564278185368
hit! 0.822282850742
hit! 0.867995858192
hit! 0.309371113777
