TTLocalizer: Running in language: English
OTPLocalizer: Running in language: English
Preloading suits...
Preloading Toon heads...
Preloading avatars...
{401000001: <toontown.distributed.ToontownDistrict.ToontownDistrict instance at 0x19866B48>}
__handleAvatarChooserDone: 100000070, 'Master Cool Cat', ('csl', 'ms', 's', 'm', (0.3, 0.3, 0.35, 1.0), (1.0, 1.0, 1.0, 1.0), (0.3, 0.3, 0.35, 1.0), (0.3, 0.3, 0.35, 1.0), 111, 27, 98, 27, 41, 27), 3
entered wait for zone redirect
entered wait for set zone response - 2
Reading DNA file... phase_4/dna/storage.pdna
Reading DNA file... phase_3.5/dna/storage_interior.pdna
entered wait for zone redirect
entered wait for set zone response - 2
entered wait for zone redirect
entered wait for set zone response - 2
hit! 0.955206334591
hit! 0.991750121117
hit! 0.859791040421
hit! 0.953414678574
hit! 0.758392989635
hit! 0.944290518761
hit! 0.928744852543
hit! 0.53736358881
hit! 0.437267929316
hit! 0.741027295589
hit! 0.835217654705
hit! 0.846883356571
hit! 0.632798373699
hit! 0.998487353325
hit! 0.976812839508
hit! 0.733286380768
hit! 0.998517811298
hit! 0.675982832909
hit! 0.706903934479
--not hard enough: -0.399805128574
hit! 0.88140720129
hit! 0.446346521378
hit! 0.877967894077
hit! 0.732839643955
--not hard enough: -0.240536049008
hit! 0.997053444386
hit! 0.918365776539
hit! 0.82113802433
hit! 0.918239355087
hit! 0.132681697607
hit! 0.846972584724
hit! 0.734444618225
hit! 0.313914984465
hit! 0.344062685966
hit! 0.301663517952
hit! 0.953521966934
hit! 0.406151741743
hit! 0.647072076797
hit! 0.957104206085
hit! 0.482292950153
hit! 0.960121750832
hit! 0.998298048973
--not hard enough: 0.0851376056671
hit! 0.931582510471
hit! 0.992349922657
--not hard enough: 0.387377083302
hit! 0.974254131317
hit! 0.946871578693
--not hard enough: 0.0262742880732
hit! 0.912439227104
hit! 0.800293266773
hit! 0.958870053291
hit! 0.80371683836
hit! 0.870916545391
hit! 0.981821417809
hit! 0.563247203827
hit! 0.95923179388
hit! 0.889895558357
hit! 0.945765018463
--not hard enough: 0.354580610991
hit! 0.971163511276
hit! 0.969748735428
hit! 0.839639663696
hit! 0.930489063263
hit! 0.723518073559
hit! 0.940165102482
hit! 0.626207053661
hit! 0.591892361641
hit! 0.453004777431
hit! 0.592089116573
hit! 0.940905034542
--not hard enough: -0.00316390115768
hit! 0.990175902843
hit! 0.813287734985
hit! 0.995164394379
hit! 0.605534136295
hit! 0.935688555241
hit! 0.739130020142
hit! 0.912957191467
hit! 0.982190907001
hit! 0.888018131256
hit! 0.720808506012
hit! 0.826131403446
hit! 0.902333140373
hit! 0.948345243931
hit! 0.974799871445
hit! 0.905828714371
hit! 0.837721943855
hit! 0.768887162209
hit! 0.647543847561
hit! 0.747926831245
hit! 0.919387757778
hit! 0.96751087904
hit! 0.956028223038
hit! 0.612445354462
hit! 0.480406820774
hit! 0.986859023571
hit! 0.899761855602
--not hard enough: -0.705358922482
hit! 0.714083135128
hit! 0.637047111988
hit! 0.334764182568
hit! 0.55198174715
hit! 0.819656133652
hit! 0.529620051384
hit! 0.87305277586
hit! 0.254668742418
hit! 0.932255208492
hit! 0.932819545269
hit! 0.969591617584
hit! 0.929269194603
hit! 0.750508487225
hit! 0.871153593063
hit! 0.894575297832
hit! 0.983217060566
hit! 0.646882116795
hit! 0.999992489815
hit! 0.76860666275
hit! 0.423542767763
hit! 0.89940392971
--not hard enough: -0.0428048707545
hit! 0.804625809193
hit! 0.721399784088
--not hard enough: -0.560326159
hit! 0.861218690872
hit! 0.949893832207
hit! 0.617956101894
