TTLocalizer: Running in language: English
OTPLocalizer: Running in language: English
Preloading suits...
Preloading Toon heads...
Preloading avatars...
{401000001: <toontown.distributed.ToontownDistrict.ToontownDistrict instance at 0x19820760>}
__handleAvatarChooserDone: 100000015, 'King Bear', ('bss', 'ms', 's', 'm', (0.64, 0.35, 0.26, 1.0), (1.0, 1.0, 1.0, 1.0), (0.64, 0.35, 0.26, 1.0), (0.64, 0.35, 0.26, 1.0), 111, 27, 98, 27, 7, 10), 1
entered wait for zone redirect
entered wait for set zone response - 2
Reading DNA file... phase_4/dna/storage.pdna
Reading DNA file... phase_3.5/dna/storage_interior.pdna
Reading DNA file... phase_8/dna/storage_DL.pdna
Reading DNA file... phase_8/dna/storage_DL_sz.pdna
Reading DNA file... phase_8/dna/donalds_dreamland_sz.pdna
entered wait for zone redirect
entered wait for set zone response - 2
Reading DNA file... phase_4/dna/storage.pdna
Reading DNA file... phase_3.5/dna/storage_interior.pdna
entered wait for zone redirect
entered wait for set zone response - 2
entered wait for zone redirect
entered wait for set zone response - 2
entered wait for zone redirect
entered wait for set zone response - 2
entered wait for zone redirect
entered wait for set zone response - 2
entered wait for zone redirect
entered wait for set zone response - 2
entered wait for zone redirect
entered wait for set zone response - 2
hit! 0.851520001888
hit! 0.124379962683
--not hard enough: 0.0888639241457
hit! 0.531562387943
hit! 0.949916243553
hit! 0.198515802622
hit! 0.861762404442
hit! 0.565654814243
hit! 0.94830685854
hit! 0.909340441227
hit! 0.646437585354
hit! 0.90666437149
hit! 0.603665947914
--not hard enough: 0.169042512774
hit! 0.403224736452
hit! 0.905103087425
hit! 0.546830356121
hit! 0.636047780514
hit! 0.436350017786
hit! 0.473096936941
hit! 0.998120486736
hit! 0.166453927755
hit! 0.907912254333
hit! 0.662176370621
hit! 0.986036419868
hit! 0.696644306183
hit! 0.866164267063
--not hard enough: -0.0350531339645
hit! 0.632281601429
hit! 0.513032376766
hit! 0.871446192265
hit! 0.953070223331
--not hard enough: -0.201844424009
hit! 0.924900531769
hit! 0.99547201395
hit! 0.954371869564
hit! 0.150427013636
hit! 0.981067538261
hit! 0.348187446594
hit! 0.998411774635
hit! 0.429977208376
hit! 0.881220757961
hit! 0.347903072834
hit! 0.523151278496
hit! 0.90652692318
hit! 0.692241668701
hit! 0.980741918087
hit! 0.998407542706
hit! 0.353575617075
hit! 0.964586734772
hit! 0.931042850018
hit! 0.596129715443
hit! 0.692682981491
hit! 0.926481902599
hit! 0.989990055561
hit! 0.823433578014
hit! 0.500203430653
hit! 0.951305925846
hit! 0.458427846432
hit! 0.884468913078
hit! 0.174343839288
hit! 0.24114215374
hit! 0.362311244011
hit! 0.857496976852
hit! 0.89940071106
hit! 0.993368923664
hit! 0.628488123417
hit! 0.742375314236
hit! 0.0747807472944
hit! 0.500223219395
hit! 0.899650394917
hit! 0.654282748699
hit! 0.529727041721
hit! 0.744135797024
--not hard enough: -0.529075145721
hit! 0.928536236286
hit! 0.793265104294
hit! 0.560491919518
hit! 0.976174354553
hit! 0.24852578342
hit! 0.901149988174
hit! 0.851133584976
hit! 0.944735527039
hit! 0.955583035946
hit! 0.596096754074
--not hard enough: 0.331871837378
hit! 0.101980239153
hit! 0.964535176754
hit! 0.489756673574
hit! 0.982447624207
hit! 0.365606188774
--not hard enough: -0.59521150589
hit! 0.96475237608
hit! 0.800155997276
hit! 0.896849870682
--not hard enough: -0.0253368038684
hit! 0.979131639004
hit! 0.703439116478
hit! 0.570345401764
hit! 0.81919336319
hit! 0.905643522739
hit! 0.144943132997
hit! 0.658561944962
hit! 0.857437193394
hit! 0.152845919132
hit! 0.850788533688
hit! 0.81142115593
hit! 0.989637196064
--not hard enough: -0.106541544199
hit! 0.427836179733
hit! 0.999153852463
hit! 0.960575580597
hit! 0.995712757111
hit! 0.342783659697
hit! 0.159518182278
hit! 0.817463696003
hit! 0.892870724201
hit! 0.966888129711
hit! 0.99361872673
hit! 0.847946345806
hit! 0.907625555992
hit! 0.783364295959
hit! 0.557657718658
--not hard enough: -0.465499430895
hit! 0.878384590149
hit! 0.680034399033
hit! 0.446448773146
hit! 0.903172194958
hit! 0.745991647243
--not hard enough: 0.455073684454
hit! 0.811640501022
entered wait for zone redirect
entered wait for set zone response - 2
Reading DNA file... phase_4/dna/storage.pdna
Reading DNA file... phase_3.5/dna/storage_interior.pdna
Reading DNA file... phase_8/dna/storage_DL.pdna
Reading DNA file... phase_8/dna/storage_DL_sz.pdna
Reading DNA file... phase_8/dna/donalds_dreamland_sz.pdna
{401000001: <toontown.distributed.ToontownDistrict.ToontownDistrict instance at 0x19820760>}
__handleAvatarChooserDone: 100000015, 'King Bear', ('bss', 'ms', 's', 'm', (0.64, 0.35, 0.26, 1.0), (1.0, 1.0, 1.0, 1.0), (0.64, 0.35, 0.26, 1.0), (0.64, 0.35, 0.26, 1.0), 111, 27, 98, 27, 7, 10), 1
entered wait for zone redirect
entered wait for set zone response - 2
Reading DNA file... phase_4/dna/storage.pdna
Reading DNA file... phase_3.5/dna/storage_interior.pdna
Reading DNA file... phase_8/dna/storage_DL.pdna
Reading DNA file... phase_8/dna/storage_DL_sz.pdna
Reading DNA file... phase_8/dna/donalds_dreamland_sz.pdna
