TTLocalizer: Running in language: English
OTPLocalizer: Running in language: English
Preloading suits...
Preloading Toon heads...
Preloading avatars...
{401000001: <toontown.distributed.ToontownDistrict.ToontownDistrict instance at 0x197F0760>}
__handleAvatarChooserDone: 100000015, 'Jeprody Noob', ('bss', 'ms', 's', 'm', (0.64, 0.35, 0.26, 1.0), (0.3, 0.3, 0.35, 1.0), (0.64, 0.35, 0.26, 1.0), (0.64, 0.35, 0.26, 1.0), 111, 27, 98, 27, 7, 10), 1
entered wait for zone redirect
entered wait for set zone response - 2
Reading DNA file... phase_4/dna/storage.pdna
Reading DNA file... phase_3.5/dna/storage_interior.pdna
entered wait for zone redirect
entered wait for set zone response - 2
Reading DNA file... phase_4/dna/storage.pdna
Reading DNA file... phase_3.5/dna/storage_interior.pdna
entered wait for zone redirect
entered wait for set zone response - 2
entered wait for zone redirect
entered wait for set zone response - 2
entered wait for zone redirect
entered wait for set zone response - 2
entered wait for zone redirect
entered wait for set zone response - 2
Traceback (most recent call last):
  File "C:\Users\Jedi\Desktop\ToontownAwesome 4.0\toontown\toonbase\ToontownStart.py", line 50, in __inject_wx
    exec(code, globals())
  File "<string>", line 1, in <module>
NameError: name 'flip' is not defined
Traceback (most recent call last):
  File "C:\Users\Jedi\Desktop\ToontownAwesome 4.0\toontown\toonbase\ToontownStart.py", line 50, in __inject_wx
    exec(code, globals())
  File "<string>", line 1, in <module>
NameError: name 'flip' is not defined
chooseFireOpenShot <function avatarCloseUpThreeQuarterRightShot at 0x153667B0>
chooseFireOpenShot <function avatarCloseUpThreeQuarterLeftFireShot at 0x15366D30>
Warning: NodePath.remove() is deprecated.  Use remove_node() instead.
### newVec3 =  LVector3f(2, 6.3, 1.5)
### newVec3 =  LVector3f(2, 6.3, 0)
### newVec3 =  LVector3f(2, 6.3, 0.375)
### newVec3 =  LVector3f(2, 6.3, 0)
### newVec3 =  LVector3f(-2, 6.3, 1.5)
### newVec3 =  LVector3f(-2, 6.3, 0)
### newVec3 =  LVector3f(-2, 6.3, 0.375)
### newVec3 =  LVector3f(-2, 6.3, 0)
entered wait for zone redirect
entered wait for set zone response - 2
Reading DNA file... phase_4/dna/storage.pdna
Reading DNA file... phase_3.5/dna/storage_interior.pdna
Reading DNA file... phase_8/dna/storage_DG.pdna
Reading DNA file... phase_8/dna/storage_DG_sz.pdna
Reading DNA file... phase_8/dna/daisys_garden_sz.pdna
