TTLocalizer: Running in language: English
OTPLocalizer: Running in language: English
Preloading suits...
Preloading Toon heads...
Preloading avatars...
{401000001: <toontown.distributed.ToontownDistrict.ToontownDistrict instance at 0x179296E8>}
__handleAvatarChooserDone: 100000070, 'Master Cool Cat', ('csl', 'ms', 's', 'm', (0.3, 0.3, 0.35, 1.0), (1.0, 1.0, 1.0, 1.0), (0.3, 0.3, 0.35, 1.0), (0.3, 0.3, 0.35, 1.0), 111, 27, 98, 27, 41, 27), 3
entered wait for zone redirect
entered wait for set zone response - 2
Reading DNA file... phase_4/dna/storage.pdna
Reading DNA file... phase_3.5/dna/storage_interior.pdna
entered wait for zone redirect
entered wait for set zone response - 2
entered wait for zone redirect
entered wait for set zone response - 2
Reading DNA file... phase_4/dna/storage.pdna
Reading DNA file... phase_3.5/dna/storage_interior.pdna
entered wait for zone redirect
entered wait for set zone response - 2
entered wait for zone redirect
entered wait for set zone response - 2
hit! 0.575015246868
--not hard enough: 0.0158231016248
hit! 0.997379124165
hit! 0.118367597461
hit! 0.361043900251
hit! 0.715807676315
hit! 0.457224011421
hit! 0.869618117809
hit! 0.650498151779
hit! 0.626569092274
hit! 0.814884662628
hit! 0.876902520657
hit! 0.797128796577
hit! 0.881131827831
hit! 0.820135056973
hit! 0.929950237274
hit! 0.917736947536
hit! 0.963616609573
hit! 0.99725651741
hit! 0.918726742268
hit! 0.878034949303
hit! 0.942028641701
hit! 0.613550305367
hit! 0.817401885986
hit! 0.336894184351
hit! 0.182682871819
hit! 0.998616755009
hit! 0.394068568945
hit! 0.43250387907
hit! 0.460036218166
hit! 0.689303636551
hit! 0.881408989429
hit! 0.64756333828
hit! 0.50940155983
hit! 0.942242741585
hit! 0.90184867382
hit! 0.601543962955
hit! 0.916707277298
hit! 0.966879308224
hit! 0.374247640371
hit! 0.58619427681
hit! 0.625936210155
hit! 0.841001629829
hit! 0.962270796299
hit! 0.912995219231
hit! 0.966813385487
hit! 0.373040378094
hit! 0.980270087719
--not hard enough: -0.162249341607
hit! 0.715489566326
hit! 0.348269015551
--not hard enough: -0.141724020243
hit! 0.502430737019
hit! 0.986724793911
hit! 0.884462356567
hit! 0.981932640076
hit! 0.93941038847
hit! 0.917377769947
hit! 0.807361006737
hit! 0.913187086582
hit! 0.937353312969
--not hard enough: -0.000363241648301
hit! 0.96274805069
hit! 0.510055363178
hit! 0.470417529345
hit! 0.905130445957
hit! 0.690259039402
