TTLocalizer: Running in language: English
OTPLocalizer: Running in language: English
Preloading suits...
Preloading Toon heads...
Preloading avatars...
{401000001: <toontown.distributed.ToontownDistrict.ToontownDistrict instance at 0x14836620>}
__handleAvatarChooserDone: 100000181, 'Boris', ('csl', 'ls', 's', 'm', (0.64, 0.35, 0.26, 1.0), (1.0, 1.0, 1.0, 1.0), (0.64, 0.35, 0.26, 1.0), (0.64, 0.35, 0.26, 1.0), 8, 27, 5, 27, 3, 27), 0
entered wait for zone redirect
entered wait for set zone response - 2
Reading DNA file... phase_4/dna/storage.pdna
Reading DNA file... phase_3.5/dna/storage_interior.pdna
entered wait for zone redirect
entered wait for set zone response - 2
Reading DNA file... phase_4/dna/storage.pdna
Reading DNA file... phase_3.5/dna/storage_interior.pdna
Reading DNA file... phase_8/dna/storage_DL.pdna
Reading DNA file... phase_5/dna/storage_town.pdna
Reading DNA file... phase_8/dna/storage_DL_town.pdna
Reading DNA file... phase_8/dna/donalds_dreamland_9200.pdna
entered wait for zone redirect
entered wait for set zone response - 2
Reading DNA file... phase_4/dna/storage.pdna
Reading DNA file... phase_3.5/dna/storage_interior.pdna
Reading DNA file... phase_8/dna/storage_DL.pdna
Reading DNA file... phase_5/dna/storage_town.pdna
Reading DNA file... phase_8/dna/storage_DL_town.pdna
Reading DNA file... phase_8/dna/donalds_dreamland_9200.pdna
entered wait for zone redirect
entered wait for set zone response - 2
Reading DNA file... phase_4/dna/storage.pdna
Reading DNA file... phase_3.5/dna/storage_interior.pdna
Reading DNA file... phase_8/dna/storage_DL.pdna
Reading DNA file... phase_5/dna/storage_town.pdna
Reading DNA file... phase_8/dna/storage_DL_town.pdna
Reading DNA file... phase_8/dna/donalds_dreamland_9200.pdna
entered wait for zone redirect
entered wait for set zone response - 2
Reading DNA file... phase_4/dna/storage.pdna
Reading DNA file... phase_3.5/dna/storage_interior.pdna
Reading DNA file... phase_8/dna/storage_DL.pdna
Reading DNA file... phase_5/dna/storage_town.pdna
Reading DNA file... phase_8/dna/storage_DL_town.pdna
Reading DNA file... phase_8/dna/donalds_dreamland_9200.pdna
entered wait for zone redirect
entered wait for set zone response - 2
Reading DNA file... phase_4/dna/storage.pdna
Reading DNA file... phase_3.5/dna/storage_interior.pdna
Reading DNA file... phase_4/dna/storage_TT.pdna
Reading DNA file... phase_4/dna/storage_TT_sz.pdna
Reading DNA file... phase_4/dna/toontown_central_sz.pdna
entered wait for zone redirect
entered wait for set zone response - 2
Reading DNA file... phase_4/dna/storage.pdna
Reading DNA file... phase_3.5/dna/storage_interior.pdna
Reading DNA file... phase_8/dna/storage_DL.pdna
Reading DNA file... phase_8/dna/storage_DL_sz.pdna
Reading DNA file... phase_8/dna/donalds_dreamland_sz.pdna
entered wait for zone redirect
entered wait for set zone response - 2
Reading DNA file... phase_5/dna/storage_town.pdna
Reading DNA file... phase_8/dna/storage_DL_town.pdna
Reading DNA file... phase_8/dna/donalds_dreamland_9100.pdna
entered wait for zone redirect
entered wait for set zone response - 2
entered wait for zone redirect
entered wait for set zone response - 2
Reading DNA file... phase_5/dna/storage_town.pdna
Reading DNA file... phase_8/dna/storage_DL_town.pdna
Reading DNA file... phase_8/dna/donalds_dreamland_9100.pdna
entered wait for zone redirect
entered wait for set zone response - 2
entered wait for zone redirect
entered wait for set zone response - 2
Reading DNA file... phase_4/dna/storage.pdna
Reading DNA file... phase_3.5/dna/storage_interior.pdna
Reading DNA file... phase_8/dna/storage_DL.pdna
Reading DNA file... phase_5/dna/storage_town.pdna
Reading DNA file... phase_8/dna/storage_DL_town.pdna
Reading DNA file... phase_8/dna/donalds_dreamland_9100.pdna
entered wait for zone redirect
entered wait for set zone response - 2
Reading DNA file... phase_4/dna/storage.pdna
Reading DNA file... phase_3.5/dna/storage_interior.pdna
Reading DNA file... phase_8/dna/storage_DL.pdna
Reading DNA file... phase_5/dna/storage_town.pdna
Reading DNA file... phase_8/dna/storage_DL_town.pdna
Reading DNA file... phase_8/dna/donalds_dreamland_9200.pdna
entered wait for zone redirect
entered wait for set zone response - 2
Reading DNA file... phase_4/dna/storage.pdna
Reading DNA file... phase_3.5/dna/storage_interior.pdna
Reading DNA file... phase_8/dna/storage_DL.pdna
Reading DNA file... phase_5/dna/storage_town.pdna
Reading DNA file... phase_8/dna/storage_DL_town.pdna
Reading DNA file... phase_8/dna/donalds_dreamland_9100.pdna
entered wait for zone redirect
entered wait for set zone response - 2
Reading DNA file... phase_4/dna/storage.pdna
Reading DNA file... phase_3.5/dna/storage_interior.pdna
Reading DNA file... phase_8/dna/storage_DL.pdna
Reading DNA file... phase_5/dna/storage_town.pdna
Reading DNA file... phase_8/dna/storage_DL_town.pdna
Reading DNA file... phase_8/dna/donalds_dreamland_9200.pdna
entered wait for zone redirect
entered wait for set zone response - 2
Reading DNA file... phase_8/dna/storage_DL_sz.pdna
Reading DNA file... phase_8/dna/donalds_dreamland_sz.pdna
entered wait for zone redirect
entered wait for set zone response - 2
entered wait for zone redirect
entered wait for set zone response - 2
entered wait for zone redirect
entered wait for set zone response - 2
Reading DNA file... phase_5/dna/storage_town.pdna
Reading DNA file... phase_8/dna/storage_DL_town.pdna
Reading DNA file... phase_8/dna/donalds_dreamland_9200.pdna
entered wait for zone redirect
entered wait for set zone response - 2
../resources/phase_3/audio/sfx
../resources/phase_3.5/audio/sfx
../resources/phase_4/audio/sfx
../resources/phase_5/audio/sfx
/phase_3/audio/sfx
/phase_3.5/audio/sfx
/phase_4/audio/sfx
/phase_5/audio/sfx

../resources/phase_3/audio/sfx
../resources/phase_3.5/audio/sfx
../resources/phase_4/audio/sfx
../resources/phase_5/audio/sfx
/phase_3/audio/sfx
/phase_3.5/audio/sfx
/phase_4/audio/sfx
/phase_5/audio/sfx

../resources/phase_3/audio/sfx
../resources/phase_3.5/audio/sfx
../resources/phase_4/audio/sfx
../resources/phase_5/audio/sfx
/phase_3/audio/sfx
/phase_3.5/audio/sfx
/phase_4/audio/sfx
/phase_5/audio/sfx

../resources/phase_3/audio/sfx
../resources/phase_3.5/audio/sfx
../resources/phase_4/audio/sfx
../resources/phase_5/audio/sfx
/phase_3/audio/sfx
/phase_3.5/audio/sfx
/phase_4/audio/sfx
/phase_5/audio/sfx

../resources/phase_3/audio/sfx
../resources/phase_3.5/audio/sfx
../resources/phase_4/audio/sfx
../resources/phase_5/audio/sfx
/phase_3/audio/sfx
/phase_3.5/audio/sfx
/phase_4/audio/sfx
/phase_5/audio/sfx

Exception occurred while processing Func-__handleBuildingRewardDone-12333 of movie-reward-track-with-cam-401005605:
movie-reward-track-with-cam-401005605:
  0.000 movie-reward-track-with-cam-401005605 {
  0.000   movie-reward-track-401005605 {
  0.000     Sequence-9067 {
  0.000       Parallel-9078 {
  0.000         Sequence-9069 {
  0.000           *Func-show-11596
  0.000           *Func-setOnscreenChatForced-11597
  0.000           *Func-_setupSkipListen-11598
  0.000           *Func-_teardownSkipListen-12009
  0.000           *Func-_setupSkipListen-12010
  0.000           Sequence-9072 {
  0.000             *Func-initGagFrame-11599
  0.000             Wait dur 1
  1.000             *Func-showTrackIncLabel-11600
  1.000             *Func-incrementExp-11601
  1.000             Wait dur 0.1
  1.100             *Func-incrementExp-11602
  1.100             Wait dur 0.1
  1.200             *Func-incrementExp-11603
  1.200             Wait dur 0.1
  1.300             *Func-incrementExp-11604
  1.300             Wait dur 0.1
  1.400             *Func-incrementExp-11605
  1.400             Wait dur 0.1
  1.500             *Func-incrementExp-11606
  1.500             Wait dur 0.1
  1.600             *Func-incrementExp-11607
  1.600             Wait dur 0.1
  1.700             *Func-incrementExp-11608
  1.700             Wait dur 0.1
  1.800             *Func-incrementExp-11609
  1.800             Wait dur 0.1
  1.900             *Func-incrementExp-11610
  1.900             Wait dur 0.1
  2.000             *Func-incrementExp-11611
  2.000             Wait dur 0.1
  2.100             *Func-incrementExp-11612
  2.100             Wait dur 0.1
  2.200             *Func-incrementExp-11613
  2.200             Wait dur 0.1
  2.300             *Func-incrementExp-11614
  2.300             Wait dur 0.1
  2.400             *Func-incrementExp-11615
  2.400             Wait dur 0.1
  2.500             *Func-incrementExp-11616
  2.500             Wait dur 0.1
  2.600             *Func-incrementExp-11617
  2.600             Wait dur 0.1
  2.700             *Func-incrementExp-11618
  2.700             Wait dur 0.1
  2.800             *Func-incrementExp-11619
  2.800             Wait dur 0.1
  2.900             *Func-incrementExp-11620
  2.900             Wait dur 0.1
  3.000             *Func-incrementExp-11621
  3.000             Wait dur 0.1
  3.100             *Func-incrementExp-11622
  3.100             Wait dur 0.1
  3.200             *Func-incrementExp-11623
  3.200             Wait dur 0.1
  3.300             *Func-incrementExp-11624
  3.300             Wait dur 0.1
  3.400             *Func-incrementExp-11625
  3.400             Wait dur 0.1
  3.500             *Func-incrementExp-11626
  3.500             Wait dur 0.1
  3.600             *Func-incrementExp-11627
  3.600             Wait dur 0.1
  3.700             *Func-incrementExp-11628
  3.700             Wait dur 0.1
  3.800             *Func-incrementExp-11629
  3.800             Wait dur 0.1
  3.900             *Func-incrementExp-11630
  3.900             Wait dur 0.1
  4.000             *Func-incrementExp-11631
  4.000             Wait dur 0.1
  4.100             *Func-incrementExp-11632
  4.100             Wait dur 0.1
  4.200             *Func-incrementExp-11633
  4.200             Wait dur 0.1
  4.300             *Func-incrementExp-11634
  4.300             Wait dur 0.1
  4.400             *Func-incrementExp-11635
  4.400             Wait dur 0.1
  4.500             *Func-incrementExp-11636
  4.500             Wait dur 0.1
  4.600             *Func-incrementExp-11637
  4.600             Wait dur 0.1
  4.700             *Func-incrementExp-11638
  4.700             Wait dur 0.1
  4.800             *Func-incrementExp-11639
  4.800             Wait dur 0.1
  4.900             *Func-incrementExp-11640
  4.900             Wait dur 0.1
  5.000             *Func-incrementExp-11641
  5.000             Wait dur 0.1
  5.100             *Func-incrementExp-11642
  5.100             Wait dur 0.1
  5.200             *Func-resetBarColor-11643
  5.200             Wait dur 0.1
  5.300             *Func-showTrackIncLabel-11644
  5.300             *Func-incrementExp-11645
  5.300             Wait dur 0.1
  5.400             *Func-incrementExp-11646
  5.400             Wait dur 0.1
  5.500             *Func-incrementExp-11647
  5.500             Wait dur 0.1
  5.600             *Func-incrementExp-11648
  5.600             Wait dur 0.1
  5.700             *Func-incrementExp-11649
  5.700             Wait dur 0.1
  5.800             *Func-incrementExp-11650
  5.800             Wait dur 0.1
  5.900             *Func-incrementExp-11651
  5.900             Wait dur 0.1
  6.000             *Func-incrementExp-11652
  6.000             Wait dur 0.1
  6.100             *Func-incrementExp-11653
  6.100             Wait dur 0.1
  6.200             *Func-incrementExp-11654
  6.200             Wait dur 0.1
  6.300             *Func-incrementExp-11655
  6.300             Wait dur 0.1
  6.400             *Func-incrementExp-11656
  6.400             Wait dur 0.1
  6.500             *Func-incrementExp-11657
  6.500             Wait dur 0.1
  6.600             *Func-incrementExp-11658
  6.600             Wait dur 0.1
  6.700             *Func-incrementExp-11659
  6.700             Wait dur 0.1
  6.800             *Func-incrementExp-11660
  6.800             Wait dur 0.1
  6.900             *Func-incrementExp-11661
  6.900             Wait dur 0.1
  7.000             *Func-incrementExp-11662
  7.000             Wait dur 0.1
  7.100             *Func-incrementExp-11663
  7.100             Wait dur 0.1
  7.200             *Func-incrementExp-11664
  7.200             Wait dur 0.1
  7.300             *Func-incrementExp-11665
  7.300             Wait dur 0.1
  7.400             *Func-incrementExp-11666
  7.400             Wait dur 0.1
  7.500             *Func-incrementExp-11667
  7.500             Wait dur 0.1
  7.600             *Func-incrementExp-11668
  7.600             Wait dur 0.1
  7.700             *Func-incrementExp-11669
  7.700             Wait dur 0.1
  7.800             *Func-incrementExp-11670
  7.800             Wait dur 0.1
  7.900             *Func-incrementExp-11671
  7.900             Wait dur 0.1
  8.000             *Func-incrementExp-11672
  8.000             Wait dur 0.1
  8.100             *Func-incrementExp-11673
  8.100             Wait dur 0.1
  8.200             *Func-incrementExp-11674
  8.200             Wait dur 0.1
  8.300             *Func-incrementExp-11675
  8.300             Wait dur 0.1
  8.400             *Func-incrementExp-11676
  8.400             Wait dur 0.1
  8.500             *Func-resetBarColor-11677
  8.500             Wait dur 0.1
  8.600             *Func-showTrackIncLabel-11678
  8.600             *Func-incrementExp-11679
  8.600             Wait dur 0.1
  8.700             *Func-incrementExp-11680
  8.700             Wait dur 0.1
  8.800             *Func-incrementExp-11681
  8.800             Wait dur 0.1
  8.900             *Func-incrementExp-11682
  8.900             Wait dur 0.1
  9.000             *Func-incrementExp-11683
  9.000             Wait dur 0.1
  9.100             *Func-incrementExp-11684
  9.100             Wait dur 0.1
  9.200             *Func-incrementExp-11685
  9.200             Wait dur 0.1
  9.300             *Func-incrementExp-11686
  9.300             Wait dur 0.1
  9.400             *Func-incrementExp-11687
  9.400             Wait dur 0.1
  9.500             *Func-incrementExp-11688
  9.500             Wait dur 0.1
  9.600             *Func-incrementExp-11689
  9.600             Wait dur 0.1
  9.700             *Func-incrementExp-11690
  9.700             Wait dur 0.1
  9.800             *Func-incrementExp-11691
  9.800             Wait dur 0.1
  9.900             *Func-incrementExp-11692
  9.900             Wait dur 0.1
 10.000             *Func-incrementExp-11693
 10.000             Wait dur 0.1
 10.100             *Func-incrementExp-11694
 10.100             Wait dur 0.1
 10.200             *Func-incrementExp-11695
 10.200             Wait dur 0.1
 10.300             *Func-incrementExp-11696
 10.300             Wait dur 0.1
 10.400             *Func-incrementExp-11697
 10.400             Wait dur 0.1
 10.500             *Func-incrementExp-11698
 10.500             Wait dur 0.1
 10.600             *Func-incrementExp-11699
 10.600             Wait dur 0.1
 10.700             *Func-incrementExp-11700
 10.700             Wait dur 0.1
 10.800             *Func-incrementExp-11701
 10.800             Wait dur 0.1
 10.900             *Func-incrementExp-11702
 10.900             Wait dur 0.1
 11.000             *Func-incrementExp-11703
 11.000             Wait dur 0.1
 11.100             *Func-incrementExp-11704
 11.100             Wait dur 0.1
 11.200             *Func-incrementExp-11705
 11.200             Wait dur 0.1
 11.300             *Func-incrementExp-11706
 11.300             Wait dur 0.1
 11.400             *Func-incrementExp-11707
 11.400             Wait dur 0.1
 11.500             *Func-incrementExp-11708
 11.500             Wait dur 0.1
 11.600             *Func-incrementExp-11709
 11.600             Wait dur 0.1
 11.700             *Func-incrementExp-11710
 11.700             Wait dur 0.1
 11.800             *Func-incrementExp-11711
 11.800             Wait dur 0.1
 11.900             *Func-incrementExp-11712
 11.900             Wait dur 0.1
 12.000             *Func-incrementExp-11713
 12.000             Wait dur 0.1
 12.100             *Func-incrementExp-11714
 12.100             Wait dur 0.1
 12.200             *Func-incrementExp-11715
 12.200             Wait dur 0.1
 12.300             *Func-incrementExp-11716
 12.300             Wait dur 0.1
 12.400             *Func-incrementExp-11717
 12.400             Wait dur 0.1
 12.500             *Func-incrementExp-11718
 12.500             Wait dur 0.1
 12.600             *Func-incrementExp-11719
 12.600             Wait dur 0.1
 12.700             *Func-incrementExp-11720
 12.700             Wait dur 0.1
 12.800             *Func-incrementExp-11721
 12.800             Wait dur 0.1
 12.900             *Func-incrementExp-11722
 12.900             Wait dur 0.1
 13.000             *Func-incrementExp-11723
 13.000             Wait dur 0.1
 13.100             *Func-incrementExp-11724
 13.100             Wait dur 0.1
 13.200             *Func-incrementExp-11725
 13.200             Wait dur 0.1
 13.300             *Func-incrementExp-11726
 13.300             Wait dur 0.1
 13.400             *Func-incrementExp-11727
 13.400             Wait dur 0.1
 13.500             *Func-incrementExp-11728
 13.500             Wait dur 0.1
 13.600             *Func-incrementExp-11729
 13.600             Wait dur 0.1
 13.700             *Func-incrementExp-11730
 13.700             Wait dur 0.1
 13.800             *Func-incrementExp-11731
 13.800             Wait dur 0.1
 13.900             *Func-incrementExp-11732
 13.900             Wait dur 0.1
 14.000             *Func-resetBarColor-11733
 14.000             Wait dur 0.1
 14.100             *Func-showTrackIncLabel-11734
 14.100             *Func-incrementExp-11735
 14.100             Wait dur 0.1
 14.200             *Func-incrementExp-11736
 14.200             Wait dur 0.1
 14.300             *Func-incrementExp-11737
 14.300             Wait dur 0.1
 14.400             *Func-incrementExp-11738
 14.400             Wait dur 0.1
 14.500             *Func-incrementExp-11739
 14.500             Wait dur 0.1
 14.600             *Func-incrementExp-11740
 14.600             Wait dur 0.1
 14.700             *Func-incrementExp-11741
 14.700             Wait dur 0.1
 14.800             *Func-incrementExp-11742
 14.800             Wait dur 0.1
 14.900             *Func-incrementExp-11743
 14.900             Wait dur 0.1
 15.000             *Func-incrementExp-11744
 15.000             Wait dur 0.1
 15.100             *Func-incrementExp-11745
 15.100             Wait dur 0.1
 15.200             *Func-incrementExp-11746
 15.200             Wait dur 0.1
 15.300             *Func-incrementExp-11747
 15.300             Wait dur 0.1
 15.400             *Func-incrementExp-11748
 15.400             Wait dur 0.1
 15.500             *Func-incrementExp-11749
 15.500             Wait dur 0.1
 15.600             *Func-incrementExp-11750
 15.600             Wait dur 0.1
 15.700             *Func-incrementExp-11751
 15.700             Wait dur 0.1
 15.800             *Func-incrementExp-11752
 15.800             Wait dur 0.1
 15.900             *Func-incrementExp-11753
 15.900             Wait dur 0.1
 16.000             *Func-incrementExp-11754
 16.000             Wait dur 0.1
 16.100             *Func-incrementExp-11755
 16.100             Wait dur 0.1
 16.200             *Func-incrementExp-11756
 16.200             Wait dur 0.1
 16.300             *Func-incrementExp-11757
 16.300             Wait dur 0.1
 16.400             *Func-incrementExp-11758
 16.400             Wait dur 0.1
 16.500             *Func-incrementExp-11759
 16.500             Wait dur 0.1
 16.600             *Func-incrementExp-11760
 16.600             Wait dur 0.1
 16.700             *Func-incrementExp-11761
 16.700             Wait dur 0.1
 16.800             *Func-incrementExp-11762
 16.800             Wait dur 0.1
 16.900             *Func-incrementExp-11763
 16.900             Wait dur 0.1
 17.000             *Func-incrementExp-11764
 17.000             Wait dur 0.1
 17.100             *Func-incrementExp-11765
 17.100             Wait dur 0.1
 17.200             *Func-incrementExp-11766
 17.200             Wait dur 0.1
 17.300             *Func-incrementExp-11767
 17.300             Wait dur 0.1
 17.400             *Func-incrementExp-11768
 17.400             Wait dur 0.1
 17.500             *Func-incrementExp-11769
 17.500             Wait dur 0.1
 17.600             *Func-incrementExp-11770
 17.600             Wait dur 0.1
 17.700             *Func-incrementExp-11771
 17.700             Wait dur 0.1
 17.800             *Func-incrementExp-11772
 17.800             Wait dur 0.1
 17.900             *Func-incrementExp-11773
 17.900             Wait dur 0.1
 18.000             *Func-incrementExp-11774
 18.000             Wait dur 0.1
 18.100             *Func-incrementExp-11775
 18.100             Wait dur 0.1
 18.200             *Func-incrementExp-11776
 18.200             Wait dur 0.1
 18.300             *Func-resetBarColor-11777
 18.300             Wait dur 0.1
 18.400             *Func-showTrackIncLabel-11778
 18.400             *Func-incrementExp-11779
 18.400             Wait dur 0.1
 18.500             *Func-incrementExp-11780
 18.500             Wait dur 0.1
 18.600             *Func-incrementExp-11781
 18.600             Wait dur 0.1
 18.700             *Func-incrementExp-11782
 18.700             Wait dur 0.1
 18.800             *Func-incrementExp-11783
 18.800             Wait dur 0.1
 18.900             *Func-incrementExp-11784
 18.900             Wait dur 0.1
 19.000             *Func-incrementExp-11785
 19.000             Wait dur 0.1
 19.100             *Func-incrementExp-11786
 19.100             Wait dur 0.1
 19.200             *Func-incrementExp-11787
 19.200             Wait dur 0.1
 19.300             *Func-incrementExp-11788
 19.300             Wait dur 0.1
 19.400             *Func-incrementExp-11789
 19.400             Wait dur 0.1
 19.500             *Func-incrementExp-11790
 19.500             Wait dur 0.1
 19.600             *Func-incrementExp-11791
 19.600             Wait dur 0.1
 19.700             *Func-incrementExp-11792
 19.700             Wait dur 0.1
 19.800             *Func-incrementExp-11793
 19.800             Wait dur 0.1
 19.900             *Func-incrementExp-11794
 19.900             Wait dur 0.1
 20.000             *Func-incrementExp-11795
 20.000             Wait dur 0.1
 20.100             *Func-incrementExp-11796
 20.100             Wait dur 0.1
 20.200             *Func-incrementExp-11797
 20.200             Wait dur 0.1
 20.300             *Func-incrementExp-11798
 20.300             Wait dur 0.1
 20.400             *Func-incrementExp-11799
 20.400             Wait dur 0.1
 20.500             *Func-incrementExp-11800
 20.500             Wait dur 0.1
 20.600             *Func-incrementExp-11801
 20.600             Wait dur 0.1
 20.700             *Func-incrementExp-11802
 20.700             Wait dur 0.1
 20.800             *Func-incrementExp-11803
 20.800             Wait dur 0.1
 20.900             *Func-incrementExp-11804
 20.900             Wait dur 0.1
 21.000             *Func-incrementExp-11805
 21.000             Wait dur 0.1
 21.100             *Func-incrementExp-11806
 21.100             Wait dur 0.1
 21.200             *Func-incrementExp-11807
 21.200             Wait dur 0.1
 21.300             *Func-incrementExp-11808
 21.300             Wait dur 0.1
 21.400             *Func-incrementExp-11809
 21.400             Wait dur 0.1
 21.500             *Func-incrementExp-11810
 21.500             Wait dur 0.1
 21.600             *Func-incrementExp-11811
 21.600             Wait dur 0.1
 21.700             *Func-incrementExp-11812
 21.700             Wait dur 0.1
 21.800             *Func-incrementExp-11813
 21.800             Wait dur 0.1
 21.900             *Func-incrementExp-11814
 21.900             Wait dur 0.1
 22.000             *Func-incrementExp-11815
 22.000             Wait dur 0.1
 22.100             *Func-incrementExp-11816
 22.100             Wait dur 0.1
 22.200             *Func-incrementExp-11817
 22.200             Wait dur 0.1
 22.300             *Func-incrementExp-11818
 22.300             Wait dur 0.1
 22.400             *Func-incrementExp-11819
 22.400             Wait dur 0.1
 22.500             *Func-incrementExp-11820
 22.500             Wait dur 0.1
 22.600             *Func-incrementExp-11821
 22.600             Wait dur 0.1
 22.700             *Func-incrementExp-11822
 22.700             Wait dur 0.1
 22.800             *Func-incrementExp-11823
 22.800             Wait dur 0.1
 22.900             *Func-incrementExp-11824
 22.900             Wait dur 0.1
 23.000             *Func-incrementExp-11825
 23.000             Wait dur 0.1
 23.100             *Func-incrementExp-11826
 23.100             Wait dur 0.1
 23.200             *Func-incrementExp-11827
 23.200             Wait dur 0.1
 23.300             *Func-incrementExp-11828
 23.300             Wait dur 0.1
 23.400             *Func-incrementExp-11829
 23.400             Wait dur 0.1
 23.500             *Func-incrementExp-11830
 23.500             Wait dur 0.1
 23.600             *Func-incrementExp-11831
 23.600             Wait dur 0.1
 23.700             *Func-incrementExp-11832
 23.700             Wait dur 0.1
 23.800             *Func-incrementExp-11833
 23.800             Wait dur 0.1
 23.900             *Func-incrementExp-11834
 23.900             Wait dur 0.1
 24.000             *Func-incrementExp-11835
 24.000             Wait dur 0.1
 24.100             *Func-incrementExp-11836
 24.100             Wait dur 0.1
 24.200             *Func-incrementExp-11837
 24.200             Wait dur 0.1
 24.300             *Func-resetBarColor-11838
 24.300             Wait dur 0.1
 24.400             *Func-showTrackIncLabel-11839
 24.400             *Func-incrementExp-11840
 24.400             Wait dur 0.1
 24.500             *Func-incrementExp-11841
 24.500             Wait dur 0.1
 24.600             *Func-incrementExp-11842
 24.600             Wait dur 0.1
 24.700             *Func-incrementExp-11843
 24.700             Wait dur 0.1
 24.800             *Func-incrementExp-11844
 24.800             Wait dur 0.1
 24.900             *Func-incrementExp-11845
 24.900             Wait dur 0.1
 25.000             *Func-incrementExp-11846
 25.000             Wait dur 0.1
 25.100             *Func-incrementExp-11847
 25.100             Wait dur 0.1
 25.200             *Func-incrementExp-11848
 25.200             Wait dur 0.1
 25.300             *Func-incrementExp-11849
 25.300             Wait dur 0.1
 25.400             *Func-incrementExp-11850
 25.400             Wait dur 0.1
 25.500             *Func-incrementExp-11851
 25.500             Wait dur 0.1
 25.600             *Func-incrementExp-11852
 25.600             Wait dur 0.1
 25.700             *Func-incrementExp-11853
 25.700             Wait dur 0.1
 25.800             *Func-incrementExp-11854
 25.800             Wait dur 0.1
 25.900             *Func-incrementExp-11855
 25.900             Wait dur 0.1
 26.000             *Func-incrementExp-11856
 26.000             Wait dur 0.1
 26.100             *Func-incrementExp-11857
 26.100             Wait dur 0.1
 26.200             *Func-incrementExp-11858
 26.200             Wait dur 0.1
 26.300             *Func-incrementExp-11859
 26.300             Wait dur 0.1
 26.400             *Func-incrementExp-11860
 26.400             Wait dur 0.1
 26.500             *Func-incrementExp-11861
 26.500             Wait dur 0.1
 26.600             *Func-incrementExp-11862
 26.600             Wait dur 0.1
 26.700             *Func-incrementExp-11863
 26.700             Wait dur 0.1
 26.800             *Func-incrementExp-11864
 26.800             Wait dur 0.1
 26.900             *Func-incrementExp-11865
 26.900             Wait dur 0.1
 27.000             *Func-incrementExp-11866
 27.000             Wait dur 0.1
 27.100             *Func-incrementExp-11867
 27.100             Wait dur 0.1
 27.200             *Func-incrementExp-11868
 27.200             Wait dur 0.1
 27.300             *Func-incrementExp-11869
 27.300             Wait dur 0.1
 27.400             *Func-incrementExp-11870
 27.400             Wait dur 0.1
 27.500             *Func-incrementExp-11871
 27.500             Wait dur 0.1
 27.600             *Func-incrementExp-11872
 27.600             Wait dur 0.1
 27.700             *Func-incrementExp-11873
 27.700             Wait dur 0.1
 27.800             *Func-incrementExp-11874
 27.800             Wait dur 0.1
 27.900             *Func-incrementExp-11875
 27.900             Wait dur 0.1
 28.000             *Func-incrementExp-11876
 28.000             Wait dur 0.1
 28.100             *Func-incrementExp-11877
 28.100             Wait dur 0.1
 28.200             *Func-incrementExp-11878
 28.200             Wait dur 0.1
 28.300             *Func-incrementExp-11879
 28.300             Wait dur 0.1
 28.400             *Func-incrementExp-11880
 28.400             Wait dur 0.1
 28.500             *Func-incrementExp-11881
 28.500             Wait dur 0.1
 28.600             *Func-incrementExp-11882
 28.600             Wait dur 0.1
 28.700             *Func-incrementExp-11883
 28.700             Wait dur 0.1
 28.800             *Func-incrementExp-11884
 28.800             Wait dur 0.1
 28.900             *Func-resetBarColor-11885
 28.900             Wait dur 0.1
 29.000             *Func-showTrackIncLabel-11886
 29.000             *Func-incrementExp-11887
 29.000             Wait dur 0.1
 29.100             *Func-incrementExp-11888
 29.100             Wait dur 0.1
 29.200             *Func-incrementExp-11889
 29.200             Wait dur 0.1
 29.300             *Func-incrementExp-11890
 29.300             Wait dur 0.1
 29.400             *Func-incrementExp-11891
 29.400             Wait dur 0.1
 29.500             *Func-incrementExp-11892
 29.500             Wait dur 0.1
 29.600             *Func-incrementExp-11893
 29.600             Wait dur 0.1
 29.700             *Func-incrementExp-11894
 29.700             Wait dur 0.1
 29.800             *Func-incrementExp-11895
 29.800             Wait dur 0.1
 29.900             *Func-incrementExp-11896
 29.900             Wait dur 0.1
 30.000             *Func-incrementExp-11897
 30.000             Wait dur 0.1
 30.100             *Func-incrementExp-11898
 30.100             Wait dur 0.1
 30.200             *Func-incrementExp-11899
 30.200             Wait dur 0.1
 30.300             *Func-incrementExp-11900
 30.300             Wait dur 0.1
 30.400             *Func-incrementExp-11901
 30.400             Wait dur 0.1
 30.500             *Func-incrementExp-11902
 30.500             Wait dur 0.1
 30.600             *Func-incrementExp-11903
 30.600             Wait dur 0.1
 30.700             *Func-incrementExp-11904
 30.700             Wait dur 0.1
 30.800             *Func-incrementExp-11905
 30.800             Wait dur 0.1
 30.900             *Func-incrementExp-11906
 30.900             Wait dur 0.1
 31.000             *Func-incrementExp-11907
 31.000             Wait dur 0.1
 31.100             *Func-incrementExp-11908
 31.100             Wait dur 0.1
 31.200             *Func-incrementExp-11909
 31.200             Wait dur 0.1
 31.300             *Func-incrementExp-11910
 31.300             Wait dur 0.1
 31.400             *Func-incrementExp-11911
 31.400             Wait dur 0.1
 31.500             *Func-incrementExp-11912
 31.500             Wait dur 0.1
 31.600             *Func-incrementExp-11913
 31.600             Wait dur 0.1
 31.700             *Func-incrementExp-11914
 31.700             Wait dur 0.1
 31.800             *Func-incrementExp-11915
 31.800             Wait dur 0.1
 31.900             *Func-incrementExp-11916
 31.900             Wait dur 0.1
 32.000             *Func-incrementExp-11917
 32.000             Wait dur 0.1
 32.100             *Func-incrementExp-11918
 32.100             Wait dur 0.1
 32.200             *Func-incrementExp-11919
 32.200             Wait dur 0.1
 32.300             *Func-incrementExp-11920
 32.300             Wait dur 0.1
 32.400             *Func-incrementExp-11921
 32.400             Wait dur 0.1
 32.500             *Func-incrementExp-11922
 32.500             Wait dur 0.1
 32.600             *Func-incrementExp-11923
 32.600             Wait dur 0.1
 32.700             *Func-incrementExp-11924
 32.700             Wait dur 0.1
 32.800             *Func-resetBarColor-11925
 32.800             Wait dur 0.1
 32.900             *Func-incrementMerits-11926
 32.900             Wait dur 0.08
 32.980             *Func-incrementMerits-11927
 32.980             Wait dur 0.08
 33.060             *Func-incrementMerits-11928
 33.060             Wait dur 0.08
 33.140             *Func-incrementMerits-11929
 33.140             Wait dur 0.08
 33.220             *Func-incrementMerits-11930
 33.220             Wait dur 0.08
 33.300             *Func-incrementMerits-11931
 33.300             Wait dur 0.08
 33.380             *Func-incrementMerits-11932
 33.380             Wait dur 0.08
 33.460             *Func-incrementMerits-11933
 33.460             Wait dur 0.08
 33.540             *Func-incrementMerits-11934
 33.540             Wait dur 0.08
 33.620             *Func-incrementMerits-11935
 33.620             Wait dur 0.08
 33.700             *Func-incrementMerits-11936
 33.700             Wait dur 0.08
 33.780             *Func-incrementMerits-11937
 33.780             Wait dur 0.08
 33.860             *Func-incrementMerits-11938
 33.860             Wait dur 0.08
 33.940             *Func-incrementMerits-11939
 33.940             Wait dur 0.08
 34.020             *Func-incrementMerits-11940
 34.020             Wait dur 0.08
 34.100             *Func-incrementMerits-11941
 34.100             Wait dur 0.08
 34.180             *Func-incrementMerits-11942
 34.180             Wait dur 0.08
 34.260             *Func-incrementMerits-11943
 34.260             Wait dur 0.08
 34.340             *Func-incrementMerits-11944
 34.340             Wait dur 0.08
 34.420             *Func-incrementMerits-11945
 34.420             Wait dur 0.08
 34.500             *Func-incrementMerits-11946
 34.500             Wait dur 0.08
 34.580             *Func-incrementMerits-11947
 34.580             Wait dur 0.08
 34.660             *Func-incrementMerits-11948
 34.660             Wait dur 0.08
 34.740             *Func-incrementMerits-11949
 34.740             Wait dur 0.08
 34.820             *Func-incrementMerits-11950
 34.820             Wait dur 0.08
 34.900             *Func-incrementMerits-11951
 34.900             Wait dur 0.08
 34.980             *Func-incrementMerits-11952
 34.980             Wait dur 0.08
 35.060             *Func-incrementMerits-11953
 35.060             Wait dur 0.08
 35.140             *Func-incrementMerits-11954
 35.140             Wait dur 0.08
 35.220             *Func-incrementMerits-11955
 35.220             Wait dur 0.08
 35.300             *Func-incrementMerits-11956
 35.300             Wait dur 0.08
 35.380             *Func-incrementMerits-11957
 35.380             Wait dur 0.08
 35.460             *Func-incrementMerits-11958
 35.460             Wait dur 0.08
 35.540             *Func-incrementMerits-11959
 35.540             Wait dur 0.08
 35.620             *Func-incrementMerits-11960
 35.620             Wait dur 0.08
 35.700             *Func-incrementMerits-11961
 35.700             Wait dur 0.08
 35.780             *Func-incrementMerits-11962
 35.780             Wait dur 0.08
 35.860             *Func-incrementMerits-11963
 35.860             Wait dur 0.08
 35.940             *Func-incrementMerits-11964
 35.940             Wait dur 0.08
 36.020             *Func-incrementMerits-11965
 36.020             Wait dur 0.08
 36.100             *Func-incrementMerits-11966
 36.100             Wait dur 0.08
 36.180             *Func-incrementMerits-11967
 36.180             Wait dur 0.08
 36.260             *Func-incrementMerits-11968
 36.260             Wait dur 0.08
 36.340             *Func-incrementMerits-11969
 36.340             Wait dur 0.08
 36.420             *Func-incrementMerits-11970
 36.420             Wait dur 0.08
 36.500             *Func-incrementMerits-11971
 36.500             Wait dur 0.08
 36.580             *Func-incrementMerits-11972
 36.580             Wait dur 0.08
 36.660             *Func-incrementMerits-11973
 36.660             Wait dur 0.08
 36.740             *Func-incrementMerits-11974
 36.740             Wait dur 0.08
 36.820             *Func-incrementMerits-11975
 36.820             Wait dur 0.08
 36.900             *Func-incrementMerits-11976
 36.900             Wait dur 0.08
 36.980             *Func-incrementMerits-11977
 36.980             Wait dur 0.08
 37.060             *Func-incrementMerits-11978
 37.060             Wait dur 0.08
 37.140             *Func-incrementMerits-11979
 37.140             Wait dur 0.08
 37.220             *Func-incrementMerits-11980
 37.220             Wait dur 0.08
 37.300             *Func-incrementMerits-11981
 37.300             Wait dur 0.08
 37.380             *Func-incrementMerits-11982
 37.380             Wait dur 0.08
 37.460             *Func-incrementMerits-11983
 37.460             Wait dur 0.08
 37.540             *Func-incrementMerits-11984
 37.540             Wait dur 0.08
 37.620             *Func-incrementMerits-11985
 37.620             Wait dur 0.08
 37.700             *Func-incrementMerits-11986
 37.700             Wait dur 0.08
 37.780             *Func-incrementMerits-11987
 37.780             Wait dur 0.08
 37.860             *Func-incrementMerits-11988
 37.860             Wait dur 0.08
 37.940             *Func-incrementMerits-11989
 37.940             Wait dur 0.08
 38.020             *Func-incrementMerits-11990
 38.020             Wait dur 0.08
 38.100             *Func-incrementMerits-11991
 38.100             Wait dur 0.08
 38.180             *Func-incrementMerits-11992
 38.180             Wait dur 0.08
 38.260             *Func-incrementMerits-11993
 38.260             Wait dur 0.08
 38.340             *Func-incrementMerits-11994
 38.340             Wait dur 0.08
 38.420             *Func-incrementMerits-11995
 38.420             Wait dur 0.08
 38.500             *Func-incrementMerits-11996
 38.500             Wait dur 0.08
 38.580             *Func-incrementMerits-11997
 38.580             Wait dur 0.08
 38.660             *Func-incrementMerits-11998
 38.660             Wait dur 0.08
 38.740             *Func-incrementMerits-11999
 38.740             Wait dur 0.08
 38.820             *Func-incrementMerits-12000
 38.820             Wait dur 0.08
 38.900             *Func-incrementMerits-12001
 38.900             Wait dur 0.08
 38.980             *Func-incrementMerits-12002
 38.980             Wait dur 0.08
 39.060             *Func-incrementMerits-12003
 39.060             Wait dur 0.08
 39.140             *Func-incrementMerits-12004
 39.140             Wait dur 0.08
 39.220             *Func-incrementMerits-12005
 39.220             Wait dur 0.08
 39.300             *Func-incrementMerits-12006
 39.300             Wait dur 0.08
 39.380             *Func-incrementMerits-12007
 39.380             Wait dur 0.08
 39.460             *Func-resetMeritBarColor-12008
 39.460             Wait dur 0.3
 39.760             Wait dur 1
 40.760             Wait dur 0.25
 41.010           }
 41.010           *Func-_teardownSkipListen-12325
 41.010           *Func-_setupSkipListen-12326
 41.010           Sequence-9075 {
 41.010             *Func-initGagFrame-12013
 41.010             Wait dur 1
 42.010             *Func-showTrackIncLabel-12014
 42.010             *Func-incrementExp-12015
 42.010             Wait dur 0.1
 42.110             *Func-incrementExp-12016
 42.110             Wait dur 0.1
 42.210             *Func-incrementExp-12017
 42.210             Wait dur 0.1
 42.310             *Func-incrementExp-12018
 42.310             Wait dur 0.1
 42.410             *Func-incrementExp-12019
 42.410             Wait dur 0.1
 42.510             *Func-incrementExp-12020
 42.510             Wait dur 0.1
 42.610             *Func-incrementExp-12021
 42.610             Wait dur 0.1
 42.710             *Func-incrementExp-12022
 42.710             Wait dur 0.1
 42.810             *Func-incrementExp-12023
 42.810             Wait dur 0.1
 42.910             *Func-incrementExp-12024
 42.910             Wait dur 0.1
 43.010             *Func-incrementExp-12025
 43.010             Wait dur 0.1
 43.110             *Func-incrementExp-12026
 43.110             Wait dur 0.1
 43.210             *Func-incrementExp-12027
 43.210             Wait dur 0.1
 43.310             *Func-incrementExp-12028
 43.310             Wait dur 0.1
 43.410             *Func-incrementExp-12029
 43.410             Wait dur 0.1
 43.510             *Func-incrementExp-12030
 43.510             Wait dur 0.1
 43.610             *Func-incrementExp-12031
 43.610             Wait dur 0.1
 43.710             *Func-incrementExp-12032
 43.710             Wait dur 0.1
 43.810             *Func-incrementExp-12033
 43.810             Wait dur 0.1
 43.910             *Func-incrementExp-12034
 43.910             Wait dur 0.1
 44.010             *Func-incrementExp-12035
 44.010             Wait dur 0.1
 44.110             *Func-incrementExp-12036
 44.110             Wait dur 0.1
 44.210             *Func-incrementExp-12037
 44.210             Wait dur 0.1
 44.310             *Func-incrementExp-12038
 44.310             Wait dur 0.1
 44.410             *Func-incrementExp-12039
 44.410             Wait dur 0.1
 44.510             *Func-incrementExp-12040
 44.510             Wait dur 0.1
 44.610             *Func-incrementExp-12041
 44.610             Wait dur 0.1
 44.710             *Func-incrementExp-12042
 44.710             Wait dur 0.1
 44.810             *Func-incrementExp-12043
 44.810             Wait dur 0.1
 44.910             *Func-incrementExp-12044
 44.910             Wait dur 0.1
 45.010             *Func-incrementExp-12045
 45.010             Wait dur 0.1
 45.110             *Func-incrementExp-12046
 45.110             Wait dur 0.1
 45.210             *Func-incrementExp-12047
 45.210             Wait dur 0.1
 45.310             *Func-incrementExp-12048
 45.310             Wait dur 0.1
 45.410             *Func-incrementExp-12049
 45.410             Wait dur 0.1
 45.510             *Func-incrementExp-12050
 45.510             Wait dur 0.1
 45.610             *Func-incrementExp-12051
 45.610             Wait dur 0.1
 45.710             *Func-incrementExp-12052
 45.710             Wait dur 0.1
 45.810             *Func-incrementExp-12053
 45.810             Wait dur 0.1
 45.910             *Func-incrementExp-12054
 45.910             Wait dur 0.1
 46.010             *Func-incrementExp-12055
 46.010             Wait dur 0.1
 46.110             *Func-incrementExp-12056
 46.110             Wait dur 0.1
 46.210             *Func-incrementExp-12057
 46.210             Wait dur 0.1
 46.310             *Func-incrementExp-12058
 46.310             Wait dur 0.1
 46.410             *Func-incrementExp-12059
 46.410             Wait dur 0.1
 46.510             *Func-resetBarColor-12060
 46.510             Wait dur 0.1
 46.610             *Func-newGag-12061
 46.610             Wait dur 1
 47.610             *Func-setProp-12062
 47.610             Wait dur 1
 48.610             *Func-setProp-12063
 48.610             Wait dur 1.5
 50.110             *Func-cleanupNewGag-12064
 50.110             *Func-showTrackIncLabel-12065
 50.110             *Func-incrementExp-12066
 50.110             Wait dur 0.1
 50.210             *Func-incrementExp-12067
 50.210             Wait dur 0.1
 50.310             *Func-incrementExp-12068
 50.310             Wait dur 0.1
 50.410             *Func-incrementExp-12069
 50.410             Wait dur 0.1
 50.510             *Func-incrementExp-12070
 50.510             Wait dur 0.1
 50.610             *Func-incrementExp-12071
 50.610             Wait dur 0.1
 50.710             *Func-incrementExp-12072
 50.710             Wait dur 0.1
 50.810             *Func-incrementExp-12073
 50.810             Wait dur 0.1
 50.910             *Func-incrementExp-12074
 50.910             Wait dur 0.1
 51.010             *Func-incrementExp-12075
 51.010             Wait dur 0.1
 51.110             *Func-incrementExp-12076
 51.110             Wait dur 0.1
 51.210             *Func-incrementExp-12077
 51.210             Wait dur 0.1
 51.310             *Func-incrementExp-12078
 51.310             Wait dur 0.1
 51.410             *Func-incrementExp-12079
 51.410             Wait dur 0.1
 51.510             *Func-incrementExp-12080
 51.510             Wait dur 0.1
 51.610             *Func-incrementExp-12081
 51.610             Wait dur 0.1
 51.710             *Func-incrementExp-12082
 51.710             Wait dur 0.1
 51.810             *Func-incrementExp-12083
 51.810             Wait dur 0.1
 51.910             *Func-incrementExp-12084
 51.910             Wait dur 0.1
 52.010             *Func-incrementExp-12085
 52.010             Wait dur 0.1
 52.110             *Func-incrementExp-12086
 52.110             Wait dur 0.1
 52.210             *Func-incrementExp-12087
 52.210             Wait dur 0.1
 52.310             *Func-incrementExp-12088
 52.310             Wait dur 0.1
 52.410             *Func-incrementExp-12089
 52.410             Wait dur 0.1
 52.510             *Func-incrementExp-12090
 52.510             Wait dur 0.1
 52.610             *Func-incrementExp-12091
 52.610             Wait dur 0.1
 52.710             *Func-incrementExp-12092
 52.710             Wait dur 0.1
 52.810             *Func-incrementExp-12093
 52.810             Wait dur 0.1
 52.910             *Func-incrementExp-12094
 52.910             Wait dur 0.1
 53.010             *Func-incrementExp-12095
 53.010             Wait dur 0.1
 53.110             *Func-incrementExp-12096
 53.110             Wait dur 0.1
 53.210             *Func-incrementExp-12097
 53.210             Wait dur 0.1
 53.310             *Func-incrementExp-12098
 53.310             Wait dur 0.1
 53.410             *Func-incrementExp-12099
 53.410             Wait dur 0.1
 53.510             *Func-incrementExp-12100
 53.510             Wait dur 0.1
 53.610             *Func-incrementExp-12101
 53.610             Wait dur 0.1
 53.710             *Func-resetBarColor-12102
 53.710             Wait dur 0.1
 53.810             *Func-showTrackIncLabel-12103
 53.810             *Func-incrementExp-12104
 53.810             Wait dur 0.1
 53.910             *Func-incrementExp-12105
 53.910             Wait dur 0.1
 54.010             *Func-incrementExp-12106
 54.010             Wait dur 0.1
 54.110             *Func-incrementExp-12107
 54.110             Wait dur 0.1
 54.210             *Func-incrementExp-12108
 54.210             Wait dur 0.1
 54.310             *Func-incrementExp-12109
 54.310             Wait dur 0.1
 54.410             *Func-incrementExp-12110
 54.410             Wait dur 0.1
 54.510             *Func-incrementExp-12111
 54.510             Wait dur 0.1
 54.610             *Func-incrementExp-12112
 54.610             Wait dur 0.1
 54.710             *Func-incrementExp-12113
 54.710             Wait dur 0.1
 54.810             *Func-incrementExp-12114
 54.810             Wait dur 0.1
 54.910             *Func-incrementExp-12115
 54.910             Wait dur 0.1
 55.010             *Func-incrementExp-12116
 55.010             Wait dur 0.1
 55.110             *Func-incrementExp-12117
 55.110             Wait dur 0.1
 55.210             *Func-incrementExp-12118
 55.210             Wait dur 0.1
 55.310             *Func-incrementExp-12119
 55.310             Wait dur 0.1
 55.410             *Func-incrementExp-12120
 55.410             Wait dur 0.1
 55.510             *Func-incrementExp-12121
 55.510             Wait dur 0.1
 55.610             *Func-incrementExp-12122
 55.610             Wait dur 0.1
 55.710             *Func-incrementExp-12123
 55.710             Wait dur 0.1
 55.810             *Func-incrementExp-12124
 55.810             Wait dur 0.1
 55.910             *Func-incrementExp-12125
 55.910             Wait dur 0.1
 56.010             *Func-incrementExp-12126
 56.010             Wait dur 0.1
 56.110             *Func-incrementExp-12127
 56.110             Wait dur 0.1
 56.210             *Func-incrementExp-12128
 56.210             Wait dur 0.1
 56.310             *Func-incrementExp-12129
 56.310             Wait dur 0.1
 56.410             *Func-incrementExp-12130
 56.410             Wait dur 0.1
 56.510             *Func-incrementExp-12131
 56.510             Wait dur 0.1
 56.610             *Func-incrementExp-12132
 56.610             Wait dur 0.1
 56.710             *Func-incrementExp-12133
 56.710             Wait dur 0.1
 56.810             *Func-incrementExp-12134
 56.810             Wait dur 0.1
 56.910             *Func-incrementExp-12135
 56.910             Wait dur 0.1
 57.010             *Func-incrementExp-12136
 57.010             Wait dur 0.1
 57.110             *Func-incrementExp-12137
 57.110             Wait dur 0.1
 57.210             *Func-incrementExp-12138
 57.210             Wait dur 0.1
 57.310             *Func-incrementExp-12139
 57.310             Wait dur 0.1
 57.410             *Func-incrementExp-12140
 57.410             Wait dur 0.1
 57.510             *Func-incrementExp-12141
 57.510             Wait dur 0.1
 57.610             *Func-incrementExp-12142
 57.610             Wait dur 0.1
 57.710             *Func-incrementExp-12143
 57.710             Wait dur 0.1
 57.810             *Func-incrementExp-12144
 57.810             Wait dur 0.1
 57.910             *Func-incrementExp-12145
 57.910             Wait dur 0.1
 58.010             *Func-incrementExp-12146
 58.010             Wait dur 0.1
 58.110             *Func-incrementExp-12147
 58.110             Wait dur 0.1
 58.210             *Func-incrementExp-12148
 58.210             Wait dur 0.1
 58.310             *Func-resetBarColor-12149
 58.310             Wait dur 0.1
 58.410             *Func-showTrackIncLabel-12150
 58.410             *Func-incrementExp-12151
 58.410             Wait dur 0.1
 58.510             *Func-incrementExp-12152
 58.510             Wait dur 0.1
 58.610             *Func-incrementExp-12153
 58.610             Wait dur 0.1
 58.710             *Func-incrementExp-12154
 58.710             Wait dur 0.1
 58.810             *Func-incrementExp-12155
 58.810             Wait dur 0.1
 58.910             *Func-incrementExp-12156
 58.910             Wait dur 0.1
 59.010             *Func-incrementExp-12157
 59.010             Wait dur 0.1
 59.110             *Func-incrementExp-12158
 59.110             Wait dur 0.1
 59.210             *Func-incrementExp-12159
 59.210             Wait dur 0.1
 59.310             *Func-incrementExp-12160
 59.310             Wait dur 0.1
 59.410             *Func-incrementExp-12161
 59.410             Wait dur 0.1
 59.510             *Func-incrementExp-12162
 59.510             Wait dur 0.1
 59.610             *Func-incrementExp-12163
 59.610             Wait dur 0.1
 59.710             *Func-incrementExp-12164
 59.710             Wait dur 0.1
 59.810             *Func-incrementExp-12165
 59.810             Wait dur 0.1
 59.910             *Func-incrementExp-12166
 59.910             Wait dur 0.1
 60.010             *Func-incrementExp-12167
 60.010             Wait dur 0.1
 60.110             *Func-incrementExp-12168
 60.110             Wait dur 0.1
 60.210             *Func-incrementExp-12169
 60.210             Wait dur 0.1
 60.310             *Func-incrementExp-12170
 60.310             Wait dur 0.1
 60.410             *Func-incrementExp-12171
 60.410             Wait dur 0.1
 60.510             *Func-incrementExp-12172
 60.510             Wait dur 0.1
 60.610             *Func-incrementExp-12173
 60.610             Wait dur 0.1
 60.710             *Func-incrementExp-12174
 60.710             Wait dur 0.1
 60.810             *Func-incrementExp-12175
 60.810             Wait dur 0.1
 60.910             *Func-incrementExp-12176
 60.910             Wait dur 0.1
 61.010             *Func-incrementExp-12177
 61.010             Wait dur 0.1
 61.110             *Func-incrementExp-12178
 61.110             Wait dur 0.1
 61.210             *Func-incrementExp-12179
 61.210             Wait dur 0.1
 61.310             *Func-incrementExp-12180
 61.310             Wait dur 0.1
 61.410             *Func-incrementExp-12181
 61.410             Wait dur 0.1
 61.510             *Func-incrementExp-12182
 61.510             Wait dur 0.1
 61.610             *Func-incrementExp-12183
 61.610             Wait dur 0.1
 61.710             *Func-incrementExp-12184
 61.710             Wait dur 0.1
 61.810             *Func-incrementExp-12185
 61.810             Wait dur 0.1
 61.910             *Func-incrementExp-12186
 61.910             Wait dur 0.1
 62.010             *Func-incrementExp-12187
 62.010             Wait dur 0.1
 62.110             *Func-incrementExp-12188
 62.110             Wait dur 0.1
 62.210             *Func-incrementExp-12189
 62.210             Wait dur 0.1
 62.310             *Func-incrementExp-12190
 62.310             Wait dur 0.1
 62.410             *Func-incrementExp-12191
 62.410             Wait dur 0.1
 62.510             *Func-incrementExp-12192
 62.510             Wait dur 0.1
 62.610             *Func-incrementExp-12193
 62.610             Wait dur 0.1
 62.710             *Func-resetBarColor-12194
 62.710             Wait dur 0.1
 62.810             *Func-showTrackIncLabel-12195
 62.810             *Func-incrementExp-12196
 62.810             Wait dur 0.1
 62.910             *Func-incrementExp-12197
 62.910             Wait dur 0.1
 63.010             *Func-incrementExp-12198
 63.010             Wait dur 0.1
 63.110             *Func-incrementExp-12199
 63.110             Wait dur 0.1
 63.210             *Func-incrementExp-12200
 63.210             Wait dur 0.1
 63.310             *Func-incrementExp-12201
 63.310             Wait dur 0.1
 63.410             *Func-incrementExp-12202
 63.410             Wait dur 0.1
 63.510             *Func-incrementExp-12203
 63.510             Wait dur 0.1
 63.610             *Func-incrementExp-12204
 63.610             Wait dur 0.1
 63.710             *Func-incrementExp-12205
 63.710             Wait dur 0.1
 63.810             *Func-incrementExp-12206
 63.810             Wait dur 0.1
 63.910             *Func-incrementExp-12207
 63.910             Wait dur 0.1
 64.010             *Func-incrementExp-12208
 64.010             Wait dur 0.1
 64.110             *Func-incrementExp-12209
 64.110             Wait dur 0.1
 64.210             *Func-incrementExp-12210
 64.210             Wait dur 0.1
 64.310             *Func-incrementExp-12211
 64.310             Wait dur 0.1
 64.410             *Func-incrementExp-12212
 64.410             Wait dur 0.1
 64.510             *Func-incrementExp-12213
 64.510             Wait dur 0.1
 64.610             *Func-incrementExp-12214
 64.610             Wait dur 0.1
 64.710             *Func-incrementExp-12215
 64.710             Wait dur 0.1
 64.810             *Func-incrementExp-12216
 64.810             Wait dur 0.1
 64.910             *Func-incrementExp-12217
 64.910             Wait dur 0.1
 65.010             *Func-incrementExp-12218
 65.010             Wait dur 0.1
 65.110             *Func-incrementExp-12219
 65.110             Wait dur 0.1
 65.210             *Func-incrementExp-12220
 65.210             Wait dur 0.1
 65.310             *Func-incrementExp-12221
 65.310             Wait dur 0.1
 65.410             *Func-incrementExp-12222
 65.410             Wait dur 0.1
 65.510             *Func-incrementExp-12223
 65.510             Wait dur 0.1
 65.610             *Func-incrementExp-12224
 65.610             Wait dur 0.1
 65.710             *Func-incrementExp-12225
 65.710             Wait dur 0.1
 65.810             *Func-incrementExp-12226
 65.810             Wait dur 0.1
 65.910             *Func-incrementExp-12227
 65.910             Wait dur 0.1
 66.010             *Func-incrementExp-12228
 66.010             Wait dur 0.1
 66.110             *Func-incrementExp-12229
 66.110             Wait dur 0.1
 66.210             *Func-incrementExp-12230
 66.210             Wait dur 0.1
 66.310             *Func-incrementExp-12231
 66.310             Wait dur 0.1
 66.410             *Func-incrementExp-12232
 66.410             Wait dur 0.1
 66.510             *Func-incrementExp-12233
 66.510             Wait dur 0.1
 66.610             *Func-resetBarColor-12234
 66.610             Wait dur 0.1
 66.710             *Func-showTrackIncLabel-12235
 66.710             *Func-incrementExp-12236
 66.710             Wait dur 0.1
 66.810             *Func-incrementExp-12237
 66.810             Wait dur 0.1
 66.910             *Func-incrementExp-12238
 66.910             Wait dur 0.1
 67.010             *Func-incrementExp-12239
 67.010             Wait dur 0.1
 67.110             *Func-incrementExp-12240
 67.110             Wait dur 0.1
 67.210             *Func-incrementExp-12241
 67.210             Wait dur 0.1
 67.310             *Func-incrementExp-12242
 67.310             Wait dur 0.1
 67.410             *Func-incrementExp-12243
 67.410             Wait dur 0.1
 67.510             *Func-incrementExp-12244
 67.510             Wait dur 0.1
 67.610             *Func-incrementExp-12245
 67.610             Wait dur 0.1
 67.710             *Func-incrementExp-12246
 67.710             Wait dur 0.1
 67.810             *Func-incrementExp-12247
 67.810             Wait dur 0.1
 67.910             *Func-incrementExp-12248
 67.910             Wait dur 0.1
 68.010             *Func-incrementExp-12249
 68.010             Wait dur 0.1
 68.110             *Func-incrementExp-12250
 68.110             Wait dur 0.1
 68.210             *Func-incrementExp-12251
 68.210             Wait dur 0.1
 68.310             *Func-incrementExp-12252
 68.310             Wait dur 0.1
 68.410             *Func-incrementExp-12253
 68.410             Wait dur 0.1
 68.510             *Func-incrementExp-12254
 68.510             Wait dur 0.1
 68.610             *Func-incrementExp-12255
 68.610             Wait dur 0.1
 68.710             *Func-incrementExp-12256
 68.710             Wait dur 0.1
 68.810             *Func-incrementExp-12257
 68.810             Wait dur 0.1
 68.910             *Func-incrementExp-12258
 68.910             Wait dur 0.1
 69.010             *Func-incrementExp-12259
 69.010             Wait dur 0.1
 69.110             *Func-incrementExp-12260
 69.110             Wait dur 0.1
 69.210             *Func-incrementExp-12261
 69.210             Wait dur 0.1
 69.310             *Func-incrementExp-12262
 69.310             Wait dur 0.1
 69.410             *Func-incrementExp-12263
 69.410             Wait dur 0.1
 69.510             *Func-resetBarColor-12264
 69.510             Wait dur 0.1
 69.610             *Func-showTrackIncLabel-12265
 69.610             *Func-incrementExp-12266
 69.610             Wait dur 0.1
 69.710             *Func-incrementExp-12267
 69.710             Wait dur 0.1
 69.810             *Func-incrementExp-12268
 69.810             Wait dur 0.1
 69.910             *Func-incrementExp-12269
 69.910             Wait dur 0.1
 70.010             *Func-incrementExp-12270
 70.010             Wait dur 0.1
 70.110             *Func-incrementExp-12271
 70.110             Wait dur 0.1
 70.210             *Func-incrementExp-12272
 70.210             Wait dur 0.1
 70.310             *Func-incrementExp-12273
 70.310             Wait dur 0.1
 70.410             *Func-incrementExp-12274
 70.410             Wait dur 0.1
 70.510             *Func-incrementExp-12275
 70.510             Wait dur 0.1
 70.610             *Func-incrementExp-12276
 70.610             Wait dur 0.1
 70.710             *Func-incrementExp-12277
 70.710             Wait dur 0.1
 70.810             *Func-incrementExp-12278
 70.810             Wait dur 0.1
 70.910             *Func-incrementExp-12279
 70.910             Wait dur 0.1
 71.010             *Func-incrementExp-12280
 71.010             Wait dur 0.1
 71.110             *Func-incrementExp-12281
 71.110             Wait dur 0.1
 71.210             *Func-incrementExp-12282
 71.210             Wait dur 0.1
 71.310             *Func-incrementExp-12283
 71.310             Wait dur 0.1
 71.410             *Func-incrementExp-12284
 71.410             Wait dur 0.1
 71.510             *Func-incrementExp-12285
 71.510             Wait dur 0.1
 71.610             *Func-incrementExp-12286
 71.610             Wait dur 0.1
 71.710             *Func-incrementExp-12287
 71.710             Wait dur 0.1
 71.810             *Func-incrementExp-12288
 71.810             Wait dur 0.1
 71.910             *Func-incrementExp-12289
 71.910             Wait dur 0.1
 72.010             *Func-incrementExp-12290
 72.010             Wait dur 0.1
 72.110             *Func-incrementExp-12291
 72.110             Wait dur 0.1
 72.210             *Func-incrementExp-12292
 72.210             Wait dur 0.1
 72.310             *Func-incrementExp-12293
 72.310             Wait dur 0.1
 72.410             *Func-incrementExp-12294
 72.410             Wait dur 0.1
 72.510             *Func-incrementExp-12295
 72.510             Wait dur 0.1
 72.610             *Func-incrementExp-12296
 72.610             Wait dur 0.1
 72.710             *Func-incrementExp-12297
 72.710             Wait dur 0.1
 72.810             *Func-incrementExp-12298
 72.810             Wait dur 0.1
 72.910             *Func-incrementExp-12299
 72.910             Wait dur 0.1
 73.010             *Func-incrementExp-12300
 73.010             Wait dur 0.1
 73.110             *Func-incrementExp-12301
 73.110             Wait dur 0.1
 73.210             *Func-resetBarColor-12302
 73.210             Wait dur 0.1
 73.310             Wait dur 1
 74.310             *Func-initQuestFrame-12324
 74.310             Wait dur 1
 75.310             *Func-setProp-12303
 75.310             Wait dur 0.2
 75.510             *Func-setProp-12304
 75.510             Wait dur 0.2
 75.710             *Func-setProp-12305
 75.710             Wait dur 0.2
 75.910             *Func-setProp-12306
 75.910             Wait dur 0.2
 76.110             *Func-setProp-12307
 76.110             Wait dur 0.2
 76.310             *Func-setProp-12308
 76.310             Wait dur 0.2
 76.510             *Func-setProp-12309
 76.510             Wait dur 0.2
 76.710             *Func-setProp-12310
 76.710             Wait dur 0.2
 76.910             *Func-setProp-12311
 76.910             Wait dur 0.2
 77.110             *Func-setProp-12312
 77.110             Wait dur 0.2
 77.310             *Func-setProp-12313
 77.310             Wait dur 0.2
 77.510             *Func-setProp-12314
 77.510             Wait dur 0.2
 77.710             *Func-setProp-12315
 77.710             Wait dur 0.2
 77.910             *Func-setProp-12316
 77.910             Wait dur 0.2
 78.110             *Func-setProp-12317
 78.110             Wait dur 0.2
 78.310             *Func-setProp-12318
 78.310             Wait dur 0.2
 78.510             *Func-setProp-12319
 78.510             Wait dur 0.2
 78.710             *Func-setProp-12320
 78.710             Wait dur 0.2
 78.910             *Func-setProp-12321
 78.910             Wait dur 0.2
 79.110             *Func-setProp-12322
 79.110             Wait dur 0.2
 79.310             *Func-setProp-12323
 79.310             Wait dur 0.2
 79.510             Wait dur 2
 81.510             Wait dur 0.25
 81.760           }
 81.760           *Func-_teardownSkipListen-12329
 81.760           *Func-destroy-12330
 81.760           *Func-hide-12331
 81.760           *Func-setOnscreenChatForced-12332
 81.760           Sequence-9071 {
 81.760           }
 81.760         }
  0.000         *Sound-2663 dur 81.76
 81.760       }
 81.760       *Func-__handleBuildingRewardDone-12333
 81.760     }
 81.760   }
  0.000   Sequence-9068 {
  0.000     Sequence-9070 {
  0.000       Sequence-9074 {
  0.000         *Func-chooseRewardShotNow-12012
  0.000         Wait dur 41.01
 41.010       }
 41.010       Sequence-9077 {
 41.010         *Func-chooseRewardShotNow-12328
 41.010         Wait dur 40.75
 81.760       }
 81.760     }
 81.760   }
 81.760 }

Traceback (most recent call last):
  File "C:\Panda3D-1.10.0\direct\showbase\EventManager.py", line 52, in eventLoopTask
    self.doEvents()
  File "C:\Panda3D-1.10.0\direct\showbase\EventManager.py", line 46, in doEvents
    processFunc(self.eventQueue.dequeueEvent())
  File "C:\Panda3D-1.10.0\direct\showbase\EventManager.py", line 103, in processEvent
    messenger.send(eventName, paramList)
  File "C:\Panda3D-1.10.0\direct\showbase\Messenger.py", line 326, in send
    self.__dispatch(acceptorDict, event, sentArgs, foundWatch)
  File "C:\Panda3D-1.10.0\direct\showbase\Messenger.py", line 411, in __dispatch
    method (*(extraArgs + sentArgs))
  File "C:\Panda3D-1.10.0\direct\showbase\ShowBase.py", line 2665, in windowEvent
    self.userExit()
  File "toontown\toonbase\ToonBase.py", line 400, in userExit
    self.cr.dumpAllSubShardObjects()
  File "toontown\distributed\ToontownClientRepository.py", line 556, in dumpAllSubShardObjects
    self.deleteObject(doId)
  File "toontown\distributed\ToontownClientRepository.py", line 906, in deleteObject
    obj.deleteOrDelay()
  File "C:\Panda3D-1.10.0\direct\distributed\DistributedObject.py", line 199, in deleteOrDelay
    self.disableAnnounceAndDelete()
  File "C:\Panda3D-1.10.0\direct\distributed\DistributedObject.py", line 202, in disableAnnounceAndDelete
    self.disableAndAnnounce()
  File "C:\Panda3D-1.10.0\direct\distributed\DistributedObject.py", line 228, in disableAndAnnounce
    self.disable()
  File "toontown\battle\DistributedBattleBldg.py", line 52, in disable
    DistributedBattleBase.DistributedBattleBase.disable(self)
  File "toontown\battle\DistributedBattleBase.py", line 133, in disable
    self.cleanupBattle()
  File "toontown\battle\DistributedBattleBase.py", line 145, in cleanupBattle
    self.fsm.requestFinalState()
  File "C:\Panda3D-1.10.0\direct\fsm\ClassicFSM.py", line 151, in requestFinalState
    self.request(self.getFinalState().getName())
  File "C:\Panda3D-1.10.0\direct\fsm\ClassicFSM.py", line 302, in request
    exitArgList)
  File "C:\Panda3D-1.10.0\direct\fsm\ClassicFSM.py", line 230, in __transition
    self.__exitCurrent(exitArgList)
  File "C:\Panda3D-1.10.0\direct\fsm\ClassicFSM.py", line 188, in __exitCurrent
    self.__currentState.exit(argList)
  File "C:\Panda3D-1.10.0\direct\fsm\State.py", line 213, in exit
    apply(self.__exitFunc, argList)
  File "toontown\battle\DistributedBattleBldg.py", line 208, in exitBuildingReward
    self.movie.resetReward(finish=1)
  File "toontown\battle\Movie.py", line 222, in resetReward
    self.stop()
  File "toontown\battle\Movie.py", line 366, in stop
    self.track.finish()
  File "C:\Panda3D-1.10.0\direct\interval\MetaInterval.py", line 391, in finish
    self.privPostEvent()
  File "C:\Panda3D-1.10.0\direct\interval\MetaInterval.py", line 519, in privPostEvent
    self.__doPythonCallbacks()
  File "C:\Panda3D-1.10.0\direct\interval\MetaInterval.py", line 495, in __doPythonCallbacks
    ival.privDoEvent(t, eventType)
  File "C:\Panda3D-1.10.0\direct\interval\Interval.py", line 206, in privDoEvent
    self.privInstant()
  File "C:\Panda3D-1.10.0\direct\interval\FunctionInterval.py", line 88, in privInstant
    self.function(*self.extraArgs, **self.kw)
  File "toontown\battle\DistributedBattleBldg.py", line 205, in __handleBuildingRewardDone
    self.fsm.request('Resume')
  File "C:\Panda3D-1.10.0\direct\fsm\ClassicFSM.py", line 246, in request
    assert not self.__internalStateInFlux
AssertionError
Traceback (most recent call last):
  File "otp\otpbase\OTPBase.py", line 34, in run
    taskMgr.run()
  File "C:\Panda3D-1.10.0\direct\task\Task.py", line 508, in run
    self.step()
  File "C:\Panda3D-1.10.0\direct\task\Task.py", line 465, in step
    self.mgr.poll()
  File "C:\Panda3D-1.10.0\direct\showbase\EventManager.py", line 52, in eventLoopTask
    self.doEvents()
  File "C:\Panda3D-1.10.0\direct\showbase\EventManager.py", line 46, in doEvents
    processFunc(self.eventQueue.dequeueEvent())
  File "C:\Panda3D-1.10.0\direct\showbase\EventManager.py", line 103, in processEvent
    messenger.send(eventName, paramList)
  File "C:\Panda3D-1.10.0\direct\showbase\Messenger.py", line 326, in send
    self.__dispatch(acceptorDict, event, sentArgs, foundWatch)
  File "C:\Panda3D-1.10.0\direct\showbase\Messenger.py", line 411, in __dispatch
    method (*(extraArgs + sentArgs))
  File "C:\Panda3D-1.10.0\direct\showbase\ShowBase.py", line 2665, in windowEvent
    self.userExit()
  File "toontown\toonbase\ToonBase.py", line 400, in userExit
    self.cr.dumpAllSubShardObjects()
  File "toontown\distributed\ToontownClientRepository.py", line 556, in dumpAllSubShardObjects
    self.deleteObject(doId)
  File "toontown\distributed\ToontownClientRepository.py", line 906, in deleteObject
    obj.deleteOrDelay()
  File "C:\Panda3D-1.10.0\direct\distributed\DistributedObject.py", line 199, in deleteOrDelay
    self.disableAnnounceAndDelete()
  File "C:\Panda3D-1.10.0\direct\distributed\DistributedObject.py", line 202, in disableAnnounceAndDelete
    self.disableAndAnnounce()
  File "C:\Panda3D-1.10.0\direct\distributed\DistributedObject.py", line 228, in disableAndAnnounce
    self.disable()
  File "toontown\battle\DistributedBattleBldg.py", line 52, in disable
    DistributedBattleBase.DistributedBattleBase.disable(self)
  File "toontown\battle\DistributedBattleBase.py", line 133, in disable
    self.cleanupBattle()
  File "toontown\battle\DistributedBattleBase.py", line 145, in cleanupBattle
    self.fsm.requestFinalState()
  File "C:\Panda3D-1.10.0\direct\fsm\ClassicFSM.py", line 151, in requestFinalState
    self.request(self.getFinalState().getName())
  File "C:\Panda3D-1.10.0\direct\fsm\ClassicFSM.py", line 302, in request
    exitArgList)
  File "C:\Panda3D-1.10.0\direct\fsm\ClassicFSM.py", line 230, in __transition
    self.__exitCurrent(exitArgList)
  File "C:\Panda3D-1.10.0\direct\fsm\ClassicFSM.py", line 188, in __exitCurrent
    self.__currentState.exit(argList)
  File "C:\Panda3D-1.10.0\direct\fsm\State.py", line 213, in exit
    apply(self.__exitFunc, argList)
  File "toontown\battle\DistributedBattleBldg.py", line 208, in exitBuildingReward
    self.movie.resetReward(finish=1)
  File "toontown\battle\Movie.py", line 222, in resetReward
    self.stop()
  File "toontown\battle\Movie.py", line 366, in stop
    self.track.finish()
  File "C:\Panda3D-1.10.0\direct\interval\MetaInterval.py", line 391, in finish
    self.privPostEvent()
  File "C:\Panda3D-1.10.0\direct\interval\MetaInterval.py", line 519, in privPostEvent
    self.__doPythonCallbacks()
  File "C:\Panda3D-1.10.0\direct\interval\MetaInterval.py", line 495, in __doPythonCallbacks
    ival.privDoEvent(t, eventType)
  File "C:\Panda3D-1.10.0\direct\interval\Interval.py", line 206, in privDoEvent
    self.privInstant()
  File "C:\Panda3D-1.10.0\direct\interval\FunctionInterval.py", line 88, in privInstant
    self.function(*self.extraArgs, **self.kw)
  File "toontown\battle\DistributedBattleBldg.py", line 205, in __handleBuildingRewardDone
    self.fsm.request('Resume')
  File "C:\Panda3D-1.10.0\direct\fsm\ClassicFSM.py", line 246, in request
    assert not self.__internalStateInFlux
AssertionError
