TTLocalizer: Running in language: English
OTPLocalizer: Running in language: English
Preloading suits...
Preloading Toon heads...
Preloading avatars...
{401000001: <toontown.distributed.ToontownDistrict.ToontownDistrict instance at 0x1B58C5D0>}
__handleAvatarChooserDone: 100000046, 'Toontown Time', ('mss', 'ls', 'l', 'm', (0.86, 0.4, 0.41, 1.0), (1.0, 1.0, 1.0, 1.0), (0.86, 0.4, 0.41, 1.0), (0.86, 0.4, 0.41, 1.0), 0, 4, 0, 4, 0, 17), 0
entered wait for zone redirect
entered wait for set zone response - 2
Reading DNA file... phase_4/dna/storage.pdna
Reading DNA file... phase_3.5/dna/storage_interior.pdna
Reading DNA file... phase_8/dna/storage_BR.pdna
Reading DNA file... phase_8/dna/storage_BR_sz.pdna
Reading DNA file... phase_8/dna/the_burrrgh_sz.pdna
entered wait for zone redirect
entered wait for set zone response - 2
entered wait for zone redirect
entered wait for set zone response - 2
entered wait for zone redirect
entered wait for set zone response - 2
Reading DNA file... phase_5/dna/storage_town.pdna
Reading DNA file... phase_8/dna/storage_BR_town.pdna
Reading DNA file... phase_8/dna/the_burrrgh_3200.pdna
entered wait for zone redirect
entered wait for set zone response - 2
### newVec3 =  LVector3f(2, 6.3, 1.5)
### newVec3 =  LVector3f(2, 6.3, 0)
### newVec3 =  LVector3f(2, 6.3, 0.375)
### newVec3 =  LVector3f(2, 6.3, 0)
Exception occurred while processing Func-__handleBuildingRewardDone-4040 of movie-reward-track-with-cam-401004672:
movie-reward-track-with-cam-401004672:
  0.000 movie-reward-track-with-cam-401004672 {
  0.000   movie-reward-track-401004672 {
  0.000     Sequence-2616 {
  0.000       Parallel-2624 {
  0.000         Sequence-2618 {
  0.000           *Func-show-3164
  0.000           *Func-setOnscreenChatForced-3165
  0.000           *Func-_setupSkipListen-3166
  0.000           *Func-_teardownSkipListen-4032
  0.000           *Func-_setupSkipListen-4033
  0.000           Sequence-2621 {
  0.000             *Func-initGagFrame-3167
  0.000             Wait dur 1
  1.000             *Func-showTrackIncLabel-3168
  1.000             *Func-incrementExp-3169
  1.000             Wait dur 0.1
  1.100             *Func-incrementExp-3170
  1.100             Wait dur 0.1
  1.200             *Func-incrementExp-3171
  1.200             Wait dur 0.1
  1.300             *Func-incrementExp-3172
  1.300             Wait dur 0.1
  1.400             *Func-incrementExp-3173
  1.400             Wait dur 0.1
  1.500             *Func-incrementExp-3174
  1.500             Wait dur 0.1
  1.600             *Func-incrementExp-3175
  1.600             Wait dur 0.1
  1.700             *Func-incrementExp-3176
  1.700             Wait dur 0.1
  1.800             *Func-incrementExp-3177
  1.800             Wait dur 0.1
  1.900             *Func-incrementExp-3178
  1.900             Wait dur 0.1
  2.000             *Func-incrementExp-3179
  2.000             Wait dur 0.1
  2.100             *Func-incrementExp-3180
  2.100             Wait dur 0.1
  2.200             *Func-incrementExp-3181
  2.200             Wait dur 0.1
  2.300             *Func-incrementExp-3182
  2.300             Wait dur 0.1
  2.400             *Func-incrementExp-3183
  2.400             Wait dur 0.1
  2.500             *Func-incrementExp-3184
  2.500             Wait dur 0.1
  2.600             *Func-incrementExp-3185
  2.600             Wait dur 0.1
  2.700             *Func-incrementExp-3186
  2.700             Wait dur 0.1
  2.800             *Func-incrementExp-3187
  2.800             Wait dur 0.1
  2.900             *Func-incrementExp-3188
  2.900             Wait dur 0.1
  3.000             *Func-incrementExp-3189
  3.000             Wait dur 0.1
  3.100             *Func-incrementExp-3190
  3.100             Wait dur 0.1
  3.200             *Func-incrementExp-3191
  3.200             Wait dur 0.1
  3.300             *Func-incrementExp-3192
  3.300             Wait dur 0.1
  3.400             *Func-incrementExp-3193
  3.400             Wait dur 0.1
  3.500             *Func-incrementExp-3194
  3.500             Wait dur 0.1
  3.600             *Func-incrementExp-3195
  3.600             Wait dur 0.1
  3.700             *Func-incrementExp-3196
  3.700             Wait dur 0.1
  3.800             *Func-incrementExp-3197
  3.800             Wait dur 0.1
  3.900             *Func-incrementExp-3198
  3.900             Wait dur 0.1
  4.000             *Func-incrementExp-3199
  4.000             Wait dur 0.1
  4.100             *Func-incrementExp-3200
  4.100             Wait dur 0.1
  4.200             *Func-incrementExp-3201
  4.200             Wait dur 0.1
  4.300             *Func-incrementExp-3202
  4.300             Wait dur 0.1
  4.400             *Func-incrementExp-3203
  4.400             Wait dur 0.1
  4.500             *Func-incrementExp-3204
  4.500             Wait dur 0.1
  4.600             *Func-incrementExp-3205
  4.600             Wait dur 0.1
  4.700             *Func-incrementExp-3206
  4.700             Wait dur 0.1
  4.800             *Func-incrementExp-3207
  4.800             Wait dur 0.1
  4.900             *Func-incrementExp-3208
  4.900             Wait dur 0.1
  5.000             *Func-incrementExp-3209
  5.000             Wait dur 0.1
  5.100             *Func-incrementExp-3210
  5.100             Wait dur 0.1
  5.200             *Func-incrementExp-3211
  5.200             Wait dur 0.1
  5.300             *Func-incrementExp-3212
  5.300             Wait dur 0.1
  5.400             *Func-incrementExp-3213
  5.400             Wait dur 0.1
  5.500             *Func-incrementExp-3214
  5.500             Wait dur 0.1
  5.600             *Func-incrementExp-3215
  5.600             Wait dur 0.1
  5.700             *Func-incrementExp-3216
  5.700             Wait dur 0.1
  5.800             *Func-incrementExp-3217
  5.800             Wait dur 0.1
  5.900             *Func-incrementExp-3218
  5.900             Wait dur 0.1
  6.000             *Func-incrementExp-3219
  6.000             Wait dur 0.1
  6.100             *Func-incrementExp-3220
  6.100             Wait dur 0.1
  6.200             *Func-incrementExp-3221
  6.200             Wait dur 0.1
  6.300             *Func-incrementExp-3222
  6.300             Wait dur 0.1
  6.400             *Func-incrementExp-3223
  6.400             Wait dur 0.1
  6.500             *Func-incrementExp-3224
  6.500             Wait dur 0.1
  6.600             *Func-incrementExp-3225
  6.600             Wait dur 0.1
  6.700             *Func-incrementExp-3226
  6.700             Wait dur 0.1
  6.800             *Func-incrementExp-3227
  6.800             Wait dur 0.1
  6.900             *Func-incrementExp-3228
  6.900             Wait dur 0.1
  7.000             *Func-incrementExp-3229
  7.000             Wait dur 0.1
  7.100             *Func-incrementExp-3230
  7.100             Wait dur 0.1
  7.200             *Func-incrementExp-3231
  7.200             Wait dur 0.1
  7.300             *Func-incrementExp-3232
  7.300             Wait dur 0.1
  7.400             *Func-incrementExp-3233
  7.400             Wait dur 0.1
  7.500             *Func-incrementExp-3234
  7.500             Wait dur 0.1
  7.600             *Func-incrementExp-3235
  7.600             Wait dur 0.1
  7.700             *Func-incrementExp-3236
  7.700             Wait dur 0.1
  7.800             *Func-resetBarColor-3237
  7.800             Wait dur 0.1
  7.900             *Func-uberGagInterval-3238
  7.900             Wait dur 1
  8.900             *Func-setProp-3239
  8.900             Wait dur 1
  9.900             *Func-setProp-3240
  9.900             Wait dur 1.5
 11.400             *Func-cleanupNewGag-3241
 11.400             Wait dur 0.3
 11.700             *Func-showTrackIncLabel-3242
 11.700             *Func-incrementExp-3243
 11.700             Wait dur 0.05
 11.750             *Func-incrementExp-3244
 11.750             Wait dur 0.05
 11.800             *Func-incrementExp-3245
 11.800             Wait dur 0.05
 11.850             *Func-incrementExp-3246
 11.850             Wait dur 0.05
 11.900             *Func-incrementExp-3247
 11.900             Wait dur 0.05
 11.950             *Func-incrementExp-3248
 11.950             Wait dur 0.05
 12.000             *Func-incrementExp-3249
 12.000             Wait dur 0.05
 12.050             *Func-incrementExp-3250
 12.050             Wait dur 0.05
 12.100             *Func-incrementExp-3251
 12.100             Wait dur 0.05
 12.150             *Func-incrementExp-3252
 12.150             Wait dur 0.05
 12.200             *Func-incrementExp-3253
 12.200             Wait dur 0.05
 12.250             *Func-incrementExp-3254
 12.250             Wait dur 0.05
 12.300             *Func-incrementExp-3255
 12.300             Wait dur 0.05
 12.350             *Func-incrementExp-3256
 12.350             Wait dur 0.05
 12.400             *Func-incrementExp-3257
 12.400             Wait dur 0.05
 12.450             *Func-incrementExp-3258
 12.450             Wait dur 0.05
 12.500             *Func-incrementExp-3259
 12.500             Wait dur 0.05
 12.550             *Func-incrementExp-3260
 12.550             Wait dur 0.05
 12.600             *Func-incrementExp-3261
 12.600             Wait dur 0.05
 12.650             *Func-incrementExp-3262
 12.650             Wait dur 0.05
 12.700             *Func-incrementExp-3263
 12.700             Wait dur 0.05
 12.750             *Func-incrementExp-3264
 12.750             Wait dur 0.05
 12.800             *Func-incrementExp-3265
 12.800             Wait dur 0.05
 12.850             *Func-incrementExp-3266
 12.850             Wait dur 0.05
 12.900             *Func-incrementExp-3267
 12.900             Wait dur 0.05
 12.950             *Func-incrementExp-3268
 12.950             Wait dur 0.05
 13.000             *Func-incrementExp-3269
 13.000             Wait dur 0.05
 13.050             *Func-incrementExp-3270
 13.050             Wait dur 0.05
 13.100             *Func-incrementExp-3271
 13.100             Wait dur 0.05
 13.150             *Func-incrementExp-3272
 13.150             Wait dur 0.05
 13.200             *Func-incrementExp-3273
 13.200             Wait dur 0.05
 13.250             *Func-incrementExp-3274
 13.250             Wait dur 0.05
 13.300             *Func-incrementExp-3275
 13.300             Wait dur 0.05
 13.350             *Func-incrementExp-3276
 13.350             Wait dur 0.05
 13.400             *Func-incrementExp-3277
 13.400             Wait dur 0.05
 13.450             *Func-incrementExp-3278
 13.450             Wait dur 0.05
 13.500             *Func-incrementExp-3279
 13.500             Wait dur 0.05
 13.550             *Func-incrementExp-3280
 13.550             Wait dur 0.05
 13.600             *Func-incrementExp-3281
 13.600             Wait dur 0.05
 13.650             *Func-incrementExp-3282
 13.650             Wait dur 0.05
 13.700             *Func-incrementExp-3283
 13.700             Wait dur 0.05
 13.750             *Func-incrementExp-3284
 13.750             Wait dur 0.05
 13.800             *Func-incrementExp-3285
 13.800             Wait dur 0.05
 13.850             *Func-incrementExp-3286
 13.850             Wait dur 0.05
 13.900             *Func-incrementExp-3287
 13.900             Wait dur 0.05
 13.950             *Func-incrementExp-3288
 13.950             Wait dur 0.05
 14.000             *Func-incrementExp-3289
 14.000             Wait dur 0.05
 14.050             *Func-incrementExp-3290
 14.050             Wait dur 0.05
 14.100             *Func-incrementExp-3291
 14.100             Wait dur 0.05
 14.150             *Func-incrementExp-3292
 14.150             Wait dur 0.05
 14.200             *Func-incrementExp-3293
 14.200             Wait dur 0.05
 14.250             *Func-incrementExp-3294
 14.250             Wait dur 0.05
 14.300             *Func-incrementExp-3295
 14.300             Wait dur 0.05
 14.350             *Func-incrementExp-3296
 14.350             Wait dur 0.05
 14.400             *Func-incrementExp-3297
 14.400             Wait dur 0.05
 14.450             *Func-incrementExp-3298
 14.450             Wait dur 0.05
 14.500             *Func-incrementExp-3299
 14.500             Wait dur 0.05
 14.550             *Func-incrementExp-3300
 14.550             Wait dur 0.05
 14.600             *Func-incrementExp-3301
 14.600             Wait dur 0.05
 14.650             *Func-incrementExp-3302
 14.650             Wait dur 0.05
 14.700             *Func-incrementExp-3303
 14.700             Wait dur 0.05
 14.750             *Func-incrementExp-3304
 14.750             Wait dur 0.05
 14.800             *Func-incrementExp-3305
 14.800             Wait dur 0.05
 14.850             *Func-incrementExp-3306
 14.850             Wait dur 0.05
 14.900             *Func-incrementExp-3307
 14.900             Wait dur 0.05
 14.950             *Func-incrementExp-3308
 14.950             Wait dur 0.05
 15.000             *Func-incrementExp-3309
 15.000             Wait dur 0.05
 15.050             *Func-incrementExp-3310
 15.050             Wait dur 0.05
 15.100             Wait dur 0.3
 15.400             *Func-showTrackIncLabel-3311
 15.400             *Func-incrementExp-3312
 15.400             Wait dur 0.1
 15.500             *Func-incrementExp-3313
 15.500             Wait dur 0.1
 15.600             *Func-incrementExp-3314
 15.600             Wait dur 0.1
 15.700             *Func-incrementExp-3315
 15.700             Wait dur 0.1
 15.800             *Func-incrementExp-3316
 15.800             Wait dur 0.1
 15.900             *Func-incrementExp-3317
 15.900             Wait dur 0.1
 16.000             *Func-incrementExp-3318
 16.000             Wait dur 0.1
 16.100             *Func-incrementExp-3319
 16.100             Wait dur 0.1
 16.200             *Func-incrementExp-3320
 16.200             Wait dur 0.1
 16.300             *Func-incrementExp-3321
 16.300             Wait dur 0.1
 16.400             *Func-incrementExp-3322
 16.400             Wait dur 0.1
 16.500             *Func-incrementExp-3323
 16.500             Wait dur 0.1
 16.600             *Func-incrementExp-3324
 16.600             Wait dur 0.1
 16.700             *Func-incrementExp-3325
 16.700             Wait dur 0.1
 16.800             *Func-incrementExp-3326
 16.800             Wait dur 0.1
 16.900             *Func-incrementExp-3327
 16.900             Wait dur 0.1
 17.000             *Func-incrementExp-3328
 17.000             Wait dur 0.1
 17.100             *Func-incrementExp-3329
 17.100             Wait dur 0.1
 17.200             *Func-incrementExp-3330
 17.200             Wait dur 0.1
 17.300             *Func-incrementExp-3331
 17.300             Wait dur 0.1
 17.400             *Func-incrementExp-3332
 17.400             Wait dur 0.1
 17.500             *Func-incrementExp-3333
 17.500             Wait dur 0.1
 17.600             *Func-incrementExp-3334
 17.600             Wait dur 0.1
 17.700             *Func-incrementExp-3335
 17.700             Wait dur 0.1
 17.800             *Func-incrementExp-3336
 17.800             Wait dur 0.1
 17.900             *Func-incrementExp-3337
 17.900             Wait dur 0.1
 18.000             *Func-incrementExp-3338
 18.000             Wait dur 0.1
 18.100             *Func-incrementExp-3339
 18.100             Wait dur 0.1
 18.200             *Func-incrementExp-3340
 18.200             Wait dur 0.1
 18.300             *Func-incrementExp-3341
 18.300             Wait dur 0.1
 18.400             *Func-incrementExp-3342
 18.400             Wait dur 0.1
 18.500             *Func-incrementExp-3343
 18.500             Wait dur 0.1
 18.600             *Func-incrementExp-3344
 18.600             Wait dur 0.1
 18.700             *Func-incrementExp-3345
 18.700             Wait dur 0.1
 18.800             *Func-incrementExp-3346
 18.800             Wait dur 0.1
 18.900             *Func-incrementExp-3347
 18.900             Wait dur 0.1
 19.000             *Func-incrementExp-3348
 19.000             Wait dur 0.1
 19.100             *Func-incrementExp-3349
 19.100             Wait dur 0.1
 19.200             *Func-incrementExp-3350
 19.200             Wait dur 0.1
 19.300             *Func-incrementExp-3351
 19.300             Wait dur 0.1
 19.400             *Func-incrementExp-3352
 19.400             Wait dur 0.1
 19.500             *Func-incrementExp-3353
 19.500             Wait dur 0.1
 19.600             *Func-incrementExp-3354
 19.600             Wait dur 0.1
 19.700             *Func-incrementExp-3355
 19.700             Wait dur 0.1
 19.800             *Func-incrementExp-3356
 19.800             Wait dur 0.1
 19.900             *Func-incrementExp-3357
 19.900             Wait dur 0.1
 20.000             *Func-incrementExp-3358
 20.000             Wait dur 0.1
 20.100             *Func-incrementExp-3359
 20.100             Wait dur 0.1
 20.200             *Func-incrementExp-3360
 20.200             Wait dur 0.1
 20.300             *Func-incrementExp-3361
 20.300             Wait dur 0.1
 20.400             *Func-incrementExp-3362
 20.400             Wait dur 0.1
 20.500             *Func-incrementExp-3363
 20.500             Wait dur 0.1
 20.600             *Func-incrementExp-3364
 20.600             Wait dur 0.1
 20.700             *Func-incrementExp-3365
 20.700             Wait dur 0.1
 20.800             *Func-incrementExp-3366
 20.800             Wait dur 0.1
 20.900             *Func-incrementExp-3367
 20.900             Wait dur 0.1
 21.000             *Func-incrementExp-3368
 21.000             Wait dur 0.1
 21.100             *Func-incrementExp-3369
 21.100             Wait dur 0.1
 21.200             *Func-incrementExp-3370
 21.200             Wait dur 0.1
 21.300             *Func-incrementExp-3371
 21.300             Wait dur 0.1
 21.400             *Func-incrementExp-3372
 21.400             Wait dur 0.1
 21.500             *Func-incrementExp-3373
 21.500             Wait dur 0.1
 21.600             *Func-incrementExp-3374
 21.600             Wait dur 0.1
 21.700             *Func-incrementExp-3375
 21.700             Wait dur 0.1
 21.800             *Func-incrementExp-3376
 21.800             Wait dur 0.1
 21.900             *Func-incrementExp-3377
 21.900             Wait dur 0.1
 22.000             *Func-incrementExp-3378
 22.000             Wait dur 0.1
 22.100             *Func-incrementExp-3379
 22.100             Wait dur 0.1
 22.200             *Func-resetBarColor-3380
 22.200             Wait dur 0.1
 22.300             *Func-showTrackIncLabel-3381
 22.300             *Func-incrementExp-3382
 22.300             Wait dur 0.1
 22.400             *Func-incrementExp-3383
 22.400             Wait dur 0.1
 22.500             *Func-incrementExp-3384
 22.500             Wait dur 0.1
 22.600             *Func-incrementExp-3385
 22.600             Wait dur 0.1
 22.700             *Func-incrementExp-3386
 22.700             Wait dur 0.1
 22.800             *Func-incrementExp-3387
 22.800             Wait dur 0.1
 22.900             *Func-incrementExp-3388
 22.900             Wait dur 0.1
 23.000             *Func-incrementExp-3389
 23.000             Wait dur 0.1
 23.100             *Func-incrementExp-3390
 23.100             Wait dur 0.1
 23.200             *Func-incrementExp-3391
 23.200             Wait dur 0.1
 23.300             *Func-incrementExp-3392
 23.300             Wait dur 0.1
 23.400             *Func-incrementExp-3393
 23.400             Wait dur 0.1
 23.500             *Func-incrementExp-3394
 23.500             Wait dur 0.1
 23.600             *Func-incrementExp-3395
 23.600             Wait dur 0.1
 23.700             *Func-incrementExp-3396
 23.700             Wait dur 0.1
 23.800             *Func-incrementExp-3397
 23.800             Wait dur 0.1
 23.900             *Func-incrementExp-3398
 23.900             Wait dur 0.1
 24.000             *Func-incrementExp-3399
 24.000             Wait dur 0.1
 24.100             *Func-incrementExp-3400
 24.100             Wait dur 0.1
 24.200             *Func-incrementExp-3401
 24.200             Wait dur 0.1
 24.300             *Func-incrementExp-3402
 24.300             Wait dur 0.1
 24.400             *Func-incrementExp-3403
 24.400             Wait dur 0.1
 24.500             *Func-incrementExp-3404
 24.500             Wait dur 0.1
 24.600             *Func-incrementExp-3405
 24.600             Wait dur 0.1
 24.700             *Func-incrementExp-3406
 24.700             Wait dur 0.1
 24.800             *Func-incrementExp-3407
 24.800             Wait dur 0.1
 24.900             *Func-incrementExp-3408
 24.900             Wait dur 0.1
 25.000             *Func-incrementExp-3409
 25.000             Wait dur 0.1
 25.100             *Func-incrementExp-3410
 25.100             Wait dur 0.1
 25.200             *Func-incrementExp-3411
 25.200             Wait dur 0.1
 25.300             *Func-incrementExp-3412
 25.300             Wait dur 0.1
 25.400             *Func-incrementExp-3413
 25.400             Wait dur 0.1
 25.500             *Func-incrementExp-3414
 25.500             Wait dur 0.1
 25.600             *Func-incrementExp-3415
 25.600             Wait dur 0.1
 25.700             *Func-incrementExp-3416
 25.700             Wait dur 0.1
 25.800             *Func-incrementExp-3417
 25.800             Wait dur 0.1
 25.900             *Func-incrementExp-3418
 25.900             Wait dur 0.1
 26.000             *Func-incrementExp-3419
 26.000             Wait dur 0.1
 26.100             *Func-incrementExp-3420
 26.100             Wait dur 0.1
 26.200             *Func-incrementExp-3421
 26.200             Wait dur 0.1
 26.300             *Func-incrementExp-3422
 26.300             Wait dur 0.1
 26.400             *Func-incrementExp-3423
 26.400             Wait dur 0.1
 26.500             *Func-incrementExp-3424
 26.500             Wait dur 0.1
 26.600             *Func-incrementExp-3425
 26.600             Wait dur 0.1
 26.700             *Func-incrementExp-3426
 26.700             Wait dur 0.1
 26.800             *Func-incrementExp-3427
 26.800             Wait dur 0.1
 26.900             *Func-incrementExp-3428
 26.900             Wait dur 0.1
 27.000             *Func-incrementExp-3429
 27.000             Wait dur 0.1
 27.100             *Func-incrementExp-3430
 27.100             Wait dur 0.1
 27.200             *Func-incrementExp-3431
 27.200             Wait dur 0.1
 27.300             *Func-incrementExp-3432
 27.300             Wait dur 0.1
 27.400             *Func-incrementExp-3433
 27.400             Wait dur 0.1
 27.500             *Func-incrementExp-3434
 27.500             Wait dur 0.1
 27.600             *Func-incrementExp-3435
 27.600             Wait dur 0.1
 27.700             *Func-incrementExp-3436
 27.700             Wait dur 0.1
 27.800             *Func-incrementExp-3437
 27.800             Wait dur 0.1
 27.900             *Func-incrementExp-3438
 27.900             Wait dur 0.1
 28.000             *Func-incrementExp-3439
 28.000             Wait dur 0.1
 28.100             *Func-incrementExp-3440
 28.100             Wait dur 0.1
 28.200             *Func-incrementExp-3441
 28.200             Wait dur 0.1
 28.300             *Func-incrementExp-3442
 28.300             Wait dur 0.1
 28.400             *Func-incrementExp-3443
 28.400             Wait dur 0.1
 28.500             *Func-incrementExp-3444
 28.500             Wait dur 0.1
 28.600             *Func-incrementExp-3445
 28.600             Wait dur 0.1
 28.700             *Func-incrementExp-3446
 28.700             Wait dur 0.1
 28.800             *Func-incrementExp-3447
 28.800             Wait dur 0.1
 28.900             *Func-incrementExp-3448
 28.900             Wait dur 0.1
 29.000             *Func-resetBarColor-3449
 29.000             Wait dur 0.1
 29.100             *Func-uberGagInterval-3450
 29.100             Wait dur 1
 30.100             *Func-setProp-3451
 30.100             Wait dur 1
 31.100             *Func-setProp-3452
 31.100             Wait dur 1.5
 32.600             *Func-cleanupNewGag-3453
 32.600             Wait dur 0.3
 32.900             *Func-showTrackIncLabel-3454
 32.900             *Func-incrementExp-3455
 32.900             Wait dur 0.05
 32.950             *Func-incrementExp-3456
 32.950             Wait dur 0.05
 33.000             *Func-incrementExp-3457
 33.000             Wait dur 0.05
 33.050             *Func-incrementExp-3458
 33.050             Wait dur 0.05
 33.100             *Func-incrementExp-3459
 33.100             Wait dur 0.05
 33.150             *Func-incrementExp-3460
 33.150             Wait dur 0.05
 33.200             *Func-incrementExp-3461
 33.200             Wait dur 0.05
 33.250             *Func-incrementExp-3462
 33.250             Wait dur 0.05
 33.300             *Func-incrementExp-3463
 33.300             Wait dur 0.05
 33.350             *Func-incrementExp-3464
 33.350             Wait dur 0.05
 33.400             *Func-incrementExp-3465
 33.400             Wait dur 0.05
 33.450             *Func-incrementExp-3466
 33.450             Wait dur 0.05
 33.500             *Func-incrementExp-3467
 33.500             Wait dur 0.05
 33.550             *Func-incrementExp-3468
 33.550             Wait dur 0.05
 33.600             *Func-incrementExp-3469
 33.600             Wait dur 0.05
 33.650             *Func-incrementExp-3470
 33.650             Wait dur 0.05
 33.700             *Func-incrementExp-3471
 33.700             Wait dur 0.05
 33.750             *Func-incrementExp-3472
 33.750             Wait dur 0.05
 33.800             *Func-incrementExp-3473
 33.800             Wait dur 0.05
 33.850             *Func-incrementExp-3474
 33.850             Wait dur 0.05
 33.900             *Func-incrementExp-3475
 33.900             Wait dur 0.05
 33.950             *Func-incrementExp-3476
 33.950             Wait dur 0.05
 34.000             *Func-incrementExp-3477
 34.000             Wait dur 0.05
 34.050             *Func-incrementExp-3478
 34.050             Wait dur 0.05
 34.100             *Func-incrementExp-3479
 34.100             Wait dur 0.05
 34.150             *Func-incrementExp-3480
 34.150             Wait dur 0.05
 34.200             *Func-incrementExp-3481
 34.200             Wait dur 0.05
 34.250             *Func-incrementExp-3482
 34.250             Wait dur 0.05
 34.300             *Func-incrementExp-3483
 34.300             Wait dur 0.05
 34.350             *Func-incrementExp-3484
 34.350             Wait dur 0.05
 34.400             *Func-incrementExp-3485
 34.400             Wait dur 0.05
 34.450             *Func-incrementExp-3486
 34.450             Wait dur 0.05
 34.500             *Func-incrementExp-3487
 34.500             Wait dur 0.05
 34.550             *Func-incrementExp-3488
 34.550             Wait dur 0.05
 34.600             *Func-incrementExp-3489
 34.600             Wait dur 0.05
 34.650             *Func-incrementExp-3490
 34.650             Wait dur 0.05
 34.700             *Func-incrementExp-3491
 34.700             Wait dur 0.05
 34.750             *Func-incrementExp-3492
 34.750             Wait dur 0.05
 34.800             *Func-incrementExp-3493
 34.800             Wait dur 0.05
 34.850             *Func-incrementExp-3494
 34.850             Wait dur 0.05
 34.900             *Func-incrementExp-3495
 34.900             Wait dur 0.05
 34.950             *Func-incrementExp-3496
 34.950             Wait dur 0.05
 35.000             *Func-incrementExp-3497
 35.000             Wait dur 0.05
 35.050             *Func-incrementExp-3498
 35.050             Wait dur 0.05
 35.100             *Func-incrementExp-3499
 35.100             Wait dur 0.05
 35.150             *Func-incrementExp-3500
 35.150             Wait dur 0.05
 35.200             *Func-incrementExp-3501
 35.200             Wait dur 0.05
 35.250             *Func-incrementExp-3502
 35.250             Wait dur 0.05
 35.300             *Func-incrementExp-3503
 35.300             Wait dur 0.05
 35.350             *Func-incrementExp-3504
 35.350             Wait dur 0.05
 35.400             *Func-incrementExp-3505
 35.400             Wait dur 0.05
 35.450             *Func-incrementExp-3506
 35.450             Wait dur 0.05
 35.500             *Func-incrementExp-3507
 35.500             Wait dur 0.05
 35.550             *Func-incrementExp-3508
 35.550             Wait dur 0.05
 35.600             *Func-incrementExp-3509
 35.600             Wait dur 0.05
 35.650             *Func-incrementExp-3510
 35.650             Wait dur 0.05
 35.700             *Func-incrementExp-3511
 35.700             Wait dur 0.05
 35.750             *Func-incrementExp-3512
 35.750             Wait dur 0.05
 35.800             *Func-incrementExp-3513
 35.800             Wait dur 0.05
 35.850             *Func-incrementExp-3514
 35.850             Wait dur 0.05
 35.900             *Func-incrementExp-3515
 35.900             Wait dur 0.05
 35.950             *Func-incrementExp-3516
 35.950             Wait dur 0.05
 36.000             *Func-incrementExp-3517
 36.000             Wait dur 0.05
 36.050             *Func-incrementExp-3518
 36.050             Wait dur 0.05
 36.100             *Func-incrementExp-3519
 36.100             Wait dur 0.05
 36.150             *Func-incrementExp-3520
 36.150             Wait dur 0.05
 36.200             *Func-incrementExp-3521
 36.200             Wait dur 0.05
 36.250             Wait dur 0.3
 36.550             *Func-showTrackIncLabel-3522
 36.550             *Func-incrementExp-3523
 36.550             Wait dur 0.1
 36.650             *Func-incrementExp-3524
 36.650             Wait dur 0.1
 36.750             *Func-incrementExp-3525
 36.750             Wait dur 0.1
 36.850             *Func-incrementExp-3526
 36.850             Wait dur 0.1
 36.950             *Func-incrementExp-3527
 36.950             Wait dur 0.1
 37.050             *Func-incrementExp-3528
 37.050             Wait dur 0.1
 37.150             *Func-incrementExp-3529
 37.150             Wait dur 0.1
 37.250             *Func-incrementExp-3530
 37.250             Wait dur 0.1
 37.350             *Func-incrementExp-3531
 37.350             Wait dur 0.1
 37.450             *Func-incrementExp-3532
 37.450             Wait dur 0.1
 37.550             *Func-incrementExp-3533
 37.550             Wait dur 0.1
 37.650             *Func-incrementExp-3534
 37.650             Wait dur 0.1
 37.750             *Func-incrementExp-3535
 37.750             Wait dur 0.1
 37.850             *Func-incrementExp-3536
 37.850             Wait dur 0.1
 37.950             *Func-incrementExp-3537
 37.950             Wait dur 0.1
 38.050             *Func-incrementExp-3538
 38.050             Wait dur 0.1
 38.150             *Func-incrementExp-3539
 38.150             Wait dur 0.1
 38.250             *Func-incrementExp-3540
 38.250             Wait dur 0.1
 38.350             *Func-incrementExp-3541
 38.350             Wait dur 0.1
 38.450             *Func-incrementExp-3542
 38.450             Wait dur 0.1
 38.550             *Func-incrementExp-3543
 38.550             Wait dur 0.1
 38.650             *Func-incrementExp-3544
 38.650             Wait dur 0.1
 38.750             *Func-incrementExp-3545
 38.750             Wait dur 0.1
 38.850             *Func-incrementExp-3546
 38.850             Wait dur 0.1
 38.950             *Func-incrementExp-3547
 38.950             Wait dur 0.1
 39.050             *Func-incrementExp-3548
 39.050             Wait dur 0.1
 39.150             *Func-incrementExp-3549
 39.150             Wait dur 0.1
 39.250             *Func-incrementExp-3550
 39.250             Wait dur 0.1
 39.350             *Func-incrementExp-3551
 39.350             Wait dur 0.1
 39.450             *Func-incrementExp-3552
 39.450             Wait dur 0.1
 39.550             *Func-incrementExp-3553
 39.550             Wait dur 0.1
 39.650             *Func-incrementExp-3554
 39.650             Wait dur 0.1
 39.750             *Func-incrementExp-3555
 39.750             Wait dur 0.1
 39.850             *Func-incrementExp-3556
 39.850             Wait dur 0.1
 39.950             *Func-incrementExp-3557
 39.950             Wait dur 0.1
 40.050             *Func-incrementExp-3558
 40.050             Wait dur 0.1
 40.150             *Func-incrementExp-3559
 40.150             Wait dur 0.1
 40.250             *Func-incrementExp-3560
 40.250             Wait dur 0.1
 40.350             *Func-incrementExp-3561
 40.350             Wait dur 0.1
 40.450             *Func-incrementExp-3562
 40.450             Wait dur 0.1
 40.550             *Func-incrementExp-3563
 40.550             Wait dur 0.1
 40.650             *Func-incrementExp-3564
 40.650             Wait dur 0.1
 40.750             *Func-incrementExp-3565
 40.750             Wait dur 0.1
 40.850             *Func-incrementExp-3566
 40.850             Wait dur 0.1
 40.950             *Func-incrementExp-3567
 40.950             Wait dur 0.1
 41.050             *Func-incrementExp-3568
 41.050             Wait dur 0.1
 41.150             *Func-incrementExp-3569
 41.150             Wait dur 0.1
 41.250             *Func-incrementExp-3570
 41.250             Wait dur 0.1
 41.350             *Func-incrementExp-3571
 41.350             Wait dur 0.1
 41.450             *Func-incrementExp-3572
 41.450             Wait dur 0.1
 41.550             *Func-incrementExp-3573
 41.550             Wait dur 0.1
 41.650             *Func-incrementExp-3574
 41.650             Wait dur 0.1
 41.750             *Func-incrementExp-3575
 41.750             Wait dur 0.1
 41.850             *Func-incrementExp-3576
 41.850             Wait dur 0.1
 41.950             *Func-incrementExp-3577
 41.950             Wait dur 0.1
 42.050             *Func-incrementExp-3578
 42.050             Wait dur 0.1
 42.150             *Func-incrementExp-3579
 42.150             Wait dur 0.1
 42.250             *Func-incrementExp-3580
 42.250             Wait dur 0.1
 42.350             *Func-incrementExp-3581
 42.350             Wait dur 0.1
 42.450             *Func-incrementExp-3582
 42.450             Wait dur 0.1
 42.550             *Func-incrementExp-3583
 42.550             Wait dur 0.1
 42.650             *Func-incrementExp-3584
 42.650             Wait dur 0.1
 42.750             *Func-incrementExp-3585
 42.750             Wait dur 0.1
 42.850             *Func-incrementExp-3586
 42.850             Wait dur 0.1
 42.950             *Func-incrementExp-3587
 42.950             Wait dur 0.1
 43.050             *Func-incrementExp-3588
 43.050             Wait dur 0.1
 43.150             *Func-resetBarColor-3589
 43.150             Wait dur 0.1
 43.250             *Func-uberGagInterval-3590
 43.250             Wait dur 1
 44.250             *Func-setProp-3591
 44.250             Wait dur 1
 45.250             *Func-setProp-3592
 45.250             Wait dur 1.5
 46.750             *Func-cleanupNewGag-3593
 46.750             Wait dur 0.3
 47.050             *Func-showTrackIncLabel-3594
 47.050             *Func-incrementExp-3595
 47.050             Wait dur 0.05
 47.100             *Func-incrementExp-3596
 47.100             Wait dur 0.05
 47.150             *Func-incrementExp-3597
 47.150             Wait dur 0.05
 47.200             *Func-incrementExp-3598
 47.200             Wait dur 0.05
 47.250             *Func-incrementExp-3599
 47.250             Wait dur 0.05
 47.300             *Func-incrementExp-3600
 47.300             Wait dur 0.05
 47.350             *Func-incrementExp-3601
 47.350             Wait dur 0.05
 47.400             *Func-incrementExp-3602
 47.400             Wait dur 0.05
 47.450             *Func-incrementExp-3603
 47.450             Wait dur 0.05
 47.500             *Func-incrementExp-3604
 47.500             Wait dur 0.05
 47.550             *Func-incrementExp-3605
 47.550             Wait dur 0.05
 47.600             *Func-incrementExp-3606
 47.600             Wait dur 0.05
 47.650             *Func-incrementExp-3607
 47.650             Wait dur 0.05
 47.700             *Func-incrementExp-3608
 47.700             Wait dur 0.05
 47.750             *Func-incrementExp-3609
 47.750             Wait dur 0.05
 47.800             *Func-incrementExp-3610
 47.800             Wait dur 0.05
 47.850             *Func-incrementExp-3611
 47.850             Wait dur 0.05
 47.900             *Func-incrementExp-3612
 47.900             Wait dur 0.05
 47.950             *Func-incrementExp-3613
 47.950             Wait dur 0.05
 48.000             *Func-incrementExp-3614
 48.000             Wait dur 0.05
 48.050             *Func-incrementExp-3615
 48.050             Wait dur 0.05
 48.100             *Func-incrementExp-3616
 48.100             Wait dur 0.05
 48.150             *Func-incrementExp-3617
 48.150             Wait dur 0.05
 48.200             *Func-incrementExp-3618
 48.200             Wait dur 0.05
 48.250             *Func-incrementExp-3619
 48.250             Wait dur 0.05
 48.300             *Func-incrementExp-3620
 48.300             Wait dur 0.05
 48.350             *Func-incrementExp-3621
 48.350             Wait dur 0.05
 48.400             *Func-incrementExp-3622
 48.400             Wait dur 0.05
 48.450             *Func-incrementExp-3623
 48.450             Wait dur 0.05
 48.500             *Func-incrementExp-3624
 48.500             Wait dur 0.05
 48.550             *Func-incrementExp-3625
 48.550             Wait dur 0.05
 48.600             *Func-incrementExp-3626
 48.600             Wait dur 0.05
 48.650             *Func-incrementExp-3627
 48.650             Wait dur 0.05
 48.700             *Func-incrementExp-3628
 48.700             Wait dur 0.05
 48.750             *Func-incrementExp-3629
 48.750             Wait dur 0.05
 48.800             *Func-incrementExp-3630
 48.800             Wait dur 0.05
 48.850             *Func-incrementExp-3631
 48.850             Wait dur 0.05
 48.900             *Func-incrementExp-3632
 48.900             Wait dur 0.05
 48.950             *Func-incrementExp-3633
 48.950             Wait dur 0.05
 49.000             *Func-incrementExp-3634
 49.000             Wait dur 0.05
 49.050             *Func-incrementExp-3635
 49.050             Wait dur 0.05
 49.100             *Func-incrementExp-3636
 49.100             Wait dur 0.05
 49.150             *Func-incrementExp-3637
 49.150             Wait dur 0.05
 49.200             *Func-incrementExp-3638
 49.200             Wait dur 0.05
 49.250             *Func-incrementExp-3639
 49.250             Wait dur 0.05
 49.300             *Func-incrementExp-3640
 49.300             Wait dur 0.05
 49.350             *Func-incrementExp-3641
 49.350             Wait dur 0.05
 49.400             *Func-incrementExp-3642
 49.400             Wait dur 0.05
 49.450             *Func-incrementExp-3643
 49.450             Wait dur 0.05
 49.500             *Func-incrementExp-3644
 49.500             Wait dur 0.05
 49.550             *Func-incrementExp-3645
 49.550             Wait dur 0.05
 49.600             *Func-incrementExp-3646
 49.600             Wait dur 0.05
 49.650             *Func-incrementExp-3647
 49.650             Wait dur 0.05
 49.700             *Func-incrementExp-3648
 49.700             Wait dur 0.05
 49.750             *Func-incrementExp-3649
 49.750             Wait dur 0.05
 49.800             *Func-incrementExp-3650
 49.800             Wait dur 0.05
 49.850             *Func-incrementExp-3651
 49.850             Wait dur 0.05
 49.900             *Func-incrementExp-3652
 49.900             Wait dur 0.05
 49.950             *Func-incrementExp-3653
 49.950             Wait dur 0.05
 50.000             *Func-incrementExp-3654
 50.000             Wait dur 0.05
 50.050             *Func-incrementExp-3655
 50.050             Wait dur 0.05
 50.100             *Func-incrementExp-3656
 50.100             Wait dur 0.05
 50.150             *Func-incrementExp-3657
 50.150             Wait dur 0.05
 50.200             *Func-incrementExp-3658
 50.200             Wait dur 0.05
 50.250             *Func-incrementExp-3659
 50.250             Wait dur 0.05
 50.300             *Func-incrementExp-3660
 50.300             Wait dur 0.05
 50.350             Wait dur 0.3
 50.650             *Func-showTrackIncLabel-3661
 50.650             *Func-incrementExp-3662
 50.650             Wait dur 0.1
 50.750             *Func-incrementExp-3663
 50.750             Wait dur 0.1
 50.850             *Func-incrementExp-3664
 50.850             Wait dur 0.1
 50.950             *Func-incrementExp-3665
 50.950             Wait dur 0.1
 51.050             *Func-incrementExp-3666
 51.050             Wait dur 0.1
 51.150             *Func-incrementExp-3667
 51.150             Wait dur 0.1
 51.250             *Func-incrementExp-3668
 51.250             Wait dur 0.1
 51.350             *Func-incrementExp-3669
 51.350             Wait dur 0.1
 51.450             *Func-incrementExp-3670
 51.450             Wait dur 0.1
 51.550             *Func-incrementExp-3671
 51.550             Wait dur 0.1
 51.650             *Func-incrementExp-3672
 51.650             Wait dur 0.1
 51.750             *Func-incrementExp-3673
 51.750             Wait dur 0.1
 51.850             *Func-incrementExp-3674
 51.850             Wait dur 0.1
 51.950             *Func-incrementExp-3675
 51.950             Wait dur 0.1
 52.050             *Func-incrementExp-3676
 52.050             Wait dur 0.1
 52.150             *Func-incrementExp-3677
 52.150             Wait dur 0.1
 52.250             *Func-incrementExp-3678
 52.250             Wait dur 0.1
 52.350             *Func-incrementExp-3679
 52.350             Wait dur 0.1
 52.450             *Func-incrementExp-3680
 52.450             Wait dur 0.1
 52.550             *Func-incrementExp-3681
 52.550             Wait dur 0.1
 52.650             *Func-incrementExp-3682
 52.650             Wait dur 0.1
 52.750             *Func-incrementExp-3683
 52.750             Wait dur 0.1
 52.850             *Func-incrementExp-3684
 52.850             Wait dur 0.1
 52.950             *Func-incrementExp-3685
 52.950             Wait dur 0.1
 53.050             *Func-incrementExp-3686
 53.050             Wait dur 0.1
 53.150             *Func-incrementExp-3687
 53.150             Wait dur 0.1
 53.250             *Func-incrementExp-3688
 53.250             Wait dur 0.1
 53.350             *Func-incrementExp-3689
 53.350             Wait dur 0.1
 53.450             *Func-incrementExp-3690
 53.450             Wait dur 0.1
 53.550             *Func-incrementExp-3691
 53.550             Wait dur 0.1
 53.650             *Func-incrementExp-3692
 53.650             Wait dur 0.1
 53.750             *Func-incrementExp-3693
 53.750             Wait dur 0.1
 53.850             *Func-incrementExp-3694
 53.850             Wait dur 0.1
 53.950             *Func-incrementExp-3695
 53.950             Wait dur 0.1
 54.050             *Func-incrementExp-3696
 54.050             Wait dur 0.1
 54.150             *Func-incrementExp-3697
 54.150             Wait dur 0.1
 54.250             *Func-incrementExp-3698
 54.250             Wait dur 0.1
 54.350             *Func-incrementExp-3699
 54.350             Wait dur 0.1
 54.450             *Func-incrementExp-3700
 54.450             Wait dur 0.1
 54.550             *Func-incrementExp-3701
 54.550             Wait dur 0.1
 54.650             *Func-incrementExp-3702
 54.650             Wait dur 0.1
 54.750             *Func-incrementExp-3703
 54.750             Wait dur 0.1
 54.850             *Func-incrementExp-3704
 54.850             Wait dur 0.1
 54.950             *Func-incrementExp-3705
 54.950             Wait dur 0.1
 55.050             *Func-incrementExp-3706
 55.050             Wait dur 0.1
 55.150             *Func-incrementExp-3707
 55.150             Wait dur 0.1
 55.250             *Func-incrementExp-3708
 55.250             Wait dur 0.1
 55.350             *Func-incrementExp-3709
 55.350             Wait dur 0.1
 55.450             *Func-incrementExp-3710
 55.450             Wait dur 0.1
 55.550             *Func-incrementExp-3711
 55.550             Wait dur 0.1
 55.650             *Func-incrementExp-3712
 55.650             Wait dur 0.1
 55.750             *Func-incrementExp-3713
 55.750             Wait dur 0.1
 55.850             *Func-incrementExp-3714
 55.850             Wait dur 0.1
 55.950             *Func-incrementExp-3715
 55.950             Wait dur 0.1
 56.050             *Func-incrementExp-3716
 56.050             Wait dur 0.1
 56.150             *Func-incrementExp-3717
 56.150             Wait dur 0.1
 56.250             *Func-incrementExp-3718
 56.250             Wait dur 0.1
 56.350             *Func-incrementExp-3719
 56.350             Wait dur 0.1
 56.450             *Func-incrementExp-3720
 56.450             Wait dur 0.1
 56.550             *Func-incrementExp-3721
 56.550             Wait dur 0.1
 56.650             *Func-incrementExp-3722
 56.650             Wait dur 0.1
 56.750             *Func-incrementExp-3723
 56.750             Wait dur 0.1
 56.850             *Func-incrementExp-3724
 56.850             Wait dur 0.1
 56.950             *Func-incrementExp-3725
 56.950             Wait dur 0.1
 57.050             *Func-incrementExp-3726
 57.050             Wait dur 0.1
 57.150             *Func-resetBarColor-3727
 57.150             Wait dur 0.1
 57.250             *Func-uberGagInterval-3728
 57.250             Wait dur 1
 58.250             *Func-setProp-3729
 58.250             Wait dur 1
 59.250             *Func-setProp-3730
 59.250             Wait dur 1.5
 60.750             *Func-cleanupNewGag-3731
 60.750             Wait dur 0.3
 61.050             *Func-showTrackIncLabel-3732
 61.050             *Func-incrementExp-3733
 61.050             Wait dur 0.05
 61.100             *Func-incrementExp-3734
 61.100             Wait dur 0.05
 61.150             *Func-incrementExp-3735
 61.150             Wait dur 0.05
 61.200             *Func-incrementExp-3736
 61.200             Wait dur 0.05
 61.250             *Func-incrementExp-3737
 61.250             Wait dur 0.05
 61.300             *Func-incrementExp-3738
 61.300             Wait dur 0.05
 61.350             *Func-incrementExp-3739
 61.350             Wait dur 0.05
 61.400             *Func-incrementExp-3740
 61.400             Wait dur 0.05
 61.450             *Func-incrementExp-3741
 61.450             Wait dur 0.05
 61.500             *Func-incrementExp-3742
 61.500             Wait dur 0.05
 61.550             *Func-incrementExp-3743
 61.550             Wait dur 0.05
 61.600             *Func-incrementExp-3744
 61.600             Wait dur 0.05
 61.650             *Func-incrementExp-3745
 61.650             Wait dur 0.05
 61.700             *Func-incrementExp-3746
 61.700             Wait dur 0.05
 61.750             *Func-incrementExp-3747
 61.750             Wait dur 0.05
 61.800             *Func-incrementExp-3748
 61.800             Wait dur 0.05
 61.850             *Func-incrementExp-3749
 61.850             Wait dur 0.05
 61.900             *Func-incrementExp-3750
 61.900             Wait dur 0.05
 61.950             *Func-incrementExp-3751
 61.950             Wait dur 0.05
 62.000             *Func-incrementExp-3752
 62.000             Wait dur 0.05
 62.050             *Func-incrementExp-3753
 62.050             Wait dur 0.05
 62.100             *Func-incrementExp-3754
 62.100             Wait dur 0.05
 62.150             *Func-incrementExp-3755
 62.150             Wait dur 0.05
 62.200             *Func-incrementExp-3756
 62.200             Wait dur 0.05
 62.250             *Func-incrementExp-3757
 62.250             Wait dur 0.05
 62.300             *Func-incrementExp-3758
 62.300             Wait dur 0.05
 62.350             *Func-incrementExp-3759
 62.350             Wait dur 0.05
 62.400             *Func-incrementExp-3760
 62.400             Wait dur 0.05
 62.450             *Func-incrementExp-3761
 62.450             Wait dur 0.05
 62.500             *Func-incrementExp-3762
 62.500             Wait dur 0.05
 62.550             *Func-incrementExp-3763
 62.550             Wait dur 0.05
 62.600             *Func-incrementExp-3764
 62.600             Wait dur 0.05
 62.650             *Func-incrementExp-3765
 62.650             Wait dur 0.05
 62.700             *Func-incrementExp-3766
 62.700             Wait dur 0.05
 62.750             *Func-incrementExp-3767
 62.750             Wait dur 0.05
 62.800             *Func-incrementExp-3768
 62.800             Wait dur 0.05
 62.850             *Func-incrementExp-3769
 62.850             Wait dur 0.05
 62.900             *Func-incrementExp-3770
 62.900             Wait dur 0.05
 62.950             *Func-incrementExp-3771
 62.950             Wait dur 0.05
 63.000             *Func-incrementExp-3772
 63.000             Wait dur 0.05
 63.050             *Func-incrementExp-3773
 63.050             Wait dur 0.05
 63.100             *Func-incrementExp-3774
 63.100             Wait dur 0.05
 63.150             *Func-incrementExp-3775
 63.150             Wait dur 0.05
 63.200             *Func-incrementExp-3776
 63.200             Wait dur 0.05
 63.250             *Func-incrementExp-3777
 63.250             Wait dur 0.05
 63.300             *Func-incrementExp-3778
 63.300             Wait dur 0.05
 63.350             *Func-incrementExp-3779
 63.350             Wait dur 0.05
 63.400             *Func-incrementExp-3780
 63.400             Wait dur 0.05
 63.450             *Func-incrementExp-3781
 63.450             Wait dur 0.05
 63.500             *Func-incrementExp-3782
 63.500             Wait dur 0.05
 63.550             *Func-incrementExp-3783
 63.550             Wait dur 0.05
 63.600             *Func-incrementExp-3784
 63.600             Wait dur 0.05
 63.650             *Func-incrementExp-3785
 63.650             Wait dur 0.05
 63.700             *Func-incrementExp-3786
 63.700             Wait dur 0.05
 63.750             *Func-incrementExp-3787
 63.750             Wait dur 0.05
 63.800             *Func-incrementExp-3788
 63.800             Wait dur 0.05
 63.850             *Func-incrementExp-3789
 63.850             Wait dur 0.05
 63.900             *Func-incrementExp-3790
 63.900             Wait dur 0.05
 63.950             *Func-incrementExp-3791
 63.950             Wait dur 0.05
 64.000             *Func-incrementExp-3792
 64.000             Wait dur 0.05
 64.050             *Func-incrementExp-3793
 64.050             Wait dur 0.05
 64.100             *Func-incrementExp-3794
 64.100             Wait dur 0.05
 64.150             *Func-incrementExp-3795
 64.150             Wait dur 0.05
 64.200             *Func-incrementExp-3796
 64.200             Wait dur 0.05
 64.250             *Func-incrementExp-3797
 64.250             Wait dur 0.05
 64.300             Wait dur 0.3
 64.600             *Func-showTrackIncLabel-3798
 64.600             *Func-incrementExp-3799
 64.600             Wait dur 0.1
 64.700             *Func-incrementExp-3800
 64.700             Wait dur 0.1
 64.800             *Func-incrementExp-3801
 64.800             Wait dur 0.1
 64.900             *Func-incrementExp-3802
 64.900             Wait dur 0.1
 65.000             *Func-incrementExp-3803
 65.000             Wait dur 0.1
 65.100             *Func-incrementExp-3804
 65.100             Wait dur 0.1
 65.200             *Func-incrementExp-3805
 65.200             Wait dur 0.1
 65.300             *Func-incrementExp-3806
 65.300             Wait dur 0.1
 65.400             *Func-incrementExp-3807
 65.400             Wait dur 0.1
 65.500             *Func-incrementExp-3808
 65.500             Wait dur 0.1
 65.600             *Func-incrementExp-3809
 65.600             Wait dur 0.1
 65.700             *Func-incrementExp-3810
 65.700             Wait dur 0.1
 65.800             *Func-incrementExp-3811
 65.800             Wait dur 0.1
 65.900             *Func-incrementExp-3812
 65.900             Wait dur 0.1
 66.000             *Func-incrementExp-3813
 66.000             Wait dur 0.1
 66.100             *Func-incrementExp-3814
 66.100             Wait dur 0.1
 66.200             *Func-incrementExp-3815
 66.200             Wait dur 0.1
 66.300             *Func-incrementExp-3816
 66.300             Wait dur 0.1
 66.400             *Func-incrementExp-3817
 66.400             Wait dur 0.1
 66.500             *Func-incrementExp-3818
 66.500             Wait dur 0.1
 66.600             *Func-incrementExp-3819
 66.600             Wait dur 0.1
 66.700             *Func-incrementExp-3820
 66.700             Wait dur 0.1
 66.800             *Func-incrementExp-3821
 66.800             Wait dur 0.1
 66.900             *Func-incrementExp-3822
 66.900             Wait dur 0.1
 67.000             *Func-incrementExp-3823
 67.000             Wait dur 0.1
 67.100             *Func-incrementExp-3824
 67.100             Wait dur 0.1
 67.200             *Func-incrementExp-3825
 67.200             Wait dur 0.1
 67.300             *Func-incrementExp-3826
 67.300             Wait dur 0.1
 67.400             *Func-incrementExp-3827
 67.400             Wait dur 0.1
 67.500             *Func-incrementExp-3828
 67.500             Wait dur 0.1
 67.600             *Func-incrementExp-3829
 67.600             Wait dur 0.1
 67.700             *Func-incrementExp-3830
 67.700             Wait dur 0.1
 67.800             *Func-incrementExp-3831
 67.800             Wait dur 0.1
 67.900             *Func-incrementExp-3832
 67.900             Wait dur 0.1
 68.000             *Func-incrementExp-3833
 68.000             Wait dur 0.1
 68.100             *Func-incrementExp-3834
 68.100             Wait dur 0.1
 68.200             *Func-incrementExp-3835
 68.200             Wait dur 0.1
 68.300             *Func-incrementExp-3836
 68.300             Wait dur 0.1
 68.400             *Func-incrementExp-3837
 68.400             Wait dur 0.1
 68.500             *Func-incrementExp-3838
 68.500             Wait dur 0.1
 68.600             *Func-incrementExp-3839
 68.600             Wait dur 0.1
 68.700             *Func-incrementExp-3840
 68.700             Wait dur 0.1
 68.800             *Func-incrementExp-3841
 68.800             Wait dur 0.1
 68.900             *Func-incrementExp-3842
 68.900             Wait dur 0.1
 69.000             *Func-incrementExp-3843
 69.000             Wait dur 0.1
 69.100             *Func-incrementExp-3844
 69.100             Wait dur 0.1
 69.200             *Func-incrementExp-3845
 69.200             Wait dur 0.1
 69.300             *Func-incrementExp-3846
 69.300             Wait dur 0.1
 69.400             *Func-incrementExp-3847
 69.400             Wait dur 0.1
 69.500             *Func-incrementExp-3848
 69.500             Wait dur 0.1
 69.600             *Func-incrementExp-3849
 69.600             Wait dur 0.1
 69.700             *Func-incrementExp-3850
 69.700             Wait dur 0.1
 69.800             *Func-incrementExp-3851
 69.800             Wait dur 0.1
 69.900             *Func-incrementExp-3852
 69.900             Wait dur 0.1
 70.000             *Func-incrementExp-3853
 70.000             Wait dur 0.1
 70.100             *Func-incrementExp-3854
 70.100             Wait dur 0.1
 70.200             *Func-incrementExp-3855
 70.200             Wait dur 0.1
 70.300             *Func-incrementExp-3856
 70.300             Wait dur 0.1
 70.400             *Func-incrementExp-3857
 70.400             Wait dur 0.1
 70.500             *Func-incrementExp-3858
 70.500             Wait dur 0.1
 70.600             *Func-incrementExp-3859
 70.600             Wait dur 0.1
 70.700             *Func-incrementExp-3860
 70.700             Wait dur 0.1
 70.800             *Func-incrementExp-3861
 70.800             Wait dur 0.1
 70.900             *Func-incrementExp-3862
 70.900             Wait dur 0.1
 71.000             *Func-incrementExp-3863
 71.000             Wait dur 0.1
 71.100             *Func-incrementExp-3864
 71.100             Wait dur 0.1
 71.200             *Func-incrementExp-3865
 71.200             Wait dur 0.1
 71.300             *Func-incrementExp-3866
 71.300             Wait dur 0.1
 71.400             *Func-resetBarColor-3867
 71.400             Wait dur 0.1
 71.500             *Func-uberGagInterval-3868
 71.500             Wait dur 1
 72.500             *Func-setProp-3869
 72.500             Wait dur 1
 73.500             *Func-setProp-3870
 73.500             Wait dur 1.5
 75.000             *Func-cleanupNewGag-3871
 75.000             Wait dur 0.3
 75.300             *Func-showTrackIncLabel-3872
 75.300             *Func-incrementExp-3873
 75.300             Wait dur 0.05
 75.350             *Func-incrementExp-3874
 75.350             Wait dur 0.05
 75.400             *Func-incrementExp-3875
 75.400             Wait dur 0.05
 75.450             *Func-incrementExp-3876
 75.450             Wait dur 0.05
 75.500             *Func-incrementExp-3877
 75.500             Wait dur 0.05
 75.550             *Func-incrementExp-3878
 75.550             Wait dur 0.05
 75.600             *Func-incrementExp-3879
 75.600             Wait dur 0.05
 75.650             *Func-incrementExp-3880
 75.650             Wait dur 0.05
 75.700             *Func-incrementExp-3881
 75.700             Wait dur 0.05
 75.750             *Func-incrementExp-3882
 75.750             Wait dur 0.05
 75.800             *Func-incrementExp-3883
 75.800             Wait dur 0.05
 75.850             *Func-incrementExp-3884
 75.850             Wait dur 0.05
 75.900             *Func-incrementExp-3885
 75.900             Wait dur 0.05
 75.950             *Func-incrementExp-3886
 75.950             Wait dur 0.05
 76.000             *Func-incrementExp-3887
 76.000             Wait dur 0.05
 76.050             *Func-incrementExp-3888
 76.050             Wait dur 0.05
 76.100             *Func-incrementExp-3889
 76.100             Wait dur 0.05
 76.150             *Func-incrementExp-3890
 76.150             Wait dur 0.05
 76.200             *Func-incrementExp-3891
 76.200             Wait dur 0.05
 76.250             *Func-incrementExp-3892
 76.250             Wait dur 0.05
 76.300             *Func-incrementExp-3893
 76.300             Wait dur 0.05
 76.350             *Func-incrementExp-3894
 76.350             Wait dur 0.05
 76.400             *Func-incrementExp-3895
 76.400             Wait dur 0.05
 76.450             *Func-incrementExp-3896
 76.450             Wait dur 0.05
 76.500             *Func-incrementExp-3897
 76.500             Wait dur 0.05
 76.550             *Func-incrementExp-3898
 76.550             Wait dur 0.05
 76.600             *Func-incrementExp-3899
 76.600             Wait dur 0.05
 76.650             *Func-incrementExp-3900
 76.650             Wait dur 0.05
 76.700             *Func-incrementExp-3901
 76.700             Wait dur 0.05
 76.750             *Func-incrementExp-3902
 76.750             Wait dur 0.05
 76.800             *Func-incrementExp-3903
 76.800             Wait dur 0.05
 76.850             *Func-incrementExp-3904
 76.850             Wait dur 0.05
 76.900             *Func-incrementExp-3905
 76.900             Wait dur 0.05
 76.950             *Func-incrementExp-3906
 76.950             Wait dur 0.05
 77.000             *Func-incrementExp-3907
 77.000             Wait dur 0.05
 77.050             *Func-incrementExp-3908
 77.050             Wait dur 0.05
 77.100             *Func-incrementExp-3909
 77.100             Wait dur 0.05
 77.150             *Func-incrementExp-3910
 77.150             Wait dur 0.05
 77.200             *Func-incrementExp-3911
 77.200             Wait dur 0.05
 77.250             *Func-incrementExp-3912
 77.250             Wait dur 0.05
 77.300             *Func-incrementExp-3913
 77.300             Wait dur 0.05
 77.350             *Func-incrementExp-3914
 77.350             Wait dur 0.05
 77.400             *Func-incrementExp-3915
 77.400             Wait dur 0.05
 77.450             *Func-incrementExp-3916
 77.450             Wait dur 0.05
 77.500             *Func-incrementExp-3917
 77.500             Wait dur 0.05
 77.550             *Func-incrementExp-3918
 77.550             Wait dur 0.05
 77.600             *Func-incrementExp-3919
 77.600             Wait dur 0.05
 77.650             *Func-incrementExp-3920
 77.650             Wait dur 0.05
 77.700             *Func-incrementExp-3921
 77.700             Wait dur 0.05
 77.750             *Func-incrementExp-3922
 77.750             Wait dur 0.05
 77.800             *Func-incrementExp-3923
 77.800             Wait dur 0.05
 77.850             *Func-incrementExp-3924
 77.850             Wait dur 0.05
 77.900             *Func-incrementExp-3925
 77.900             Wait dur 0.05
 77.950             *Func-incrementExp-3926
 77.950             Wait dur 0.05
 78.000             *Func-incrementExp-3927
 78.000             Wait dur 0.05
 78.050             *Func-incrementExp-3928
 78.050             Wait dur 0.05
 78.100             *Func-incrementExp-3929
 78.100             Wait dur 0.05
 78.150             *Func-incrementExp-3930
 78.150             Wait dur 0.05
 78.200             *Func-incrementExp-3931
 78.200             Wait dur 0.05
 78.250             *Func-incrementExp-3932
 78.250             Wait dur 0.05
 78.300             *Func-incrementExp-3933
 78.300             Wait dur 0.05
 78.350             *Func-incrementExp-3934
 78.350             Wait dur 0.05
 78.400             *Func-incrementExp-3935
 78.400             Wait dur 0.05
 78.450             *Func-incrementExp-3936
 78.450             Wait dur 0.05
 78.500             *Func-incrementExp-3937
 78.500             Wait dur 0.05
 78.550             *Func-incrementExp-3938
 78.550             Wait dur 0.05
 78.600             *Func-incrementExp-3939
 78.600             Wait dur 0.05
 78.650             *Func-incrementExp-3940
 78.650             Wait dur 0.05
 78.700             Wait dur 0.3
 79.000             *Func-incrementMerits-3941
 79.000             Wait dur 0.08
 79.080             *Func-incrementMerits-3942
 79.080             Wait dur 0.08
 79.160             *Func-incrementMerits-3943
 79.160             Wait dur 0.08
 79.240             *Func-incrementMerits-3944
 79.240             Wait dur 0.08
 79.320             *Func-incrementMerits-3945
 79.320             Wait dur 0.08
 79.400             *Func-incrementMerits-3946
 79.400             Wait dur 0.08
 79.480             *Func-incrementMerits-3947
 79.480             Wait dur 0.08
 79.560             *Func-incrementMerits-3948
 79.560             Wait dur 0.08
 79.640             *Func-incrementMerits-3949
 79.640             Wait dur 0.08
 79.720             *Func-incrementMerits-3950
 79.720             Wait dur 0.08
 79.800             *Func-incrementMerits-3951
 79.800             Wait dur 0.08
 79.880             *Func-incrementMerits-3952
 79.880             Wait dur 0.08
 79.960             *Func-incrementMerits-3953
 79.960             Wait dur 0.08
 80.040             *Func-incrementMerits-3954
 80.040             Wait dur 0.08
 80.120             *Func-incrementMerits-3955
 80.120             Wait dur 0.08
 80.200             *Func-incrementMerits-3956
 80.200             Wait dur 0.08
 80.280             *Func-incrementMerits-3957
 80.280             Wait dur 0.08
 80.360             *Func-incrementMerits-3958
 80.360             Wait dur 0.08
 80.440             *Func-incrementMerits-3959
 80.440             Wait dur 0.08
 80.520             *Func-incrementMerits-3960
 80.520             Wait dur 0.08
 80.600             *Func-incrementMerits-3961
 80.600             Wait dur 0.08
 80.680             *Func-incrementMerits-3962
 80.680             Wait dur 0.08
 80.760             *Func-incrementMerits-3963
 80.760             Wait dur 0.08
 80.840             *Func-incrementMerits-3964
 80.840             Wait dur 0.08
 80.920             *Func-incrementMerits-3965
 80.920             Wait dur 0.08
 81.000             *Func-incrementMerits-3966
 81.000             Wait dur 0.08
 81.080             *Func-incrementMerits-3967
 81.080             Wait dur 0.08
 81.160             *Func-incrementMerits-3968
 81.160             Wait dur 0.08
 81.240             *Func-incrementMerits-3969
 81.240             Wait dur 0.08
 81.320             *Func-incrementMerits-3970
 81.320             Wait dur 0.08
 81.400             *Func-incrementMerits-3971
 81.400             Wait dur 0.08
 81.480             *Func-incrementMerits-3972
 81.480             Wait dur 0.08
 81.560             *Func-incrementMerits-3973
 81.560             Wait dur 0.08
 81.640             *Func-incrementMerits-3974
 81.640             Wait dur 0.08
 81.720             *Func-incrementMerits-3975
 81.720             Wait dur 0.08
 81.800             *Func-incrementMerits-3976
 81.800             Wait dur 0.08
 81.880             *Func-incrementMerits-3977
 81.880             Wait dur 0.08
 81.960             *Func-incrementMerits-3978
 81.960             Wait dur 0.08
 82.040             *Func-incrementMerits-3979
 82.040             Wait dur 0.08
 82.120             *Func-incrementMerits-3980
 82.120             Wait dur 0.08
 82.200             *Func-incrementMerits-3981
 82.200             Wait dur 0.08
 82.280             *Func-incrementMerits-3982
 82.280             Wait dur 0.08
 82.360             *Func-incrementMerits-3983
 82.360             Wait dur 0.08
 82.440             *Func-incrementMerits-3984
 82.440             Wait dur 0.08
 82.520             *Func-incrementMerits-3985
 82.520             Wait dur 0.08
 82.600             *Func-incrementMerits-3986
 82.600             Wait dur 0.08
 82.680             *Func-incrementMerits-3987
 82.680             Wait dur 0.08
 82.760             *Func-incrementMerits-3988
 82.760             Wait dur 0.08
 82.840             *Func-incrementMerits-3989
 82.840             Wait dur 0.08
 82.920             *Func-incrementMerits-3990
 82.920             Wait dur 0.08
 83.000             *Func-incrementMerits-3991
 83.000             Wait dur 0.08
 83.080             *Func-incrementMerits-3992
 83.080             Wait dur 0.08
 83.160             *Func-incrementMerits-3993
 83.160             Wait dur 0.08
 83.240             *Func-incrementMerits-3994
 83.240             Wait dur 0.08
 83.320             *Func-incrementMerits-3995
 83.320             Wait dur 0.08
 83.400             *Func-incrementMerits-3996
 83.400             Wait dur 0.08
 83.480             *Func-incrementMerits-3997
 83.480             Wait dur 0.08
 83.560             *Func-incrementMerits-3998
 83.560             Wait dur 0.08
 83.640             *Func-incrementMerits-3999
 83.640             Wait dur 0.08
 83.720             *Func-incrementMerits-4000
 83.720             Wait dur 0.08
 83.800             *Func-incrementMerits-4001
 83.800             Wait dur 0.08
 83.880             *Func-incrementMerits-4002
 83.880             Wait dur 0.08
 83.960             *Func-incrementMerits-4003
 83.960             Wait dur 0.08
 84.040             *Func-incrementMerits-4004
 84.040             Wait dur 0.08
 84.120             *Func-incrementMerits-4005
 84.120             Wait dur 0.08
 84.200             *Func-incrementMerits-4006
 84.200             Wait dur 0.08
 84.280             *Func-incrementMerits-4007
 84.280             Wait dur 0.08
 84.360             *Func-incrementMerits-4008
 84.360             Wait dur 0.08
 84.440             *Func-incrementMerits-4009
 84.440             Wait dur 0.08
 84.520             *Func-incrementMerits-4010
 84.520             Wait dur 0.08
 84.600             *Func-incrementMerits-4011
 84.600             Wait dur 0.08
 84.680             *Func-incrementMerits-4012
 84.680             Wait dur 0.08
 84.760             *Func-incrementMerits-4013
 84.760             Wait dur 0.08
 84.840             *Func-incrementMerits-4014
 84.840             Wait dur 0.08
 84.920             *Func-incrementMerits-4015
 84.920             Wait dur 0.08
 85.000             *Func-incrementMerits-4016
 85.000             Wait dur 0.08
 85.080             *Func-incrementMerits-4017
 85.080             Wait dur 0.08
 85.160             *Func-incrementMerits-4018
 85.160             Wait dur 0.08
 85.240             *Func-incrementMerits-4019
 85.240             Wait dur 0.08
 85.320             *Func-incrementMerits-4020
 85.320             Wait dur 0.08
 85.400             *Func-incrementMerits-4021
 85.400             Wait dur 0.08
 85.480             *Func-incrementMerits-4022
 85.480             Wait dur 0.08
 85.560             *Func-incrementMerits-4023
 85.560             Wait dur 0.08
 85.640             *Func-incrementMerits-4024
 85.640             Wait dur 0.08
 85.720             *Func-incrementMerits-4025
 85.720             Wait dur 0.08
 85.800             *Func-incrementMerits-4026
 85.800             Wait dur 0.08
 85.880             *Func-incrementMerits-4027
 85.880             Wait dur 0.08
 85.960             *Func-incrementMerits-4028
 85.960             Wait dur 0.08
 86.040             *Func-incrementMerits-4029
 86.040             Wait dur 0.08
 86.120             *Func-incrementMerits-4030
 86.120             Wait dur 0.08
 86.200             *Func-resetMeritBarColor-4031
 86.200             Wait dur 0.3
 86.500             Wait dur 1
 87.500             Wait dur 0.25
 87.750           }
 87.750           *Func-_teardownSkipListen-4036
 87.750           *Func-destroy-4037
 87.750           *Func-hide-4038
 87.750           *Func-setOnscreenChatForced-4039
 87.750           Sequence-2620 {
 87.750           }
 87.750         }
  0.000         *Sound-494 dur 87.75
 87.750       }
 87.750       *Func-__handleBuildingRewardDone-4040
 87.750     }
 87.750   }
  0.000   Sequence-2617 {
  0.000     Sequence-2619 {
  0.000       Sequence-2623 {
  0.000         *Func-chooseRewardShotNow-4035
  0.000         Wait dur 87.75
 87.750       }
 87.750     }
 87.750   }
 87.750 }

Traceback (most recent call last):
  File "C:\Panda3D-1.10.0\direct\showbase\EventManager.py", line 52, in eventLoopTask
    self.doEvents()
  File "C:\Panda3D-1.10.0\direct\showbase\EventManager.py", line 46, in doEvents
    processFunc(self.eventQueue.dequeueEvent())
  File "C:\Panda3D-1.10.0\direct\showbase\EventManager.py", line 103, in processEvent
    messenger.send(eventName, paramList)
  File "C:\Panda3D-1.10.0\direct\showbase\Messenger.py", line 326, in send
    self.__dispatch(acceptorDict, event, sentArgs, foundWatch)
  File "C:\Panda3D-1.10.0\direct\showbase\Messenger.py", line 411, in __dispatch
    method (*(extraArgs + sentArgs))
  File "C:\Panda3D-1.10.0\direct\showbase\ShowBase.py", line 2665, in windowEvent
    self.userExit()
  File "toontown\toonbase\ToonBase.py", line 400, in userExit
    self.cr.dumpAllSubShardObjects()
  File "toontown\distributed\ToontownClientRepository.py", line 556, in dumpAllSubShardObjects
    self.deleteObject(doId)
  File "toontown\distributed\ToontownClientRepository.py", line 906, in deleteObject
    obj.deleteOrDelay()
  File "C:\Panda3D-1.10.0\direct\distributed\DistributedObject.py", line 199, in deleteOrDelay
    self.disableAnnounceAndDelete()
  File "C:\Panda3D-1.10.0\direct\distributed\DistributedObject.py", line 202, in disableAnnounceAndDelete
    self.disableAndAnnounce()
  File "C:\Panda3D-1.10.0\direct\distributed\DistributedObject.py", line 228, in disableAndAnnounce
    self.disable()
  File "toontown\battle\DistributedBattleBldg.py", line 52, in disable
    DistributedBattleBase.DistributedBattleBase.disable(self)
  File "toontown\battle\DistributedBattleBase.py", line 133, in disable
    self.cleanupBattle()
  File "toontown\battle\DistributedBattleBase.py", line 145, in cleanupBattle
    self.fsm.requestFinalState()
  File "C:\Panda3D-1.10.0\direct\fsm\ClassicFSM.py", line 151, in requestFinalState
    self.request(self.getFinalState().getName())
  File "C:\Panda3D-1.10.0\direct\fsm\ClassicFSM.py", line 302, in request
    exitArgList)
  File "C:\Panda3D-1.10.0\direct\fsm\ClassicFSM.py", line 230, in __transition
    self.__exitCurrent(exitArgList)
  File "C:\Panda3D-1.10.0\direct\fsm\ClassicFSM.py", line 188, in __exitCurrent
    self.__currentState.exit(argList)
  File "C:\Panda3D-1.10.0\direct\fsm\State.py", line 213, in exit
    apply(self.__exitFunc, argList)
  File "toontown\battle\DistributedBattleBldg.py", line 208, in exitBuildingReward
    self.movie.resetReward(finish=1)
  File "toontown\battle\Movie.py", line 222, in resetReward
    self.stop()
  File "toontown\battle\Movie.py", line 366, in stop
    self.track.finish()
  File "C:\Panda3D-1.10.0\direct\interval\MetaInterval.py", line 391, in finish
    self.privPostEvent()
  File "C:\Panda3D-1.10.0\direct\interval\MetaInterval.py", line 519, in privPostEvent
    self.__doPythonCallbacks()
  File "C:\Panda3D-1.10.0\direct\interval\MetaInterval.py", line 495, in __doPythonCallbacks
    ival.privDoEvent(t, eventType)
  File "C:\Panda3D-1.10.0\direct\interval\Interval.py", line 206, in privDoEvent
    self.privInstant()
  File "C:\Panda3D-1.10.0\direct\interval\FunctionInterval.py", line 88, in privInstant
    self.function(*self.extraArgs, **self.kw)
  File "toontown\battle\DistributedBattleBldg.py", line 205, in __handleBuildingRewardDone
    self.fsm.request('Resume')
  File "C:\Panda3D-1.10.0\direct\fsm\ClassicFSM.py", line 246, in request
    assert not self.__internalStateInFlux
AssertionError
Traceback (most recent call last):
  File "otp\otpbase\OTPBase.py", line 34, in run
    taskMgr.run()
  File "C:\Panda3D-1.10.0\direct\task\Task.py", line 508, in run
    self.step()
  File "C:\Panda3D-1.10.0\direct\task\Task.py", line 465, in step
    self.mgr.poll()
  File "C:\Panda3D-1.10.0\direct\showbase\EventManager.py", line 52, in eventLoopTask
    self.doEvents()
  File "C:\Panda3D-1.10.0\direct\showbase\EventManager.py", line 46, in doEvents
    processFunc(self.eventQueue.dequeueEvent())
  File "C:\Panda3D-1.10.0\direct\showbase\EventManager.py", line 103, in processEvent
    messenger.send(eventName, paramList)
  File "C:\Panda3D-1.10.0\direct\showbase\Messenger.py", line 326, in send
    self.__dispatch(acceptorDict, event, sentArgs, foundWatch)
  File "C:\Panda3D-1.10.0\direct\showbase\Messenger.py", line 411, in __dispatch
    method (*(extraArgs + sentArgs))
  File "C:\Panda3D-1.10.0\direct\showbase\ShowBase.py", line 2665, in windowEvent
    self.userExit()
  File "toontown\toonbase\ToonBase.py", line 400, in userExit
    self.cr.dumpAllSubShardObjects()
  File "toontown\distributed\ToontownClientRepository.py", line 556, in dumpAllSubShardObjects
    self.deleteObject(doId)
  File "toontown\distributed\ToontownClientRepository.py", line 906, in deleteObject
    obj.deleteOrDelay()
  File "C:\Panda3D-1.10.0\direct\distributed\DistributedObject.py", line 199, in deleteOrDelay
    self.disableAnnounceAndDelete()
  File "C:\Panda3D-1.10.0\direct\distributed\DistributedObject.py", line 202, in disableAnnounceAndDelete
    self.disableAndAnnounce()
  File "C:\Panda3D-1.10.0\direct\distributed\DistributedObject.py", line 228, in disableAndAnnounce
    self.disable()
  File "toontown\battle\DistributedBattleBldg.py", line 52, in disable
    DistributedBattleBase.DistributedBattleBase.disable(self)
  File "toontown\battle\DistributedBattleBase.py", line 133, in disable
    self.cleanupBattle()
  File "toontown\battle\DistributedBattleBase.py", line 145, in cleanupBattle
    self.fsm.requestFinalState()
  File "C:\Panda3D-1.10.0\direct\fsm\ClassicFSM.py", line 151, in requestFinalState
    self.request(self.getFinalState().getName())
  File "C:\Panda3D-1.10.0\direct\fsm\ClassicFSM.py", line 302, in request
    exitArgList)
  File "C:\Panda3D-1.10.0\direct\fsm\ClassicFSM.py", line 230, in __transition
    self.__exitCurrent(exitArgList)
  File "C:\Panda3D-1.10.0\direct\fsm\ClassicFSM.py", line 188, in __exitCurrent
    self.__currentState.exit(argList)
  File "C:\Panda3D-1.10.0\direct\fsm\State.py", line 213, in exit
    apply(self.__exitFunc, argList)
  File "toontown\battle\DistributedBattleBldg.py", line 208, in exitBuildingReward
    self.movie.resetReward(finish=1)
  File "toontown\battle\Movie.py", line 222, in resetReward
    self.stop()
  File "toontown\battle\Movie.py", line 366, in stop
    self.track.finish()
  File "C:\Panda3D-1.10.0\direct\interval\MetaInterval.py", line 391, in finish
    self.privPostEvent()
  File "C:\Panda3D-1.10.0\direct\interval\MetaInterval.py", line 519, in privPostEvent
    self.__doPythonCallbacks()
  File "C:\Panda3D-1.10.0\direct\interval\MetaInterval.py", line 495, in __doPythonCallbacks
    ival.privDoEvent(t, eventType)
  File "C:\Panda3D-1.10.0\direct\interval\Interval.py", line 206, in privDoEvent
    self.privInstant()
  File "C:\Panda3D-1.10.0\direct\interval\FunctionInterval.py", line 88, in privInstant
    self.function(*self.extraArgs, **self.kw)
  File "toontown\battle\DistributedBattleBldg.py", line 205, in __handleBuildingRewardDone
    self.fsm.request('Resume')
  File "C:\Panda3D-1.10.0\direct\fsm\ClassicFSM.py", line 246, in request
    assert not self.__internalStateInFlux
AssertionError
