TTLocalizer: Running in language: English
OTPLocalizer: Running in language: English
Preloading suits...
Preloading Toon heads...
Preloading avatars...
{401000001: <toontown.distributed.ToontownDistrict.ToontownDistrict instance at 0x18D7F7B0>}
__handleAvatarChooserDone: 100000070, 'Master Cool Cat', ('csl', 'ms', 'm', 'm', (0.3, 0.3, 0.35, 1.0), (0.28, 0.32, 0.72, 1.0), (0.3, 0.3, 0.35, 1.0), (0.3, 0.3, 0.35, 1.0), 111, 27, 98, 27, 41, 27), 3
entered wait for zone redirect
entered wait for set zone response - 2
Reading DNA file... phase_4/dna/storage.pdna
Reading DNA file... phase_3.5/dna/storage_interior.pdna
entered wait for zone redirect
entered wait for set zone response - 2
entered wait for zone redirect
entered wait for set zone response - 2
chooseFireOpenShot <function avatarBehindShot at 0x141DE6F0>
chooseFireOpenShot <function allGroupLowShot at 0x141DE2F0>
Warning: NodePath.remove() is deprecated.  Use remove_node() instead.
chooseFireOpenShot <function avatarCloseUpThreeQuarterRightShot at 0x141DE5B0>
chooseFireOpenShot <function allGroupLowShot at 0x141DE2F0>
Warning: NodePath.remove() is deprecated.  Use remove_node() instead.
chooseFireOpenShot <function avatarBehindShot at 0x141DE6F0>
chooseFireOpenShot <function avatarCloseUpThreeQuarterLeftFireShot at 0x141DEB70>
Warning: NodePath.remove() is deprecated.  Use remove_node() instead.
chooseFireOpenShot <function avatarCloseUpThrowShot at 0x141DE570>
chooseFireOpenShot <function suitGroupThreeQuarterLeftBehindShot at 0x141DE470>
Warning: NodePath.remove() is deprecated.  Use remove_node() instead.
chooseFireOpenShot <function suitGroupThreeQuarterLeftBehindShot at 0x141DE470>
chooseFireOpenShot <function allGroupLowShot at 0x141DE2F0>
Warning: NodePath.remove() is deprecated.  Use remove_node() instead.
chooseFireOpenShot <function allGroupLowShot at 0x141DE2F0>
chooseFireOpenShot <function avatarCloseUpFireShot at 0x141DEB30>
Warning: NodePath.remove() is deprecated.  Use remove_node() instead.
chooseFireOpenShot <function avatarCloseUpThreeQuarterRightShot at 0x141DE5B0>
chooseFireOpenShot <function avatarCloseUpThreeQuarterLeftFireShot at 0x141DEB70>
Warning: NodePath.remove() is deprecated.  Use remove_node() instead.
chooseFireOpenShot <function allGroupLowShot at 0x141DE2F0>
chooseFireOpenShot <function allGroupLowShot at 0x141DE2F0>
Warning: NodePath.remove() is deprecated.  Use remove_node() instead.
chooseFireOpenShot <function suitGroupThreeQuarterLeftBehindShot at 0x141DE470>
chooseFireOpenShot <function suitGroupThreeQuarterLeftBehindShot at 0x141DE470>
Warning: NodePath.remove() is deprecated.  Use remove_node() instead.
chooseFireOpenShot <function avatarCloseUpThreeQuarterRightShot at 0x141DE5B0>
chooseFireOpenShot <function allGroupLowShot at 0x141DE2F0>
Warning: NodePath.remove() is deprecated.  Use remove_node() instead.
chooseFireOpenShot <function allGroupLowShot at 0x141DE2F0>
chooseFireOpenShot <function avatarCloseUpThreeQuarterLeftFireShot at 0x141DEB70>
Warning: NodePath.remove() is deprecated.  Use remove_node() instead.
chooseFireOpenShot <function allGroupLowShot at 0x141DE2F0>
chooseFireOpenShot <function avatarCloseUpFireShot at 0x141DEB30>
Warning: NodePath.remove() is deprecated.  Use remove_node() instead.
chooseFireOpenShot <function avatarCloseUpThreeQuarterRightShot at 0x141DE5B0>
chooseFireOpenShot <function avatarCloseUpThreeQuarterLeftFireShot at 0x141DEB70>
Warning: NodePath.remove() is deprecated.  Use remove_node() instead.
chooseFireOpenShot <function avatarBehindShot at 0x141DE6F0>
chooseFireOpenShot <function suitGroupThreeQuarterLeftBehindShot at 0x141DE470>
Warning: NodePath.remove() is deprecated.  Use remove_node() instead.
chooseFireOpenShot <function suitGroupThreeQuarterLeftBehindShot at 0x141DE470>
chooseFireOpenShot <function avatarCloseUpFireShot at 0x141DEB30>
Warning: NodePath.remove() is deprecated.  Use remove_node() instead.
chooseFireOpenShot <function allGroupLowShot at 0x141DE2F0>
chooseFireOpenShot <function avatarCloseUpThreeQuarterLeftFireShot at 0x141DEB70>
Warning: NodePath.remove() is deprecated.  Use remove_node() instead.
chooseFireOpenShot <function avatarCloseUpThrowShot at 0x141DE570>
chooseFireOpenShot <function suitGroupThreeQuarterLeftBehindShot at 0x141DE470>
Warning: NodePath.remove() is deprecated.  Use remove_node() instead.
### newVec3 =  LVector3f(-1.99998, 6.3, 1.5)
### newVec3 =  LVector3f(-1.99998, 6.3, 0)
### newVec3 =  LVector3f(-1.99998, 6.3, 0.375)
### newVec3 =  LVector3f(-1.99998, 6.3, 0)
chooseFireOpenShot <function allGroupLowShot at 0x141DE2F0>
chooseFireOpenShot <function allGroupLowShot at 0x141DE2F0>
Warning: NodePath.remove() is deprecated.  Use remove_node() instead.
chooseFireOpenShot <function suitGroupThreeQuarterLeftBehindShot at 0x141DE470>
chooseFireOpenShot <function allGroupLowShot at 0x141DE2F0>
Warning: NodePath.remove() is deprecated.  Use remove_node() instead.
chooseFireOpenShot <function allGroupLowShot at 0x141DE2F0>
chooseFireOpenShot <function suitGroupThreeQuarterLeftBehindShot at 0x141DE470>
Warning: NodePath.remove() is deprecated.  Use remove_node() instead.
chooseFireOpenShot <function avatarBehindShot at 0x141DE6F0>
chooseFireOpenShot <function suitGroupThreeQuarterLeftBehindShot at 0x141DE470>
Warning: NodePath.remove() is deprecated.  Use remove_node() instead.
chooseFireOpenShot <function avatarBehindShot at 0x141DE6F0>
chooseFireOpenShot <function allGroupLowShot at 0x141DE2F0>
Warning: NodePath.remove() is deprecated.  Use remove_node() instead.
chooseFireOpenShot <function avatarCloseUpThrowShot at 0x141DE570>
chooseFireOpenShot <function suitGroupThreeQuarterLeftBehindShot at 0x141DE470>
Warning: NodePath.remove() is deprecated.  Use remove_node() instead.
chooseFireOpenShot <function avatarBehindShot at 0x141DE6F0>
chooseFireOpenShot <function avatarCloseUpFireShot at 0x141DEB30>
Warning: NodePath.remove() is deprecated.  Use remove_node() instead.
chooseFireOpenShot <function allGroupLowShot at 0x141DE2F0>
chooseFireOpenShot <function suitGroupThreeQuarterLeftBehindShot at 0x141DE470>
Warning: NodePath.remove() is deprecated.  Use remove_node() instead.
chooseFireOpenShot <function suitGroupThreeQuarterLeftBehindShot at 0x141DE470>
chooseFireOpenShot <function avatarCloseUpThreeQuarterLeftFireShot at 0x141DEB70>
Warning: NodePath.remove() is deprecated.  Use remove_node() instead.
chooseFireOpenShot <function allGroupLowShot at 0x141DE2F0>
chooseFireOpenShot <function avatarCloseUpThreeQuarterLeftFireShot at 0x141DEB70>
Warning: NodePath.remove() is deprecated.  Use remove_node() instead.
chooseFireOpenShot <function avatarCloseUpThrowShot at 0x141DE570>
chooseFireOpenShot <function suitGroupThreeQuarterLeftBehindShot at 0x141DE470>
Warning: NodePath.remove() is deprecated.  Use remove_node() instead.
chooseFireOpenShot <function avatarBehindShot at 0x141DE6F0>
chooseFireOpenShot <function suitGroupThreeQuarterLeftBehindShot at 0x141DE470>
Warning: NodePath.remove() is deprecated.  Use remove_node() instead.
hit! 0.817512452602
hit! 0.795648396015
hit! 0.12057171762
hit! 0.826892077923
hit! 0.945060014725
hit! 0.929735958576
hit! 0.930028021336
hit! 0.889460206032
hit! 0.784532189369
--not hard enough: 0.0530523508787
hit! 0.722380757332
hit! 0.855878829956
hit! 0.534895598888
hit! 0.735862016678
hit! 0.700176894665
hit! 0.343316137791
hit! 0.845806181431
hit! 0.927730441093
hit! 0.97842335701
hit! 0.897986292839
hit! 0.255573779345
hit! 0.841470837593
hit! 0.983645498753
hit! 0.189548954368
hit! 0.971557796001
hit! 0.938449084759
hit! 0.838007509708
hit! 0.797934114933
hit! 0.843116164207
hit! 0.997963309288
hit! 0.368434309959
hit! 0.975450515747
hit! 0.991543889046
hit! 0.980062842369
hit! 0.382950991392
hit! 0.99644869566
hit! 0.946732521057
hit! 0.259541273117
hit! 0.989202260971
hit! 0.828999698162
hit! 0.788326263428
hit! 0.92073559761
hit! 0.989804804325
hit! 0.851769447327
hit! 0.808869659901
--not hard enough: 0.469881981611
hit! 0.530066728592
hit! 0.490921705961
hit! 0.91478484869
hit! 0.676892578602
--not hard enough: 0.0651413649321
hit! 0.738027989864
hit! 0.991515159607
hit! 0.871530652046
hit! 0.90863764286
hit! 0.541385829449
hit! 0.658231258392
hit! 0.925398647785
hit! 0.940214276314
hit! 0.38241943717
hit! 0.584716796875
hit! 0.934246003628
hit! 0.971820235252
hit! 0.38545820117
--not hard enough: -0.490175366402
hit! 0.523450553417
hit! 0.303194522858
hit! 0.439804881811
hit! 0.66489315033
hit! 0.296335101128
hit! 0.109258748591
hit! 0.788400411606
hit! 0.806811988354
hit! 0.874807476997
hit! 0.823575437069
hit! 0.953453719616
hit! 0.712610602379
hit! 0.992675065994
hit! 0.311716347933
--not hard enough: 0.0383383482695
hit! 0.69437533617
hit! 0.943525910378
--not hard enough: -0.185504853725
hit! 0.806540548801
--not hard enough: -0.13647711277
hit! 0.816155076027
hit! 0.754266738892
hit! 0.681817114353
hit! 0.75490796566
hit! 0.963741183281
hit! 0.995288491249
hit! 0.889061272144
hit! 2.39203554742e-08
hit! 0.979404687881
hit! 0.840970218182
hit! 0.325706958771
hit! 0.376235902309
hit! 0.913785040379
hit! 0.420553147793
--not hard enough: -0.0140193337575
hit! 0.677621424198
hit! 0.976248502731
hit! 0.820077419281
hit! 0.649403572083
hit! 0.870817542076
hit! 0.887384295464
hit! 0.963976740837
hit! 0.567175924778
hit! 0.868112742901
hit! 0.972266316414
hit! 0.949053645134
hit! 0.131615802646
hit! 0.129124194384
hit! 0.886665821075
hit! 0.634352684021
hit! 0.766031622887
hit! 0.852602601051
hit! 0.504140853882
hit! 0.835826456547
hit! 0.101245597005
hit! 0.879000902176
hit! 0.928943097591
--not hard enough: 0.0901208594441
hit! 0.997447252274
hit! 0.752943575382
hit! 0.855372905731
--not hard enough: 0.486732572317
--not hard enough: -0.0494293756783
hit! 0.897000610828
hit! 0.997132062912
hit! 0.967516303062
entered wait for zone redirect
entered wait for set zone response - 2
Reading DNA file... phase_4/dna/storage.pdna
Reading DNA file... phase_3.5/dna/storage_interior.pdna
Reading DNA file... phase_8/dna/storage_DL.pdna
Reading DNA file... phase_8/dna/storage_DL_sz.pdna
Reading DNA file... phase_8/dna/donalds_dreamland_sz.pdna
entered wait for zone redirect
entered wait for set zone response - 2
Reading DNA file... phase_4/dna/storage.pdna
Reading DNA file... phase_3.5/dna/storage_interior.pdna
entered wait for zone redirect
entered wait for set zone response - 2
entered wait for zone redirect
entered wait for set zone response - 2
chooseFireOpenShot <function avatarCloseUpThrowShot at 0x141DE570>
chooseFireOpenShot <function avatarCloseUpFireShot at 0x141DEB30>
Warning: NodePath.remove() is deprecated.  Use remove_node() instead.
chooseFireOpenShot <function avatarCloseUpThreeQuarterRightShot at 0x141DE5B0>
chooseFireOpenShot <function avatarCloseUpThreeQuarterLeftFireShot at 0x141DEB70>
Warning: NodePath.remove() is deprecated.  Use remove_node() instead.
### newVec3 =  LVector3f(2, 11.3, 1.5)
### newVec3 =  LVector3f(2, 11.3, 0)
### newVec3 =  LVector3f(2, 11.3, 0.375)
### newVec3 =  LVector3f(2, 11.3, 0)
### newVec3 =  LVector3f(2, 6.3, 1.5)
### newVec3 =  LVector3f(2, 6.3, 0)
### newVec3 =  LVector3f(2, 6.3, 0.375)
### newVec3 =  LVector3f(2, 6.3, 0)
### newVec3 =  LVector3f(2, 6.3, 1.5)
### newVec3 =  LVector3f(2, 6.3, 0)
### newVec3 =  LVector3f(2, 6.3, 0.375)
### newVec3 =  LVector3f(2, 6.3, 0)
### newVec3 =  LVector3f(2, 6.3, 1.5)
### newVec3 =  LVector3f(2, 6.3, 0)
### newVec3 =  LVector3f(2, 6.3, 0.375)
### newVec3 =  LVector3f(2, 6.3, 0)
### newVec3 =  LVector3f(2, 6.3, 1.5)
### newVec3 =  LVector3f(2, 6.3, 0)
### newVec3 =  LVector3f(2, 6.3, 0.375)
### newVec3 =  LVector3f(2, 6.3, 0)
chooseFireOpenShot <function allGroupLowShot at 0x141DE2F0>
chooseFireOpenShot <function allGroupLowShot at 0x141DE2F0>
Warning: NodePath.remove() is deprecated.  Use remove_node() instead.
chooseFireOpenShot <function avatarCloseUpThrowShot at 0x141DE570>
chooseFireOpenShot <function suitGroupThreeQuarterLeftBehindShot at 0x141DE470>
Warning: NodePath.remove() is deprecated.  Use remove_node() instead.
chooseFireOpenShot <function allGroupLowShot at 0x141DE2F0>
chooseFireOpenShot <function suitGroupThreeQuarterLeftBehindShot at 0x141DE470>
Warning: NodePath.remove() is deprecated.  Use remove_node() instead.
chooseFireOpenShot <function suitGroupThreeQuarterLeftBehindShot at 0x141DE470>
chooseFireOpenShot <function avatarCloseUpThreeQuarterLeftFireShot at 0x141DEB70>
Warning: NodePath.remove() is deprecated.  Use remove_node() instead.
chooseFireOpenShot <function avatarCloseUpThreeQuarterRightShot at 0x141DE5B0>
chooseFireOpenShot <function avatarCloseUpThreeQuarterLeftFireShot at 0x141DEB70>
Warning: NodePath.remove() is deprecated.  Use remove_node() instead.
chooseFireOpenShot <function avatarCloseUpThrowShot at 0x141DE570>
chooseFireOpenShot <function suitGroupThreeQuarterLeftBehindShot at 0x141DE470>
Warning: NodePath.remove() is deprecated.  Use remove_node() instead.
### newVec3 =  LVector3f(2, 6.3, 1.5)
### newVec3 =  LVector3f(2, 6.3, 0)
### newVec3 =  LVector3f(2, 6.3, 0.375)
### newVec3 =  LVector3f(2, 6.3, 0)
### newVec3 =  LVector3f(2, 6.3, 1.5)
### newVec3 =  LVector3f(2, 6.3, 0)
### newVec3 =  LVector3f(2, 6.3, 0.375)
### newVec3 =  LVector3f(2, 6.3, 0)
### newVec3 =  LVector3f(2, 6.3, 1.5)
### newVec3 =  LVector3f(2, 6.3, 0)
### newVec3 =  LVector3f(2, 6.3, 0.375)
### newVec3 =  LVector3f(2, 6.3, 0)
### newVec3 =  LVector3f(2, 6.3, 1.5)
### newVec3 =  LVector3f(2, 6.3, 0)
### newVec3 =  LVector3f(2, 6.3, 0.375)
### newVec3 =  LVector3f(2, 6.3, 0)
chooseFireOpenShot <function avatarBehindShot at 0x141DE6F0>
chooseFireOpenShot <function allGroupLowShot at 0x141DE2F0>
Warning: NodePath.remove() is deprecated.  Use remove_node() instead.
chooseFireOpenShot <function suitGroupThreeQuarterLeftBehindShot at 0x141DE470>
chooseFireOpenShot <function avatarCloseUpThreeQuarterLeftFireShot at 0x141DEB70>
Warning: NodePath.remove() is deprecated.  Use remove_node() instead.
chooseFireOpenShot <function avatarBehindShot at 0x141DE6F0>
chooseFireOpenShot <function avatarCloseUpFireShot at 0x141DEB30>
Warning: NodePath.remove() is deprecated.  Use remove_node() instead.
chooseFireOpenShot <function avatarCloseUpThrowShot at 0x141DE570>
chooseFireOpenShot <function avatarCloseUpThreeQuarterLeftFireShot at 0x141DEB70>
Warning: NodePath.remove() is deprecated.  Use remove_node() instead.
chooseFireOpenShot <function avatarBehindShot at 0x141DE6F0>
chooseFireOpenShot <function avatarCloseUpThreeQuarterLeftFireShot at 0x141DEB70>
Warning: NodePath.remove() is deprecated.  Use remove_node() instead.
chooseFireOpenShot <function avatarCloseUpThreeQuarterRightShot at 0x141DE5B0>
chooseFireOpenShot <function suitGroupThreeQuarterLeftBehindShot at 0x141DE470>
Warning: NodePath.remove() is deprecated.  Use remove_node() instead.
chooseFireOpenShot <function suitGroupThreeQuarterLeftBehindShot at 0x141DE470>
chooseFireOpenShot <function avatarCloseUpThreeQuarterLeftFireShot at 0x141DEB70>
Warning: NodePath.remove() is deprecated.  Use remove_node() instead.
chooseFireOpenShot <function avatarCloseUpThrowShot at 0x141DE570>
chooseFireOpenShot <function allGroupLowShot at 0x141DE2F0>
Warning: NodePath.remove() is deprecated.  Use remove_node() instead.
chooseFireOpenShot <function allGroupLowShot at 0x141DE2F0>
chooseFireOpenShot <function avatarCloseUpFireShot at 0x141DEB30>
Warning: NodePath.remove() is deprecated.  Use remove_node() instead.
chooseFireOpenShot <function allGroupLowShot at 0x141DE2F0>
chooseFireOpenShot <function allGroupLowShot at 0x141DE2F0>
Warning: NodePath.remove() is deprecated.  Use remove_node() instead.
chooseFireOpenShot <function allGroupLowShot at 0x141DE2F0>
chooseFireOpenShot <function avatarCloseUpFireShot at 0x141DEB30>
Warning: NodePath.remove() is deprecated.  Use remove_node() instead.
chooseFireOpenShot <function allGroupLowShot at 0x141DE2F0>
chooseFireOpenShot <function suitGroupThreeQuarterLeftBehindShot at 0x141DE470>
Warning: NodePath.remove() is deprecated.  Use remove_node() instead.
### newVec3 =  LVector3f(-2, 8.3, 1.5)
### newVec3 =  LVector3f(-2, 8.3, 0)
### newVec3 =  LVector3f(-2, 8.3, 0.375)
### newVec3 =  LVector3f(-2, 8.3, 0)
chooseFireOpenShot <function avatarCloseUpThreeQuarterRightShot at 0x141DE5B0>
chooseFireOpenShot <function avatarCloseUpFireShot at 0x141DEB30>
Warning: NodePath.remove() is deprecated.  Use remove_node() instead.
chooseFireOpenShot <function allGroupLowShot at 0x141DE2F0>
chooseFireOpenShot <function avatarCloseUpFireShot at 0x141DEB30>
Warning: NodePath.remove() is deprecated.  Use remove_node() instead.
chooseFireOpenShot <function avatarCloseUpThrowShot at 0x141DE570>
chooseFireOpenShot <function suitGroupThreeQuarterLeftBehindShot at 0x141DE470>
Warning: NodePath.remove() is deprecated.  Use remove_node() instead.
chooseFireOpenShot <function allGroupLowShot at 0x141DE2F0>
chooseFireOpenShot <function suitGroupThreeQuarterLeftBehindShot at 0x141DE470>
Warning: NodePath.remove() is deprecated.  Use remove_node() instead.
chooseFireOpenShot <function avatarCloseUpThrowShot at 0x141DE570>
chooseFireOpenShot <function allGroupLowShot at 0x141DE2F0>
Warning: NodePath.remove() is deprecated.  Use remove_node() instead.
chooseFireOpenShot <function avatarBehindShot at 0x141DE6F0>
chooseFireOpenShot <function allGroupLowShot at 0x141DE2F0>
Warning: NodePath.remove() is deprecated.  Use remove_node() instead.
chooseFireOpenShot <function allGroupLowShot at 0x141DE2F0>
chooseFireOpenShot <function suitGroupThreeQuarterLeftBehindShot at 0x141DE470>
Warning: NodePath.remove() is deprecated.  Use remove_node() instead.
chooseFireOpenShot <function suitGroupThreeQuarterLeftBehindShot at 0x141DE470>
chooseFireOpenShot <function allGroupLowShot at 0x141DE2F0>
Warning: NodePath.remove() is deprecated.  Use remove_node() instead.
chooseFireOpenShot <function suitGroupThreeQuarterLeftBehindShot at 0x141DE470>
chooseFireOpenShot <function allGroupLowShot at 0x141DE2F0>
Warning: NodePath.remove() is deprecated.  Use remove_node() instead.
chooseFireOpenShot <function allGroupLowShot at 0x141DE2F0>
chooseFireOpenShot <function avatarCloseUpFireShot at 0x141DEB30>
Warning: NodePath.remove() is deprecated.  Use remove_node() instead.
### newVec3 =  LVector3f(2, 6.3, 1.5)
### newVec3 =  LVector3f(2, 6.3, 0)
### newVec3 =  LVector3f(2, 6.3, 0.375)
### newVec3 =  LVector3f(2, 6.3, 0)
### newVec3 =  LVector3f(2, 6.3, 1.5)
### newVec3 =  LVector3f(2, 6.3, 0)
### newVec3 =  LVector3f(2, 6.3, 0.375)
### newVec3 =  LVector3f(2, 6.3, 0)
chooseFireOpenShot <function allGroupLowShot at 0x141DE2F0>
chooseFireOpenShot <function avatarCloseUpThreeQuarterLeftFireShot at 0x141DEB70>
Warning: NodePath.remove() is deprecated.  Use remove_node() instead.
chooseFireOpenShot <function suitGroupThreeQuarterLeftBehindShot at 0x141DE470>
chooseFireOpenShot <function suitGroupThreeQuarterLeftBehindShot at 0x141DE470>
Warning: NodePath.remove() is deprecated.  Use remove_node() instead.
chooseFireOpenShot <function avatarBehindShot at 0x141DE6F0>
chooseFireOpenShot <function avatarCloseUpThreeQuarterLeftFireShot at 0x141DEB70>
Warning: NodePath.remove() is deprecated.  Use remove_node() instead.
chooseFireOpenShot <function suitGroupThreeQuarterLeftBehindShot at 0x141DE470>
chooseFireOpenShot <function avatarCloseUpThreeQuarterLeftFireShot at 0x141DEB70>
Warning: NodePath.remove() is deprecated.  Use remove_node() instead.
chooseFireOpenShot <function avatarCloseUpThreeQuarterRightShot at 0x141DE5B0>
chooseFireOpenShot <function suitGroupThreeQuarterLeftBehindShot at 0x141DE470>
Warning: NodePath.remove() is deprecated.  Use remove_node() instead.
### newVec3 =  LVector3f(2, 8.3, 1.5)
### newVec3 =  LVector3f(2, 8.3, 0)
### newVec3 =  LVector3f(2, 8.3, 0.375)
### newVec3 =  LVector3f(2, 8.3, 0)
chooseFireOpenShot <function suitGroupThreeQuarterLeftBehindShot at 0x141DE470>
chooseFireOpenShot <function avatarCloseUpThreeQuarterLeftFireShot at 0x141DEB70>
Warning: NodePath.remove() is deprecated.  Use remove_node() instead.
