TTLocalizer: Running in language: English
OTPLocalizer: Running in language: English
Preloading suits...
Preloading Toon heads...
Preloading avatars...
{401000001: <toontown.distributed.ToontownDistrict.ToontownDistrict instance at 0x1AA29B20>}
__handleAvatarChooserDone: 100000070, 'Master Cool Cat', ('csl', 'ms', 's', 'm', (0.3, 0.3, 0.35, 1.0), (1.0, 1.0, 1.0, 1.0), (0.3, 0.3, 0.35, 1.0), (0.3, 0.3, 0.35, 1.0), 111, 27, 98, 27, 41, 27), 3
entered wait for zone redirect
entered wait for set zone response - 2
Reading DNA file... phase_4/dna/storage.pdna
Reading DNA file... phase_3.5/dna/storage_interior.pdna
entered wait for zone redirect
entered wait for set zone response - 2
entered wait for zone redirect
entered wait for set zone response - 2
hit! 0.962984740734
hit! 0.938923597336
hit! 0.999685764313
--not hard enough: -0.20275747776
--not hard enough: 0.0963647216558
hit! 0.954529941082
hit! 0.373940914869
hit! 0.142309352756
hit! 0.581156313419
hit! 0.849538505077
hit! 0.554472148418
hit! 0.90631622076
--not hard enough: 0.023712253198
hit! 0.773286998272
hit! 0.998856723309
hit! 0.453621506691
hit! 0.988353192806
hit! 0.626503825188
hit! 0.99736982584
hit! 0.566574692726
hit! 0.60692602396
hit! 0.700574636459
hit! 0.361882597208
hit! 0.934880614281
hit! 0.963729023933
hit! 0.904636561871
hit! 0.410687923431
hit! 0.983312547207
hit! 0.732699453831
hit! 0.327001720667
hit! 0.470211446285
hit! 0.503806114197
--not hard enough: 0.0696815773845
hit! 0.807446122169
hit! 0.918308794498
hit! 0.998541116714
--not hard enough: 0.0723199173808
hit! 0.757517874241
hit! 0.67659497261
hit! 0.799404740334
hit! 0.865379989147
hit! 0.857839286327
hit! 0.963657259941
hit! 0.438781321049
hit! 0.690475940704
hit! 0.44632473588
hit! 0.508194863796
hit! 0.21299430728
hit! 0.62307202816
hit! 0.982676148415
hit! 0.958266794682
hit! 0.927711427212
hit! 0.930515050888
hit! 0.847362995148
hit! 0.833088219166
hit! 0.945281207561
hit! 0.820869147778
hit! 0.622346162796
hit! 0.912967801094
hit! 0.966573119164
hit! 0.919001102448
hit! 0.911680042744
hit! 0.826214551926
hit! 0.173651009798
hit! 0.289430677891
hit! 0.951074302197
hit! 0.868673205376
hit! 0.962772846222
hit! 0.491711109877
hit! 0.48336070776
hit! 0.909324765205
hit! 0.923962056637
hit! 0.994760751724
hit! 0.989148676395
hit! 0.37704500556
hit! 0.252302974463
hit! 0.507797777653
hit! 0.782823204994
hit! 0.990074753761
hit! 0.986623823643
hit! 0.981004297733
hit! 0.960959494114
hit! 0.905975520611
hit! 0.998292446136
hit! 0.550915002823
hit! 0.759512722492
hit! 0.81910431385
hit! 0.746317327023
hit! 0.521460771561
hit! 0.23396320641
hit! 0.794476270676
hit! 0.941279232502
hit! 0.700065851212
hit! 0.959882616997
hit! 0.870344102383
hit! 0.86923712492
hit! 0.810067474842
hit! 0.180499777198
hit! 0.991741478443
hit! 0.456194013357
hit! 0.957686364651
hit! 0.342173993587
hit! 0.761523008347
hit! 0.96878695488
hit! 0.34173989296
hit! 0.635267555714
hit! 0.945089101791
hit! 0.998411357403
hit! 0.517196595669
hit! 0.923784732819
hit! 0.910266935825
--not hard enough: 0.0320631749928
hit! 0.553282856941
hit! 0.919600069523
hit! 0.929402172565
hit! 0.235953688622
hit! 0.515616893768
--not hard enough: -0.0248834788799
hit! 0.842772781849
hit! 0.68733227253
hit! 0.976042926311
hit! 0.980210065842
hit! 0.916354119778
hit! 0.978188991547
hit! 0.798643529415
hit! 0.954593718052
hit! 0.856651723385
hit! 0.188253194094
hit! 0.954619348049
--not hard enough: 0.348491072655
--not hard enough: 0.308353364468
--not hard enough: 0.167263805866
hit! 0.574495732784
--not hard enough: -0.097941249609
hit! 0.92559659481
hit! 0.793024122715
hit! 0.858038425446
hit! 0.422567605972
hit! 0.995330631733
hit! 0.704265832901
hit! 0.802936553955
hit! 0.552961945534
hit! 0.764567255974
hit! 0.801822185516
hit! 0.957536399364
hit! 0.977480590343
hit! 0.997087776661
hit! 0.988363265991
hit! 0.532531201839
--not hard enough: 0.0724214613438
hit! 0.764672338963
hit! 0.540498316288
--not hard enough: 0.0398612394929
hit! 0.8868932724
hit! 0.951849639416
--not hard enough: 0.417982190847
hit! 0.888186395168
hit! 0.996119439602
hit! 0.314356297255
hit! 0.874857783318
hit! 0.537149548531
hit! 0.838141798973
hit! 0.808050990105
hit! 0.95099645853
hit! 0.983197033405
