TTLocalizer: Running in language: English
OTPLocalizer: Running in language: English
Preloading suits...
Preloading Toon heads...
Preloading avatars...
{406000001: <toontown.distributed.ToontownDistrict.ToontownDistrict instance at 0x1D0F23A0>, 407000001: <toontown.distributed.ToontownDistrict.ToontownDistrict instance at 0x1D0F2350>, 402000001: <toontown.distributed.ToontownDistrict.ToontownDistrict instance at 0x1D0F27B0>, 404000001: <toontown.distributed.ToontownDistrict.ToontownDistrict instance at 0x1D0F2440>, 401000001: <toontown.distributed.ToontownDistrict.ToontownDistrict instance at 0x1D0F26C0>, 403000001: <toontown.distributed.ToontownDistrict.ToontownDistrict instance at 0x1D0F2710>, 405000001: <toontown.distributed.ToontownDistrict.ToontownDistrict instance at 0x1D0F23F0>}
__handleAvatarChooserDone: 100000070, 'Master Cool Cat', ('csl', 'ms', 'm', 'm', (0.3, 0.3, 0.35, 1.0), (0.28, 0.32, 0.72, 1.0), (0.3, 0.3, 0.35, 1.0), (0.3, 0.3, 0.35, 1.0), 111, 27, 98, 27, 41, 27), 3
entered wait for zone redirect
entered wait for set zone response - 2
Reading DNA file... phase_4/dna/storage.pdna
Reading DNA file... phase_3.5/dna/storage_interior.pdna
Reading DNA file... phase_4/dna/storage_TT.pdna
Reading DNA file... phase_4/dna/storage_TT_sz.pdna
Reading DNA file... phase_4/dna/toontown_central_sz.pdna
entered wait for zone redirect
entered wait for set zone response - 2
Reading DNA file... phase_4/dna/storage.pdna
Reading DNA file... phase_3.5/dna/storage_interior.pdna
Reading DNA file... phase_4/dna/storage_TT.pdna
Reading DNA file... phase_4/dna/storage_TT_sz.pdna
Reading DNA file... phase_4/dna/toontown_central_sz.pdna
