TTLocalizer: Running in language: English
OTPLocalizer: Running in language: English
Preloading suits...
Preloading Toon heads...
Preloading avatars...
{401000001: <toontown.distributed.ToontownDistrict.ToontownDistrict instance at 0x19038760>}
__handleAvatarChooserDone: 100000025, 'Lily', ('csl', 'md', 's', 'f', (0.89, 0.61, 0.9, 1.0), (1.0, 1.0, 1.0, 1.0), (0.89, 0.61, 0.9, 1.0), (0.89, 0.61, 0.9, 1.0), 99, 26, 0, 26, 0, 8), 2
entered wait for zone redirect
entered wait for set zone response - 2
Reading DNA file... phase_4/dna/storage.pdna
Reading DNA file... phase_3.5/dna/storage_interior.pdna
entered wait for zone redirect
entered wait for set zone response - 2
entered wait for zone redirect
entered wait for set zone response - 2
{401000001: <toontown.distributed.ToontownDistrict.ToontownDistrict instance at 0x19038760>}
__handleAvatarChooserDone: 100000025, 'Lily', ('csl', 'md', 's', 'f', (0.89, 0.61, 0.9, 1.0), (1.0, 1.0, 1.0, 1.0), (0.89, 0.61, 0.9, 1.0), (0.89, 0.61, 0.9, 1.0), 99, 26, 0, 26, 0, 8), 2
entered wait for zone redirect
entered wait for set zone response - 2
Reading DNA file... phase_4/dna/storage.pdna
Reading DNA file... phase_3.5/dna/storage_interior.pdna
{401000001: <toontown.distributed.ToontownDistrict.ToontownDistrict instance at 0x19038760>}
__handleAvatarChooserDone: 100000025, 'Lily', ('csl', 'md', 's', 'f', (0.89, 0.61, 0.9, 1.0), (1.0, 1.0, 1.0, 1.0), (0.89, 0.61, 0.9, 1.0), (0.89, 0.61, 0.9, 1.0), 99, 26, 0, 26, 0, 8), 2
entered wait for zone redirect
entered wait for set zone response - 2
Reading DNA file... phase_4/dna/storage.pdna
Reading DNA file... phase_3.5/dna/storage_interior.pdna
entered wait for zone redirect
entered wait for set zone response - 2
Reading DNA file... phase_4/dna/storage.pdna
Reading DNA file... phase_3.5/dna/storage_interior.pdna
Reading DNA file... phase_8/dna/storage_DG.pdna
Reading DNA file... phase_5/dna/storage_town.pdna
Reading DNA file... phase_8/dna/storage_DG_town.pdna
Reading DNA file... phase_8/dna/daisys_garden_5300.pdna
chooseFireOpenShot <function avatarCloseUpThrowShot at 0x12A476F0>
chooseFireOpenShot <function avatarCloseUpThreeQuarterLeftFireShot at 0x12A47CB0>
Warning: NodePath.remove() is deprecated.  Use remove_node() instead.
entered wait for zone redirect
entered wait for set zone response - 2
Reading DNA file... phase_8/dna/storage_DG_sz.pdna
Reading DNA file... phase_8/dna/daisys_garden_sz.pdna
entered wait for zone redirect
entered wait for set zone response - 2
entered wait for zone redirect
entered wait for set zone response - 2
Reading DNA file... phase_4/dna/storage.pdna
Reading DNA file... phase_3.5/dna/storage_interior.pdna
entered wait for zone redirect
entered wait for set zone response - 2
entered wait for zone redirect
entered wait for set zone response - 2
