TTLocalizer: Running in language: EnglishTTLocalizer: Running in language: EnglishTTLocalizer: Running in language: EnglishTTLocalizer: Running in language: English
OTPLocalizer: Running in language: English



OTPLocalizer: Running in language: EnglishOTPLocalizer: Running in language: EnglishOTPLocalizer: Running in language: English


Preloading suits...
Preloading suits...
Preloading suits...
Preloading suits...
Preloading Toon heads...Preloading Toon heads...

Preloading Toon heads...
Preloading Toon heads...
Preloading avatars...Preloading avatars...

Preloading avatars...Preloading avatars...

{401000001: <toontown.distributed.ToontownDistrict.ToontownDistrict instance at 0x1B9097B0>}
{401000001: <toontown.distributed.ToontownDistrict.ToontownDistrict instance at 0x1B7797B0>}{401000001: <toontown.distributed.ToontownDistrict.ToontownDistrict instance at 0x1A7A97B0>}

{401000001: <toontown.distributed.ToontownDistrict.ToontownDistrict instance at 0x1A7A97B0>}
__handleAvatarChooserDone: 100000070, 'Master Cool Cat', ('csl', 'ms', 'm', 'm', (0.3, 0.3, 0.35, 1.0), (0.28, 0.32, 0.72, 1.0), (0.3, 0.3, 0.35, 1.0), (0.3, 0.3, 0.35, 1.0), 111, 27, 98, 27, 41, 27), 3
__handleAvatarChooserDone: 100000166, 'hi', ('dss', 'ls', 'l', 'm', (0.64, 0.35, 0.26, 1.0), (1.0, 1.0, 1.0, 1.0), (0.64, 0.35, 0.26, 1.0), (0.64, 0.35, 0.26, 1.0), 0, 10, 0, 10, 2, 20), 1
entered wait for zone redirect
entered wait for set zone response - 2
Reading DNA file... phase_4/dna/storage.pdna
Reading DNA file... phase_3.5/dna/storage_interior.pdna
entered wait for zone redirect
entered wait for set zone response - 2
Reading DNA file... phase_4/dna/storage.pdna
Reading DNA file... phase_3.5/dna/storage_interior.pdna
Reading DNA file... phase_4/dna/storage_TT.pdna
Reading DNA file... phase_4/dna/storage_TT_sz.pdna
Reading DNA file... phase_4/dna/toontown_central_sz.pdna
entered wait for zone redirect
entered wait for set zone response - 2
Reading DNA file... phase_4/dna/storage.pdna
Reading DNA file... phase_3.5/dna/storage_interior.pdna
Reading DNA file... phase_4/dna/storage_TT.pdna
Reading DNA file... phase_4/dna/storage_TT_sz.pdna
Reading DNA file... phase_4/dna/toontown_central_sz.pdna
entered wait for zone redirect
entered wait for set zone response - 2
Reading DNA file... phase_4/dna/storage.pdna
Reading DNA file... phase_3.5/dna/storage_interior.pdna
Reading DNA file... phase_4/dna/storage_TT.pdna
Reading DNA file... phase_4/dna/storage_TT_sz.pdna
Reading DNA file... phase_4/dna/toontown_central_sz.pdna
entered wait for zone redirect
entered wait for set zone response - 2
Reading DNA file... phase_4/dna/storage.pdna
Reading DNA file... phase_3.5/dna/storage_interior.pdna
Reading DNA file... phase_4/dna/storage_TT.pdna
Reading DNA file... phase_4/dna/storage_TT_sz.pdna
Reading DNA file... phase_4/dna/toontown_central_sz.pdna
