TTLocalizer: Running in language: English
OTPLocalizer: Running in language: English
Preloading suits...
Preloading Toon heads...
Preloading avatars...
{401000001: <toontown.distributed.ToontownDistrict.ToontownDistrict instance at 0x19973B20>}
__handleAvatarChooserDone: 100000070, 'Master Cool Cat', ('csl', 'ms', 's', 'm', (0.3, 0.3, 0.35, 1.0), (1.0, 1.0, 1.0, 1.0), (0.3, 0.3, 0.35, 1.0), (0.3, 0.3, 0.35, 1.0), 111, 27, 98, 27, 41, 27), 3
entered wait for zone redirect
entered wait for set zone response - 2
Reading DNA file... phase_4/dna/storage.pdna
Reading DNA file... phase_3.5/dna/storage_interior.pdna
entered wait for zone redirect
entered wait for set zone response - 2
Reading DNA file... phase_4/dna/storage.pdna
Reading DNA file... phase_3.5/dna/storage_interior.pdna
chooseFireOpenShot <function suitGroupThreeQuarterLeftBehindShot at 0x1550EAB0>
chooseFireOpenShot <function avatarCloseUpFireShot at 0x1550F170>
Warning: NodePath.remove() is deprecated.  Use remove_node() instead.
entered wait for zone redirect
entered wait for set zone response - 2
Reading DNA file... phase_4/dna/storage.pdna
Reading DNA file... phase_3.5/dna/storage_interior.pdna
entered wait for zone redirect
entered wait for set zone response - 2
entered wait for zone redirect
entered wait for set zone response - 2
hit! 0.541374206543
hit! 0.961347460747
hit! 0.945207476616
hit! 0.51281273365
hit! 0.170983433723
hit! 0.602765977383
hit! 0.757324278355
hit! 0.765836298466
--not hard enough: -0.00241629965603
hit! 0.955797314644
hit! 0.946599721909
hit! 0.923409283161
hit! 0.945177316666
hit! 0.222389578819
hit! 0.513281166553
hit! 0.888864815235
hit! 0.958723306656
hit! 0.25774410367
hit! 0.472423583269
hit! 0.380185723305
hit! 0.525847136974
hit! 0.943874359131
hit! 0.736522316933
hit! 0.74830198288
hit! 0.666738688946
hit! 0.423810184002
hit! 0.260931283236
hit! 0.982880115509
hit! 0.963328003883
--not hard enough: -0.157681331038
hit! 0.550252318382
hit! 0.598220825195
--not hard enough: 0.0972261428833
hit! 0.923688232899
hit! 0.920499444008
hit! 0.42678809166
--not hard enough: -0.0841802880168
hit! 0.744219005108
hit! 0.607289016247
hit! 0.952672421932
hit! 0.927267253399
hit! 0.608949244022
hit! 0.916267216206
hit! 0.963536381721
hit! 0.355027467012
hit! 0.992557644844
hit! 0.504058539867
hit! 0.881666004658
hit! 0.935969948769
hit! 0.187245517969
