TTLocalizer: Running in language: English
OTPLocalizer: Running in language: English
Preloading suits...
Preloading Toon heads...
Preloading avatars...
{401000001: <toontown.distributed.ToontownDistrict.ToontownDistrict instance at 0x141FE620>}
__handleAvatarChooserDone: 100000181, 'Boris', ('csl', 'ls', 's', 'm', (0.64, 0.35, 0.26, 1.0), (1.0, 1.0, 1.0, 1.0), (0.64, 0.35, 0.26, 1.0), (0.64, 0.35, 0.26, 1.0), 8, 27, 5, 27, 3, 27), 0
entered wait for zone redirect
entered wait for set zone response - 2
Reading DNA file... phase_4/dna/storage.pdna
Reading DNA file... phase_3.5/dna/storage_interior.pdna
entered wait for zone redirect
entered wait for set zone response - 2
entered wait for zone redirect
entered wait for set zone response - 2
### newVec3 =  LVector3f(0, 6, 1.5)
### newVec3 =  LVector3f(0, 6, 0)
### newVec3 =  LVector3f(0, 6, 0.375)
### newVec3 =  LVector3f(0, 6, 0)
### newVec3 =  LVector3f(-2, 6.3, 1.5)
### newVec3 =  LVector3f(-2, 6.3, 0)
### newVec3 =  LVector3f(-2, 6.3, 0.375)
### newVec3 =  LVector3f(-2, 6.3, 0)
### newVec3 =  LVector3f(-2, 6.3, 1.5)
### newVec3 =  LVector3f(-2, 6.3, 0)
### newVec3 =  LVector3f(-2, 6.3, 0.375)
### newVec3 =  LVector3f(-2, 6.3, 0)
### newVec3 =  LVector3f(-2, 6.3, 1.5)
### newVec3 =  LVector3f(-2, 6.3, 0)
### newVec3 =  LVector3f(-2, 6.3, 0.375)
### newVec3 =  LVector3f(-2, 6.3, 0)
entered wait for zone redirect
entered wait for set zone response - 2
Reading DNA file... phase_4/dna/storage.pdna
Reading DNA file... phase_3.5/dna/storage_interior.pdna
Reading DNA file... phase_8/dna/storage_DG.pdna
Reading DNA file... phase_8/dna/storage_DG_sz.pdna
Reading DNA file... phase_8/dna/daisys_garden_sz.pdna
entered wait for zone redirect
entered wait for set zone response - 2
entered wait for zone redirect
entered wait for set zone response - 2
Reading DNA file... phase_4/dna/storage.pdna
Reading DNA file... phase_3.5/dna/storage_interior.pdna
Reading DNA file... phase_6/dna/storage_DD.pdna
Reading DNA file... phase_6/dna/storage_DD_sz.pdna
Reading DNA file... phase_6/dna/donalds_dock_sz.pdna
entered wait for zone redirect
entered wait for set zone response - 2
entered wait for zone redirect
entered wait for set zone response - 2
Reading DNA file... phase_4/dna/storage.pdna
Reading DNA file... phase_3.5/dna/storage_interior.pdna
Reading DNA file... phase_8/dna/storage_DG.pdna
Reading DNA file... phase_8/dna/storage_DG_sz.pdna
Reading DNA file... phase_8/dna/daisys_garden_sz.pdna
entered wait for zone redirect
entered wait for set zone response - 2
Reading DNA file... phase_4/dna/storage.pdna
Reading DNA file... phase_3.5/dna/storage_interior.pdna
Reading DNA file... phase_6/dna/storage_MM.pdna
Reading DNA file... phase_6/dna/storage_MM_sz.pdna
Reading DNA file... phase_6/dna/minnies_melody_land_sz.pdna
entered wait for zone redirect
entered wait for set zone response - 2
Reading DNA file... phase_5/dna/storage_town.pdna
Reading DNA file... phase_6/dna/storage_MM_town.pdna
Reading DNA file... phase_6/dna/minnies_melody_land_4100.pdna
entered wait for zone redirect
entered wait for set zone response - 2
Reading DNA file... phase_4/dna/storage.pdna
Reading DNA file... phase_3.5/dna/storage_interior.pdna
Reading DNA file... phase_8/dna/storage_BR.pdna
Reading DNA file... phase_8/dna/storage_BR_sz.pdna
Reading DNA file... phase_8/dna/the_burrrgh_sz.pdna
entered wait for zone redirect
entered wait for set zone response - 2
Reading DNA file... phase_5/dna/storage_town.pdna
Reading DNA file... phase_8/dna/storage_BR_town.pdna
Reading DNA file... phase_8/dna/the_burrrgh_3200.pdna
entered wait for zone redirect
entered wait for set zone response - 2
### newVec3 =  LVector3f(2, 5.3, 1.5)
### newVec3 =  LVector3f(2, 5.3, 0)
### newVec3 =  LVector3f(2, 5.3, 0.375)
### newVec3 =  LVector3f(2, 5.3, 0)
### newVec3 =  LVector3f(2, 5.3, 1.5)
### newVec3 =  LVector3f(2, 5.3, 0)
### newVec3 =  LVector3f(2, 5.3, 0.375)
### newVec3 =  LVector3f(2, 5.3, 0)
### newVec3 =  LVector3f(0, 6, 1.5)
### newVec3 =  LVector3f(0, 6, 0)
### newVec3 =  LVector3f(0, 6, 0.375)
### newVec3 =  LVector3f(0, 6, 0)
### newVec3 =  LVector3f(2, 6.3, 1.5)
### newVec3 =  LVector3f(2, 6.3, 0)
### newVec3 =  LVector3f(2, 6.3, 0.375)
### newVec3 =  LVector3f(2, 6.3, 0)
### newVec3 =  LVector3f(2, 5.3, 1.5)
### newVec3 =  LVector3f(2, 5.3, 0)
### newVec3 =  LVector3f(2, 5.3, 0.375)
### newVec3 =  LVector3f(2, 5.3, 0)
### newVec3 =  LVector3f(0, 6, 1.5)
### newVec3 =  LVector3f(0, 6, 0)
### newVec3 =  LVector3f(0, 6, 0.375)
### newVec3 =  LVector3f(0, 6, 0)
### newVec3 =  LVector3f(2, 6.3, 1.5)
### newVec3 =  LVector3f(2, 6.3, 0)
### newVec3 =  LVector3f(2, 6.3, 0.375)
### newVec3 =  LVector3f(2, 6.3, 0)
entered wait for zone redirect
entered wait for set zone response - 2
Reading DNA file... phase_5/dna/storage_town.pdna
Reading DNA file... phase_8/dna/storage_BR_town.pdna
Reading DNA file... phase_8/dna/the_burrrgh_3200.pdna
entered wait for zone redirect
entered wait for set zone response - 2
entered wait for zone redirect
entered wait for set zone response - 2
Reading DNA file... phase_5/dna/storage_town.pdna
Reading DNA file... phase_8/dna/storage_BR_town.pdna
Reading DNA file... phase_8/dna/the_burrrgh_3200.pdna
entered wait for zone redirect
entered wait for set zone response - 2
entered wait for zone redirect
entered wait for set zone response - 2
Reading DNA file... phase_4/dna/storage.pdna
Reading DNA file... phase_3.5/dna/storage_interior.pdna
entered wait for zone redirect
entered wait for set zone response - 2
Reading DNA file... phase_4/dna/storage.pdna
Reading DNA file... phase_3.5/dna/storage_interior.pdna
Reading DNA file... phase_6/dna/storage_DD.pdna
Reading DNA file... phase_6/dna/storage_DD_sz.pdna
Reading DNA file... phase_6/dna/donalds_dock_sz.pdna
entered wait for zone redirect
entered wait for set zone response - 2
entered wait for zone redirect
entered wait for set zone response - 2
Reading DNA file... phase_4/dna/storage.pdna
Reading DNA file... phase_3.5/dna/storage_interior.pdna
entered wait for zone redirect
entered wait for set zone response - 2
spec = {'parentEntId': 10013, 'pos': LPoint3f(0, 0, 0)}
h = None
### newVec3 =  LVector3f(2, 6.3, 1.5)
### newVec3 =  LVector3f(2, 6.3, 0)
### newVec3 =  LVector3f(2, 6.3, 0.375)
### newVec3 =  LVector3f(2, 6.3, 0)
spec = {'parentEntId': 10040, 'pos': LPoint3f(0, 0, 0)}
h = None
spec = {'parentEntId': 10005, 'pos': LPoint3f(0, 0, 0)}
h = None
spec = {'parentEntId': 10002, 'pos': LPoint3f(0, 0, 0)}
h = None
### newVec3 =  LVector3f(2, 6.29999, 1.5)
### newVec3 =  LVector3f(2, 6.29999, 0)
### newVec3 =  LVector3f(2, 6.29999, 0.375)
### newVec3 =  LVector3f(2, 6.29999, 0)
spec = {'parentEntId': 10000, 'pos': LPoint3f(0, 0, 0)}
h = None
### newVec3 =  LVector3f(-1.99998, 6.29999, 1.5)
### newVec3 =  LVector3f(-1.99998, 6.29999, 0)
### newVec3 =  LVector3f(-1.99998, 6.29999, 0.375)
### newVec3 =  LVector3f(-1.99998, 6.29999, 0)
spec = {'parentEntId': 10002, 'pos': LPoint3f(0, 0, 0)}
h = None
### newVec3 =  LVector3f(2, 11.3, 1.5)
### newVec3 =  LVector3f(2, 11.3, 0)
### newVec3 =  LVector3f(2, 11.3, 0.375)
### newVec3 =  LVector3f(2, 11.3, 0)
### newVec3 =  LVector3f(2, 6.29999, 1.5)
### newVec3 =  LVector3f(2, 6.29999, 0)
### newVec3 =  LVector3f(2, 6.29999, 0.375)
### newVec3 =  LVector3f(2, 6.29999, 0)
spec = {'parentEntId': 10010, 'pos': LPoint3f(0, 0, 0)}
h = None
### newVec3 =  LVector3f(2, 6.29999, 1.5)
### newVec3 =  LVector3f(2, 6.29999, 0)
### newVec3 =  LVector3f(2, 6.29999, 0.375)
### newVec3 =  LVector3f(2, 6.29999, 0)
spec = {'parentEntId': 10007, 'pos': LPoint3f(0, 0, 0)}
h = None
### newVec3 =  LVector3f(2, 6.29999, 1.5)
### newVec3 =  LVector3f(2, 6.29999, 0)
### newVec3 =  LVector3f(2, 6.29999, 0.375)
### newVec3 =  LVector3f(2, 6.29999, 0)
spec = {'parentEntId': 10000, 'pos': LPoint3f(0, 0, 0)}
h = None
### newVec3 =  LVector3f(2, 6.29999, 1.5)
### newVec3 =  LVector3f(2, 6.29999, 0)
### newVec3 =  LVector3f(2, 6.29999, 0.375)
### newVec3 =  LVector3f(2, 6.29999, 0)
spec = {'parentEntId': 10000, 'pos': LPoint3f(0, 0, 0)}
h = None
### newVec3 =  LVector3f(2, 6.29999, 1.5)
### newVec3 =  LVector3f(2, 6.29999, 0)
### newVec3 =  LVector3f(2, 6.29999, 0.375)
### newVec3 =  LVector3f(2, 6.29999, 0)
spec = {'parentEntId': 10005, 'pos': LPoint3f(0, 0, 0)}
h = None
### newVec3 =  LVector3f(2, 6.29999, 1.5)
### newVec3 =  LVector3f(2, 6.29999, 0)
### newVec3 =  LVector3f(2, 6.29999, 0.375)
### newVec3 =  LVector3f(2, 6.29999, 0)
entered wait for zone redirect
entered wait for set zone response - 2
entered wait for zone redirect
entered wait for set zone response - 2
spec = {'parentEntId': 10060, 'pos': LPoint3f(0, 0, 0)}
h = None
### newVec3 =  LVector3f(2.00002, 6.29999, 1.5)
### newVec3 =  LVector3f(2.00002, 6.29999, 0)
### newVec3 =  LVector3f(2.00002, 6.29999, 0.375)
### newVec3 =  LVector3f(2.00002, 6.29999, 0)
spec = {'parentEntId': 10022, 'pos': LPoint3f(0, 0, 0)}
h = None
### newVec3 =  LVector3f(-1.99998, 6.29999, 1.5)
### newVec3 =  LVector3f(-1.99998, 6.29999, 0)
### newVec3 =  LVector3f(-1.99998, 6.29999, 0.375)
### newVec3 =  LVector3f(-1.99998, 6.29999, 0)
spec = {'parentEntId': 10000, 'pos': LPoint3f(0, 0, 0)}
h = None
### newVec3 =  LVector3f(2, 6.3, 1.5)
### newVec3 =  LVector3f(2, 6.3, 0)
### newVec3 =  LVector3f(2, 6.3, 0.375)
### newVec3 =  LVector3f(2, 6.3, 0)
spec = {'parentEntId': 10000, 'pos': LPoint3f(0, 0, 0)}
h = None
### newVec3 =  LVector3f(2, 6.29999, 1.5)
### newVec3 =  LVector3f(2, 6.29999, 0)
### newVec3 =  LVector3f(2, 6.29999, 0.375)
### newVec3 =  LVector3f(2, 6.29999, 0)
spec = {'parentEntId': 10005, 'pos': LPoint3f(0, 0, 0)}
h = None
### newVec3 =  LVector3f(0, 6, 1.5)
### newVec3 =  LVector3f(0, 6, 0)
### newVec3 =  LVector3f(0, 6, 0.375)
### newVec3 =  LVector3f(0, 6, 0)
{}
{401000001: <toontown.distributed.ToontownDistrict.ToontownDistrict instance at 0x18434418>}
{401000001: <toontown.distributed.ToontownDistrict.ToontownDistrict instance at 0x18434418>}
__handleAvatarChooserDone: 100000181, 'Boris', ('csl', 'ls', 's', 'm', (0.64, 0.35, 0.26, 1.0), (1.0, 1.0, 1.0, 1.0), (0.64, 0.35, 0.26, 1.0), (0.64, 0.35, 0.26, 1.0), 8, 27, 5, 27, 3, 27), 0
entered wait for zone redirect
entered wait for set zone response - 2
Reading DNA file... phase_4/dna/storage.pdna
Reading DNA file... phase_3.5/dna/storage_interior.pdna
entered wait for zone redirect
entered wait for set zone response - 2
spec = {'parentEntId': 10000, 'pos': LPoint3f(0, 0, 0)}
h = None
### newVec3 =  LVector3f(1.99999, 11.3, 1.5)
### newVec3 =  LVector3f(1.99999, 11.3, 0)
### newVec3 =  LVector3f(1.99999, 11.3, 0.375)
### newVec3 =  LVector3f(1.99999, 11.3, 0)
### newVec3 =  LVector3f(1.99999, 6.29999, 1.5)
### newVec3 =  LVector3f(1.99999, 6.29999, 0)
### newVec3 =  LVector3f(1.99999, 6.29999, 0.375)
### newVec3 =  LVector3f(1.99999, 6.29999, 0)
spec = {'parentEntId': 10000, 'pos': LPoint3f(0, 0, 0)}
h = None
### newVec3 =  LVector3f(2, 6.29999, 1.5)
### newVec3 =  LVector3f(2, 6.29999, 0)
### newVec3 =  LVector3f(2, 6.29999, 0.375)
### newVec3 =  LVector3f(2, 6.29999, 0)
spec = {'parentEntId': 10060, 'pos': LPoint3f(0, 0, 0)}
h = None
spec = {'parentEntId': 10022, 'pos': LPoint3f(0, 0, 0)}
h = None
spec = {'parentEntId': 10000, 'pos': LPoint3f(0, 0, 0)}
h = None
spec = {'parentEntId': 10002, 'pos': LPoint3f(0, 0, 0)}
h = None
spec = {'parentEntId': 10010, 'pos': LPoint3f(0, 0, 0)}
h = None
spec = {'parentEntId': 10007, 'pos': LPoint3f(0, 0, 0)}
h = None
spec = {'parentEntId': 10000, 'pos': LPoint3f(0, 0, 0)}
h = None
### newVec3 =  LVector3f(2, 6.30005, 1.5)
### newVec3 =  LVector3f(2, 6.30005, 0)
### newVec3 =  LVector3f(2, 6.30005, 0.375)
### newVec3 =  LVector3f(2, 6.30005, 0)
spec = {'parentEntId': 10000, 'pos': LPoint3f(0, 0, 0)}
h = None
### newVec3 =  LVector3f(2, 6.30011, 1.5)
### newVec3 =  LVector3f(2, 6.30011, 0)
### newVec3 =  LVector3f(2, 6.30011, 0.375)
### newVec3 =  LVector3f(2, 6.30011, 0)
entered wait for zone redirect
entered wait for set zone response - 2
entered wait for zone redirect
entered wait for set zone response - 2
Reading DNA file... phase_4/dna/storage.pdna
Reading DNA file... phase_3.5/dna/storage_interior.pdna
Reading DNA file... phase_6/dna/storage_DD.pdna
Reading DNA file... phase_6/dna/storage_DD_sz.pdna
Reading DNA file... phase_6/dna/donalds_dock_sz.pdna
entered wait for zone redirect
entered wait for set zone response - 2
entered wait for zone redirect
entered wait for set zone response - 2
Reading DNA file... phase_4/dna/storage.pdna
Reading DNA file... phase_3.5/dna/storage_interior.pdna
entered wait for zone redirect
entered wait for set zone response - 2
spec = {'parentEntId': 10005, 'pos': LPoint3f(0, 0, 0)}
h = None
spec = {'parentEntId': 10060, 'pos': LPoint3f(0, 0, 0)}
h = None
### newVec3 =  LVector3f(2, 6.30002, 1.5)
### newVec3 =  LVector3f(2, 6.30002, 0)
### newVec3 =  LVector3f(2, 6.30002, 0.375)
### newVec3 =  LVector3f(2, 6.30002, 0)
spec = {'parentEntId': 10022, 'pos': LPoint3f(0, 0, 0)}
h = None
spec = {'parentEntId': 10000, 'pos': LPoint3f(0, 0, 0)}
h = None
spec = {'parentEntId': 10013, 'pos': LPoint3f(0, 0, 0)}
h = None
### newVec3 =  LVector3f(2, 6.29999, 1.5)
### newVec3 =  LVector3f(2, 6.29999, 0)
### newVec3 =  LVector3f(2, 6.29999, 0.375)
### newVec3 =  LVector3f(2, 6.29999, 0)
spec = {'parentEntId': 10040, 'pos': LPoint3f(0, 0, 0)}
h = None
### newVec3 =  LVector3f(2, 6.29999, 1.5)
### newVec3 =  LVector3f(2, 6.29999, 0)
### newVec3 =  LVector3f(2, 6.29999, 0.375)
### newVec3 =  LVector3f(2, 6.29999, 0)
spec = {'parentEntId': 10005, 'pos': LPoint3f(0, 0, 0)}
h = None
### newVec3 =  LVector3f(1.99995, 6.29999, 1.5)
### newVec3 =  LVector3f(1.99995, 6.29999, 0)
### newVec3 =  LVector3f(1.99995, 6.29999, 0.375)
### newVec3 =  LVector3f(1.99995, 6.29999, 0)
spec = {'parentEntId': 10002, 'pos': LPoint3f(0, 0, 0)}
h = None
### newVec3 =  LVector3f(2, 6.29999, 1.5)
### newVec3 =  LVector3f(2, 6.29999, 0)
### newVec3 =  LVector3f(2, 6.29999, 0.375)
### newVec3 =  LVector3f(2, 6.29999, 0)
spec = {'parentEntId': 10000, 'pos': LPoint3f(0, 0, 0)}
h = None
### newVec3 =  LVector3f(2, 6.29999, 1.5)
### newVec3 =  LVector3f(2, 6.29999, 0)
### newVec3 =  LVector3f(2, 6.29999, 0.375)
### newVec3 =  LVector3f(2, 6.29999, 0)
entered wait for zone redirect
entered wait for set zone response - 2
entered wait for zone redirect
entered wait for set zone response - 2
spec = {'parentEntId': 10060, 'pos': LPoint3f(0, 0, 0)}
h = None
spec = {'parentEntId': 10022, 'pos': LPoint3f(0, 0, 0)}
h = None
spec = {'parentEntId': 10000, 'pos': LPoint3f(0, 0, 0)}
h = None
### newVec3 =  LVector3f(2, 6.3, 1.5)
### newVec3 =  LVector3f(2, 6.3, 0)
### newVec3 =  LVector3f(2, 6.3, 0.375)
### newVec3 =  LVector3f(2, 6.3, 0)
spec = {'parentEntId': 10000, 'pos': LPoint3f(0, 0, 0)}
h = None
spec = {'parentEntId': 10000, 'pos': LPoint3f(0, 0, 0)}
h = None
### newVec3 =  LVector3f(2, 11.3, 1.5)
### newVec3 =  LVector3f(2, 11.3, 0)
### newVec3 =  LVector3f(2, 11.3, 0.375)
### newVec3 =  LVector3f(2, 11.3, 0)
### newVec3 =  LVector3f(2, 6.29999, 1.5)
### newVec3 =  LVector3f(2, 6.29999, 0)
### newVec3 =  LVector3f(2, 6.29999, 0.375)
### newVec3 =  LVector3f(2, 6.29999, 0)
spec = {'parentEntId': 10002, 'pos': LPoint3f(0, 0, 0)}
h = None
### newVec3 =  LVector3f(2, 6.30005, 1.5)
### newVec3 =  LVector3f(2, 6.30005, 0)
### newVec3 =  LVector3f(2, 6.30005, 0.375)
### newVec3 =  LVector3f(2, 6.30005, 0)
spec = {'parentEntId': 10010, 'pos': LPoint3f(0, 0, 0)}
h = None
### newVec3 =  LVector3f(-1.99976, 6.29993, 1.5)
### newVec3 =  LVector3f(-1.99976, 6.29993, 0)
### newVec3 =  LVector3f(-1.99976, 6.29993, 0.375)
### newVec3 =  LVector3f(-1.99976, 6.29993, 0)
spec = {'parentEntId': 10007, 'pos': LPoint3f(0, 0, 0)}
h = None
### newVec3 =  LVector3f(-2.00012, 6.29999, 1.5)
### newVec3 =  LVector3f(-2.00012, 6.29999, 0)
### newVec3 =  LVector3f(-2.00012, 6.29999, 0.375)
### newVec3 =  LVector3f(-2.00012, 6.29999, 0)
spec = {'parentEntId': 10000, 'pos': LPoint3f(0, 0, 0)}
h = None
spec = {'parentEntId': 10000, 'pos': LPoint3f(0, 0, 0)}
h = None
### newVec3 =  LVector3f(-2, 6.29993, 1.5)
### newVec3 =  LVector3f(-2, 6.29993, 0)
### newVec3 =  LVector3f(-2, 6.29993, 0.375)
### newVec3 =  LVector3f(-2, 6.29993, 0)
entered wait for zone redirect
entered wait for set zone response - 2
entered wait for zone redirect
entered wait for set zone response - 2
Reading DNA file... phase_4/dna/storage.pdna
Reading DNA file... phase_3.5/dna/storage_interior.pdna
Reading DNA file... phase_6/dna/storage_DD.pdna
Reading DNA file... phase_6/dna/storage_DD_sz.pdna
Reading DNA file... phase_6/dna/donalds_dock_sz.pdna
entered wait for zone redirect
entered wait for set zone response - 2
Reading DNA file... phase_4/dna/storage.pdna
Reading DNA file... phase_3.5/dna/storage_interior.pdna
Reading DNA file... phase_6/dna/storage_OZ.pdna
Reading DNA file... phase_6/dna/storage_OZ_sz.pdna
Reading DNA file... phase_6/dna/outdoor_zone_sz.pdna
TIMER startTime 1209
SET TABLE STATE
 GETTING 2 None 0
SET TABLE STATE
 GETTING 2 None 0
SET TABLE STATE
 GETTING 2 None 0
entered wait for zone redirect
entered wait for set zone response - 2
Reading DNA file... phase_4/dna/storage.pdna
Reading DNA file... phase_3.5/dna/storage_interior.pdna
Reading DNA file... phase_6/dna/storage_DD.pdna
Reading DNA file... phase_6/dna/storage_DD_sz.pdna
Reading DNA file... phase_6/dna/donalds_dock_sz.pdna
Exception occurred while processing Func-hide-29759 of Sequence-24139:
Sequence-24139:
  0.000 Sequence-24139 {
  0.000   Wait dur 0.1
  0.100   Wait dur 6
  6.100   LerpColorScaleInterval-22156: color_scale to 1 1 1 0 dur 0.5
  6.600   *Func-hide-29759
  6.600 }

Traceback (most recent call last):
  File "C:\Panda3D-1.10.0\direct\showbase\ShowBase.py", line 1829, in __ivalLoop
    IntervalManager.ivalMgr.step()
  File "C:\Panda3D-1.10.0\direct\interval\IntervalManager.py", line 94, in step
    self.__doPythonCallbacks()
  File "C:\Panda3D-1.10.0\direct\interval\IntervalManager.py", line 117, in __doPythonCallbacks
    ival.privPostEvent()
  File "C:\Panda3D-1.10.0\direct\interval\MetaInterval.py", line 519, in privPostEvent
    self.__doPythonCallbacks()
  File "C:\Panda3D-1.10.0\direct\interval\MetaInterval.py", line 495, in __doPythonCallbacks
    ival.privDoEvent(t, eventType)
  File "C:\Panda3D-1.10.0\direct\interval\Interval.py", line 206, in privDoEvent
    self.privInstant()
  File "C:\Panda3D-1.10.0\direct\interval\FunctionInterval.py", line 88, in privInstant
    self.function(*self.extraArgs, **self.kw)
AssertionError: !is_empty() at line 2271 of c:\users\john\desktop\panda3d-master\built\include\nodePath.I
Traceback (most recent call last):
  File "otp\otpbase\OTPBase.py", line 34, in run
    taskMgr.run()
  File "C:\Panda3D-1.10.0\direct\task\Task.py", line 508, in run
    self.step()
  File "C:\Panda3D-1.10.0\direct\task\Task.py", line 465, in step
    self.mgr.poll()
  File "C:\Panda3D-1.10.0\direct\showbase\ShowBase.py", line 1829, in __ivalLoop
    IntervalManager.ivalMgr.step()
  File "C:\Panda3D-1.10.0\direct\interval\IntervalManager.py", line 94, in step
    self.__doPythonCallbacks()
  File "C:\Panda3D-1.10.0\direct\interval\IntervalManager.py", line 117, in __doPythonCallbacks
    ival.privPostEvent()
  File "C:\Panda3D-1.10.0\direct\interval\MetaInterval.py", line 519, in privPostEvent
    self.__doPythonCallbacks()
  File "C:\Panda3D-1.10.0\direct\interval\MetaInterval.py", line 495, in __doPythonCallbacks
    ival.privDoEvent(t, eventType)
  File "C:\Panda3D-1.10.0\direct\interval\Interval.py", line 206, in privDoEvent
    self.privInstant()
  File "C:\Panda3D-1.10.0\direct\interval\FunctionInterval.py", line 88, in privInstant
    self.function(*self.extraArgs, **self.kw)
AssertionError: !is_empty() at line 2271 of c:\users\john\desktop\panda3d-master\built\include\nodePath.I
