TTLocalizer: Running in language: English
OTPLocalizer: Running in language: English
Preloading suits...
Preloading Toon heads...
Preloading avatars...
{401000001: <toontown.distributed.ToontownDistrict.ToontownDistrict instance at 0x1501F4B8>}
__handleAvatarChooserDone: 100000070, 'Master Cool Cat', ('csl', 'ms', 'm', 'm', (0.3, 0.3, 0.35, 1.0), (0.28, 0.32, 0.72, 1.0), (0.3, 0.3, 0.35, 1.0), (0.3, 0.3, 0.35, 1.0), 111, 27, 98, 27, 41, 27), 3
entered wait for zone redirect
entered wait for set zone response - 2
Reading DNA file... phase_4/dna/storage.pdna
Reading DNA file... phase_3.5/dna/storage_interior.pdna
Reading DNA file... phase_6/dna/storage_DD.pdna
Reading DNA file... phase_6/dna/storage_DD_sz.pdna
Reading DNA file... phase_6/dna/donalds_dock_sz.pdna
__handleAvatarChooserDone: 100000181, 'Vidren Frigate', ('csl', 'ls', 's', 'm', (0.3, 0.3, 0.35, 1.0), (1.0, 1.0, 1.0, 1.0), (0.3, 0.3, 0.35, 1.0), (0.3, 0.3, 0.35, 1.0), 11, 31, 5, 31, 44, 32), 0
entered wait for zone redirect
entered wait for set zone response - 2
Reading DNA file... phase_4/dna/storage.pdna
Reading DNA file... phase_3.5/dna/storage_interior.pdna
entered wait for zone redirect
entered wait for set zone response - 2
Reading DNA file... phase_4/dna/storage.pdna
Reading DNA file... phase_3.5/dna/storage_interior.pdna
Reading DNA file... phase_8/dna/storage_DG.pdna
Reading DNA file... phase_5/dna/storage_town.pdna
Reading DNA file... phase_8/dna/storage_DG_town.pdna
Reading DNA file... phase_8/dna/daisys_garden_5300.pdna
entered wait for zone redirect
entered wait for set zone response - 2
Reading DNA file... phase_4/dna/storage.pdna
Reading DNA file... phase_3.5/dna/storage_interior.pdna
Reading DNA file... phase_8/dna/storage_DG.pdna
Reading DNA file... phase_5/dna/storage_town.pdna
Reading DNA file... phase_8/dna/storage_DG_town.pdna
Reading DNA file... phase_8/dna/daisys_garden_5300.pdna
entered wait for zone redirect
entered wait for set zone response - 2
Reading DNA file... phase_4/dna/storage.pdna
Reading DNA file... phase_3.5/dna/storage_interior.pdna
entered wait for zone redirect
entered wait for set zone response - 2
Reading DNA file... phase_4/dna/storage.pdna
Reading DNA file... phase_3.5/dna/storage_interior.pdna
Reading DNA file... phase_8/dna/storage_DG.pdna
Reading DNA file... phase_5/dna/storage_town.pdna
Reading DNA file... phase_8/dna/storage_DG_town.pdna
Reading DNA file... phase_8/dna/daisys_garden_5300.pdna
entered wait for zone redirect
entered wait for set zone response - 2
Reading DNA file... phase_4/dna/storage.pdna
Reading DNA file... phase_3.5/dna/storage_interior.pdna
Reading DNA file... phase_8/dna/storage_DG.pdna
Reading DNA file... phase_5/dna/storage_town.pdna
Reading DNA file... phase_8/dna/storage_DG_town.pdna
Reading DNA file... phase_8/dna/daisys_garden_5300.pdna
entered wait for zone redirect
entered wait for set zone response - 2
entered wait for zone redirect
entered wait for set zone response - 2
entered wait for zone redirect
entered wait for set zone response - 2
Reading DNA file... phase_5/dna/storage_town.pdna
Reading DNA file... phase_8/dna/storage_DG_town.pdna
Reading DNA file... phase_8/dna/daisys_garden_5300.pdna
entered wait for zone redirect
entered wait for set zone response - 2
entered wait for zone redirect
entered wait for set zone response - 2
entered wait for zone redirect
entered wait for set zone response - 2
Reading DNA file... phase_4/dna/storage.pdna
Reading DNA file... phase_3.5/dna/storage_interior.pdna
entered wait for zone redirect
entered wait for set zone response - 2
entered wait for zone redirect
entered wait for set zone response - 2
spec = {'parentEntId': 10047, 'pos': LPoint3f(0, 0, 0)}
h = None
__handleAvatarChooserDone: 100000070, 'Master Cool Cat', ('csl', 'ms', 'm', 'm', (0.3, 0.3, 0.35, 1.0), (0.28, 0.32, 0.72, 1.0), (0.3, 0.3, 0.35, 1.0), (0.3, 0.3, 0.35, 1.0), 111, 27, 98, 27, 41, 27), 3
entered wait for zone redirect
entered wait for set zone response - 2
Reading DNA file... phase_4/dna/storage.pdna
Reading DNA file... phase_3.5/dna/storage_interior.pdna
Reading DNA file... phase_6/dna/storage_DD.pdna
Reading DNA file... phase_6/dna/storage_DD_sz.pdna
Reading DNA file... phase_6/dna/donalds_dock_sz.pdna
entered wait for zone redirect
entered wait for set zone response - 2
Reading DNA file... phase_4/dna/storage.pdna
Reading DNA file... phase_3.5/dna/storage_interior.pdna
Reading DNA file... phase_4/dna/storage_TT.pdna
Reading DNA file... phase_4/dna/storage_TT_sz.pdna
Reading DNA file... phase_4/dna/toontown_central_sz.pdna
entered wait for zone redirect
entered wait for set zone response - 2
Reading DNA file... phase_5/dna/storage_town.pdna
Reading DNA file... phase_5/dna/storage_TT_town.pdna
Reading DNA file... phase_5/dna/toontown_central_2300.pdna
chooseFireOpenShot <function avatarCloseUpThreeQuarterRightShot at 0x10A5B270>
chooseFireOpenShot <function avatarCloseUpThreeQuarterLeftFireShot at 0x10A5B830>
Warning: NodePath.remove() is deprecated.  Use remove_node() instead.
entered wait for zone redirect
entered wait for set zone response - 2
entered wait for zone redirect
entered wait for set zone response - 2
Reading DNA file... phase_4/dna/storage_TT_sz.pdna
Reading DNA file... phase_4/dna/toontown_central_sz.pdna
entered wait for zone redirect
entered wait for set zone response - 2
Reading DNA file... phase_5/dna/storage_town.pdna
Reading DNA file... phase_5/dna/storage_TT_town.pdna
Reading DNA file... phase_5/dna/toontown_central_2300.pdna
entered wait for zone redirect
entered wait for set zone response - 2
Exception occurred while processing Func-show-10608 of movie-track-with-cam-401006018:
movie-track-with-cam-401006018:
  0.000 movie-track-with-cam-401006018 {
  0.000   movie-track-401006018 {
  0.000     Sequence-9846 {
  0.000       toon-attacks {
  0.000         Sequence-9873 {
  0.000           Sequence-9848 {
  0.000             Sequence-9852 {
  0.000               *Func-reparentTo-10582
  0.000               *Func-setPos-10583
  0.000               *Func-setHpr-10584
  0.000               *Func-pose-10585
  0.000               teleportIn {
  0.000                 Sequence-9850 {
  0.000                   *Func-reparentTo-10586
  0.000                   *Func-setPos-10587
  0.000                   *Actor-hole-3316 dur 0.341667
  0.342                   Wait dur 0.6
  0.942                   *Actor-hole-3317 dur 0.341667
  1.284                   *Func-restoreHole-10588
  1.284                 }
  0.000                 Sequence-9851 {
  0.000                   Wait dur 0.3
  0.300                   *Func-show-10589
  0.300                   *Func-show-10590
  0.300                   *Actor-jump-3318 dur 1.21667
  1.517                 }
  1.517               }
  1.517               *Func-addActive-10591
  1.517               *Func-setChatAbsolute-10592
  1.517               *Actor-wave-3319 dur 3.25
  4.767               *Func-loop-10593
  4.767               *Func-clearChat-10594
  4.767             }
  4.767             Parallel-9855 {
  4.767               *Func-setHpr-10602
  4.767             }
  4.767           }
  4.767           Parallel-9857 {
  4.767             Parallel-9865 {
  4.767               Parallel-9858 {
  4.767                 Sequence-9859 {
  4.767                   Wait dur 2.5
  7.267                   *Func-show-10604
  7.267                   *Func-setScale-10605
  7.267                   *Func-reparentTo-10606
  7.267                   *Func-setPos-10607
  7.267                   LerpScaleInterval-8080: scale to 1.7 1.7 1.7 dur 1.2
  8.467                 }
  4.767                 Sequence-9860 {
  4.767                   Wait dur 2.5
  7.267                   *Func-show-10608
  7.267                   *Func-setScale-10609
  7.267                   *Func-reparentTo-10610
  7.267                   *Func-setPos-10611
  7.267                   LerpScaleInterval-8081: scale to 1.7 1.7 1.7 dur 1.2
  8.467                 }
  4.767                 Sequence-9861 {
  4.767                   Wait dur 2.5
  7.267                   *Func-show-10612
  7.267                   *Func-setScale-10613
  7.267                   *Func-reparentTo-10614
  7.267                   *Func-setPos-10615
  7.267                   LerpScaleInterval-8082: scale to 1.7 1.7 1.7 dur 1.2
  8.467                 }
  4.767                 Sequence-9862 {
  4.767                   Wait dur 2.5
  7.267                   *Func-show-10616
  7.267                   *Func-setScale-10617
  7.267                   *Func-reparentTo-10618
  7.267                   *Func-setPos-10619
  7.267                   LerpScaleInterval-8083: scale to 1.7 1.7 1.7 dur 1.2
  8.467                 }
  8.467               }
  4.767               Sequence-9863 {
  4.767                 *Func-showProps-10620
  4.767                 *Func-headsUp-10621
  4.767                 *Actor-pushbutton-3325 dur 4
  8.767                 *Func-removeProps-10622
  8.767                 *Func-loop-10623
  8.767                 *Func-setHpr-10624
  8.767               }
  4.767               Sequence-9864 {
  4.767                 Wait dur 2.3
  7.067                 *Sound-1742 dur 0.67
  7.737                 Wait dur 0.3
  8.037                 *Sound-1743 dur 0.5
  8.537               }
  8.767             }
  4.767             Parallel-9872 {
  4.767               Sequence-9866 {
  4.767                 *Func-showProps-10625
  4.767               }
  4.767               Sequence-9867 {
  4.767                 Wait dur 2.3
  7.067                 *Func-reparentTo-10626
  7.067                 *Func-update-10627
  7.067                 Wait dur 0.2
  7.267                 Parallel-9870 {
  7.267                   Sequence-9868 {
  7.267                     *Func-calcOriginAndVelocity-10628
  7.267                     *LerpFunctionInterval-throwPos-82 dur 0.9
  8.167                   }
  7.267                   LerpHprInterval-8084: hpr to 0 90 0 dur 0.9
  7.267                   LerpScaleInterval-8085: scale to 1 1 1 dur 0.9
  7.267                   Sequence-9869 {
  7.267                     Wait dur 0.8
  8.067                     *Sound-1744 dur 0.7
  8.767                   }
  8.767                 }
  8.767                 *Func-placeTrap-10629
  8.767                 *Func-start-10630
  8.767                 *Func-removeProps-10631
  8.767               }
  4.767               Sequence-9871 {
  4.767                 *Func-headsUp-10632
  4.767                 *Actor-toss-3326 dur 4.375
  9.142                 *Func-loop-10633
  9.142               }
  9.142             }
  9.142           }
  9.142           Parallel-9856 {
  9.142             *Func-setHpr-10603
  9.142             Parallel-9849 {
  9.142               Sequence-9854 {
  9.142                 *Actor-curtsy-3320 dur 3.375
 12.517                 *Func-setChatAbsolute-10595
 12.517                 teleportOut {
 12.517                   Track-9853 {
 12.517                     *Func-showHoles-10596
 13.017                     *Sound-1741 dur 3.34367
 14.225                     *Func-reparentHoles-10597
 15.917                     *Func-cleanupHoles-10598
 16.361                   }
 12.517                   *Actor-hole-3321 dur 3.4
 12.517                   *Actor-hole-3322 dur 3.4
 12.517                   *Actor-hole-3323 dur 3.4
 12.517                   *Actor-teleport-3324 dur 3.4
 16.361                 }
 16.361                 *Func-removeActive-10599
 16.361                 *Func-detachNode-10600
 16.361                 *Func-delete-10601
 16.361               }
 16.361             }
 16.361           }
 16.361         }
 16.361         Sequence-9959 {
 16.361           Sequence-9875 {
 16.361             Parallel-9877 {
 16.361             }
 16.361           }
 16.361           Parallel-9879 {
 16.361             Parallel-9882 {
 16.361               Sequence-9881 {
 16.361                 Wait dur 2.5
 18.861                 *Func-show-10643
 18.861                 *Func-setScale-10644
 18.861                 *Func-reparentTo-10645
 18.861                 *Func-setPos-10646
 18.861                 LerpScaleInterval-8086: scale to 1 1 1 dur 1.2
 20.061                 Wait dur 3
 23.061                 LerpScaleInterval-8087: scale to 1 1 0.1 dur 0.4
 23.461                 *Func-removeProp-10647
 23.461               }
 16.361               Sequence-9880 {
 16.361                 *Func-showProps-10638
 16.361                 *Func-headsUp-10639
 16.361                 *Actor-pushbutton-3327 dur 4
 20.361                 *Func-removeProps-10640
 20.361                 *Func-loop-10641
 20.361                 *Func-setHpr-10642
 20.361               }
 16.361               Sequence-9883 {
 16.361                 *Func-loop-10648
 16.361                 Wait dur 3.8
 20.161                 *Actor-hypnotized-3328 dur 3.1
 23.261                 *Func-setPos-10649
 23.261                 *Func-loop-10650
 23.261                 *Func-lureSuit-10651
 23.261                 Sequence-9884 {
 23.261                   *Func-reparentTrap-10652
 23.261                   Parallel-9891 {
 23.261                     Sequence-9885 {
 23.261                       Wait dur 2.4
 25.661                       LerpScaleInterval-8088: scale to 0.01 0.01 0.01 dur 0.8
 26.461                     }
 23.261                     Sequence-9886 {
 23.261                       Wait dur 2.2
 25.461                       LerpPosInterval-8089: pos to 5.11075 1.9568 -9.1 dur 0.4
 25.861                       *Func-setPos-10653
 25.861                       *Func-wrtReparentTo-10654
 25.861                       Wait dur 1.6
 27.461                       *Func-wrtReparentTo-10655
 27.461                       LerpPosInterval-8090: pos to 5.11075 1.9568 0 dur 0.3
 27.761                     }
 23.261                     Sequence-9888 {
 23.261                       Sequence-9887 {
 23.261                         Wait dur 0.0119048
 23.273                         *Actor-flail-3329 dur 0.0333333
 23.306                         Wait dur 0.0119048
 23.318                         *Actor-flail-3330 dur 0.0333333
 23.351                         Wait dur 0.0119048
 23.363                         *Actor-flail-3331 dur 0.0333333
 23.396                         Wait dur 0.0119048
 23.408                         *Actor-flail-3332 dur 0.0333333
 23.441                         Wait dur 0.0119048
 23.453                         *Actor-flail-3333 dur 0.0333333
 23.486                         Wait dur 0.0119048
 23.498                         *Actor-flail-3334 dur 0.0333333
 23.531                         Wait dur 0.0119048
 23.543                         *Actor-flail-3335 dur 0.0333333
 23.576                         Wait dur 0.0119048
 23.588                         *Actor-flail-3336 dur 0.0333333
 23.621                         Wait dur 0.0119048
 23.633                         *Actor-flail-3337 dur 0.0333333
 23.666                         Wait dur 0.0119048
 23.678                         *Actor-flail-3338 dur 0.0333333
 23.711                         Wait dur 0.0119048
 23.723                         *Actor-flail-3339 dur 0.0333333
 23.756                         Wait dur 0.0119048
 23.768                         *Actor-flail-3340 dur 0.0333333
 23.801                         Wait dur 0.0119048
 23.813                         *Actor-flail-3341 dur 0.0333333
 23.846                         Wait dur 0.0119048
 23.858                         *Actor-flail-3342 dur 0.0333333
 23.891                         Wait dur 0.0119048
 23.903                         *Actor-flail-3343 dur 0.0333333
 23.936                         Wait dur 0.0119048
 23.948                         *Actor-flail-3344 dur 0.0333333
 23.981                         Wait dur 0.0119048
 23.993                         *Actor-flail-3345 dur 0.0333333
 24.026                         Wait dur 0.0119048
 24.038                         *Actor-flail-3346 dur 0.0333333
 24.071                         Wait dur 0.0119048
 24.083                         *Actor-flail-3347 dur 0.0333333
 24.116                         Wait dur 0.0119048
 24.128                         *Actor-flail-3348 dur 0.0333333
 24.161                         Wait dur 0.0119048
 24.173                         *Actor-flail-3349 dur 0.0333333
 24.206                       }
 24.206                       *Func-setColor-10656
 24.206                       *Actor-flail-3350 dur 0.741667
 24.948                       *Actor-neutral-3351 dur 0.5
 25.448                       *Actor-flail-3352 dur 0.483333
 25.931                       Wait dur 1.1
 27.031                       *Actor-slip-backward-3353 dur 4
 31.031                     }
 23.261                     Sequence-9889 {
 23.261                       Wait dur 3.5
 26.761                       *Func-showHpText-10657 (!oe)
 26.761                       *Func-updateHealthBar-10658
 26.761                     }
 23.261                     Sequence-9890 {
 23.261                       Wait dur 0.8
 24.061                       *Sound-1745 dur 2.48163
 26.543                       Wait dur 0.8
 27.343                       *Sound-1746 dur 1.85469
 29.198                     }
 31.031                   }
 31.031                   *Func-removeTrap-10659
 31.031                   *Func-unlureSuit-10660
 31.031                   Parallel-9893 {
 31.031                     Sequence-9892 {
 31.031                       *Func-setHpr-10661
 31.031                       *Actor-walk-3354 dur 0.5
 31.531                       *Func-loop-10662
 31.531                     }
 31.031                     LerpPosInterval-8091: pos to 6 4.4 0 dur 0.5
 31.531                   }
 31.531                   *Func-loop-10663
 31.531                 }
 31.531                 Parallel-9901 {
 31.531                   Sequence-9894 {
 31.531                     *Func-debug-10664
 31.531                     *Func-insertDeathSuit-10665
 31.531                     *Func-debug-10666
 31.531                     *Actor-lose-3355 dur 6
 37.531                     *Func-debug-10667
 37.531                     *remove-death-suit
 37.531                     *Func-debug-10668
 37.531                   }
 31.531                   Sequence-9895 {
 31.531                     Wait dur 0.8
 32.331                     *Sound-1747 dur 1.2
 33.531                     *Sound-1748 dur 3
 36.531                     *Sound-1749 dur 1.85469
 38.386                   }
 31.531                   gears1Track {
 31.531                     Wait dur 2.1
 33.631                     *Particle-209 dur 4.3
 37.931                   }
 31.531                   gears2MTrack {
 31.531                     Sequence-9896 {
 31.531                       Wait dur 5.4
 36.931                       Sequence-9897 {
 36.931                         *Func-reparentTo-10669
 36.931                         *Func-setPos-10670
 36.931                         *Func-setScale-10671
 36.931                         Wait dur 0.6
 37.531                         *Func-removeProp-10672
 37.531                       }
 37.531                     }
 32.231                     *Particle-210 dur 5.7
 36.731                     *Particle-211 dur 1.2
 36.931                     *Particle-212 dur 1
 37.931                   }
 31.531                   toonMTrack {
 31.531                     Sequence-9898 {
 31.531                       Wait dur 1
 32.531                       *Actor-duck-3356 dur 3.75
 36.281                       *Actor-duck-3357 dur 1.95
 38.231                       *Func-loop-10673
 38.231                     }
 31.531                     Sequence-9899 {
 31.531                       Wait dur 1
 32.531                       *Actor-duck-3358 dur 3.75
 36.281                       *Actor-duck-3359 dur 1.95
 38.231                       *Func-loop-10674
 38.231                     }
 31.531                     Sequence-9900 {
 31.531                       Wait dur 1
 32.531                       *Actor-duck-3360 dur 3.75
 36.281                       *Actor-duck-3361 dur 1.95
 38.231                       *Func-loop-10675
 38.231                     }
 38.231                   }
 38.386                 }
 38.386               }
 16.361               Sequence-9902 {
 16.361                 *Func-safeWrtReparentTo-10676
 16.361                 Wait dur 5.5
 21.861                 LerpPosInterval-8092: pos to 6 1.8 0 dur 0.7
 22.561                 *Func-safeWrtReparentTo-10677
 22.561               }
 16.361               Sequence-9903 {
 16.361                 *Func-loop-10678
 16.361                 Wait dur 3.8
 20.161                 *Actor-hypnotized-3362 dur 3.1
 23.261                 *Func-setPos-10679
 23.261                 *Func-loop-10680
 23.261                 *Func-lureSuit-10681
 23.261                 Sequence-9904 {
 23.261                   *Func-reparentTrap-10682
 23.261                   Parallel-9913 {
 23.261                     *Actor-tnt-3363 dur 2
 23.261                     Sequence-9907 {
 23.261                       *Actor-flail-3365 dur 0.7
 23.961                       *Actor-flail-3366 dur 0.741667
 24.703                       *Actor-neutral-3367 dur 0.4
 25.103                       *Actor-flail-3368 dur 0.141667
 25.245                       Parallel-9908 {
 25.245                         LerpPosHprInterval-8093: pos to 0 -8.6 16.5 hpr to 0 30 0 dur 0.4
 25.245                         *Func-needRestoreColor-10687
 25.245                         *Func-setColorScale-10688
 25.245                         *Func-reparentTo-10689
 25.245                         *Actor-flail-3369 dur 0.4
 25.245                         LerpPosInterval-8094: pos to 2 6.3 17 dur 0.3
 25.645                       }
 25.645                       Parallel-9910 {
 25.645                         Sequence-9909 {
 25.645                           Wait dur 0.3
 25.945                           LerpPosHprInterval-8095: pos to 0 -8.6 16.5 hpr to 0 -61 0 dur 0.5
 26.445                         }
 25.645                         *Actor-slip-backward-3370 dur 5.04167
 25.645                         LerpPosInterval-8096: pos to 2 6.3 0 dur 0.7
 30.687                       }
 30.687                       *Func-clearColorScale-10690
 30.687                       *Func-cleanup-10691
 30.687                       *Func-clearRestoreColor-10692
 30.687                     }
 23.261                     Sequence-9911 {
 23.261                       Wait dur 2.3
 25.561                       *Func-showHpText-10693 (!oe)
 25.561                       *Func-updateHealthBar-10694
 25.561                     }
 23.261                     Sequence-9906 {
 23.261                       Wait dur 2.3
 25.561                       Sequence-9905 {
 25.561                         *Func-reparentTo-10683
 25.561                         *Func-setPos-10684
 25.561                         *Func-setScale-10685
 25.561                         *Actor-kapow-3364 dur 0.666667
 26.228                         *Func-removeProp-10686
 26.228                       }
 26.228                     }
 23.261                     Sequence-9912 {
 23.261                       *Sound-1750 dur 2
 25.261                       *Sound-1751 dur 0.6
 25.861                     }
 30.687                   }
 30.687                   *Func-removeTrap-10695
 30.687                   *Func-unlureSuit-10696
 30.687                   Parallel-9915 {
 30.687                     Sequence-9914 {
 30.687                       *Func-setHpr-10697
 30.687                       *Actor-walk-3371 dur 0.5
 31.187                       *Func-loop-10698
 31.187                     }
 30.687                     LerpPosInterval-8097: pos to 2 6.3 0 dur 0.5
 31.187                   }
 31.187                   *Func-loop-10699
 31.187                 }
 31.187               }
 16.361               Sequence-9916 {
 16.361                 *Func-safeWrtReparentTo-10700
 16.361                 Wait dur 5.5
 21.861                 LerpPosInterval-8098: pos to 2 3.7 0 dur 0.7
 22.561                 *Func-safeWrtReparentTo-10701
 22.561               }
 16.361               Sequence-9917 {
 16.361                 *Func-loop-10702
 16.361                 Wait dur 3.8
 20.161                 *Actor-hypnotized-3372 dur 3.1
 23.261                 *Func-setPos-10703
 23.261                 *Func-loop-10704
 23.261                 *Func-lureSuit-10705
 23.261                 Sequence-9918 {
 23.261                   *Func-reparentTrap-10706
 23.261                   Parallel-9925 {
 23.261                     Sequence-9919 {
 23.261                       Wait dur 2.4
 25.661                       LerpScaleInterval-8099: scale to 0.01 0.01 0.01 dur 0.8
 26.461                     }
 23.261                     Sequence-9920 {
 23.261                       Wait dur 2.2
 25.461                       LerpPosInterval-8100: pos to -1.54851 3.7395 -9.1 dur 0.4
 25.861                       *Func-setPos-10707
 25.861                       *Func-wrtReparentTo-10708
 25.861                       Wait dur 1.6
 27.461                       *Func-wrtReparentTo-10709
 27.461                       LerpPosInterval-8101: pos to -1.54851 3.7395 0 dur 0.3
 27.761                     }
 23.261                     Sequence-9922 {
 23.261                       Sequence-9921 {
 23.261                         Wait dur 0.0119048
 23.273                         *Actor-flail-3373 dur 0.0333333
 23.306                         Wait dur 0.0119048
 23.318                         *Actor-flail-3374 dur 0.0333333
 23.351                         Wait dur 0.0119048
 23.363                         *Actor-flail-3375 dur 0.0333333
 23.396                         Wait dur 0.0119048
 23.408                         *Actor-flail-3376 dur 0.0333333
 23.441                         Wait dur 0.0119048
 23.453                         *Actor-flail-3377 dur 0.0333333
 23.486                         Wait dur 0.0119048
 23.498                         *Actor-flail-3378 dur 0.0333333
 23.531                         Wait dur 0.0119048
 23.543                         *Actor-flail-3379 dur 0.0333333
 23.576                         Wait dur 0.0119048
 23.588                         *Actor-flail-3380 dur 0.0333333
 23.621                         Wait dur 0.0119048
 23.633                         *Actor-flail-3381 dur 0.0333333
 23.666                         Wait dur 0.0119048
 23.678                         *Actor-flail-3382 dur 0.0333333
 23.711                         Wait dur 0.0119048
 23.723                         *Actor-flail-3383 dur 0.0333333
 23.756                         Wait dur 0.0119048
 23.768                         *Actor-flail-3384 dur 0.0333333
 23.801                         Wait dur 0.0119048
 23.813                         *Actor-flail-3385 dur 0.0333333
 23.846                         Wait dur 0.0119048
 23.858                         *Actor-flail-3386 dur 0.0333333
 23.891                         Wait dur 0.0119048
 23.903                         *Actor-flail-3387 dur 0.0333333
 23.936                         Wait dur 0.0119048
 23.948                         *Actor-flail-3388 dur 0.0333333
 23.981                         Wait dur 0.0119048
 23.993                         *Actor-flail-3389 dur 0.0333333
 24.026                         Wait dur 0.0119048
 24.038                         *Actor-flail-3390 dur 0.0333333
 24.071                         Wait dur 0.0119048
 24.083                         *Actor-flail-3391 dur 0.0333333
 24.116                         Wait dur 0.0119048
 24.128                         *Actor-flail-3392 dur 0.0333333
 24.161                         Wait dur 0.0119048
 24.173                         *Actor-flail-3393 dur 0.0333333
 24.206                       }
 24.206                       *Func-setColor-10710
 24.206                       *Actor-flail-3394 dur 0.741667
 24.948                       *Actor-neutral-3395 dur 0.5
 25.448                       *Actor-flail-3396 dur 0.483333
 25.931                       Wait dur 1.1
 27.031                       *Actor-slip-backward-3397 dur 4
 31.031                     }
 23.261                     Sequence-9923 {
 23.261                       Wait dur 3.5
 26.761                       *Func-showHpText-10711 (!oe)
 26.761                       *Func-updateHealthBar-10712
 26.761                     }
 23.261                     Sequence-9924 {
 23.261                       Wait dur 0.8
 24.061                       *Sound-1752 dur 2.48163
 26.543                       Wait dur 0.8
 27.343                       *Sound-1753 dur 1.85469
 29.198                     }
 31.031                   }
 31.031                   *Func-removeTrap-10713
 31.031                   *Func-unlureSuit-10714
 31.031                   Parallel-9927 {
 31.031                     Sequence-9926 {
 31.031                       *Func-setHpr-10715
 31.031                       *Actor-walk-3398 dur 0.5
 31.531                       *Func-loop-10716
 31.531                     }
 31.031                     LerpPosInterval-8102: pos to -2 6.3 0 dur 0.5
 31.531                   }
 31.531                   *Func-loop-10717
 31.531                 }
 31.531                 Parallel-9935 {
 31.531                   Sequence-9928 {
 31.531                     *Func-debug-10718
 31.531                     *Func-insertDeathSuit-10719
 31.531                     *Func-debug-10720
 31.531                     *Actor-lose-3399 dur 6
 37.531                     *Func-debug-10721
 37.531                     *remove-death-suit
 37.531                     *Func-debug-10722
 37.531                   }
 31.531                   Sequence-9929 {
 31.531                     Wait dur 0.8
 32.331                     *Sound-1754 dur 1.2
 33.531                     *Sound-1755 dur 3
 36.531                     *Sound-1756 dur 1.85469
 38.386                   }
 31.531                   gears1Track {
 31.531                     Wait dur 2.1
 33.631                     *Particle-213 dur 4.3
 37.931                   }
 31.531                   gears2MTrack {
 31.531                     Sequence-9930 {
 31.531                       Wait dur 5.4
 36.931                       Sequence-9931 {
 36.931                         *Func-reparentTo-10723
 36.931                         *Func-setPos-10724
 36.931                         *Func-setScale-10725
 36.931                         Wait dur 0.6
 37.531                         *Func-removeProp-10726
 37.531                       }
 37.531                     }
 32.231                     *Particle-214 dur 5.7
 36.731                     *Particle-215 dur 1.2
 36.931                     *Particle-216 dur 1
 37.931                   }
 31.531                   toonMTrack {
 31.531                     Sequence-9932 {
 31.531                       Wait dur 1
 32.531                       *Actor-duck-3400 dur 3.75
 36.281                       *Actor-duck-3401 dur 1.95
 38.231                       *Func-loop-10727
 38.231                     }
 31.531                     Sequence-9933 {
 31.531                       Wait dur 1
 32.531                       *Actor-duck-3402 dur 3.75
 36.281                       *Actor-duck-3403 dur 1.95
 38.231                       *Func-loop-10728
 38.231                     }
 31.531                     Sequence-9934 {
 31.531                       Wait dur 1
 32.531                       *Actor-duck-3404 dur 3.75
 36.281                       *Actor-duck-3405 dur 1.95
 38.231                       *Func-loop-10729
 38.231                     }
 38.231                   }
 38.386                 }
 38.386               }
 16.361               Sequence-9936 {
 16.361                 *Func-safeWrtReparentTo-10730
 16.361                 Wait dur 5.5
 21.861                 LerpPosInterval-8103: pos to -2 3.7 0 dur 0.7
 22.561                 *Func-safeWrtReparentTo-10731
 22.561               }
 16.361               Sequence-9937 {
 16.361                 *Func-loop-10732
 16.361                 Wait dur 3.8
 20.161                 *Actor-hypnotized-3406 dur 3.1
 23.261                 *Func-setPos-10733
 23.261                 *Func-loop-10734
 23.261                 *Func-lureSuit-10735
 23.261                 Sequence-9938 {
 23.261                   *Func-reparentTrap-10736
 23.261                   Parallel-9945 {
 23.261                     Sequence-9939 {
 23.261                       Wait dur 2.4
 25.661                       LerpScaleInterval-8104: scale to 0.01 0.01 0.01 dur 0.8
 26.461                     }
 23.261                     Sequence-9940 {
 23.261                       Wait dur 2.2
 25.461                       LerpPosInterval-8105: pos to -5.11075 1.9568 -9.1 dur 0.4
 25.861                       *Func-setPos-10737
 25.861                       *Func-wrtReparentTo-10738
 25.861                       Wait dur 1.6
 27.461                       *Func-wrtReparentTo-10739
 27.461                       LerpPosInterval-8106: pos to -5.11075 1.9568 0 dur 0.3
 27.761                     }
 23.261                     Sequence-9942 {
 23.261                       Sequence-9941 {
 23.261                         Wait dur 0.0119048
 23.273                         *Actor-flail-3407 dur 0.0333333
 23.306                         Wait dur 0.0119048
 23.318                         *Actor-flail-3408 dur 0.0333333
 23.351                         Wait dur 0.0119048
 23.363                         *Actor-flail-3409 dur 0.0333333
 23.396                         Wait dur 0.0119048
 23.408                         *Actor-flail-3410 dur 0.0333333
 23.441                         Wait dur 0.0119048
 23.453                         *Actor-flail-3411 dur 0.0333333
 23.486                         Wait dur 0.0119048
 23.498                         *Actor-flail-3412 dur 0.0333333
 23.531                         Wait dur 0.0119048
 23.543                         *Actor-flail-3413 dur 0.0333333
 23.576                         Wait dur 0.0119048
 23.588                         *Actor-flail-3414 dur 0.0333333
 23.621                         Wait dur 0.0119048
 23.633                         *Actor-flail-3415 dur 0.0333333
 23.666                         Wait dur 0.0119048
 23.678                         *Actor-flail-3416 dur 0.0333333
 23.711                         Wait dur 0.0119048
 23.723                         *Actor-flail-3417 dur 0.0333333
 23.756                         Wait dur 0.0119048
 23.768                         *Actor-flail-3418 dur 0.0333333
 23.801                         Wait dur 0.0119048
 23.813                         *Actor-flail-3419 dur 0.0333333
 23.846                         Wait dur 0.0119048
 23.858                         *Actor-flail-3420 dur 0.0333333
 23.891                         Wait dur 0.0119048
 23.903                         *Actor-flail-3421 dur 0.0333333
 23.936                         Wait dur 0.0119048
 23.948                         *Actor-flail-3422 dur 0.0333333
 23.981                         Wait dur 0.0119048
 23.993                         *Actor-flail-3423 dur 0.0333333
 24.026                         Wait dur 0.0119048
 24.038                         *Actor-flail-3424 dur 0.0333333
 24.071                         Wait dur 0.0119048
 24.083                         *Actor-flail-3425 dur 0.0333333
 24.116                         Wait dur 0.0119048
 24.128                         *Actor-flail-3426 dur 0.0333333
 24.161                         Wait dur 0.0119048
 24.173                         *Actor-flail-3427 dur 0.0333333
 24.206                       }
 24.206                       *Func-setColor-10740
 24.206                       *Actor-flail-3428 dur 0.741667
 24.948                       *Actor-neutral-3429 dur 0.5
 25.448                       *Actor-flail-3430 dur 0.483333
 25.931                       Wait dur 1.1
 27.031                       *Actor-slip-backward-3431 dur 4
 31.031                     }
 23.261                     Sequence-9943 {
 23.261                       Wait dur 3.5
 26.761                       *Func-showHpText-10741 (!oe)
 26.761                       *Func-updateHealthBar-10742
 26.761                     }
 23.261                     Sequence-9944 {
 23.261                       Wait dur 0.8
 24.061                       *Sound-1757 dur 2.48163
 26.543                       Wait dur 0.8
 27.343                       *Sound-1758 dur 1.85469
 29.198                     }
 31.031                   }
 31.031                   *Func-removeTrap-10743
 31.031                   *Func-unlureSuit-10744
 31.031                   Parallel-9947 {
 31.031                     Sequence-9946 {
 31.031                       *Func-setHpr-10745
 31.031                       *Actor-walk-3432 dur 0.5
 31.531                       *Func-loop-10746
 31.531                     }
 31.031                     LerpPosInterval-8107: pos to -6 4.4 0 dur 0.5
 31.531                   }
 31.531                   *Func-loop-10747
 31.531                 }
 31.531                 Parallel-9955 {
 31.531                   Sequence-9948 {
 31.531                     *Func-debug-10748
 31.531                     *Func-insertDeathSuit-10749
 31.531                     *Func-debug-10750
 31.531                     *Actor-lose-3433 dur 6
 37.531                     *Func-debug-10751
 37.531                     *remove-death-suit
 37.531                     *Func-debug-10752
 37.531                   }
 31.531                   Sequence-9949 {
 31.531                     Wait dur 0.8
 32.331                     *Sound-1759 dur 1.2
 33.531                     *Sound-1760 dur 3
 36.531                     *Sound-1761 dur 1.85469
 38.386                   }
 31.531                   gears1Track {
 31.531                     Wait dur 2.1
 33.631                     *Particle-217 dur 4.3
 37.931                   }
 31.531                   gears2MTrack {
 31.531                     Sequence-9950 {
 31.531                       Wait dur 5.4
 36.931                       Sequence-9951 {
 36.931                         *Func-reparentTo-10753
 36.931                         *Func-setPos-10754
 36.931                         *Func-setScale-10755
 36.931                         Wait dur 0.6
 37.531                         *Func-removeProp-10756
 37.531                       }
 37.531                     }
 32.231                     *Particle-218 dur 5.7
 36.731                     *Particle-219 dur 1.2
 36.931                     *Particle-220 dur 1
 37.931                   }
 31.531                   toonMTrack {
 31.531                     Sequence-9952 {
 31.531                       Wait dur 1
 32.531                       *Actor-duck-3434 dur 3.75
 36.281                       *Actor-duck-3435 dur 1.95
 38.231                       *Func-loop-10757
 38.231                     }
 31.531                     Sequence-9953 {
 31.531                       Wait dur 1
 32.531                       *Actor-duck-3436 dur 3.75
 36.281                       *Actor-duck-3437 dur 1.95
 38.231                       *Func-loop-10758
 38.231                     }
 31.531                     Sequence-9954 {
 31.531                       Wait dur 1
 32.531                       *Actor-duck-3438 dur 3.75
 36.281                       *Actor-duck-3439 dur 1.95
 38.231                       *Func-loop-10759
 38.231                     }
 38.231                   }
 38.386                 }
 38.386               }
 16.361               Sequence-9956 {
 16.361                 *Func-safeWrtReparentTo-10760
 16.361                 Wait dur 5.5
 21.861                 LerpPosInterval-8108: pos to -6 1.8 0 dur 0.7
 22.561                 *Func-safeWrtReparentTo-10761
 22.561               }
 16.361               Sequence-9957 {
 16.361                 Wait dur 2.3
 18.661                 *Sound-1762 dur 4.8849
 23.546               }
 16.361               Sequence-9958 {
 16.361                 Wait dur 2.5
 18.861                 *Sound-1763 dur 0.365714
 19.227               }
 38.386             }
 38.386           }
 38.386           Parallel-9878 {
 38.386             Parallel-9876 {
 38.386             }
 38.386           }
 38.386         }
 38.386       }
 38.386       suit-attacks {
 38.386         Sequence-9989 {
 38.386           Parallel-9978 {
 38.386             Sequence-9961 {
 38.386               Wait
 38.386               *Func-setChatAbsolute-10766
 38.386               *Actor-magic1-3440 dur 2.25
 40.636               *Func-clearChat-10767
 40.636             }
 38.386             Sequence-9962 {
 38.386               Wait dur 1
 39.386               *Func-needRestoreParticleEffect-10768
 39.386               *Func-start-10769
 39.386               Wait dur 0.4
 39.786               LerpPosInterval-8109: pos to 0 15 0.4 dur 1
 40.786               *LerpFunctionInterval-setAlphaScale-83 dur 0.4
 41.186               *Func-cleanup-10770
 41.186               *Func-clearRestoreParticleEffect-10771
 41.186             }
 38.386             Sequence-9963 {
 38.386               Wait dur 1
 39.386               *Func-needRestoreParticleEffect-10772
 39.386               *Func-start-10773
 39.386               Wait dur 0.4
 39.786               LerpPosInterval-8110: pos to 0 15 0.4 dur 1
 40.786               *LerpFunctionInterval-setAlphaScale-84 dur 0.4
 41.186               *Func-cleanup-10774
 41.186               *Func-clearRestoreParticleEffect-10775
 41.186             }
 38.386             Sequence-9964 {
 38.386               Wait dur 0.6
 38.986               *Particle-221 dur 1.3
 40.286             }
 38.386             Parallel-9965 {
 38.386               Sequence-9966 {
 38.386                 *Func-headsUp-10776
 38.386                 Parallel-9969 {
 38.386                   Sequence-9967 {
 38.386                     Wait dur 1.8
 40.186                     *Actor-slip-forward-3441 dur 2.29167
 42.478                     *Func-loop-10778
 42.478                   }
 38.386                   Sequence-9968 {
 38.386                     Wait dur 1.81
 40.196                     *Func-__doDamage-10777
 40.196                   }
 42.478                 }
 42.478               }
 38.386               Sequence-9970 {
 38.386                 *Func-headsUp-10779
 38.386                 Parallel-9973 {
 38.386                   Sequence-9971 {
 38.386                     Wait dur 1.8
 40.186                     *Actor-slip-forward-3442 dur 2.29167
 42.478                     *Func-loop-10781
 42.478                   }
 38.386                   Sequence-9972 {
 38.386                     Wait dur 1.81
 40.196                     *Func-__doDamage-10780
 40.196                   }
 42.478                 }
 42.478               }
 38.386               Sequence-9974 {
 38.386                 *Func-headsUp-10782
 38.386                 Parallel-9977 {
 38.386                   Sequence-9975 {
 38.386                     Wait dur 1.8
 40.186                     *Actor-slip-forward-3443 dur 2.29167
 42.478                     *Func-loop-10784
 42.478                   }
 38.386                   Sequence-9976 {
 38.386                     Wait dur 1.81
 40.196                     *Func-__doDamage-10783
 40.196                   }
 42.478                 }
 42.478               }
 42.478             }
 42.478           }
 42.478           *Func-loop-10799
 42.478           Parallel-9985 {
 42.478             Sequence-9986 {
 42.478               *Func-headsUp-10793
 42.478               *Func-loop-10794
 42.478             }
 42.478             Sequence-9987 {
 42.478               *Func-headsUp-10795
 42.478               *Func-loop-10796
 42.478             }
 42.478             Sequence-9988 {
 42.478               *Func-headsUp-10797
 42.478               *Func-loop-10798
 42.478             }
 42.478           }
 42.478         }
 42.478       }
 42.478       *Func-__handleMovieDone-10800
 42.478     }
 42.478   }
  0.000   Sequence-9990 {
  0.000     Sequence-9847 {
  0.000       toon-attacks-cam {
  0.000         Sequence-9874 {
  0.000           toonGroupShot {
  0.000             *Func-setPosHpr-10634
  0.000             Wait dur 4.767
  4.767           }
  4.767           allGroupLowShot {
  4.767             *Func-setPosHpr-10635
  4.767             Wait dur 3
  7.767           }
  7.767           allGroupLowShot {
  7.767             *Func-setPosHpr-10636
  7.767             Wait dur 1.375
  9.142           }
  9.142           toonGroupShot {
  9.142             *Func-setPosHpr-10637
  9.142             Wait dur 7.219
 16.361           }
 16.361         }
 16.361         Sequence-9960 {
 16.361           toonGroupShot {
 16.361             *Func-setPosHpr-10762
 16.361             Wait
 16.361           }
 16.361           allGroupLowShot {
 16.361             *Func-setPosHpr-10763
 16.361             Wait dur 3
 19.361           }
 19.361           allGroupLowShot {
 19.361             *Func-setPosHpr-10764
 19.361             Wait dur 19.025
 38.386           }
 38.386           toonGroupShot {
 38.386             *Func-setPosHpr-10765
 38.386             Wait
 38.386           }
 38.386         }
 38.386       }
 38.386       suit-attacks-cam {
 38.386         Parallel-9984 {
 38.386           Sequence-9979 {
 38.386             Sequence-9982 {
 38.386               Sequence-9980 {
 38.386                 *Func-setPos-10785
 38.386                 *Func-lookAt-10786
 38.386                 Wait dur 1.1
 39.486               }
 39.486               Sequence-9981 {
 39.486                 *Func-setPos-10787
 39.486                 *Func-lookAt-10788
 39.486                 Wait dur 2.992
 42.478               }
 42.478             }
 42.478           }
 38.386           Sequence-9983 {
 38.386             *Func-hide-10789
 38.386             Wait dur 1.05
 39.436             *Func-setText-10790
 39.436             *Func-show-10791
 39.436             Wait dur 2.45
 41.886             *Func-hide-10792
 41.886           }
 42.478         }
 42.478       }
 42.478     }
 42.478   }
 42.478 }

Traceback (most recent call last):
  File "C:\Panda3D-1.10.0\direct\showbase\ShowBase.py", line 1829, in __ivalLoop
    IntervalManager.ivalMgr.step()
  File "C:\Panda3D-1.10.0\direct\interval\IntervalManager.py", line 94, in step
    self.__doPythonCallbacks()
  File "C:\Panda3D-1.10.0\direct\interval\IntervalManager.py", line 122, in __doPythonCallbacks
    self.ivals[index].privPostEvent()
  File "C:\Panda3D-1.10.0\direct\interval\MetaInterval.py", line 519, in privPostEvent
    self.__doPythonCallbacks()
  File "C:\Panda3D-1.10.0\direct\interval\MetaInterval.py", line 495, in __doPythonCallbacks
    ival.privDoEvent(t, eventType)
  File "C:\Panda3D-1.10.0\direct\interval\Interval.py", line 206, in privDoEvent
    self.privInstant()
  File "C:\Panda3D-1.10.0\direct\interval\FunctionInterval.py", line 88, in privInstant
    self.function(*self.extraArgs, **self.kw)
AssertionError: !is_empty() at line 2203 of c:\users\john\desktop\panda3d-master\built\include\nodePath.I
Traceback (most recent call last):
  File "otp\otpbase\OTPBase.py", line 34, in run
    taskMgr.run()
  File "C:\Panda3D-1.10.0\direct\task\Task.py", line 508, in run
    self.step()
  File "C:\Panda3D-1.10.0\direct\task\Task.py", line 465, in step
    self.mgr.poll()
  File "C:\Panda3D-1.10.0\direct\showbase\ShowBase.py", line 1829, in __ivalLoop
    IntervalManager.ivalMgr.step()
  File "C:\Panda3D-1.10.0\direct\interval\IntervalManager.py", line 94, in step
    self.__doPythonCallbacks()
  File "C:\Panda3D-1.10.0\direct\interval\IntervalManager.py", line 122, in __doPythonCallbacks
    self.ivals[index].privPostEvent()
  File "C:\Panda3D-1.10.0\direct\interval\MetaInterval.py", line 519, in privPostEvent
    self.__doPythonCallbacks()
  File "C:\Panda3D-1.10.0\direct\interval\MetaInterval.py", line 495, in __doPythonCallbacks
    ival.privDoEvent(t, eventType)
  File "C:\Panda3D-1.10.0\direct\interval\Interval.py", line 206, in privDoEvent
    self.privInstant()
  File "C:\Panda3D-1.10.0\direct\interval\FunctionInterval.py", line 88, in privInstant
    self.function(*self.extraArgs, **self.kw)
AssertionError: !is_empty() at line 2203 of c:\users\john\desktop\panda3d-master\built\include\nodePath.I
