TTLocalizer: Running in language: English
OTPLocalizer: Running in language: English
Preloading suits...
Preloading Toon heads...
Preloading avatars...
{401000001: <toontown.distributed.ToontownDistrict.ToontownDistrict instance at 0x19999760>}
__handleAvatarChooserDone: 100000015, 'King Bear', ('bss', 'ms', 's', 'm', (0.64, 0.35, 0.26, 1.0), (1.0, 1.0, 1.0, 1.0), (0.64, 0.35, 0.26, 1.0), (0.64, 0.35, 0.26, 1.0), 111, 27, 98, 27, 7, 10), 1
entered wait for zone redirect
entered wait for set zone response - 2
Reading DNA file... phase_4/dna/storage.pdna
Reading DNA file... phase_3.5/dna/storage_interior.pdna
Reading DNA file... phase_8/dna/storage_DG.pdna
Reading DNA file... phase_8/dna/storage_DG_sz.pdna
Reading DNA file... phase_8/dna/daisys_garden_sz.pdna
entered wait for zone redirect
entered wait for set zone response - 2
Reading DNA file... phase_4/dna/storage.pdna
Reading DNA file... phase_3.5/dna/storage_interior.pdna
entered wait for zone redirect
entered wait for set zone response - 2
entered wait for zone redirect
entered wait for set zone response - 2
spec = {'parentEntId': 10014, 'pos': LPoint3f(0, 0, 0)}
h = None
chooseFireOpenShot <function allGroupLowShot at 0x154C2470>
chooseFireOpenShot <function suitGroupThreeQuarterLeftBehindShot at 0x154C25F0>
Warning: NodePath.remove() is deprecated.  Use remove_node() instead.
spec = {'parentEntId': 10037, 'pos': LPoint3f(0, 0, 0)}
h = None
spec = {'parentEntId': 10660, 'pos': LPoint3f(0, 0, 0)}
h = None
chooseFireOpenShot <function avatarCloseUpThrowShot at 0x154C26F0>
chooseFireOpenShot <function avatarCloseUpThreeQuarterLeftFireShot at 0x154C2CB0>
Warning: NodePath.remove() is deprecated.  Use remove_node() instead.
spec = {'parentEntId': 10661, 'pos': LPoint3f(0, 0, 0)}
h = None
spec = {'parentEntId': 20058, 'pos': LPoint3f(0, 0, 0)}
h = None
spec = {'parentEntId': 10662, 'pos': LPoint3f(0, 0, 0)}
h = None
### newVec3 =  LVector3f(2.00006, 5.29999, 1.5)
### newVec3 =  LVector3f(2.00006, 5.29999, 0)
### newVec3 =  LVector3f(2.00006, 5.29999, 0.375)
### newVec3 =  LVector3f(2.00006, 5.29999, 0)
spec = {'parentEntId': 10030, 'pos': LPoint3f(0, 0, 0)}
h = None
### newVec3 =  LVector3f(0, 6, 1.5)
### newVec3 =  LVector3f(0, 6, 0)
### newVec3 =  LVector3f(0, 6, 0.375)
### newVec3 =  LVector3f(0, 6, 0)
spec = {'parentEntId': 10023, 'pos': LPoint3f(0, 0, 0)}
h = None
spec = {'parentEntId': 10032, 'pos': LPoint3f(0, 0, 0)}
h = None
spec = {'parentEntId': 10036, 'pos': LPoint3f(0, 0, 0)}
h = None
chooseFireOpenShot <function avatarCloseUpThrowShot at 0x154C26F0>
chooseFireOpenShot <function allGroupLowShot at 0x154C2470>
Warning: NodePath.remove() is deprecated.  Use remove_node() instead.
chooseFireOpenShot <function suitGroupThreeQuarterLeftBehindShot at 0x154C25F0>
chooseFireOpenShot <function avatarCloseUpFireShot at 0x154C2C70>
Warning: NodePath.remove() is deprecated.  Use remove_node() instead.
chooseFireOpenShot <function avatarCloseUpThreeQuarterRightShot at 0x154C2730>
chooseFireOpenShot <function suitGroupThreeQuarterLeftBehindShot at 0x154C25F0>
Warning: NodePath.remove() is deprecated.  Use remove_node() instead.
spec = {'parentEntId': 10034, 'pos': LPoint3f(0, 0, 0)}
h = None
spec = {'parentEntId': 10047, 'pos': LPoint3f(0, 0, 0)}
h = None
### newVec3 =  LVector3f(-7.62939e-006, 6, 1.49998)
### newVec3 =  LVector3f(-7.62939e-006, 6, -1.52588e-005)
### newVec3 =  LVector3f(-7.62939e-006, 6, 0.374985)
### newVec3 =  LVector3f(-7.62939e-006, 6, -1.52588e-005)
spec = {'parentEntId': 10663, 'pos': LPoint3f(0, 0, 0)}
h = None
spec = {'parentEntId': 10068, 'pos': LPoint3f(-20, -10, 0)}
h = None
spec = {'parentEntId': 10064, 'pos': LPoint3f(0, 0, 0)}
h = None
Exception occurred while processing Func-__handleFactoryRewardDone-4445 of movie-reward-track-with-cam-401004885:
movie-reward-track-with-cam-401004885:
  0.000 movie-reward-track-with-cam-401004885 {
  0.000   movie-reward-track-401004885 {
  0.000     Sequence-3334 {
  0.000       Parallel-3342 {
  0.000         Sequence-3336 {
  0.000           *Func-show-3984
  0.000           *Func-setOnscreenChatForced-3985
  0.000           *Func-_setupSkipListen-3986
  0.000           *Func-_teardownSkipListen-4437
  0.000           *Func-_setupSkipListen-4438
  0.000           Sequence-3339 {
  0.000             *Func-initGagFrame-3987
  0.000             Wait dur 1
  1.000             *Func-showTrackIncLabel-3988
  1.000             *Func-resetBarColor-3989
  1.000             Wait dur 0.1
  1.100             *Func-showTrackIncLabel-3990
  1.100             *Func-incrementExp-3991
  1.100             Wait dur 0.1
  1.200             *Func-incrementExp-3992
  1.200             Wait dur 0.1
  1.300             *Func-incrementExp-3993
  1.300             Wait dur 0.1
  1.400             *Func-incrementExp-3994
  1.400             Wait dur 0.1
  1.500             *Func-incrementExp-3995
  1.500             Wait dur 0.1
  1.600             *Func-incrementExp-3996
  1.600             Wait dur 0.1
  1.700             *Func-incrementExp-3997
  1.700             Wait dur 0.1
  1.800             *Func-incrementExp-3998
  1.800             Wait dur 0.1
  1.900             *Func-incrementExp-3999
  1.900             Wait dur 0.1
  2.000             *Func-incrementExp-4000
  2.000             Wait dur 0.1
  2.100             *Func-incrementExp-4001
  2.100             Wait dur 0.1
  2.200             *Func-incrementExp-4002
  2.200             Wait dur 0.1
  2.300             *Func-incrementExp-4003
  2.300             Wait dur 0.1
  2.400             *Func-incrementExp-4004
  2.400             Wait dur 0.1
  2.500             *Func-incrementExp-4005
  2.500             Wait dur 0.1
  2.600             *Func-incrementExp-4006
  2.600             Wait dur 0.1
  2.700             *Func-incrementExp-4007
  2.700             Wait dur 0.1
  2.800             *Func-incrementExp-4008
  2.800             Wait dur 0.1
  2.900             *Func-incrementExp-4009
  2.900             Wait dur 0.1
  3.000             *Func-incrementExp-4010
  3.000             Wait dur 0.1
  3.100             *Func-incrementExp-4011
  3.100             Wait dur 0.1
  3.200             *Func-incrementExp-4012
  3.200             Wait dur 0.1
  3.300             *Func-incrementExp-4013
  3.300             Wait dur 0.1
  3.400             *Func-incrementExp-4014
  3.400             Wait dur 0.1
  3.500             *Func-incrementExp-4015
  3.500             Wait dur 0.1
  3.600             *Func-incrementExp-4016
  3.600             Wait dur 0.1
  3.700             *Func-incrementExp-4017
  3.700             Wait dur 0.1
  3.800             *Func-incrementExp-4018
  3.800             Wait dur 0.1
  3.900             *Func-incrementExp-4019
  3.900             Wait dur 0.1
  4.000             *Func-incrementExp-4020
  4.000             Wait dur 0.1
  4.100             *Func-incrementExp-4021
  4.100             Wait dur 0.1
  4.200             *Func-incrementExp-4022
  4.200             Wait dur 0.1
  4.300             *Func-incrementExp-4023
  4.300             Wait dur 0.1
  4.400             *Func-incrementExp-4024
  4.400             Wait dur 0.1
  4.500             *Func-incrementExp-4025
  4.500             Wait dur 0.1
  4.600             *Func-incrementExp-4026
  4.600             Wait dur 0.1
  4.700             *Func-incrementExp-4027
  4.700             Wait dur 0.1
  4.800             *Func-incrementExp-4028
  4.800             Wait dur 0.1
  4.900             *Func-incrementExp-4029
  4.900             Wait dur 0.1
  5.000             *Func-incrementExp-4030
  5.000             Wait dur 0.1
  5.100             *Func-incrementExp-4031
  5.100             Wait dur 0.1
  5.200             *Func-incrementExp-4032
  5.200             Wait dur 0.1
  5.300             *Func-incrementExp-4033
  5.300             Wait dur 0.1
  5.400             *Func-incrementExp-4034
  5.400             Wait dur 0.1
  5.500             *Func-incrementExp-4035
  5.500             Wait dur 0.1
  5.600             *Func-incrementExp-4036
  5.600             Wait dur 0.1
  5.700             *Func-incrementExp-4037
  5.700             Wait dur 0.1
  5.800             *Func-incrementExp-4038
  5.800             Wait dur 0.1
  5.900             *Func-incrementExp-4039
  5.900             Wait dur 0.1
  6.000             *Func-incrementExp-4040
  6.000             Wait dur 0.1
  6.100             *Func-incrementExp-4041
  6.100             Wait dur 0.1
  6.200             *Func-incrementExp-4042
  6.200             Wait dur 0.1
  6.300             *Func-incrementExp-4043
  6.300             Wait dur 0.1
  6.400             *Func-incrementExp-4044
  6.400             Wait dur 0.1
  6.500             *Func-incrementExp-4045
  6.500             Wait dur 0.1
  6.600             *Func-incrementExp-4046
  6.600             Wait dur 0.1
  6.700             *Func-incrementExp-4047
  6.700             Wait dur 0.1
  6.800             *Func-incrementExp-4048
  6.800             Wait dur 0.1
  6.900             *Func-incrementExp-4049
  6.900             Wait dur 0.1
  7.000             *Func-incrementExp-4050
  7.000             Wait dur 0.1
  7.100             *Func-incrementExp-4051
  7.100             Wait dur 0.1
  7.200             *Func-incrementExp-4052
  7.200             Wait dur 0.1
  7.300             *Func-incrementExp-4053
  7.300             Wait dur 0.1
  7.400             *Func-incrementExp-4054
  7.400             Wait dur 0.1
  7.500             *Func-incrementExp-4055
  7.500             Wait dur 0.1
  7.600             *Func-incrementExp-4056
  7.600             Wait dur 0.1
  7.700             *Func-resetBarColor-4057
  7.700             Wait dur 0.1
  7.800             *Func-showTrackIncLabel-4058
  7.800             *Func-incrementExp-4059
  7.800             Wait dur 0.1
  7.900             *Func-incrementExp-4060
  7.900             Wait dur 0.1
  8.000             *Func-incrementExp-4061
  8.000             Wait dur 0.1
  8.100             *Func-incrementExp-4062
  8.100             Wait dur 0.1
  8.200             *Func-incrementExp-4063
  8.200             Wait dur 0.1
  8.300             *Func-incrementExp-4064
  8.300             Wait dur 0.1
  8.400             *Func-incrementExp-4065
  8.400             Wait dur 0.1
  8.500             *Func-incrementExp-4066
  8.500             Wait dur 0.1
  8.600             *Func-incrementExp-4067
  8.600             Wait dur 0.1
  8.700             *Func-incrementExp-4068
  8.700             Wait dur 0.1
  8.800             *Func-incrementExp-4069
  8.800             Wait dur 0.1
  8.900             *Func-incrementExp-4070
  8.900             Wait dur 0.1
  9.000             *Func-incrementExp-4071
  9.000             Wait dur 0.1
  9.100             *Func-incrementExp-4072
  9.100             Wait dur 0.1
  9.200             *Func-incrementExp-4073
  9.200             Wait dur 0.1
  9.300             *Func-incrementExp-4074
  9.300             Wait dur 0.1
  9.400             *Func-incrementExp-4075
  9.400             Wait dur 0.1
  9.500             *Func-incrementExp-4076
  9.500             Wait dur 0.1
  9.600             *Func-incrementExp-4077
  9.600             Wait dur 0.1
  9.700             *Func-incrementExp-4078
  9.700             Wait dur 0.1
  9.800             *Func-incrementExp-4079
  9.800             Wait dur 0.1
  9.900             *Func-incrementExp-4080
  9.900             Wait dur 0.1
 10.000             *Func-incrementExp-4081
 10.000             Wait dur 0.1
 10.100             *Func-incrementExp-4082
 10.100             Wait dur 0.1
 10.200             *Func-incrementExp-4083
 10.200             Wait dur 0.1
 10.300             *Func-incrementExp-4084
 10.300             Wait dur 0.1
 10.400             *Func-incrementExp-4085
 10.400             Wait dur 0.1
 10.500             *Func-incrementExp-4086
 10.500             Wait dur 0.1
 10.600             *Func-incrementExp-4087
 10.600             Wait dur 0.1
 10.700             *Func-incrementExp-4088
 10.700             Wait dur 0.1
 10.800             *Func-incrementExp-4089
 10.800             Wait dur 0.1
 10.900             *Func-incrementExp-4090
 10.900             Wait dur 0.1
 11.000             *Func-incrementExp-4091
 11.000             Wait dur 0.1
 11.100             *Func-incrementExp-4092
 11.100             Wait dur 0.1
 11.200             *Func-incrementExp-4093
 11.200             Wait dur 0.1
 11.300             *Func-incrementExp-4094
 11.300             Wait dur 0.1
 11.400             *Func-incrementExp-4095
 11.400             Wait dur 0.1
 11.500             *Func-incrementExp-4096
 11.500             Wait dur 0.1
 11.600             *Func-incrementExp-4097
 11.600             Wait dur 0.1
 11.700             *Func-incrementExp-4098
 11.700             Wait dur 0.1
 11.800             *Func-incrementExp-4099
 11.800             Wait dur 0.1
 11.900             *Func-incrementExp-4100
 11.900             Wait dur 0.1
 12.000             *Func-incrementExp-4101
 12.000             Wait dur 0.1
 12.100             *Func-incrementExp-4102
 12.100             Wait dur 0.1
 12.200             *Func-incrementExp-4103
 12.200             Wait dur 0.1
 12.300             *Func-incrementExp-4104
 12.300             Wait dur 0.1
 12.400             *Func-incrementExp-4105
 12.400             Wait dur 0.1
 12.500             *Func-incrementExp-4106
 12.500             Wait dur 0.1
 12.600             *Func-incrementExp-4107
 12.600             Wait dur 0.1
 12.700             *Func-incrementExp-4108
 12.700             Wait dur 0.1
 12.800             *Func-incrementExp-4109
 12.800             Wait dur 0.1
 12.900             *Func-incrementExp-4110
 12.900             Wait dur 0.1
 13.000             *Func-incrementExp-4111
 13.000             Wait dur 0.1
 13.100             *Func-incrementExp-4112
 13.100             Wait dur 0.1
 13.200             *Func-incrementExp-4113
 13.200             Wait dur 0.1
 13.300             *Func-incrementExp-4114
 13.300             Wait dur 0.1
 13.400             *Func-incrementExp-4115
 13.400             Wait dur 0.1
 13.500             *Func-incrementExp-4116
 13.500             Wait dur 0.1
 13.600             *Func-incrementExp-4117
 13.600             Wait dur 0.1
 13.700             *Func-incrementExp-4118
 13.700             Wait dur 0.1
 13.800             *Func-incrementExp-4119
 13.800             Wait dur 0.1
 13.900             *Func-resetBarColor-4120
 13.900             Wait dur 0.1
 14.000             *Func-showTrackIncLabel-4121
 14.000             *Func-incrementExp-4122
 14.000             Wait dur 0.1
 14.100             *Func-incrementExp-4123
 14.100             Wait dur 0.1
 14.200             *Func-incrementExp-4124
 14.200             Wait dur 0.1
 14.300             *Func-incrementExp-4125
 14.300             Wait dur 0.1
 14.400             *Func-incrementExp-4126
 14.400             Wait dur 0.1
 14.500             *Func-incrementExp-4127
 14.500             Wait dur 0.1
 14.600             *Func-incrementExp-4128
 14.600             Wait dur 0.1
 14.700             *Func-incrementExp-4129
 14.700             Wait dur 0.1
 14.800             *Func-incrementExp-4130
 14.800             Wait dur 0.1
 14.900             *Func-incrementExp-4131
 14.900             Wait dur 0.1
 15.000             *Func-incrementExp-4132
 15.000             Wait dur 0.1
 15.100             *Func-incrementExp-4133
 15.100             Wait dur 0.1
 15.200             *Func-incrementExp-4134
 15.200             Wait dur 0.1
 15.300             *Func-incrementExp-4135
 15.300             Wait dur 0.1
 15.400             *Func-incrementExp-4136
 15.400             Wait dur 0.1
 15.500             *Func-incrementExp-4137
 15.500             Wait dur 0.1
 15.600             *Func-incrementExp-4138
 15.600             Wait dur 0.1
 15.700             *Func-incrementExp-4139
 15.700             Wait dur 0.1
 15.800             *Func-incrementExp-4140
 15.800             Wait dur 0.1
 15.900             *Func-incrementExp-4141
 15.900             Wait dur 0.1
 16.000             *Func-incrementExp-4142
 16.000             Wait dur 0.1
 16.100             *Func-incrementExp-4143
 16.100             Wait dur 0.1
 16.200             *Func-incrementExp-4144
 16.200             Wait dur 0.1
 16.300             *Func-incrementExp-4145
 16.300             Wait dur 0.1
 16.400             *Func-incrementExp-4146
 16.400             Wait dur 0.1
 16.500             *Func-incrementExp-4147
 16.500             Wait dur 0.1
 16.600             *Func-incrementExp-4148
 16.600             Wait dur 0.1
 16.700             *Func-incrementExp-4149
 16.700             Wait dur 0.1
 16.800             *Func-incrementExp-4150
 16.800             Wait dur 0.1
 16.900             *Func-incrementExp-4151
 16.900             Wait dur 0.1
 17.000             *Func-incrementExp-4152
 17.000             Wait dur 0.1
 17.100             *Func-incrementExp-4153
 17.100             Wait dur 0.1
 17.200             *Func-incrementExp-4154
 17.200             Wait dur 0.1
 17.300             *Func-incrementExp-4155
 17.300             Wait dur 0.1
 17.400             *Func-incrementExp-4156
 17.400             Wait dur 0.1
 17.500             *Func-incrementExp-4157
 17.500             Wait dur 0.1
 17.600             *Func-incrementExp-4158
 17.600             Wait dur 0.1
 17.700             *Func-incrementExp-4159
 17.700             Wait dur 0.1
 17.800             *Func-incrementExp-4160
 17.800             Wait dur 0.1
 17.900             *Func-incrementExp-4161
 17.900             Wait dur 0.1
 18.000             *Func-incrementExp-4162
 18.000             Wait dur 0.1
 18.100             *Func-incrementExp-4163
 18.100             Wait dur 0.1
 18.200             *Func-incrementExp-4164
 18.200             Wait dur 0.1
 18.300             *Func-resetBarColor-4165
 18.300             Wait dur 0.1
 18.400             *Func-showTrackIncLabel-4166
 18.400             *Func-incrementExp-4167
 18.400             Wait dur 0.1
 18.500             *Func-incrementExp-4168
 18.500             Wait dur 0.1
 18.600             *Func-incrementExp-4169
 18.600             Wait dur 0.1
 18.700             *Func-incrementExp-4170
 18.700             Wait dur 0.1
 18.800             *Func-incrementExp-4171
 18.800             Wait dur 0.1
 18.900             *Func-incrementExp-4172
 18.900             Wait dur 0.1
 19.000             *Func-incrementExp-4173
 19.000             Wait dur 0.1
 19.100             *Func-incrementExp-4174
 19.100             Wait dur 0.1
 19.200             *Func-incrementExp-4175
 19.200             Wait dur 0.1
 19.300             *Func-incrementExp-4176
 19.300             Wait dur 0.1
 19.400             *Func-incrementExp-4177
 19.400             Wait dur 0.1
 19.500             *Func-incrementExp-4178
 19.500             Wait dur 0.1
 19.600             *Func-incrementExp-4179
 19.600             Wait dur 0.1
 19.700             *Func-incrementExp-4180
 19.700             Wait dur 0.1
 19.800             *Func-incrementExp-4181
 19.800             Wait dur 0.1
 19.900             *Func-incrementExp-4182
 19.900             Wait dur 0.1
 20.000             *Func-incrementExp-4183
 20.000             Wait dur 0.1
 20.100             *Func-incrementExp-4184
 20.100             Wait dur 0.1
 20.200             *Func-incrementExp-4185
 20.200             Wait dur 0.1
 20.300             *Func-incrementExp-4186
 20.300             Wait dur 0.1
 20.400             *Func-incrementExp-4187
 20.400             Wait dur 0.1
 20.500             *Func-incrementExp-4188
 20.500             Wait dur 0.1
 20.600             *Func-incrementExp-4189
 20.600             Wait dur 0.1
 20.700             *Func-incrementExp-4190
 20.700             Wait dur 0.1
 20.800             *Func-incrementExp-4191
 20.800             Wait dur 0.1
 20.900             *Func-incrementExp-4192
 20.900             Wait dur 0.1
 21.000             *Func-incrementExp-4193
 21.000             Wait dur 0.1
 21.100             *Func-incrementExp-4194
 21.100             Wait dur 0.1
 21.200             *Func-incrementExp-4195
 21.200             Wait dur 0.1
 21.300             *Func-incrementExp-4196
 21.300             Wait dur 0.1
 21.400             *Func-incrementExp-4197
 21.400             Wait dur 0.1
 21.500             *Func-incrementExp-4198
 21.500             Wait dur 0.1
 21.600             *Func-incrementExp-4199
 21.600             Wait dur 0.1
 21.700             *Func-incrementExp-4200
 21.700             Wait dur 0.1
 21.800             *Func-incrementExp-4201
 21.800             Wait dur 0.1
 21.900             *Func-incrementExp-4202
 21.900             Wait dur 0.1
 22.000             *Func-incrementExp-4203
 22.000             Wait dur 0.1
 22.100             *Func-incrementExp-4204
 22.100             Wait dur 0.1
 22.200             *Func-incrementExp-4205
 22.200             Wait dur 0.1
 22.300             *Func-incrementExp-4206
 22.300             Wait dur 0.1
 22.400             *Func-incrementExp-4207
 22.400             Wait dur 0.1
 22.500             *Func-incrementExp-4208
 22.500             Wait dur 0.1
 22.600             *Func-incrementExp-4209
 22.600             Wait dur 0.1
 22.700             *Func-incrementExp-4210
 22.700             Wait dur 0.1
 22.800             *Func-incrementExp-4211
 22.800             Wait dur 0.1
 22.900             *Func-incrementExp-4212
 22.900             Wait dur 0.1
 23.000             *Func-incrementExp-4213
 23.000             Wait dur 0.1
 23.100             *Func-incrementExp-4214
 23.100             Wait dur 0.1
 23.200             *Func-incrementExp-4215
 23.200             Wait dur 0.1
 23.300             *Func-incrementExp-4216
 23.300             Wait dur 0.1
 23.400             *Func-incrementExp-4217
 23.400             Wait dur 0.1
 23.500             *Func-incrementExp-4218
 23.500             Wait dur 0.1
 23.600             *Func-incrementExp-4219
 23.600             Wait dur 0.1
 23.700             *Func-incrementExp-4220
 23.700             Wait dur 0.1
 23.800             *Func-incrementExp-4221
 23.800             Wait dur 0.1
 23.900             *Func-incrementExp-4222
 23.900             Wait dur 0.1
 24.000             *Func-incrementExp-4223
 24.000             Wait dur 0.1
 24.100             *Func-incrementExp-4224
 24.100             Wait dur 0.1
 24.200             *Func-incrementExp-4225
 24.200             Wait dur 0.1
 24.300             *Func-resetBarColor-4226
 24.300             Wait dur 0.1
 24.400             *Func-showTrackIncLabel-4227
 24.400             *Func-incrementExp-4228
 24.400             Wait dur 0.1
 24.500             *Func-incrementExp-4229
 24.500             Wait dur 0.1
 24.600             *Func-incrementExp-4230
 24.600             Wait dur 0.1
 24.700             *Func-incrementExp-4231
 24.700             Wait dur 0.1
 24.800             *Func-incrementExp-4232
 24.800             Wait dur 0.1
 24.900             *Func-incrementExp-4233
 24.900             Wait dur 0.1
 25.000             *Func-incrementExp-4234
 25.000             Wait dur 0.1
 25.100             *Func-incrementExp-4235
 25.100             Wait dur 0.1
 25.200             *Func-incrementExp-4236
 25.200             Wait dur 0.1
 25.300             *Func-incrementExp-4237
 25.300             Wait dur 0.1
 25.400             *Func-incrementExp-4238
 25.400             Wait dur 0.1
 25.500             *Func-incrementExp-4239
 25.500             Wait dur 0.1
 25.600             *Func-incrementExp-4240
 25.600             Wait dur 0.1
 25.700             *Func-incrementExp-4241
 25.700             Wait dur 0.1
 25.800             *Func-incrementExp-4242
 25.800             Wait dur 0.1
 25.900             *Func-incrementExp-4243
 25.900             Wait dur 0.1
 26.000             *Func-incrementExp-4244
 26.000             Wait dur 0.1
 26.100             *Func-incrementExp-4245
 26.100             Wait dur 0.1
 26.200             *Func-incrementExp-4246
 26.200             Wait dur 0.1
 26.300             *Func-incrementExp-4247
 26.300             Wait dur 0.1
 26.400             *Func-incrementExp-4248
 26.400             Wait dur 0.1
 26.500             *Func-incrementExp-4249
 26.500             Wait dur 0.1
 26.600             *Func-incrementExp-4250
 26.600             Wait dur 0.1
 26.700             *Func-incrementExp-4251
 26.700             Wait dur 0.1
 26.800             *Func-incrementExp-4252
 26.800             Wait dur 0.1
 26.900             *Func-incrementExp-4253
 26.900             Wait dur 0.1
 27.000             *Func-incrementExp-4254
 27.000             Wait dur 0.1
 27.100             *Func-incrementExp-4255
 27.100             Wait dur 0.1
 27.200             *Func-incrementExp-4256
 27.200             Wait dur 0.1
 27.300             *Func-incrementExp-4257
 27.300             Wait dur 0.1
 27.400             *Func-incrementExp-4258
 27.400             Wait dur 0.1
 27.500             *Func-incrementExp-4259
 27.500             Wait dur 0.1
 27.600             *Func-incrementExp-4260
 27.600             Wait dur 0.1
 27.700             *Func-incrementExp-4261
 27.700             Wait dur 0.1
 27.800             *Func-incrementExp-4262
 27.800             Wait dur 0.1
 27.900             *Func-incrementExp-4263
 27.900             Wait dur 0.1
 28.000             *Func-incrementExp-4264
 28.000             Wait dur 0.1
 28.100             *Func-incrementExp-4265
 28.100             Wait dur 0.1
 28.200             *Func-incrementExp-4266
 28.200             Wait dur 0.1
 28.300             *Func-incrementExp-4267
 28.300             Wait dur 0.1
 28.400             *Func-incrementExp-4268
 28.400             Wait dur 0.1
 28.500             *Func-incrementExp-4269
 28.500             Wait dur 0.1
 28.600             *Func-incrementExp-4270
 28.600             Wait dur 0.1
 28.700             *Func-incrementExp-4271
 28.700             Wait dur 0.1
 28.800             *Func-incrementExp-4272
 28.800             Wait dur 0.1
 28.900             *Func-resetBarColor-4273
 28.900             Wait dur 0.1
 29.000             *Func-showTrackIncLabel-4274
 29.000             *Func-incrementExp-4275
 29.000             Wait dur 0.1
 29.100             *Func-incrementExp-4276
 29.100             Wait dur 0.1
 29.200             *Func-incrementExp-4277
 29.200             Wait dur 0.1
 29.300             *Func-incrementExp-4278
 29.300             Wait dur 0.1
 29.400             *Func-incrementExp-4279
 29.400             Wait dur 0.1
 29.500             *Func-incrementExp-4280
 29.500             Wait dur 0.1
 29.600             *Func-incrementExp-4281
 29.600             Wait dur 0.1
 29.700             *Func-incrementExp-4282
 29.700             Wait dur 0.1
 29.800             *Func-incrementExp-4283
 29.800             Wait dur 0.1
 29.900             *Func-incrementExp-4284
 29.900             Wait dur 0.1
 30.000             *Func-incrementExp-4285
 30.000             Wait dur 0.1
 30.100             *Func-incrementExp-4286
 30.100             Wait dur 0.1
 30.200             *Func-incrementExp-4287
 30.200             Wait dur 0.1
 30.300             *Func-incrementExp-4288
 30.300             Wait dur 0.1
 30.400             *Func-incrementExp-4289
 30.400             Wait dur 0.1
 30.500             *Func-incrementExp-4290
 30.500             Wait dur 0.1
 30.600             *Func-incrementExp-4291
 30.600             Wait dur 0.1
 30.700             *Func-incrementExp-4292
 30.700             Wait dur 0.1
 30.800             *Func-incrementExp-4293
 30.800             Wait dur 0.1
 30.900             *Func-incrementExp-4294
 30.900             Wait dur 0.1
 31.000             *Func-incrementExp-4295
 31.000             Wait dur 0.1
 31.100             *Func-incrementExp-4296
 31.100             Wait dur 0.1
 31.200             *Func-incrementExp-4297
 31.200             Wait dur 0.1
 31.300             *Func-incrementExp-4298
 31.300             Wait dur 0.1
 31.400             *Func-incrementExp-4299
 31.400             Wait dur 0.1
 31.500             *Func-incrementExp-4300
 31.500             Wait dur 0.1
 31.600             *Func-incrementExp-4301
 31.600             Wait dur 0.1
 31.700             *Func-incrementExp-4302
 31.700             Wait dur 0.1
 31.800             *Func-incrementExp-4303
 31.800             Wait dur 0.1
 31.900             *Func-incrementExp-4304
 31.900             Wait dur 0.1
 32.000             *Func-incrementExp-4305
 32.000             Wait dur 0.1
 32.100             *Func-incrementExp-4306
 32.100             Wait dur 0.1
 32.200             *Func-incrementExp-4307
 32.200             Wait dur 0.1
 32.300             *Func-incrementExp-4308
 32.300             Wait dur 0.1
 32.400             *Func-incrementExp-4309
 32.400             Wait dur 0.1
 32.500             *Func-incrementExp-4310
 32.500             Wait dur 0.1
 32.600             *Func-incrementExp-4311
 32.600             Wait dur 0.1
 32.700             *Func-incrementExp-4312
 32.700             Wait dur 0.1
 32.800             *Func-incrementExp-4313
 32.800             Wait dur 0.1
 32.900             *Func-incrementExp-4314
 32.900             Wait dur 0.1
 33.000             *Func-incrementExp-4315
 33.000             Wait dur 0.1
 33.100             *Func-incrementExp-4316
 33.100             Wait dur 0.1
 33.200             *Func-incrementExp-4317
 33.200             Wait dur 0.1
 33.300             *Func-incrementExp-4318
 33.300             Wait dur 0.1
 33.400             *Func-incrementExp-4319
 33.400             Wait dur 0.1
 33.500             *Func-incrementExp-4320
 33.500             Wait dur 0.1
 33.600             *Func-incrementExp-4321
 33.600             Wait dur 0.1
 33.700             *Func-incrementExp-4322
 33.700             Wait dur 0.1
 33.800             *Func-incrementExp-4323
 33.800             Wait dur 0.1
 33.900             *Func-incrementExp-4324
 33.900             Wait dur 0.1
 34.000             *Func-incrementExp-4325
 34.000             Wait dur 0.1
 34.100             *Func-incrementExp-4326
 34.100             Wait dur 0.1
 34.200             *Func-incrementExp-4327
 34.200             Wait dur 0.1
 34.300             *Func-incrementExp-4328
 34.300             Wait dur 0.1
 34.400             *Func-incrementExp-4329
 34.400             Wait dur 0.1
 34.500             *Func-incrementExp-4330
 34.500             Wait dur 0.1
 34.600             *Func-incrementExp-4331
 34.600             Wait dur 0.1
 34.700             *Func-incrementExp-4332
 34.700             Wait dur 0.1
 34.800             *Func-resetBarColor-4333
 34.800             Wait dur 0.1
 34.900             *Func-incrementMerits-4334
 34.900             Wait dur 0.08
 34.980             *Func-incrementMerits-4335
 34.980             Wait dur 0.08
 35.060             *Func-incrementMerits-4336
 35.060             Wait dur 0.08
 35.140             *Func-incrementMerits-4337
 35.140             Wait dur 0.08
 35.220             *Func-incrementMerits-4338
 35.220             Wait dur 0.08
 35.300             *Func-incrementMerits-4339
 35.300             Wait dur 0.08
 35.380             *Func-incrementMerits-4340
 35.380             Wait dur 0.08
 35.460             *Func-incrementMerits-4341
 35.460             Wait dur 0.08
 35.540             *Func-incrementMerits-4342
 35.540             Wait dur 0.08
 35.620             *Func-incrementMerits-4343
 35.620             Wait dur 0.08
 35.700             *Func-incrementMerits-4344
 35.700             Wait dur 0.08
 35.780             *Func-incrementMerits-4345
 35.780             Wait dur 0.08
 35.860             *Func-incrementMerits-4346
 35.860             Wait dur 0.08
 35.940             *Func-incrementMerits-4347
 35.940             Wait dur 0.08
 36.020             *Func-incrementMerits-4348
 36.020             Wait dur 0.08
 36.100             *Func-incrementMerits-4349
 36.100             Wait dur 0.08
 36.180             *Func-incrementMerits-4350
 36.180             Wait dur 0.08
 36.260             *Func-incrementMerits-4351
 36.260             Wait dur 0.08
 36.340             *Func-incrementMerits-4352
 36.340             Wait dur 0.08
 36.420             *Func-incrementMerits-4353
 36.420             Wait dur 0.08
 36.500             *Func-incrementMerits-4354
 36.500             Wait dur 0.08
 36.580             *Func-incrementMerits-4355
 36.580             Wait dur 0.08
 36.660             *Func-incrementMerits-4356
 36.660             Wait dur 0.08
 36.740             *Func-incrementMerits-4357
 36.740             Wait dur 0.08
 36.820             *Func-incrementMerits-4358
 36.820             Wait dur 0.08
 36.900             *Func-incrementMerits-4359
 36.900             Wait dur 0.08
 36.980             *Func-incrementMerits-4360
 36.980             Wait dur 0.08
 37.060             *Func-incrementMerits-4361
 37.060             Wait dur 0.08
 37.140             *Func-incrementMerits-4362
 37.140             Wait dur 0.08
 37.220             *Func-incrementMerits-4363
 37.220             Wait dur 0.08
 37.300             *Func-incrementMerits-4364
 37.300             Wait dur 0.08
 37.380             *Func-incrementMerits-4365
 37.380             Wait dur 0.08
 37.460             *Func-incrementMerits-4366
 37.460             Wait dur 0.08
 37.540             *Func-incrementMerits-4367
 37.540             Wait dur 0.08
 37.620             *Func-incrementMerits-4368
 37.620             Wait dur 0.08
 37.700             *Func-incrementMerits-4369
 37.700             Wait dur 0.08
 37.780             *Func-incrementMerits-4370
 37.780             Wait dur 0.08
 37.860             *Func-incrementMerits-4371
 37.860             Wait dur 0.08
 37.940             *Func-incrementMerits-4372
 37.940             Wait dur 0.08
 38.020             *Func-incrementMerits-4373
 38.020             Wait dur 0.08
 38.100             *Func-incrementMerits-4374
 38.100             Wait dur 0.08
 38.180             *Func-incrementMerits-4375
 38.180             Wait dur 0.08
 38.260             *Func-incrementMerits-4376
 38.260             Wait dur 0.08
 38.340             *Func-incrementMerits-4377
 38.340             Wait dur 0.08
 38.420             *Func-incrementMerits-4378
 38.420             Wait dur 0.08
 38.500             *Func-incrementMerits-4379
 38.500             Wait dur 0.08
 38.580             *Func-incrementMerits-4380
 38.580             Wait dur 0.08
 38.660             *Func-incrementMerits-4381
 38.660             Wait dur 0.08
 38.740             *Func-incrementMerits-4382
 38.740             Wait dur 0.08
 38.820             *Func-incrementMerits-4383
 38.820             Wait dur 0.08
 38.900             *Func-incrementMerits-4384
 38.900             Wait dur 0.08
 38.980             *Func-incrementMerits-4385
 38.980             Wait dur 0.08
 39.060             *Func-incrementMerits-4386
 39.060             Wait dur 0.08
 39.140             *Func-incrementMerits-4387
 39.140             Wait dur 0.08
 39.220             *Func-incrementMerits-4388
 39.220             Wait dur 0.08
 39.300             *Func-incrementMerits-4389
 39.300             Wait dur 0.08
 39.380             *Func-incrementMerits-4390
 39.380             Wait dur 0.08
 39.460             *Func-incrementMerits-4391
 39.460             Wait dur 0.08
 39.540             *Func-incrementMerits-4392
 39.540             Wait dur 0.08
 39.620             *Func-incrementMerits-4393
 39.620             Wait dur 0.08
 39.700             *Func-incrementMerits-4394
 39.700             Wait dur 0.08
 39.780             *Func-incrementMerits-4395
 39.780             Wait dur 0.08
 39.860             *Func-incrementMerits-4396
 39.860             Wait dur 0.08
 39.940             *Func-incrementMerits-4397
 39.940             Wait dur 0.08
 40.020             *Func-incrementMerits-4398
 40.020             Wait dur 0.08
 40.100             *Func-incrementMerits-4399
 40.100             Wait dur 0.08
 40.180             *Func-incrementMerits-4400
 40.180             Wait dur 0.08
 40.260             *Func-incrementMerits-4401
 40.260             Wait dur 0.08
 40.340             *Func-incrementMerits-4402
 40.340             Wait dur 0.08
 40.420             *Func-incrementMerits-4403
 40.420             Wait dur 0.08
 40.500             *Func-incrementMerits-4404
 40.500             Wait dur 0.08
 40.580             *Func-incrementMerits-4405
 40.580             Wait dur 0.08
 40.660             *Func-incrementMerits-4406
 40.660             Wait dur 0.08
 40.740             *Func-incrementMerits-4407
 40.740             Wait dur 0.08
 40.820             *Func-incrementMerits-4408
 40.820             Wait dur 0.08
 40.900             *Func-incrementMerits-4409
 40.900             Wait dur 0.08
 40.980             *Func-incrementMerits-4410
 40.980             Wait dur 0.08
 41.060             *Func-incrementMerits-4411
 41.060             Wait dur 0.08
 41.140             *Func-incrementMerits-4412
 41.140             Wait dur 0.08
 41.220             *Func-incrementMerits-4413
 41.220             Wait dur 0.08
 41.300             *Func-incrementMerits-4414
 41.300             Wait dur 0.08
 41.380             *Func-incrementMerits-4415
 41.380             Wait dur 0.08
 41.460             *Func-incrementMerits-4416
 41.460             Wait dur 0.08
 41.540             *Func-incrementMerits-4417
 41.540             Wait dur 0.08
 41.620             *Func-incrementMerits-4418
 41.620             Wait dur 0.08
 41.700             *Func-incrementMerits-4419
 41.700             Wait dur 0.08
 41.780             *Func-incrementMerits-4420
 41.780             Wait dur 0.08
 41.860             *Func-incrementMerits-4421
 41.860             Wait dur 0.08
 41.940             *Func-incrementMerits-4422
 41.940             Wait dur 0.08
 42.020             *Func-incrementMerits-4423
 42.020             Wait dur 0.08
 42.100             *Func-incrementMerits-4424
 42.100             Wait dur 0.08
 42.180             *Func-incrementMerits-4425
 42.180             Wait dur 0.08
 42.260             *Func-incrementMerits-4426
 42.260             Wait dur 0.08
 42.340             *Func-incrementMerits-4427
 42.340             Wait dur 0.08
 42.420             *Func-incrementMerits-4428
 42.420             Wait dur 0.08
 42.500             *Func-incrementMerits-4429
 42.500             Wait dur 0.08
 42.580             *Func-incrementMerits-4430
 42.580             Wait dur 0.08
 42.660             *Func-incrementMerits-4431
 42.660             Wait dur 0.08
 42.740             *Func-incrementMerits-4432
 42.740             Wait dur 0.08
 42.820             *Func-incrementMerits-4433
 42.820             Wait dur 0.08
 42.900             *Func-incrementMerits-4434
 42.900             Wait dur 0.08
 42.980             *Func-incrementMerits-4435
 42.980             Wait dur 0.08
 43.060             *Func-resetMeritBarColor-4436
 43.060             Wait dur 0.3
 43.360             Wait dur 1
 44.360             Wait dur 0.25
 44.610           }
 44.610           *Func-_teardownSkipListen-4441
 44.610           *Func-destroy-4442
 44.610           *Func-hide-4443
 44.610           *Func-setOnscreenChatForced-4444
 44.610           Sequence-3338 {
 44.610           }
 44.610         }
  0.000         *Sound-567 dur 44.61
 44.610       }
 44.610       *Func-__handleFactoryRewardDone-4445
 44.610     }
 44.610   }
  0.000   Sequence-3335 {
  0.000     Sequence-3337 {
  0.000       Sequence-3341 {
  0.000         *Func-chooseRewardShotNow-4440
  0.000         Wait dur 44.61
 44.610       }
 44.610     }
 44.610   }
 44.610 }

Traceback (most recent call last):
  File "C:\Panda3D-1.10.0\direct\showbase\EventManager.py", line 52, in eventLoopTask
    self.doEvents()
  File "C:\Panda3D-1.10.0\direct\showbase\EventManager.py", line 46, in doEvents
    processFunc(self.eventQueue.dequeueEvent())
  File "C:\Panda3D-1.10.0\direct\showbase\EventManager.py", line 103, in processEvent
    messenger.send(eventName, paramList)
  File "C:\Panda3D-1.10.0\direct\showbase\Messenger.py", line 326, in send
    self.__dispatch(acceptorDict, event, sentArgs, foundWatch)
  File "C:\Panda3D-1.10.0\direct\showbase\Messenger.py", line 411, in __dispatch
    method (*(extraArgs + sentArgs))
  File "C:\Panda3D-1.10.0\direct\showbase\ShowBase.py", line 2665, in windowEvent
    self.userExit()
  File "toontown\toonbase\ToonBase.py", line 400, in userExit
    self.cr.dumpAllSubShardObjects()
  File "toontown\distributed\ToontownClientRepository.py", line 556, in dumpAllSubShardObjects
    self.deleteObject(doId)
  File "toontown\distributed\ToontownClientRepository.py", line 906, in deleteObject
    obj.deleteOrDelay()
  File "C:\Panda3D-1.10.0\direct\distributed\DistributedObject.py", line 199, in deleteOrDelay
    self.disableAnnounceAndDelete()
  File "C:\Panda3D-1.10.0\direct\distributed\DistributedObject.py", line 202, in disableAnnounceAndDelete
    self.disableAndAnnounce()
  File "C:\Panda3D-1.10.0\direct\distributed\DistributedObject.py", line 228, in disableAndAnnounce
    self.disable()
  File "toontown\coghq\DistributedLevelBattle.py", line 65, in disable
    DistributedBattle.DistributedBattle.disable(self)
  File "toontown\battle\DistributedBattle.py", line 34, in disable
    DistributedBattleBase.DistributedBattleBase.disable(self)
  File "toontown\battle\DistributedBattleBase.py", line 133, in disable
    self.cleanupBattle()
  File "toontown\battle\DistributedBattleBase.py", line 145, in cleanupBattle
    self.fsm.requestFinalState()
  File "C:\Panda3D-1.10.0\direct\fsm\ClassicFSM.py", line 151, in requestFinalState
    self.request(self.getFinalState().getName())
  File "C:\Panda3D-1.10.0\direct\fsm\ClassicFSM.py", line 302, in request
    exitArgList)
  File "C:\Panda3D-1.10.0\direct\fsm\ClassicFSM.py", line 230, in __transition
    self.__exitCurrent(exitArgList)
  File "C:\Panda3D-1.10.0\direct\fsm\ClassicFSM.py", line 188, in __exitCurrent
    self.__currentState.exit(argList)
  File "C:\Panda3D-1.10.0\direct\fsm\State.py", line 213, in exit
    apply(self.__exitFunc, argList)
  File "toontown\coghq\DistributedBattleFactory.py", line 47, in exitFactoryReward
    self.movie.resetReward(finish=1)
  File "toontown\battle\Movie.py", line 222, in resetReward
    self.stop()
  File "toontown\battle\Movie.py", line 366, in stop
    self.track.finish()
  File "C:\Panda3D-1.10.0\direct\interval\MetaInterval.py", line 391, in finish
    self.privPostEvent()
  File "C:\Panda3D-1.10.0\direct\interval\MetaInterval.py", line 519, in privPostEvent
    self.__doPythonCallbacks()
  File "C:\Panda3D-1.10.0\direct\interval\MetaInterval.py", line 495, in __doPythonCallbacks
    ival.privDoEvent(t, eventType)
  File "C:\Panda3D-1.10.0\direct\interval\Interval.py", line 206, in privDoEvent
    self.privInstant()
  File "C:\Panda3D-1.10.0\direct\interval\FunctionInterval.py", line 88, in privInstant
    self.function(*self.extraArgs, **self.kw)
  File "toontown\coghq\DistributedBattleFactory.py", line 43, in __handleFactoryRewardDone
    self.fsm.request('Resume')
  File "C:\Panda3D-1.10.0\direct\fsm\ClassicFSM.py", line 246, in request
    assert not self.__internalStateInFlux
AssertionError
Traceback (most recent call last):
  File "otp\otpbase\OTPBase.py", line 34, in run
    taskMgr.run()
  File "C:\Panda3D-1.10.0\direct\task\Task.py", line 508, in run
    self.step()
  File "C:\Panda3D-1.10.0\direct\task\Task.py", line 465, in step
    self.mgr.poll()
  File "C:\Panda3D-1.10.0\direct\showbase\EventManager.py", line 52, in eventLoopTask
    self.doEvents()
  File "C:\Panda3D-1.10.0\direct\showbase\EventManager.py", line 46, in doEvents
    processFunc(self.eventQueue.dequeueEvent())
  File "C:\Panda3D-1.10.0\direct\showbase\EventManager.py", line 103, in processEvent
    messenger.send(eventName, paramList)
  File "C:\Panda3D-1.10.0\direct\showbase\Messenger.py", line 326, in send
    self.__dispatch(acceptorDict, event, sentArgs, foundWatch)
  File "C:\Panda3D-1.10.0\direct\showbase\Messenger.py", line 411, in __dispatch
    method (*(extraArgs + sentArgs))
  File "C:\Panda3D-1.10.0\direct\showbase\ShowBase.py", line 2665, in windowEvent
    self.userExit()
  File "toontown\toonbase\ToonBase.py", line 400, in userExit
    self.cr.dumpAllSubShardObjects()
  File "toontown\distributed\ToontownClientRepository.py", line 556, in dumpAllSubShardObjects
    self.deleteObject(doId)
  File "toontown\distributed\ToontownClientRepository.py", line 906, in deleteObject
    obj.deleteOrDelay()
  File "C:\Panda3D-1.10.0\direct\distributed\DistributedObject.py", line 199, in deleteOrDelay
    self.disableAnnounceAndDelete()
  File "C:\Panda3D-1.10.0\direct\distributed\DistributedObject.py", line 202, in disableAnnounceAndDelete
    self.disableAndAnnounce()
  File "C:\Panda3D-1.10.0\direct\distributed\DistributedObject.py", line 228, in disableAndAnnounce
    self.disable()
  File "toontown\coghq\DistributedLevelBattle.py", line 65, in disable
    DistributedBattle.DistributedBattle.disable(self)
  File "toontown\battle\DistributedBattle.py", line 34, in disable
    DistributedBattleBase.DistributedBattleBase.disable(self)
  File "toontown\battle\DistributedBattleBase.py", line 133, in disable
    self.cleanupBattle()
  File "toontown\battle\DistributedBattleBase.py", line 145, in cleanupBattle
    self.fsm.requestFinalState()
  File "C:\Panda3D-1.10.0\direct\fsm\ClassicFSM.py", line 151, in requestFinalState
    self.request(self.getFinalState().getName())
  File "C:\Panda3D-1.10.0\direct\fsm\ClassicFSM.py", line 302, in request
    exitArgList)
  File "C:\Panda3D-1.10.0\direct\fsm\ClassicFSM.py", line 230, in __transition
    self.__exitCurrent(exitArgList)
  File "C:\Panda3D-1.10.0\direct\fsm\ClassicFSM.py", line 188, in __exitCurrent
    self.__currentState.exit(argList)
  File "C:\Panda3D-1.10.0\direct\fsm\State.py", line 213, in exit
    apply(self.__exitFunc, argList)
  File "toontown\coghq\DistributedBattleFactory.py", line 47, in exitFactoryReward
    self.movie.resetReward(finish=1)
  File "toontown\battle\Movie.py", line 222, in resetReward
    self.stop()
  File "toontown\battle\Movie.py", line 366, in stop
    self.track.finish()
  File "C:\Panda3D-1.10.0\direct\interval\MetaInterval.py", line 391, in finish
    self.privPostEvent()
  File "C:\Panda3D-1.10.0\direct\interval\MetaInterval.py", line 519, in privPostEvent
    self.__doPythonCallbacks()
  File "C:\Panda3D-1.10.0\direct\interval\MetaInterval.py", line 495, in __doPythonCallbacks
    ival.privDoEvent(t, eventType)
  File "C:\Panda3D-1.10.0\direct\interval\Interval.py", line 206, in privDoEvent
    self.privInstant()
  File "C:\Panda3D-1.10.0\direct\interval\FunctionInterval.py", line 88, in privInstant
    self.function(*self.extraArgs, **self.kw)
  File "toontown\coghq\DistributedBattleFactory.py", line 43, in __handleFactoryRewardDone
    self.fsm.request('Resume')
  File "C:\Panda3D-1.10.0\direct\fsm\ClassicFSM.py", line 246, in request
    assert not self.__internalStateInFlux
AssertionError
