TTLocalizer: Running in language: English
OTPLocalizer: Running in language: English
Preloading suits...
Preloading Toon heads...
Preloading avatars...
{401000001: <toontown.distributed.ToontownDistrict.ToontownDistrict instance at 0x175BF5A8>}
__handleAvatarChooserDone: 100000181, 'Boris', ('csl', 'ls', 's', 'm', (0.64, 0.35, 0.26, 1.0), (1.0, 1.0, 1.0, 1.0), (0.64, 0.35, 0.26, 1.0), (0.64, 0.35, 0.26, 1.0), 8, 27, 5, 27, 3, 27), 0
entered wait for zone redirect
entered wait for set zone response - 2
Reading DNA file... phase_4/dna/storage.pdna
Reading DNA file... phase_3.5/dna/storage_interior.pdna
entered wait for zone redirect
entered wait for set zone response - 2
entered wait for zone redirect
entered wait for set zone response - 2
Laser Field initCollisionGeom
Laser Field initCollisionGeom
CollisionEntry:
  from render/Boris-100000181/camFloorRayNode/ccRay2Node
  into render/stage401004112/ZoneEntity-0/-PandaNode/LB_Zone03a_egg/Collsion/stageFloorColl0 []
  at 1 -8.9125 -0.0315368
  normal -0.000961985 0.000458579 0.999999
  respect_prev_transform = 0


CollisionEntry:
  from render/Boris-100000181/camFloorRayNode/ccRay2Node
  into render/stage401004112/LB_connector_7cubeLR.egg/-PandaNode/LB_connector_7cubeLR_egg/collison/stageFloorColl1 []
  at 1 38.9905 0.326385
  normal 9.26614e-005 -0.421613 0.906776
  respect_prev_transform = 0


CollisionEntry:
  from render/Boris-100000181/camFloorRayNode/ccRay2Node
  into render/stage401004112/LB_connector_7cubeLR.egg/-PandaNode/LB_connector_7cubeLR_egg/collison/stageFloorColl1 []
  at -0.928999 45.843 -0.0473976
  normal 0.000133877 0 1
  respect_prev_transform = 0


CollisionEntry:
  from render/Boris-100000181/camFloorRayNode/ccRay2Node
  into render/stage401004112/LB_connector_7cubeLR.egg/-PandaNode/LB_connector_7cubeLR_egg/collison/stageFloorColl1 []
  at -1.1893 54.5461 4.95162
  normal 6.5559e-005 0 1
  respect_prev_transform = 0


CollisionEntry:
  from render/Boris-100000181/camFloorRayNode/ccRay2Node
  into render/stage401004112/ZoneEntity-0/-PandaNode/Z13_ALL/room/collsion/stageFloorColl2 []
  at 33.2553 112.815 4.95065
  normal 0 0 1
  respect_prev_transform = 0


CollisionEntry:
  from render/Boris-100000181/NPW.cRayNode
  into render/stage401004112/ZoneEntity-0/-PandaNode/Z13_ALL/room/collsion/stageFloorColl2 []
  at 30.7364 206.295 4.95065
  normal 0 0 1
  respect_prev_transform = 1


CollisionEntry:
  from render/Boris-100000181/NPW.cRayNode
  into render/stage401004112/ZoneEntity-0/-PandaNode/Z13_ALL/room/collsion/stageFloorColl2 []
  at 17.3016 269.236 4.95065
  normal 0 0 1
  respect_prev_transform = 1


CollisionEntry:
  from render/Boris-100000181/camFloorRayNode/ccRay2Node
  into render/stage401004112/ZoneEntity-0/-PandaNode/Z13_ALL/room/collsion/stageFloorColl2 []
  at 16.8157 269.691 4.95065
  normal 0 0 1
  respect_prev_transform = 0


CollisionEntry:
  from render/Boris-100000181/camFloorRayNode/ccRay2Node
  into render/stage401004112/LB_connector_7cubeLR.egg/-PandaNode/LB_connector_7cubeLR_egg/collison/stageFloorColl3 []
  at 27.4839 380.525 4.95267
  normal 0.000133877 0 1
  respect_prev_transform = 0


CollisionEntry:
  from render/Boris-100000181/NPW.cRayNode
  into render/stage401004112/LB_connector_7cubeLR.egg/-PandaNode/LB_connector_7cubeLR_egg/collison/stageFloorColl3 []
  at 27.834 381.373 4.9526
  normal 0.000133877 0 1
  respect_prev_transform = 1


CollisionEntry:
  from render/Boris-100000181/NPW.cRayNode
  into render/stage401004112/LB_connector_7cubeLR.egg/-PandaNode/LB_connector_7cubeLR_egg/collison/stageFloorColl3 []
  at 31.5358 396.774 9.95138
  normal 6.5559e-005 0 1
  respect_prev_transform = 1


CollisionEntry:
  from render/Boris-100000181/camFloorRayNode/ccRay2Node
  into render/stage401004112/LB_connector_7cubeLR.egg/-PandaNode/LB_connector_7cubeLR_egg/collison/stageFloorColl3 []
  at 29.8321 407.179 9.95149
  normal 6.5559e-005 0 1
  respect_prev_transform = 0


CollisionEntry:
  from render/Boris-100000181/NPW.cRayNode
  into render/stage401004112/ZoneEntity-0/-PandaNode/Z07_ALL/stageFloorColl4 []
  at 19.1854 501.21 18.3486
  normal 0 0 1
  respect_prev_transform = 1


CollisionEntry:
  from render/Boris-100000181/camFloorRayNode/ccRay2Node
  into render/stage401004112/ZoneEntity-0/-PandaNode/Z07_ALL/stageFloorColl4 []
  at 19.2104 501.273 18.3494
  normal 0 0 1
  respect_prev_transform = 0


CollisionEntry:
  from render/Boris-100000181/NPW.cRayNode
  into render/stage401004112/LB_connector_7cubeL2.egg/-PandaNode/LB_connector_7cubeL2_egg/collison/stageFloorColl5 []
  at -9.68638 531.431 17.6452
  normal 0 -0.0012142 0.999999
  respect_prev_transform = 1


CollisionEntry:
  from render/Boris-100000181/NPW.cRayNode
  into render/stage401004112/LB_connector_7cubeL2.egg/-PandaNode/LB_connector_7cubeL2_egg/collison/stageFloorColl5 []
  at -27.3242 531.73 22.632
  normal -7.50433e-005 0 1
  respect_prev_transform = 1


CollisionEntry:
  from render/Boris-100000181/camFloorRayNode/ccRay2Node
  into render/stage401004112/LB_connector_7cubeL2.egg/-PandaNode/LB_connector_7cubeL2_egg/collison/stageFloorColl5 []
  at -26.4965 531.419 22.6321
  normal -7.50433e-005 0 1
  respect_prev_transform = 0


CollisionEntry:
  from render/Boris-100000181/NPW.cRayNode
  into render/stage401004112/LB_connector_7cubeL2.egg/-PandaNode/LB_connector_7cubeL2_egg/collison/stageFloorColl5 []
  at -70.5567 502.291 22.6261
  normal -0.000243786 0.000494851 1
  respect_prev_transform = 1


CollisionEntry:
  from render/Boris-100000181/camFloorRayNode/ccRay2Node
  into render/stage401004112/LB_connector_7cubeL2.egg/-PandaNode/LB_connector_7cubeL2_egg/collison/stageFloorColl5 []
  at -72.5228 500.683 22.6265
  normal -0.000243786 0.000494851 1
  respect_prev_transform = 0


CollisionEntry:
  from render/Boris-100000181/NPW.cRayNode
  into render/stage401004112/ZoneEntity-0/-PandaNode/Z13_ALL/room/collsion/stageFloorColl6 []
  at -84.889 495.488 22.619
  normal 0 0 1
  respect_prev_transform = 1


CollisionEntry:
  from render/Boris-100000181/camFloorRayNode/ccRay2Node
  into render/stage401004112/ZoneEntity-0/-PandaNode/Z13_ALL/room/collsion/stageFloorColl6 []
  at -84.5381 494.194 22.619
  normal 0 0 1
  respect_prev_transform = 0


CollisionEntry:
  from render/Boris-100000181/NPW.cRayNode
  into render/stage401004112/ZoneEntity-0/-PandaNode/Z13_ALL/room/collsion/stageFloorColl6 []
  at -249.857 487.304 22.619
  normal 0 0 1
  respect_prev_transform = 1


CollisionEntry:
  from render/Boris-100000181/camFloorRayNode/ccRay2Node
  into render/stage401004112/ZoneEntity-0/-PandaNode/Z13_ALL/room/collsion/stageFloorColl6 []
  at -249.988 486.8 22.619
  normal 0 0 1
  respect_prev_transform = 0


spec = {'parentEntId': 10000, 'pos': LPoint3f(0, 0, 0)}
h = None
### newVec3 =  LVector3f(1.99997, 6.29996, 1.5)
### newVec3 =  LVector3f(1.99997, 6.29996, 0)
### newVec3 =  LVector3f(1.99997, 6.29996, 0.375)
### newVec3 =  LVector3f(1.99997, 6.29996, 0)
CollisionEntry:
  from render/Boris-100000181/camFloorRayNode/ccRay2Node
  into render/stage401004112/LB_connector_7cubeL2.egg/-PandaNode/LB_connector_7cubeL2_egg/collison/stageFloorColl7 []
  at -353.831 494.396 22.6365
  normal 0 -0.0012142 0.999999
  respect_prev_transform = 0


CollisionEntry:
  from render/Boris-100000181/camFloorRayNode/ccRay2Node
  into render/stage401004112/LB_connector_7cubeL2.egg/-PandaNode/LB_connector_7cubeL2_egg/collison/stageFloorColl7 []
  at -357.845 494.768 23.499
  normal 0.420737 -0.00110176 0.907182
  respect_prev_transform = 0


CollisionEntry:
  from render/Boris-100000181/camFloorRayNode/ccRay2Node
  into render/stage401004112/LB_connector_7cubeL2.egg/-PandaNode/LB_connector_7cubeL2_egg/collison/stageFloorColl7 []
  at -361.534 494.51 22.6367
  normal 0 -0.0012142 0.999999
  respect_prev_transform = 0


CollisionEntry:
  from render/Boris-100000181/camFloorRayNode/ccRay2Node
  into render/stage401004112/LB_connector_7cubeL2.egg/-PandaNode/LB_connector_7cubeL2_egg/collison/stageFloorColl7 []
  at -369.078 492.785 27.6268
  normal 0.000218784 -0.000597282 1
  respect_prev_transform = 0


CollisionEntry:
  from render/Boris-100000181/camFloorRayNode/ccRay2Node
  into render/stage401004112/ZoneEntity-0/-PandaNode/Z22a/room/collsion/stageFloorColl8 []
  at -429.36 462.532 27.4985
  normal 0 0 1
  respect_prev_transform = 0


spec = {'parentEntId': 10000, 'pos': LPoint3f(0, 0, 0)}
h = None
Laser Field initCollisionGeom
Laser Field initCollisionGeom
CollisionEntry:
  from render/Boris-100000181/camFloorRayNode/ccRay2Node
  into render/stage401004553/ZoneEntity-0/-PandaNode/LB_Zone03a_egg/Collsion/stageFloorColl0 []
  at -2 -9.9125 -0.0339642
  normal -0.000961985 0.000458579 0.999999
  respect_prev_transform = 0


CollisionEntry:
  from render/Boris-100000181/camFloorRayNode/ccRay2Node
  into render/stage401004553/LB_connector_7cubeL2.egg/-PandaNode/LB_connector_7cubeL2_egg/collison/stageFloorColl1 []
  at -2 38.1881 0.00432062
  normal -0.00110178 -0.420737 0.907182
  respect_prev_transform = 0


CollisionEntry:
  from render/Boris-100000181/camFloorRayNode/ccRay2Node
  into render/stage401004553/LB_connector_7cubeL2.egg/-PandaNode/LB_connector_7cubeL2_egg/collison/stageFloorColl1 []
  at -2 42.798 -0.032938
  normal -0.0012142 0 0.999999
  respect_prev_transform = 0


CollisionEntry:
  from render/Boris-100000181/camFloorRayNode/ccRay2Node
  into render/stage401004553/LB_connector_7cubeL2.egg/-PandaNode/LB_connector_7cubeL2_egg/collison/stageFloorColl1 []
  at -2 50.9988 4.95875
  normal -0.000597282 -0.000218784 1
  respect_prev_transform = 0


CollisionEntry:
  from render/Boris-100000181/camFloorRayNode/ccRay2Node
  into render/stage401004553/ZoneEntity-0/-PandaNode/Z08_ALL/Z08/boiler_room/collsion_boiler_room/stageFloorColl2 []
  at -35.0102 111.441 4.94214
  normal 0 0 1
  respect_prev_transform = 0


CollisionEntry:
  from render/Boris-100000181/camFloorRayNode/ccRay2Node
  into render/stage401004553/ZoneEntity-0/-PandaNode/Z08_ALL/Z08/boiler_room/collsion_boiler_room/stageFloorColl2 []
  at -19.2002 240.478 5.2084
  normal 0 0 1
  respect_prev_transform = 0


CollisionEntry:
  from render/Boris-100000181/camFloorRayNode/ccRay2Node
  into render/stage401004553/ZoneEntity-0/-PandaNode/Z08_ALL/Z08/boiler_room/collsion_boiler_room/stageFloorColl2 []
  at -15.6376 242.573 4.91615
  normal 0 0 1
  respect_prev_transform = 0


CollisionEntry:
  from render/Boris-100000181/camFloorRayNode/ccRay2Node
  into render/stage401004553/LB_connector_7cubeLR.egg/-PandaNode/LB_connector_7cubeLR_egg/collison/stageFloorColl3 []
  at 53.2606 179.457 15.8499
  normal 0 -0.000133877 1
  respect_prev_transform = 0


CollisionEntry:
  from render/Boris-100000181/camFloorRayNode/ccRay2Node
  into render/stage401004553/LB_connector_7cubeLR.egg/-PandaNode/LB_connector_7cubeLR_egg/collison/stageFloorColl3 []
  at 65.1518 175.234 20.8486
  normal 0 -6.5559e-005 1
  respect_prev_transform = 0


CollisionEntry:
  from render/Boris-100000181/camFloorRayNode/ccRay2Node
  into render/stage401004553/ZoneEntity-0/-PandaNode/Z07_ALL/stageFloorColl4 []
  at 123.715 145.08 20.851
  normal 0 0 1
  respect_prev_transform = 0


spec = {'parentEntId': 10000, 'pos': LPoint3f(0, 0, 0)}
h = None
### newVec3 =  LVector3f(-1.99998, 6.3, 1.5)
### newVec3 =  LVector3f(-1.99998, 6.3, 0)
### newVec3 =  LVector3f(-1.99998, 6.3, 0.375)
### newVec3 =  LVector3f(-1.99998, 6.3, 0)
CollisionEntry:
  from render/Boris-100000181/camFloorRayNode/ccRay2Node
  into render/stage401004553/LB_connector_7cubeLR.egg/-PandaNode/LB_connector_7cubeLR_egg/collison/stageFloorColl5 []
  at 192.739 217.547 28.5182
  normal 0.000133877 0 1
  respect_prev_transform = 0


CollisionEntry:
  from render/Boris-100000181/camFloorRayNode/ccRay2Node
  into render/stage401004553/LB_connector_7cubeLR.egg/-PandaNode/LB_connector_7cubeLR_egg/collison/stageFloorColl5 []
  at 190.942 231.584 33.5173
  normal 6.5559e-005 0 1
  respect_prev_transform = 0


CollisionEntry:
  from render/Boris-100000181/camFloorRayNode/ccRay2Node
  into render/stage401004553/ZoneEntity-0/-PandaNode/LB_Zone04a_egg/Z04/collision_lobby/stageFloorColl6 []
  at 225.714 292.389 33.5163
  normal 0 0 1
  respect_prev_transform = 0


CollisionEntry:
  from render/Boris-100000181/NPW.cRayNode
  into render/stage401004553/ZoneEntity-0/-PandaNode/LB_Zone04a_egg/Z04/collision_lobby/stageFloorColl6 []
  at 219.394 425.117 33.5163
  normal 0 0 1
  respect_prev_transform = 1


CollisionEntry:
  from render/Boris-100000181/NPW.cRayNode
  into render/stage401004553/LB_connector_7cubeLR.egg/-PandaNode/LB_connector_7cubeLR_egg/collison/stageFloorColl7 []
  at 219.804 427.248 33.5074
  normal 0.000133877 0 1
  respect_prev_transform = 1


CollisionEntry:
  from render/Boris-100000181/camFloorRayNode/ccRay2Node
  into render/stage401004553/LB_connector_7cubeLR.egg/-PandaNode/LB_connector_7cubeLR_egg/collison/stageFloorColl7 []
  at 219.623 426.722 33.5075
  normal 0.000133877 0 1
  respect_prev_transform = 0


CollisionEntry:
  from render/Boris-100000181/NPW.cRayNode
  into render/stage401004553/LB_connector_7cubeLR.egg/-PandaNode/LB_connector_7cubeLR_egg/collison/stageFloorColl7 []
  at 220.285 429.747 34.1282
  normal 9.26614e-005 -0.421613 0.906776
  respect_prev_transform = 1


CollisionEntry:
  from render/Boris-100000181/camFloorRayNode/ccRay2Node
  into render/stage401004553/LB_connector_7cubeLR.egg/-PandaNode/LB_connector_7cubeLR_egg/collison/stageFloorColl7 []
  at 220.177 429.56 34.0414
  normal 9.26614e-005 -0.421613 0.906776
  respect_prev_transform = 0


CollisionEntry:
  from render/Boris-100000181/NPW.cRayNode
  into render/stage401004553/LB_connector_7cubeLR.egg/-PandaNode/LB_connector_7cubeLR_egg/collison/stageFloorColl7 []
  at 222.787 442.742 38.5061
  normal 6.5559e-005 0 1
  respect_prev_transform = 1


CollisionEntry:
  from render/Boris-100000181/camFloorRayNode/ccRay2Node
  into render/stage401004553/LB_connector_7cubeLR.egg/-PandaNode/LB_connector_7cubeLR_egg/collison/stageFloorColl7 []
  at 222.043 434.472 33.5071
  normal 0.000133877 0 1
  respect_prev_transform = 0


CollisionEntry:
  from render/Boris-100000181/camFloorRayNode/ccRay2Node
  into render/stage401004553/LB_connector_7cubeLR.egg/-PandaNode/LB_connector_7cubeLR_egg/collison/stageFloorColl7 []
  at 223.986 441.792 38.5061
  normal 6.5559e-005 0 1
  respect_prev_transform = 0


CollisionEntry:
  from render/Boris-100000181/NPW.cRayNode
  into render/stage401004553/ZoneEntity-0/-PandaNode/Z22a/room/collsion/stageFloorColl8 []
  at 217.477 510.181 38.3848
  normal 0 0 1
  respect_prev_transform = 1


CollisionEntry:
  from render/Boris-100000181/camFloorRayNode/ccRay2Node
  into render/stage401004553/ZoneEntity-0/-PandaNode/Z22a/room/collsion/stageFloorColl8 []
  at 220.518 513.722 38.3849
  normal 0 0 1
  respect_prev_transform = 0


spec = {'parentEntId': 10000, 'pos': LPoint3f(0, 0, 0)}
h = None
CollisionEntry:
  from render/Boris-100000181/camFloorRayNode/ccRay2Node
  into render/stage401004733/ZoneEntity-0/-PandaNode/LB_Zone03a_egg/Collsion/stageFloorColl0 []
  at -2 -10.9125 -0.0335054
  normal -0.000961985 0.000458579 0.999999
  respect_prev_transform = 0


CollisionEntry:
  from render/Boris-100000181/camFloorRayNode/ccRay2Node
  into render/stage401004733/LB_connector_7cubeL2.egg/-PandaNode/LB_connector_7cubeL2_egg/collison/stageFloorColl1 []
  at -2 38.6244 0.206645
  normal -0.00110178 -0.420737 0.907182
  respect_prev_transform = 0


CollisionEntry:
  from render/Boris-100000181/camFloorRayNode/ccRay2Node
  into render/stage401004733/LB_connector_7cubeL2.egg/-PandaNode/LB_connector_7cubeL2_egg/collison/stageFloorColl1 []
  at -2 42.0886 -0.032939
  normal -0.0012142 0 0.999999
  respect_prev_transform = 0


CollisionEntry:
  from render/Boris-100000181/camFloorRayNode/ccRay2Node
  into render/stage401004733/LB_connector_7cubeL2.egg/-PandaNode/LB_connector_7cubeL2_egg/collison/stageFloorColl1 []
  at -3.25161 51.0899 4.95802
  normal -0.000597282 -0.000218784 1
  respect_prev_transform = 0


CollisionEntry:
  from render/Boris-100000181/camFloorRayNode/ccRay2Node
  into render/stage401004733/ZoneEntity-0/-PandaNode/LB_Zone04a_egg/Z04/collision_lobby/stageFloorColl2 []
  at -34.0139 111.729 4.95065
  normal 0 0 1
  respect_prev_transform = 0


CollisionEntry:
  from render/Boris-100000181/NPW.cRayNode
  into render/stage401004733/ZoneEntity-0/-PandaNode/LB_Zone04a_egg/Z04/collision_lobby/stageFloorColl2 []
  at -49.985 205.039 4.95065
  normal 0 0 1
  respect_prev_transform = 1


CollisionEntry:
  from render/Boris-100000181/NPW.cRayNode
  into render/stage401004733/LB_connector_7cubeLR.egg/-PandaNode/LB_connector_7cubeLR_egg/collison/stageFloorColl3 []
  at -33.2415 245.679 4.94197
  normal 0.000133877 0 1
  respect_prev_transform = 1


CollisionEntry:
  from render/Boris-100000181/NPW.cRayNode
  into render/stage401004733/LB_connector_7cubeLR.egg/-PandaNode/LB_connector_7cubeLR_egg/collison/stageFloorColl3 []
  at -32.6243 250.583 6.26229
  normal 9.26614e-005 -0.421613 0.906776
  respect_prev_transform = 1


CollisionEntry:
  from render/Boris-100000181/camFloorRayNode/ccRay2Node
  into render/stage401004733/LB_connector_7cubeLR.egg/-PandaNode/LB_connector_7cubeLR_egg/collison/stageFloorColl3 []
  at -33.1158 246.678 4.94188
  normal 0.000133877 0 1
  respect_prev_transform = 0


CollisionEntry:
  from render/Boris-100000181/camFloorRayNode/ccRay2Node
  into render/stage401004733/LB_connector_7cubeLR.egg/-PandaNode/LB_connector_7cubeLR_egg/collison/stageFloorColl3 []
  at -32.9168 248.259 5.18155
  normal 9.26614e-005 -0.421613 0.906776
  respect_prev_transform = 0


CollisionEntry:
  from render/Boris-100000181/camFloorRayNode/ccRay2Node
  into render/stage401004733/LB_connector_7cubeLR.egg/-PandaNode/LB_connector_7cubeLR_egg/collison/stageFloorColl3 []
  at -32.5498 251.175 4.94181
  normal 0.000133877 0 1
  respect_prev_transform = 0


CollisionEntry:
  from render/Boris-100000181/NPW.cRayNode
  into render/stage401004733/LB_connector_7cubeLR.egg/-PandaNode/LB_connector_7cubeLR_egg/collison/stageFloorColl3 []
  at -31.0706 262.929 9.94075
  normal 6.5559e-005 0 1
  respect_prev_transform = 1


CollisionEntry:
  from render/Boris-100000181/camFloorRayNode/ccRay2Node
  into render/stage401004733/LB_connector_7cubeLR.egg/-PandaNode/LB_connector_7cubeLR_egg/collison/stageFloorColl3 []
  at -31.2142 261.788 9.94069
  normal 6.5559e-005 0 1
  respect_prev_transform = 0


CollisionEntry:
  from render/Boris-100000181/camFloorRayNode/ccRay2Node
  into render/stage401004733/LB_connector_7cubeLR.egg/-PandaNode/LB_connector_7cubeLR_egg/collison/stageFloorColl3 []
  at -27.4735 289.49 9.94044
  normal 6.5559e-005 0 1
  respect_prev_transform = 0


CollisionEntry:
  from render/Boris-100000181/camFloorRayNode/ccRay2Node
  into render/stage401004733/ZoneEntity-0/-PandaNode/Z08_ALL/Z08/boiler_room/collsion_boiler_room/stageFloorColl4 []
  at 0.0548859 320.547 9.91321
  normal 0 0 1
  respect_prev_transform = 0


CollisionEntry:
  from render/Boris-100000181/camFloorRayNode/ccRay2Node
  into render/stage401004733/ZoneEntity-0/-PandaNode/Z08_ALL/Z08/boiler_room/collsion_boiler_room/stageFloorColl4 []
  at 7.92759 454.082 9.9258
  normal 0 0 1
  respect_prev_transform = 0


CollisionEntry:
  from render/Boris-100000181/camFloorRayNode/ccRay2Node
  into render/stage401004733/ZoneEntity-0/-PandaNode/Z08_ALL/Z08/boiler_room/collsion_boiler_room/stageFloorColl4 []
  at 32.4572 448.52 20.2553
  normal 0 0 1
  respect_prev_transform = 0


CollisionEntry:
  from render/Boris-100000181/camFloorRayNode/ccRay2Node
  into render/stage401004733/LB_connector_7cubeL2.egg/-PandaNode/LB_connector_7cubeL2_egg/collison/stageFloorColl5 []
  at 76.7516 387.323 20.8565
  normal 0 0.0012142 0.999999
  respect_prev_transform = 0


CollisionEntry:
  from render/Boris-100000181/camFloorRayNode/ccRay2Node
  into render/stage401004733/LB_connector_7cubeL2.egg/-PandaNode/LB_connector_7cubeL2_egg/collison/stageFloorColl5 []
  at 80.5541 385.555 21.7672
  normal -0.420737 0.00110179 0.907182
  respect_prev_transform = 0


CollisionEntry:
  from render/Boris-100000181/camFloorRayNode/ccRay2Node
  into render/stage401004733/LB_connector_7cubeL2.egg/-PandaNode/LB_connector_7cubeL2_egg/collison/stageFloorColl5 []
  at 84.4018 384.413 20.86
  normal 0 0.0012142 0.999999
  respect_prev_transform = 0


CollisionEntry:
  from render/Boris-100000181/camFloorRayNode/ccRay2Node
  into render/stage401004733/LB_connector_7cubeL2.egg/-PandaNode/LB_connector_7cubeL2_egg/collison/stageFloorColl5 []
  at 92.8069 383.722 25.8491
  normal -0.000218784 0.000597282 1
  respect_prev_transform = 0


CollisionEntry:
  from render/Boris-100000181/camFloorRayNode/ccRay2Node
  into render/stage401004733/ZoneEntity-0/-PandaNode/Z13_ALL/room/collsion/stageFloorColl6 []
  at 151.427 421.781 25.837
  normal 0 0 1
  respect_prev_transform = 0


spec = {'parentEntId': 10000, 'pos': LPoint3f(0, 0, 0)}
h = None
### newVec3 =  LVector3f(2.00003, 6.29996, 1.5)
### newVec3 =  LVector3f(2.00003, 6.29996, 0)
### newVec3 =  LVector3f(2.00003, 6.29996, 0.375)
### newVec3 =  LVector3f(2.00003, 6.29996, 0)
CollisionEntry:
  from render/Boris-100000181/camFloorRayNode/ccRay2Node
  into render/stage401004733/LB_connector_7cubeLR.egg/-PandaNode/LB_connector_7cubeLR_egg/collison/stageFloorColl7 []
  at 421.428 420.212 25.8392
  normal 0 -0.000133877 1
  respect_prev_transform = 0


CollisionEntry:
  from render/Boris-100000181/camFloorRayNode/ccRay2Node
  into render/stage401004733/LB_connector_7cubeLR.egg/-PandaNode/LB_connector_7cubeLR_egg/collison/stageFloorColl7 []
  at 423.556 420.212 26.0536
  normal -0.421613 -9.2643e-005 0.906776
  respect_prev_transform = 0


CollisionEntry:
  from render/Boris-100000181/camFloorRayNode/ccRay2Node
  into render/stage401004733/LB_connector_7cubeLR.egg/-PandaNode/LB_connector_7cubeLR_egg/collison/stageFloorColl7 []
  at 427.105 423.704 25.8396
  normal 0 -0.000133877 1
  respect_prev_transform = 0


CollisionEntry:
  from render/Boris-100000181/camFloorRayNode/ccRay2Node
  into render/stage401004733/LB_connector_7cubeLR.egg/-PandaNode/LB_connector_7cubeLR_egg/collison/stageFloorColl7 []
  at 441.009 421.63 30.8382
  normal 0 -6.5559e-005 1
  respect_prev_transform = 0


CollisionEntry:
  from render/Boris-100000181/camFloorRayNode/ccRay2Node
  into render/stage401004733/ZoneEntity-0/-PandaNode/Z22a/room/collsion/stageFloorColl8 []
  at 498.758 383.92 30.7165
  normal 0 0 1
  respect_prev_transform = 0


spec = {'parentEntId': 10000, 'pos': LPoint3f(0, 0, 0)}
h = None
entered wait for zone redirect
entered wait for set zone response - 2
entered wait for zone redirect
entered wait for set zone response - 2
Reading DNA file... phase_4/dna/storage.pdna
Reading DNA file... phase_3.5/dna/storage_interior.pdna
Reading DNA file... phase_4/dna/storage_TT.pdna
Reading DNA file... phase_4/dna/storage_TT_sz.pdna
Reading DNA file... phase_4/dna/toontown_central_sz.pdna
__handleAvatarChooserDone: 100000181, 'Boris', ('csl', 'ls', 's', 'm', (0.64, 0.35, 0.26, 1.0), (1.0, 1.0, 1.0, 1.0), (0.64, 0.35, 0.26, 1.0), (0.64, 0.35, 0.26, 1.0), 8, 27, 5, 27, 3, 27), 0
entered wait for zone redirect
entered wait for set zone response - 2
Reading DNA file... phase_4/dna/storage.pdna
Reading DNA file... phase_3.5/dna/storage_interior.pdna
Reading DNA file... phase_4/dna/storage_TT.pdna
Reading DNA file... phase_4/dna/storage_TT_sz.pdna
Reading DNA file... phase_4/dna/toontown_central_sz.pdna
entered wait for zone redirect
entered wait for set zone response - 2
Reading DNA file... phase_4/dna/storage.pdna
Reading DNA file... phase_3.5/dna/storage_interior.pdna
entered wait for zone redirect
entered wait for set zone response - 2
spec = {'parentEntId': 10002, 'pos': LPoint3f(0, 0, 0)}
h = None
spec = {'parentEntId': 10010, 'pos': LPoint3f(0, 0, 0)}
h = None
spec = {'parentEntId': 10007, 'pos': LPoint3f(0, 0, 0)}
h = None
spec = {'parentEntId': 10000, 'pos': LPoint3f(0, 0, 0)}
h = None
spec = {'parentEntId': 10000, 'pos': LPoint3f(0, 0, 0)}
h = None
spec = {'parentEntId': 10000, 'pos': LPoint3f(0, 0, 0)}
h = None
### newVec3 =  LVector3f(1.99976, 6.29993, 1.5)
### newVec3 =  LVector3f(1.99976, 6.29993, 0)
### newVec3 =  LVector3f(1.99976, 6.29993, 0.375)
### newVec3 =  LVector3f(1.99976, 6.29993, 0)
entered wait for zone redirect
entered wait for set zone response - 2
entered wait for zone redirect
entered wait for set zone response - 2
entered wait for zone redirect
entered wait for set zone response - 2
### newVec3 =  LVector3f(1.52588e-005, 6.00002, 1.5)
### newVec3 =  LVector3f(1.52588e-005, 6.00002, 0)
### newVec3 =  LVector3f(1.52588e-005, 6.00002, 0.375)
### newVec3 =  LVector3f(1.52588e-005, 6.00002, 0)
### newVec3 =  LVector3f(-1.99998, 6.3, 1.5)
### newVec3 =  LVector3f(-1.99998, 6.3, 0)
### newVec3 =  LVector3f(-1.99998, 6.3, 0.375)
### newVec3 =  LVector3f(-1.99998, 6.3, 0)
### newVec3 =  LVector3f(-1.99998, 6.3, 1.5)
### newVec3 =  LVector3f(-1.99998, 6.3, 0)
### newVec3 =  LVector3f(-1.99998, 6.3, 0.375)
### newVec3 =  LVector3f(-1.99998, 6.3, 0)
### newVec3 =  LVector3f(-1.99998, 11.3, 1.5)
### newVec3 =  LVector3f(-1.99998, 11.3, 0)
### newVec3 =  LVector3f(-1.99998, 11.3, 0.375)
### newVec3 =  LVector3f(-1.99998, 11.3, 0)
### newVec3 =  LVector3f(-1.99998, 6.3, 1.5)
### newVec3 =  LVector3f(-1.99998, 6.3, 0)
### newVec3 =  LVector3f(-1.99998, 6.3, 0.375)
### newVec3 =  LVector3f(-1.99998, 6.3, 0)
### newVec3 =  LVector3f(-1.99998, 6.3, 1.5)
### newVec3 =  LVector3f(-1.99998, 6.3, 0)
### newVec3 =  LVector3f(-1.99998, 6.3, 0.375)
### newVec3 =  LVector3f(-1.99998, 6.3, 0)
### newVec3 =  LVector3f(-1.99998, 6.3, 1.5)
### newVec3 =  LVector3f(-1.99998, 6.3, 0)
### newVec3 =  LVector3f(-1.99998, 6.3, 0.375)
### newVec3 =  LVector3f(-1.99998, 6.3, 0)
entered wait for zone redirect
entered wait for set zone response - 2
Reading DNA file... phase_4/dna/storage.pdna
Reading DNA file... phase_3.5/dna/storage_interior.pdna
Reading DNA file... phase_8/dna/storage_DL.pdna
Reading DNA file... phase_8/dna/storage_DL_sz.pdna
Reading DNA file... phase_8/dna/donalds_dreamland_sz.pdna
