TTLocalizer: Running in language: English
OTPLocalizer: Running in language: English
Preloading suits...
Preloading Toon heads...
Preloading avatars...
{406000001: <toontown.distributed.ToontownDistrict.ToontownDistrict instance at 0x17C804B8>, 401000001: <toontown.distributed.ToontownDistrict.ToontownDistrict instance at 0x17C80760>, 402000001: <toontown.distributed.ToontownDistrict.ToontownDistrict instance at 0x17C806E8>, 404000001: <toontown.distributed.ToontownDistrict.ToontownDistrict instance at 0x17C805F8>, 403000001: <toontown.distributed.ToontownDistrict.ToontownDistrict instance at 0x17C80698>, 405000001: <toontown.distributed.ToontownDistrict.ToontownDistrict instance at 0x17C80558>}
__handleAvatarChooserDone: 100000070, 'Master Cool Cat', ('csl', 'ms', 'm', 'm', (0.3, 0.3, 0.35, 1.0), (0.28, 0.32, 0.72, 1.0), (0.3, 0.3, 0.35, 1.0), (0.3, 0.3, 0.35, 1.0), 111, 27, 98, 27, 41, 27), 3
entered wait for zone redirect
entered wait for set zone response - 2
Reading DNA file... phase_4/dna/storage.pdna
Reading DNA file... phase_3.5/dna/storage_interior.pdna
entered wait for zone redirect
entered wait for set zone response - 2
Reading DNA file... phase_4/dna/storage.pdna
Reading DNA file... phase_3.5/dna/storage_interior.pdna
entered wait for zone redirect
entered wait for set zone response - 2
entered wait for zone redirect
entered wait for set zone response - 2
chooseFireOpenShot <function avatarCloseUpThreeQuarterRightShot at 0x13025170>
chooseFireOpenShot <function avatarCloseUpFireShot at 0x130256B0>
Warning: NodePath.remove() is deprecated.  Use remove_node() instead.
chooseFireOpenShot <function allGroupLowShot at 0x13022E70>
chooseFireOpenShot <function avatarCloseUpFireShot at 0x130256B0>
Warning: NodePath.remove() is deprecated.  Use remove_node() instead.
chooseFireOpenShot <function avatarCloseUpThrowShot at 0x13025130>
chooseFireOpenShot <function suitGroupThreeQuarterLeftBehindShot at 0x13025030>
Warning: NodePath.remove() is deprecated.  Use remove_node() instead.
../resources/phase_3/audio/sfx
../resources/phase_3.5/audio/sfx
../resources/phase_4/audio/sfx
../resources/phase_5/audio/sfx
/phase_3/audio/sfx
/phase_3.5/audio/sfx
/phase_4/audio/sfx
/phase_5/audio/sfx

../resources/phase_3/audio/sfx
../resources/phase_3.5/audio/sfx
../resources/phase_4/audio/sfx
../resources/phase_5/audio/sfx
/phase_3/audio/sfx
/phase_3.5/audio/sfx
/phase_4/audio/sfx
/phase_5/audio/sfx

chooseFireOpenShot <function allGroupLowShot at 0x13022E70>
chooseFireOpenShot <function suitGroupThreeQuarterLeftBehindShot at 0x13025030>
Warning: NodePath.remove() is deprecated.  Use remove_node() instead.
chooseFireOpenShot <function avatarCloseUpThreeQuarterRightShot at 0x13025170>
chooseFireOpenShot <function avatarCloseUpThreeQuarterLeftFireShot at 0x130256F0>
Warning: NodePath.remove() is deprecated.  Use remove_node() instead.
chooseFireOpenShot <function avatarCloseUpThrowShot at 0x13025130>
chooseFireOpenShot <function suitGroupThreeQuarterLeftBehindShot at 0x13025030>
Warning: NodePath.remove() is deprecated.  Use remove_node() instead.
chooseFireOpenShot <function allGroupLowShot at 0x13022E70>
chooseFireOpenShot <function avatarCloseUpFireShot at 0x130256B0>
Warning: NodePath.remove() is deprecated.  Use remove_node() instead.
chooseFireOpenShot <function allGroupLowShot at 0x13022E70>
chooseFireOpenShot <function suitGroupThreeQuarterLeftBehindShot at 0x13025030>
Warning: NodePath.remove() is deprecated.  Use remove_node() instead.
chooseFireOpenShot <function suitGroupThreeQuarterLeftBehindShot at 0x13025030>
chooseFireOpenShot <function allGroupLowShot at 0x13022E70>
Warning: NodePath.remove() is deprecated.  Use remove_node() instead.
chooseFireOpenShot <function suitGroupThreeQuarterLeftBehindShot at 0x13025030>
chooseFireOpenShot <function avatarCloseUpThreeQuarterLeftFireShot at 0x130256F0>
Warning: NodePath.remove() is deprecated.  Use remove_node() instead.
chooseFireOpenShot <function avatarCloseUpThrowShot at 0x13025130>
chooseFireOpenShot <function suitGroupThreeQuarterLeftBehindShot at 0x13025030>
Warning: NodePath.remove() is deprecated.  Use remove_node() instead.
chooseFireOpenShot <function avatarBehindShot at 0x130252B0>
chooseFireOpenShot <function allGroupLowShot at 0x13022E70>
Warning: NodePath.remove() is deprecated.  Use remove_node() instead.
chooseFireOpenShot <function avatarCloseUpThrowShot at 0x13025130>
chooseFireOpenShot <function avatarCloseUpThreeQuarterLeftFireShot at 0x130256F0>
Warning: NodePath.remove() is deprecated.  Use remove_node() instead.
chooseFireOpenShot <function avatarCloseUpThreeQuarterRightShot at 0x13025170>
chooseFireOpenShot <function avatarCloseUpFireShot at 0x130256B0>
Warning: NodePath.remove() is deprecated.  Use remove_node() instead.
chooseFireOpenShot <function avatarCloseUpThreeQuarterRightShot at 0x13025170>
chooseFireOpenShot <function allGroupLowShot at 0x13022E70>
Warning: NodePath.remove() is deprecated.  Use remove_node() instead.
chooseFireOpenShot <function allGroupLowShot at 0x13022E70>
chooseFireOpenShot <function suitGroupThreeQuarterLeftBehindShot at 0x13025030>
Warning: NodePath.remove() is deprecated.  Use remove_node() instead.
chooseFireOpenShot <function avatarBehindShot at 0x130252B0>
chooseFireOpenShot <function avatarCloseUpThreeQuarterLeftFireShot at 0x130256F0>
Warning: NodePath.remove() is deprecated.  Use remove_node() instead.
chooseFireOpenShot <function avatarCloseUpThrowShot at 0x13025130>
chooseFireOpenShot <function avatarCloseUpFireShot at 0x130256B0>
Warning: NodePath.remove() is deprecated.  Use remove_node() instead.
chooseFireOpenShot <function suitGroupThreeQuarterLeftBehindShot at 0x13025030>
chooseFireOpenShot <function avatarCloseUpFireShot at 0x130256B0>
Warning: NodePath.remove() is deprecated.  Use remove_node() instead.
chooseFireOpenShot <function avatarCloseUpThrowShot at 0x13025130>
chooseFireOpenShot <function avatarCloseUpFireShot at 0x130256B0>
Warning: NodePath.remove() is deprecated.  Use remove_node() instead.
chooseFireOpenShot <function allGroupLowShot at 0x13022E70>
chooseFireOpenShot <function avatarCloseUpFireShot at 0x130256B0>
Warning: NodePath.remove() is deprecated.  Use remove_node() instead.
chooseFireOpenShot <function avatarBehindShot at 0x130252B0>
chooseFireOpenShot <function allGroupLowShot at 0x13022E70>
Warning: NodePath.remove() is deprecated.  Use remove_node() instead.
chooseFireOpenShot <function allGroupLowShot at 0x13022E70>
chooseFireOpenShot <function avatarCloseUpFireShot at 0x130256B0>
Warning: NodePath.remove() is deprecated.  Use remove_node() instead.
chooseFireOpenShot <function avatarCloseUpThrowShot at 0x13025130>
chooseFireOpenShot <function avatarCloseUpFireShot at 0x130256B0>
Warning: NodePath.remove() is deprecated.  Use remove_node() instead.
chooseFireOpenShot <function avatarBehindShot at 0x130252B0>
chooseFireOpenShot <function allGroupLowShot at 0x13022E70>
Warning: NodePath.remove() is deprecated.  Use remove_node() instead.
chooseFireOpenShot <function avatarCloseUpThrowShot at 0x13025130>
chooseFireOpenShot <function avatarCloseUpThreeQuarterLeftFireShot at 0x130256F0>
Warning: NodePath.remove() is deprecated.  Use remove_node() instead.
chooseFireOpenShot <function suitGroupThreeQuarterLeftBehindShot at 0x13025030>
chooseFireOpenShot <function allGroupLowShot at 0x13022E70>
Warning: NodePath.remove() is deprecated.  Use remove_node() instead.
chooseFireOpenShot <function suitGroupThreeQuarterLeftBehindShot at 0x13025030>
chooseFireOpenShot <function avatarCloseUpThreeQuarterLeftFireShot at 0x130256F0>
Warning: NodePath.remove() is deprecated.  Use remove_node() instead.
chooseFireOpenShot <function suitGroupThreeQuarterLeftBehindShot at 0x13025030>
chooseFireOpenShot <function avatarCloseUpFireShot at 0x130256B0>
Warning: NodePath.remove() is deprecated.  Use remove_node() instead.
chooseFireOpenShot <function suitGroupThreeQuarterLeftBehindShot at 0x13025030>
chooseFireOpenShot <function avatarCloseUpFireShot at 0x130256B0>
Warning: NodePath.remove() is deprecated.  Use remove_node() instead.
chooseFireOpenShot <function allGroupLowShot at 0x13022E70>
chooseFireOpenShot <function avatarCloseUpThreeQuarterLeftFireShot at 0x130256F0>
Warning: NodePath.remove() is deprecated.  Use remove_node() instead.
chooseFireOpenShot <function avatarCloseUpThrowShot at 0x13025130>
chooseFireOpenShot <function allGroupLowShot at 0x13022E70>
Warning: NodePath.remove() is deprecated.  Use remove_node() instead.
chooseFireOpenShot <function suitGroupThreeQuarterLeftBehindShot at 0x13025030>
chooseFireOpenShot <function avatarCloseUpThreeQuarterLeftFireShot at 0x130256F0>
Warning: NodePath.remove() is deprecated.  Use remove_node() instead.
chooseFireOpenShot <function allGroupLowShot at 0x13022E70>
chooseFireOpenShot <function suitGroupThreeQuarterLeftBehindShot at 0x13025030>
Warning: NodePath.remove() is deprecated.  Use remove_node() instead.
chooseFireOpenShot <function avatarBehindShot at 0x130252B0>
chooseFireOpenShot <function allGroupLowShot at 0x13022E70>
Warning: NodePath.remove() is deprecated.  Use remove_node() instead.
chooseFireOpenShot <function allGroupLowShot at 0x13022E70>
chooseFireOpenShot <function suitGroupThreeQuarterLeftBehindShot at 0x13025030>
Warning: NodePath.remove() is deprecated.  Use remove_node() instead.
chooseFireOpenShot <function avatarBehindShot at 0x130252B0>
chooseFireOpenShot <function avatarCloseUpFireShot at 0x130256B0>
Warning: NodePath.remove() is deprecated.  Use remove_node() instead.
chooseFireOpenShot <function suitGroupThreeQuarterLeftBehindShot at 0x13025030>
chooseFireOpenShot <function avatarCloseUpThreeQuarterLeftFireShot at 0x130256F0>
Warning: NodePath.remove() is deprecated.  Use remove_node() instead.
chooseFireOpenShot <function suitGroupThreeQuarterLeftBehindShot at 0x13025030>
chooseFireOpenShot <function avatarCloseUpThreeQuarterLeftFireShot at 0x130256F0>
Warning: NodePath.remove() is deprecated.  Use remove_node() instead.
chooseFireOpenShot <function avatarCloseUpThreeQuarterRightShot at 0x13025170>
chooseFireOpenShot <function allGroupLowShot at 0x13022E70>
Warning: NodePath.remove() is deprecated.  Use remove_node() instead.
chooseFireOpenShot <function avatarCloseUpThrowShot at 0x13025130>
chooseFireOpenShot <function suitGroupThreeQuarterLeftBehindShot at 0x13025030>
Warning: NodePath.remove() is deprecated.  Use remove_node() instead.
chooseFireOpenShot <function allGroupLowShot at 0x13022E70>
chooseFireOpenShot <function avatarCloseUpFireShot at 0x130256B0>
Warning: NodePath.remove() is deprecated.  Use remove_node() instead.
chooseFireOpenShot <function suitGroupThreeQuarterLeftBehindShot at 0x13025030>
chooseFireOpenShot <function avatarCloseUpThreeQuarterLeftFireShot at 0x130256F0>
Warning: NodePath.remove() is deprecated.  Use remove_node() instead.
chooseFireOpenShot <function avatarCloseUpThreeQuarterRightShot at 0x13025170>
chooseFireOpenShot <function suitGroupThreeQuarterLeftBehindShot at 0x13025030>
Warning: NodePath.remove() is deprecated.  Use remove_node() instead.
chooseFireOpenShot <function allGroupLowShot at 0x13022E70>
chooseFireOpenShot <function avatarCloseUpFireShot at 0x130256B0>
Warning: NodePath.remove() is deprecated.  Use remove_node() instead.
chooseFireOpenShot <function suitGroupThreeQuarterLeftBehindShot at 0x13025030>
chooseFireOpenShot <function avatarCloseUpThreeQuarterLeftFireShot at 0x130256F0>
Warning: NodePath.remove() is deprecated.  Use remove_node() instead.
chooseFireOpenShot <function avatarCloseUpThreeQuarterRightShot at 0x13025170>
chooseFireOpenShot <function avatarCloseUpThreeQuarterLeftFireShot at 0x130256F0>
Warning: NodePath.remove() is deprecated.  Use remove_node() instead.
chooseFireOpenShot <function allGroupLowShot at 0x13022E70>
chooseFireOpenShot <function allGroupLowShot at 0x13022E70>
Warning: NodePath.remove() is deprecated.  Use remove_node() instead.
chooseFireOpenShot <function avatarCloseUpThrowShot at 0x13025130>
chooseFireOpenShot <function avatarCloseUpFireShot at 0x130256B0>
Warning: NodePath.remove() is deprecated.  Use remove_node() instead.
chooseFireOpenShot <function allGroupLowShot at 0x13022E70>
chooseFireOpenShot <function avatarCloseUpFireShot at 0x130256B0>
Warning: NodePath.remove() is deprecated.  Use remove_node() instead.
chooseFireOpenShot <function avatarCloseUpThreeQuarterRightShot at 0x13025170>
chooseFireOpenShot <function avatarCloseUpThreeQuarterLeftFireShot at 0x130256F0>
Warning: NodePath.remove() is deprecated.  Use remove_node() instead.
chooseFireOpenShot <function suitGroupThreeQuarterLeftBehindShot at 0x13025030>
chooseFireOpenShot <function allGroupLowShot at 0x13022E70>
Warning: NodePath.remove() is deprecated.  Use remove_node() instead.
entered wait for zone redirect
entered wait for set zone response - 2
Reading DNA file... phase_4/dna/storage.pdna
Reading DNA file... phase_3.5/dna/storage_interior.pdna
Reading DNA file... phase_6/dna/storage_DD.pdna
Reading DNA file... phase_6/dna/storage_DD_sz.pdna
Reading DNA file... phase_6/dna/donalds_dock_sz.pdna
entered wait for zone redirect
entered wait for set zone response - 2
Reading DNA file... phase_4/dna/storage.pdna
Reading DNA file... phase_3.5/dna/storage_interior.pdna
entered wait for zone redirect
entered wait for set zone response - 2
entered wait for zone redirect
entered wait for set zone response - 2
