TTLocalizer: Running in language: English
OTPLocalizer: Running in language: English
Preloading suits...
Preloading Toon heads...
Preloading avatars...
{401000001: <toontown.distributed.ToontownDistrict.ToontownDistrict instance at 0x1620F4B8>}
__handleAvatarChooserDone: 100000070, 'Master Cool Cat', ('csl', 'ms', 'm', 'm', (0.3, 0.3, 0.35, 1.0), (0.28, 0.32, 0.72, 1.0), (0.3, 0.3, 0.35, 1.0), (0.3, 0.3, 0.35, 1.0), 111, 27, 98, 27, 41, 27), 3
entered wait for zone redirect
entered wait for set zone response - 2
Reading DNA file... phase_4/dna/storage.pdna
Reading DNA file... phase_3.5/dna/storage_interior.pdna
Reading DNA file... phase_4/dna/storage_TT.pdna
Reading DNA file... phase_4/dna/storage_TT_sz.pdna
Reading DNA file... phase_4/dna/toontown_central_sz.pdna
entered wait for zone redirect
entered wait for set zone response - 2
Reading DNA file... phase_4/dna/storage.pdna
Reading DNA file... phase_3.5/dna/storage_interior.pdna
entered wait for zone redirect
entered wait for set zone response - 2
entered wait for zone redirect
entered wait for set zone response - 2
### newVec3 =  LVector3f(2.00002, 6.30001, 1.5)
### newVec3 =  LVector3f(2.00002, 6.30001, 0)
### newVec3 =  LVector3f(2.00002, 6.30001, 0.375)
### newVec3 =  LVector3f(2.00002, 6.30001, 0)
### newVec3 =  LVector3f(2.00002, 6.30001, 1.5)
### newVec3 =  LVector3f(2.00002, 6.30001, 0)
### newVec3 =  LVector3f(2.00002, 6.30001, 0.375)
### newVec3 =  LVector3f(2.00002, 6.30001, 0)
hit! 0.946889042854
hit! 0.87931060791
hit! 0.803436279297
hit! 0.426967680454
hit! 0.904821515083
hit! 0.667091965675
hit! 0.607848346233
hit! 0.516363084316
hit! 0.98674505949
hit! 0.82070428133
hit! 0.831284463406
hit! 0.676700532436
hit! 0.949681758881
hit! 0.872859835625
hit! 0.892425060272
hit! 0.630394697189
hit! 0.723155975342
hit! 0.70919829607
hit! 0.321449249983
hit! 0.69657087326
hit! 0.447614014149
hit! 0.904350399971
--not hard enough: 0.0694794356823
hit! 0.99503582716
hit! 0.93953961134
hit! 0.998627185822
--not hard enough: -0.530213773251
hit! 0.906351327896
hit! 0.906648933887
hit! 0.856186509132
hit! 0.913724422455
hit! 0.224452510476
hit! 0.495423257351
hit! 0.298072487116
hit! 0.311112761497
--not hard enough: -0.182735085487
--not hard enough: 0.0671547576785
--not hard enough: 0.049891166389
--not hard enough: -0.062418282032
hit! 0.928698658943
hit! 0.358133107424
hit! 0.939391970634
--not hard enough: 0.0331571698189
hit! 0.841861009598
hit! 0.767260491848
hit! 0.695939719677
hit! 0.815573632717
hit! 0.571241796017
hit! 0.446308344603
hit! 0.823194622993
hit! 0.878022491932
hit! 0.730516254902
--not hard enough: -0.630000472069
hit! 0.926769971848
hit! 0.964280366898
hit! 0.605981826782
--not hard enough: -0.197052508593
hit! 0.905737400055
hit! 0.988574981689
hit! 0.650171756744
hit! 0.927231252193
hit! 0.497129410505
hit! 0.956690132618
hit! 0.58312779665
hit! 0.765746116638
hit! 0.734034240246
hit! 0.706127345562
hit! 0.984366714954
hit! 0.604468107224
hit! 0.815217912197
hit! 0.475207567215
hit! 0.767229616642
hit! 0.752672016621
hit! 0.786609530449
--not hard enough: 0.077227704227
hit! 0.30461153388
hit! 0.712679922581
(100000187, 'Reward Panel received an invalid hasUber from an uberList')
entered wait for zone redirect
entered wait for set zone response - 2
Reading DNA file... phase_4/dna/storage.pdna
Reading DNA file... phase_3.5/dna/storage_interior.pdna
Reading DNA file... phase_8/dna/storage_DL.pdna
Reading DNA file... phase_8/dna/storage_DL_sz.pdna
Reading DNA file... phase_8/dna/donalds_dreamland_sz.pdna
entered wait for zone redirect
entered wait for set zone response - 2
Reading DNA file... phase_4/dna/storage.pdna
Reading DNA file... phase_3.5/dna/storage_interior.pdna
entered wait for zone redirect
entered wait for set zone response - 2
spec = {'parentEntId': 110000, 'pos': LPoint3f(0, 0, 0)}
h = None
Pattern [1, 1, 0, 5, 0, 5, 2, 2] Place 0 Type 1
Pattern [1, 1, 0, 5, 0, 5, 2, 2] Place 1 Type 1
Pattern [1, 1, 0, 5, 0, 5, 2, 2] Place 2 Type 0
Pattern [1, 1, 0, 5, 0, 5, 2, 2] Place 3 Type 5
Pattern [1, 1, 0, 5, 0, 5, 2, 2] Place 4 Type 0
Pattern [1, 1, 0, 5, 0, 5, 2, 2] Place 5 Type 5
Pattern [1, 1, 0, 5, 0, 5, 2, 2] Place 6 Type 2
Pattern [1, 1, 0, 5, 0, 5, 2, 2] Place 7 Type 2
Pattern [1, 1, 0, 5, 0, 5, 2, 2] Place 0 Type 1
Pattern [1, 1, 0, 5, 0, 5, 2, 2] Place 1 Type 1
Pattern [1, 1, 0, 5, 0, 5, 2, 2] Place 2 Type 0
Pattern [1, 1, 0, 5, 0, 5, 2, 2] Place 3 Type 5
Pattern [1, 1, 0, 5, 0, 5, 2, 2] Place 4 Type 0
Pattern [1, 1, 0, 5, 0, 5, 2, 2] Place 5 Type 5
Pattern [1, 1, 0, 5, 0, 5, 2, 2] Place 6 Type 2
Pattern [1, 1, 0, 5, 0, 5, 2, 2] Place 7 Type 2
Pattern [1, 1, 0, 5, 0, 5, 2, 2] Place 0 Type 1
Pattern [1, 1, 0, 5, 0, 5, 2, 2] Place 1 Type 1
Pattern [5, 6, 0, 5, 1, 1, 0, 6] Place 0 Type 5
Pattern [5, 6, 0, 5, 1, 1, 0, 6] Place 1 Type 6
Pattern [5, 6, 0, 5, 1, 1, 0, 6] Place 2 Type 0
Pattern [5, 6, 0, 5, 1, 1, 0, 6] Place 3 Type 5
Pattern [5, 6, 0, 5, 1, 1, 0, 6] Place 4 Type 1
Pattern [5, 6, 0, 5, 1, 1, 0, 6] Place 5 Type 1
Pattern [5, 6, 0, 5, 1, 1, 0, 6] Place 6 Type 0
Pattern [5, 6, 0, 5, 1, 1, 0, 6] Place 7 Type 6
Pattern [5, 6, 0, 5, 1, 1, 0, 6] Place 0 Type 5
Pattern [5, 6, 2, 2, 6, 1, 0, 1, 0, 5] Place 0 Type 5
Pattern [5, 6, 2, 2, 6, 1, 0, 1, 0, 5] Place 1 Type 6
Pattern [5, 6, 2, 2, 6, 1, 0, 1, 0, 5] Place 2 Type 2
Pattern [5, 6, 2, 2, 6, 1, 0, 1, 0, 5] Place 3 Type 2
Pattern [5, 6, 2, 2, 6, 1, 0, 1, 0, 5] Place 4 Type 6
Pattern [5, 6, 2, 2, 6, 1, 0, 1, 0, 5] Place 5 Type 1
Pattern [5, 6, 2, 2, 6, 1, 0, 1, 0, 5] Place 6 Type 0
Pattern [5, 6, 2, 2, 6, 1, 0, 1, 0, 5] Place 7 Type 1
Pattern [5, 6, 2, 2, 6, 1, 0, 1, 0, 5] Place 8 Type 0
Pattern [6, 6, 5, 0, 1, 2, 1, 5, 2, 0] Place 0 Type 6
Pattern [6, 6, 5, 0, 1, 2, 1, 5, 2, 0] Place 1 Type 6
Pattern [6, 6, 5, 0, 1, 2, 1, 5, 2, 0] Place 2 Type 5
Pattern [6, 6, 5, 0, 1, 2, 1, 5, 2, 0] Place 3 Type 0
spec = {'parentEntId': 110400, 'pos': LPoint3f(0, 0, 0)}
h = None
chooseFireOpenShot <function allGroupLowShot at 0x11A57F70>
chooseFireOpenShot <function allGroupLowShot at 0x11A57F70>
Warning: NodePath.remove() is deprecated.  Use remove_node() instead.
Warning: NodePath.remove() is deprecated.  Use remove_node() instead.
chooseFireOpenShot <function suitGroupThreeQuarterLeftBehindShot at 0x11A5B130>
chooseFireOpenShot <function suitGroupThreeQuarterLeftBehindShot at 0x11A5B130>
Warning: NodePath.remove() is deprecated.  Use remove_node() instead.
Warning: NodePath.remove() is deprecated.  Use remove_node() instead.
spec = {'parentEntId': 110200, 'pos': LPoint3f(0, 0, 0)}
h = None
Pattern [6, 2, 6, 5, 2, 5] Place 0 Type 6
Pattern [6, 2, 6, 5, 2, 5] Place 1 Type 2
Pattern [6, 2, 6, 5, 2, 5] Place 2 Type 6
Pattern [6, 2, 6, 5, 2, 5] Place 3 Type 5
Pattern [6, 2, 6, 5, 2, 5] Place 4 Type 2
Pattern [6, 2, 6, 5, 2, 5] Place 5 Type 5
Pattern [6, 2, 6, 5, 2, 5] Place 0 Type 6
Pattern [6, 2, 6, 5, 2, 5] Place 1 Type 2
Pattern [0, 0, 2, 5, 1, 1, 2, 5] Place 0 Type 0
Pattern [0, 0, 2, 5, 1, 1, 2, 5] Place 1 Type 0
Pattern [0, 0, 2, 5, 1, 1, 2, 5] Place 2 Type 2
Pattern [0, 0, 2, 5, 1, 1, 2, 5] Place 3 Type 5
Pattern [0, 0, 2, 5, 1, 1, 2, 5] Place 4 Type 1
Pattern [0, 0, 2, 5, 1, 1, 2, 5] Place 5 Type 1
Pattern [0, 0, 2, 5, 1, 1, 2, 5] Place 6 Type 2
Pattern [0, 0, 2, 5, 1, 1, 2, 5] Place 7 Type 5
Pattern [0, 0, 2, 5, 1, 1, 2, 5] Place 0 Type 0
Pattern [0, 0, 2, 5, 1, 1, 2, 5] Place 1 Type 0
Pattern [0, 0, 2, 5, 1, 1, 2, 5] Place 2 Type 2
Pattern [0, 0, 2, 5, 1, 1, 2, 5] Place 3 Type 5
Pattern [0, 0, 2, 5, 1, 1, 2, 5] Place 4 Type 1
Pattern [0, 0, 2, 5, 1, 1, 2, 5] Place 5 Type 1
Pattern [0, 0, 2, 5, 1, 1, 2, 5] Place 6 Type 2
Pattern [0, 0, 2, 5, 1, 1, 2, 5] Place 7 Type 5
Pattern [0, 0, 2, 5, 1, 1, 2, 5] Place 0 Type 0
Pattern [0, 0, 2, 5, 1, 1, 2, 5] Place 1 Type 0
Pattern [0, 0, 2, 5, 1, 1, 2, 5] Place 2 Type 2
Pattern [0, 0, 2, 5, 1, 1, 2, 5] Place 3 Type 5
Pattern [0, 0, 2, 5, 1, 1, 2, 5] Place 4 Type 1
Pattern [0, 0, 2, 5, 1, 1, 2, 5] Place 5 Type 1
Pattern [7, 7] Place 0 Type 7
Pattern [7, 7] Place 1 Type 7
Pattern [7, 7] Place 0 Type 7
Pattern [7, 7] Place 1 Type 7
Pattern [7, 7] Place 0 Type 7
Pattern [7, 7] Place 1 Type 7
Pattern [7, 7] Place 0 Type 7
Pattern [7, 7] Place 1 Type 7
Pattern [7, 7] Place 0 Type 7
Pattern [7, 7] Place 1 Type 7
Pattern [1, 0, 5, 2, 2, 1, 6, 6, 0, 5] Place 0 Type 1
Pattern [1, 0, 5, 2, 2, 1, 6, 6, 0, 5] Place 1 Type 0
Pattern [1, 0, 5, 2, 2, 1, 6, 6, 0, 5] Place 2 Type 5
Pattern [1, 0, 5, 2, 2, 1, 6, 6, 0, 5] Place 3 Type 2
Pattern [1, 0, 5, 2, 2, 1, 6, 6, 0, 5] Place 4 Type 2
Pattern [1, 0, 5, 2, 2, 1, 6, 6, 0, 5] Place 5 Type 1
Pattern [1, 0, 5, 2, 2, 1, 6, 6, 0, 5] Place 6 Type 6
Pattern [1, 0, 5, 2, 2, 1, 6, 6, 0, 5] Place 7 Type 6
Pattern [1, 0, 5, 2, 2, 1, 6, 6, 0, 5] Place 8 Type 0
Pattern [1, 0, 5, 2, 2, 1, 6, 6, 0, 5] Place 9 Type 5
Pattern [1, 0, 5, 2, 2, 1, 6, 6, 0, 5] Place 0 Type 1
Pattern [1, 0, 5, 2, 2, 1, 6, 6, 0, 5] Place 1 Type 0
Pattern [1, 0, 5, 2, 2, 1, 6, 6, 0, 5] Place 2 Type 5
Pattern [1, 0, 5, 2, 2, 1, 6, 6, 0, 5] Place 3 Type 2
Pattern [1, 0, 5, 2, 2, 1, 6, 6, 0, 5] Place 4 Type 2
Pattern [1, 0, 5, 2, 2, 1, 6, 6, 0, 5] Place 5 Type 1
Pattern [1, 0, 5, 2, 2, 1, 6, 6, 0, 5] Place 6 Type 6
Pattern [1, 0, 1, 2, 2, 0] Place 0 Type 1
Pattern [1, 0, 1, 2, 2, 0] Place 1 Type 0
Pattern [1, 0, 1, 2, 2, 0] Place 2 Type 1
Pattern [1, 0, 1, 2, 2, 0] Place 3 Type 2
Pattern [1, 0, 1, 2, 2, 0] Place 4 Type 2
Pattern [1, 0, 1, 2, 2, 0] Place 5 Type 0
Pattern [1, 5, 2, 2, 6, 6, 5, 0, 1, 0] Place 0 Type 1
Pattern [1, 5, 2, 2, 6, 6, 5, 0, 1, 0] Place 1 Type 5
Pattern [1, 5, 2, 2, 6, 6, 5, 0, 1, 0] Place 2 Type 2
Pattern [1, 5, 2, 2, 6, 6, 5, 0, 1, 0] Place 3 Type 2
Pattern [1, 5, 2, 2, 6, 6, 5, 0, 1, 0] Place 4 Type 6
Pattern [1, 5, 2, 2, 6, 6, 5, 0, 1, 0] Place 5 Type 6
Pattern [1, 5, 2, 2, 6, 6, 5, 0, 1, 0] Place 6 Type 5
Pattern [1, 5, 2, 2, 6, 6, 5, 0, 1, 0] Place 7 Type 0
Pattern [1, 5, 2, 2, 6, 6, 5, 0, 1, 0] Place 8 Type 1
Pattern [1, 5, 2, 2, 6, 6, 5, 0, 1, 0] Place 9 Type 0
Pattern [1, 5, 2, 2, 6, 6, 5, 0, 1, 0] Place 0 Type 1
Pattern [1, 5, 2, 2, 6, 6, 5, 0, 1, 0] Place 1 Type 5
Pattern [1, 5, 2, 2, 6, 6, 5, 0, 1, 0] Place 2 Type 2
Pattern [1, 5, 2, 2, 6, 6, 5, 0, 1, 0] Place 3 Type 2
Pattern [1, 5, 2, 2, 6, 6, 5, 0, 1, 0] Place 4 Type 6
Pattern [1, 5, 2, 2, 6, 6, 5, 0, 1, 0] Place 5 Type 6
Pattern [1, 5, 2, 2, 6, 6, 5, 0, 1, 0] Place 6 Type 5
Pattern [1, 5, 2, 2, 6, 6, 5, 0, 1, 0] Place 7 Type 0
Pattern [1, 5, 2, 2, 6, 6, 5, 0, 1, 0] Place 8 Type 1
Pattern [1, 5, 2, 2, 6, 6, 5, 0, 1, 0] Place 9 Type 0
Pattern [1, 5, 2, 2, 6, 6, 5, 0, 1, 0] Place 0 Type 1
Pattern [1, 5, 2, 2, 6, 6, 5, 0, 1, 0] Place 1 Type 5
Pattern [1, 5, 2, 2, 6, 6, 5, 0, 1, 0] Place 2 Type 2
Pattern [1, 5, 2, 2, 6, 6, 5, 0, 1, 0] Place 3 Type 2
Pattern [1, 5, 2, 2, 6, 6, 5, 0, 1, 0] Place 4 Type 6
Pattern [1, 5, 2, 2, 6, 6, 5, 0, 1, 0] Place 5 Type 6
Pattern [1, 5, 2, 2, 6, 6, 5, 0, 1, 0] Place 6 Type 5
Pattern [1, 5, 2, 2, 6, 6, 5, 0, 1, 0] Place 7 Type 0
Pattern [1, 5, 2, 2, 6, 6, 5, 0, 1, 0] Place 8 Type 1
Pattern [1, 5, 2, 2, 6, 6, 5, 0, 1, 0] Place 9 Type 0
Pattern [1, 5, 2, 2, 6, 6, 5, 0, 1, 0] Place 0 Type 1
Pattern [1, 5, 2, 2, 6, 6, 5, 0, 1, 0] Place 1 Type 5
Pattern [1, 5, 2, 2, 6, 6, 5, 0, 1, 0] Place 2 Type 2
Pattern [1, 5, 2, 2, 6, 6, 5, 0, 1, 0] Place 3 Type 2
Pattern [1, 5, 2, 2, 6, 6, 5, 0, 1, 0] Place 4 Type 6
Pattern [1, 5, 2, 2, 6, 6, 5, 0, 1, 0] Place 0 Type 1
Pattern [1, 5, 2, 2, 6, 6, 5, 0, 1, 0] Place 1 Type 5
Pattern [1, 5, 2, 2, 6, 6, 5, 0, 1, 0] Place 2 Type 2
spec = {'parentEntId': 110400, 'pos': LPoint3f(0, 0, 0)}
h = None
chooseFireOpenShot <function suitGroupThreeQuarterLeftBehindShot at 0x11A5B130>
chooseFireOpenShot <function suitGroupThreeQuarterLeftBehindShot at 0x11A5B130>
Warning: NodePath.remove() is deprecated.  Use remove_node() instead.
Warning: NodePath.remove() is deprecated.  Use remove_node() instead.
Warning: NodePath.remove() is deprecated.  Use remove_node() instead.
chooseFireOpenShot <function suitGroupThreeQuarterLeftBehindShot at 0x11A5B130>
chooseFireOpenShot <function avatarCloseUpFireShot at 0x11A5B7F0>
Warning: NodePath.remove() is deprecated.  Use remove_node() instead.
spec = {'parentEntId': 110000, 'pos': LPoint3f(0, 0, 0)}
h = None
Pattern [1, 2, 6, 2, 0, 6, 0, 1] Place 0 Type 1
Pattern [1, 2, 6, 2, 0, 6, 0, 1] Place 1 Type 2
Pattern [1, 2, 6, 2, 0, 6, 0, 1] Place 2 Type 6
Pattern [1, 2, 6, 2, 0, 6, 0, 1] Place 3 Type 2
Pattern [1, 2, 6, 2, 0, 6, 0, 1] Place 4 Type 0
Pattern [1, 2, 6, 2, 0, 6, 0, 1] Place 5 Type 6
Pattern [1, 2, 6, 2, 0, 6, 0, 1] Place 6 Type 0
Pattern [1, 6, 2, 1, 6, 5, 2, 5, 0, 0] Place 0 Type 1
Pattern [1, 6, 2, 1, 6, 5, 2, 5, 0, 0] Place 1 Type 6
Pattern [1, 6, 2, 1, 6, 5, 2, 5, 0, 0] Place 2 Type 2
Pattern [1, 6, 2, 1, 6, 5, 2, 5, 0, 0] Place 3 Type 1
Pattern [1, 6, 2, 1, 6, 5, 2, 5, 0, 0] Place 4 Type 6
Pattern [1, 6, 2, 1, 6, 5, 2, 5, 0, 0] Place 5 Type 5
Pattern [1, 6, 2, 1, 6, 5, 2, 5, 0, 0] Place 6 Type 2
Pattern [1, 6, 2, 1, 6, 5, 2, 5, 0, 0] Place 7 Type 5
Pattern [1, 6, 2, 1, 6, 5, 2, 5, 0, 0] Place 8 Type 0
Pattern [1, 6, 2, 1, 6, 5, 2, 5, 0, 0] Place 9 Type 0
Pattern [1, 6, 2, 1, 6, 5, 2, 5, 0, 0] Place 0 Type 1
Pattern [1, 6, 2, 1, 6, 5, 2, 5, 0, 0] Place 1 Type 6
Pattern [1, 2, 6, 0, 6, 0, 1, 2] Place 0 Type 1
Pattern [1, 2, 6, 0, 6, 0, 1, 2] Place 1 Type 2
Pattern [1, 2, 6, 0, 6, 0, 1, 2] Place 2 Type 6
Pattern [1, 2, 6, 0, 6, 0, 1, 2] Place 3 Type 0
Pattern [1, 2, 6, 0, 6, 0, 1, 2] Place 4 Type 6
Pattern [1, 2, 6, 0, 6, 0, 1, 2] Place 5 Type 0
Pattern [1, 2, 6, 0, 6, 0, 1, 2] Place 6 Type 1
Pattern [1, 2, 6, 0, 6, 0, 1, 2] Place 7 Type 2
Pattern [5, 2, 5, 0, 2, 0, 1, 1] Place 0 Type 5
Pattern [5, 2, 5, 0, 2, 0, 1, 1] Place 1 Type 2
Pattern [5, 2, 5, 0, 2, 0, 1, 1] Place 2 Type 5
Pattern [5, 2, 5, 0, 2, 0, 1, 1] Place 3 Type 0
Pattern [5, 2, 5, 0, 2, 0, 1, 1] Place 4 Type 2
Pattern [5, 2, 5, 0, 2, 0, 1, 1] Place 5 Type 0
Pattern [5, 2, 5, 0, 2, 0, 1, 1] Place 6 Type 1
Pattern [5, 2, 5, 0, 2, 0, 1, 1] Place 7 Type 1
Pattern [5, 2, 5, 0, 2, 0, 1, 1] Place 0 Type 5
Pattern [5, 2, 5, 0, 2, 0, 1, 1] Place 1 Type 2
Pattern [5, 2, 5, 0, 2, 0, 1, 1] Place 2 Type 5
Pattern [5, 2, 5, 0, 2, 0, 1, 1] Place 3 Type 0
Pattern [5, 2, 5, 0, 2, 0, 1, 1] Place 4 Type 2
Pattern [5, 2, 5, 0, 2, 0, 1, 1] Place 5 Type 0
Pattern [5, 2, 5, 0, 2, 0, 1, 1] Place 6 Type 1
Pattern [5, 2, 5, 0, 2, 0, 1, 1] Place 7 Type 1
Pattern [5, 2, 5, 0, 2, 0, 1, 1] Place 0 Type 5
Pattern [5, 2, 5, 0, 2, 0, 1, 1] Place 1 Type 2
Pattern [5, 2, 5, 0, 2, 0, 1, 1] Place 2 Type 5
Pattern [5, 2, 5, 0, 2, 0, 1, 1] Place 3 Type 0
Pattern [5, 2, 5, 0, 2, 0, 1, 1] Place 4 Type 2
Pattern [5, 2, 5, 0, 2, 0, 1, 1] Place 5 Type 0
Pattern [5, 2, 5, 0, 2, 0, 1, 1] Place 6 Type 1
Pattern [5, 2, 5, 0, 2, 0, 1, 1] Place 7 Type 1
Pattern [5, 2, 5, 0, 2, 0, 1, 1] Place 0 Type 5
Pattern [5, 2, 5, 0, 2, 0, 1, 1] Place 1 Type 2
Pattern [5, 2, 5, 0, 2, 0, 1, 1] Place 2 Type 5
Pattern [5, 2, 5, 0, 2, 0, 1, 1] Place 3 Type 0
Pattern [5, 2, 5, 0, 2, 0, 1, 1] Place 4 Type 2
Pattern [5, 2, 5, 0, 2, 0, 1, 1] Place 5 Type 0
Pattern [5, 2, 5, 0, 2, 0, 1, 1] Place 6 Type 1
Pattern [5, 2, 5, 0, 2, 0, 1, 1] Place 7 Type 1
Pattern [5, 2, 5, 0, 2, 0, 1, 1] Place 0 Type 5
Pattern [5, 2, 5, 0, 2, 0, 1, 1] Place 1 Type 2
Pattern [5, 2, 5, 0, 2, 0, 1, 1] Place 2 Type 5
Pattern [5, 2, 5, 0, 2, 0, 1, 1] Place 3 Type 0
Pattern [5, 2, 5, 0, 2, 0, 1, 1] Place 4 Type 2
Pattern [5, 2, 5, 0, 2, 0, 1, 1] Place 5 Type 0
Pattern [5, 2, 5, 0, 2, 0, 1, 1] Place 6 Type 1
Pattern [5, 2, 5, 0, 2, 0, 1, 1] Place 7 Type 1
Pattern [5, 2, 5, 0, 2, 0, 1, 1] Place 0 Type 5
Pattern [5, 2, 5, 0, 2, 0, 1, 1] Place 1 Type 2
Pattern [5, 2, 5, 0, 2, 0, 1, 1] Place 2 Type 5
Pattern [5, 2, 5, 0, 2, 0, 1, 1] Place 3 Type 0
Pattern [5, 2, 5, 0, 2, 0, 1, 1] Place 0 Type 5
Pattern [5, 2, 5, 0, 2, 0, 1, 1] Place 1 Type 2
Pattern [5, 2, 5, 0, 2, 0, 1, 1] Place 2 Type 5
Pattern [5, 2, 5, 0, 2, 0, 1, 1] Place 3 Type 0
Pattern [5, 2, 5, 0, 2, 0, 1, 1] Place 4 Type 2
Pattern [5, 2, 5, 0, 2, 0, 1, 1] Place 5 Type 0
Pattern [5, 2, 5, 0, 2, 0, 1, 1] Place 6 Type 1
Pattern [5, 2, 5, 0, 2, 0, 1, 1] Place 7 Type 1
Pattern [5, 2, 5, 0, 2, 0, 1, 1] Place 0 Type 5
Pattern [5, 2, 5, 0, 2, 0, 1, 1] Place 1 Type 2
Pattern [5, 2, 5, 0, 2, 0, 1, 1] Place 2 Type 5
Pattern [5, 2, 5, 0, 2, 0, 1, 1] Place 3 Type 0
Pattern [5, 2, 5, 0, 2, 0, 1, 1] Place 4 Type 2
Pattern [5, 2, 5, 0, 2, 0, 1, 1] Place 5 Type 0
Pattern [5, 2, 5, 0, 2, 0, 1, 1] Place 6 Type 1
Pattern [5, 2, 5, 0, 2, 0, 1, 1] Place 7 Type 1
spec = {'parentEntId': 110400, 'pos': LPoint3f(0, 0, 0)}
h = None
chooseFireOpenShot <function allGroupLowShot at 0x11A57F70>
chooseFireOpenShot <function suitGroupThreeQuarterLeftBehindShot at 0x11A5B130>
Warning: NodePath.remove() is deprecated.  Use remove_node() instead.
Warning: NodePath.remove() is deprecated.  Use remove_node() instead.
Exception occurred while processing Func-__handleCountryClubRewardDone-12560 of movie-reward-track-with-cam-401008616:
movie-reward-track-with-cam-401008616:
  0.000 movie-reward-track-with-cam-401008616 {
  0.000   movie-reward-track-401008616 {
  0.000     Sequence-14442 {
  0.000       Parallel-14456 {
  0.000         Sequence-14444 {
  0.000           *Func-show-12012
  0.000           *Func-setOnscreenChatForced-12013
  0.000           *Func-_setupSkipListen-12014
  0.000           *Func-_teardownSkipListen-12207
  0.000           *Func-_setupSkipListen-12208
  0.000           Sequence-14447 {
  0.000             *Func-initGagFrame-12015
  0.000             Wait dur 1
  1.000             *Func-showTrackIncLabel-12016
  1.000             *Func-incrementExp-12017
  1.000             Wait dur 0.1
  1.100             *Func-incrementExp-12018
  1.100             Wait dur 0.1
  1.200             *Func-incrementExp-12019
  1.200             Wait dur 0.1
  1.300             *Func-incrementExp-12020
  1.300             Wait dur 0.1
  1.400             *Func-incrementExp-12021
  1.400             Wait dur 0.1
  1.500             *Func-incrementExp-12022
  1.500             Wait dur 0.1
  1.600             *Func-incrementExp-12023
  1.600             Wait dur 0.1
  1.700             *Func-incrementExp-12024
  1.700             Wait dur 0.1
  1.800             *Func-incrementExp-12025
  1.800             Wait dur 0.1
  1.900             *Func-incrementExp-12026
  1.900             Wait dur 0.1
  2.000             *Func-incrementExp-12027
  2.000             Wait dur 0.1
  2.100             *Func-incrementExp-12028
  2.100             Wait dur 0.1
  2.200             *Func-incrementExp-12029
  2.200             Wait dur 0.1
  2.300             *Func-incrementExp-12030
  2.300             Wait dur 0.1
  2.400             *Func-incrementExp-12031
  2.400             Wait dur 0.1
  2.500             *Func-incrementExp-12032
  2.500             Wait dur 0.1
  2.600             *Func-incrementExp-12033
  2.600             Wait dur 0.1
  2.700             *Func-incrementExp-12034
  2.700             Wait dur 0.1
  2.800             *Func-incrementExp-12035
  2.800             Wait dur 0.1
  2.900             *Func-incrementExp-12036
  2.900             Wait dur 0.1
  3.000             *Func-incrementExp-12037
  3.000             Wait dur 0.1
  3.100             *Func-incrementExp-12038
  3.100             Wait dur 0.1
  3.200             *Func-incrementExp-12039
  3.200             Wait dur 0.1
  3.300             *Func-incrementExp-12040
  3.300             Wait dur 0.1
  3.400             *Func-incrementExp-12041
  3.400             Wait dur 0.1
  3.500             *Func-incrementExp-12042
  3.500             Wait dur 0.1
  3.600             *Func-incrementExp-12043
  3.600             Wait dur 0.1
  3.700             *Func-incrementExp-12044
  3.700             Wait dur 0.1
  3.800             *Func-incrementExp-12045
  3.800             Wait dur 0.1
  3.900             *Func-incrementExp-12046
  3.900             Wait dur 0.1
  4.000             *Func-resetBarColor-12047
  4.000             Wait dur 0.1
  4.100             *Func-showTrackIncLabel-12048
  4.100             *Func-resetBarColor-12049
  4.100             Wait dur 0.1
  4.200             *Func-showTrackIncLabel-12050
  4.200             *Func-resetBarColor-12051
  4.200             Wait dur 0.1
  4.300             *Func-showTrackIncLabel-12052
  4.300             *Func-incrementExp-12053
  4.300             Wait dur 0.1
  4.400             *Func-incrementExp-12054
  4.400             Wait dur 0.1
  4.500             *Func-incrementExp-12055
  4.500             Wait dur 0.1
  4.600             *Func-incrementExp-12056
  4.600             Wait dur 0.1
  4.700             *Func-incrementExp-12057
  4.700             Wait dur 0.1
  4.800             *Func-incrementExp-12058
  4.800             Wait dur 0.1
  4.900             *Func-incrementExp-12059
  4.900             Wait dur 0.1
  5.000             *Func-incrementExp-12060
  5.000             Wait dur 0.1
  5.100             *Func-incrementExp-12061
  5.100             Wait dur 0.1
  5.200             *Func-incrementExp-12062
  5.200             Wait dur 0.1
  5.300             *Func-incrementExp-12063
  5.300             Wait dur 0.1
  5.400             *Func-incrementExp-12064
  5.400             Wait dur 0.1
  5.500             *Func-incrementExp-12065
  5.500             Wait dur 0.1
  5.600             *Func-incrementExp-12066
  5.600             Wait dur 0.1
  5.700             *Func-incrementExp-12067
  5.700             Wait dur 0.1
  5.800             *Func-incrementExp-12068
  5.800             Wait dur 0.1
  5.900             *Func-incrementExp-12069
  5.900             Wait dur 0.1
  6.000             *Func-incrementExp-12070
  6.000             Wait dur 0.1
  6.100             *Func-incrementExp-12071
  6.100             Wait dur 0.1
  6.200             *Func-incrementExp-12072
  6.200             Wait dur 0.1
  6.300             *Func-incrementExp-12073
  6.300             Wait dur 0.1
  6.400             *Func-incrementExp-12074
  6.400             Wait dur 0.1
  6.500             *Func-incrementExp-12075
  6.500             Wait dur 0.1
  6.600             *Func-incrementExp-12076
  6.600             Wait dur 0.1
  6.700             *Func-incrementExp-12077
  6.700             Wait dur 0.1
  6.800             *Func-incrementExp-12078
  6.800             Wait dur 0.1
  6.900             *Func-incrementExp-12079
  6.900             Wait dur 0.1
  7.000             *Func-incrementExp-12080
  7.000             Wait dur 0.1
  7.100             *Func-incrementExp-12081
  7.100             Wait dur 0.1
  7.200             *Func-incrementExp-12082
  7.200             Wait dur 0.1
  7.300             *Func-incrementExp-12083
  7.300             Wait dur 0.1
  7.400             *Func-resetBarColor-12084
  7.400             Wait dur 0.1
  7.500             *Func-showTrackIncLabel-12085
  7.500             *Func-incrementExp-12086
  7.500             Wait dur 0.1
  7.600             *Func-incrementExp-12087
  7.600             Wait dur 0.1
  7.700             *Func-incrementExp-12088
  7.700             Wait dur 0.1
  7.800             *Func-incrementExp-12089
  7.800             Wait dur 0.1
  7.900             *Func-incrementExp-12090
  7.900             Wait dur 0.1
  8.000             *Func-incrementExp-12091
  8.000             Wait dur 0.1
  8.100             *Func-incrementExp-12092
  8.100             Wait dur 0.1
  8.200             *Func-incrementExp-12093
  8.200             Wait dur 0.1
  8.300             *Func-incrementExp-12094
  8.300             Wait dur 0.1
  8.400             *Func-incrementExp-12095
  8.400             Wait dur 0.1
  8.500             *Func-incrementExp-12096
  8.500             Wait dur 0.1
  8.600             *Func-incrementExp-12097
  8.600             Wait dur 0.1
  8.700             *Func-incrementExp-12098
  8.700             Wait dur 0.1
  8.800             *Func-incrementExp-12099
  8.800             Wait dur 0.1
  8.900             *Func-incrementExp-12100
  8.900             Wait dur 0.1
  9.000             *Func-incrementExp-12101
  9.000             Wait dur 0.1
  9.100             *Func-incrementExp-12102
  9.100             Wait dur 0.1
  9.200             *Func-incrementExp-12103
  9.200             Wait dur 0.1
  9.300             *Func-incrementExp-12104
  9.300             Wait dur 0.1
  9.400             *Func-incrementExp-12105
  9.400             Wait dur 0.1
  9.500             *Func-incrementExp-12106
  9.500             Wait dur 0.1
  9.600             *Func-incrementExp-12107
  9.600             Wait dur 0.1
  9.700             *Func-incrementExp-12108
  9.700             Wait dur 0.1
  9.800             *Func-incrementExp-12109
  9.800             Wait dur 0.1
  9.900             *Func-incrementExp-12110
  9.900             Wait dur 0.1
 10.000             *Func-incrementExp-12111
 10.000             Wait dur 0.1
 10.100             *Func-incrementExp-12112
 10.100             Wait dur 0.1
 10.200             *Func-incrementExp-12113
 10.200             Wait dur 0.1
 10.300             *Func-incrementExp-12114
 10.300             Wait dur 0.1
 10.400             *Func-incrementExp-12115
 10.400             Wait dur 0.1
 10.500             *Func-incrementExp-12116
 10.500             Wait dur 0.1
 10.600             *Func-resetBarColor-12117
 10.600             Wait dur 0.1
 10.700             *Func-showTrackIncLabel-12118
 10.700             *Func-resetBarColor-12119
 10.700             Wait dur 0.1
 10.800             *Func-showTrackIncLabel-12120
 10.800             *Func-resetBarColor-12121
 10.800             Wait dur 0.1
 10.900             *Func-incrementMerits-12122
 10.900             Wait dur 0.08
 10.980             *Func-incrementMerits-12123
 10.980             Wait dur 0.08
 11.060             *Func-incrementMerits-12124
 11.060             Wait dur 0.08
 11.140             *Func-incrementMerits-12125
 11.140             Wait dur 0.08
 11.220             *Func-incrementMerits-12126
 11.220             Wait dur 0.08
 11.300             *Func-incrementMerits-12127
 11.300             Wait dur 0.08
 11.380             *Func-incrementMerits-12128
 11.380             Wait dur 0.08
 11.460             *Func-incrementMerits-12129
 11.460             Wait dur 0.08
 11.540             *Func-incrementMerits-12130
 11.540             Wait dur 0.08
 11.620             *Func-incrementMerits-12131
 11.620             Wait dur 0.08
 11.700             *Func-incrementMerits-12132
 11.700             Wait dur 0.08
 11.780             *Func-incrementMerits-12133
 11.780             Wait dur 0.08
 11.860             *Func-incrementMerits-12134
 11.860             Wait dur 0.08
 11.940             *Func-incrementMerits-12135
 11.940             Wait dur 0.08
 12.020             *Func-incrementMerits-12136
 12.020             Wait dur 0.08
 12.100             *Func-incrementMerits-12137
 12.100             Wait dur 0.08
 12.180             *Func-incrementMerits-12138
 12.180             Wait dur 0.08
 12.260             *Func-incrementMerits-12139
 12.260             Wait dur 0.08
 12.340             *Func-incrementMerits-12140
 12.340             Wait dur 0.08
 12.420             *Func-incrementMerits-12141
 12.420             Wait dur 0.08
 12.500             *Func-incrementMerits-12142
 12.500             Wait dur 0.08
 12.580             *Func-incrementMerits-12143
 12.580             Wait dur 0.08
 12.660             *Func-incrementMerits-12144
 12.660             Wait dur 0.08
 12.740             *Func-incrementMerits-12145
 12.740             Wait dur 0.08
 12.820             *Func-incrementMerits-12146
 12.820             Wait dur 0.08
 12.900             *Func-incrementMerits-12147
 12.900             Wait dur 0.08
 12.980             *Func-incrementMerits-12148
 12.980             Wait dur 0.08
 13.060             *Func-incrementMerits-12149
 13.060             Wait dur 0.08
 13.140             *Func-incrementMerits-12150
 13.140             Wait dur 0.08
 13.220             *Func-incrementMerits-12151
 13.220             Wait dur 0.08
 13.300             *Func-incrementMerits-12152
 13.300             Wait dur 0.08
 13.380             *Func-incrementMerits-12153
 13.380             Wait dur 0.08
 13.460             *Func-incrementMerits-12154
 13.460             Wait dur 0.08
 13.540             *Func-incrementMerits-12155
 13.540             Wait dur 0.08
 13.620             *Func-incrementMerits-12156
 13.620             Wait dur 0.08
 13.700             *Func-incrementMerits-12157
 13.700             Wait dur 0.08
 13.780             *Func-incrementMerits-12158
 13.780             Wait dur 0.08
 13.860             *Func-incrementMerits-12159
 13.860             Wait dur 0.08
 13.940             *Func-incrementMerits-12160
 13.940             Wait dur 0.08
 14.020             *Func-incrementMerits-12161
 14.020             Wait dur 0.08
 14.100             *Func-incrementMerits-12162
 14.100             Wait dur 0.08
 14.180             *Func-incrementMerits-12163
 14.180             Wait dur 0.08
 14.260             *Func-incrementMerits-12164
 14.260             Wait dur 0.08
 14.340             *Func-incrementMerits-12165
 14.340             Wait dur 0.08
 14.420             *Func-incrementMerits-12166
 14.420             Wait dur 0.08
 14.500             *Func-incrementMerits-12167
 14.500             Wait dur 0.08
 14.580             *Func-incrementMerits-12168
 14.580             Wait dur 0.08
 14.660             *Func-incrementMerits-12169
 14.660             Wait dur 0.08
 14.740             *Func-incrementMerits-12170
 14.740             Wait dur 0.08
 14.820             *Func-incrementMerits-12171
 14.820             Wait dur 0.08
 14.900             *Func-incrementMerits-12172
 14.900             Wait dur 0.08
 14.980             *Func-incrementMerits-12173
 14.980             Wait dur 0.08
 15.060             *Func-incrementMerits-12174
 15.060             Wait dur 0.08
 15.140             *Func-incrementMerits-12175
 15.140             Wait dur 0.08
 15.220             *Func-incrementMerits-12176
 15.220             Wait dur 0.08
 15.300             *Func-incrementMerits-12177
 15.300             Wait dur 0.08
 15.380             *Func-incrementMerits-12178
 15.380             Wait dur 0.08
 15.460             *Func-incrementMerits-12179
 15.460             Wait dur 0.08
 15.540             *Func-incrementMerits-12180
 15.540             Wait dur 0.08
 15.620             *Func-incrementMerits-12181
 15.620             Wait dur 0.08
 15.700             *Func-incrementMerits-12182
 15.700             Wait dur 0.08
 15.780             *Func-incrementMerits-12183
 15.780             Wait dur 0.08
 15.860             *Func-incrementMerits-12184
 15.860             Wait dur 0.08
 15.940             *Func-incrementMerits-12185
 15.940             Wait dur 0.08
 16.020             *Func-incrementMerits-12186
 16.020             Wait dur 0.08
 16.100             *Func-incrementMerits-12187
 16.100             Wait dur 0.08
 16.180             *Func-incrementMerits-12188
 16.180             Wait dur 0.08
 16.260             *Func-incrementMerits-12189
 16.260             Wait dur 0.08
 16.340             *Func-incrementMerits-12190
 16.340             Wait dur 0.08
 16.420             *Func-incrementMerits-12191
 16.420             Wait dur 0.08
 16.500             *Func-incrementMerits-12192
 16.500             Wait dur 0.08
 16.580             *Func-incrementMerits-12193
 16.580             Wait dur 0.08
 16.660             *Func-incrementMerits-12194
 16.660             Wait dur 0.08
 16.740             *Func-incrementMerits-12195
 16.740             Wait dur 0.08
 16.820             *Func-incrementMerits-12196
 16.820             Wait dur 0.08
 16.900             *Func-incrementMerits-12197
 16.900             Wait dur 0.08
 16.980             *Func-incrementMerits-12198
 16.980             Wait dur 0.08
 17.060             *Func-incrementMerits-12199
 17.060             Wait dur 0.08
 17.140             *Func-incrementMerits-12200
 17.140             Wait dur 0.08
 17.220             *Func-incrementMerits-12201
 17.220             Wait dur 0.08
 17.300             *Func-incrementMerits-12202
 17.300             Wait dur 0.08
 17.380             *Func-incrementMerits-12203
 17.380             Wait dur 0.08
 17.460             *Func-incrementMerits-12204
 17.460             Wait dur 0.08
 17.540             *Func-incrementMerits-12205
 17.540             Wait dur 0.08
 17.620             *Func-resetMeritBarColor-12206
 17.620             Wait dur 0.3
 17.920             Wait dur 1
 18.920             Wait dur 0.25
 19.170           }
 19.170           *Func-_teardownSkipListen-12357
 19.170           *Func-_setupSkipListen-12358
 19.170           Sequence-14450 {
 19.170             *Func-initGagFrame-12211
 19.170             Wait dur 1
 20.170             *Func-showTrackIncLabel-12212
 20.170             *Func-incrementExp-12213
 20.170             Wait dur 0.1
 20.270             *Func-incrementExp-12214
 20.270             Wait dur 0.1
 20.370             *Func-incrementExp-12215
 20.370             Wait dur 0.1
 20.470             *Func-incrementExp-12216
 20.470             Wait dur 0.1
 20.570             *Func-incrementExp-12217
 20.570             Wait dur 0.1
 20.670             *Func-incrementExp-12218
 20.670             Wait dur 0.1
 20.770             *Func-incrementExp-12219
 20.770             Wait dur 0.1
 20.870             *Func-incrementExp-12220
 20.870             Wait dur 0.1
 20.970             *Func-incrementExp-12221
 20.970             Wait dur 0.1
 21.070             *Func-incrementExp-12222
 21.070             Wait dur 0.1
 21.170             *Func-incrementExp-12223
 21.170             Wait dur 0.1
 21.270             *Func-incrementExp-12224
 21.270             Wait dur 0.1
 21.370             *Func-incrementExp-12225
 21.370             Wait dur 0.1
 21.470             *Func-incrementExp-12226
 21.470             Wait dur 0.1
 21.570             *Func-incrementExp-12227
 21.570             Wait dur 0.1
 21.670             *Func-incrementExp-12228
 21.670             Wait dur 0.1
 21.770             *Func-incrementExp-12229
 21.770             Wait dur 0.1
 21.870             *Func-incrementExp-12230
 21.870             Wait dur 0.1
 21.970             *Func-incrementExp-12231
 21.970             Wait dur 0.1
 22.070             *Func-incrementExp-12232
 22.070             Wait dur 0.1
 22.170             *Func-incrementExp-12233
 22.170             Wait dur 0.1
 22.270             *Func-incrementExp-12234
 22.270             Wait dur 0.1
 22.370             *Func-incrementExp-12235
 22.370             Wait dur 0.1
 22.470             *Func-incrementExp-12236
 22.470             Wait dur 0.1
 22.570             *Func-incrementExp-12237
 22.570             Wait dur 0.1
 22.670             *Func-incrementExp-12238
 22.670             Wait dur 0.1
 22.770             *Func-incrementExp-12239
 22.770             Wait dur 0.1
 22.870             *Func-incrementExp-12240
 22.870             Wait dur 0.1
 22.970             *Func-resetBarColor-12241
 22.970             Wait dur 0.1
 23.070             *Func-showTrackIncLabel-12242
 23.070             *Func-incrementExp-12243
 23.070             Wait dur 0.1
 23.170             *Func-incrementExp-12244
 23.170             Wait dur 0.1
 23.270             *Func-incrementExp-12245
 23.270             Wait dur 0.1
 23.370             *Func-incrementExp-12246
 23.370             Wait dur 0.1
 23.470             *Func-incrementExp-12247
 23.470             Wait dur 0.1
 23.570             *Func-incrementExp-12248
 23.570             Wait dur 0.1
 23.670             *Func-incrementExp-12249
 23.670             Wait dur 0.1
 23.770             *Func-incrementExp-12250
 23.770             Wait dur 0.1
 23.870             *Func-incrementExp-12251
 23.870             Wait dur 0.1
 23.970             *Func-incrementExp-12252
 23.970             Wait dur 0.1
 24.070             *Func-incrementExp-12253
 24.070             Wait dur 0.1
 24.170             *Func-incrementExp-12254
 24.170             Wait dur 0.1
 24.270             *Func-incrementExp-12255
 24.270             Wait dur 0.1
 24.370             *Func-incrementExp-12256
 24.370             Wait dur 0.1
 24.470             *Func-incrementExp-12257
 24.470             Wait dur 0.1
 24.570             *Func-incrementExp-12258
 24.570             Wait dur 0.1
 24.670             *Func-incrementExp-12259
 24.670             Wait dur 0.1
 24.770             *Func-incrementExp-12260
 24.770             Wait dur 0.1
 24.870             *Func-incrementExp-12261
 24.870             Wait dur 0.1
 24.970             *Func-incrementExp-12262
 24.970             Wait dur 0.1
 25.070             *Func-incrementExp-12263
 25.070             Wait dur 0.1
 25.170             *Func-incrementExp-12264
 25.170             Wait dur 0.1
 25.270             *Func-incrementExp-12265
 25.270             Wait dur 0.1
 25.370             *Func-incrementExp-12266
 25.370             Wait dur 0.1
 25.470             *Func-incrementExp-12267
 25.470             Wait dur 0.1
 25.570             *Func-incrementExp-12268
 25.570             Wait dur 0.1
 25.670             *Func-incrementExp-12269
 25.670             Wait dur 0.1
 25.770             *Func-incrementExp-12270
 25.770             Wait dur 0.1
 25.870             *Func-resetBarColor-12271
 25.870             Wait dur 0.1
 25.970             *Func-incrementMerits-12272
 25.970             Wait dur 0.08
 26.050             *Func-incrementMerits-12273
 26.050             Wait dur 0.08
 26.130             *Func-incrementMerits-12274
 26.130             Wait dur 0.08
 26.210             *Func-incrementMerits-12275
 26.210             Wait dur 0.08
 26.290             *Func-incrementMerits-12276
 26.290             Wait dur 0.08
 26.370             *Func-incrementMerits-12277
 26.370             Wait dur 0.08
 26.450             *Func-incrementMerits-12278
 26.450             Wait dur 0.08
 26.530             *Func-incrementMerits-12279
 26.530             Wait dur 0.08
 26.610             *Func-incrementMerits-12280
 26.610             Wait dur 0.08
 26.690             *Func-incrementMerits-12281
 26.690             Wait dur 0.08
 26.770             *Func-incrementMerits-12282
 26.770             Wait dur 0.08
 26.850             *Func-incrementMerits-12283
 26.850             Wait dur 0.08
 26.930             *Func-incrementMerits-12284
 26.930             Wait dur 0.08
 27.010             *Func-incrementMerits-12285
 27.010             Wait dur 0.08
 27.090             *Func-incrementMerits-12286
 27.090             Wait dur 0.08
 27.170             *Func-incrementMerits-12287
 27.170             Wait dur 0.08
 27.250             *Func-incrementMerits-12288
 27.250             Wait dur 0.08
 27.330             *Func-incrementMerits-12289
 27.330             Wait dur 0.08
 27.410             *Func-incrementMerits-12290
 27.410             Wait dur 0.08
 27.490             *Func-incrementMerits-12291
 27.490             Wait dur 0.08
 27.570             *Func-incrementMerits-12292
 27.570             Wait dur 0.08
 27.650             *Func-incrementMerits-12293
 27.650             Wait dur 0.08
 27.730             *Func-incrementMerits-12294
 27.730             Wait dur 0.08
 27.810             *Func-incrementMerits-12295
 27.810             Wait dur 0.08
 27.890             *Func-incrementMerits-12296
 27.890             Wait dur 0.08
 27.970             *Func-incrementMerits-12297
 27.970             Wait dur 0.08
 28.050             *Func-incrementMerits-12298
 28.050             Wait dur 0.08
 28.130             *Func-incrementMerits-12299
 28.130             Wait dur 0.08
 28.210             *Func-incrementMerits-12300
 28.210             Wait dur 0.08
 28.290             *Func-incrementMerits-12301
 28.290             Wait dur 0.08
 28.370             *Func-incrementMerits-12302
 28.370             Wait dur 0.08
 28.450             *Func-incrementMerits-12303
 28.450             Wait dur 0.08
 28.530             *Func-incrementMerits-12304
 28.530             Wait dur 0.08
 28.610             *Func-incrementMerits-12305
 28.610             Wait dur 0.08
 28.690             *Func-incrementMerits-12306
 28.690             Wait dur 0.08
 28.770             *Func-incrementMerits-12307
 28.770             Wait dur 0.08
 28.850             *Func-incrementMerits-12308
 28.850             Wait dur 0.08
 28.930             *Func-incrementMerits-12309
 28.930             Wait dur 0.08
 29.010             *Func-incrementMerits-12310
 29.010             Wait dur 0.08
 29.090             *Func-incrementMerits-12311
 29.090             Wait dur 0.08
 29.170             *Func-incrementMerits-12312
 29.170             Wait dur 0.08
 29.250             *Func-incrementMerits-12313
 29.250             Wait dur 0.08
 29.330             *Func-incrementMerits-12314
 29.330             Wait dur 0.08
 29.410             *Func-incrementMerits-12315
 29.410             Wait dur 0.08
 29.490             *Func-incrementMerits-12316
 29.490             Wait dur 0.08
 29.570             *Func-incrementMerits-12317
 29.570             Wait dur 0.08
 29.650             *Func-incrementMerits-12318
 29.650             Wait dur 0.08
 29.730             *Func-incrementMerits-12319
 29.730             Wait dur 0.08
 29.810             *Func-incrementMerits-12320
 29.810             Wait dur 0.08
 29.890             *Func-incrementMerits-12321
 29.890             Wait dur 0.08
 29.970             *Func-incrementMerits-12322
 29.970             Wait dur 0.08
 30.050             *Func-incrementMerits-12323
 30.050             Wait dur 0.08
 30.130             *Func-incrementMerits-12324
 30.130             Wait dur 0.08
 30.210             *Func-incrementMerits-12325
 30.210             Wait dur 0.08
 30.290             *Func-incrementMerits-12326
 30.290             Wait dur 0.08
 30.370             *Func-incrementMerits-12327
 30.370             Wait dur 0.08
 30.450             *Func-incrementMerits-12328
 30.450             Wait dur 0.08
 30.530             *Func-incrementMerits-12329
 30.530             Wait dur 0.08
 30.610             *Func-incrementMerits-12330
 30.610             Wait dur 0.08
 30.690             *Func-incrementMerits-12331
 30.690             Wait dur 0.08
 30.770             *Func-incrementMerits-12332
 30.770             Wait dur 0.08
 30.850             *Func-incrementMerits-12333
 30.850             Wait dur 0.08
 30.930             *Func-incrementMerits-12334
 30.930             Wait dur 0.08
 31.010             *Func-incrementMerits-12335
 31.010             Wait dur 0.08
 31.090             *Func-incrementMerits-12336
 31.090             Wait dur 0.08
 31.170             *Func-incrementMerits-12337
 31.170             Wait dur 0.08
 31.250             *Func-incrementMerits-12338
 31.250             Wait dur 0.08
 31.330             *Func-incrementMerits-12339
 31.330             Wait dur 0.08
 31.410             *Func-incrementMerits-12340
 31.410             Wait dur 0.08
 31.490             *Func-incrementMerits-12341
 31.490             Wait dur 0.08
 31.570             *Func-incrementMerits-12342
 31.570             Wait dur 0.08
 31.650             *Func-incrementMerits-12343
 31.650             Wait dur 0.08
 31.730             *Func-incrementMerits-12344
 31.730             Wait dur 0.08
 31.810             *Func-incrementMerits-12345
 31.810             Wait dur 0.08
 31.890             *Func-incrementMerits-12346
 31.890             Wait dur 0.08
 31.970             *Func-incrementMerits-12347
 31.970             Wait dur 0.08
 32.050             *Func-incrementMerits-12348
 32.050             Wait dur 0.08
 32.130             *Func-incrementMerits-12349
 32.130             Wait dur 0.08
 32.210             *Func-incrementMerits-12350
 32.210             Wait dur 0.08
 32.290             *Func-incrementMerits-12351
 32.290             Wait dur 0.08
 32.370             *Func-incrementMerits-12352
 32.370             Wait dur 0.08
 32.450             *Func-incrementMerits-12353
 32.450             Wait dur 0.08
 32.530             *Func-incrementMerits-12354
 32.530             Wait dur 0.08
 32.610             *Func-incrementMerits-12355
 32.610             Wait dur 0.08
 32.690             *Func-resetMeritBarColor-12356
 32.690             Wait dur 0.3
 32.990             Wait dur 1
 33.990             Wait dur 0.25
 34.240           }
 34.240           *Func-_teardownSkipListen-12552
 34.240           *Func-_setupSkipListen-12553
 34.240           Sequence-14453 {
 34.240             *Func-initGagFrame-12361
 34.240             Wait dur 1
 35.240             *Func-showTrackIncLabel-12362
 35.240             *Func-incrementExp-12363
 35.240             Wait dur 0.1
 35.340             *Func-incrementExp-12364
 35.340             Wait dur 0.1
 35.440             *Func-incrementExp-12365
 35.440             Wait dur 0.1
 35.540             *Func-incrementExp-12366
 35.540             Wait dur 0.1
 35.640             *Func-incrementExp-12367
 35.640             Wait dur 0.1
 35.740             *Func-incrementExp-12368
 35.740             Wait dur 0.1
 35.840             *Func-incrementExp-12369
 35.840             Wait dur 0.1
 35.940             *Func-incrementExp-12370
 35.940             Wait dur 0.1
 36.040             *Func-incrementExp-12371
 36.040             Wait dur 0.1
 36.140             *Func-incrementExp-12372
 36.140             Wait dur 0.1
 36.240             *Func-incrementExp-12373
 36.240             Wait dur 0.1
 36.340             *Func-incrementExp-12374
 36.340             Wait dur 0.1
 36.440             *Func-incrementExp-12375
 36.440             Wait dur 0.1
 36.540             *Func-incrementExp-12376
 36.540             Wait dur 0.1
 36.640             *Func-incrementExp-12377
 36.640             Wait dur 0.1
 36.740             *Func-incrementExp-12378
 36.740             Wait dur 0.1
 36.840             *Func-incrementExp-12379
 36.840             Wait dur 0.1
 36.940             *Func-incrementExp-12380
 36.940             Wait dur 0.1
 37.040             *Func-incrementExp-12381
 37.040             Wait dur 0.1
 37.140             *Func-incrementExp-12382
 37.140             Wait dur 0.1
 37.240             *Func-incrementExp-12383
 37.240             Wait dur 0.1
 37.340             *Func-incrementExp-12384
 37.340             Wait dur 0.1
 37.440             *Func-incrementExp-12385
 37.440             Wait dur 0.1
 37.540             *Func-incrementExp-12386
 37.540             Wait dur 0.1
 37.640             *Func-incrementExp-12387
 37.640             Wait dur 0.1
 37.740             *Func-incrementExp-12388
 37.740             Wait dur 0.1
 37.840             *Func-incrementExp-12389
 37.840             Wait dur 0.1
 37.940             *Func-incrementExp-12390
 37.940             Wait dur 0.1
 38.040             *Func-incrementExp-12391
 38.040             Wait dur 0.1
 38.140             *Func-incrementExp-12392
 38.140             Wait dur 0.1
 38.240             *Func-incrementExp-12393
 38.240             Wait dur 0.1
 38.340             *Func-resetBarColor-12394
 38.340             Wait dur 0.1
 38.440             *Func-showTrackIncLabel-12395
 38.440             *Func-incrementExp-12396
 38.440             Wait dur 0.1
 38.540             *Func-incrementExp-12397
 38.540             Wait dur 0.1
 38.640             *Func-incrementExp-12398
 38.640             Wait dur 0.1
 38.740             *Func-incrementExp-12399
 38.740             Wait dur 0.1
 38.840             *Func-incrementExp-12400
 38.840             Wait dur 0.1
 38.940             *Func-incrementExp-12401
 38.940             Wait dur 0.1
 39.040             *Func-incrementExp-12402
 39.040             Wait dur 0.1
 39.140             *Func-incrementExp-12403
 39.140             Wait dur 0.1
 39.240             *Func-incrementExp-12404
 39.240             Wait dur 0.1
 39.340             *Func-incrementExp-12405
 39.340             Wait dur 0.1
 39.440             *Func-incrementExp-12406
 39.440             Wait dur 0.1
 39.540             *Func-incrementExp-12407
 39.540             Wait dur 0.1
 39.640             *Func-incrementExp-12408
 39.640             Wait dur 0.1
 39.740             *Func-incrementExp-12409
 39.740             Wait dur 0.1
 39.840             *Func-incrementExp-12410
 39.840             Wait dur 0.1
 39.940             *Func-incrementExp-12411
 39.940             Wait dur 0.1
 40.040             *Func-incrementExp-12412
 40.040             Wait dur 0.1
 40.140             *Func-incrementExp-12413
 40.140             Wait dur 0.1
 40.240             *Func-incrementExp-12414
 40.240             Wait dur 0.1
 40.340             *Func-incrementExp-12415
 40.340             Wait dur 0.1
 40.440             *Func-incrementExp-12416
 40.440             Wait dur 0.1
 40.540             *Func-incrementExp-12417
 40.540             Wait dur 0.1
 40.640             *Func-incrementExp-12418
 40.640             Wait dur 0.1
 40.740             *Func-incrementExp-12419
 40.740             Wait dur 0.1
 40.840             *Func-incrementExp-12420
 40.840             Wait dur 0.1
 40.940             *Func-incrementExp-12421
 40.940             Wait dur 0.1
 41.040             *Func-incrementExp-12422
 41.040             Wait dur 0.1
 41.140             *Func-incrementExp-12423
 41.140             Wait dur 0.1
 41.240             *Func-incrementExp-12424
 41.240             Wait dur 0.1
 41.340             *Func-incrementExp-12425
 41.340             Wait dur 0.1
 41.440             *Func-incrementExp-12426
 41.440             Wait dur 0.1
 41.540             *Func-incrementExp-12427
 41.540             Wait dur 0.1
 41.640             *Func-incrementExp-12428
 41.640             Wait dur 0.1
 41.740             *Func-incrementExp-12429
 41.740             Wait dur 0.1
 41.840             *Func-incrementExp-12430
 41.840             Wait dur 0.1
 41.940             *Func-incrementExp-12431
 41.940             Wait dur 0.1
 42.040             *Func-incrementExp-12432
 42.040             Wait dur 0.1
 42.140             *Func-incrementExp-12433
 42.140             Wait dur 0.1
 42.240             *Func-resetBarColor-12434
 42.240             Wait dur 0.1
 42.340             *Func-showTrackIncLabel-12435
 42.340             *Func-incrementExp-12436
 42.340             Wait dur 0.1
 42.440             *Func-incrementExp-12437
 42.440             Wait dur 0.1
 42.540             *Func-incrementExp-12438
 42.540             Wait dur 0.1
 42.640             *Func-incrementExp-12439
 42.640             Wait dur 0.1
 42.740             *Func-incrementExp-12440
 42.740             Wait dur 0.1
 42.840             *Func-incrementExp-12441
 42.840             Wait dur 0.1
 42.940             *Func-incrementExp-12442
 42.940             Wait dur 0.1
 43.040             *Func-incrementExp-12443
 43.040             Wait dur 0.1
 43.140             *Func-incrementExp-12444
 43.140             Wait dur 0.1
 43.240             *Func-incrementExp-12445
 43.240             Wait dur 0.1
 43.340             *Func-incrementExp-12446
 43.340             Wait dur 0.1
 43.440             *Func-incrementExp-12447
 43.440             Wait dur 0.1
 43.540             *Func-incrementExp-12448
 43.540             Wait dur 0.1
 43.640             *Func-incrementExp-12449
 43.640             Wait dur 0.1
 43.740             *Func-incrementExp-12450
 43.740             Wait dur 0.1
 43.840             *Func-incrementExp-12451
 43.840             Wait dur 0.1
 43.940             *Func-incrementExp-12452
 43.940             Wait dur 0.1
 44.040             *Func-incrementExp-12453
 44.040             Wait dur 0.1
 44.140             *Func-incrementExp-12454
 44.140             Wait dur 0.1
 44.240             *Func-incrementExp-12455
 44.240             Wait dur 0.1
 44.340             *Func-incrementExp-12456
 44.340             Wait dur 0.1
 44.440             *Func-incrementExp-12457
 44.440             Wait dur 0.1
 44.540             *Func-incrementExp-12458
 44.540             Wait dur 0.1
 44.640             *Func-incrementExp-12459
 44.640             Wait dur 0.1
 44.740             *Func-incrementExp-12460
 44.740             Wait dur 0.1
 44.840             *Func-incrementExp-12461
 44.840             Wait dur 0.1
 44.940             *Func-incrementExp-12462
 44.940             Wait dur 0.1
 45.040             *Func-incrementExp-12463
 45.040             Wait dur 0.1
 45.140             *Func-incrementExp-12464
 45.140             Wait dur 0.1
 45.240             *Func-incrementExp-12465
 45.240             Wait dur 0.1
 45.340             *Func-incrementExp-12466
 45.340             Wait dur 0.1
 45.440             *Func-resetBarColor-12467
 45.440             Wait dur 0.1
 45.540             *Func-incrementMerits-12468
 45.540             Wait dur 0.08
 45.620             *Func-incrementMerits-12469
 45.620             Wait dur 0.08
 45.700             *Func-incrementMerits-12470
 45.700             Wait dur 0.08
 45.780             *Func-incrementMerits-12471
 45.780             Wait dur 0.08
 45.860             *Func-incrementMerits-12472
 45.860             Wait dur 0.08
 45.940             *Func-incrementMerits-12473
 45.940             Wait dur 0.08
 46.020             *Func-incrementMerits-12474
 46.020             Wait dur 0.08
 46.100             *Func-incrementMerits-12475
 46.100             Wait dur 0.08
 46.180             *Func-incrementMerits-12476
 46.180             Wait dur 0.08
 46.260             *Func-incrementMerits-12477
 46.260             Wait dur 0.08
 46.340             *Func-incrementMerits-12478
 46.340             Wait dur 0.08
 46.420             *Func-incrementMerits-12479
 46.420             Wait dur 0.08
 46.500             *Func-incrementMerits-12480
 46.500             Wait dur 0.08
 46.580             *Func-incrementMerits-12481
 46.580             Wait dur 0.08
 46.660             *Func-incrementMerits-12482
 46.660             Wait dur 0.08
 46.740             *Func-incrementMerits-12483
 46.740             Wait dur 0.08
 46.820             *Func-incrementMerits-12484
 46.820             Wait dur 0.08
 46.900             *Func-incrementMerits-12485
 46.900             Wait dur 0.08
 46.980             *Func-incrementMerits-12486
 46.980             Wait dur 0.08
 47.060             *Func-incrementMerits-12487
 47.060             Wait dur 0.08
 47.140             *Func-incrementMerits-12488
 47.140             Wait dur 0.08
 47.220             *Func-incrementMerits-12489
 47.220             Wait dur 0.08
 47.300             *Func-incrementMerits-12490
 47.300             Wait dur 0.08
 47.380             *Func-incrementMerits-12491
 47.380             Wait dur 0.08
 47.460             *Func-incrementMerits-12492
 47.460             Wait dur 0.08
 47.540             *Func-incrementMerits-12493
 47.540             Wait dur 0.08
 47.620             *Func-incrementMerits-12494
 47.620             Wait dur 0.08
 47.700             *Func-incrementMerits-12495
 47.700             Wait dur 0.08
 47.780             *Func-incrementMerits-12496
 47.780             Wait dur 0.08
 47.860             *Func-incrementMerits-12497
 47.860             Wait dur 0.08
 47.940             *Func-incrementMerits-12498
 47.940             Wait dur 0.08
 48.020             *Func-incrementMerits-12499
 48.020             Wait dur 0.08
 48.100             *Func-incrementMerits-12500
 48.100             Wait dur 0.08
 48.180             *Func-incrementMerits-12501
 48.180             Wait dur 0.08
 48.260             *Func-incrementMerits-12502
 48.260             Wait dur 0.08
 48.340             *Func-incrementMerits-12503
 48.340             Wait dur 0.08
 48.420             *Func-incrementMerits-12504
 48.420             Wait dur 0.08
 48.500             *Func-incrementMerits-12505
 48.500             Wait dur 0.08
 48.580             *Func-incrementMerits-12506
 48.580             Wait dur 0.08
 48.660             *Func-incrementMerits-12507
 48.660             Wait dur 0.08
 48.740             *Func-incrementMerits-12508
 48.740             Wait dur 0.08
 48.820             *Func-incrementMerits-12509
 48.820             Wait dur 0.08
 48.900             *Func-incrementMerits-12510
 48.900             Wait dur 0.08
 48.980             *Func-incrementMerits-12511
 48.980             Wait dur 0.08
 49.060             *Func-incrementMerits-12512
 49.060             Wait dur 0.08
 49.140             *Func-incrementMerits-12513
 49.140             Wait dur 0.08
 49.220             *Func-incrementMerits-12514
 49.220             Wait dur 0.08
 49.300             *Func-incrementMerits-12515
 49.300             Wait dur 0.08
 49.380             *Func-incrementMerits-12516
 49.380             Wait dur 0.08
 49.460             *Func-incrementMerits-12517
 49.460             Wait dur 0.08
 49.540             *Func-incrementMerits-12518
 49.540             Wait dur 0.08
 49.620             *Func-incrementMerits-12519
 49.620             Wait dur 0.08
 49.700             *Func-incrementMerits-12520
 49.700             Wait dur 0.08
 49.780             *Func-incrementMerits-12521
 49.780             Wait dur 0.08
 49.860             *Func-incrementMerits-12522
 49.860             Wait dur 0.08
 49.940             *Func-incrementMerits-12523
 49.940             Wait dur 0.08
 50.020             *Func-incrementMerits-12524
 50.020             Wait dur 0.08
 50.100             *Func-incrementMerits-12525
 50.100             Wait dur 0.08
 50.180             *Func-incrementMerits-12526
 50.180             Wait dur 0.08
 50.260             *Func-incrementMerits-12527
 50.260             Wait dur 0.08
 50.340             *Func-incrementMerits-12528
 50.340             Wait dur 0.08
 50.420             *Func-incrementMerits-12529
 50.420             Wait dur 0.08
 50.500             *Func-incrementMerits-12530
 50.500             Wait dur 0.08
 50.580             *Func-incrementMerits-12531
 50.580             Wait dur 0.08
 50.660             *Func-incrementMerits-12532
 50.660             Wait dur 0.08
 50.740             *Func-incrementMerits-12533
 50.740             Wait dur 0.08
 50.820             *Func-incrementMerits-12534
 50.820             Wait dur 0.08
 50.900             *Func-incrementMerits-12535
 50.900             Wait dur 0.08
 50.980             *Func-incrementMerits-12536
 50.980             Wait dur 0.08
 51.060             *Func-incrementMerits-12537
 51.060             Wait dur 0.08
 51.140             *Func-incrementMerits-12538
 51.140             Wait dur 0.08
 51.220             *Func-incrementMerits-12539
 51.220             Wait dur 0.08
 51.300             *Func-incrementMerits-12540
 51.300             Wait dur 0.08
 51.380             *Func-incrementMerits-12541
 51.380             Wait dur 0.08
 51.460             *Func-incrementMerits-12542
 51.460             Wait dur 0.08
 51.540             *Func-incrementMerits-12543
 51.540             Wait dur 0.08
 51.620             *Func-incrementMerits-12544
 51.620             Wait dur 0.08
 51.700             *Func-incrementMerits-12545
 51.700             Wait dur 0.08
 51.780             *Func-incrementMerits-12546
 51.780             Wait dur 0.08
 51.860             *Func-incrementMerits-12547
 51.860             Wait dur 0.08
 51.940             *Func-incrementMerits-12548
 51.940             Wait dur 0.08
 52.020             *Func-incrementMerits-12549
 52.020             Wait dur 0.08
 52.100             *Func-incrementMerits-12550
 52.100             Wait dur 0.08
 52.180             *Func-resetMeritBarColor-12551
 52.180             Wait dur 0.3
 52.480             Wait dur 1
 53.480             Wait dur 0.25
 53.730           }
 53.730           *Func-_teardownSkipListen-12556
 53.730           *Func-destroy-12557
 53.730           *Func-hide-12558
 53.730           *Func-setOnscreenChatForced-12559
 53.730           Sequence-14446 {
 53.730           }
 53.730         }
  0.000         *Sound-2133 dur 53.73
 53.730       }
 53.730       *Func-__handleCountryClubRewardDone-12560
 53.730     }
 53.730   }
  0.000   Sequence-14443 {
  0.000     Sequence-14445 {
  0.000       Sequence-14449 {
  0.000         *Func-chooseRewardShotNow-12210
  0.000         Wait dur 19.17
 19.170       }
 19.170       Sequence-14452 {
 19.170         *Func-chooseRewardShotNow-12360
 19.170         Wait dur 15.07
 34.240       }
 34.240       Sequence-14455 {
 34.240         *Func-chooseRewardShotNow-12555
 34.240         Wait dur 19.49
 53.730       }
 53.730     }
 53.730   }
 53.730 }

Traceback (most recent call last):
  File "C:\Panda3D-1.10.0\direct\showbase\EventManager.py", line 52, in eventLoopTask
    self.doEvents()
  File "C:\Panda3D-1.10.0\direct\showbase\EventManager.py", line 46, in doEvents
    processFunc(self.eventQueue.dequeueEvent())
  File "C:\Panda3D-1.10.0\direct\showbase\EventManager.py", line 103, in processEvent
    messenger.send(eventName, paramList)
  File "C:\Panda3D-1.10.0\direct\showbase\Messenger.py", line 326, in send
    self.__dispatch(acceptorDict, event, sentArgs, foundWatch)
  File "C:\Panda3D-1.10.0\direct\showbase\Messenger.py", line 411, in __dispatch
    method (*(extraArgs + sentArgs))
  File "C:\Panda3D-1.10.0\direct\showbase\ShowBase.py", line 2665, in windowEvent
    self.userExit()
  File "toontown\toonbase\ToonBase.py", line 400, in userExit
    self.cr.dumpAllSubShardObjects()
  File "toontown\distributed\ToontownClientRepository.py", line 556, in dumpAllSubShardObjects
    self.deleteObject(doId)
  File "toontown\distributed\ToontownClientRepository.py", line 906, in deleteObject
    obj.deleteOrDelay()
  File "C:\Panda3D-1.10.0\direct\distributed\DistributedObject.py", line 199, in deleteOrDelay
    self.disableAnnounceAndDelete()
  File "C:\Panda3D-1.10.0\direct\distributed\DistributedObject.py", line 202, in disableAnnounceAndDelete
    self.disableAndAnnounce()
  File "C:\Panda3D-1.10.0\direct\distributed\DistributedObject.py", line 228, in disableAndAnnounce
    self.disable()
  File "toontown\coghq\DistributedLevelBattle.py", line 65, in disable
    DistributedBattle.DistributedBattle.disable(self)
  File "toontown\battle\DistributedBattle.py", line 34, in disable
    DistributedBattleBase.DistributedBattleBase.disable(self)
  File "toontown\battle\DistributedBattleBase.py", line 133, in disable
    self.cleanupBattle()
  File "toontown\battle\DistributedBattleBase.py", line 145, in cleanupBattle
    self.fsm.requestFinalState()
  File "C:\Panda3D-1.10.0\direct\fsm\ClassicFSM.py", line 151, in requestFinalState
    self.request(self.getFinalState().getName())
  File "C:\Panda3D-1.10.0\direct\fsm\ClassicFSM.py", line 302, in request
    exitArgList)
  File "C:\Panda3D-1.10.0\direct\fsm\ClassicFSM.py", line 230, in __transition
    self.__exitCurrent(exitArgList)
  File "C:\Panda3D-1.10.0\direct\fsm\ClassicFSM.py", line 188, in __exitCurrent
    self.__currentState.exit(argList)
  File "C:\Panda3D-1.10.0\direct\fsm\State.py", line 213, in exit
    apply(self.__exitFunc, argList)
  File "toontown\coghq\DistributedCountryClubBattle.py", line 48, in exitCountryClubReward
    self.movie.resetReward(finish=1)
  File "toontown\battle\Movie.py", line 222, in resetReward
    self.stop()
  File "toontown\battle\Movie.py", line 366, in stop
    self.track.finish()
  File "C:\Panda3D-1.10.0\direct\interval\MetaInterval.py", line 391, in finish
    self.privPostEvent()
  File "C:\Panda3D-1.10.0\direct\interval\MetaInterval.py", line 519, in privPostEvent
    self.__doPythonCallbacks()
  File "C:\Panda3D-1.10.0\direct\interval\MetaInterval.py", line 495, in __doPythonCallbacks
    ival.privDoEvent(t, eventType)
  File "C:\Panda3D-1.10.0\direct\interval\Interval.py", line 206, in privDoEvent
    self.privInstant()
  File "C:\Panda3D-1.10.0\direct\interval\FunctionInterval.py", line 88, in privInstant
    self.function(*self.extraArgs, **self.kw)
  File "toontown\coghq\DistributedCountryClubBattle.py", line 44, in __handleCountryClubRewardDone
    self.fsm.request('Resume')
  File "C:\Panda3D-1.10.0\direct\fsm\ClassicFSM.py", line 246, in request
    assert not self.__internalStateInFlux
AssertionError
Traceback (most recent call last):
  File "otp\otpbase\OTPBase.py", line 34, in run
    taskMgr.run()
  File "C:\Panda3D-1.10.0\direct\task\Task.py", line 508, in run
    self.step()
  File "C:\Panda3D-1.10.0\direct\task\Task.py", line 465, in step
    self.mgr.poll()
  File "C:\Panda3D-1.10.0\direct\showbase\EventManager.py", line 52, in eventLoopTask
    self.doEvents()
  File "C:\Panda3D-1.10.0\direct\showbase\EventManager.py", line 46, in doEvents
    processFunc(self.eventQueue.dequeueEvent())
  File "C:\Panda3D-1.10.0\direct\showbase\EventManager.py", line 103, in processEvent
    messenger.send(eventName, paramList)
  File "C:\Panda3D-1.10.0\direct\showbase\Messenger.py", line 326, in send
    self.__dispatch(acceptorDict, event, sentArgs, foundWatch)
  File "C:\Panda3D-1.10.0\direct\showbase\Messenger.py", line 411, in __dispatch
    method (*(extraArgs + sentArgs))
  File "C:\Panda3D-1.10.0\direct\showbase\ShowBase.py", line 2665, in windowEvent
    self.userExit()
  File "toontown\toonbase\ToonBase.py", line 400, in userExit
    self.cr.dumpAllSubShardObjects()
  File "toontown\distributed\ToontownClientRepository.py", line 556, in dumpAllSubShardObjects
    self.deleteObject(doId)
  File "toontown\distributed\ToontownClientRepository.py", line 906, in deleteObject
    obj.deleteOrDelay()
  File "C:\Panda3D-1.10.0\direct\distributed\DistributedObject.py", line 199, in deleteOrDelay
    self.disableAnnounceAndDelete()
  File "C:\Panda3D-1.10.0\direct\distributed\DistributedObject.py", line 202, in disableAnnounceAndDelete
    self.disableAndAnnounce()
  File "C:\Panda3D-1.10.0\direct\distributed\DistributedObject.py", line 228, in disableAndAnnounce
    self.disable()
  File "toontown\coghq\DistributedLevelBattle.py", line 65, in disable
    DistributedBattle.DistributedBattle.disable(self)
  File "toontown\battle\DistributedBattle.py", line 34, in disable
    DistributedBattleBase.DistributedBattleBase.disable(self)
  File "toontown\battle\DistributedBattleBase.py", line 133, in disable
    self.cleanupBattle()
  File "toontown\battle\DistributedBattleBase.py", line 145, in cleanupBattle
    self.fsm.requestFinalState()
  File "C:\Panda3D-1.10.0\direct\fsm\ClassicFSM.py", line 151, in requestFinalState
    self.request(self.getFinalState().getName())
  File "C:\Panda3D-1.10.0\direct\fsm\ClassicFSM.py", line 302, in request
    exitArgList)
  File "C:\Panda3D-1.10.0\direct\fsm\ClassicFSM.py", line 230, in __transition
    self.__exitCurrent(exitArgList)
  File "C:\Panda3D-1.10.0\direct\fsm\ClassicFSM.py", line 188, in __exitCurrent
    self.__currentState.exit(argList)
  File "C:\Panda3D-1.10.0\direct\fsm\State.py", line 213, in exit
    apply(self.__exitFunc, argList)
  File "toontown\coghq\DistributedCountryClubBattle.py", line 48, in exitCountryClubReward
    self.movie.resetReward(finish=1)
  File "toontown\battle\Movie.py", line 222, in resetReward
    self.stop()
  File "toontown\battle\Movie.py", line 366, in stop
    self.track.finish()
  File "C:\Panda3D-1.10.0\direct\interval\MetaInterval.py", line 391, in finish
    self.privPostEvent()
  File "C:\Panda3D-1.10.0\direct\interval\MetaInterval.py", line 519, in privPostEvent
    self.__doPythonCallbacks()
  File "C:\Panda3D-1.10.0\direct\interval\MetaInterval.py", line 495, in __doPythonCallbacks
    ival.privDoEvent(t, eventType)
  File "C:\Panda3D-1.10.0\direct\interval\Interval.py", line 206, in privDoEvent
    self.privInstant()
  File "C:\Panda3D-1.10.0\direct\interval\FunctionInterval.py", line 88, in privInstant
    self.function(*self.extraArgs, **self.kw)
  File "toontown\coghq\DistributedCountryClubBattle.py", line 44, in __handleCountryClubRewardDone
    self.fsm.request('Resume')
  File "C:\Panda3D-1.10.0\direct\fsm\ClassicFSM.py", line 246, in request
    assert not self.__internalStateInFlux
AssertionError
