TTLocalizer: Running in language: English
OTPLocalizer: Running in language: English
Preloading suits...
Preloading Toon heads...
Preloading avatars...
{401000001: <toontown.distributed.ToontownDistrict.ToontownDistrict instance at 0x1D080C10>}
__handleAvatarChooserDone: 100000070, 'Master Cool Cat', ('csl', 'ms', 's', 'm', (0.3, 0.3, 0.35, 1.0), (0.54, 0.28, 0.75, 1.0), (0.3, 0.3, 0.35, 1.0), (0.3, 0.3, 0.35, 1.0), 111, 27, 98, 27, 41, 27), 3
entered wait for zone redirect
entered wait for set zone response - 2
Reading DNA file... phase_4/dna/storage.pdna
Reading DNA file... phase_3.5/dna/storage_interior.pdna
Reading DNA file... phase_6/dna/storage_MM.pdna
Reading DNA file... phase_6/dna/storage_MM_sz.pdna
Reading DNA file... phase_6/dna/minnies_melody_land_sz.pdna
entered wait for zone redirect
entered wait for set zone response - 2
Reading DNA file... phase_5/dna/storage_town.pdna
Reading DNA file... phase_6/dna/storage_MM_town.pdna
Reading DNA file... phase_6/dna/minnies_melody_land_4100.pdna
entered wait for zone redirect
entered wait for set zone response - 2
Exception occurred while processing Func-__handleBuildingRewardDone-2748 of movie-reward-track-with-cam-401004408:
movie-reward-track-with-cam-401004408:
  0.000 movie-reward-track-with-cam-401004408 {
  0.000   movie-reward-track-401004408 {
  0.000     Sequence-2179 {
  0.000       Parallel-2187 {
  0.000         Sequence-2181 {
  0.000           *Func-show-2381
  0.000           *Func-setOnscreenChatForced-2382
  0.000           *Func-_setupSkipListen-2383
  0.000           *Func-_teardownSkipListen-2740
  0.000           *Func-_setupSkipListen-2741
  0.000           Sequence-2184 {
  0.000             *Func-initGagFrame-2384
  0.000             Wait dur 1
  1.000             *Func-showTrackIncLabel-2385
  1.000             *Func-incrementExp-2386
  1.000             Wait dur 0.1
  1.100             *Func-incrementExp-2387
  1.100             Wait dur 0.1
  1.200             *Func-incrementExp-2388
  1.200             Wait dur 0.1
  1.300             *Func-incrementExp-2389
  1.300             Wait dur 0.1
  1.400             *Func-incrementExp-2390
  1.400             Wait dur 0.1
  1.500             *Func-incrementExp-2391
  1.500             Wait dur 0.1
  1.600             *Func-incrementExp-2392
  1.600             Wait dur 0.1
  1.700             *Func-incrementExp-2393
  1.700             Wait dur 0.1
  1.800             *Func-incrementExp-2394
  1.800             Wait dur 0.1
  1.900             *Func-incrementExp-2395
  1.900             Wait dur 0.1
  2.000             *Func-incrementExp-2396
  2.000             Wait dur 0.1
  2.100             *Func-incrementExp-2397
  2.100             Wait dur 0.1
  2.200             *Func-incrementExp-2398
  2.200             Wait dur 0.1
  2.300             *Func-incrementExp-2399
  2.300             Wait dur 0.1
  2.400             *Func-incrementExp-2400
  2.400             Wait dur 0.1
  2.500             *Func-incrementExp-2401
  2.500             Wait dur 0.1
  2.600             *Func-incrementExp-2402
  2.600             Wait dur 0.1
  2.700             *Func-incrementExp-2403
  2.700             Wait dur 0.1
  2.800             *Func-incrementExp-2404
  2.800             Wait dur 0.1
  2.900             *Func-incrementExp-2405
  2.900             Wait dur 0.1
  3.000             *Func-incrementExp-2406
  3.000             Wait dur 0.1
  3.100             *Func-incrementExp-2407
  3.100             Wait dur 0.1
  3.200             *Func-incrementExp-2408
  3.200             Wait dur 0.1
  3.300             *Func-incrementExp-2409
  3.300             Wait dur 0.1
  3.400             *Func-incrementExp-2410
  3.400             Wait dur 0.1
  3.500             *Func-incrementExp-2411
  3.500             Wait dur 0.1
  3.600             *Func-incrementExp-2412
  3.600             Wait dur 0.1
  3.700             *Func-incrementExp-2413
  3.700             Wait dur 0.1
  3.800             *Func-incrementExp-2414
  3.800             Wait dur 0.1
  3.900             *Func-incrementExp-2415
  3.900             Wait dur 0.1
  4.000             *Func-incrementExp-2416
  4.000             Wait dur 0.1
  4.100             *Func-incrementExp-2417
  4.100             Wait dur 0.1
  4.200             *Func-incrementExp-2418
  4.200             Wait dur 0.1
  4.300             *Func-incrementExp-2419
  4.300             Wait dur 0.1
  4.400             *Func-incrementExp-2420
  4.400             Wait dur 0.1
  4.500             *Func-incrementExp-2421
  4.500             Wait dur 0.1
  4.600             *Func-incrementExp-2422
  4.600             Wait dur 0.1
  4.700             *Func-incrementExp-2423
  4.700             Wait dur 0.1
  4.800             *Func-incrementExp-2424
  4.800             Wait dur 0.1
  4.900             *Func-incrementExp-2425
  4.900             Wait dur 0.1
  5.000             *Func-incrementExp-2426
  5.000             Wait dur 0.1
  5.100             *Func-incrementExp-2427
  5.100             Wait dur 0.1
  5.200             *Func-incrementExp-2428
  5.200             Wait dur 0.1
  5.300             *Func-incrementExp-2429
  5.300             Wait dur 0.1
  5.400             *Func-incrementExp-2430
  5.400             Wait dur 0.1
  5.500             *Func-incrementExp-2431
  5.500             Wait dur 0.1
  5.600             *Func-incrementExp-2432
  5.600             Wait dur 0.1
  5.700             *Func-incrementExp-2433
  5.700             Wait dur 0.1
  5.800             *Func-incrementExp-2434
  5.800             Wait dur 0.1
  5.900             *Func-incrementExp-2435
  5.900             Wait dur 0.1
  6.000             *Func-incrementExp-2436
  6.000             Wait dur 0.1
  6.100             *Func-incrementExp-2437
  6.100             Wait dur 0.1
  6.200             *Func-incrementExp-2438
  6.200             Wait dur 0.1
  6.300             *Func-incrementExp-2439
  6.300             Wait dur 0.1
  6.400             *Func-incrementExp-2440
  6.400             Wait dur 0.1
  6.500             *Func-incrementExp-2441
  6.500             Wait dur 0.1
  6.600             *Func-incrementExp-2442
  6.600             Wait dur 0.1
  6.700             *Func-incrementExp-2443
  6.700             Wait dur 0.1
  6.800             *Func-incrementExp-2444
  6.800             Wait dur 0.1
  6.900             *Func-incrementExp-2445
  6.900             Wait dur 0.1
  7.000             *Func-incrementExp-2446
  7.000             Wait dur 0.1
  7.100             *Func-incrementExp-2447
  7.100             Wait dur 0.1
  7.200             *Func-incrementExp-2448
  7.200             Wait dur 0.1
  7.300             *Func-incrementExp-2449
  7.300             Wait dur 0.1
  7.400             *Func-resetBarColor-2450
  7.400             Wait dur 0.1
  7.500             *Func-showTrackIncLabel-2451
  7.500             *Func-incrementExp-2452
  7.500             Wait dur 0.1
  7.600             *Func-incrementExp-2453
  7.600             Wait dur 0.1
  7.700             *Func-incrementExp-2454
  7.700             Wait dur 0.1
  7.800             *Func-incrementExp-2455
  7.800             Wait dur 0.1
  7.900             *Func-incrementExp-2456
  7.900             Wait dur 0.1
  8.000             *Func-incrementExp-2457
  8.000             Wait dur 0.1
  8.100             *Func-incrementExp-2458
  8.100             Wait dur 0.1
  8.200             *Func-incrementExp-2459
  8.200             Wait dur 0.1
  8.300             *Func-incrementExp-2460
  8.300             Wait dur 0.1
  8.400             *Func-incrementExp-2461
  8.400             Wait dur 0.1
  8.500             *Func-incrementExp-2462
  8.500             Wait dur 0.1
  8.600             *Func-incrementExp-2463
  8.600             Wait dur 0.1
  8.700             *Func-incrementExp-2464
  8.700             Wait dur 0.1
  8.800             *Func-incrementExp-2465
  8.800             Wait dur 0.1
  8.900             *Func-incrementExp-2466
  8.900             Wait dur 0.1
  9.000             *Func-incrementExp-2467
  9.000             Wait dur 0.1
  9.100             *Func-incrementExp-2468
  9.100             Wait dur 0.1
  9.200             *Func-incrementExp-2469
  9.200             Wait dur 0.1
  9.300             *Func-incrementExp-2470
  9.300             Wait dur 0.1
  9.400             *Func-incrementExp-2471
  9.400             Wait dur 0.1
  9.500             *Func-incrementExp-2472
  9.500             Wait dur 0.1
  9.600             *Func-incrementExp-2473
  9.600             Wait dur 0.1
  9.700             *Func-incrementExp-2474
  9.700             Wait dur 0.1
  9.800             *Func-incrementExp-2475
  9.800             Wait dur 0.1
  9.900             *Func-incrementExp-2476
  9.900             Wait dur 0.1
 10.000             *Func-incrementExp-2477
 10.000             Wait dur 0.1
 10.100             *Func-incrementExp-2478
 10.100             Wait dur 0.1
 10.200             *Func-incrementExp-2479
 10.200             Wait dur 0.1
 10.300             *Func-incrementExp-2480
 10.300             Wait dur 0.1
 10.400             *Func-incrementExp-2481
 10.400             Wait dur 0.1
 10.500             *Func-incrementExp-2482
 10.500             Wait dur 0.1
 10.600             *Func-incrementExp-2483
 10.600             Wait dur 0.1
 10.700             *Func-incrementExp-2484
 10.700             Wait dur 0.1
 10.800             *Func-incrementExp-2485
 10.800             Wait dur 0.1
 10.900             *Func-incrementExp-2486
 10.900             Wait dur 0.1
 11.000             *Func-incrementExp-2487
 11.000             Wait dur 0.1
 11.100             *Func-incrementExp-2488
 11.100             Wait dur 0.1
 11.200             *Func-incrementExp-2489
 11.200             Wait dur 0.1
 11.300             *Func-incrementExp-2490
 11.300             Wait dur 0.1
 11.400             *Func-incrementExp-2491
 11.400             Wait dur 0.1
 11.500             *Func-incrementExp-2492
 11.500             Wait dur 0.1
 11.600             *Func-incrementExp-2493
 11.600             Wait dur 0.1
 11.700             *Func-incrementExp-2494
 11.700             Wait dur 0.1
 11.800             *Func-incrementExp-2495
 11.800             Wait dur 0.1
 11.900             *Func-incrementExp-2496
 11.900             Wait dur 0.1
 12.000             *Func-incrementExp-2497
 12.000             Wait dur 0.1
 12.100             *Func-incrementExp-2498
 12.100             Wait dur 0.1
 12.200             *Func-incrementExp-2499
 12.200             Wait dur 0.1
 12.300             *Func-incrementExp-2500
 12.300             Wait dur 0.1
 12.400             *Func-incrementExp-2501
 12.400             Wait dur 0.1
 12.500             *Func-incrementExp-2502
 12.500             Wait dur 0.1
 12.600             *Func-resetBarColor-2503
 12.600             Wait dur 0.1
 12.700             *Func-showTrackIncLabel-2504
 12.700             *Func-incrementExp-2505
 12.700             Wait dur 0.1
 12.800             *Func-incrementExp-2506
 12.800             Wait dur 0.1
 12.900             *Func-incrementExp-2507
 12.900             Wait dur 0.1
 13.000             *Func-incrementExp-2508
 13.000             Wait dur 0.1
 13.100             *Func-incrementExp-2509
 13.100             Wait dur 0.1
 13.200             *Func-incrementExp-2510
 13.200             Wait dur 0.1
 13.300             *Func-incrementExp-2511
 13.300             Wait dur 0.1
 13.400             *Func-incrementExp-2512
 13.400             Wait dur 0.1
 13.500             *Func-incrementExp-2513
 13.500             Wait dur 0.1
 13.600             *Func-incrementExp-2514
 13.600             Wait dur 0.1
 13.700             *Func-incrementExp-2515
 13.700             Wait dur 0.1
 13.800             *Func-incrementExp-2516
 13.800             Wait dur 0.1
 13.900             *Func-incrementExp-2517
 13.900             Wait dur 0.1
 14.000             *Func-incrementExp-2518
 14.000             Wait dur 0.1
 14.100             *Func-incrementExp-2519
 14.100             Wait dur 0.1
 14.200             *Func-incrementExp-2520
 14.200             Wait dur 0.1
 14.300             *Func-incrementExp-2521
 14.300             Wait dur 0.1
 14.400             *Func-incrementExp-2522
 14.400             Wait dur 0.1
 14.500             *Func-incrementExp-2523
 14.500             Wait dur 0.1
 14.600             *Func-incrementExp-2524
 14.600             Wait dur 0.1
 14.700             *Func-incrementExp-2525
 14.700             Wait dur 0.1
 14.800             *Func-incrementExp-2526
 14.800             Wait dur 0.1
 14.900             *Func-incrementExp-2527
 14.900             Wait dur 0.1
 15.000             *Func-incrementExp-2528
 15.000             Wait dur 0.1
 15.100             *Func-incrementExp-2529
 15.100             Wait dur 0.1
 15.200             *Func-incrementExp-2530
 15.200             Wait dur 0.1
 15.300             *Func-incrementExp-2531
 15.300             Wait dur 0.1
 15.400             *Func-incrementExp-2532
 15.400             Wait dur 0.1
 15.500             *Func-incrementExp-2533
 15.500             Wait dur 0.1
 15.600             *Func-incrementExp-2534
 15.600             Wait dur 0.1
 15.700             *Func-incrementExp-2535
 15.700             Wait dur 0.1
 15.800             *Func-incrementExp-2536
 15.800             Wait dur 0.1
 15.900             *Func-incrementExp-2537
 15.900             Wait dur 0.1
 16.000             *Func-incrementExp-2538
 16.000             Wait dur 0.1
 16.100             *Func-incrementExp-2539
 16.100             Wait dur 0.1
 16.200             *Func-incrementExp-2540
 16.200             Wait dur 0.1
 16.300             *Func-incrementExp-2541
 16.300             Wait dur 0.1
 16.400             *Func-incrementExp-2542
 16.400             Wait dur 0.1
 16.500             *Func-incrementExp-2543
 16.500             Wait dur 0.1
 16.600             *Func-incrementExp-2544
 16.600             Wait dur 0.1
 16.700             *Func-incrementExp-2545
 16.700             Wait dur 0.1
 16.800             *Func-incrementExp-2546
 16.800             Wait dur 0.1
 16.900             *Func-incrementExp-2547
 16.900             Wait dur 0.1
 17.000             *Func-incrementExp-2548
 17.000             Wait dur 0.1
 17.100             *Func-incrementExp-2549
 17.100             Wait dur 0.1
 17.200             *Func-incrementExp-2550
 17.200             Wait dur 0.1
 17.300             *Func-incrementExp-2551
 17.300             Wait dur 0.1
 17.400             *Func-incrementExp-2552
 17.400             Wait dur 0.1
 17.500             *Func-incrementExp-2553
 17.500             Wait dur 0.1
 17.600             *Func-incrementExp-2554
 17.600             Wait dur 0.1
 17.700             *Func-incrementExp-2555
 17.700             Wait dur 0.1
 17.800             *Func-incrementExp-2556
 17.800             Wait dur 0.1
 17.900             *Func-incrementExp-2557
 17.900             Wait dur 0.1
 18.000             *Func-incrementExp-2558
 18.000             Wait dur 0.1
 18.100             *Func-incrementExp-2559
 18.100             Wait dur 0.1
 18.200             *Func-incrementExp-2560
 18.200             Wait dur 0.1
 18.300             *Func-incrementExp-2561
 18.300             Wait dur 0.1
 18.400             *Func-incrementExp-2562
 18.400             Wait dur 0.1
 18.500             *Func-resetBarColor-2563
 18.500             Wait dur 0.1
 18.600             *Func-showTrackIncLabel-2564
 18.600             *Func-resetBarColor-2565
 18.600             Wait dur 0.1
 18.700             *Func-showTrackIncLabel-2566
 18.700             *Func-incrementExp-2567
 18.700             Wait dur 0.1
 18.800             *Func-incrementExp-2568
 18.800             Wait dur 0.1
 18.900             *Func-incrementExp-2569
 18.900             Wait dur 0.1
 19.000             *Func-incrementExp-2570
 19.000             Wait dur 0.1
 19.100             *Func-incrementExp-2571
 19.100             Wait dur 0.1
 19.200             *Func-incrementExp-2572
 19.200             Wait dur 0.1
 19.300             *Func-incrementExp-2573
 19.300             Wait dur 0.1
 19.400             *Func-incrementExp-2574
 19.400             Wait dur 0.1
 19.500             *Func-incrementExp-2575
 19.500             Wait dur 0.1
 19.600             *Func-incrementExp-2576
 19.600             Wait dur 0.1
 19.700             *Func-incrementExp-2577
 19.700             Wait dur 0.1
 19.800             *Func-incrementExp-2578
 19.800             Wait dur 0.1
 19.900             *Func-incrementExp-2579
 19.900             Wait dur 0.1
 20.000             *Func-incrementExp-2580
 20.000             Wait dur 0.1
 20.100             *Func-incrementExp-2581
 20.100             Wait dur 0.1
 20.200             *Func-incrementExp-2582
 20.200             Wait dur 0.1
 20.300             *Func-incrementExp-2583
 20.300             Wait dur 0.1
 20.400             *Func-incrementExp-2584
 20.400             Wait dur 0.1
 20.500             *Func-incrementExp-2585
 20.500             Wait dur 0.1
 20.600             *Func-incrementExp-2586
 20.600             Wait dur 0.1
 20.700             *Func-incrementExp-2587
 20.700             Wait dur 0.1
 20.800             *Func-incrementExp-2588
 20.800             Wait dur 0.1
 20.900             *Func-incrementExp-2589
 20.900             Wait dur 0.1
 21.000             *Func-incrementExp-2590
 21.000             Wait dur 0.1
 21.100             *Func-incrementExp-2591
 21.100             Wait dur 0.1
 21.200             *Func-incrementExp-2592
 21.200             Wait dur 0.1
 21.300             *Func-incrementExp-2593
 21.300             Wait dur 0.1
 21.400             *Func-incrementExp-2594
 21.400             Wait dur 0.1
 21.500             *Func-incrementExp-2595
 21.500             Wait dur 0.1
 21.600             *Func-incrementExp-2596
 21.600             Wait dur 0.1
 21.700             *Func-incrementExp-2597
 21.700             Wait dur 0.1
 21.800             *Func-incrementExp-2598
 21.800             Wait dur 0.1
 21.900             *Func-incrementExp-2599
 21.900             Wait dur 0.1
 22.000             *Func-incrementExp-2600
 22.000             Wait dur 0.1
 22.100             *Func-incrementExp-2601
 22.100             Wait dur 0.1
 22.200             *Func-incrementExp-2602
 22.200             Wait dur 0.1
 22.300             *Func-incrementExp-2603
 22.300             Wait dur 0.1
 22.400             *Func-incrementExp-2604
 22.400             Wait dur 0.1
 22.500             *Func-incrementExp-2605
 22.500             Wait dur 0.1
 22.600             *Func-incrementExp-2606
 22.600             Wait dur 0.1
 22.700             *Func-incrementExp-2607
 22.700             Wait dur 0.1
 22.800             *Func-incrementExp-2608
 22.800             Wait dur 0.1
 22.900             *Func-incrementExp-2609
 22.900             Wait dur 0.1
 23.000             *Func-incrementExp-2610
 23.000             Wait dur 0.1
 23.100             *Func-incrementExp-2611
 23.100             Wait dur 0.1
 23.200             *Func-incrementExp-2612
 23.200             Wait dur 0.1
 23.300             *Func-incrementExp-2613
 23.300             Wait dur 0.1
 23.400             *Func-resetBarColor-2614
 23.400             Wait dur 0.1
 23.500             *Func-showTrackIncLabel-2615
 23.500             *Func-incrementExp-2616
 23.500             Wait dur 0.1
 23.600             *Func-incrementExp-2617
 23.600             Wait dur 0.1
 23.700             *Func-incrementExp-2618
 23.700             Wait dur 0.1
 23.800             *Func-incrementExp-2619
 23.800             Wait dur 0.1
 23.900             *Func-incrementExp-2620
 23.900             Wait dur 0.1
 24.000             *Func-incrementExp-2621
 24.000             Wait dur 0.1
 24.100             *Func-incrementExp-2622
 24.100             Wait dur 0.1
 24.200             *Func-incrementExp-2623
 24.200             Wait dur 0.1
 24.300             *Func-incrementExp-2624
 24.300             Wait dur 0.1
 24.400             *Func-incrementExp-2625
 24.400             Wait dur 0.1
 24.500             *Func-incrementExp-2626
 24.500             Wait dur 0.1
 24.600             *Func-incrementExp-2627
 24.600             Wait dur 0.1
 24.700             *Func-incrementExp-2628
 24.700             Wait dur 0.1
 24.800             *Func-incrementExp-2629
 24.800             Wait dur 0.1
 24.900             *Func-incrementExp-2630
 24.900             Wait dur 0.1
 25.000             *Func-incrementExp-2631
 25.000             Wait dur 0.1
 25.100             *Func-incrementExp-2632
 25.100             Wait dur 0.1
 25.200             *Func-incrementExp-2633
 25.200             Wait dur 0.1
 25.300             *Func-incrementExp-2634
 25.300             Wait dur 0.1
 25.400             *Func-incrementExp-2635
 25.400             Wait dur 0.1
 25.500             *Func-incrementExp-2636
 25.500             Wait dur 0.1
 25.600             *Func-incrementExp-2637
 25.600             Wait dur 0.1
 25.700             *Func-incrementExp-2638
 25.700             Wait dur 0.1
 25.800             *Func-incrementExp-2639
 25.800             Wait dur 0.1
 25.900             *Func-incrementExp-2640
 25.900             Wait dur 0.1
 26.000             *Func-incrementExp-2641
 26.000             Wait dur 0.1
 26.100             *Func-incrementExp-2642
 26.100             Wait dur 0.1
 26.200             *Func-incrementExp-2643
 26.200             Wait dur 0.1
 26.300             *Func-incrementExp-2644
 26.300             Wait dur 0.1
 26.400             *Func-incrementExp-2645
 26.400             Wait dur 0.1
 26.500             *Func-incrementExp-2646
 26.500             Wait dur 0.1
 26.600             *Func-incrementExp-2647
 26.600             Wait dur 0.1
 26.700             *Func-incrementExp-2648
 26.700             Wait dur 0.1
 26.800             *Func-incrementExp-2649
 26.800             Wait dur 0.1
 26.900             *Func-incrementExp-2650
 26.900             Wait dur 0.1
 27.000             *Func-incrementExp-2651
 27.000             Wait dur 0.1
 27.100             *Func-incrementExp-2652
 27.100             Wait dur 0.1
 27.200             *Func-incrementExp-2653
 27.200             Wait dur 0.1
 27.300             *Func-incrementExp-2654
 27.300             Wait dur 0.1
 27.400             *Func-incrementExp-2655
 27.400             Wait dur 0.1
 27.500             *Func-incrementExp-2656
 27.500             Wait dur 0.1
 27.600             *Func-incrementExp-2657
 27.600             Wait dur 0.1
 27.700             *Func-incrementExp-2658
 27.700             Wait dur 0.1
 27.800             *Func-incrementExp-2659
 27.800             Wait dur 0.1
 27.900             *Func-incrementExp-2660
 27.900             Wait dur 0.1
 28.000             *Func-incrementExp-2661
 28.000             Wait dur 0.1
 28.100             *Func-incrementExp-2662
 28.100             Wait dur 0.1
 28.200             *Func-incrementExp-2663
 28.200             Wait dur 0.1
 28.300             *Func-incrementExp-2664
 28.300             Wait dur 0.1
 28.400             *Func-incrementExp-2665
 28.400             Wait dur 0.1
 28.500             *Func-incrementExp-2666
 28.500             Wait dur 0.1
 28.600             *Func-incrementExp-2667
 28.600             Wait dur 0.1
 28.700             *Func-incrementExp-2668
 28.700             Wait dur 0.1
 28.800             *Func-incrementExp-2669
 28.800             Wait dur 0.1
 28.900             *Func-resetBarColor-2670
 28.900             Wait dur 0.1
 29.000             *Func-incrementMerits-2671
 29.000             Wait dur 0.08
 29.080             *Func-incrementMerits-2672
 29.080             Wait dur 0.08
 29.160             *Func-incrementMerits-2673
 29.160             Wait dur 0.08
 29.240             *Func-incrementMerits-2674
 29.240             Wait dur 0.08
 29.320             *Func-incrementMerits-2675
 29.320             Wait dur 0.08
 29.400             *Func-incrementMerits-2676
 29.400             Wait dur 0.08
 29.480             *Func-incrementMerits-2677
 29.480             Wait dur 0.08
 29.560             *Func-incrementMerits-2678
 29.560             Wait dur 0.08
 29.640             *Func-incrementMerits-2679
 29.640             Wait dur 0.08
 29.720             *Func-incrementMerits-2680
 29.720             Wait dur 0.08
 29.800             *Func-incrementMerits-2681
 29.800             Wait dur 0.08
 29.880             *Func-incrementMerits-2682
 29.880             Wait dur 0.08
 29.960             *Func-incrementMerits-2683
 29.960             Wait dur 0.08
 30.040             *Func-incrementMerits-2684
 30.040             Wait dur 0.08
 30.120             *Func-incrementMerits-2685
 30.120             Wait dur 0.08
 30.200             *Func-incrementMerits-2686
 30.200             Wait dur 0.08
 30.280             *Func-incrementMerits-2687
 30.280             Wait dur 0.08
 30.360             *Func-incrementMerits-2688
 30.360             Wait dur 0.08
 30.440             *Func-incrementMerits-2689
 30.440             Wait dur 0.08
 30.520             *Func-incrementMerits-2690
 30.520             Wait dur 0.08
 30.600             *Func-incrementMerits-2691
 30.600             Wait dur 0.08
 30.680             *Func-incrementMerits-2692
 30.680             Wait dur 0.08
 30.760             *Func-incrementMerits-2693
 30.760             Wait dur 0.08
 30.840             *Func-incrementMerits-2694
 30.840             Wait dur 0.08
 30.920             *Func-incrementMerits-2695
 30.920             Wait dur 0.08
 31.000             *Func-incrementMerits-2696
 31.000             Wait dur 0.08
 31.080             *Func-incrementMerits-2697
 31.080             Wait dur 0.08
 31.160             *Func-incrementMerits-2698
 31.160             Wait dur 0.08
 31.240             *Func-incrementMerits-2699
 31.240             Wait dur 0.08
 31.320             *Func-incrementMerits-2700
 31.320             Wait dur 0.08
 31.400             *Func-incrementMerits-2701
 31.400             Wait dur 0.08
 31.480             *Func-incrementMerits-2702
 31.480             Wait dur 0.08
 31.560             *Func-incrementMerits-2703
 31.560             Wait dur 0.08
 31.640             *Func-incrementMerits-2704
 31.640             Wait dur 0.08
 31.720             *Func-incrementMerits-2705
 31.720             Wait dur 0.08
 31.800             *Func-incrementMerits-2706
 31.800             Wait dur 0.08
 31.880             *Func-incrementMerits-2707
 31.880             Wait dur 0.08
 31.960             *Func-incrementMerits-2708
 31.960             Wait dur 0.08
 32.040             *Func-incrementMerits-2709
 32.040             Wait dur 0.08
 32.120             *Func-incrementMerits-2710
 32.120             Wait dur 0.08
 32.200             *Func-incrementMerits-2711
 32.200             Wait dur 0.08
 32.280             *Func-incrementMerits-2712
 32.280             Wait dur 0.08
 32.360             *Func-incrementMerits-2713
 32.360             Wait dur 0.08
 32.440             *Func-incrementMerits-2714
 32.440             Wait dur 0.08
 32.520             *Func-incrementMerits-2715
 32.520             Wait dur 0.08
 32.600             *Func-incrementMerits-2716
 32.600             Wait dur 0.08
 32.680             *Func-incrementMerits-2717
 32.680             Wait dur 0.08
 32.760             *Func-incrementMerits-2718
 32.760             Wait dur 0.08
 32.840             *Func-incrementMerits-2719
 32.840             Wait dur 0.08
 32.920             *Func-incrementMerits-2720
 32.920             Wait dur 0.08
 33.000             *Func-incrementMerits-2721
 33.000             Wait dur 0.08
 33.080             *Func-incrementMerits-2722
 33.080             Wait dur 0.08
 33.160             *Func-incrementMerits-2723
 33.160             Wait dur 0.08
 33.240             *Func-incrementMerits-2724
 33.240             Wait dur 0.08
 33.320             *Func-incrementMerits-2725
 33.320             Wait dur 0.08
 33.400             *Func-incrementMerits-2726
 33.400             Wait dur 0.08
 33.480             *Func-incrementMerits-2727
 33.480             Wait dur 0.08
 33.560             *Func-incrementMerits-2728
 33.560             Wait dur 0.08
 33.640             *Func-incrementMerits-2729
 33.640             Wait dur 0.08
 33.720             *Func-incrementMerits-2730
 33.720             Wait dur 0.08
 33.800             *Func-incrementMerits-2731
 33.800             Wait dur 0.08
 33.880             *Func-incrementMerits-2732
 33.880             Wait dur 0.08
 33.960             *Func-incrementMerits-2733
 33.960             Wait dur 0.08
 34.040             *Func-incrementMerits-2734
 34.040             Wait dur 0.08
 34.120             *Func-incrementMerits-2735
 34.120             Wait dur 0.08
 34.200             *Func-incrementMerits-2736
 34.200             Wait dur 0.08
 34.280             *Func-incrementMerits-2737
 34.280             Wait dur 0.08
 34.360             *Func-incrementMerits-2738
 34.360             Wait dur 0.08
 34.440             *Func-resetMeritBarColor-2739
 34.440             Wait dur 0.3
 34.740             Wait dur 1
 35.740             Wait dur 0.25
 35.990           }
 35.990           *Func-_teardownSkipListen-2744
 35.990           *Func-destroy-2745
 35.990           *Func-hide-2746
 35.990           *Func-setOnscreenChatForced-2747
 35.990           Sequence-2183 {
 35.990           }
 35.990         }
  0.000         *Sound-433 dur 35.99
 35.990       }
 35.990       *Func-__handleBuildingRewardDone-2748
 35.990     }
 35.990   }
  0.000   Sequence-2180 {
  0.000     Sequence-2182 {
  0.000       Sequence-2186 {
  0.000         *Func-chooseRewardShotNow-2743
  0.000         Wait dur 35.99
 35.990       }
 35.990     }
 35.990   }
 35.990 }

Traceback (most recent call last):
  File "C:\Panda3D-1.10.0\direct\showbase\EventManager.py", line 52, in eventLoopTask
    self.doEvents()
  File "C:\Panda3D-1.10.0\direct\showbase\EventManager.py", line 46, in doEvents
    processFunc(self.eventQueue.dequeueEvent())
  File "C:\Panda3D-1.10.0\direct\showbase\EventManager.py", line 103, in processEvent
    messenger.send(eventName, paramList)
  File "C:\Panda3D-1.10.0\direct\showbase\Messenger.py", line 326, in send
    self.__dispatch(acceptorDict, event, sentArgs, foundWatch)
  File "C:\Panda3D-1.10.0\direct\showbase\Messenger.py", line 411, in __dispatch
    method (*(extraArgs + sentArgs))
  File "C:\Panda3D-1.10.0\direct\showbase\ShowBase.py", line 2665, in windowEvent
    self.userExit()
  File "toontown\toonbase\ToonBase.py", line 400, in userExit
    self.cr.dumpAllSubShardObjects()
  File "toontown\distributed\ToontownClientRepository.py", line 556, in dumpAllSubShardObjects
    self.deleteObject(doId)
  File "toontown\distributed\ToontownClientRepository.py", line 906, in deleteObject
    obj.deleteOrDelay()
  File "C:\Panda3D-1.10.0\direct\distributed\DistributedObject.py", line 199, in deleteOrDelay
    self.disableAnnounceAndDelete()
  File "C:\Panda3D-1.10.0\direct\distributed\DistributedObject.py", line 202, in disableAnnounceAndDelete
    self.disableAndAnnounce()
  File "C:\Panda3D-1.10.0\direct\distributed\DistributedObject.py", line 228, in disableAndAnnounce
    self.disable()
  File "toontown\battle\DistributedBattleBldg.py", line 52, in disable
    DistributedBattleBase.DistributedBattleBase.disable(self)
  File "toontown\battle\DistributedBattleBase.py", line 133, in disable
    self.cleanupBattle()
  File "toontown\battle\DistributedBattleBase.py", line 145, in cleanupBattle
    self.fsm.requestFinalState()
  File "C:\Panda3D-1.10.0\direct\fsm\ClassicFSM.py", line 151, in requestFinalState
    self.request(self.getFinalState().getName())
  File "C:\Panda3D-1.10.0\direct\fsm\ClassicFSM.py", line 302, in request
    exitArgList)
  File "C:\Panda3D-1.10.0\direct\fsm\ClassicFSM.py", line 230, in __transition
    self.__exitCurrent(exitArgList)
  File "C:\Panda3D-1.10.0\direct\fsm\ClassicFSM.py", line 188, in __exitCurrent
    self.__currentState.exit(argList)
  File "C:\Panda3D-1.10.0\direct\fsm\State.py", line 213, in exit
    apply(self.__exitFunc, argList)
  File "toontown\battle\DistributedBattleBldg.py", line 208, in exitBuildingReward
    self.movie.resetReward(finish=1)
  File "toontown\battle\Movie.py", line 222, in resetReward
    self.stop()
  File "toontown\battle\Movie.py", line 366, in stop
    self.track.finish()
  File "C:\Panda3D-1.10.0\direct\interval\MetaInterval.py", line 391, in finish
    self.privPostEvent()
  File "C:\Panda3D-1.10.0\direct\interval\MetaInterval.py", line 519, in privPostEvent
    self.__doPythonCallbacks()
  File "C:\Panda3D-1.10.0\direct\interval\MetaInterval.py", line 495, in __doPythonCallbacks
    ival.privDoEvent(t, eventType)
  File "C:\Panda3D-1.10.0\direct\interval\Interval.py", line 206, in privDoEvent
    self.privInstant()
  File "C:\Panda3D-1.10.0\direct\interval\FunctionInterval.py", line 88, in privInstant
    self.function(*self.extraArgs, **self.kw)
  File "toontown\battle\DistributedBattleBldg.py", line 205, in __handleBuildingRewardDone
    self.fsm.request('Resume')
  File "C:\Panda3D-1.10.0\direct\fsm\ClassicFSM.py", line 246, in request
    assert not self.__internalStateInFlux
AssertionError
Traceback (most recent call last):
  File "otp\otpbase\OTPBase.py", line 34, in run
    taskMgr.run()
  File "C:\Panda3D-1.10.0\direct\task\Task.py", line 508, in run
    self.step()
  File "C:\Panda3D-1.10.0\direct\task\Task.py", line 465, in step
    self.mgr.poll()
  File "C:\Panda3D-1.10.0\direct\showbase\EventManager.py", line 52, in eventLoopTask
    self.doEvents()
  File "C:\Panda3D-1.10.0\direct\showbase\EventManager.py", line 46, in doEvents
    processFunc(self.eventQueue.dequeueEvent())
  File "C:\Panda3D-1.10.0\direct\showbase\EventManager.py", line 103, in processEvent
    messenger.send(eventName, paramList)
  File "C:\Panda3D-1.10.0\direct\showbase\Messenger.py", line 326, in send
    self.__dispatch(acceptorDict, event, sentArgs, foundWatch)
  File "C:\Panda3D-1.10.0\direct\showbase\Messenger.py", line 411, in __dispatch
    method (*(extraArgs + sentArgs))
  File "C:\Panda3D-1.10.0\direct\showbase\ShowBase.py", line 2665, in windowEvent
    self.userExit()
  File "toontown\toonbase\ToonBase.py", line 400, in userExit
    self.cr.dumpAllSubShardObjects()
  File "toontown\distributed\ToontownClientRepository.py", line 556, in dumpAllSubShardObjects
    self.deleteObject(doId)
  File "toontown\distributed\ToontownClientRepository.py", line 906, in deleteObject
    obj.deleteOrDelay()
  File "C:\Panda3D-1.10.0\direct\distributed\DistributedObject.py", line 199, in deleteOrDelay
    self.disableAnnounceAndDelete()
  File "C:\Panda3D-1.10.0\direct\distributed\DistributedObject.py", line 202, in disableAnnounceAndDelete
    self.disableAndAnnounce()
  File "C:\Panda3D-1.10.0\direct\distributed\DistributedObject.py", line 228, in disableAndAnnounce
    self.disable()
  File "toontown\battle\DistributedBattleBldg.py", line 52, in disable
    DistributedBattleBase.DistributedBattleBase.disable(self)
  File "toontown\battle\DistributedBattleBase.py", line 133, in disable
    self.cleanupBattle()
  File "toontown\battle\DistributedBattleBase.py", line 145, in cleanupBattle
    self.fsm.requestFinalState()
  File "C:\Panda3D-1.10.0\direct\fsm\ClassicFSM.py", line 151, in requestFinalState
    self.request(self.getFinalState().getName())
  File "C:\Panda3D-1.10.0\direct\fsm\ClassicFSM.py", line 302, in request
    exitArgList)
  File "C:\Panda3D-1.10.0\direct\fsm\ClassicFSM.py", line 230, in __transition
    self.__exitCurrent(exitArgList)
  File "C:\Panda3D-1.10.0\direct\fsm\ClassicFSM.py", line 188, in __exitCurrent
    self.__currentState.exit(argList)
  File "C:\Panda3D-1.10.0\direct\fsm\State.py", line 213, in exit
    apply(self.__exitFunc, argList)
  File "toontown\battle\DistributedBattleBldg.py", line 208, in exitBuildingReward
    self.movie.resetReward(finish=1)
  File "toontown\battle\Movie.py", line 222, in resetReward
    self.stop()
  File "toontown\battle\Movie.py", line 366, in stop
    self.track.finish()
  File "C:\Panda3D-1.10.0\direct\interval\MetaInterval.py", line 391, in finish
    self.privPostEvent()
  File "C:\Panda3D-1.10.0\direct\interval\MetaInterval.py", line 519, in privPostEvent
    self.__doPythonCallbacks()
  File "C:\Panda3D-1.10.0\direct\interval\MetaInterval.py", line 495, in __doPythonCallbacks
    ival.privDoEvent(t, eventType)
  File "C:\Panda3D-1.10.0\direct\interval\Interval.py", line 206, in privDoEvent
    self.privInstant()
  File "C:\Panda3D-1.10.0\direct\interval\FunctionInterval.py", line 88, in privInstant
    self.function(*self.extraArgs, **self.kw)
  File "toontown\battle\DistributedBattleBldg.py", line 205, in __handleBuildingRewardDone
    self.fsm.request('Resume')
  File "C:\Panda3D-1.10.0\direct\fsm\ClassicFSM.py", line 246, in request
    assert not self.__internalStateInFlux
AssertionError
