TTLocalizer: Running in language: English
OTPLocalizer: Running in language: English
Preloading suits...
Preloading Toon heads...
Preloading avatars...
{401000001: <toontown.distributed.ToontownDistrict.ToontownDistrict instance at 0x1620F6E8>}
__handleAvatarChooserDone: 100000212, 'Miss Quack', ('fss', 'ms', 's', 'f', (0.19, 0.56, 0.77, 1.0), (1.0, 1.0, 1.0, 1.0), (0.19, 0.56, 0.77, 1.0), (0.19, 0.56, 0.77, 1.0), 15, 8, 11, 8, 6, 3), 2
entered wait for zone redirect
entered wait for set zone response - 2
Reading DNA file... phase_4/dna/storage.pdna
Reading DNA file... phase_3.5/dna/storage_interior.pdna
Reading DNA file... phase_4/dna/storage_TT.pdna
Reading DNA file... phase_4/dna/storage_TT_sz.pdna
Reading DNA file... phase_4/dna/toontown_central_sz.pdna
entered wait for zone redirect
entered wait for set zone response - 2
entered wait for zone redirect
entered wait for set zone response - 2
Reading DNA file... phase_4/dna/storage.pdna
Reading DNA file... phase_3.5/dna/storage_interior.pdna
entered wait for zone redirect
entered wait for set zone response - 2
entered wait for zone redirect
entered wait for set zone response - 2
Laser Field initCollisionGeom
Laser Field initCollisionGeom
CollisionEntry:
  from render/Miss Quack-100000212/camFloorRayNode/ccRay2Node
  into render/stage401004269/ZoneEntity-0/-PandaNode/LB_Zone03a_egg/Collsion/stageFloorColl0 []
  at 1 -6.2 -0.0327806
  normal -0.000961985 0.000458579 0.999999
  respect_prev_transform = 0


CollisionEntry:
  from render/Miss Quack-100000212/camFloorRayNode/ccRay2Node
  into render/stage401004269/LB_connector_7cubeLR.egg/-PandaNode/LB_connector_7cubeLR_egg/collison/stageFloorColl1 []
  at 1.69706 38.4457 0.0729966
  normal 9.26614e-005 -0.421613 0.906776
  respect_prev_transform = 0


CollisionEntry:
  from render/Miss Quack-100000212/camFloorRayNode/ccRay2Node
  into render/stage401004269/LB_connector_7cubeLR.egg/-PandaNode/LB_connector_7cubeLR_egg/collison/stageFloorColl1 []
  at 1.69706 45.5413 -0.047749
  normal 0.000133877 0 1
  respect_prev_transform = 0


CollisionEntry:
  from render/Miss Quack-100000212/camFloorRayNode/ccRay2Node
  into render/stage401004269/LB_connector_7cubeLR.egg/-PandaNode/LB_connector_7cubeLR_egg/collison/stageFloorColl1 []
  at -0.1418 51.0359 4.95156
  normal 6.5559e-005 0 1
  respect_prev_transform = 0


CollisionEntry:
  from render/Miss Quack-100000212/camFloorRayNode/ccRay2Node
  into render/stage401004269/ZoneEntity-0/-PandaNode/Z13_ALL/room/collsion/stageFloorColl2 []
  at 29.132 111.334 4.95065
  normal 0 0 1
  respect_prev_transform = 0


CollisionEntry:
  from render/Miss Quack-100000212/camFloorRayNode/ccRay2Node
  into render/stage401004269/LB_connector_7cubeLR.egg/-PandaNode/LB_connector_7cubeLR_egg/collison/stageFloorColl3 []
  at 25.8947 380.809 4.95288
  normal 0.000133877 0 1
  respect_prev_transform = 0


CollisionEntry:
  from render/Miss Quack-100000212/camFloorRayNode/ccRay2Node
  into render/stage401004269/LB_connector_7cubeLR.egg/-PandaNode/LB_connector_7cubeLR_egg/collison/stageFloorColl3 []
  at 25.9554 382.845 5.02709
  normal 9.26614e-005 -0.421613 0.906776
  respect_prev_transform = 0


CollisionEntry:
  from render/Miss Quack-100000212/camFloorRayNode/ccRay2Node
  into render/stage401004269/LB_connector_7cubeLR.egg/-PandaNode/LB_connector_7cubeLR_egg/collison/stageFloorColl3 []
  at 24.3803 395.627 9.95184
  normal 6.5559e-005 0 1
  respect_prev_transform = 0


CollisionEntry:
  from render/Miss Quack-100000212/camFloorRayNode/ccRay2Node
  into render/stage401004269/ZoneEntity-0/-PandaNode/Z07_ALL/stageFloorColl4 []
  at 54.9299 455.507 9.95175
  normal 0 0 1
  respect_prev_transform = 0


CollisionEntry:
  from render/Miss Quack-100000212/camFloorRayNode/ccRay2Node
  into render/stage401004269/LB_connector_7cubeL2.egg/-PandaNode/LB_connector_7cubeL2_egg/collison/stageFloorColl5 []
  at -9.6797 527.274 17.6402
  normal 0 -0.0012142 0.999999
  respect_prev_transform = 0


CollisionEntry:
  from render/Miss Quack-100000212/camFloorRayNode/ccRay2Node
  into render/stage401004269/LB_connector_7cubeL2.egg/-PandaNode/LB_connector_7cubeL2_egg/collison/stageFloorColl5 []
  at -11.7963 528.827 17.7494
  normal 0.420737 -0.00110176 0.907182
  respect_prev_transform = 0


CollisionEntry:
  from render/Miss Quack-100000212/camFloorRayNode/ccRay2Node
  into render/stage401004269/LB_connector_7cubeL2.egg/-PandaNode/LB_connector_7cubeL2_egg/collison/stageFloorColl5 []
  at -24.4289 526.77 22.6292
  normal 0.000218784 -0.000597282 1
  respect_prev_transform = 0


CollisionEntry:
  from render/Miss Quack-100000212/camFloorRayNode/ccRay2Node
  into render/stage401004269/ZoneEntity-0/-PandaNode/Z13_ALL/room/collsion/stageFloorColl6 []
  at -84.7535 499.103 22.619
  normal 0 0 1
  respect_prev_transform = 0


spec = {'parentEntId': 10000, 'pos': LPoint3f(0, 0, 0)}
h = None
CollisionEntry:
  from render/Miss Quack-100000212/camFloorRayNode/ccRay2Node
  into render/stage401004269/LB_connector_7cubeL2.egg/-PandaNode/LB_connector_7cubeL2_egg/collison/stageFloorColl7 []
  at -354.073 491.577 22.6331
  normal 0 -0.0012142 0.999999
  respect_prev_transform = 0


CollisionEntry:
  from render/Miss Quack-100000212/camFloorRayNode/ccRay2Node
  into render/stage401004269/LB_connector_7cubeL2.egg/-PandaNode/LB_connector_7cubeL2_egg/collison/stageFloorColl7 []
  at -356.008 491.777 22.6436
  normal 0.420737 -0.00110176 0.907182
  respect_prev_transform = 0


CollisionEntry:
  from render/Miss Quack-100000212/camFloorRayNode/ccRay2Node
  into render/stage401004269/LB_connector_7cubeL2.egg/-PandaNode/LB_connector_7cubeL2_egg/collison/stageFloorColl7 []
  at -369.264 494.673 27.6279
  normal 0.000218784 -0.000597282 1
  respect_prev_transform = 0


CollisionEntry:
  from render/Miss Quack-100000212/camFloorRayNode/ccRay2Node
  into render/stage401004269/ZoneEntity-0/-PandaNode/Z22a/room/collsion/stageFloorColl8 []
  at -429.299 462.1 27.4985
  normal 0 0 1
  respect_prev_transform = 0


spec = {'parentEntId': 10000, 'pos': LPoint3f(0, 0, 0)}
h = None
Laser Field initCollisionGeom
Laser Field initCollisionGeom
CollisionEntry:
  from render/Miss Quack-100000212/camFloorRayNode/ccRay2Node
  into render/stage401004518/ZoneEntity-0/-PandaNode/LB_Zone03a_egg/Collsion/stageFloorColl0 []
  at -2 -6.2 -0.0356667
  normal -0.000961985 0.000458579 0.999999
  respect_prev_transform = 0


CollisionEntry:
  from render/Miss Quack-100000212/camFloorRayNode/ccRay2Node
  into render/stage401004518/LB_connector_7cubeL2.egg/-PandaNode/LB_connector_7cubeL2_egg/collison/stageFloorColl1 []
  at -2 38.3661 0.086875
  normal -0.00110178 -0.420737 0.907182
  respect_prev_transform = 0


CollisionEntry:
  from render/Miss Quack-100000212/camFloorRayNode/ccRay2Node
  into render/stage401004518/LB_connector_7cubeL2.egg/-PandaNode/LB_connector_7cubeL2_egg/collison/stageFloorColl1 []
  at -2.59715 51.0169 4.9584
  normal -0.000597282 -0.000218784 1
  respect_prev_transform = 0


CollisionEntry:
  from render/Miss Quack-100000212/camFloorRayNode/ccRay2Node
  into render/stage401004518/ZoneEntity-0/-PandaNode/Z08_ALL/Z08/boiler_room/collsion_boiler_room/stageFloorColl2 []
  at -31.0625 111.197 4.93219
  normal 0 0 1
  respect_prev_transform = 0


CollisionEntry:
  from render/Miss Quack-100000212/camFloorRayNode/ccRay2Node
  into render/stage401004518/ZoneEntity-0/-PandaNode/Z08_ALL/Z08/boiler_room/collsion_boiler_room/stageFloorColl2 []
  at -19.5003 240.082 5.0584
  normal 0 0 1
  respect_prev_transform = 0


CollisionEntry:
  from render/Miss Quack-100000212/camFloorRayNode/ccRay2Node
  into render/stage401004518/ZoneEntity-0/-PandaNode/Z08_ALL/Z08/boiler_room/collsion_boiler_room/stageFloorColl2 []
  at 4.05743 240.433 15.2582
  normal 0 0 1
  respect_prev_transform = 0


CollisionEntry:
  from render/Miss Quack-100000212/camFloorRayNode/ccRay2Node
  into render/stage401004518/LB_connector_7cubeLR.egg/-PandaNode/LB_connector_7cubeLR_egg/collison/stageFloorColl3 []
  at 51.1436 177.72 15.9756
  normal -0.421613 -9.2643e-005 0.906776
  respect_prev_transform = 0


CollisionEntry:
  from render/Miss Quack-100000212/camFloorRayNode/ccRay2Node
  into render/stage401004518/LB_connector_7cubeLR.egg/-PandaNode/LB_connector_7cubeLR_egg/collison/stageFloorColl3 []
  at 64.2772 186.163 20.8493
  normal 0 -6.5559e-005 1
  respect_prev_transform = 0


CollisionEntry:
  from render/Miss Quack-100000212/camFloorRayNode/ccRay2Node
  into render/stage401004518/ZoneEntity-0/-PandaNode/Z07_ALL/stageFloorColl4 []
  at 123.635 152.541 20.8489
  normal 0 0 1
  respect_prev_transform = 0


spec = {'parentEntId': 10000, 'pos': LPoint3f(0, 0, 0)}
h = None
CollisionEntry:
  from render/Miss Quack-100000212/camFloorRayNode/ccRay2Node
  into render/stage401004518/LB_connector_7cubeLR.egg/-PandaNode/LB_connector_7cubeLR_egg/collison/stageFloorColl5 []
  at 187.635 216.715 28.5189
  normal 0.000133877 0 1
  respect_prev_transform = 0


CollisionEntry:
  from render/Miss Quack-100000212/camFloorRayNode/ccRay2Node
  into render/stage401004518/LB_connector_7cubeLR.egg/-PandaNode/LB_connector_7cubeLR_egg/collison/stageFloorColl5 []
  at 187.834 219.005 28.6248
  normal 9.26614e-005 -0.421613 0.906776
  respect_prev_transform = 0


CollisionEntry:
  from render/Miss Quack-100000212/camFloorRayNode/ccRay2Node
  into render/stage401004518/LB_connector_7cubeLR.egg/-PandaNode/LB_connector_7cubeLR_egg/collison/stageFloorColl5 []
  at 185.686 231.894 33.5177
  normal 6.5559e-005 0 1
  respect_prev_transform = 0


CollisionEntry:
  from render/Miss Quack-100000212/camFloorRayNode/ccRay2Node
  into render/stage401004518/ZoneEntity-0/-PandaNode/LB_Zone04a_egg/Z04/collision_lobby/stageFloorColl6 []
  at 226.622 291.756 33.5163
  normal 0 0 1
  respect_prev_transform = 0


CollisionEntry:
  from render/Miss Quack-100000212/NPW.cRayNode
  into render/stage401004518/ZoneEntity-0/-PandaNode/LB_Zone04a_egg/Z04/collision_lobby/stageFloorColl6 []
  at 236.502 348.107 33.5163
  normal 0 0 1
  respect_prev_transform = 1


CollisionEntry:
  from render/Miss Quack-100000212/camFloorRayNode/ccRay2Node
  into render/stage401004518/LB_connector_7cubeLR.egg/-PandaNode/LB_connector_7cubeLR_egg/collison/stageFloorColl7 []
  at 219.449 426.365 33.5075
  normal 0.000133877 0 1
  respect_prev_transform = 0


CollisionEntry:
  from render/Miss Quack-100000212/camFloorRayNode/ccRay2Node
  into render/stage401004518/LB_connector_7cubeLR.egg/-PandaNode/LB_connector_7cubeLR_egg/collison/stageFloorColl7 []
  at 219.656 428.586 33.5883
  normal 9.26614e-005 -0.421613 0.906776
  respect_prev_transform = 0


CollisionEntry:
  from render/Miss Quack-100000212/camFloorRayNode/ccRay2Node
  into render/stage401004518/LB_connector_7cubeLR.egg/-PandaNode/LB_connector_7cubeLR_egg/collison/stageFloorColl7 []
  at 218.575 441.539 38.5065
  normal 6.5559e-005 0 1
  respect_prev_transform = 0


CollisionEntry:
  from render/Miss Quack-100000212/camFloorRayNode/ccRay2Node
  into render/stage401004518/ZoneEntity-0/-PandaNode/Z22a/room/collsion/stageFloorColl8 []
  at 248.086 501.648 38.3849
  normal 0 0 1
  respect_prev_transform = 0


spec = {'parentEntId': 10000, 'pos': LPoint3f(0, 0, 0)}
h = None
../resources/phase_3/audio/sfx
../resources/phase_3.5/audio/sfx
../resources/phase_4/audio/sfx
../resources/phase_5/audio/sfx
/phase_3/audio/sfx
/phase_3.5/audio/sfx
/phase_4/audio/sfx
/phase_5/audio/sfx

CollisionEntry:
  from render/Miss Quack-100000212/camFloorRayNode/ccRay2Node
  into render/stage401004701/ZoneEntity-0/-PandaNode/LB_Zone03a_egg/Collsion/stageFloorColl0 []
  at 2 -9.2 -0.030443
  normal -0.000961985 0.000458579 0.999999
  respect_prev_transform = 0


CollisionEntry:
  from render/Miss Quack-100000212/camFloorRayNode/ccRay2Node
  into render/stage401004701/LB_connector_7cubeL2.egg/-PandaNode/LB_connector_7cubeL2_egg/collison/stageFloorColl1 []
  at 2.69706 38.4406 0.127107
  normal -0.00110178 -0.420737 0.907182
  respect_prev_transform = 0


CollisionEntry:
  from render/Miss Quack-100000212/camFloorRayNode/ccRay2Node
  into render/stage401004701/LB_connector_7cubeL2.egg/-PandaNode/LB_connector_7cubeL2_egg/collison/stageFloorColl1 []
  at 2.8971 50.8931 4.96165
  normal -0.000597282 -0.000218784 1
  respect_prev_transform = 0


CollisionEntry:
  from render/Miss Quack-100000212/camFloorRayNode/ccRay2Node
  into render/stage401004701/ZoneEntity-0/-PandaNode/LB_Zone04a_egg/Z04/collision_lobby/stageFloorColl2 []
  at -29.994 110.917 4.95065
  normal 0 0 1
  respect_prev_transform = 0


CollisionEntry:
  from render/Miss Quack-100000212/NPW.cRayNode
  into render/stage401004701/ZoneEntity-0/-PandaNode/LB_Zone04a_egg/Z04/collision_lobby/stageFloorColl2 []
  at -31.8121 206.092 4.95065
  normal 0 0 1
  respect_prev_transform = 1


CollisionEntry:
  from render/Miss Quack-100000212/NPW.cRayNode
  into render/stage401004701/LB_connector_7cubeLR.egg/-PandaNode/LB_connector_7cubeLR_egg/collison/stageFloorColl3 []
  at -30.4762 245.579 4.94148
  normal 0.000133877 0 1
  respect_prev_transform = 1


CollisionEntry:
  from render/Miss Quack-100000212/NPW.cRayNode
  into render/stage401004701/LB_connector_7cubeLR.egg/-PandaNode/LB_connector_7cubeLR_egg/collison/stageFloorColl3 []
  at -30.7498 248.127 5.12044
  normal 9.26614e-005 -0.421613 0.906776
  respect_prev_transform = 1


CollisionEntry:
  from render/Miss Quack-100000212/camFloorRayNode/ccRay2Node
  into render/stage401004701/LB_connector_7cubeLR.egg/-PandaNode/LB_connector_7cubeLR_egg/collison/stageFloorColl3 []
  at -30.4987 245.789 4.94153
  normal 0.000133877 0 1
  respect_prev_transform = 0


CollisionEntry:
  from render/Miss Quack-100000212/camFloorRayNode/ccRay2Node
  into render/stage401004701/LB_connector_7cubeLR.egg/-PandaNode/LB_connector_7cubeLR_egg/collison/stageFloorColl3 []
  at -30.7557 248.182 5.1459
  normal 9.26614e-005 -0.421613 0.906776
  respect_prev_transform = 0


CollisionEntry:
  from render/Miss Quack-100000212/NPW.cRayNode
  into render/stage401004701/LB_connector_7cubeLR.egg/-PandaNode/LB_connector_7cubeLR_egg/collison/stageFloorColl3 []
  at -32.079 260.508 9.94075
  normal 6.5559e-005 0 1
  respect_prev_transform = 1


CollisionEntry:
  from render/Miss Quack-100000212/camFloorRayNode/ccRay2Node
  into render/stage401004701/LB_connector_7cubeLR.egg/-PandaNode/LB_connector_7cubeLR_egg/collison/stageFloorColl3 []
  at -32.1117 260.813 9.94074
  normal 6.5559e-005 0 1
  respect_prev_transform = 0


CollisionEntry:
  from render/Miss Quack-100000212/camFloorRayNode/ccRay2Node
  into render/stage401004701/ZoneEntity-0/-PandaNode/Z08_ALL/Z08/boiler_room/collsion_boiler_room/stageFloorColl4 []
  at -3.55553 320.715 9.92221
  normal 0 0 1
  respect_prev_transform = 0


CollisionEntry:
  from render/Miss Quack-100000212/camFloorRayNode/ccRay2Node
  into render/stage401004701/ZoneEntity-0/-PandaNode/Z08_ALL/Z08/boiler_room/collsion_boiler_room/stageFloorColl4 []
  at 8.24834 442.555 9.92718
  normal 0 0 1
  respect_prev_transform = 0


CollisionEntry:
  from render/Miss Quack-100000212/camFloorRayNode/ccRay2Node
  into render/stage401004701/ZoneEntity-0/-PandaNode/Z08_ALL/Z08/boiler_room/collsion_boiler_room/stageFloorColl4 []
  at 31.8548 450.683 20.2473
  normal 0 0 1
  respect_prev_transform = 0


CollisionEntry:
  from render/Miss Quack-100000212/camFloorRayNode/ccRay2Node
  into render/stage401004701/LB_connector_7cubeL2.egg/-PandaNode/LB_connector_7cubeL2_egg/collison/stageFloorColl5 []
  at 76.5643 387.858 20.8558
  normal 0 0.0012142 0.999999
  respect_prev_transform = 0


CollisionEntry:
  from render/Miss Quack-100000212/camFloorRayNode/ccRay2Node
  into render/stage401004701/ZoneEntity-0/-PandaNode/Z08_ALL/Z08/boiler_room/collsion_boiler_room/stageFloorColl4 []
  at 78.6149 387.98 20.868
  normal 0 0 1
  respect_prev_transform = 0


CollisionEntry:
  from render/Miss Quack-100000212/camFloorRayNode/ccRay2Node
  into render/stage401004701/LB_connector_7cubeL2.egg/-PandaNode/LB_connector_7cubeL2_egg/collison/stageFloorColl5 []
  at 79.1133 388.064 21.096
  normal -0.420737 0.00110179 0.907182
  respect_prev_transform = 0


CollisionEntry:
  from render/Miss Quack-100000212/camFloorRayNode/ccRay2Node
  into render/stage401004701/LB_connector_7cubeL2.egg/-PandaNode/LB_connector_7cubeL2_egg/collison/stageFloorColl5 []
  at 91.9073 390.495 25.8448
  normal -0.000218784 0.000597282 1
  respect_prev_transform = 0


CollisionEntry:
  from render/Miss Quack-100000212/camFloorRayNode/ccRay2Node
  into render/stage401004701/ZoneEntity-0/-PandaNode/Z13_ALL/room/collsion/stageFloorColl6 []
  at 151.875 413.463 25.837
  normal 0 0 1
  respect_prev_transform = 0


spec = {'parentEntId': 10000, 'pos': LPoint3f(0, 0, 0)}
h = None
CollisionEntry:
  from render/Miss Quack-100000212/camFloorRayNode/ccRay2Node
  into render/stage401004701/LB_connector_7cubeLR.egg/-PandaNode/LB_connector_7cubeLR_egg/collison/stageFloorColl7 []
  at 420.881 414.686 25.8384
  normal 0 -0.000133877 1
  respect_prev_transform = 0


CollisionEntry:
  from render/Miss Quack-100000212/camFloorRayNode/ccRay2Node
  into render/stage401004701/LB_connector_7cubeLR.egg/-PandaNode/LB_connector_7cubeLR_egg/collison/stageFloorColl7 []
  at 423.571 414.921 26.0601
  normal -0.421613 -9.2643e-005 0.906776
  respect_prev_transform = 0


CollisionEntry:
  from render/Miss Quack-100000212/camFloorRayNode/ccRay2Node
  into render/stage401004701/LB_connector_7cubeLR.egg/-PandaNode/LB_connector_7cubeLR_egg/collison/stageFloorColl7 []
  at 436.211 415.479 30.8378
  normal 0 -6.5559e-005 1
  respect_prev_transform = 0


CollisionEntry:
  from render/Miss Quack-100000212/camFloorRayNode/ccRay2Node
  into render/stage401004701/ZoneEntity-0/-PandaNode/Z22a/room/collsion/stageFloorColl8 []
  at 497.665 383.67 30.7165
  normal 0 0 1
  respect_prev_transform = 0


spec = {'parentEntId': 10000, 'pos': LPoint3f(0, 0, 0)}
h = None
entered wait for zone redirect
entered wait for set zone response - 2
