TTLocalizer: Running in language: English
OTPLocalizer: Running in language: English
Preloading suits...
Preloading Toon heads...
Preloading avatars...
{401000001: <toontown.distributed.ToontownDistrict.ToontownDistrict instance at 0x19800760>}
{401000001: <toontown.distributed.ToontownDistrict.ToontownDistrict instance at 0x19800760>}
__handleAvatarChooserDone: 100000015, 'King Bear', ('bss', 'ms', 's', 'm', (0.64, 0.35, 0.26, 1.0), (1.0, 1.0, 1.0, 1.0), (0.64, 0.35, 0.26, 1.0), (0.64, 0.35, 0.26, 1.0), 111, 27, 98, 27, 7, 10), 1
entered wait for zone redirect
entered wait for set zone response - 2
Reading DNA file... phase_4/dna/storage.pdna
Reading DNA file... phase_3.5/dna/storage_interior.pdna
Reading DNA file... phase_8/dna/storage_DL.pdna
Reading DNA file... phase_8/dna/storage_DL_sz.pdna
Reading DNA file... phase_8/dna/donalds_dreamland_sz.pdna
entered wait for zone redirect
entered wait for set zone response - 2
Reading DNA file... phase_4/dna/storage.pdna
Reading DNA file... phase_3.5/dna/storage_interior.pdna
entered wait for zone redirect
entered wait for set zone response - 2
entered wait for zone redirect
entered wait for set zone response - 2
chooseFireOpenShot <function avatarCloseUpThreeQuarterRightShot at 0x15354730>
chooseFireOpenShot <function avatarCloseUpThreeQuarterLeftFireShot at 0x15354CB0>
chooseFireOpenShot <function avatarCloseUpThrowShot at 0x153546F0>
chooseFireOpenShot <function avatarCloseUpFireShot at 0x15354C70>
Warning: NodePath.remove() is deprecated.  Use remove_node() instead.
Warning: NodePath.remove() is deprecated.  Use remove_node() instead.
chooseFireOpenShot <function suitGroupThreeQuarterLeftBehindShot at 0x153545F0>
chooseFireOpenShot <function allGroupLowShot at 0x15354470>
Warning: NodePath.remove() is deprecated.  Use remove_node() instead.
### newVec3 =  LVector3f(2, 5.3, 1.5)
### newVec3 =  LVector3f(2, 5.3, 0)
### newVec3 =  LVector3f(2, 5.3, 0.375)
### newVec3 =  LVector3f(2, 5.3, 0)
entered wait for zone redirect
entered wait for set zone response - 2
Reading DNA file... phase_4/dna/storage.pdna
Reading DNA file... phase_3.5/dna/storage_interior.pdna
Reading DNA file... phase_8/dna/storage_DG.pdna
Reading DNA file... phase_8/dna/storage_DG_sz.pdna
Reading DNA file... phase_8/dna/daisys_garden_sz.pdna
entered wait for zone redirect
entered wait for set zone response - 2
Reading DNA file... phase_4/dna/storage.pdna
Reading DNA file... phase_3.5/dna/storage_interior.pdna
entered wait for zone redirect
entered wait for set zone response - 2
entered wait for zone redirect
entered wait for set zone response - 2
hit! 0.302761942148
hit! 0.86443156004
hit! 0.892484486103
hit! 0.151043400168
hit! 0.455012470484
hit! 0.863176345825
--not hard enough: -0.433515280485
hit! 0.792761266232
hit! 0.702516496181
hit! 0.261847168207
hit! 0.467401325703
hit! 0.728892087936
--not hard enough: 0.140081733465
hit! 0.873699486256
hit! 0.821935236454
hit! 0.485451191664
hit! 0.946175038815
hit! 0.304275870323
hit! 0.394110947847
hit! 0.868691504002
hit! 0.568599581718
hit! 0.809312045574
hit! 0.686169624329
hit! 0.968495368958
hit! 0.809341192245
hit! 0.979146361351
hit! 0.578470051289
hit! 0.213834494352
hit! 0.363278269768
hit! 0.918709874153
--not hard enough: -0.227194622159
hit! 0.945430278778
hit! 0.14960218966
hit! 0.921099841595
hit! 0.944847524166
hit! 0.198185682297
--not hard enough: -0.411441355944
--not hard enough: 0.011457526125
hit! 0.66876834631
hit! 0.79987102747
hit! 0.370130300522
hit! 0.983930826187
--not hard enough: 0.0433720834553
hit! 0.989405035973
hit! 0.718009889126
hit! 0.365688979626
hit! 0.663672566414
hit! 0.997463464737
hit! 0.967036783695
hit! 0.968031167984
hit! 0.997161328793
hit! 0.944374740124
hit! 0.96263897419
hit! 0.697759628296
hit! 0.939777851105
--not hard enough: -0.46658667922
--not hard enough: 0.284864008427
hit! 0.614588916302
hit! 0.523587226868
hit! 0.948962032795
hit! 0.998453974724
hit! 0.895976126194
hit! 0.809939920902
hit! 0.992194116116
hit! 0.449071615934
hit! 0.89639121294
hit! 0.953425645828
hit! 0.512685358524
--not hard enough: -0.157617911696
hit! 0.884975731373
--not hard enough: -0.213601216674
hit! 0.191174730659
