TTLocalizer: Running in language: English
OTPLocalizer: Running in language: English
Preloading suits...
Preloading Toon heads...
Preloading avatars...
{401000001: <toontown.distributed.ToontownDistrict.ToontownDistrict instance at 0x18C0F5A8>}
__handleAvatarChooserDone: 100000181, 'Boris', ('csl', 'ls', 's', 'm', (0.64, 0.35, 0.26, 1.0), (1.0, 1.0, 1.0, 1.0), (0.64, 0.35, 0.26, 1.0), (0.64, 0.35, 0.26, 1.0), 8, 27, 5, 27, 3, 27), 0
entered wait for zone redirect
entered wait for set zone response - 2
Reading DNA file... phase_4/dna/storage.pdna
Reading DNA file... phase_3.5/dna/storage_interior.pdna
entered wait for zone redirect
entered wait for set zone response - 2
entered wait for zone redirect
entered wait for set zone response - 2
Laser Field initCollisionGeom
Laser Field initCollisionGeom
CollisionEntry:
  from render/Boris-100000181/camFloorRayNode/ccRay2Node
  into render/stage401004099/ZoneEntity-0/-PandaNode/LB_Zone03a_egg/Collsion/stageFloorColl0 []
  at -1 -8.9125 -0.0334606
  normal -0.000961985 0.000458579 0.999999
  respect_prev_transform = 0


CollisionEntry:
  from render/Boris-100000181/camFloorRayNode/ccRay2Node
  into render/stage401004099/LB_connector_7cubeLR.egg/-PandaNode/LB_connector_7cubeLR_egg/collison/stageFloorColl1 []
  at -1 38.5284 0.111743
  normal 9.26614e-005 -0.421613 0.906776
  respect_prev_transform = 0


CollisionEntry:
  from render/Boris-100000181/camFloorRayNode/ccRay2Node
  into render/stage401004099/LB_connector_7cubeLR.egg/-PandaNode/LB_connector_7cubeLR_egg/collison/stageFloorColl1 []
  at -2.48017 51.2859 4.95171
  normal 6.5559e-005 0 1
  respect_prev_transform = 0


CollisionEntry:
  from render/Boris-100000181/camFloorRayNode/ccRay2Node
  into render/stage401004099/ZoneEntity-0/-PandaNode/Z13_ALL/room/collsion/stageFloorColl2 []
  at 33.0945 111.526 4.95065
  normal 0 0 1
  respect_prev_transform = 0


CollisionEntry:
  from render/Boris-100000181/NPW.cRayNode
  into render/stage401004099/ZoneEntity-0/-PandaNode/Z13_ALL/room/collsion/stageFloorColl2 []
  at 32.5315 208.303 4.95065
  normal 0 0 1
  respect_prev_transform = 1


CollisionEntry:
  from render/Boris-100000181/NPW.cRayNode
  into render/stage401004099/ZoneEntity-0/-PandaNode/Z13_ALL/room/collsion/stageFloorColl2 []
  at 19.6765 274.005 4.95065
  normal 0 0 1
  respect_prev_transform = 1


CollisionEntry:
  from render/Boris-100000181/camFloorRayNode/ccRay2Node
  into render/stage401004099/ZoneEntity-0/-PandaNode/Z13_ALL/room/collsion/stageFloorColl2 []
  at 19.0583 274.469 4.95065
  normal 0 0 1
  respect_prev_transform = 0


CollisionEntry:
  from render/Boris-100000181/NPW.cRayNode
  into render/stage401004099/LB_connector_7cubeLR.egg/-PandaNode/LB_connector_7cubeLR_egg/collison/stageFloorColl3 []
  at 20.6343 380.626 4.95358
  normal 0.000133877 0 1
  respect_prev_transform = 1


CollisionEntry:
  from render/Boris-100000181/camFloorRayNode/ccRay2Node
  into render/stage401004099/LB_connector_7cubeLR.egg/-PandaNode/LB_connector_7cubeLR_egg/collison/stageFloorColl3 []
  at 20.6391 381.199 4.95358
  normal 0.000133877 0 1
  respect_prev_transform = 0


CollisionEntry:
  from render/Boris-100000181/NPW.cRayNode
  into render/stage401004099/LB_connector_7cubeLR.egg/-PandaNode/LB_connector_7cubeLR_egg/collison/stageFloorColl3 []
  at 20.6859 386.367 6.665
  normal 9.26614e-005 -0.421613 0.906776
  respect_prev_transform = 1


CollisionEntry:
  from render/Boris-100000181/camFloorRayNode/ccRay2Node
  into render/stage401004099/LB_connector_7cubeLR.egg/-PandaNode/LB_connector_7cubeLR_egg/collison/stageFloorColl3 []
  at 20.67 384.061 5.59295
  normal 9.26614e-005 -0.421613 0.906776
  respect_prev_transform = 0


CollisionEntry:
  from render/Boris-100000181/camFloorRayNode/ccRay2Node
  into render/stage401004099/LB_connector_7cubeLR.egg/-PandaNode/LB_connector_7cubeLR_egg/collison/stageFloorColl3 []
  at 21.5718 393.164 4.95346
  normal 0.000133877 0 1
  respect_prev_transform = 0


CollisionEntry:
  from render/Boris-100000181/NPW.cRayNode
  into render/stage401004099/LB_connector_7cubeLR.egg/-PandaNode/LB_connector_7cubeLR_egg/collison/stageFloorColl3 []
  at 20.7729 396.052 9.95211
  normal 6.5559e-005 0 1
  respect_prev_transform = 1


CollisionEntry:
  from render/Boris-100000181/camFloorRayNode/ccRay2Node
  into render/stage401004099/LB_connector_7cubeLR.egg/-PandaNode/LB_connector_7cubeLR_egg/collison/stageFloorColl3 []
  at 21.5071 395.724 9.95203
  normal 6.5559e-005 0 1
  respect_prev_transform = 0


CollisionEntry:
  from render/Boris-100000181/NPW.cRayNode
  into render/stage401004099/ZoneEntity-0/-PandaNode/Z07_ALL/stageFloorColl4 []
  at 0.398857 500.698 17.8693
  normal 0 0 1
  respect_prev_transform = 1


CollisionEntry:
  from render/Boris-100000181/camFloorRayNode/ccRay2Node
  into render/stage401004099/ZoneEntity-0/-PandaNode/Z07_ALL/stageFloorColl4 []
  at 0.334846 501.363 17.868
  normal 0 0 1
  respect_prev_transform = 0


CollisionEntry:
  from render/Boris-100000181/camFloorRayNode/ccRay2Node
  into render/stage401004099/LB_connector_7cubeL2.egg/-PandaNode/LB_connector_7cubeL2_egg/collison/stageFloorColl5 []
  at -9.33781 519.033 17.6302
  normal 0 -0.0012142 0.999999
  respect_prev_transform = 0


CollisionEntry:
  from render/Boris-100000181/camFloorRayNode/ccRay2Node
  into render/stage401004099/ZoneEntity-0/-PandaNode/Z07_ALL/stageFloorColl4 []
  at -8.76212 521.787 17.6354
  normal 0 0 1
  respect_prev_transform = 0


CollisionEntry:
  from render/Boris-100000181/camFloorRayNode/ccRay2Node
  into render/stage401004099/ZoneEntity-0/-PandaNode/Z07_ALL/stageFloorColl4 []
  at 36.094 529.554 9.95587
  normal 0 0 1
  respect_prev_transform = 0


CollisionEntry:
  from render/Boris-100000181/NPW.cRayNode
  into render/stage401004099/ZoneEntity-0/-PandaNode/Z07_ALL/stageFloorColl4 []
  at 36.2594 529.483 9.95597
  normal 0 0 1
  respect_prev_transform = 1


CollisionEntry:
  from render/Boris-100000181/NPW.cRayNode
  into render/stage401004099/LB_connector_7cubeL2.egg/-PandaNode/LB_connector_7cubeL2_egg/collison/stageFloorColl5 []
  at -9.61738 521.82 17.6334
  normal 0 -0.0012142 0.999999
  respect_prev_transform = 1


CollisionEntry:
  from render/Boris-100000181/NPW.cRayNode
  into render/stage401004099/LB_connector_7cubeL2.egg/-PandaNode/LB_connector_7cubeL2_egg/collison/stageFloorColl5 []
  at -12.9526 518.628 18.2733
  normal 0.421375 -0.000541584 0.906886
  respect_prev_transform = 1


CollisionEntry:
  from render/Boris-100000181/camFloorRayNode/ccRay2Node
  into render/stage401004099/LB_connector_7cubeL2.egg/-PandaNode/LB_connector_7cubeL2_egg/collison/stageFloorColl5 []
  at -14.0836 517.545 17.6284
  normal 0 -0.0012142 0.999999
  respect_prev_transform = 0


CollisionEntry:
  from render/Boris-100000181/camFloorRayNode/ccRay2Node
  into render/stage401004099/LB_connector_7cubeL2.egg/-PandaNode/LB_connector_7cubeL2_egg/collison/stageFloorColl5 []
  at -13.694 517.566 18.6174
  normal 0.421375 -0.000541584 0.906886
  respect_prev_transform = 0


CollisionEntry:
  from render/Boris-100000181/camFloorRayNode/ccRay2Node
  into render/stage401004099/LB_connector_7cubeL2.egg/-PandaNode/LB_connector_7cubeL2_egg/collison/stageFloorColl5 []
  at -11.1891 517.848 17.6287
  normal 0 -0.0012142 0.999999
  respect_prev_transform = 0


CollisionEntry:
  from render/Boris-100000181/camFloorRayNode/ccRay2Node
  into render/stage401004099/ZoneEntity-0/-PandaNode/Z07_ALL/stageFloorColl4 []
  at -9.33039 517.085 17.6207
  normal 0 0 1
  respect_prev_transform = 0


CollisionEntry:
  from render/Boris-100000181/NPW.cRayNode
  into render/stage401004099/LB_connector_7cubeL2.egg/-PandaNode/LB_connector_7cubeL2_egg/collison/stageFloorColl5 []
  at -21.0801 517.423 22.0492
  normal 0.421375 -0.000541584 0.906886
  respect_prev_transform = 1


CollisionEntry:
  from render/Boris-100000181/camFloorRayNode/ccRay2Node
  into render/stage401004099/LB_connector_7cubeL2.egg/-PandaNode/LB_connector_7cubeL2_egg/collison/stageFloorColl5 []
  at -22.0751 518.497 17.6295
  normal 0 -0.0012142 0.999999
  respect_prev_transform = 0


CollisionEntry:
  from render/Boris-100000181/NPW.cRayNode
  into render/stage401004099/LB_connector_7cubeL2.egg/-PandaNode/LB_connector_7cubeL2_egg/collison/stageFloorColl5 []
  at -24.7501 519.313 22.6247
  normal 0.000218784 -0.000597282 1
  respect_prev_transform = 1


CollisionEntry:
  from render/Boris-100000181/camFloorRayNode/ccRay2Node
  into render/stage401004099/LB_connector_7cubeL2.egg/-PandaNode/LB_connector_7cubeL2_egg/collison/stageFloorColl5 []
  at -24.9153 519.897 22.6252
  normal 0.000218784 -0.000597282 1
  respect_prev_transform = 0


CollisionEntry:
  from render/Boris-100000181/NPW.cRayNode
  into render/stage401004099/LB_connector_7cubeL2.egg/-PandaNode/LB_connector_7cubeL2_egg/collison/stageFloorColl5 []
  at -81.9704 501.893 22.6234
  normal -0.000243786 0.000494851 1
  respect_prev_transform = 1


CollisionEntry:
  from render/Boris-100000181/camFloorRayNode/ccRay2Node
  into render/stage401004099/LB_connector_7cubeL2.egg/-PandaNode/LB_connector_7cubeL2_egg/collison/stageFloorColl5 []
  at -82.9804 500.195 22.6242
  normal -0.000243786 0.000494851 1
  respect_prev_transform = 0


CollisionEntry:
  from render/Boris-100000181/NPW.cRayNode
  into render/stage401004099/ZoneEntity-0/-PandaNode/Z13_ALL/room/collsion/stageFloorColl6 []
  at -86.1397 496.708 22.619
  normal 0 0 1
  respect_prev_transform = 1


CollisionEntry:
  from render/Boris-100000181/camFloorRayNode/ccRay2Node
  into render/stage401004099/ZoneEntity-0/-PandaNode/Z13_ALL/room/collsion/stageFloorColl6 []
  at -85.7718 494.94 22.619
  normal 0 0 1
  respect_prev_transform = 0


CollisionEntry:
  from render/Boris-100000181/NPW.cRayNode
  into render/stage401004099/ZoneEntity-0/-PandaNode/Z13_ALL/room/collsion/stageFloorColl6 []
  at -258.454 491.755 22.619
  normal 0 0 1
  respect_prev_transform = 1


CollisionEntry:
  from render/Boris-100000181/camFloorRayNode/ccRay2Node
  into render/stage401004099/ZoneEntity-0/-PandaNode/Z13_ALL/room/collsion/stageFloorColl6 []
  at -259.04 491.146 22.619
  normal 0 0 1
  respect_prev_transform = 0


spec = {'parentEntId': 10000, 'pos': LPoint3f(0, 0, 0)}
h = None
### newVec3 =  LVector3f(1.99997, 6.29996, 1.5)
### newVec3 =  LVector3f(1.99997, 6.29996, 0)
### newVec3 =  LVector3f(1.99997, 6.29996, 0.375)
### newVec3 =  LVector3f(1.99997, 6.29996, 0)
