TTLocalizer: Running in language: English
OTPLocalizer: Running in language: English
Preloading suits...
Preloading Toon heads...
Preloading avatars...
{401000001: <toontown.distributed.ToontownDistrict.ToontownDistrict instance at 0x1A0CD670>}
__handleAvatarChooserDone: 100000222, 'Bunny', ('rls', 'ms', 's', 'f', (0.99, 0.95, 0.59, 1.0), (1.0, 1.0, 1.0, 1.0), (0.99, 0.95, 0.59, 1.0), (0.99, 0.95, 0.59, 1.0), 16, 27, 0, 27, 5, 2), 1
entered wait for zone redirect
entered wait for set zone response - 2
Reading DNA file... phase_4/dna/storage.pdna
Reading DNA file... phase_3.5/dna/storage_interior.pdna
Reading DNA file... phase_4/dna/storage_TT.pdna
Reading DNA file... phase_4/dna/storage_TT_sz.pdna
Reading DNA file... phase_4/dna/toontown_central_sz.pdna
__handleAvatarChooserDone: 100000070, 'Master Cool Cat', ('csl', 'ms', 'm', 'm', (0.3, 0.3, 0.35, 1.0), (0.28, 0.32, 0.72, 1.0), (0.3, 0.3, 0.35, 1.0), (0.3, 0.3, 0.35, 1.0), 111, 27, 98, 27, 41, 27), 3
entered wait for zone redirect
entered wait for set zone response - 2
Reading DNA file... phase_4/dna/storage.pdna
Reading DNA file... phase_3.5/dna/storage_interior.pdna
entered wait for zone redirect
entered wait for set zone response - 2
spec = {'parentEntId': 110000, 'pos': LPoint3f(0, 0, 0)}
h = None
Pattern [5, 5, 2, 2, 6, 6] Place 0 Type 5
Pattern [5, 5, 2, 2, 6, 6] Place 1 Type 5
Pattern [5, 5, 2, 2, 6, 6] Place 2 Type 2
Pattern [5, 5, 2, 2, 6, 6] Place 3 Type 2
Pattern [5, 5, 2, 2, 6, 6] Place 4 Type 6
Pattern [5, 5, 2, 2, 6, 6] Place 5 Type 6
Pattern [5, 5, 2, 2, 6, 6] Place 0 Type 5
Pattern [5, 5, 2, 2, 6, 6] Place 1 Type 5
Pattern [5, 5, 2, 2, 6, 6] Place 2 Type 2
Pattern [5, 5, 2, 2, 6, 6] Place 3 Type 2
Pattern [5, 5, 2, 2, 6, 6] Place 4 Type 6
Pattern [5, 5, 2, 2, 6, 6] Place 5 Type 6
Pattern [1, 2, 6, 5, 0, 2, 1, 6, 0, 5] Place 0 Type 1
Pattern [1, 2, 6, 5, 0, 2, 1, 6, 0, 5] Place 1 Type 2
Pattern [1, 2, 6, 5, 0, 2, 1, 6, 0, 5] Place 2 Type 6
Pattern [1, 2, 6, 5, 0, 2, 1, 6, 0, 5] Place 3 Type 5
Pattern [1, 2, 6, 5, 0, 2, 1, 6, 0, 5] Place 4 Type 0
Pattern [1, 2, 6, 5, 0, 2, 1, 6, 0, 5] Place 5 Type 2
Pattern [1, 2, 6, 5, 0, 2, 1, 6, 0, 5] Place 6 Type 1
Pattern [1, 2, 6, 5, 0, 2, 1, 6, 0, 5] Place 7 Type 6
Pattern [1, 2, 6, 5, 0, 2, 1, 6, 0, 5] Place 8 Type 0
Pattern [1, 2, 6, 5, 0, 2, 1, 6, 0, 5] Place 9 Type 5
Pattern [1, 2, 6, 5, 0, 2, 1, 6, 0, 5] Place 0 Type 1
Pattern [1, 2, 6, 5, 0, 2, 1, 6, 0, 5] Place 1 Type 2
Pattern [1, 2, 6, 5, 0, 2, 1, 6, 0, 5] Place 2 Type 6
Pattern [1, 2, 6, 5, 0, 2, 1, 6, 0, 5] Place 3 Type 5
Pattern [1, 2, 6, 5, 0, 2, 1, 6, 0, 5] Place 4 Type 0
Pattern [1, 2, 6, 5, 0, 2, 1, 6, 0, 5] Place 5 Type 2
Pattern [1, 2, 6, 5, 0, 2, 1, 6, 0, 5] Place 6 Type 1
Pattern [1, 2, 6, 5, 0, 2, 1, 6, 0, 5] Place 7 Type 6
Pattern [1, 6, 0, 2, 5, 5, 0, 2, 6, 1] Place 0 Type 1
Pattern [1, 6, 0, 2, 5, 5, 0, 2, 6, 1] Place 1 Type 6
Pattern [1, 6, 0, 2, 5, 5, 0, 2, 6, 1] Place 2 Type 0
Pattern [1, 6, 0, 2, 5, 5, 0, 2, 6, 1] Place 3 Type 2
Pattern [1, 6, 0, 2, 5, 5, 0, 2, 6, 1] Place 4 Type 5
Pattern [1, 6, 0, 2, 5, 5, 0, 2, 6, 1] Place 5 Type 5
Pattern [1, 6, 0, 2, 5, 5, 0, 2, 6, 1] Place 6 Type 0
Pattern [1, 6, 0, 2, 5, 5, 0, 2, 6, 1] Place 7 Type 2
Pattern [1, 6, 0, 2, 5, 5, 0, 2, 6, 1] Place 8 Type 6
Pattern [1, 6, 0, 2, 5, 5, 0, 2, 6, 1] Place 9 Type 1
Pattern [1, 6, 0, 2, 5, 5, 0, 2, 6, 1] Place 0 Type 1
Pattern [1, 6, 0, 2, 5, 5, 0, 2, 6, 1] Place 1 Type 6
Pattern [1, 6, 0, 2, 5, 5, 0, 2, 6, 1] Place 2 Type 0
Pattern [6, 0, 2, 1, 2, 6, 1, 0] Place 0 Type 6
Pattern [6, 0, 2, 1, 2, 6, 1, 0] Place 1 Type 0
Pattern [6, 0, 2, 1, 2, 6, 1, 0] Place 2 Type 2
Pattern [6, 0, 2, 1, 2, 6, 1, 0] Place 3 Type 1
Pattern [6, 0, 2, 1, 2, 6, 1, 0] Place 4 Type 2
Pattern [6, 0, 2, 1, 2, 6, 1, 0] Place 5 Type 6
Pattern [6, 0, 2, 1, 2, 6, 1, 0] Place 6 Type 1
Pattern [6, 0, 2, 1, 2, 6, 1, 0] Place 7 Type 0
Pattern [6, 0, 2, 1, 2, 6, 1, 0] Place 0 Type 6
Pattern [6, 0, 2, 1, 2, 6, 1, 0] Place 1 Type 0
Pattern [6, 0, 2, 1, 2, 6, 1, 0] Place 2 Type 2
Pattern [6, 0, 2, 1, 2, 6, 1, 0] Place 3 Type 1
Pattern [6, 0, 2, 1, 2, 6, 1, 0] Place 4 Type 2
spec = {'parentEntId': 110400, 'pos': LPoint3f(0, 0, 0)}
h = None
../resources/phase_3/audio/sfx
../resources/phase_3.5/audio/sfx
../resources/phase_4/audio/sfx
../resources/phase_5/audio/sfx
/phase_3/audio/sfx
/phase_3.5/audio/sfx
/phase_4/audio/sfx
/phase_5/audio/sfx

spec = {'parentEntId': 110200, 'pos': LPoint3f(0, 0, 0)}
h = None
Pattern [7, 7] Place 0 Type 7
Pattern [7, 7] Place 1 Type 7
Pattern [7, 7] Place 0 Type 7
Pattern [7, 7] Place 1 Type 7
Pattern [7, 7] Place 0 Type 7
Pattern [7, 7] Place 1 Type 7
Pattern [7, 7] Place 0 Type 7
Pattern [7, 7] Place 1 Type 7
Pattern [7, 7] Place 0 Type 7
Pattern [7, 7] Place 1 Type 7
Pattern [7, 7] Place 0 Type 7
Pattern [7, 7] Place 1 Type 7
Pattern [7, 7] Place 0 Type 7
Pattern [7, 7] Place 1 Type 7
Pattern [7, 7] Place 0 Type 7
Pattern [1, 6, 5, 6, 5, 0, 0, 1] Place 0 Type 1
Pattern [1, 6, 5, 6, 5, 0, 0, 1] Place 1 Type 6
Pattern [1, 6, 5, 6, 5, 0, 0, 1] Place 2 Type 5
Pattern [1, 6, 5, 6, 5, 0, 0, 1] Place 3 Type 6
Pattern [1, 6, 5, 6, 5, 0, 0, 1] Place 4 Type 5
Pattern [1, 6, 5, 6, 5, 0, 0, 1] Place 5 Type 0
Pattern [1, 6, 5, 6, 5, 0, 0, 1] Place 6 Type 0
Pattern [1, 6, 5, 6, 5, 0, 0, 1] Place 7 Type 1
Pattern [1, 6, 5, 6, 5, 0, 0, 1] Place 0 Type 1
Pattern [1, 6, 5, 6, 5, 0, 0, 1] Place 1 Type 6
Pattern [1, 6, 5, 6, 5, 0, 0, 1] Place 2 Type 5
Pattern [1, 6, 5, 6, 5, 0, 0, 1] Place 3 Type 6
Pattern [1, 6, 5, 6, 5, 0, 0, 1] Place 4 Type 5
Pattern [1, 6, 5, 6, 5, 0, 0, 1] Place 5 Type 0
Pattern [1, 6, 5, 6, 5, 0, 0, 1] Place 6 Type 0
Pattern [1, 6, 5, 6, 5, 0, 0, 1] Place 7 Type 1
Pattern [2, 1, 5, 0, 6, 1, 2, 6, 0, 5] Place 0 Type 2
Pattern [2, 1, 5, 0, 6, 1, 2, 6, 0, 5] Place 1 Type 1
Pattern [2, 1, 5, 0, 6, 1, 2, 6, 0, 5] Place 2 Type 5
Pattern [2, 1, 5, 0, 6, 1, 2, 6, 0, 5] Place 3 Type 0
Pattern [2, 1, 5, 0, 6, 1, 2, 6, 0, 5] Place 4 Type 6
Pattern [2, 1, 5, 0, 6, 1, 2, 6, 0, 5] Place 5 Type 1
Pattern [2, 1, 5, 0, 6, 1, 2, 6, 0, 5] Place 6 Type 2
Pattern [2, 1, 5, 0, 6, 1, 2, 6, 0, 5] Place 7 Type 6
Pattern [2, 1, 5, 0, 6, 1, 2, 6, 0, 5] Place 8 Type 0
Pattern [2, 1, 5, 0, 6, 1, 2, 6, 0, 5] Place 9 Type 5
Pattern [2, 1, 5, 0, 6, 1, 2, 6, 0, 5] Place 0 Type 2
Pattern [2, 1, 5, 0, 6, 1, 2, 6, 0, 5] Place 1 Type 1
Pattern [2, 1, 5, 0, 6, 1, 2, 6, 0, 5] Place 2 Type 5
Pattern [2, 1, 5, 0, 6, 1, 2, 6, 0, 5] Place 3 Type 0
Pattern [2, 1, 5, 0, 6, 1, 2, 6, 0, 5] Place 4 Type 6
Pattern [2, 1, 5, 0, 6, 1, 2, 6, 0, 5] Place 5 Type 1
Pattern [2, 1, 5, 0, 6, 1, 2, 6, 0, 5] Place 6 Type 2
Pattern [2, 1, 5, 0, 6, 1, 2, 6, 0, 5] Place 7 Type 6
Pattern [6, 0, 2, 2, 1, 0, 5, 6, 1, 5] Place 0 Type 6
Pattern [6, 0, 2, 2, 1, 0, 5, 6, 1, 5] Place 1 Type 0
Pattern [6, 0, 2, 2, 1, 0, 5, 6, 1, 5] Place 2 Type 2
Pattern [6, 0, 2, 2, 1, 0, 5, 6, 1, 5] Place 3 Type 2
Pattern [6, 0, 2, 2, 1, 0, 5, 6, 1, 5] Place 4 Type 1
Pattern [6, 0, 2, 2, 1, 0, 5, 6, 1, 5] Place 5 Type 0
Pattern [6, 0, 2, 2, 1, 0, 5, 6, 1, 5] Place 6 Type 5
Pattern [6, 0, 2, 2, 1, 0, 5, 6, 1, 5] Place 7 Type 6
Pattern [6, 0, 2, 2, 1, 0, 5, 6, 1, 5] Place 8 Type 1
Pattern [6, 0, 2, 2, 1, 0, 5, 6, 1, 5] Place 9 Type 5
Pattern [6, 0, 2, 2, 1, 0, 5, 6, 1, 5] Place 0 Type 6
Pattern [6, 0, 2, 2, 1, 0, 5, 6, 1, 5] Place 1 Type 0
Pattern [6, 0, 2, 2, 1, 0, 5, 6, 1, 5] Place 2 Type 2
Pattern [6, 0, 2, 2, 1, 0, 5, 6, 1, 5] Place 3 Type 2
Pattern [6, 0, 2, 2, 1, 0, 5, 6, 1, 5] Place 4 Type 1
Pattern [6, 0, 2, 2, 1, 0, 5, 6, 1, 5] Place 5 Type 0
Pattern [6, 0, 2, 2, 1, 0, 5, 6, 1, 5] Place 6 Type 5
Pattern [6, 0, 2, 2, 1, 0, 5, 6, 1, 5] Place 7 Type 6
Pattern [6, 0, 2, 2, 1, 0, 5, 6, 1, 5] Place 8 Type 1
Pattern [6, 0, 2, 2, 1, 0, 5, 6, 1, 5] Place 9 Type 5
Pattern [6, 0, 2, 2, 1, 0, 5, 6, 1, 5] Place 0 Type 6
Pattern [6, 0, 2, 2, 1, 0, 5, 6, 1, 5] Place 1 Type 0
Pattern [6, 0, 2, 2, 1, 0, 5, 6, 1, 5] Place 2 Type 2
Pattern [6, 0, 2, 2, 1, 0, 5, 6, 1, 5] Place 3 Type 2
Pattern [6, 0, 2, 2, 1, 0, 5, 6, 1, 5] Place 4 Type 1
Pattern [6, 0, 2, 2, 1, 0, 5, 6, 1, 5] Place 5 Type 0
Pattern [6, 0, 2, 2, 1, 0, 5, 6, 1, 5] Place 6 Type 5
Pattern [6, 0, 2, 2, 1, 0, 5, 6, 1, 5] Place 0 Type 6
Pattern [6, 0, 2, 2, 1, 0, 5, 6, 1, 5] Place 1 Type 0
Pattern [6, 0, 2, 2, 1, 0, 5, 6, 1, 5] Place 2 Type 2
Pattern [6, 0, 2, 2, 1, 0, 5, 6, 1, 5] Place 3 Type 2
Pattern [6, 0, 2, 2, 1, 0, 5, 6, 1, 5] Place 4 Type 1
Pattern [6, 0, 2, 2, 1, 0, 5, 6, 1, 5] Place 5 Type 0
Pattern [6, 0, 2, 2, 1, 0, 5, 6, 1, 5] Place 6 Type 5
spec = {'parentEntId': 110400, 'pos': LPoint3f(0, 0, 0)}
h = None
../resources/phase_3/audio/sfx
../resources/phase_3.5/audio/sfx
../resources/phase_4/audio/sfx
../resources/phase_5/audio/sfx
/phase_3/audio/sfx
/phase_3.5/audio/sfx
/phase_4/audio/sfx
/phase_5/audio/sfx

chooseFireOpenShot <function suitGroupThreeQuarterLeftBehindShot at 0x158C07F0>
chooseFireOpenShot <function avatarCloseUpFireShot at 0x158C0EB0>
Warning: NodePath.remove() is deprecated.  Use remove_node() instead.
