TTLocalizer: Running in language: English
OTPLocalizer: Running in language: English
Preloading suits...
Preloading Toon heads...
Preloading avatars...
{401000001: <toontown.distributed.ToontownDistrict.ToontownDistrict instance at 0x161CE4B8>}
__handleAvatarChooserDone: 100000070, 'Master Cool Cat', ('csl', 'ms', 'm', 'm', (0.3, 0.3, 0.35, 1.0), (0.28, 0.32, 0.72, 1.0), (0.3, 0.3, 0.35, 1.0), (0.3, 0.3, 0.35, 1.0), 111, 27, 98, 27, 41, 27), 3
entered wait for zone redirect
entered wait for set zone response - 2
Reading DNA file... phase_4/dna/storage.pdna
Reading DNA file... phase_3.5/dna/storage_interior.pdna
{401000001: <toontown.distributed.ToontownDistrict.ToontownDistrict instance at 0x161CE4B8>}
__handleAvatarChooserDone: 100000070, 'Master Cool Cat', ('csl', 'ms', 'm', 'm', (0.3, 0.3, 0.35, 1.0), (0.28, 0.32, 0.72, 1.0), (0.3, 0.3, 0.35, 1.0), (0.3, 0.3, 0.35, 1.0), 111, 27, 98, 27, 41, 27), 3
entered wait for zone redirect
entered wait for set zone response - 2
Reading DNA file... phase_4/dna/storage.pdna
Reading DNA file... phase_3.5/dna/storage_interior.pdna
entered wait for zone redirect
entered wait for set zone response - 2
entered wait for zone redirect
entered wait for set zone response - 2
chooseFireOpenShot <function allGroupLowShot at 0x11A4AF70>
chooseFireOpenShot <function avatarCloseUpThreeQuarterLeftFireShot at 0x11A4E830>
Warning: NodePath.remove() is deprecated.  Use remove_node() instead.
../resources/phase_3/audio/sfx
../resources/phase_3.5/audio/sfx
../resources/phase_4/audio/sfx
../resources/phase_5/audio/sfx
/phase_3/audio/sfx
/phase_3.5/audio/sfx
/phase_4/audio/sfx
/phase_5/audio/sfx

../resources/phase_3/audio/sfx
../resources/phase_3.5/audio/sfx
../resources/phase_4/audio/sfx
../resources/phase_5/audio/sfx
/phase_3/audio/sfx
/phase_3.5/audio/sfx
/phase_4/audio/sfx
/phase_5/audio/sfx

entered wait for zone redirect
entered wait for set zone response - 2
Reading DNA file... phase_4/dna/storage.pdna
Reading DNA file... phase_3.5/dna/storage_interior.pdna
Reading DNA file... phase_8/dna/storage_DG.pdna
Reading DNA file... phase_8/dna/storage_DG_sz.pdna
Reading DNA file... phase_8/dna/daisys_garden_sz.pdna
entered wait for zone redirect
entered wait for set zone response - 2
Reading DNA file... phase_5/dna/storage_town.pdna
Reading DNA file... phase_8/dna/storage_DG_town.pdna
Reading DNA file... phase_8/dna/daisys_garden_5200.pdna
entered wait for zone redirect
entered wait for set zone response - 2
../resources/phase_3/audio/sfx
../resources/phase_3.5/audio/sfx
../resources/phase_4/audio/sfx
../resources/phase_5/audio/sfx
/phase_3/audio/sfx
/phase_3.5/audio/sfx
/phase_4/audio/sfx
/phase_5/audio/sfx

../resources/phase_3/audio/sfx
../resources/phase_3.5/audio/sfx
../resources/phase_4/audio/sfx
../resources/phase_5/audio/sfx
/phase_3/audio/sfx
/phase_3.5/audio/sfx
/phase_4/audio/sfx
/phase_5/audio/sfx

### newVec3 =  LVector3f(2, 5.3, 1.5)
### newVec3 =  LVector3f(2, 5.3, 0)
### newVec3 =  LVector3f(2, 5.3, 0.375)
### newVec3 =  LVector3f(2, 5.3, 0)
### newVec3 =  LVector3f(2, 5.3, 1.5)
### newVec3 =  LVector3f(2, 5.3, 0)
### newVec3 =  LVector3f(2, 5.3, 0.375)
### newVec3 =  LVector3f(2, 5.3, 0)
### newVec3 =  LVector3f(2, 6.3, 1.5)
### newVec3 =  LVector3f(2, 6.3, 0)
### newVec3 =  LVector3f(2, 6.3, 0.375)
### newVec3 =  LVector3f(2, 6.3, 0)
entered wait for zone redirect
entered wait for set zone response - 2
Reading DNA file... phase_5/dna/storage_town.pdna
Reading DNA file... phase_8/dna/storage_DG_town.pdna
Reading DNA file... phase_8/dna/daisys_garden_5200.pdna
chooseFireOpenShot <function avatarBehindShot at 0x11A4E3B0>
chooseFireOpenShot <function suitGroupThreeQuarterLeftBehindShot at 0x11A4E130>
Warning: NodePath.remove() is deprecated.  Use remove_node() instead.
entered wait for zone redirect
entered wait for set zone response - 2
Reading DNA file... phase_4/dna/storage.pdna
Reading DNA file... phase_3.5/dna/storage_interior.pdna
entered wait for zone redirect
entered wait for set zone response - 2
entered wait for zone redirect
entered wait for set zone response - 2
Exception occurred while processing remove-death-suit of movie-track-with-cam-401006585:
movie-track-with-cam-401006585:
  0.000 movie-track-with-cam-401006585 {
  0.000   movie-track-401006585 {
  0.000     Sequence-14769 {
  0.000       toon-attacks {
  0.000         Sequence-14772 {
  0.000           Parallel-14771 {
  0.000           }
  0.000           Parallel-14773 {
  0.000             Sequence-14774 {
  0.000               Wait
  0.000               *Func-headsUp-16525
  0.000               *Actor-throw-3846 dur 3.79167
  3.792               *Func-loop-16526
  3.792               *Func-setHpr-16527
  3.792             }
  0.000             Sequence-14776 {
  0.000               Wait
  0.000               *Func-showProps-16528
  0.000               *Func-__animProp-16529
  0.000               Parallel-14775 {
  0.000                 LerpScaleInterval-6790: scale from 0.01 0.01 0.01 to 1.5 1.5 1.5 dur 1
  0.000                 LerpScaleInterval-6791: scale from 0.01 0.01 0.01 to 1.5 1.5 1.5 dur 1
  1.000               }
  1.000               *Func-needRestoreRenderProp-16531
  1.000               Wait dur 1.7
  2.700               *Func-__propPreflightGroup-16530
  2.700               Parallel-14777 {
  2.700                 Sequence-14778 {
  2.700                   *Func-reparentCakePart-16532
  2.700                   Parallel-14779 {
  2.700                     MovieThrow-pieFly: pos from 0.346451 -3.32738 2.09879 to 6 4.4 8.23 dur 0.3
  3.000                   }
  3.000                   *Func-removeProps-16533
  3.000                   *Func-removeProps-16534
  3.000                   *Func-clearRenderProp-16538
  3.000                   *Func-__showProp-16535
  3.000                   *Func-__billboardProp-16536
  3.000                   *Actor-splat-wedding-cake-3847 dur 0.416667
  3.417                   *Func-removeProp-16537
  3.417                 }
  2.700                 Sequence-14780 {
  2.700                   *Func-reparentCakePart-16539
  2.700                   Parallel-14781 {
  2.700                     MovieThrow-pieFly: pos from 0.346451 -3.32738 2.09879 to 2 6.3 9.34 dur 0.3
  3.000                   }
  3.000                   *Func-removeProps-16540
  3.000                   *Func-removeProps-16541
  3.000                   *Func-clearRenderProp-16545
  3.000                   *Func-__showProp-16542
  3.000                   *Func-__billboardProp-16543
  3.000                   *Actor-splat-wedding-cake-3848 dur 0.416667
  3.417                   *Func-removeProp-16544
  3.417                 }
  2.700                 Sequence-14782 {
  2.700                   *Func-reparentCakePart-16546
  2.700                   Parallel-14783 {
  2.700                     MovieThrow-pieFly: pos from 0.346451 -3.32738 2.09879 to -2 6.3 6.08 dur 0.3
  3.000                   }
  3.000                   *Func-removeProps-16547
  3.000                   *Func-removeProps-16548
  3.000                   *Func-clearRenderProp-16552
  3.000                   *Func-__showProp-16549
  3.000                   *Func-__billboardProp-16550
  3.000                   *Actor-splat-wedding-cake-3849 dur 0.416667
  3.417                   *Func-removeProp-16551
  3.417                 }
  2.700                 Sequence-14784 {
  2.700                   *Func-reparentCakePart-16553
  2.700                   Parallel-14785 {
  2.700                     MovieThrow-pieFly: pos from 0.346451 -3.32738 2.09879 to -6 4.4 9.34 dur 0.3
  3.000                   }
  3.000                   *Func-removeProps-16554
  3.000                   *Func-removeProps-16555
  3.000                   *Func-clearRenderProp-16559
  3.000                   *Func-__showProp-16556
  3.000                   *Func-__billboardProp-16557
  3.000                   *Actor-splat-wedding-cake-3850 dur 0.416667
  3.417                   *Func-removeProp-16558
  3.417                 }
  3.417               }
  3.417             }
  0.000             Sequence-14786 {
  0.000               Parallel-14789 {
  0.000                 Sequence-14787 {
  0.000                   Wait dur 1
  1.000                   *Sound-2561 dur 2.06367
  3.064                 }
  0.000                 Sequence-14788 {
  0.000                   Wait dur 3
  3.000                   *Sound-2562 dur 0.783673
  3.784                 }
  3.784               }
  3.784             }
  0.000             Parallel-14790 {
  0.000               Parallel-14801 {
  0.000                 Sequence-14791 {
  0.000                   Wait dur 3
  3.000                   *Func-showHpText-16560 (!oe)
  3.000                   *Func-updateHealthBar-16561
  3.000                   Parallel-14793 {
  3.000                     *Actor-pie-small-react-3851 dur 2.25
  3.000                     Sequence-14792 {
  3.000                       Wait dur 0.3
  3.300                       *Func-reparentTo-16562
  3.300                       *Func-setZ-16563
  3.300                       *Func-loop-16564
  3.300                       Wait dur 1.3
  4.600                       *Func-removeNode-16565
  4.600                     }
  5.250                   }
  5.250                   Parallel-14800 {
  5.250                     Sequence-14795 {
  5.250                       *Func-debug-16566
  5.250                       *Func-insertReviveSuit-16567
  5.250                       *Func-debug-16568
  5.250                       *Actor-lose-3852 dur 6
 11.250                       *Func-debug-16569
 11.250                       *remove-death-suit
 11.250                       *Func-debug-16570
 11.250                       *Func-loop-16571
 11.250                     }
  5.250                     Sequence-14796 {
  5.250                       Wait dur 0.8
  6.050                       *Sound-2563 dur 1.2
  7.250                       *Sound-2564 dur 3
 10.250                       *Sound-2565 dur 1.85469
 12.105                     }
  5.250                     gears1Track {
  5.250                       Wait dur 2.1
  7.350                       *Particle-705 dur 4.3
 11.650                     }
  5.250                     gears2MTrack {
  5.250                       Sequence-14797 {
  5.250                         Wait dur 5.4
 10.650                         Sequence-14798 {
 10.650                           *Func-reparentTo-16572
 10.650                           *Func-setPos-16573
 10.650                           *Func-setScale-16574
 10.650                           Wait dur 0.6
 11.250                           *Func-removeProp-16575
 11.250                         }
 11.250                       }
  5.950                       *Particle-706 dur 5.7
 10.450                       *Particle-707 dur 1.2
 10.650                       *Particle-708 dur 1
 11.650                     }
  5.250                     toonMTrack {
  5.250                       Sequence-14799 {
  5.250                         Wait dur 1
  6.250                         *Actor-duck-3853 dur 3.75
 10.000                         *Actor-duck-3854 dur 1.95
 11.950                         *Func-loop-16576
 11.950                       }
 11.950                     }
 12.105                   }
 12.105                 }
  0.000                 Sequence-14794 {
  0.000                   Wait dur 3
  3.000                 }
 12.105               }
  0.000               Parallel-14806 {
  0.000                 Sequence-14802 {
  0.000                   Wait dur 3
  3.000                   *Func-showHpText-16577 (!oe)
  3.000                   *Func-updateHealthBar-16578
  3.000                   Parallel-14804 {
  3.000                     *Actor-pie-small-react-3855 dur 2.25
  3.000                     Sequence-14803 {
  3.000                       Wait dur 0.3
  3.300                       *Func-reparentTo-16579
  3.300                       *Func-setZ-16580
  3.300                       *Func-loop-16581
  3.300                       Wait dur 1.3
  4.600                       *Func-removeNode-16582
  4.600                     }
  5.250                   }
  5.250                   *Func-loop-16583
  5.250                 }
  0.000                 Sequence-14805 {
  0.000                   Wait dur 3
  3.000                 }
  5.250               }
  0.000               Parallel-14817 {
  0.000                 Sequence-14807 {
  0.000                   Wait dur 3
  3.000                   *Func-showHpText-16584 (!oe)
  3.000                   *Func-updateHealthBar-16585
  3.000                   Parallel-14809 {
  3.000                     *Actor-pie-small-react-3856 dur 2.25
  3.000                     Sequence-14808 {
  3.000                       Wait dur 0.3
  3.300                       *Func-reparentTo-16586
  3.300                       *Func-setZ-16587
  3.300                       *Func-loop-16588
  3.300                       Wait dur 1.3
  4.600                       *Func-removeNode-16589
  4.600                     }
  5.250                   }
  5.250                   Parallel-14816 {
  5.250                     Sequence-14811 {
  5.250                       *Func-debug-16590
  5.250                       *Func-insertReviveSuit-16591
  5.250                       *Func-debug-16592
  5.250                       *Actor-lose-3857 dur 6
 11.250                       *Func-debug-16593
 11.250                       *remove-death-suit
 11.250                       *Func-debug-16594
 11.250                       *Func-loop-16595
 11.250                     }
  5.250                     Sequence-14812 {
  5.250                       Wait dur 0.8
  6.050                       *Sound-2566 dur 1.2
  7.250                       *Sound-2567 dur 3
 10.250                       *Sound-2568 dur 1.85469
 12.105                     }
  5.250                     gears1Track {
  5.250                       Wait dur 2.1
  7.350                       *Particle-709 dur 4.3
 11.650                     }
  5.250                     gears2MTrack {
  5.250                       Sequence-14813 {
  5.250                         Wait dur 5.4
 10.650                         Sequence-14814 {
 10.650                           *Func-reparentTo-16596
 10.650                           *Func-setPos-16597
 10.650                           *Func-setScale-16598
 10.650                           Wait dur 0.6
 11.250                           *Func-removeProp-16599
 11.250                         }
 11.250                       }
  5.950                       *Particle-710 dur 5.7
 10.450                       *Particle-711 dur 1.2
 10.650                       *Particle-712 dur 1
 11.650                     }
  5.250                     toonMTrack {
  5.250                       Sequence-14815 {
  5.250                         Wait dur 1
  6.250                         *Actor-duck-3858 dur 3.75
 10.000                         *Actor-duck-3859 dur 1.95
 11.950                         *Func-loop-16600
 11.950                       }
 11.950                     }
 12.105                   }
 12.105                 }
  0.000                 Sequence-14810 {
  0.000                   Wait dur 3
  3.000                 }
 12.105               }
  0.000               Parallel-14822 {
  0.000                 Sequence-14818 {
  0.000                   Wait dur 3
  3.000                   *Func-showHpText-16601 (!oe)
  3.000                   *Func-updateHealthBar-16602
  3.000                   Parallel-14820 {
  3.000                     *Actor-pie-small-react-3860 dur 2.25
  3.000                     Sequence-14819 {
  3.000                       Wait dur 0.3
  3.300                       *Func-reparentTo-16603
  3.300                       *Func-setZ-16604
  3.300                       *Func-loop-16605
  3.300                       Wait dur 1.3
  4.600                       *Func-removeNode-16606
  4.600                     }
  5.250                   }
  5.250                   *Func-loop-16607
  5.250                 }
  0.000                 Sequence-14821 {
  0.000                   Wait dur 3
  3.000                 }
  5.250               }
 12.105             }
 12.105           }
 12.105         }
 12.105       }
 12.105       suit-attacks {
 12.105         Sequence-14842 {
 12.105           Parallel-14834 {
 12.105             Sequence-14824 {
 12.105               Wait dur 1e-006
 12.105               *Func-setChatAbsolute-16612
 12.105               *Func-reparentTrap-16613
 12.105               *Func-headsUp-16614
 12.105               *Actor-song-and-dance-3861 dur 6
 18.105               *Func-setHpr-16615
 18.105               *Func-returnTrapToSuit-16616
 18.105               *Func-clearChat-16617
 18.105             }
 12.105             Sequence-14829 {
 12.105               *Func-headsUp-16628
 12.105               Parallel-14832 {
 12.105                 Sequence-14830 {
 12.105                   Wait dur 3.6
 15.705                   *Actor-cringe-3862 dur 2.29167
 17.997                   *Func-loop-16630
 17.997                 }
 12.105                 Sequence-14831 {
 12.105                   Wait dur 3.61
 15.715                   *Func-__doDamage-16629
 15.715                 }
 17.997               }
 17.997             }
 12.105             Sequence-14825 {
 12.105               Wait dur 0.5
 12.605               *Func-__showProp-16618
 12.605               LerpScaleInterval-6792: scale from 0.01 0.01 0.01 to 1.1 1.1 1.1 dur 0.5
 13.105               Wait dur 5.2
 18.305               LerpScaleInterval-6793: scale to 0.01 0.01 0.01 dur 0.5
 18.805               *Func-removeProp-16619
 18.805             }
 12.105             Sequence-14827 {
 12.105               Sequence-14826 {
 12.105                 Wait dur 1.7
 13.805                 *Func-__showProp-16620
 13.805                 LerpScaleInterval-6794: scale from 0.01 0.01 0.01 to 1.5 1.5 1.5 dur 0.5
 14.305               }
 14.305               *Func-needRestoreRenderProp-16621
 14.305               *Func-wrtReparentTo-16622
 14.305               Wait dur 2.15
 16.455               Sequence-14828 {
 16.455                 *Func-needRestoreRenderProp-16623
 16.455                 *Func-wrtReparentTo-16624
 16.455                 LerpPosInterval-6795: pos to 20 -51 3.0375 dur 0.5
 16.955                 *Func-removeProp-16625
 16.955                 *Func-clearRenderProp-16626
 16.955               }
 16.955               *Func-clearRenderProp-16627
 16.955             }
 12.105             Sequence-14833 {
 12.105               Wait dur 0.1
 12.205               *Sound-2569 dur 6.94857
 19.154             }
 19.154           }
 19.154           *Func-loop-16641
 19.154           Sequence-14841 {
 19.154             *Func-headsUp-16639
 19.154             *Func-loop-16640
 19.154           }
 19.154         }
 19.154         Sequence-14861 {
 19.154           Parallel-14853 {
 19.154             Sequence-14843 {
 19.154               Wait dur 1e-006
 19.154               *Func-setChatAbsolute-16642
 19.154               *Func-reparentTrap-16643
 19.154               *Func-headsUp-16644
 19.154               *Actor-song-and-dance-3863 dur 6
 25.154               *Func-setHpr-16645
 25.154               *Func-returnTrapToSuit-16646
 25.154               *Func-clearChat-16647
 25.154             }
 19.154             Sequence-14848 {
 19.154               *Func-headsUp-16658
 19.154               Parallel-14851 {
 19.154                 Sequence-14849 {
 19.154                   Wait dur 3.6
 22.754                   *Actor-cringe-3864 dur 2.29167
 25.046                   *Func-loop-16660
 25.046                 }
 19.154                 Sequence-14850 {
 19.154                   Wait dur 3.61
 22.764                   *Func-__doDamage-16659
 22.764                 }
 25.046               }
 25.046             }
 19.154             Sequence-14844 {
 19.154               Wait dur 0.5
 19.654               *Func-__showProp-16648
 19.654               LerpScaleInterval-6796: scale from 0.01 0.01 0.01 to 1.1 1.1 1.1 dur 0.5
 20.154               Wait dur 5.2
 25.354               LerpScaleInterval-6797: scale to 0.01 0.01 0.01 dur 0.5
 25.854               *Func-removeProp-16649
 25.854             }
 19.154             Sequence-14846 {
 19.154               Sequence-14845 {
 19.154                 Wait dur 1.7
 20.854                 *Func-__showProp-16650
 20.854                 LerpScaleInterval-6798: scale from 0.01 0.01 0.01 to 1.5 1.5 1.5 dur 0.5
 21.354               }
 21.354               *Func-needRestoreRenderProp-16651
 21.354               *Func-wrtReparentTo-16652
 21.354               Wait dur 2.15
 23.504               Sequence-14847 {
 23.504                 *Func-needRestoreRenderProp-16653
 23.504                 *Func-wrtReparentTo-16654
 23.504                 LerpPosInterval-6799: pos to 20 -51 3.0375 dur 0.5
 24.004                 *Func-removeProp-16655
 24.004                 *Func-clearRenderProp-16656
 24.004               }
 24.004               *Func-clearRenderProp-16657
 24.004             }
 19.154             Sequence-14852 {
 19.154               Wait dur 0.1
 19.254               *Sound-2570 dur 6.94857
 26.203             }
 26.203           }
 26.203           *Func-loop-16671
 26.203           Sequence-14860 {
 26.203             *Func-headsUp-16669
 26.203             *Func-loop-16670
 26.203           }
 26.203         }
 26.203       }
 26.203       *Func-__handleMovieDone-16672
 26.203     }
 26.203   }
  0.000   Sequence-14862 {
  0.000     Sequence-14770 {
  0.000       toon-attacks-cam {
  0.000         Sequence-14823 {
  0.000           toonGroupShot {
  0.000             *Func-setPosHpr-16608
  0.000             Wait
  0.000           }
  0.000           avatarCloseUpThreeQuarterRightShot {
  0.000             *Func-setPosHpr-16609
  0.000             Wait dur 3
  3.000           }
  3.000           suitGroupThreeQuarterLeftBehindShot {
  3.000             *Func-setPosHpr-16611
  3.000             Wait dur 9.105
 12.105           }
 12.105           toonGroupShot {
 12.105             *Func-setPosHpr-16610
 12.105             Wait
 12.105           }
 12.105         }
 12.105       }
 12.105       suit-attacks-cam {
 12.105         Parallel-14840 {
 12.105           Sequence-14835 {
 12.105             Sequence-14838 {
 12.105               Sequence-14836 {
 12.105                 *Func-setPos-16631
 12.105                 *Func-lookAt-16632
 12.105                 Wait dur 4.5
 16.605               }
 16.605               Sequence-14837 {
 16.605                 *Func-setPos-16633
 16.605                 *Func-lookAt-16634
 16.605                 Wait dur 2.549
 19.154               }
 19.154             }
 19.154           }
 12.105           Sequence-14839 {
 12.105             *Func-hide-16635
 12.105             Wait dur 1.05
 13.155             *Func-setText-16636
 13.155             *Func-show-16637
 13.155             Wait dur 2.45
 15.605             *Func-hide-16638
 15.605           }
 19.154         }
 19.154         Parallel-14859 {
 19.154           Sequence-14854 {
 19.154             Sequence-14857 {
 19.154               Sequence-14855 {
 19.154                 *Func-setPos-16661
 19.154                 *Func-focusCameraBetweenPoints-16662
 19.154                 Wait dur 4.5
 23.654               }
 23.654               Sequence-14856 {
 23.654                 *Func-setPos-16663
 23.654                 *Func-focusCameraBetweenPoints-16664
 23.654                 Wait dur 2.549
 26.203               }
 26.203             }
 26.203           }
 19.154           Sequence-14858 {
 19.154             *Func-hide-16665
 19.154             Wait dur 1.05
 20.204             *Func-setText-16666
 20.204             *Func-show-16667
 20.204             Wait dur 2.45
 22.654             *Func-hide-16668
 22.654           }
 26.203         }
 26.203       }
 26.203     }
 26.203   }
 26.203 }

Traceback (most recent call last):
  File "C:\Panda3D-1.10.0\direct\showbase\ShowBase.py", line 1829, in __ivalLoop
    IntervalManager.ivalMgr.step()
  File "C:\Panda3D-1.10.0\direct\interval\IntervalManager.py", line 94, in step
    self.__doPythonCallbacks()
  File "C:\Panda3D-1.10.0\direct\interval\IntervalManager.py", line 122, in __doPythonCallbacks
    self.ivals[index].privPostEvent()
  File "C:\Panda3D-1.10.0\direct\interval\MetaInterval.py", line 519, in privPostEvent
    self.__doPythonCallbacks()
  File "C:\Panda3D-1.10.0\direct\interval\MetaInterval.py", line 495, in __doPythonCallbacks
    ival.privDoEvent(t, eventType)
  File "C:\Panda3D-1.10.0\direct\interval\Interval.py", line 206, in privDoEvent
    self.privInstant()
  File "C:\Panda3D-1.10.0\direct\interval\FunctionInterval.py", line 88, in privInstant
    self.function(*self.extraArgs, **self.kw)
  File "toontown\battle\MovieUtil.py", line 202, in removeReviveSuit
    suit.healthBar.show()
AttributeError: SuitHealthBar instance has no attribute 'show'
Traceback (most recent call last):
  File "otp\otpbase\OTPBase.py", line 34, in run
    taskMgr.run()
  File "C:\Panda3D-1.10.0\direct\task\Task.py", line 508, in run
    self.step()
  File "C:\Panda3D-1.10.0\direct\task\Task.py", line 465, in step
    self.mgr.poll()
  File "C:\Panda3D-1.10.0\direct\showbase\ShowBase.py", line 1829, in __ivalLoop
    IntervalManager.ivalMgr.step()
  File "C:\Panda3D-1.10.0\direct\interval\IntervalManager.py", line 94, in step
    self.__doPythonCallbacks()
  File "C:\Panda3D-1.10.0\direct\interval\IntervalManager.py", line 122, in __doPythonCallbacks
    self.ivals[index].privPostEvent()
  File "C:\Panda3D-1.10.0\direct\interval\MetaInterval.py", line 519, in privPostEvent
    self.__doPythonCallbacks()
  File "C:\Panda3D-1.10.0\direct\interval\MetaInterval.py", line 495, in __doPythonCallbacks
    ival.privDoEvent(t, eventType)
  File "C:\Panda3D-1.10.0\direct\interval\Interval.py", line 206, in privDoEvent
    self.privInstant()
  File "C:\Panda3D-1.10.0\direct\interval\FunctionInterval.py", line 88, in privInstant
    self.function(*self.extraArgs, **self.kw)
  File "toontown\battle\MovieUtil.py", line 202, in removeReviveSuit
    suit.healthBar.show()
AttributeError: SuitHealthBar instance has no attribute 'show'
