TTLocalizer: Running in language: English
OTPLocalizer: Running in language: English
Preloading suits...
Preloading Toon heads...
Preloading avatars...
{401000001: <toontown.distributed.ToontownDistrict.ToontownDistrict instance at 0x157DE620>}
__handleAvatarChooserDone: 100000181, 'Boris', ('csl', 'ls', 's', 'm', (0.64, 0.35, 0.26, 1.0), (1.0, 1.0, 1.0, 1.0), (0.64, 0.35, 0.26, 1.0), (0.64, 0.35, 0.26, 1.0), 8, 27, 5, 27, 3, 27), 0
entered wait for zone redirect
entered wait for set zone response - 2
Reading DNA file... phase_4/dna/storage.pdna
Reading DNA file... phase_3.5/dna/storage_interior.pdna
Reading DNA file... phase_8/dna/storage_DL.pdna
Reading DNA file... phase_8/dna/storage_DL_sz.pdna
Reading DNA file... phase_8/dna/donalds_dreamland_sz.pdna
entered wait for zone redirect
entered wait for set zone response - 2
Reading DNA file... phase_4/dna/storage.pdna
Reading DNA file... phase_3.5/dna/storage_interior.pdna
entered wait for zone redirect
entered wait for set zone response - 2
entered wait for zone redirect
entered wait for set zone response - 2
### newVec3 =  LVector3f(-1.99998, 6.3, 1.5)
### newVec3 =  LVector3f(-1.99998, 6.3, 0)
### newVec3 =  LVector3f(-1.99998, 6.3, 0.375)
### newVec3 =  LVector3f(-1.99998, 6.3, 0)
{401000001: <toontown.distributed.ToontownDistrict.ToontownDistrict instance at 0x157DE620>}
__handleAvatarChooserDone: 100000181, 'Boris', ('csl', 'ls', 's', 'm', (0.64, 0.35, 0.26, 1.0), (1.0, 1.0, 1.0, 1.0), (0.64, 0.35, 0.26, 1.0), (0.64, 0.35, 0.26, 1.0), 8, 27, 5, 27, 3, 27), 0
entered wait for zone redirect
entered wait for set zone response - 2
Reading DNA file... phase_4/dna/storage.pdna
Reading DNA file... phase_3.5/dna/storage_interior.pdna
entered wait for zone redirect
entered wait for set zone response - 2
entered wait for zone redirect
entered wait for set zone response - 2
### newVec3 =  LVector3f(-1.99998, 11.3, 1.5)
### newVec3 =  LVector3f(-1.99998, 11.3, 0)
### newVec3 =  LVector3f(-1.99998, 11.3, 0.375)
### newVec3 =  LVector3f(-1.99998, 11.3, 0)
### newVec3 =  LVector3f(-1.99998, 6.3, 1.5)
### newVec3 =  LVector3f(-1.99998, 6.3, 0)
### newVec3 =  LVector3f(-1.99998, 6.3, 0.375)
### newVec3 =  LVector3f(-1.99998, 6.3, 0)
### newVec3 =  LVector3f(-1.99998, 11.3, 1.5)
### newVec3 =  LVector3f(-1.99998, 11.3, 0)
### newVec3 =  LVector3f(-1.99998, 11.3, 0.375)
### newVec3 =  LVector3f(-1.99998, 11.3, 0)
### newVec3 =  LVector3f(-1.99998, 11.3, 1.5)
### newVec3 =  LVector3f(-1.99998, 11.3, 0)
### newVec3 =  LVector3f(-1.99998, 11.3, 0.375)
### newVec3 =  LVector3f(-1.99998, 11.3, 0)
### newVec3 =  LVector3f(-1.99998, 6.3, 1.5)
### newVec3 =  LVector3f(-1.99998, 6.3, 0)
### newVec3 =  LVector3f(-1.99998, 6.3, 0.375)
### newVec3 =  LVector3f(-1.99998, 6.3, 0)
### newVec3 =  LVector3f(-1.99998, 11.3, 1.5)
### newVec3 =  LVector3f(-1.99998, 11.3, 0)
### newVec3 =  LVector3f(-1.99998, 11.3, 0.375)
### newVec3 =  LVector3f(-1.99998, 11.3, 0)
### newVec3 =  LVector3f(-1.99998, 6.3, 1.5)
### newVec3 =  LVector3f(-1.99998, 6.3, 0)
### newVec3 =  LVector3f(-1.99998, 6.3, 0.375)
### newVec3 =  LVector3f(-1.99998, 6.3, 0)
### newVec3 =  LVector3f(-1.99998, 6.3, 1.5)
### newVec3 =  LVector3f(-1.99998, 6.3, 0)
### newVec3 =  LVector3f(-1.99998, 6.3, 0.375)
### newVec3 =  LVector3f(-1.99998, 6.3, 0)
### newVec3 =  LVector3f(-1.99998, 6.3, 1.5)
### newVec3 =  LVector3f(-1.99998, 6.3, 0)
### newVec3 =  LVector3f(-1.99998, 6.3, 0.375)
### newVec3 =  LVector3f(-1.99998, 6.3, 0)
### newVec3 =  LVector3f(-1.99998, 6.3, 1.5)
### newVec3 =  LVector3f(-1.99998, 6.3, 0)
### newVec3 =  LVector3f(-1.99998, 6.3, 0.375)
### newVec3 =  LVector3f(-1.99998, 6.3, 0)
### newVec3 =  LVector3f(-1.99998, 6.3, 1.5)
### newVec3 =  LVector3f(-1.99998, 6.3, 0)
### newVec3 =  LVector3f(-1.99998, 6.3, 0.375)
### newVec3 =  LVector3f(-1.99998, 6.3, 0)
### newVec3 =  LVector3f(-1.99998, 6.3, 1.5)
### newVec3 =  LVector3f(-1.99998, 6.3, 0)
### newVec3 =  LVector3f(-1.99998, 6.3, 0.375)
### newVec3 =  LVector3f(-1.99998, 6.3, 0)
### newVec3 =  LVector3f(-1.99998, 6.3, 1.5)
### newVec3 =  LVector3f(-1.99998, 6.3, 0)
### newVec3 =  LVector3f(-1.99998, 6.3, 0.375)
### newVec3 =  LVector3f(-1.99998, 6.3, 0)
### newVec3 =  LVector3f(-1.99998, 6.3, 1.5)
### newVec3 =  LVector3f(-1.99998, 6.3, 0)
### newVec3 =  LVector3f(-1.99998, 6.3, 0.375)
### newVec3 =  LVector3f(-1.99998, 6.3, 0)
entered wait for zone redirect
entered wait for set zone response - 2
Reading DNA file... phase_4/dna/storage.pdna
Reading DNA file... phase_3.5/dna/storage_interior.pdna
Reading DNA file... phase_8/dna/storage_DL.pdna
Reading DNA file... phase_8/dna/storage_DL_sz.pdna
Reading DNA file... phase_8/dna/donalds_dreamland_sz.pdna
entered wait for zone redirect
entered wait for set zone response - 2
entered wait for zone redirect
entered wait for set zone response - 2
Reading DNA file... phase_4/dna/storage.pdna
Reading DNA file... phase_3.5/dna/storage_interior.pdna
Reading DNA file... phase_6/dna/storage_DD.pdna
Reading DNA file... phase_6/dna/storage_DD_sz.pdna
Reading DNA file... phase_6/dna/donalds_dock_sz.pdna
entered wait for zone redirect
entered wait for set zone response - 2
entered wait for zone redirect
entered wait for set zone response - 2
Reading DNA file... phase_4/dna/storage.pdna
Reading DNA file... phase_3.5/dna/storage_interior.pdna
entered wait for zone redirect
entered wait for set zone response - 2
entered wait for zone redirect
entered wait for set zone response - 2
### newVec3 =  LVector3f(0, 11, 1.5)
### newVec3 =  LVector3f(0, 11, 0)
### newVec3 =  LVector3f(0, 11, 0.375)
### newVec3 =  LVector3f(0, 11, 0)
### newVec3 =  LVector3f(-2, 6.3, 1.5)
### newVec3 =  LVector3f(-2, 6.3, 0)
### newVec3 =  LVector3f(-2, 6.3, 0.375)
### newVec3 =  LVector3f(-2, 6.3, 0)
### newVec3 =  LVector3f(-2, 6.3, 1.5)
### newVec3 =  LVector3f(-2, 6.3, 0)
### newVec3 =  LVector3f(-2, 6.3, 0.375)
### newVec3 =  LVector3f(-2, 6.3, 0)
{401000001: <toontown.distributed.ToontownDistrict.ToontownDistrict instance at 0x157DE620>}
__handleAvatarChooserDone: 100000181, 'Boris', ('csl', 'ls', 's', 'm', (0.64, 0.35, 0.26, 1.0), (1.0, 1.0, 1.0, 1.0), (0.64, 0.35, 0.26, 1.0), (0.64, 0.35, 0.26, 1.0), 8, 27, 5, 27, 3, 27), 0
entered wait for zone redirect
entered wait for set zone response - 2
Reading DNA file... phase_4/dna/storage.pdna
Reading DNA file... phase_3.5/dna/storage_interior.pdna
entered wait for zone redirect
entered wait for set zone response - 2
entered wait for zone redirect
entered wait for set zone response - 2
### newVec3 =  LVector3f(-2, 6.3, 1.5)
### newVec3 =  LVector3f(-2, 6.3, 0)
### newVec3 =  LVector3f(-2, 6.3, 0.375)
### newVec3 =  LVector3f(-2, 6.3, 0)
### newVec3 =  LVector3f(-2, 6.3, 1.5)
### newVec3 =  LVector3f(-2, 6.3, 0)
### newVec3 =  LVector3f(-2, 6.3, 0.375)
### newVec3 =  LVector3f(-2, 6.3, 0)
### newVec3 =  LVector3f(-2, 6.3, 1.5)
### newVec3 =  LVector3f(-2, 6.3, 0)
### newVec3 =  LVector3f(-2, 6.3, 0.375)
### newVec3 =  LVector3f(-2, 6.3, 0)
### newVec3 =  LVector3f(0, 11, 1.5)
### newVec3 =  LVector3f(0, 11, 0)
### newVec3 =  LVector3f(0, 11, 0.375)
### newVec3 =  LVector3f(0, 11, 0)
### newVec3 =  LVector3f(0, 6, 1.5)
### newVec3 =  LVector3f(0, 6, 0)
### newVec3 =  LVector3f(0, 6, 0.375)
### newVec3 =  LVector3f(0, 6, 0)
entered wait for zone redirect
entered wait for set zone response - 2
Reading DNA file... phase_4/dna/storage.pdna
Reading DNA file... phase_3.5/dna/storage_interior.pdna
Reading DNA file... phase_8/dna/storage_DG.pdna
Reading DNA file... phase_8/dna/storage_DG_sz.pdna
Reading DNA file... phase_8/dna/daisys_garden_sz.pdna
entered wait for zone redirect
entered wait for set zone response - 2
Reading DNA file... phase_4/dna/storage.pdna
Reading DNA file... phase_3.5/dna/storage_interior.pdna
entered wait for zone redirect
entered wait for set zone response - 2
entered wait for zone redirect
entered wait for set zone response - 2
spec = {'parentEntId': 10014, 'pos': LPoint3f(0, 0, 0)}
h = None
spec = {'parentEntId': 10037, 'pos': LPoint3f(0, 0, 0)}
h = None
spec = {'parentEntId': 20058, 'pos': LPoint3f(0, 0, 0)}
h = None
spec = {'parentEntId': 10047, 'pos': LPoint3f(0, 0, 0)}
h = None
### newVec3 =  LVector3f(-2, 6.29999, 1.5)
### newVec3 =  LVector3f(-2, 6.29999, 0)
### newVec3 =  LVector3f(-2, 6.29999, 0.375)
### newVec3 =  LVector3f(-2, 6.29999, 0)
spec = {'parentEntId': 10068, 'pos': LPoint3f(-20, -10, 0)}
h = None
spec = {'parentEntId': 10064, 'pos': LPoint3f(0, 0, 0)}
h = None
../resources/phase_3/audio/sfx
../resources/phase_3.5/audio/sfx
../resources/phase_4/audio/sfx
../resources/phase_5/audio/sfx
/phase_3/audio/sfx
/phase_3.5/audio/sfx
/phase_4/audio/sfx
/phase_5/audio/sfx

entered wait for zone redirect
entered wait for set zone response - 2
entered wait for zone redirect
entered wait for set zone response - 2
entered wait for zone redirect
entered wait for set zone response - 2
### newVec3 =  LVector3f(-2, 6.3, 1.5)
### newVec3 =  LVector3f(-2, 6.3, 0)
### newVec3 =  LVector3f(-2, 6.3, 0.375)
### newVec3 =  LVector3f(-2, 6.3, 0)
### newVec3 =  LVector3f(-2, 6.3, 1.5)
### newVec3 =  LVector3f(-2, 6.3, 0)
### newVec3 =  LVector3f(-2, 6.3, 0.375)
### newVec3 =  LVector3f(-2, 6.3, 0)
### newVec3 =  LVector3f(-2, 6.3, 1.5)
### newVec3 =  LVector3f(-2, 6.3, 0)
### newVec3 =  LVector3f(-2, 6.3, 0.375)
### newVec3 =  LVector3f(-2, 6.3, 0)
### newVec3 =  LVector3f(-2, 6.3, 1.5)
### newVec3 =  LVector3f(-2, 6.3, 0)
### newVec3 =  LVector3f(-2, 6.3, 0.375)
### newVec3 =  LVector3f(-2, 6.3, 0)
### newVec3 =  LVector3f(-2, 6.3, 1.5)
### newVec3 =  LVector3f(-2, 6.3, 0)
### newVec3 =  LVector3f(-2, 6.3, 0.375)
### newVec3 =  LVector3f(-2, 6.3, 0)
### newVec3 =  LVector3f(2, 5.3, 1.5)
### newVec3 =  LVector3f(2, 5.3, 0)
### newVec3 =  LVector3f(2, 5.3, 0.375)
### newVec3 =  LVector3f(2, 5.3, 0)
entered wait for zone redirect
entered wait for set zone response - 2
Reading DNA file... phase_4/dna/storage.pdna
Reading DNA file... phase_3.5/dna/storage_interior.pdna
Reading DNA file... phase_8/dna/storage_DG.pdna
Reading DNA file... phase_8/dna/storage_DG_sz.pdna
Reading DNA file... phase_8/dna/daisys_garden_sz.pdna
