TTLocalizer: Running in language: English
OTPLocalizer: Running in language: English
Preloading suits...
Preloading Toon heads...
Preloading avatars...
{401000001: <toontown.distributed.ToontownDistrict.ToontownDistrict instance at 0x158484E0>}
__handleAvatarChooserDone: 100000181, 'Boris', ('csl', 'ls', 's', 'm', (0.64, 0.35, 0.26, 1.0), (1.0, 1.0, 1.0, 1.0), (0.64, 0.35, 0.26, 1.0), (0.64, 0.35, 0.26, 1.0), 8, 27, 5, 27, 3, 27), 0
entered wait for zone redirect
entered wait for set zone response - 2
Reading DNA file... phase_4/dna/storage.pdna
Reading DNA file... phase_3.5/dna/storage_interior.pdna
Reading DNA file... phase_8/dna/storage_DL.pdna
Reading DNA file... phase_8/dna/storage_DL_sz.pdna
Reading DNA file... phase_8/dna/donalds_dreamland_sz.pdna
entered wait for zone redirect
entered wait for set zone response - 2
Reading DNA file... phase_5/dna/storage_town.pdna
Reading DNA file... phase_8/dna/storage_DL_town.pdna
Reading DNA file... phase_8/dna/donalds_dreamland_9200.pdna
entered wait for zone redirect
entered wait for set zone response - 2
entered wait for zone redirect
entered wait for set zone response - 2
Reading DNA file... phase_5/dna/storage_town.pdna
Reading DNA file... phase_8/dna/storage_DL_town.pdna
Reading DNA file... phase_8/dna/donalds_dreamland_9200.pdna
entered wait for zone redirect
entered wait for set zone response - 2
entered wait for zone redirect
entered wait for set zone response - 2
Reading DNA file... phase_5/dna/storage_town.pdna
Reading DNA file... phase_8/dna/storage_DL_town.pdna
Reading DNA file... phase_8/dna/donalds_dreamland_9200.pdna
entered wait for zone redirect
entered wait for set zone response - 2
entered wait for zone redirect
entered wait for set zone response - 2
Reading DNA file... phase_5/dna/storage_town.pdna
Reading DNA file... phase_8/dna/storage_DL_town.pdna
Reading DNA file... phase_8/dna/donalds_dreamland_9200.pdna
entered wait for zone redirect
entered wait for set zone response - 2
Reading DNA file... phase_8/dna/storage_DL_sz.pdna
Reading DNA file... phase_8/dna/donalds_dreamland_sz.pdna
entered wait for zone redirect
entered wait for set zone response - 2
Reading DNA file... phase_4/dna/storage.pdna
Reading DNA file... phase_3.5/dna/storage_interior.pdna
Reading DNA file... phase_8/dna/storage_BR.pdna
Reading DNA file... phase_8/dna/storage_BR_sz.pdna
Reading DNA file... phase_8/dna/the_burrrgh_sz.pdna
entered wait for zone redirect
entered wait for set zone response - 2
Reading DNA file... phase_5/dna/storage_town.pdna
Reading DNA file... phase_8/dna/storage_BR_town.pdna
Reading DNA file... phase_8/dna/the_burrrgh_3100.pdna
entered wait for zone redirect
entered wait for set zone response - 2
entered wait for zone redirect
entered wait for set zone response - 2
Reading DNA file... phase_5/dna/storage_town.pdna
Reading DNA file... phase_8/dna/storage_BR_town.pdna
Reading DNA file... phase_8/dna/the_burrrgh_3100.pdna
entered wait for zone redirect
entered wait for set zone response - 2
entered wait for zone redirect
entered wait for set zone response - 2
Reading DNA file... phase_8/dna/storage_BR_sz.pdna
Reading DNA file... phase_8/dna/the_burrrgh_sz.pdna
entered wait for zone redirect
entered wait for set zone response - 2
Reading DNA file... phase_5/dna/storage_town.pdna
Reading DNA file... phase_8/dna/storage_BR_town.pdna
Reading DNA file... phase_8/dna/the_burrrgh_3200.pdna
entered wait for zone redirect
entered wait for set zone response - 2
../resources/phase_3/audio/sfx
../resources/phase_3.5/audio/sfx
../resources/phase_4/audio/sfx
../resources/phase_5/audio/sfx
/phase_3/audio/sfx
/phase_3.5/audio/sfx
/phase_4/audio/sfx
/phase_5/audio/sfx

entered wait for zone redirect
entered wait for set zone response - 2
Reading DNA file... phase_5/dna/storage_town.pdna
Reading DNA file... phase_8/dna/storage_BR_town.pdna
Reading DNA file... phase_8/dna/the_burrrgh_3200.pdna
entered wait for zone redirect
entered wait for set zone response - 2
entered wait for zone redirect
entered wait for set zone response - 2
entered wait for zone redirect
entered wait for set zone response - 2
entered wait for zone redirect
entered wait for set zone response - 2
Reading DNA file... phase_5/dna/storage_town.pdna
Reading DNA file... phase_8/dna/storage_BR_town.pdna
Reading DNA file... phase_8/dna/the_burrrgh_3200.pdna
entered wait for zone redirect
entered wait for set zone response - 2
entered wait for zone redirect
entered wait for set zone response - 2
Reading DNA file... phase_8/dna/storage_BR_sz.pdna
Reading DNA file... phase_8/dna/the_burrrgh_sz.pdna
entered wait for zone redirect
entered wait for set zone response - 2
Reading DNA file... phase_5/dna/storage_town.pdna
Reading DNA file... phase_8/dna/storage_BR_town.pdna
Reading DNA file... phase_8/dna/the_burrrgh_3200.pdna
entered wait for zone redirect
entered wait for set zone response - 2
entered wait for zone redirect
entered wait for set zone response - 2
Reading DNA file... phase_5/dna/storage_town.pdna
Reading DNA file... phase_8/dna/storage_BR_town.pdna
Reading DNA file... phase_8/dna/the_burrrgh_3200.pdna
entered wait for zone redirect
entered wait for set zone response - 2
entered wait for zone redirect
entered wait for set zone response - 2
../resources/phase_3/audio/sfx
../resources/phase_3.5/audio/sfx
../resources/phase_4/audio/sfx
../resources/phase_5/audio/sfx
/phase_3/audio/sfx
/phase_3.5/audio/sfx
/phase_4/audio/sfx
/phase_5/audio/sfx

entered wait for zone redirect
entered wait for set zone response - 2
entered wait for zone redirect
entered wait for set zone response - 2
Reading DNA file... phase_4/dna/storage.pdna
Reading DNA file... phase_3.5/dna/storage_interior.pdna
Reading DNA file... phase_8/dna/storage_BR.pdna
Reading DNA file... phase_5/dna/storage_town.pdna
Reading DNA file... phase_8/dna/storage_BR_town.pdna
Reading DNA file... phase_8/dna/the_burrrgh_3200.pdna
entered wait for zone redirect
entered wait for set zone response - 2
Reading DNA file... phase_4/dna/storage.pdna
Reading DNA file... phase_3.5/dna/storage_interior.pdna
Reading DNA file... phase_8/dna/storage_BR.pdna
Reading DNA file... phase_5/dna/storage_town.pdna
Reading DNA file... phase_8/dna/storage_BR_town.pdna
Reading DNA file... phase_8/dna/the_burrrgh_3100.pdna
entered wait for zone redirect
entered wait for set zone response - 2
Reading DNA file... phase_4/dna/storage.pdna
Reading DNA file... phase_3.5/dna/storage_interior.pdna
Reading DNA file... phase_8/dna/storage_BR.pdna
Reading DNA file... phase_5/dna/storage_town.pdna
Reading DNA file... phase_8/dna/storage_BR_town.pdna
Reading DNA file... phase_8/dna/the_burrrgh_3200.pdna
entered wait for zone redirect
entered wait for set zone response - 2
entered wait for zone redirect
entered wait for set zone response - 2
Reading DNA file... phase_4/dna/storage.pdna
Reading DNA file... phase_3.5/dna/storage_interior.pdna
entered wait for zone redirect
entered wait for set zone response - 2
entered wait for zone redirect
entered wait for set zone response - 2
Laser Field initCollisionGeom
Laser Field initCollisionGeom
CollisionEntry:
  from render/Boris-100000181/camFloorRayNode/ccRay2Node
  into render/stage401007218/ZoneEntity-0/-PandaNode/LB_Zone03a_egg/Collsion/stageFloorColl0 []
  at 1 -9.9125 -0.0310781
  normal -0.000961985 0.000458579 0.999999
  respect_prev_transform = 0


CollisionEntry:
  from render/Boris-100000181/camFloorRayNode/ccRay2Node
  into render/stage401007218/LB_connector_7cubeLR.egg/-PandaNode/LB_connector_7cubeLR_egg/collison/stageFloorColl1 []
  at 1 38.9432 0.304377
  normal 9.26614e-005 -0.421613 0.906776
  respect_prev_transform = 0


CollisionEntry:
  from render/Boris-100000181/camFloorRayNode/ccRay2Node
  into render/stage401007218/LB_connector_7cubeLR.egg/-PandaNode/LB_connector_7cubeLR_egg/collison/stageFloorColl1 []
  at 1 44.9647 -0.0476551
  normal 0.000133877 0 1
  respect_prev_transform = 0


CollisionEntry:
  from render/Boris-100000181/camFloorRayNode/ccRay2Node
  into render/stage401007218/LB_connector_7cubeLR.egg/-PandaNode/LB_connector_7cubeLR_egg/collison/stageFloorColl1 []
  at -0.430774 52.949 4.95158
  normal 6.5559e-005 0 1
  respect_prev_transform = 0


CollisionEntry:
  from render/Boris-100000181/camFloorRayNode/ccRay2Node
  into render/stage401007218/ZoneEntity-0/-PandaNode/Z07_ALL/stageFloorColl2 []
  at 32.4795 113.786 4.95355
  normal 0 0 1
  respect_prev_transform = 0


CollisionEntry:
  from render/Boris-100000181/camFloorRayNode/ccRay2Node
  into render/stage401007218/LB_connector_7cubeLR.egg/-PandaNode/LB_connector_7cubeLR_egg/collison/stageFloorColl3 []
  at -38.735 179.791 12.621
  normal 0 0.000133877 1
  respect_prev_transform = 0


CollisionEntry:
  from render/Boris-100000181/camFloorRayNode/ccRay2Node
  into render/stage401007218/LB_connector_7cubeLR.egg/-PandaNode/LB_connector_7cubeLR_egg/collison/stageFloorColl3 []
  at -54.1523 175.842 17.6203
  normal 0 6.5559e-005 1
  respect_prev_transform = 0


CollisionEntry:
  from render/Boris-100000181/camFloorRayNode/ccRay2Node
  into render/stage401007218/ZoneEntity-0/-PandaNode/LB_Zone04a_egg/Z04/collision_lobby/stageFloorColl4 []
  at -113.598 204.198 17.619
  normal 0 0 1
  respect_prev_transform = 0


CollisionEntry:
  from render/Boris-100000181/NPW.cRayNode
  into render/stage401007218/ZoneEntity-0/-PandaNode/LB_Zone04a_egg/Z04/collision_lobby/stageFloorColl4 []
  at -148.405 179.732 17.619
  normal 0 0 1
  respect_prev_transform = 1


spec = {'parentEntId': 100020, 'pos': LPoint3f(0, 0, 0)}
h = None
spec = {'parentEntId': 100022, 'pos': LPoint3f(0, 0, 0)}
h = None
CollisionEntry:
  from render/Boris-100000181/camFloorRayNode/ccRay2Node
  into render/stage401007218/LB_connector_7cubeL2.egg/-PandaNode/LB_connector_7cubeL2_egg/collison/stageFloorColl5 []
  at -247.974 205.342 17.6229
  normal 0 -0.0012142 0.999999
  respect_prev_transform = 0


CollisionEntry:
  from render/Boris-100000181/camFloorRayNode/ccRay2Node
  into render/stage401007218/LB_connector_7cubeL2.egg/-PandaNode/LB_connector_7cubeL2_egg/collison/stageFloorColl5 []
  at -264.583 207.193 22.6169
  normal 0.000218784 -0.000597282 1
  respect_prev_transform = 0


CollisionEntry:
  from render/Boris-100000181/camFloorRayNode/ccRay2Node
  into render/stage401007218/ZoneEntity-0/-PandaNode/Z07_ALL/stageFloorColl6 []
  at -323.891 174.248 22.6088
  normal 0 0 1
  respect_prev_transform = 0


spec = {'parentEntId': 10000, 'pos': LPoint3f(0, 0, 0)}
h = None
CollisionEntry:
  from render/Boris-100000181/camFloorRayNode/ccRay2Node
  into render/stage401007218/LB_connector_7cubeL2.egg/-PandaNode/LB_connector_7cubeL2_egg/collison/stageFloorColl7 []
  at -393.326 111.387 30.296
  normal 0.0012142 0 0.999999
  respect_prev_transform = 0


CollisionEntry:
  from render/Boris-100000181/camFloorRayNode/ccRay2Node
  into render/stage401007218/LB_connector_7cubeL2.egg/-PandaNode/LB_connector_7cubeL2_egg/collison/stageFloorColl7 []
  at -391.759 108.424 30.7472
  normal 0.00110174 0.420737 0.907182
  respect_prev_transform = 0


CollisionEntry:
  from render/Boris-100000181/camFloorRayNode/ccRay2Node
  into render/stage401007218/LB_connector_7cubeL2.egg/-PandaNode/LB_connector_7cubeL2_egg/collison/stageFloorColl7 []
  at -386.921 95.5939 35.2825
  normal 0.000597282 0.000218785 1
  respect_prev_transform = 0


CollisionEntry:
  from render/Boris-100000181/camFloorRayNode/ccRay2Node
  into render/stage401007218/LB_connector_7cubeL2.egg/-PandaNode/LB_connector_7cubeL2_egg/collison/stageFloorColl7 []
  at -389.027 97.3186 35.2836
  normal 0.000597274 0 1
  respect_prev_transform = 0


CollisionEntry:
  from render/Boris-100000181/camFloorRayNode/ccRay2Node
  into render/stage401007218/LB_connector_7cubeL2.egg/-PandaNode/LB_connector_7cubeL2_egg/collison/stageFloorColl7 []
  at -385.638 96.2657 35.2816
  normal 0.000597282 0.000218785 1
  respect_prev_transform = 0


CollisionEntry:
  from render/Boris-100000181/camFloorRayNode/ccRay2Node
  into render/stage401007218/ZoneEntity-0/-PandaNode/Z22a/room/collsion/stageFloorColl8 []
  at -356.238 34.0795 35.1561
  normal 0 0 1
  respect_prev_transform = 0


spec = {'parentEntId': 10000, 'pos': LPoint3f(0, 0, 0)}
h = None
Laser Field initCollisionGeom
Laser Field initCollisionGeom
CollisionEntry:
  from render/Boris-100000181/camFloorRayNode/ccRay2Node
  into render/stage401007412/ZoneEntity-0/-PandaNode/LB_Zone03a_egg/Collsion/stageFloorColl0 []
  at 0 -10.9125 -0.0315816
  normal -0.000961985 0.000458579 0.999999
  respect_prev_transform = 0


CollisionEntry:
  from render/Boris-100000181/camFloorRayNode/ccRay2Node
  into render/stage401007412/LB_connector_7cubeL2.egg/-PandaNode/LB_connector_7cubeL2_egg/collison/stageFloorColl1 []
  at 4.65119 41.156 -0.0248632
  normal -0.0012142 0 0.999999
  respect_prev_transform = 0


CollisionEntry:
  from render/Boris-100000181/camFloorRayNode/ccRay2Node
  into render/stage401007412/LB_connector_7cubeL2.egg/-PandaNode/LB_connector_7cubeL2_egg/collison/stageFloorColl1 []
  at 3.88644 51.6669 4.96241
  normal -0.000597282 -0.000218784 1
  respect_prev_transform = 0


CollisionEntry:
  from render/Boris-100000181/camFloorRayNode/ccRay2Node
  into render/stage401007412/ZoneEntity-0/-PandaNode/Z13_ALL/room/collsion/stageFloorColl2 []
  at -32.8819 110.955 4.95065
  normal 0 0 1
  respect_prev_transform = 0


CollisionEntry:
  from render/Boris-100000181/camFloorRayNode/ccRay2Node
  into render/stage401007412/LB_connector_7cubeLR.egg/-PandaNode/LB_connector_7cubeLR_egg/collison/stageFloorColl3 []
  at -31.342 380.487 4.95267
  normal 0.000133877 0 1
  respect_prev_transform = 0


CollisionEntry:
  from render/Boris-100000181/camFloorRayNode/ccRay2Node
  into render/stage401007412/LB_connector_7cubeLR.egg/-PandaNode/LB_connector_7cubeLR_egg/collison/stageFloorColl3 []
  at -25.2845 397.353 9.95124
  normal 6.5559e-005 0 1
  respect_prev_transform = 0


CollisionEntry:
  from render/Boris-100000181/camFloorRayNode/ccRay2Node
  into render/stage401007412/ZoneEntity-0/-PandaNode/Z13_ALL/room/collsion/stageFloorColl4 []
  at 2.12705 456.949 9.95065
  normal 0 0 1
  respect_prev_transform = 0


spec = {'parentEntId': 10000, 'pos': LPoint3f(0, 0, 0)}
h = None
CollisionEntry:
  from render/Boris-100000181/camFloorRayNode/ccRay2Node
  into render/stage401007412/LB_connector_7cubeLR.egg/-PandaNode/LB_connector_7cubeLR_egg/collison/stageFloorColl5 []
  at -3.44322 726.161 9.9528
  normal 0.000133877 0 1
  respect_prev_transform = 0


CollisionEntry:
  from render/Boris-100000181/camFloorRayNode/ccRay2Node
  into render/stage401007412/LB_connector_7cubeLR.egg/-PandaNode/LB_connector_7cubeLR_egg/collison/stageFloorColl5 []
  at -3.44322 727.918 10.3304
  normal 9.26614e-005 -0.421613 0.906776
  respect_prev_transform = 0


CollisionEntry:
  from render/Boris-100000181/camFloorRayNode/ccRay2Node
  into render/stage401007412/LB_connector_7cubeLR.egg/-PandaNode/LB_connector_7cubeLR_egg/collison/stageFloorColl5 []
  at -3.44322 731.596 9.95281
  normal 0.000133877 0 1
  respect_prev_transform = 0


CollisionEntry:
  from render/Boris-100000181/camFloorRayNode/ccRay2Node
  into render/stage401007412/LB_connector_7cubeLR.egg/-PandaNode/LB_connector_7cubeLR_egg/collison/stageFloorColl5 []
  at -4.97286 741.049 14.9518
  normal 6.5559e-005 0 1
  respect_prev_transform = 0


CollisionEntry:
  from render/Boris-100000181/camFloorRayNode/ccRay2Node
  into render/stage401007412/ZoneEntity-0/-PandaNode/LB_Zone04a_egg/Z04/collision_lobby/stageFloorColl6 []
  at 32.0181 799.987 14.9506
  normal 0 0 1
  respect_prev_transform = 0


CollisionEntry:
  from render/Boris-100000181/NPW.cRayNode
  into render/stage401007412/ZoneEntity-0/-PandaNode/LB_Zone04a_egg/Z04/collision_lobby/stageFloorColl6 []
  at 7.52641 893.421 14.9506
  normal 0 0 1
  respect_prev_transform = 1


CollisionEntry:
  from render/Boris-100000181/NPW.cRayNode
  into render/stage401007412/LB_connector_7cubeLR.egg/-PandaNode/LB_connector_7cubeLR_egg/collison/stageFloorColl7 []
  at 18.2567 975.385 19.9412
  normal 6.5559e-005 0 1
  respect_prev_transform = 1


CollisionEntry:
  from render/Boris-100000181/camFloorRayNode/ccRay2Node
  into render/stage401007412/LB_connector_7cubeLR.egg/-PandaNode/LB_connector_7cubeLR_egg/collison/stageFloorColl7 []
  at 18.909 975.507 19.9412
  normal 6.5559e-005 0 1
  respect_prev_transform = 0


CollisionEntry:
  from render/Boris-100000181/NPW.cRayNode
  into render/stage401007412/ZoneEntity-0/-PandaNode/Z22a/room/collsion/stageFloorColl8 []
  at 32.398 1010.83 19.8192
  normal 0 0 1
  respect_prev_transform = 1


CollisionEntry:
  from render/Boris-100000181/camFloorRayNode/ccRay2Node
  into render/stage401007412/ZoneEntity-0/-PandaNode/Z22a/room/collsion/stageFloorColl8 []
  at 33.8704 1014.4 19.8193
  normal 0 0 1
  respect_prev_transform = 0


spec = {'parentEntId': 10000, 'pos': LPoint3f(0, 0, 0)}
h = None
CollisionEntry:
  from render/Boris-100000181/camFloorRayNode/ccRay2Node
  into render/stage401007556/ZoneEntity-0/-PandaNode/LB_Zone03a_egg/Collsion/stageFloorColl0 []
  at 0 -8.9125 -0.0324988
  normal -0.000961985 0.000458579 0.999999
  respect_prev_transform = 0


CollisionEntry:
  from render/Boris-100000181/camFloorRayNode/ccRay2Node
  into render/stage401007556/LB_connector_7cubeL2.egg/-PandaNode/LB_connector_7cubeL2_egg/collison/stageFloorColl1 []
  at 0.91833 39.058 0.41128
  normal -0.00110178 -0.420737 0.907182
  respect_prev_transform = 0


CollisionEntry:
  from render/Boris-100000181/camFloorRayNode/ccRay2Node
  into render/stage401007556/LB_connector_7cubeL2.egg/-PandaNode/LB_connector_7cubeL2_egg/collison/stageFloorColl1 []
  at 1.72929 44.5722 -0.02841
  normal -0.0012142 0 0.999999
  respect_prev_transform = 0


CollisionEntry:
  from render/Boris-100000181/camFloorRayNode/ccRay2Node
  into render/stage401007556/LB_connector_7cubeL2.egg/-PandaNode/LB_connector_7cubeL2_egg/collison/stageFloorColl1 []
  at -0.570282 52.8844 4.96002
  normal -0.000597282 -0.000218784 1
  respect_prev_transform = 0


CollisionEntry:
  from render/Boris-100000181/camFloorRayNode/ccRay2Node
  into render/stage401007556/ZoneEntity-0/-PandaNode/Z07_ALL/stageFloorColl2 []
  at -35.0189 111.848 4.9511
  normal 0 0 1
  respect_prev_transform = 0


spec = {'parentEntId': 10000, 'pos': LPoint3f(0, 0, 0)}
h = None
CollisionEntry:
  from render/Boris-100000181/camFloorRayNode/ccRay2Node
  into render/stage401007556/LB_connector_7cubeLR.egg/-PandaNode/LB_connector_7cubeLR_egg/collison/stageFloorColl3 []
  at -98.1816 177.236 12.6214
  normal 0 0.000133877 1
  respect_prev_transform = 0


CollisionEntry:
  from render/Boris-100000181/camFloorRayNode/ccRay2Node
  into render/stage401007556/LB_connector_7cubeLR.egg/-PandaNode/LB_connector_7cubeLR_egg/collison/stageFloorColl3 []
  at -99.985 176.584 12.9076
  normal 0.421613 9.26799e-005 0.906776
  respect_prev_transform = 0


CollisionEntry:
  from render/Boris-100000181/camFloorRayNode/ccRay2Node
  into render/stage401007556/LB_connector_7cubeLR.egg/-PandaNode/LB_connector_7cubeLR_egg/collison/stageFloorColl3 []
  at -103.678 175.542 12.6216
  normal 0 0.000133877 1
  respect_prev_transform = 0


CollisionEntry:
  from render/Boris-100000181/camFloorRayNode/ccRay2Node
  into render/stage401007556/LB_connector_7cubeLR.egg/-PandaNode/LB_connector_7cubeLR_egg/collison/stageFloorColl3 []
  at -113.977 175.474 17.6203
  normal 0 6.5559e-005 1
  respect_prev_transform = 0


CollisionEntry:
  from render/Boris-100000181/camFloorRayNode/ccRay2Node
  into render/stage401007556/ZoneEntity-0/-PandaNode/Z13_ALL/room/collsion/stageFloorColl4 []
  at -174.376 212.913 17.619
  normal 0 0 1
  respect_prev_transform = 0


CollisionEntry:
  from render/Boris-100000181/camFloorRayNode/ccRay2Node
  into render/stage401007556/LB_connector_7cubeL2.egg/-PandaNode/LB_connector_7cubeL2_egg/collison/stageFloorColl5 []
  at -442.19 208.49 17.6364
  normal 0 -0.0012142 0.999999
  respect_prev_transform = 0


CollisionEntry:
  from render/Boris-100000181/camFloorRayNode/ccRay2Node
  into render/stage401007556/LB_connector_7cubeL2.egg/-PandaNode/LB_connector_7cubeL2_egg/collison/stageFloorColl5 []
  at -444.165 208.8 17.811
  normal 0.420737 -0.00110176 0.907182
  respect_prev_transform = 0


CollisionEntry:
  from render/Boris-100000181/camFloorRayNode/ccRay2Node
  into render/stage401007556/LB_connector_7cubeL2.egg/-PandaNode/LB_connector_7cubeL2_egg/collison/stageFloorColl5 []
  at -447.946 209.107 17.6371
  normal 0 -0.0012142 0.999999
  respect_prev_transform = 0


CollisionEntry:
  from render/Boris-100000181/camFloorRayNode/ccRay2Node
  into render/stage401007556/LB_connector_7cubeL2.egg/-PandaNode/LB_connector_7cubeL2_egg/collison/stageFloorColl5 []
  at -456.716 206.213 22.6263
  normal 0.000218784 -0.000597282 1
  respect_prev_transform = 0


CollisionEntry:
  from render/Boris-100000181/camFloorRayNode/ccRay2Node
  into render/stage401007556/ZoneEntity-0/-PandaNode/LB_Zone04a_egg/Z04/collision_lobby/stageFloorColl6 []
  at -516.814 177.992 22.619
  normal 0 0 1
  respect_prev_transform = 0


CollisionEntry:
  from render/Boris-100000181/camFloorRayNode/ccRay2Node
  into render/stage401007556/LB_connector_7cubeLR.egg/-PandaNode/LB_connector_7cubeLR_egg/collison/stageFloorColl7 []
  at -652.802 178.806 22.61
  normal 0 0.000133877 1
  respect_prev_transform = 0


CollisionEntry:
  from render/Boris-100000181/camFloorRayNode/ccRay2Node
  into render/stage401007556/LB_connector_7cubeLR.egg/-PandaNode/LB_connector_7cubeLR_egg/collison/stageFloorColl7 []
  at -655.156 178.87 23.4151
  normal 0.421613 9.26799e-005 0.906776
  respect_prev_transform = 0


CollisionEntry:
  from render/Boris-100000181/camFloorRayNode/ccRay2Node
  into render/stage401007556/LB_connector_7cubeLR.egg/-PandaNode/LB_connector_7cubeLR_egg/collison/stageFloorColl7 []
  at -660.694 179.078 22.61
  normal 0 0.000133877 1
  respect_prev_transform = 0


CollisionEntry:
  from render/Boris-100000181/camFloorRayNode/ccRay2Node
  into render/stage401007556/LB_connector_7cubeLR.egg/-PandaNode/LB_connector_7cubeLR_egg/collison/stageFloorColl7 []
  at -667.238 178.126 27.6091
  normal 0 6.5559e-005 1
  respect_prev_transform = 0


CollisionEntry:
  from render/Boris-100000181/camFloorRayNode/ccRay2Node
  into render/stage401007556/ZoneEntity-0/-PandaNode/Z22a/room/collsion/stageFloorColl8 []
  at -728.493 207.912 27.4877
  normal 0 0 1
  respect_prev_transform = 0


spec = {'parentEntId': 10000, 'pos': LPoint3f(0, 0, 0)}
h = None
entered wait for zone redirect
entered wait for set zone response - 2
entered wait for zone redirect
entered wait for set zone response - 2
Reading DNA file... phase_4/dna/storage.pdna
Reading DNA file... phase_3.5/dna/storage_interior.pdna
Reading DNA file... phase_4/dna/storage_TT.pdna
Reading DNA file... phase_4/dna/storage_TT_sz.pdna
Reading DNA file... phase_4/dna/toontown_central_sz.pdna
entered wait for zone redirect
entered wait for set zone response - 2
Reading DNA file... phase_4/dna/storage.pdna
Reading DNA file... phase_3.5/dna/storage_interior.pdna
Reading DNA file... phase_8/dna/storage_BR.pdna
Reading DNA file... phase_5/dna/storage_town.pdna
Reading DNA file... phase_8/dna/storage_BR_town.pdna
Reading DNA file... phase_8/dna/the_burrrgh_3100.pdna
entered wait for zone redirect
entered wait for set zone response - 2
entered wait for zone redirect
entered wait for set zone response - 2
entered wait for zone redirect
entered wait for set zone response - 2
../resources/phase_3/audio/sfx
../resources/phase_3.5/audio/sfx
../resources/phase_4/audio/sfx
../resources/phase_5/audio/sfx
/phase_3/audio/sfx
/phase_3.5/audio/sfx
/phase_4/audio/sfx
/phase_5/audio/sfx

entered wait for zone redirect
entered wait for set zone response - 2
entered wait for zone redirect
entered wait for set zone response - 2
entered wait for zone redirect
entered wait for set zone response - 2
entered wait for zone redirect
entered wait for set zone response - 2
Reading DNA file... phase_4/dna/storage.pdna
Reading DNA file... phase_3.5/dna/storage_interior.pdna
Reading DNA file... phase_8/dna/storage_BR.pdna
Reading DNA file... phase_5/dna/storage_town.pdna
Reading DNA file... phase_8/dna/storage_BR_town.pdna
Reading DNA file... phase_8/dna/the_burrrgh_3100.pdna
entered wait for zone redirect
entered wait for set zone response - 2
entered wait for zone redirect
entered wait for set zone response - 2
../resources/phase_3/audio/sfx
../resources/phase_3.5/audio/sfx
../resources/phase_4/audio/sfx
../resources/phase_5/audio/sfx
/phase_3/audio/sfx
/phase_3.5/audio/sfx
/phase_4/audio/sfx
/phase_5/audio/sfx

entered wait for zone redirect
entered wait for set zone response - 2
Reading DNA file... phase_5/dna/storage_town.pdna
Reading DNA file... phase_8/dna/storage_BR_town.pdna
Reading DNA file... phase_8/dna/the_burrrgh_3100.pdna
entered wait for zone redirect
entered wait for set zone response - 2
entered wait for zone redirect
entered wait for set zone response - 2
Reading DNA file... phase_4/dna/storage.pdna
Reading DNA file... phase_3.5/dna/storage_interior.pdna
Reading DNA file... phase_8/dna/storage_BR.pdna
Reading DNA file... phase_5/dna/storage_town.pdna
Reading DNA file... phase_8/dna/storage_BR_town.pdna
Reading DNA file... phase_8/dna/the_burrrgh_3100.pdna
entered wait for zone redirect
entered wait for set zone response - 2
entered wait for zone redirect
entered wait for set zone response - 2
