TTLocalizer: Running in language: English
OTPLocalizer: Running in language: English
Preloading suits...
Preloading Toon heads...
Preloading avatars...
{401000001: <toontown.distributed.ToontownDistrict.ToontownDistrict instance at 0x174EF2B0>}
__handleAvatarChooserDone: 100000070, 'Master Cool Cat', ('csl', 'ms', 'm', 'm', (0.3, 0.3, 0.35, 1.0), (0.28, 0.32, 0.72, 1.0), (0.3, 0.3, 0.35, 1.0), (0.3, 0.3, 0.35, 1.0), 111, 27, 98, 27, 41, 27), 3
entered wait for zone redirect
entered wait for set zone response - 2
Reading DNA file... phase_4/dna/storage.pdna
Reading DNA file... phase_3.5/dna/storage_interior.pdna
entered wait for zone redirect
entered wait for set zone response - 2
entered wait for zone redirect
entered wait for set zone response - 2
### newVec3 =  LVector3f(2, 6.3, 1.5)
### newVec3 =  LVector3f(2, 6.3, 0)
### newVec3 =  LVector3f(2, 6.3, 0.375)
### newVec3 =  LVector3f(2, 6.3, 0)
### newVec3 =  LVector3f(2, 6.3, 1.5)
### newVec3 =  LVector3f(2, 6.3, 0)
### newVec3 =  LVector3f(2, 6.3, 0.375)
### newVec3 =  LVector3f(2, 6.3, 0)
chooseFireOpenShot <function avatarCloseUpThrowShot at 0x12F6AC70>
chooseFireOpenShot <function allGroupLowShot at 0x12F6A9F0>
Warning: NodePath.remove() is deprecated.  Use remove_node() instead.
chooseFireOpenShot <function avatarCloseUpThreeQuarterRightShot at 0x12F6ACB0>
chooseFireOpenShot <function avatarCloseUpThreeQuarterLeftFireShot at 0x12F6B2B0>
Warning: NodePath.remove() is deprecated.  Use remove_node() instead.
### newVec3 =  LVector3f(2, 6.3, 1.5)
### newVec3 =  LVector3f(2, 6.3, 0)
### newVec3 =  LVector3f(2, 6.3, 0.375)
### newVec3 =  LVector3f(2, 6.3, 0)
### newVec3 =  LVector3f(2, 6.3, 1.5)
### newVec3 =  LVector3f(2, 6.3, 0)
### newVec3 =  LVector3f(2, 6.3, 0.375)
### newVec3 =  LVector3f(2, 6.3, 0)
### newVec3 =  LVector3f(2, 6.3, 1.5)
### newVec3 =  LVector3f(2, 6.3, 0)
### newVec3 =  LVector3f(2, 6.3, 0.375)
### newVec3 =  LVector3f(2, 6.3, 0)
### newVec3 =  LVector3f(2, 6.3, 1.5)
### newVec3 =  LVector3f(2, 6.3, 0)
### newVec3 =  LVector3f(2, 6.3, 0.375)
### newVec3 =  LVector3f(2, 6.3, 0)
### newVec3 =  LVector3f(2, 6.3, 1.5)
### newVec3 =  LVector3f(2, 6.3, 0)
### newVec3 =  LVector3f(2, 6.3, 0.375)
### newVec3 =  LVector3f(2, 6.3, 0)
### newVec3 =  LVector3f(0, 6, 1.5)
### newVec3 =  LVector3f(0, 6, 0)
### newVec3 =  LVector3f(0, 6, 0.375)
### newVec3 =  LVector3f(0, 6, 0)
### newVec3 =  LVector3f(0, 5, 1.5)
### newVec3 =  LVector3f(0, 5, 0)
### newVec3 =  LVector3f(0, 5, 0.375)
### newVec3 =  LVector3f(0, 5, 0)
../resources/phase_3/audio/sfx
../resources/phase_3.5/audio/sfx
../resources/phase_4/audio/sfx
../resources/phase_5/audio/sfx
/phase_3/audio/sfx
/phase_3.5/audio/sfx
/phase_4/audio/sfx
/phase_5/audio/sfx

chooseFireOpenShot <function allGroupLowShot at 0x12F6A9F0>
chooseFireOpenShot <function avatarCloseUpThreeQuarterLeftFireShot at 0x12F6B2B0>
chooseFireOpenShot <function suitGroupThreeQuarterLeftBehindShot at 0x12F6AB70>
chooseFireOpenShot <function allGroupLowShot at 0x12F6A9F0>
Warning: NodePath.remove() is deprecated.  Use remove_node() instead.
Warning: NodePath.remove() is deprecated.  Use remove_node() instead.
chooseFireOpenShot <function avatarCloseUpThrowShot at 0x12F6AC70>
chooseFireOpenShot <function avatarCloseUpThreeQuarterLeftFireShot at 0x12F6B2B0>
Warning: NodePath.remove() is deprecated.  Use remove_node() instead.
### newVec3 =  LVector3f(2, 6.3, 1.5)
### newVec3 =  LVector3f(2, 6.3, 0)
### newVec3 =  LVector3f(2, 6.3, 0.375)
### newVec3 =  LVector3f(2, 6.3, 0)
### newVec3 =  LVector3f(2, 5.3, 1.5)
### newVec3 =  LVector3f(2, 5.3, 0)
### newVec3 =  LVector3f(2, 5.3, 0.375)
### newVec3 =  LVector3f(2, 5.3, 0)
chooseFireOpenShot <function avatarBehindShot at 0x12F6ADF0>
chooseFireOpenShot <function avatarCloseUpFireShot at 0x12F6B270>
Warning: NodePath.remove() is deprecated.  Use remove_node() instead.
chooseFireOpenShot <function avatarCloseUpThrowShot at 0x12F6AC70>
chooseFireOpenShot <function suitGroupThreeQuarterLeftBehindShot at 0x12F6AB70>
Warning: NodePath.remove() is deprecated.  Use remove_node() instead.
### newVec3 =  LVector3f(2, 6.3, 1.5)
### newVec3 =  LVector3f(2, 6.3, 0)
### newVec3 =  LVector3f(2, 6.3, 0.375)
### newVec3 =  LVector3f(2, 6.3, 0)
chooseFireOpenShot <function allGroupLowShot at 0x12F6A9F0>
chooseFireOpenShot <function avatarCloseUpFireShot at 0x12F6B270>
Warning: NodePath.remove() is deprecated.  Use remove_node() instead.
chooseFireOpenShot <function allGroupLowShot at 0x12F6A9F0>
chooseFireOpenShot <function allGroupLowShot at 0x12F6A9F0>
Warning: NodePath.remove() is deprecated.  Use remove_node() instead.
### newVec3 =  LVector3f(0, 5, 1.5)
### newVec3 =  LVector3f(0, 5, 0)
### newVec3 =  LVector3f(0, 5, 0.375)
### newVec3 =  LVector3f(0, 5, 0)
### newVec3 =  LVector3f(2, 11.3, 1.5)
### newVec3 =  LVector3f(2, 11.3, 0)
### newVec3 =  LVector3f(2, 11.3, 0.375)
### newVec3 =  LVector3f(2, 11.3, 0)
### newVec3 =  LVector3f(2, 6.3, 1.5)
### newVec3 =  LVector3f(2, 6.3, 0)
### newVec3 =  LVector3f(2, 6.3, 0.375)
### newVec3 =  LVector3f(2, 6.3, 0)
chooseFireOpenShot <function allGroupLowShot at 0x12F6A9F0>
chooseFireOpenShot <function avatarCloseUpThreeQuarterLeftFireShot at 0x12F6B2B0>
Warning: NodePath.remove() is deprecated.  Use remove_node() instead.
### newVec3 =  LVector3f(0, 6, 1.5)
### newVec3 =  LVector3f(0, 6, 0)
### newVec3 =  LVector3f(0, 6, 0.375)
### newVec3 =  LVector3f(0, 6, 0)
### newVec3 =  LVector3f(0, 11, 1.5)
### newVec3 =  LVector3f(0, 11, 0)
### newVec3 =  LVector3f(0, 11, 0.375)
### newVec3 =  LVector3f(0, 11, 0)
### newVec3 =  LVector3f(0, 11, 1.5)
### newVec3 =  LVector3f(0, 11, 0)
### newVec3 =  LVector3f(0, 11, 0.375)
### newVec3 =  LVector3f(0, 11, 0)
chooseFireOpenShot <function allGroupLowShot at 0x12F6A9F0>
chooseFireOpenShot <function suitGroupThreeQuarterLeftBehindShot at 0x12F6AB70>
Warning: NodePath.remove() is deprecated.  Use remove_node() instead.
chooseFireOpenShot <function avatarCloseUpThrowShot at 0x12F6AC70>
chooseFireOpenShot <function avatarCloseUpThreeQuarterLeftFireShot at 0x12F6B2B0>
Warning: NodePath.remove() is deprecated.  Use remove_node() instead.
chooseFireOpenShot <function allGroupLowShot at 0x12F6A9F0>
chooseFireOpenShot <function allGroupLowShot at 0x12F6A9F0>
Warning: NodePath.remove() is deprecated.  Use remove_node() instead.
Warning: NodePath.remove() is deprecated.  Use remove_node() instead.
### newVec3 =  LVector3f(2, 5.3, 1.5)
### newVec3 =  LVector3f(2, 5.3, 0)
### newVec3 =  LVector3f(2, 5.3, 0.375)
### newVec3 =  LVector3f(2, 5.3, 0)
### newVec3 =  LVector3f(2, 11.3, 1.5)
### newVec3 =  LVector3f(2, 11.3, 0)
### newVec3 =  LVector3f(2, 11.3, 0.375)
### newVec3 =  LVector3f(2, 11.3, 0)
chooseFireOpenShot <function avatarCloseUpThreeQuarterRightShot at 0x12F6ACB0>
chooseFireOpenShot <function avatarCloseUpThreeQuarterLeftFireShot at 0x12F6B2B0>
Warning: NodePath.remove() is deprecated.  Use remove_node() instead.
chooseFireOpenShot <function allGroupLowShot at 0x12F6A9F0>
chooseFireOpenShot <function suitGroupThreeQuarterLeftBehindShot at 0x12F6AB70>
Warning: NodePath.remove() is deprecated.  Use remove_node() instead.
Warning: NodePath.remove() is deprecated.  Use remove_node() instead.
Warning: NodePath.remove() is deprecated.  Use remove_node() instead.
entered wait for zone redirect
entered wait for set zone response - 2
Reading DNA file... phase_4/dna/storage.pdna
Reading DNA file... phase_3.5/dna/storage_interior.pdna
Reading DNA file... phase_6/dna/storage_DD.pdna
Reading DNA file... phase_6/dna/storage_DD_sz.pdna
Reading DNA file... phase_6/dna/donalds_dock_sz.pdna
entered wait for zone redirect
entered wait for set zone response - 2
Reading DNA file... phase_4/dna/storage.pdna
Reading DNA file... phase_3.5/dna/storage_interior.pdna
Reading DNA file... phase_4/dna/storage_TT.pdna
Reading DNA file... phase_4/dna/storage_TT_sz.pdna
Reading DNA file... phase_4/dna/toontown_central_sz.pdna
entered wait for zone redirect
entered wait for set zone response - 2
Reading DNA file... phase_4/dna/storage.pdna
Reading DNA file... phase_3.5/dna/storage_interior.pdna
### newVec3 =  LVector3f(0, 5, 1.5)
### newVec3 =  LVector3f(0, 5, 0)
### newVec3 =  LVector3f(0, 5, 0.375)
### newVec3 =  LVector3f(0, 5, 0)
entered wait for zone redirect
entered wait for set zone response - 2
entered wait for zone redirect
entered wait for set zone response - 2
### newVec3 =  LVector3f(2.00002, 6.30001, 1.5)
### newVec3 =  LVector3f(2.00002, 6.30001, 0)
### newVec3 =  LVector3f(2.00002, 6.30001, 0.375)
### newVec3 =  LVector3f(2.00002, 6.30001, 0)
chooseFireOpenShot <function allGroupLowShot at 0x12F6A9F0>
chooseFireOpenShot <function allGroupLowShot at 0x12F6A9F0>
Warning: NodePath.remove() is deprecated.  Use remove_node() instead.
Warning: NodePath.remove() is deprecated.  Use remove_node() instead.
### newVec3 =  LVector3f(-1.99998, 6.3, 1.5)
### newVec3 =  LVector3f(-1.99998, 6.3, 0)
### newVec3 =  LVector3f(-1.99998, 6.3, 0.375)
### newVec3 =  LVector3f(-1.99998, 6.3, 0)
### newVec3 =  LVector3f(-1.99998, 6.3, 1.5)
### newVec3 =  LVector3f(-1.99998, 6.3, 0)
### newVec3 =  LVector3f(-1.99998, 6.3, 0.375)
### newVec3 =  LVector3f(-1.99998, 6.3, 0)
### newVec3 =  LVector3f(2.00002, 6.30001, 1.5)
### newVec3 =  LVector3f(2.00002, 6.30001, 0)
### newVec3 =  LVector3f(2.00002, 6.30001, 0.375)
### newVec3 =  LVector3f(2.00002, 6.30001, 0)
### newVec3 =  LVector3f(-1.99998, 6.3, 1.5)
### newVec3 =  LVector3f(-1.99998, 6.3, 0)
### newVec3 =  LVector3f(-1.99998, 6.3, 0.375)
### newVec3 =  LVector3f(-1.99998, 6.3, 0)
chooseFireOpenShot <function suitGroupThreeQuarterLeftBehindShot at 0x12F6AB70>
chooseFireOpenShot <function allGroupLowShot at 0x12F6A9F0>
Warning: NodePath.remove() is deprecated.  Use remove_node() instead.
chooseFireOpenShot <function suitGroupThreeQuarterLeftBehindShot at 0x12F6AB70>
chooseFireOpenShot <function avatarCloseUpThreeQuarterLeftFireShot at 0x12F6B2B0>
Warning: NodePath.remove() is deprecated.  Use remove_node() instead.
chooseFireOpenShot <function allGroupLowShot at 0x12F6A9F0>
chooseFireOpenShot <function avatarCloseUpThreeQuarterLeftFireShot at 0x12F6B2B0>
Warning: NodePath.remove() is deprecated.  Use remove_node() instead.
### newVec3 =  LVector3f(2.00003, 5.30002, 1.5)
### newVec3 =  LVector3f(2.00003, 5.30002, 0)
### newVec3 =  LVector3f(2.00003, 5.30002, 0.375)
### newVec3 =  LVector3f(2.00003, 5.30002, 0)
### newVec3 =  LVector3f(2.00003, 5.30002, 1.5)
### newVec3 =  LVector3f(2.00003, 5.30002, 0)
### newVec3 =  LVector3f(2.00003, 5.30002, 0.375)
### newVec3 =  LVector3f(2.00003, 5.30002, 0)
### newVec3 =  LVector3f(2.00003, 5.30002, 1.5)
### newVec3 =  LVector3f(2.00003, 5.30002, 0)
### newVec3 =  LVector3f(2.00003, 5.30002, 0.375)
### newVec3 =  LVector3f(2.00003, 5.30002, 0)
hit! 0.965465724468
hit! 0.85538828373
hit! 0.932217478752
hit! 0.365465193987
hit! 0.719619452953
hit! 0.596031188965
hit! 0.717795908451
hit! 0.90028077364
hit! 0.525086045265
hit! 0.861783623695
hit! 0.878846645355
hit! 0.866126954556
--not hard enough: -0.61932271719
hit! 0.284541428089
hit! 0.959147632122
hit! 0.735241830349
hit! 0.939133584499
hit! 0.972125053406
hit! 0.770612895489
hit! 0.564927697182
hit! 0.988046050072
hit! 0.702378749847
hit! 0.683747529984
hit! 0.884336590767
hit! 0.911943614483
hit! 0.804356336594
hit! 0.951773762703
hit! 0.953584671021
hit! 0.752325117588
hit! 0.818968832493
hit! 0.995351552963
hit! 0.946395277977
hit! 0.172609448433
hit! 0.972823381424
hit! 0.474902153015
hit! 0.992652475834
hit! 0.918050885201
hit! 0.862139225006
hit! 0.948988437653
hit! 0.940911531448
hit! 0.987343609333
hit! 0.687485516071
hit! 0.968852460384
hit! 0.9732375741
hit! 0.395226866007
hit! 0.376021116972
hit! 0.383372634649
--not hard enough: -0.0869181677699
hit! 0.922786056995
hit! 0.763048708439
--not hard enough: -0.828108429909
--not hard enough: 0.0489630848169
hit! 0.518422603607
hit! 0.887333333492
hit! 0.489814549685
hit! 0.664376497269
hit! 0.777853250504
hit! 0.834719955921
hit! 0.803330540657
hit! 0.96606773138
hit! 0.951500713825
hit! 0.633132636547
hit! 0.685015499592
hit! 0.976173639297
hit! 0.351030051708
hit! 0.848278939724
hit! 0.592669546604
hit! 0.923232614994
hit! 0.745311796665
hit! 0.315839082003
hit! 0.999442398548
hit! 0.475942134857
hit! 0.895099401474
hit! 0.935151159763
hit! 0.790293753147
--not hard enough: -0.177060052752
hit! 0.978417754173
hit! 0.982252001762
hit! 0.958783745766
hit! 0.98571062088
hit! 0.700703144073
hit! 0.983744382858
hit! 0.926579773426
hit! 0.964191973209
hit! 0.684777021408
hit! 0.975379109383
hit! 0.493082523346
hit! 0.924485087395
hit! 0.96299636364
hit! 0.851347148418
hit! 0.964798927307
hit! 0.985672295094
hit! 0.920439839363
hit! 0.930501043797
hit! 0.903590679169
hit! 0.337764263153
hit! 0.850562214851
hit! 0.862926065922
hit! 0.367894291878
hit! 0.931587994099
hit! 0.996892929077
hit! 0.890036463737
hit! 0.398114830256
hit! 0.792960584164
--not hard enough: -0.32011115551
hit! 0.825403928757
hit! 0.511537194252
hit! 0.84766626358
--not hard enough: -0.516519010067
hit! 0.73725104332
hit! 0.925196051598
hit! 0.746422469616
hit! 0.957343220711
{}
{401000001: <toontown.distributed.ToontownDistrict.ToontownDistrict instance at 0x179A56C0>}
{401000001: <toontown.distributed.ToontownDistrict.ToontownDistrict instance at 0x179A56C0>}
__handleAvatarChooserDone: 100000070, 'Master Cool Cat', ('csl', 'ms', 'm', 'm', (0.3, 0.3, 0.35, 1.0), (0.28, 0.32, 0.72, 1.0), (0.3, 0.3, 0.35, 1.0), (0.3, 0.3, 0.35, 1.0), 111, 27, 98, 27, 41, 27), 3
entered wait for zone redirect
entered wait for set zone response - 2
Reading DNA file... phase_4/dna/storage.pdna
Reading DNA file... phase_3.5/dna/storage_interior.pdna
entered wait for zone redirect
entered wait for set zone response - 2
Reading DNA file... phase_4/dna/storage.pdna
Reading DNA file... phase_3.5/dna/storage_interior.pdna
entered wait for zone redirect
entered wait for set zone response - 2
entered wait for zone redirect
entered wait for set zone response - 2
Laser Field initCollisionGeom
Laser Field initCollisionGeom
CollisionEntry:
  from render/Master Cool Cat-100000070/camFloorRayNode/ccRay2Node
  into render/stage401004190/ZoneEntity-0/-PandaNode/LB_Zone03a_egg/Collsion/stageFloorColl0 []
  at -2 -10.9125 -0.0335054
  normal -0.000961985 0.000458579 0.999999
  respect_prev_transform = 0


CollisionEntry:
  from render/Master Cool Cat-100000070/camFloorRayNode/ccRay2Node
  into render/stage401004190/LB_connector_7cubeLR.egg/-PandaNode/LB_connector_7cubeLR_egg/collison/stageFloorColl1 []
  at -2 38.6361 0.161919
  normal 9.26614e-005 -0.421613 0.906776
  respect_prev_transform = 0


CollisionEntry:
  from render/Master Cool Cat-100000070/camFloorRayNode/ccRay2Node
  into render/stage401004190/LB_connector_7cubeLR.egg/-PandaNode/LB_connector_7cubeLR_egg/collison/stageFloorColl1 []
  at -4.88951 43.3446 -0.0468683
  normal 0.000133877 0 1
  respect_prev_transform = 0


CollisionEntry:
  from render/Master Cool Cat-100000070/camFloorRayNode/ccRay2Node
  into render/stage401004190/LB_connector_7cubeLR.egg/-PandaNode/LB_connector_7cubeLR_egg/collison/stageFloorColl1 []
  at -2.62388 51.2646 4.95172
  normal 6.5559e-005 0 1
  respect_prev_transform = 0


spec = {'parentEntId': 10000, 'pos': LPoint3f(0, 0, 0)}
h = None
CollisionEntry:
  from render/Master Cool Cat-100000070/camFloorRayNode/ccRay2Node
  into render/stage401004190/ZoneEntity-0/-PandaNode/Z13_ALL/room/collsion/stageFloorColl2 []
  at 32.577 112.099 4.95065
  normal 0 0 1
  respect_prev_transform = 0


CollisionEntry:
  from render/Master Cool Cat-100000070/camFloorRayNode/ccRay2Node
  into render/stage401004190/LB_connector_7cubeLR.egg/-PandaNode/LB_connector_7cubeLR_egg/collison/stageFloorColl3 []
  at 25.9776 380.615 4.95287
  normal 0.000133877 0 1
  respect_prev_transform = 0


CollisionEntry:
  from render/Master Cool Cat-100000070/camFloorRayNode/ccRay2Node
  into render/stage401004190/LB_connector_7cubeLR.egg/-PandaNode/LB_connector_7cubeLR_egg/collison/stageFloorColl3 []
  at 24.201 383.444 5.30571
  normal 9.26614e-005 -0.421613 0.906776
  respect_prev_transform = 0


CollisionEntry:
  from render/Master Cool Cat-100000070/camFloorRayNode/ccRay2Node
  into render/stage401004190/LB_connector_7cubeLR.egg/-PandaNode/LB_connector_7cubeLR_egg/collison/stageFloorColl3 []
  at 27.995 396.059 9.95161
  normal 6.5559e-005 0 1
  respect_prev_transform = 0


spec = {'parentEntId': 100005, 'pos': LPoint3f(0, 0, 0)}
h = None
### newVec3 =  LVector3f(1.99994, 6.3, 1.5)
### newVec3 =  LVector3f(1.99994, 6.3, 0)
### newVec3 =  LVector3f(1.99994, 6.3, 0.375)
### newVec3 =  LVector3f(1.99994, 6.3, 0)
### newVec3 =  LVector3f(1.99994, 6.3, 1.5)
### newVec3 =  LVector3f(1.99994, 6.3, 0)
### newVec3 =  LVector3f(1.99994, 6.3, 0.375)
### newVec3 =  LVector3f(1.99994, 6.3, 0)
### newVec3 =  LVector3f(1.99994, 6.3, 1.5)
### newVec3 =  LVector3f(1.99994, 6.3, 0)
### newVec3 =  LVector3f(1.99994, 6.3, 0.375)
### newVec3 =  LVector3f(1.99994, 6.3, 0)
CollisionEntry:
  from render/Master Cool Cat-100000070/camFloorRayNode/ccRay2Node
  into render/stage401004190/ZoneEntity-0/-PandaNode/Z13_ALL/room/collsion/stageFloorColl4 []
  at 98.5525 549.407 9.95065
  normal 0 0 1
  respect_prev_transform = 0


spec = {'parentEntId': 100004, 'pos': LPoint3f(0, 0, 0)}
h = None
CollisionEntry:
  from render/Master Cool Cat-100000070/camFloorRayNode/ccRay2Node
  into render/stage401004190/ZoneEntity-0/-PandaNode/Z13_ALL/room/collsion/stageFloorColl4 []
  at 47.6828 560.912 9.95065
  normal 0 0 1
  respect_prev_transform = 0


CollisionEntry:
  from render/Master Cool Cat-100000070/camFloorRayNode/ccRay2Node
  into render/stage401004190/LB_connector_7cubeL2.egg/-PandaNode/LB_connector_7cubeL2_egg/collison/stageFloorColl5 []
  at 57.003 725.355 9.96848
  normal -0.0012142 0 0.999999
  respect_prev_transform = 0


CollisionEntry:
  from render/Master Cool Cat-100000070/camFloorRayNode/ccRay2Node
  into render/stage401004190/LB_connector_7cubeL2.egg/-PandaNode/LB_connector_7cubeL2_egg/collison/stageFloorColl5 []
  at 58.6283 727.267 10.0452
  normal -0.00110178 -0.420737 0.907182
  respect_prev_transform = 0


CollisionEntry:
  from render/Master Cool Cat-100000070/camFloorRayNode/ccRay2Node
  into render/stage401004190/LB_connector_7cubeL2.egg/-PandaNode/LB_connector_7cubeL2_egg/collison/stageFloorColl5 []
  at 57.3899 739.959 14.9597
  normal -0.000597282 -0.000218784 1
  respect_prev_transform = 0


CollisionEntry:
  from render/Master Cool Cat-100000070/camFloorRayNode/ccRay2Node
  into render/stage401004190/ZoneEntity-0/-PandaNode/Z07_ALL/stageFloorColl6 []
  at 28.0983 800.433 14.9526
  normal 0 0 1
  respect_prev_transform = 0


CollisionEntry:
  from render/Master Cool Cat-100000070/camFloorRayNode/ccRay2Node
  into render/stage401004190/LB_connector_7cubeL2.egg/-PandaNode/LB_connector_7cubeL2_egg/collison/stageFloorColl7 []
  at -39.3902 871.521 22.64
  normal 0 -0.0012142 0.999999
  respect_prev_transform = 0


CollisionEntry:
  from render/Master Cool Cat-100000070/camFloorRayNode/ccRay2Node
  into render/stage401004190/LB_connector_7cubeL2.egg/-PandaNode/LB_connector_7cubeL2_egg/collison/stageFloorColl7 []
  at -41.9437 871.172 22.8647
  normal 0.420737 -0.00110176 0.907182
  respect_prev_transform = 0


CollisionEntry:
  from render/Master Cool Cat-100000070/camFloorRayNode/ccRay2Node
  into render/stage401004190/LB_connector_7cubeL2.egg/-PandaNode/LB_connector_7cubeL2_egg/collison/stageFloorColl7 []
  at -54.4886 869.458 27.6282
  normal 0.000218784 -0.000597282 1
  respect_prev_transform = 0


CollisionEntry:
  from render/Master Cool Cat-100000070/camFloorRayNode/ccRay2Node
  into render/stage401004190/ZoneEntity-0/-PandaNode/Z22a/room/collsion/stageFloorColl8 []
  at -114.684 839.843 27.4985
  normal 0 0 1
  respect_prev_transform = 0


spec = {'parentEntId': 10000, 'pos': LPoint3f(0, 0, 0)}
h = None
Emptying slot: 0 for 100000210
Traceback (most recent call last):
  File "C:\Panda3D-1.10.0\direct\distributed\ConnectionRepository.py", line 613, in readerPollUntilEmpty
    while self.readerPollOnce():
  File "C:\Panda3D-1.10.0\direct\distributed\ConnectionRepository.py", line 620, in readerPollOnce
    self.handleDatagram(self.private__di)
  File "otp\distributed\OTPClientRepository.py", line 1224, in handleDatagram
    self.handler(msgType, di)
  File "otp\distributed\OTPClientRepository.py", line 1152, in handleMessageType
    self.handleGenerateWithRequired(di)
  File "otp\distributed\OTPClientRepository.py", line 1282, in handleGenerateWithRequired
    return self.__doGenerate(doId, parentId, zoneId, classId, di, other)
  File "otp\distributed\OTPClientRepository.py", line 1346, in __doGenerate
    self.generateWithRequiredFields(dclass, doId, di, parentId, zoneId)
  File "C:\Panda3D-1.10.0\direct\distributed\ClientRepositoryBase.py", line 254, in generateWithRequiredFields
    distObj = classDef(self)
  File "toontown\ai\NewsManager.py", line 16, in __init__
    base.localAvatar.inventory.setInvasionCreditMultiplier(1)
AttributeError: ToonBase instance has no attribute 'localAvatar'
Traceback (most recent call last):
  File "C:\Panda3D-1.10.0\direct\showbase\ShowBase.py", line 1682, in updateManagers
    dt = globalClock.getDt()
  File "C:\Panda3D-1.10.0\direct\distributed\ConnectionRepository.py", line 613, in readerPollUntilEmpty
    while self.readerPollOnce():
  File "C:\Panda3D-1.10.0\direct\distributed\ConnectionRepository.py", line 620, in readerPollOnce
    self.handleDatagram(self.private__di)
  File "otp\distributed\OTPClientRepository.py", line 1224, in handleDatagram
    self.handler(msgType, di)
  File "otp\distributed\OTPClientRepository.py", line 1152, in handleMessageType
    self.handleGenerateWithRequired(di)
  File "otp\distributed\OTPClientRepository.py", line 1282, in handleGenerateWithRequired
    return self.__doGenerate(doId, parentId, zoneId, classId, di, other)
  File "otp\distributed\OTPClientRepository.py", line 1346, in __doGenerate
    self.generateWithRequiredFields(dclass, doId, di, parentId, zoneId)
  File "C:\Panda3D-1.10.0\direct\distributed\ClientRepositoryBase.py", line 254, in generateWithRequiredFields
    distObj = classDef(self)
  File "toontown\ai\NewsManager.py", line 16, in __init__
    base.localAvatar.inventory.setInvasionCreditMultiplier(1)
AttributeError: ToonBase instance has no attribute 'localAvatar'
Traceback (most recent call last):
  File "otp\otpbase\OTPBase.py", line 34, in run
    taskMgr.run()
  File "C:\Panda3D-1.10.0\direct\task\Task.py", line 508, in run
    self.step()
  File "C:\Panda3D-1.10.0\direct\task\Task.py", line 465, in step
    self.mgr.poll()
  File "C:\Panda3D-1.10.0\direct\showbase\ShowBase.py", line 1682, in updateManagers
    dt = globalClock.getDt()
  File "C:\Panda3D-1.10.0\direct\distributed\ConnectionRepository.py", line 613, in readerPollUntilEmpty
    while self.readerPollOnce():
  File "C:\Panda3D-1.10.0\direct\distributed\ConnectionRepository.py", line 620, in readerPollOnce
    self.handleDatagram(self.private__di)
  File "otp\distributed\OTPClientRepository.py", line 1224, in handleDatagram
    self.handler(msgType, di)
  File "otp\distributed\OTPClientRepository.py", line 1152, in handleMessageType
    self.handleGenerateWithRequired(di)
  File "otp\distributed\OTPClientRepository.py", line 1282, in handleGenerateWithRequired
    return self.__doGenerate(doId, parentId, zoneId, classId, di, other)
  File "otp\distributed\OTPClientRepository.py", line 1346, in __doGenerate
    self.generateWithRequiredFields(dclass, doId, di, parentId, zoneId)
  File "C:\Panda3D-1.10.0\direct\distributed\ClientRepositoryBase.py", line 254, in generateWithRequiredFields
    distObj = classDef(self)
  File "toontown\ai\NewsManager.py", line 16, in __init__
    base.localAvatar.inventory.setInvasionCreditMultiplier(1)
AttributeError: ToonBase instance has no attribute 'localAvatar'
