TTLocalizer: Running in language: English
OTPLocalizer: Running in language: English
Preloading suits...
Preloading Toon heads...
Preloading avatars...
{401000001: <toontown.distributed.ToontownDistrict.ToontownDistrict instance at 0x161FC648>}
__handleAvatarChooserDone: 100000070, 'Master Cool Cat', ('csl', 'ms', 'm', 'm', (0.3, 0.3, 0.35, 1.0), (0.28, 0.32, 0.72, 1.0), (0.3, 0.3, 0.35, 1.0), (0.3, 0.3, 0.35, 1.0), 111, 27, 98, 27, 41, 27), 3
entered wait for zone redirect
entered wait for set zone response - 2
Reading DNA file... phase_4/dna/storage.pdna
Reading DNA file... phase_3.5/dna/storage_interior.pdna
Reading DNA file... phase_6/dna/storage_MM.pdna
Reading DNA file... phase_6/dna/storage_MM_sz.pdna
Reading DNA file... phase_6/dna/minnies_melody_land_sz.pdna
entered wait for zone redirect
entered wait for set zone response - 2
Reading DNA file... phase_5/dna/storage_town.pdna
Reading DNA file... phase_6/dna/storage_MM_town.pdna
Reading DNA file... phase_6/dna/minnies_melody_land_4300.pdna
chooseFireOpenShot <function avatarBehindShot at 0x11644A30>
chooseFireOpenShot <function avatarCloseUpFireShot at 0x11644E70>
Warning: NodePath.remove() is deprecated.  Use remove_node() instead.
