TTLocalizer: Running in language: English
OTPLocalizer: Running in language: English
Preloading suits...
Preloading Toon heads...
Preloading avatars...
{401000001: <toontown.distributed.ToontownDistrict.ToontownDistrict instance at 0x1E34E7D8>}
__handleAvatarChooserDone: 100000166, 'hi', ('dss', 'ls', 'l', 'm', (0.64, 0.35, 0.26, 1.0), (1.0, 1.0, 1.0, 1.0), (0.64, 0.35, 0.26, 1.0), (0.64, 0.35, 0.26, 1.0), 0, 10, 0, 10, 2, 20), 1
entered wait for zone redirect
entered wait for set zone response - 2
Reading DNA file... phase_4/dna/storage.pdna
Reading DNA file... phase_3.5/dna/storage_interior.pdna
Reading DNA file... phase_4/dna/storage_TT.pdna
Reading DNA file... phase_4/dna/storage_TT_sz.pdna
Reading DNA file... phase_4/dna/toontown_central_sz.pdna
entered wait for zone redirect
entered wait for set zone response - 2
entered wait for zone redirect
entered wait for set zone response - 2
entered wait for zone redirect
entered wait for set zone response - 2
Reading DNA file... phase_5/dna/storage_town.pdna
Reading DNA file... phase_5/dna/storage_TT_town.pdna
Reading DNA file... phase_5/dna/toontown_central_2200.pdna
entered wait for zone redirect
entered wait for set zone response - 2
../resources/phase_3/audio/sfx
../resources/phase_3.5/audio/sfx
../resources/phase_4/audio/sfx
../resources/phase_5/audio/sfx
/phase_3/audio/sfx
/phase_3.5/audio/sfx
/phase_4/audio/sfx
/phase_5/audio/sfx

Exception occurred while processing Func-__handleBuildingRewardDone-2277 of movie-reward-track-with-cam-401004474:
movie-reward-track-with-cam-401004474:
  0.000 movie-reward-track-with-cam-401004474 {
  0.000   movie-reward-track-401004474 {
  0.000     Sequence-2131 {
  0.000       Parallel-2139 {
  0.000         Sequence-2133 {
  0.000           *Func-show-2146
  0.000           *Func-setOnscreenChatForced-2147
  0.000           *Func-_setupSkipListen-2148
  0.000           *Func-_teardownSkipListen-2269
  0.000           *Func-_setupSkipListen-2270
  0.000           Sequence-2136 {
  0.000             *Func-initGagFrame-2149
  0.000             Wait dur 1
  1.000             *Func-showTrackIncLabel-2150
  1.000             *Func-incrementExp-2151
  1.000             Wait dur 0.1
  1.100             *Func-incrementExp-2152
  1.100             Wait dur 0.1
  1.200             *Func-incrementExp-2153
  1.200             Wait dur 0.1
  1.300             *Func-incrementExp-2154
  1.300             Wait dur 0.1
  1.400             *Func-incrementExp-2155
  1.400             Wait dur 0.1
  1.500             *Func-incrementExp-2156
  1.500             Wait dur 0.1
  1.600             *Func-incrementExp-2157
  1.600             Wait dur 0.1
  1.700             *Func-incrementExp-2158
  1.700             Wait dur 0.1
  1.800             *Func-incrementExp-2159
  1.800             Wait dur 0.1
  1.900             *Func-incrementExp-2160
  1.900             Wait dur 0.1
  2.000             *Func-incrementExp-2161
  2.000             Wait dur 0.1
  2.100             *Func-incrementExp-2162
  2.100             Wait dur 0.1
  2.200             *Func-incrementExp-2163
  2.200             Wait dur 0.1
  2.300             *Func-incrementExp-2164
  2.300             Wait dur 0.1
  2.400             *Func-incrementExp-2165
  2.400             Wait dur 0.1
  2.500             *Func-incrementExp-2166
  2.500             Wait dur 0.1
  2.600             *Func-incrementExp-2167
  2.600             Wait dur 0.1
  2.700             *Func-incrementExp-2168
  2.700             Wait dur 0.1
  2.800             *Func-incrementExp-2169
  2.800             Wait dur 0.1
  2.900             *Func-incrementExp-2170
  2.900             Wait dur 0.1
  3.000             *Func-incrementExp-2171
  3.000             Wait dur 0.1
  3.100             *Func-incrementExp-2172
  3.100             Wait dur 0.1
  3.200             *Func-incrementExp-2173
  3.200             Wait dur 0.1
  3.300             *Func-incrementExp-2174
  3.300             Wait dur 0.1
  3.400             *Func-incrementExp-2175
  3.400             Wait dur 0.1
  3.500             *Func-incrementExp-2176
  3.500             Wait dur 0.1
  3.600             *Func-incrementExp-2177
  3.600             Wait dur 0.1
  3.700             *Func-incrementExp-2178
  3.700             Wait dur 0.1
  3.800             *Func-incrementExp-2179
  3.800             Wait dur 0.1
  3.900             *Func-incrementExp-2180
  3.900             Wait dur 0.1
  4.000             *Func-incrementExp-2181
  4.000             Wait dur 0.1
  4.100             *Func-incrementExp-2182
  4.100             Wait dur 0.1
  4.200             *Func-incrementExp-2183
  4.200             Wait dur 0.1
  4.300             *Func-incrementExp-2184
  4.300             Wait dur 0.1
  4.400             *Func-incrementExp-2185
  4.400             Wait dur 0.1
  4.500             *Func-incrementExp-2186
  4.500             Wait dur 0.1
  4.600             *Func-incrementExp-2187
  4.600             Wait dur 0.1
  4.700             *Func-incrementExp-2188
  4.700             Wait dur 0.1
  4.800             *Func-incrementExp-2189
  4.800             Wait dur 0.1
  4.900             *Func-incrementExp-2190
  4.900             Wait dur 0.1
  5.000             *Func-incrementExp-2191
  5.000             Wait dur 0.1
  5.100             *Func-incrementExp-2192
  5.100             Wait dur 0.1
  5.200             *Func-incrementExp-2193
  5.200             Wait dur 0.1
  5.300             *Func-incrementExp-2194
  5.300             Wait dur 0.1
  5.400             *Func-incrementExp-2195
  5.400             Wait dur 0.1
  5.500             *Func-incrementExp-2196
  5.500             Wait dur 0.1
  5.600             *Func-incrementExp-2197
  5.600             Wait dur 0.1
  5.700             *Func-incrementExp-2198
  5.700             Wait dur 0.1
  5.800             *Func-incrementExp-2199
  5.800             Wait dur 0.1
  5.900             *Func-incrementExp-2200
  5.900             Wait dur 0.1
  6.000             *Func-resetBarColor-2201
  6.000             Wait dur 0.1
  6.100             *Func-showTrackIncLabel-2202
  6.100             *Func-incrementExp-2203
  6.100             Wait dur 0.1
  6.200             *Func-incrementExp-2204
  6.200             Wait dur 0.1
  6.300             *Func-incrementExp-2205
  6.300             Wait dur 0.1
  6.400             *Func-incrementExp-2206
  6.400             Wait dur 0.1
  6.500             *Func-incrementExp-2207
  6.500             Wait dur 0.1
  6.600             *Func-incrementExp-2208
  6.600             Wait dur 0.1
  6.700             *Func-incrementExp-2209
  6.700             Wait dur 0.1
  6.800             *Func-incrementExp-2210
  6.800             Wait dur 0.1
  6.900             *Func-incrementExp-2211
  6.900             Wait dur 0.1
  7.000             *Func-incrementExp-2212
  7.000             Wait dur 0.1
  7.100             *Func-incrementExp-2213
  7.100             Wait dur 0.1
  7.200             *Func-incrementExp-2214
  7.200             Wait dur 0.1
  7.300             *Func-incrementExp-2215
  7.300             Wait dur 0.1
  7.400             *Func-incrementExp-2216
  7.400             Wait dur 0.1
  7.500             *Func-incrementExp-2217
  7.500             Wait dur 0.1
  7.600             *Func-incrementExp-2218
  7.600             Wait dur 0.1
  7.700             *Func-incrementExp-2219
  7.700             Wait dur 0.1
  7.800             *Func-incrementExp-2220
  7.800             Wait dur 0.1
  7.900             *Func-incrementExp-2221
  7.900             Wait dur 0.1
  8.000             *Func-incrementExp-2222
  8.000             Wait dur 0.1
  8.100             *Func-incrementExp-2223
  8.100             Wait dur 0.1
  8.200             *Func-incrementExp-2224
  8.200             Wait dur 0.1
  8.300             *Func-incrementExp-2225
  8.300             Wait dur 0.1
  8.400             *Func-incrementExp-2226
  8.400             Wait dur 0.1
  8.500             *Func-incrementExp-2227
  8.500             Wait dur 0.1
  8.600             *Func-incrementExp-2228
  8.600             Wait dur 0.1
  8.700             *Func-incrementExp-2229
  8.700             Wait dur 0.1
  8.800             *Func-incrementExp-2230
  8.800             Wait dur 0.1
  8.900             *Func-incrementExp-2231
  8.900             Wait dur 0.1
  9.000             *Func-incrementExp-2232
  9.000             Wait dur 0.1
  9.100             *Func-incrementExp-2233
  9.100             Wait dur 0.1
  9.200             *Func-incrementExp-2234
  9.200             Wait dur 0.1
  9.300             *Func-incrementExp-2235
  9.300             Wait dur 0.1
  9.400             *Func-incrementExp-2236
  9.400             Wait dur 0.1
  9.500             *Func-incrementExp-2237
  9.500             Wait dur 0.1
  9.600             *Func-incrementExp-2238
  9.600             Wait dur 0.1
  9.700             *Func-incrementExp-2239
  9.700             Wait dur 0.1
  9.800             *Func-incrementExp-2240
  9.800             Wait dur 0.1
  9.900             *Func-incrementExp-2241
  9.900             Wait dur 0.1
 10.000             *Func-incrementExp-2242
 10.000             Wait dur 0.1
 10.100             *Func-resetBarColor-2243
 10.100             Wait dur 0.1
 10.200             Wait dur 1
 11.200             *Func-initQuestFrame-2268
 11.200             Wait dur 1
 12.200             *Func-setProp-2244
 12.200             Wait dur 0.2
 12.400             *Func-setProp-2245
 12.400             Wait dur 0.2
 12.600             *Func-setProp-2246
 12.600             Wait dur 0.2
 12.800             *Func-setProp-2247
 12.800             Wait dur 0.2
 13.000             *Func-setProp-2248
 13.000             Wait dur 0.2
 13.200             *Func-setProp-2249
 13.200             Wait dur 0.2
 13.400             *Func-setProp-2250
 13.400             Wait dur 0.2
 13.600             *Func-setProp-2251
 13.600             Wait dur 0.2
 13.800             *Func-setProp-2252
 13.800             Wait dur 0.2
 14.000             *Func-setProp-2253
 14.000             Wait dur 0.2
 14.200             *Func-setProp-2254
 14.200             *Func-setProp-2255
 14.200             Wait dur 0.2
 14.400             *Func-setProp-2256
 14.400             Wait dur 0.2
 14.600             *Func-setProp-2257
 14.600             Wait dur 0.2
 14.800             *Func-setProp-2258
 14.800             Wait dur 0.2
 15.000             *Func-setProp-2259
 15.000             Wait dur 0.2
 15.200             *Func-setProp-2260
 15.200             Wait dur 0.2
 15.400             *Func-setProp-2261
 15.400             Wait dur 0.2
 15.600             *Func-setProp-2262
 15.600             Wait dur 0.2
 15.800             *Func-setProp-2263
 15.800             Wait dur 0.2
 16.000             *Func-setProp-2264
 16.000             Wait dur 0.2
 16.200             *Func-setProp-2265
 16.200             Wait dur 0.2
 16.400             *Func-setProp-2266
 16.400             *Func-setProp-2267
 16.400             Wait dur 0.2
 16.600             Wait dur 2
 18.600             Wait dur 0.25
 18.850           }
 18.850           *Func-_teardownSkipListen-2273
 18.850           *Func-destroy-2274
 18.850           *Func-hide-2275
 18.850           *Func-setOnscreenChatForced-2276
 18.850           Sequence-2135 {
 18.850           }
 18.850         }
  0.000         *Sound-403 dur 18.85
 18.850       }
 18.850       *Func-__handleBuildingRewardDone-2277
 18.850     }
 18.850   }
  0.000   Sequence-2132 {
  0.000     Sequence-2134 {
  0.000       Sequence-2138 {
  0.000         *Func-chooseRewardShotNow-2272
  0.000         Wait dur 18.85
 18.850       }
 18.850     }
 18.850   }
 18.850 }

Traceback (most recent call last):
  File "C:\Panda3D-1.10.0\direct\showbase\EventManager.py", line 52, in eventLoopTask
    self.doEvents()
  File "C:\Panda3D-1.10.0\direct\showbase\EventManager.py", line 46, in doEvents
    processFunc(self.eventQueue.dequeueEvent())
  File "C:\Panda3D-1.10.0\direct\showbase\EventManager.py", line 103, in processEvent
    messenger.send(eventName, paramList)
  File "C:\Panda3D-1.10.0\direct\showbase\Messenger.py", line 326, in send
    self.__dispatch(acceptorDict, event, sentArgs, foundWatch)
  File "C:\Panda3D-1.10.0\direct\showbase\Messenger.py", line 411, in __dispatch
    method (*(extraArgs + sentArgs))
  File "C:\Panda3D-1.10.0\direct\showbase\ShowBase.py", line 2665, in windowEvent
    self.userExit()
  File "toontown\toonbase\ToonBase.py", line 400, in userExit
    self.cr.dumpAllSubShardObjects()
  File "toontown\distributed\ToontownClientRepository.py", line 556, in dumpAllSubShardObjects
    self.deleteObject(doId)
  File "toontown\distributed\ToontownClientRepository.py", line 906, in deleteObject
    obj.deleteOrDelay()
  File "C:\Panda3D-1.10.0\direct\distributed\DistributedObject.py", line 199, in deleteOrDelay
    self.disableAnnounceAndDelete()
  File "C:\Panda3D-1.10.0\direct\distributed\DistributedObject.py", line 202, in disableAnnounceAndDelete
    self.disableAndAnnounce()
  File "C:\Panda3D-1.10.0\direct\distributed\DistributedObject.py", line 228, in disableAndAnnounce
    self.disable()
  File "toontown\battle\DistributedBattleBldg.py", line 52, in disable
    DistributedBattleBase.DistributedBattleBase.disable(self)
  File "toontown\battle\DistributedBattleBase.py", line 133, in disable
    self.cleanupBattle()
  File "toontown\battle\DistributedBattleBase.py", line 145, in cleanupBattle
    self.fsm.requestFinalState()
  File "C:\Panda3D-1.10.0\direct\fsm\ClassicFSM.py", line 151, in requestFinalState
    self.request(self.getFinalState().getName())
  File "C:\Panda3D-1.10.0\direct\fsm\ClassicFSM.py", line 302, in request
    exitArgList)
  File "C:\Panda3D-1.10.0\direct\fsm\ClassicFSM.py", line 230, in __transition
    self.__exitCurrent(exitArgList)
  File "C:\Panda3D-1.10.0\direct\fsm\ClassicFSM.py", line 188, in __exitCurrent
    self.__currentState.exit(argList)
  File "C:\Panda3D-1.10.0\direct\fsm\State.py", line 213, in exit
    apply(self.__exitFunc, argList)
  File "toontown\battle\DistributedBattleBldg.py", line 208, in exitBuildingReward
    self.movie.resetReward(finish=1)
  File "toontown\battle\Movie.py", line 222, in resetReward
    self.stop()
  File "toontown\battle\Movie.py", line 366, in stop
    self.track.finish()
  File "C:\Panda3D-1.10.0\direct\interval\MetaInterval.py", line 391, in finish
    self.privPostEvent()
  File "C:\Panda3D-1.10.0\direct\interval\MetaInterval.py", line 519, in privPostEvent
    self.__doPythonCallbacks()
  File "C:\Panda3D-1.10.0\direct\interval\MetaInterval.py", line 495, in __doPythonCallbacks
    ival.privDoEvent(t, eventType)
  File "C:\Panda3D-1.10.0\direct\interval\Interval.py", line 206, in privDoEvent
    self.privInstant()
  File "C:\Panda3D-1.10.0\direct\interval\FunctionInterval.py", line 88, in privInstant
    self.function(*self.extraArgs, **self.kw)
  File "toontown\battle\DistributedBattleBldg.py", line 205, in __handleBuildingRewardDone
    self.fsm.request('Resume')
  File "C:\Panda3D-1.10.0\direct\fsm\ClassicFSM.py", line 246, in request
    assert not self.__internalStateInFlux
AssertionError
Traceback (most recent call last):
  File "otp\otpbase\OTPBase.py", line 34, in run
    taskMgr.run()
  File "C:\Panda3D-1.10.0\direct\task\Task.py", line 508, in run
    self.step()
  File "C:\Panda3D-1.10.0\direct\task\Task.py", line 465, in step
    self.mgr.poll()
  File "C:\Panda3D-1.10.0\direct\showbase\EventManager.py", line 52, in eventLoopTask
    self.doEvents()
  File "C:\Panda3D-1.10.0\direct\showbase\EventManager.py", line 46, in doEvents
    processFunc(self.eventQueue.dequeueEvent())
  File "C:\Panda3D-1.10.0\direct\showbase\EventManager.py", line 103, in processEvent
    messenger.send(eventName, paramList)
  File "C:\Panda3D-1.10.0\direct\showbase\Messenger.py", line 326, in send
    self.__dispatch(acceptorDict, event, sentArgs, foundWatch)
  File "C:\Panda3D-1.10.0\direct\showbase\Messenger.py", line 411, in __dispatch
    method (*(extraArgs + sentArgs))
  File "C:\Panda3D-1.10.0\direct\showbase\ShowBase.py", line 2665, in windowEvent
    self.userExit()
  File "toontown\toonbase\ToonBase.py", line 400, in userExit
    self.cr.dumpAllSubShardObjects()
  File "toontown\distributed\ToontownClientRepository.py", line 556, in dumpAllSubShardObjects
    self.deleteObject(doId)
  File "toontown\distributed\ToontownClientRepository.py", line 906, in deleteObject
    obj.deleteOrDelay()
  File "C:\Panda3D-1.10.0\direct\distributed\DistributedObject.py", line 199, in deleteOrDelay
    self.disableAnnounceAndDelete()
  File "C:\Panda3D-1.10.0\direct\distributed\DistributedObject.py", line 202, in disableAnnounceAndDelete
    self.disableAndAnnounce()
  File "C:\Panda3D-1.10.0\direct\distributed\DistributedObject.py", line 228, in disableAndAnnounce
    self.disable()
  File "toontown\battle\DistributedBattleBldg.py", line 52, in disable
    DistributedBattleBase.DistributedBattleBase.disable(self)
  File "toontown\battle\DistributedBattleBase.py", line 133, in disable
    self.cleanupBattle()
  File "toontown\battle\DistributedBattleBase.py", line 145, in cleanupBattle
    self.fsm.requestFinalState()
  File "C:\Panda3D-1.10.0\direct\fsm\ClassicFSM.py", line 151, in requestFinalState
    self.request(self.getFinalState().getName())
  File "C:\Panda3D-1.10.0\direct\fsm\ClassicFSM.py", line 302, in request
    exitArgList)
  File "C:\Panda3D-1.10.0\direct\fsm\ClassicFSM.py", line 230, in __transition
    self.__exitCurrent(exitArgList)
  File "C:\Panda3D-1.10.0\direct\fsm\ClassicFSM.py", line 188, in __exitCurrent
    self.__currentState.exit(argList)
  File "C:\Panda3D-1.10.0\direct\fsm\State.py", line 213, in exit
    apply(self.__exitFunc, argList)
  File "toontown\battle\DistributedBattleBldg.py", line 208, in exitBuildingReward
    self.movie.resetReward(finish=1)
  File "toontown\battle\Movie.py", line 222, in resetReward
    self.stop()
  File "toontown\battle\Movie.py", line 366, in stop
    self.track.finish()
  File "C:\Panda3D-1.10.0\direct\interval\MetaInterval.py", line 391, in finish
    self.privPostEvent()
  File "C:\Panda3D-1.10.0\direct\interval\MetaInterval.py", line 519, in privPostEvent
    self.__doPythonCallbacks()
  File "C:\Panda3D-1.10.0\direct\interval\MetaInterval.py", line 495, in __doPythonCallbacks
    ival.privDoEvent(t, eventType)
  File "C:\Panda3D-1.10.0\direct\interval\Interval.py", line 206, in privDoEvent
    self.privInstant()
  File "C:\Panda3D-1.10.0\direct\interval\FunctionInterval.py", line 88, in privInstant
    self.function(*self.extraArgs, **self.kw)
  File "toontown\battle\DistributedBattleBldg.py", line 205, in __handleBuildingRewardDone
    self.fsm.request('Resume')
  File "C:\Panda3D-1.10.0\direct\fsm\ClassicFSM.py", line 246, in request
    assert not self.__internalStateInFlux
AssertionError
