TTLocalizer: Running in language: English
OTPLocalizer: Running in language: English
Preloading suits...
Preloading Toon heads...
Preloading avatars...
{401000001: <toontown.distributed.ToontownDistrict.ToontownDistrict instance at 0x1685B760>}
__handleAvatarChooserDone: 100000070, 'Master Cool Cat', ('csl', 'ms', 'm', 'm', (0.3, 0.3, 0.35, 1.0), (0.28, 0.32, 0.72, 1.0), (0.3, 0.3, 0.35, 1.0), (0.3, 0.3, 0.35, 1.0), 111, 27, 98, 27, 41, 27), 3
entered wait for zone redirect
entered wait for set zone response - 2
Reading DNA file... phase_4/dna/storage.pdna
Reading DNA file... phase_3.5/dna/storage_interior.pdna
entered wait for zone redirect
entered wait for set zone response - 2
Reading DNA file... phase_4/dna/storage.pdna
Reading DNA file... phase_3.5/dna/storage_interior.pdna
entered wait for zone redirect
entered wait for set zone response - 2
entered wait for zone redirect
entered wait for set zone response - 2
### newVec3 =  LVector3f(-1.99998, 11.3, 1.5)
### newVec3 =  LVector3f(-1.99998, 11.3, 0)
### newVec3 =  LVector3f(-1.99998, 11.3, 0.375)
### newVec3 =  LVector3f(-1.99998, 11.3, 0)
### newVec3 =  LVector3f(-1.99998, 11.3, 1.5)
### newVec3 =  LVector3f(-1.99998, 11.3, 0)
### newVec3 =  LVector3f(-1.99998, 11.3, 0.375)
### newVec3 =  LVector3f(-1.99998, 11.3, 0)
### newVec3 =  LVector3f(-1.99998, 6.3, 1.5)
### newVec3 =  LVector3f(-1.99998, 6.3, 0)
### newVec3 =  LVector3f(-1.99998, 6.3, 0.375)
### newVec3 =  LVector3f(-1.99998, 6.3, 0)
../resources/phase_3/audio/sfx
../resources/phase_3.5/audio/sfx
../resources/phase_4/audio/sfx
../resources/phase_5/audio/sfx
/phase_3/audio/sfx
/phase_3.5/audio/sfx
/phase_4/audio/sfx
/phase_5/audio/sfx

../resources/phase_3/audio/sfx
../resources/phase_3.5/audio/sfx
../resources/phase_4/audio/sfx
../resources/phase_5/audio/sfx
/phase_3/audio/sfx
/phase_3.5/audio/sfx
/phase_4/audio/sfx
/phase_5/audio/sfx

hit! 0.529730677605
hit! 0.987516343594
hit! 0.413218557835
hit! 0.992281496525
hit! 0.446823835373
hit! 0.881482243538
hit! 0.964091658592
hit! 0.780779719353
hit! 0.950823009014
hit! 0.602980017662
hit! 0.840250492096
--not hard enough: -0.203359276056
hit! 0.683070480824
hit! 0.750617980957
hit! 0.826478004456
hit! 0.907861173153
hit! 0.770442306995
hit! 0.747479140759
hit! 0.315427809954
hit! 0.342658489943
hit! 0.747435212135
hit! 0.886109292507
hit! 0.853400886059
hit! 0.874828457832
hit! 0.944865047932
hit! 0.903362154961
hit! 0.974307715893
hit! 0.966998159885
hit! 0.768913924694
hit! 0.864828824997
hit! 0.817884266376
hit! 0.870253801346
hit! 0.999929606915
hit! 0.433296352625
hit! 0.979221284389
hit! 0.726944506168
hit! 0.817513763905
hit! 0.957869768143
hit! 0.913120865822
--not hard enough: -0.0936025232077
hit! 0.952115237713
hit! 0.4276483953
hit! 0.419163703918
hit! 0.915905714035
hit! 0.86121660471
hit! 0.987037479877
hit! 0.872562408447
hit! 0.864278078079
hit! 0.69544672966
hit! 0.989629924297
--not hard enough: -0.0600080899894
hit! 0.968564331532
hit! 0.133424594998
hit! 0.859210729599
hit! 0.803811311722
hit! 0.955393493176
hit! 0.376525580883
hit! 0.978716790676
--not hard enough: -0.714723527431
hit! 0.482982367277
hit! 0.638451576233
hit! 0.975969493389
hit! 0.372616916895
hit! 0.788141965866
hit! 0.993595659733
hit! 0.855919897556
hit! 0.895915746689
--not hard enough: -0.67154109478
hit! 0.918514490128
hit! 0.989866316319
hit! 0.749135911465
hit! 0.989823281765
hit! 0.853459239006
hit! 0.968772530556
hit! 0.419371336699
hit! 0.8024045825
hit! 0.989324867725
hit! 0.885742723942
hit! 0.120955653489
hit! 0.337137013674
hit! 0.650685071945
hit! 0.702424705029
hit! 0.674187719822
hit! 0.703571677208
hit! 0.584531903267
hit! 0.98024559021
hit! 0.659594237804
hit! 0.899557054043
hit! 0.917971849442
hit! 0.745988607407
hit! 0.990867078304
hit! 0.926785647869
hit! 0.586608409882
hit! 0.957525849342
--not hard enough: -0.444661468267
hit! 0.814266443253
hit! 0.534331381321
hit! 0.983928620815
hit! 0.285267800093
hit! 0.791867613792
hit! 0.868953406811
hit! 0.982302486897
hit! 0.986226737499
hit! 0.985804915428
hit! 0.951802313328
hit! 0.743327200413
hit! 0.856063246727
--not hard enough: 3.11958001475e-06
hit! 0.585839152336
hit! 0.971650242805
hit! 0.295769661665
hit! 0.860805630684
hit! 0.957229018211
hit! 0.894032776356
hit! 0.719192028046
hit! 0.616295993328
--not hard enough: -0.229702994227
hit! 0.78921931982
hit! 0.969524919987
hit! 0.961640238762
hit! 0.824273228645
hit! 0.501502692699
--not hard enough: 0.267711877823
--not hard enough: 0.263580113649
--not hard enough: 0.238973200321
--not hard enough: -0.636907577515
hit! 0.992640972137
hit! 0.753946304321
hit! 0.956487715244
hit! 0.956767201424
hit! 0.371796041727
hit! 0.592942535877
hit! 0.743101835251
hit! 0.684499919415
--not hard enough: 0.465966582298
hit! 0.970477759838
hit! 0.44196125865
hit! 0.875390470028
entered wait for zone redirect
entered wait for set zone response - 2
Reading DNA file... phase_4/dna/storage.pdna
Reading DNA file... phase_3.5/dna/storage_interior.pdna
Reading DNA file... phase_8/dna/storage_DL.pdna
Reading DNA file... phase_8/dna/storage_DL_sz.pdna
Reading DNA file... phase_8/dna/donalds_dreamland_sz.pdna
entered wait for zone redirect
entered wait for set zone response - 2
Reading DNA file... phase_4/dna/storage.pdna
Reading DNA file... phase_3.5/dna/storage_interior.pdna
entered wait for zone redirect
entered wait for set zone response - 2
entered wait for zone redirect
entered wait for set zone response - 2
spec = {'parentEntId': 10014, 'pos': LPoint3f(0, 0, 0)}
h = None
spec = {'parentEntId': 10037, 'pos': LPoint3f(0, 0, 0)}
h = None
spec = {'parentEntId': 10660, 'pos': LPoint3f(0, 0, 0)}
h = None
spec = {'parentEntId': 10661, 'pos': LPoint3f(0, 0, 0)}
h = None
### newVec3 =  LVector3f(-2, 11.3, 1.5)
### newVec3 =  LVector3f(-2, 11.3, 0)
### newVec3 =  LVector3f(-2, 11.3, 0.375)
### newVec3 =  LVector3f(-2, 11.3, 0)
### newVec3 =  LVector3f(-2, 6.29999, 1.5)
### newVec3 =  LVector3f(-2, 6.29999, 0)
### newVec3 =  LVector3f(-2, 6.29999, 0.375)
### newVec3 =  LVector3f(-2, 6.29999, 0)
spec = {'parentEntId': 20058, 'pos': LPoint3f(0, 0, 0)}
h = None
spec = {'parentEntId': 10662, 'pos': LPoint3f(0, 0, 0)}
h = None
### newVec3 =  LVector3f(2.00003, 6.29997, 1.5)
### newVec3 =  LVector3f(2.00003, 6.29997, 0)
### newVec3 =  LVector3f(2.00003, 6.29997, 0.375)
### newVec3 =  LVector3f(2.00003, 6.29997, 0)
spec = {'parentEntId': 10030, 'pos': LPoint3f(0, 0, 0)}
h = None
### newVec3 =  LVector3f(2, 6.29999, 1.5)
### newVec3 =  LVector3f(2, 6.29999, 0)
### newVec3 =  LVector3f(2, 6.29999, 0.375)
### newVec3 =  LVector3f(2, 6.29999, 0)
spec = {'parentEntId': 10023, 'pos': LPoint3f(0, 0, 0)}
h = None
### newVec3 =  LVector3f(2, 6.29999, 1.5)
### newVec3 =  LVector3f(2, 6.29999, 0)
### newVec3 =  LVector3f(2, 6.29999, 0.375)
### newVec3 =  LVector3f(2, 6.29999, 0)
spec = {'parentEntId': 10023, 'pos': LPoint3f(0, 0, 0)}
h = None
### newVec3 =  LVector3f(2, 6.29999, 1.5)
### newVec3 =  LVector3f(2, 6.29999, 0)
### newVec3 =  LVector3f(2, 6.29999, 0.375)
### newVec3 =  LVector3f(2, 6.29999, 0)
spec = {'parentEntId': 10032, 'pos': LPoint3f(0, 0, 0)}
h = None
### newVec3 =  LVector3f(-1.99997, 11.3, 1.5)
### newVec3 =  LVector3f(-1.99997, 11.3, 0)
### newVec3 =  LVector3f(-1.99997, 11.3, 0.375)
### newVec3 =  LVector3f(-1.99997, 11.3, 0)
### newVec3 =  LVector3f(-1.99997, 11.3, 1.5)
### newVec3 =  LVector3f(-1.99997, 11.3, 0)
### newVec3 =  LVector3f(-1.99997, 11.3, 0.375)
### newVec3 =  LVector3f(-1.99997, 11.3, 0)
### newVec3 =  LVector3f(-1.99997, 11.3, 1.5)
### newVec3 =  LVector3f(-1.99997, 11.3, 0)
### newVec3 =  LVector3f(-1.99997, 11.3, 0.375)
### newVec3 =  LVector3f(-1.99997, 11.3, 0)
### newVec3 =  LVector3f(-1.99997, 11.3, 1.5)
### newVec3 =  LVector3f(-1.99997, 11.3, 0)
### newVec3 =  LVector3f(-1.99997, 11.3, 0.375)
### newVec3 =  LVector3f(-1.99997, 11.3, 0)
### newVec3 =  LVector3f(-1.99997, 6.29996, 1.5)
### newVec3 =  LVector3f(-1.99997, 6.29996, 0)
### newVec3 =  LVector3f(-1.99997, 6.29996, 0.375)
### newVec3 =  LVector3f(-1.99997, 6.29996, 0)
spec = {'parentEntId': 10032, 'pos': LPoint3f(0, 0, 0)}
h = None
spec = {'parentEntId': 10036, 'pos': LPoint3f(0, 0, 0)}
h = None
chooseFireOpenShot <function suitGroupThreeQuarterLeftBehindShot at 0x1238D030>
chooseFireOpenShot <function avatarCloseUpThreeQuarterLeftFireShot at 0x1238D6F0>
Warning: NodePath.remove() is deprecated.  Use remove_node() instead.
spec = {'parentEntId': 10034, 'pos': LPoint3f(0, 0, 0)}
h = None
Traceback (most recent call last):
  File "C:\Panda3D-1.10.0\direct\distributed\ConnectionRepository.py", line 613, in readerPollUntilEmpty
    while self.readerPollOnce():
  File "C:\Panda3D-1.10.0\direct\distributed\ConnectionRepository.py", line 620, in readerPollOnce
    self.handleDatagram(self.private__di)
  File "otp\distributed\OTPClientRepository.py", line 1224, in handleDatagram
    self.handler(msgType, di)
  File "otp\distributed\OTPClientRepository.py", line 1026, in handlePlayGame
    self.handleMessageType(msgType, di)
  File "otp\distributed\OTPClientRepository.py", line 1164, in handleMessageType
    self.gotInterestDoneMessage(di)
  File "otp\distributed\OTPClientRepository.py", line 1188, in gotInterestDoneMessage
    self.__playBackGenerates(handle)
  File "otp\distributed\OTPClientRepository.py", line 1300, in __playBackGenerates
    self.__doGenerate(doId, parentId, zoneId, classId, di, other)
  File "otp\distributed\OTPClientRepository.py", line 1344, in __doGenerate
    self.generateWithRequiredOtherFields(dclass, doId, di, parentId, zoneId)
  File "C:\Panda3D-1.10.0\direct\distributed\ClientRepositoryBase.py", line 313, in generateWithRequiredOtherFields
    distObj.updateRequiredOtherFields(dclass, di)
  File "C:\Panda3D-1.10.0\direct\distributed\DistributedObject.py", line 351, in updateRequiredOtherFields
    self.announceGenerate()
  File "toontown\coghq\BattleBlocker.py", line 20, in announceGenerate
    BasicEntities.DistributedNodePathEntity.announceGenerate(self)
  File "otp\level\BasicEntities.py", line 123, in announceGenerate
    DistributedEntity.DistributedEntity.announceGenerate(self)
  File "otp\level\DistributedEntity.py", line 37, in announceGenerate
    self.level.onEntityCreate(self.entId)
  File "otp\level\Level.py", line 190, in onEntityCreate
    callback()
  File "toontown\suit\DistributedFactorySuit.py", line 176, in setPath
    self.reparentTo(self.idealPathNode)
AssertionError: !is_empty() at line 526 of panda/src/pgraph/nodePath.cxx
Traceback (most recent call last):
  File "otp\otpbase\OTPBase.py", line 34, in run
    taskMgr.run()
  File "C:\Panda3D-1.10.0\direct\task\Task.py", line 508, in run
    self.step()
  File "C:\Panda3D-1.10.0\direct\task\Task.py", line 465, in step
    self.mgr.poll()
  File "C:\Panda3D-1.10.0\direct\distributed\ConnectionRepository.py", line 613, in readerPollUntilEmpty
    while self.readerPollOnce():
  File "C:\Panda3D-1.10.0\direct\distributed\ConnectionRepository.py", line 620, in readerPollOnce
    self.handleDatagram(self.private__di)
  File "otp\distributed\OTPClientRepository.py", line 1224, in handleDatagram
    self.handler(msgType, di)
  File "otp\distributed\OTPClientRepository.py", line 1026, in handlePlayGame
    self.handleMessageType(msgType, di)
  File "otp\distributed\OTPClientRepository.py", line 1164, in handleMessageType
    self.gotInterestDoneMessage(di)
  File "otp\distributed\OTPClientRepository.py", line 1188, in gotInterestDoneMessage
    self.__playBackGenerates(handle)
  File "otp\distributed\OTPClientRepository.py", line 1300, in __playBackGenerates
    self.__doGenerate(doId, parentId, zoneId, classId, di, other)
  File "otp\distributed\OTPClientRepository.py", line 1344, in __doGenerate
    self.generateWithRequiredOtherFields(dclass, doId, di, parentId, zoneId)
  File "C:\Panda3D-1.10.0\direct\distributed\ClientRepositoryBase.py", line 313, in generateWithRequiredOtherFields
    distObj.updateRequiredOtherFields(dclass, di)
  File "C:\Panda3D-1.10.0\direct\distributed\DistributedObject.py", line 351, in updateRequiredOtherFields
    self.announceGenerate()
  File "toontown\coghq\BattleBlocker.py", line 20, in announceGenerate
    BasicEntities.DistributedNodePathEntity.announceGenerate(self)
  File "otp\level\BasicEntities.py", line 123, in announceGenerate
    DistributedEntity.DistributedEntity.announceGenerate(self)
  File "otp\level\DistributedEntity.py", line 37, in announceGenerate
    self.level.onEntityCreate(self.entId)
  File "otp\level\Level.py", line 190, in onEntityCreate
    callback()
  File "toontown\suit\DistributedFactorySuit.py", line 176, in setPath
    self.reparentTo(self.idealPathNode)
AssertionError: !is_empty() at line 526 of panda/src/pgraph/nodePath.cxx
