{"_time": "2019-06-30 00:17:25Eastern Daylight Time", "type": "log-opened", "sender": "EventLogger", "msg": "Log opened upon Event Logger startup."}
{"_time": "2019-06-30 00:17:26Eastern Daylight Time", "type": "building-toon", "sender": "AIR:401000000", "_1": 401003106, "_2": "9000|1"}
{"_time": "2019-06-30 00:17:26Eastern Daylight Time", "type": "building-toon", "sender": "AIR:401000000", "_1": 401003112, "_2": "9000|3"}
{"_time": "2019-06-30 00:17:26Eastern Daylight Time", "type": "building-toon", "sender": "AIR:401000000", "_1": 401003118, "_2": "9000|6"}
{"_time": "2019-06-30 00:17:26Eastern Daylight Time", "type": "building-toon", "sender": "AIR:401000000", "_1": 401003144, "_2": "9100|1"}
{"_time": "2019-06-30 00:17:26Eastern Daylight Time", "type": "building-toon", "sender": "AIR:401000000", "_1": 401003150, "_2": "9100|2"}
{"_time": "2019-06-30 00:17:26Eastern Daylight Time", "type": "building-toon", "sender": "AIR:401000000", "_1": 401003156, "_2": "9100|4"}
{"_time": "2019-06-30 00:17:26Eastern Daylight Time", "type": "building-toon", "sender": "AIR:401000000", "_1": 401003162, "_2": "9100|5"}
{"_time": "2019-06-30 00:17:26Eastern Daylight Time", "type": "building-toon", "sender": "AIR:401000000", "_1": 401003168, "_2": "9100|7"}
{"_time": "2019-06-30 00:17:26Eastern Daylight Time", "type": "building-toon", "sender": "AIR:401000000", "_1": 401003174, "_2": "9100|8"}
{"_time": "2019-06-30 00:17:26Eastern Daylight Time", "type": "building-toon", "sender": "AIR:401000000", "_1": 401003180, "_2": "9100|9"}
{"_time": "2019-06-30 00:17:26Eastern Daylight Time", "type": "building-toon", "sender": "AIR:401000000", "_1": 401003186, "_2": "9100|13"}
{"_time": "2019-06-30 00:17:26Eastern Daylight Time", "type": "building-toon", "sender": "AIR:401000000", "_1": 401003191, "_2": "9100|16"}
{"_time": "2019-06-30 00:17:26Eastern Daylight Time", "type": "building-toon", "sender": "AIR:401000000", "_1": 401003197, "_2": "9100|17"}
{"_time": "2019-06-30 00:17:26Eastern Daylight Time", "type": "building-toon", "sender": "AIR:401000000", "_1": 401003203, "_2": "9100|19"}
{"_time": "2019-06-30 00:17:26Eastern Daylight Time", "type": "building-toon", "sender": "AIR:401000000", "_1": 401003209, "_2": "9100|20"}
{"_time": "2019-06-30 00:17:26Eastern Daylight Time", "type": "building-toon", "sender": "AIR:401000000", "_1": 401003215, "_2": "9100|22"}
{"_time": "2019-06-30 00:17:26Eastern Daylight Time", "type": "building-toon", "sender": "AIR:401000000", "_1": 401003221, "_2": "9100|25"}
{"_time": "2019-06-30 00:17:26Eastern Daylight Time", "type": "building-toon", "sender": "AIR:401000000", "_1": 401003227, "_2": "9100|26"}
{"_time": "2019-06-30 00:17:26Eastern Daylight Time", "type": "building-toon", "sender": "AIR:401000000", "_1": 401003233, "_2": "9100|27"}
{"_time": "2019-06-30 00:17:26Eastern Daylight Time", "type": "building-toon", "sender": "AIR:401000000", "_1": 401003239, "_2": "9100|28"}
{"_time": "2019-06-30 00:17:26Eastern Daylight Time", "type": "building-toon", "sender": "AIR:401000000", "_1": 401003245, "_2": "9100|29"}
{"_time": "2019-06-30 00:17:26Eastern Daylight Time", "type": "building-toon", "sender": "AIR:401000000", "_1": 401003251, "_2": "9100|30"}
{"_time": "2019-06-30 00:17:26Eastern Daylight Time", "type": "building-toon", "sender": "AIR:401000000", "_1": 401003257, "_2": "9100|33"}
{"_time": "2019-06-30 00:17:26Eastern Daylight Time", "type": "building-toon", "sender": "AIR:401000000", "_1": 401003262, "_2": "9100|36"}
{"_time": "2019-06-30 00:17:26Eastern Daylight Time", "type": "building-toon", "sender": "AIR:401000000", "_1": 401003268, "_2": "9100|34"}
{"_time": "2019-06-30 00:17:26Eastern Daylight Time", "type": "building-toon", "sender": "AIR:401000000", "_1": 401003274, "_2": "9100|40"}
{"_time": "2019-06-30 00:17:26Eastern Daylight Time", "type": "building-toon", "sender": "AIR:401000000", "_1": 401003280, "_2": "9100|39"}
{"_time": "2019-06-30 00:17:26Eastern Daylight Time", "type": "building-toon", "sender": "AIR:401000000", "_1": 401003286, "_2": "9100|42"}
{"_time": "2019-06-30 00:17:26Eastern Daylight Time", "type": "building-toon", "sender": "AIR:401000000", "_1": 401003292, "_2": "9100|43"}
{"_time": "2019-06-30 00:17:26Eastern Daylight Time", "type": "building-toon", "sender": "AIR:401000000", "_1": 401003298, "_2": "9100|44"}
{"_time": "2019-06-30 00:17:26Eastern Daylight Time", "type": "building-toon", "sender": "AIR:401000000", "_1": 401003304, "_2": "9100|45"}
{"_time": "2019-06-30 00:17:26Eastern Daylight Time", "type": "building-toon", "sender": "AIR:401000000", "_1": 401003310, "_2": "9100|47"}
{"_time": "2019-06-30 00:17:26Eastern Daylight Time", "type": "building-toon", "sender": "AIR:401000000", "_1": 401003316, "_2": "9100|49"}
{"_time": "2019-06-30 00:17:26Eastern Daylight Time", "type": "building-toon", "sender": "AIR:401000000", "_1": 401003322, "_2": "9100|50"}
{"_time": "2019-06-30 00:17:26Eastern Daylight Time", "type": "building-toon", "sender": "AIR:401000000", "_1": 401003328, "_2": "9100|51"}
{"_time": "2019-06-30 00:17:26Eastern Daylight Time", "type": "building-toon", "sender": "AIR:401000000", "_1": 401003334, "_2": "9100|31"}
{"_time": "2019-06-30 00:17:26Eastern Daylight Time", "type": "building-toon", "sender": "AIR:401000000", "_1": 401003349, "_2": "9200|52"}
{"_time": "2019-06-30 00:17:26Eastern Daylight Time", "type": "building-toon", "sender": "AIR:401000000", "_1": 401003355, "_2": "9200|3"}
{"_time": "2019-06-30 00:17:26Eastern Daylight Time", "type": "building-toon", "sender": "AIR:401000000", "_1": 401003361, "_2": "9200|41"}
{"_time": "2019-06-30 00:17:26Eastern Daylight Time", "type": "building-toon", "sender": "AIR:401000000", "_1": 401003367, "_2": "9200|4"}
{"_time": "2019-06-30 00:17:26Eastern Daylight Time", "type": "building-toon", "sender": "AIR:401000000", "_1": 401003373, "_2": "9200|36"}
{"_time": "2019-06-30 00:17:26Eastern Daylight Time", "type": "building-toon", "sender": "AIR:401000000", "_1": 401003379, "_2": "9200|27"}
{"_time": "2019-06-30 00:17:26Eastern Daylight Time", "type": "building-toon", "sender": "AIR:401000000", "_1": 401003385, "_2": "9200|9"}
{"_time": "2019-06-30 00:17:26Eastern Daylight Time", "type": "building-toon", "sender": "AIR:401000000", "_1": 401003391, "_2": "9200|5"}
{"_time": "2019-06-30 00:17:26Eastern Daylight Time", "type": "building-toon", "sender": "AIR:401000000", "_1": 401003397, "_2": "9200|6"}
{"_time": "2019-06-30 00:17:26Eastern Daylight Time", "type": "building-toon", "sender": "AIR:401000000", "_1": 401003403, "_2": "9200|55"}
{"_time": "2019-06-30 00:17:26Eastern Daylight Time", "type": "building-toon", "sender": "AIR:401000000", "_1": 401003408, "_2": "9200|40"}
{"_time": "2019-06-30 00:17:26Eastern Daylight Time", "type": "building-toon", "sender": "AIR:401000000", "_1": 401003414, "_2": "9200|7"}
{"_time": "2019-06-30 00:17:26Eastern Daylight Time", "type": "building-toon", "sender": "AIR:401000000", "_1": 401003420, "_2": "9200|53"}
{"_time": "2019-06-30 00:17:26Eastern Daylight Time", "type": "building-toon", "sender": "AIR:401000000", "_1": 401003426, "_2": "9200|11"}
{"_time": "2019-06-30 00:17:26Eastern Daylight Time", "type": "building-toon", "sender": "AIR:401000000", "_1": 401003432, "_2": "9200|10"}
{"_time": "2019-06-30 00:17:26Eastern Daylight Time", "type": "building-toon", "sender": "AIR:401000000", "_1": 401003438, "_2": "9200|44"}
{"_time": "2019-06-30 00:17:26Eastern Daylight Time", "type": "building-toon", "sender": "AIR:401000000", "_1": 401003444, "_2": "9200|25"}
{"_time": "2019-06-30 00:17:26Eastern Daylight Time", "type": "building-toon", "sender": "AIR:401000000", "_1": 401003450, "_2": "9200|13"}
{"_time": "2019-06-30 00:17:26Eastern Daylight Time", "type": "building-toon", "sender": "AIR:401000000", "_1": 401003456, "_2": "9200|37"}
{"_time": "2019-06-30 00:17:26Eastern Daylight Time", "type": "building-toon", "sender": "AIR:401000000", "_1": 401003462, "_2": "9200|12"}
{"_time": "2019-06-30 00:17:26Eastern Daylight Time", "type": "building-toon", "sender": "AIR:401000000", "_1": 401003468, "_2": "9200|16"}
{"_time": "2019-06-30 00:17:26Eastern Daylight Time", "type": "building-toon", "sender": "AIR:401000000", "_1": 401003474, "_2": "9200|38"}
{"_time": "2019-06-30 00:17:26Eastern Daylight Time", "type": "building-toon", "sender": "AIR:401000000", "_1": 401003480, "_2": "9200|54"}
{"_time": "2019-06-30 00:17:26Eastern Daylight Time", "type": "building-toon", "sender": "AIR:401000000", "_1": 401003486, "_2": "9200|14"}
{"_time": "2019-06-30 00:17:26Eastern Daylight Time", "type": "building-toon", "sender": "AIR:401000000", "_1": 401003492, "_2": "9200|59"}
{"_time": "2019-06-30 00:17:26Eastern Daylight Time", "type": "building-toon", "sender": "AIR:401000000", "_1": 401003498, "_2": "9200|17"}
{"_time": "2019-06-30 00:17:26Eastern Daylight Time", "type": "building-toon", "sender": "AIR:401000000", "_1": 401003504, "_2": "9200|18"}
{"_time": "2019-06-30 00:17:26Eastern Daylight Time", "type": "building-toon", "sender": "AIR:401000000", "_1": 401003510, "_2": "9200|15"}
{"_time": "2019-06-30 00:17:26Eastern Daylight Time", "type": "building-toon", "sender": "AIR:401000000", "_1": 401003516, "_2": "9200|21"}
{"_time": "2019-06-30 00:17:26Eastern Daylight Time", "type": "building-toon", "sender": "AIR:401000000", "_1": 401003522, "_2": "9200|20"}
{"_time": "2019-06-30 00:17:26Eastern Daylight Time", "type": "building-toon", "sender": "AIR:401000000", "_1": 401003528, "_2": "9200|8"}
{"_time": "2019-06-30 00:17:26Eastern Daylight Time", "type": "building-toon", "sender": "AIR:401000000", "_1": 401003534, "_2": "9200|19"}
{"_time": "2019-06-30 00:17:26Eastern Daylight Time", "type": "building-toon", "sender": "AIR:401000000", "_1": 401003540, "_2": "9200|22"}
{"_time": "2019-06-30 00:17:26Eastern Daylight Time", "type": "building-toon", "sender": "AIR:401000000", "_1": 401003555, "_2": "9300|26"}
{"_time": "2019-06-30 00:17:26Eastern Daylight Time", "type": "building-toon", "sender": "AIR:401000000", "_1": 401003561, "_2": "9300|2"}
{"_time": "2019-06-30 00:17:26Eastern Daylight Time", "type": "building-toon", "sender": "AIR:401000000", "_1": 401003567, "_2": "9300|4"}
{"_time": "2019-06-30 00:17:26Eastern Daylight Time", "type": "building-toon", "sender": "AIR:401000000", "_1": 401003573, "_2": "9300|6"}
{"_time": "2019-06-30 00:17:26Eastern Daylight Time", "type": "building-toon", "sender": "AIR:401000000", "_1": 401003579, "_2": "9300|8"}
{"_time": "2019-06-30 00:17:26Eastern Daylight Time", "type": "building-toon", "sender": "AIR:401000000", "_1": 401003585, "_2": "9300|20"}
{"_time": "2019-06-30 00:17:26Eastern Daylight Time", "type": "building-toon", "sender": "AIR:401000000", "_1": 401003591, "_2": "9300|9"}
{"_time": "2019-06-30 00:17:26Eastern Daylight Time", "type": "building-toon", "sender": "AIR:401000000", "_1": 401003597, "_2": "9300|27"}
{"_time": "2019-06-30 00:17:26Eastern Daylight Time", "type": "building-toon", "sender": "AIR:401000000", "_1": 401003603, "_2": "9300|12"}
{"_time": "2019-06-30 00:17:26Eastern Daylight Time", "type": "building-toon", "sender": "AIR:401000000", "_1": 401003609, "_2": "9300|13"}
{"_time": "2019-06-30 00:17:26Eastern Daylight Time", "type": "building-toon", "sender": "AIR:401000000", "_1": 401003615, "_2": "9300|14"}
{"_time": "2019-06-30 00:17:26Eastern Daylight Time", "type": "building-toon", "sender": "AIR:401000000", "_1": 401003621, "_2": "9300|15"}
{"_time": "2019-06-30 00:17:26Eastern Daylight Time", "type": "building-toon", "sender": "AIR:401000000", "_1": 401003627, "_2": "9300|16"}
{"_time": "2019-06-30 00:17:26Eastern Daylight Time", "type": "building-toon", "sender": "AIR:401000000", "_1": 401003633, "_2": "9300|17"}
{"_time": "2019-06-30 00:17:26Eastern Daylight Time", "type": "building-toon", "sender": "AIR:401000000", "_1": 401003639, "_2": "9300|19"}
{"_time": "2019-06-30 00:17:26Eastern Daylight Time", "type": "building-toon", "sender": "AIR:401000000", "_1": 401003645, "_2": "9300|21"}
{"_time": "2019-06-30 00:17:26Eastern Daylight Time", "type": "building-toon", "sender": "AIR:401000000", "_1": 401003651, "_2": "9300|22"}
{"_time": "2019-06-30 00:17:26Eastern Daylight Time", "type": "building-toon", "sender": "AIR:401000000", "_1": 401003657, "_2": "9300|28"}
{"_time": "2019-06-30 00:17:26Eastern Daylight Time", "type": "building-toon", "sender": "AIR:401000000", "_1": 401003663, "_2": "9300|24"}
{"_time": "2019-06-30 00:17:32Eastern Daylight Time", "type": "building-cog", "sender": "AIR:401000000", "_1": 401000799, "_2": "1100|14|c|3"}
{"_time": "2019-06-30 00:17:32Eastern Daylight Time", "type": "avatarExit", "sender": "AIR:401000000", "_1": 401000800, "_2": ""}
{"_time": "2019-06-30 00:17:33Eastern Daylight Time", "type": "building-cog", "sender": "AIR:401000000", "_1": 401001307, "_2": "5100|10|s|3"}
{"_time": "2019-06-30 00:17:33Eastern Daylight Time", "type": "avatarExit", "sender": "AIR:401000000", "_1": 401001308, "_2": ""}
{"_time": "2019-06-30 00:17:34Eastern Daylight Time", "type": "building-cog", "sender": "AIR:401000000", "_1": 401001484, "_2": "5200|14|l|3"}
{"_time": "2019-06-30 00:17:34Eastern Daylight Time", "type": "building-cog", "sender": "AIR:401000000", "_1": 401001577, "_2": "5300|17|c|3"}
{"_time": "2019-06-30 00:17:37Eastern Daylight Time", "type": "building-cog", "sender": "AIR:401000000", "_1": 401001613, "_2": "5300|21|s|4"}
{"_time": "2019-06-30 00:17:37Eastern Daylight Time", "type": "avatarExit", "sender": "AIR:401000000", "_1": 401001485, "_2": ""}
{"_time": "2019-06-30 00:17:37Eastern Daylight Time", "type": "avatarExit", "sender": "AIR:401000000", "_1": 401001578, "_2": ""}
{"_time": "2019-06-30 00:17:37Eastern Daylight Time", "type": "avatarExit", "sender": "AIR:401000000", "_1": 401001614, "_2": ""}
{"_time": "2019-06-30 00:17:37Eastern Daylight Time", "type": "building-cog", "sender": "AIR:401000000", "_1": 401001870, "_2": "4100|49|m|2"}
{"_time": "2019-06-30 00:17:37Eastern Daylight Time", "type": "building-cog", "sender": "AIR:401000000", "_1": 401002168, "_2": "4200|25|m|2"}
{"_time": "2019-06-30 00:17:37Eastern Daylight Time", "type": "building-cog", "sender": "AIR:401000000", "_1": 401001970, "_2": "4100|56|m|2"}
{"_time": "2019-06-30 00:17:37Eastern Daylight Time", "type": "building-cog", "sender": "AIR:401000000", "_1": 401001881, "_2": "4100|52|m|2"}
{"_time": "2019-06-30 00:17:37Eastern Daylight Time", "type": "building-cog", "sender": "AIR:401000000", "_1": 401002410, "_2": "4300|45|c|2"}
{"_time": "2019-06-30 00:17:37Eastern Daylight Time", "type": "building-cog", "sender": "AIR:401000000", "_1": 401002358, "_2": "4300|55|l|3"}
{"_time": "2019-06-30 00:17:37Eastern Daylight Time", "type": "building-cog", "sender": "AIR:401000000", "_1": 401002180, "_2": "4200|33|s|3"}
{"_time": "2019-06-30 00:17:37Eastern Daylight Time", "type": "building-cog", "sender": "AIR:401000000", "_1": 401002874, "_2": "3200|32|c|3"}
{"_time": "2019-06-30 00:17:37Eastern Daylight Time", "type": "building-cog", "sender": "AIR:401000000", "_1": 401002851, "_2": "3200|29|l|4"}
{"_time": "2019-06-30 00:17:37Eastern Daylight Time", "type": "building-cog", "sender": "AIR:401000000", "_1": 401002880, "_2": "3200|35|s|5"}
{"_time": "2019-06-30 00:17:37Eastern Daylight Time", "type": "building-cog", "sender": "AIR:401000000", "_1": 401002972, "_2": "3300|13|l|4"}
{"_time": "2019-06-30 00:17:37Eastern Daylight Time", "type": "building-cog", "sender": "AIR:401000000", "_1": 401002640, "_2": "3100|36|c|4"}
{"_time": "2019-06-30 00:17:37Eastern Daylight Time", "type": "building-cog", "sender": "AIR:401000000", "_1": 401002575, "_2": "3100|18|l|3"}
{"_time": "2019-06-30 00:17:37Eastern Daylight Time", "type": "building-cog", "sender": "AIR:401000000", "_1": 401002954, "_2": "3300|26|l|5"}
{"_time": "2019-06-30 00:17:37Eastern Daylight Time", "type": "building-cog", "sender": "AIR:401000000", "_1": 401002545, "_2": "3100|13|c|3"}
{"_time": "2019-06-30 00:17:37Eastern Daylight Time", "type": "building-cog", "sender": "AIR:401000000", "_1": 401002622, "_2": "3100|30|c|4"}
{"_time": "2019-06-30 00:17:37Eastern Daylight Time", "type": "building-cog", "sender": "AIR:401000000", "_1": 401002930, "_2": "3300|28|l|1"}
{"_time": "2019-06-30 00:17:37Eastern Daylight Time", "type": "building-cog", "sender": "AIR:401000000", "_1": 401002966, "_2": "3300|29|s|5"}
{"_time": "2019-06-30 00:17:37Eastern Daylight Time", "type": "building-cog", "sender": "AIR:401000000", "_1": 401002898, "_2": "3200|17|s|3"}
{"_time": "2019-06-30 00:17:37Eastern Daylight Time", "type": "building-cog", "sender": "AIR:401000000", "_1": 401002912, "_2": "3300|10|l|5"}
{"_time": "2019-06-30 00:17:38Eastern Daylight Time", "type": "avatarExit", "sender": "AIR:401000000", "_1": 401002169, "_2": ""}
{"_time": "2019-06-30 00:17:38Eastern Daylight Time", "type": "avatarExit", "sender": "AIR:401000000", "_1": 401001882, "_2": ""}
{"_time": "2019-06-30 00:17:38Eastern Daylight Time", "type": "avatarExit", "sender": "AIR:401000000", "_1": 401002411, "_2": ""}
{"_time": "2019-06-30 00:17:38Eastern Daylight Time", "type": "avatarExit", "sender": "AIR:401000000", "_1": 401002359, "_2": ""}
{"_time": "2019-06-30 00:17:38Eastern Daylight Time", "type": "avatarExit", "sender": "AIR:401000000", "_1": 401002875, "_2": ""}
{"_time": "2019-06-30 00:17:38Eastern Daylight Time", "type": "avatarExit", "sender": "AIR:401000000", "_1": 401002881, "_2": ""}
{"_time": "2019-06-30 00:17:38Eastern Daylight Time", "type": "avatarExit", "sender": "AIR:401000000", "_1": 401002973, "_2": ""}
{"_time": "2019-06-30 00:17:38Eastern Daylight Time", "type": "avatarExit", "sender": "AIR:401000000", "_1": 401002641, "_2": ""}
{"_time": "2019-06-30 00:17:38Eastern Daylight Time", "type": "avatarExit", "sender": "AIR:401000000", "_1": 401002576, "_2": ""}
{"_time": "2019-06-30 00:17:38Eastern Daylight Time", "type": "avatarExit", "sender": "AIR:401000000", "_1": 401002955, "_2": ""}
{"_time": "2019-06-30 00:17:38Eastern Daylight Time", "type": "avatarExit", "sender": "AIR:401000000", "_1": 401002546, "_2": ""}
{"_time": "2019-06-30 00:17:38Eastern Daylight Time", "type": "avatarExit", "sender": "AIR:401000000", "_1": 401002623, "_2": ""}
{"_time": "2019-06-30 00:17:38Eastern Daylight Time", "type": "avatarExit", "sender": "AIR:401000000", "_1": 401002931, "_2": ""}
{"_time": "2019-06-30 00:17:38Eastern Daylight Time", "type": "avatarExit", "sender": "AIR:401000000", "_1": 401002967, "_2": ""}
{"_time": "2019-06-30 00:17:38Eastern Daylight Time", "type": "avatarExit", "sender": "AIR:401000000", "_1": 401002913, "_2": ""}
{"_time": "2019-06-30 00:17:39Eastern Daylight Time", "type": "building-cog", "sender": "AIR:401000000", "_1": 401003510, "_2": "9200|15|s|3"}
{"_time": "2019-06-30 00:17:39Eastern Daylight Time", "type": "building-cog", "sender": "AIR:401000000", "_1": 401003334, "_2": "9100|31|l|4"}
{"_time": "2019-06-30 00:17:39Eastern Daylight Time", "type": "building-cog", "sender": "AIR:401000000", "_1": 401003186, "_2": "9100|13|m|5"}
{"_time": "2019-06-30 00:17:39Eastern Daylight Time", "type": "building-cog", "sender": "AIR:401000000", "_1": 401003286, "_2": "9100|42|s|1"}
{"_time": "2019-06-30 00:17:39Eastern Daylight Time", "type": "building-cog", "sender": "AIR:401000000", "_1": 401003432, "_2": "9200|10|m|1"}
{"_time": "2019-06-30 00:17:39Eastern Daylight Time", "type": "building-cog", "sender": "AIR:401000000", "_1": 401003251, "_2": "9100|30|l|1"}
{"_time": "2019-06-30 00:17:39Eastern Daylight Time", "type": "building-cog", "sender": "AIR:401000000", "_1": 401003474, "_2": "9200|38|s|5"}
{"_time": "2019-06-30 00:17:39Eastern Daylight Time", "type": "avatarExit", "sender": "AIR:401000000", "_1": 401003511, "_2": ""}
{"_time": "2019-06-30 00:17:39Eastern Daylight Time", "type": "avatarExit", "sender": "AIR:401000000", "_1": 401003335, "_2": ""}
{"_time": "2019-06-30 00:17:39Eastern Daylight Time", "type": "avatarExit", "sender": "AIR:401000000", "_1": 401003287, "_2": ""}
{"_time": "2019-06-30 00:17:39Eastern Daylight Time", "type": "avatarExit", "sender": "AIR:401000000", "_1": 401003433, "_2": ""}
{"_time": "2019-06-30 00:17:39Eastern Daylight Time", "type": "avatarExit", "sender": "AIR:401000000", "_1": 401003252, "_2": ""}
{"_time": "2019-06-30 00:17:39Eastern Daylight Time", "type": "avatarExit", "sender": "AIR:401000000", "_1": 401003475, "_2": ""}
{"_time": "2019-06-30 00:17:39Eastern Daylight Time", "type": "building-cog", "sender": "AIR:401000000", "_1": 401003645, "_2": "9300|21|l|1"}
{"_time": "2019-06-30 00:17:39Eastern Daylight Time", "type": "building-cog", "sender": "AIR:401000000", "_1": 401003573, "_2": "9300|6|l|5"}
{"_time": "2019-06-30 00:17:39Eastern Daylight Time", "type": "building-cog", "sender": "AIR:401000000", "_1": 401003657, "_2": "9300|28|l|1"}
{"_time": "2019-06-30 00:17:39Eastern Daylight Time", "type": "building-cog", "sender": "AIR:401000000", "_1": 401003609, "_2": "9300|13|l|1"}
{"_time": "2019-06-30 00:17:39Eastern Daylight Time", "type": "building-cog", "sender": "AIR:401000000", "_1": 401003585, "_2": "9300|20|l|1"}
{"_time": "2019-06-30 00:17:39Eastern Daylight Time", "type": "building-cog", "sender": "AIR:401000000", "_1": 401003663, "_2": "9300|24|l|5"}
{"_time": "2019-06-30 00:17:39Eastern Daylight Time", "type": "avatarExit", "sender": "AIR:401000000", "_1": 401003646, "_2": ""}
{"_time": "2019-06-30 00:17:39Eastern Daylight Time", "type": "avatarExit", "sender": "AIR:401000000", "_1": 401003574, "_2": ""}
{"_time": "2019-06-30 00:17:39Eastern Daylight Time", "type": "avatarExit", "sender": "AIR:401000000", "_1": 401003658, "_2": ""}
{"_time": "2019-06-30 00:17:39Eastern Daylight Time", "type": "avatarExit", "sender": "AIR:401000000", "_1": 401003610, "_2": ""}
{"_time": "2019-06-30 00:17:39Eastern Daylight Time", "type": "avatarExit", "sender": "AIR:401000000", "_1": 401003586, "_2": ""}
{"_time": "2019-06-30 00:17:39Eastern Daylight Time", "type": "avatarExit", "sender": "AIR:401000000", "_1": 401003664, "_2": ""}
{"_time": "2019-06-30 00:18:23Eastern Daylight Time", "type": "building-cog", "sender": "AIR:401000000", "_1": 401000805, "_2": "1100|15|c|1"}
{"_time": "2019-06-30 00:18:23Eastern Daylight Time", "type": "avatarExit", "sender": "AIR:401000000", "_1": 401000806, "_2": ""}
{"_time": "2019-06-30 00:18:24Eastern Daylight Time", "type": "building-cog", "sender": "AIR:401000000", "_1": 401000305, "_2": "2100|63|s|1"}
{"_time": "2019-06-30 00:18:30Eastern Daylight Time", "type": "building-cog", "sender": "AIR:401000000", "_1": 401003038, "_2": "3300|20|l|5"}
{"_time": "2019-06-30 00:18:30Eastern Daylight Time", "type": "avatarExit", "sender": "AIR:401000000", "_1": 401003039, "_2": ""}
{"_time": "2019-06-30 00:18:37Eastern Daylight Time", "type": "building-cog", "sender": "AIR:401000000", "_1": 401002150, "_2": "4200|20|m|3"}
{"_time": "2019-06-30 00:18:38Eastern Daylight Time", "type": "avatarExit", "sender": "AIR:401000000", "_1": 401002151, "_2": ""}
{"_time": "2019-06-30 00:18:39Eastern Daylight Time", "type": "building-cog", "sender": "AIR:401000000", "_1": 401003292, "_2": "9100|43|c|5"}
{"_time": "2019-06-30 00:18:39Eastern Daylight Time", "type": "avatarExit", "sender": "AIR:401000000", "_1": 401003293, "_2": ""}
{"_time": "2019-06-30 00:18:41Eastern Daylight Time", "type": "building-cog", "sender": "AIR:401000000", "_1": 401001607, "_2": "5300|19|s|4"}
{"_time": "2019-06-30 00:18:41Eastern Daylight Time", "type": "avatarExit", "sender": "AIR:401000000", "_1": 401001608, "_2": ""}
{"_time": "2019-06-30 00:18:42Eastern Daylight Time", "type": "avatarExit", "sender": "AIR:401000000", "_1": 401003622, "_2": ""}
{"_time": "2019-06-30 00:18:53Eastern Daylight Time", "type": "building-cog", "sender": "AIR:401000000", "_1": 401002563, "_2": "3100|51|c|3"}
{"_time": "2019-06-30 00:18:53Eastern Daylight Time", "type": "avatarExit", "sender": "AIR:401000000", "_1": 401002564, "_2": ""}
{"_time": "2019-06-30 00:19:05Eastern Daylight Time", "type": "avatarExit", "sender": "AIR:401000000", "_1": 401003568, "_2": ""}
{"_time": "2019-06-30 00:19:10Eastern Daylight Time", "type": "avatarExit", "sender": "AIR:401000000", "_1": 401003033, "_2": ""}
{"_time": "2019-06-30 00:19:14Eastern Daylight Time", "type": "building-cog", "sender": "AIR:401000000", "_1": 401003262, "_2": "9100|36|m|5"}
{"_time": "2019-06-30 00:19:14Eastern Daylight Time", "type": "avatarExit", "sender": "AIR:401000000", "_1": 401003263, "_2": ""}
{"_time": "2019-06-30 00:19:43Eastern Daylight Time", "type": "building-cog", "sender": "AIR:401000000", "_1": 401002862, "_2": "3200|30|s|3"}
{"_time": "2019-06-30 00:19:43Eastern Daylight Time", "type": "avatarExit", "sender": "AIR:401000000", "_1": 401002863, "_2": ""}
{"_time": "2019-06-30 00:19:48Eastern Daylight Time", "type": "client-connected", "sender": "Client:1000000000", "remote_address": "127.0.0.1:56230", "local_address": "127.0.0.1:7199"}
{"_time": "2019-06-30 00:19:48Eastern Daylight Time", "type": "building-cog", "sender": "AIR:401000000", "_1": 401000922, "_2": "1200|14|m|4"}
{"_time": "2019-06-30 00:19:48Eastern Daylight Time", "type": "accountLogin", "sender": "AIR:1000000", "_1": 1000000000, "_2": 100000100, "_3": "max156"}
{"_time": "2019-06-30 00:19:48Eastern Daylight Time", "type": "avatarExit", "sender": "AIR:401000000", "_1": 401000923, "_2": ""}
{"_time": "2019-06-30 00:19:49Eastern Daylight Time", "type": "avatarExit", "sender": "AIR:401000000", "_1": 401001644, "_2": ""}
{"_time": "2019-06-30 00:19:54Eastern Daylight Time", "type": "building-cog", "sender": "AIR:401000000", "_1": 401003379, "_2": "9200|27|m|5"}
{"_time": "2019-06-30 00:19:54Eastern Daylight Time", "type": "avatarExit", "sender": "AIR:401000000", "_1": 401003380, "_2": ""}
{"_time": "2019-06-30 00:19:58Eastern Daylight Time", "type": "avatarExit", "sender": "AIR:401000000", "_1": 401001332, "_2": ""}
{"_time": "2019-06-30 00:20:05Eastern Daylight Time", "type": "avatarExit", "sender": "AIR:401000000", "_1": 401002857, "_2": ""}
{"_time": "2019-06-30 00:20:08Eastern Daylight Time", "type": "avatarChosen", "sender": "AIR:1000000", "_1": 100000166, "_2": 100000100}
{"_time": "2019-06-30 00:20:09Eastern Daylight Time", "type": "avatarExit", "sender": "AIR:401000000", "_1": 401001527, "_2": ""}
{"_time": "2019-06-30 00:20:10Eastern Daylight Time", "type": "building-cog", "sender": "AIR:401000000", "_1": 401003239, "_2": "9100|28|m|5"}
{"_time": "2019-06-30 00:20:10Eastern Daylight Time", "type": "avatarExit", "sender": "AIR:401000000", "_1": 401003240, "_2": ""}
{"_time": "2019-06-30 00:20:14Eastern Daylight Time", "type": "building-cog", "sender": "AIR:401000000", "_1": 401002833, "_2": "3200|24|c|3"}
{"_time": "2019-06-30 00:20:14Eastern Daylight Time", "type": "avatarExit", "sender": "AIR:401000000", "_1": 401002834, "_2": ""}
{"_time": "2019-06-30 00:20:27Eastern Daylight Time", "type": "questTier", "sender": "AIR:401000000", "_1": 100000166, "_2": "2"}
{"_time": "2019-06-30 00:20:45Eastern Daylight Time", "type": "building-cog", "sender": "AIR:401000000", "_1": 401001367, "_2": "5100|21|s|2"}
{"_time": "2019-06-30 00:20:45Eastern Daylight Time", "type": "avatarExit", "sender": "AIR:401000000", "_1": 401001368, "_2": ""}
{"_time": "2019-06-30 00:20:46Eastern Daylight Time", "type": "building-cog", "sender": "AIR:401000000", "_1": 401003555, "_2": "9300|26|l|5"}
{"_time": "2019-06-30 00:20:46Eastern Daylight Time", "type": "avatarExit", "sender": "AIR:401000000", "_1": 401003556, "_2": ""}
{"_time": "2019-06-30 00:20:51Eastern Daylight Time", "type": "avatarExit", "sender": "AIR:401000000", "_1": 401001314, "_2": ""}
{"_time": "2019-06-30 00:20:55Eastern Daylight Time", "type": "avatarExit", "sender": "AIR:401000000", "_1": 401002798, "_2": ""}
{"_time": "2019-06-30 00:20:55Eastern Daylight Time", "type": "building-cog", "sender": "AIR:401000000", "_1": 401003316, "_2": "9100|49|m|3"}
{"_time": "2019-06-30 00:20:55Eastern Daylight Time", "type": "avatarExit", "sender": "AIR:401000000", "_1": 401003317, "_2": ""}
{"_time": "2019-06-30 00:20:56Eastern Daylight Time", "type": "building-cog", "sender": "AIR:401000000", "_1": 401002960, "_2": "3300|23|l|5"}
{"_time": "2019-06-30 00:20:56Eastern Daylight Time", "type": "avatarExit", "sender": "AIR:401000000", "_1": 401002961, "_2": ""}
{"_time": "2019-06-30 00:21:07Eastern Daylight Time", "type": "avatarExit", "sender": "AIR:401000000", "_1": 401003598, "_2": ""}
{"_time": "2019-06-30 00:21:10Eastern Daylight Time", "type": "building-cog", "sender": "AIR:401000000", "_1": 401001472, "_2": "5200|12|l|3"}
{"_time": "2019-06-30 00:21:10Eastern Daylight Time", "type": "avatarExit", "sender": "AIR:401000000", "_1": 401001473, "_2": ""}
{"_time": "2019-06-30 00:21:15Eastern Daylight Time", "type": "building-cog", "sender": "AIR:401000000", "_1": 401000491, "_2": "2200|35|l|2"}
{"_time": "2019-06-30 00:21:15Eastern Daylight Time", "type": "avatarExit", "sender": "AIR:401000000", "_1": 401000492, "_2": ""}
{"_time": "2019-06-30 00:21:19Eastern Daylight Time", "type": "avatarExit", "sender": "AIR:401000000", "_1": 401000457, "_2": ""}
{"_time": "2019-06-30 00:21:20Eastern Daylight Time", "type": "avatarExit", "sender": "AIR:401000000", "_1": 401000189, "_2": ""}
{"_time": "2019-06-30 00:21:20Eastern Daylight Time", "type": "magic-word", "sender": "AIR:401000000", "_1": 100000166, "_2": 700, "_3": 100000166, "_4": 700, "_5": "Hp 44", "_6": "Set your HP to: 44"}
{"_time": "2019-06-30 00:21:27Eastern Daylight Time", "type": "magic-word", "sender": "AIR:401000000", "_1": 100000166, "_2": 700, "_3": 100000166, "_4": 700, "_5": "Unlimitedgags", "_6": "Toggled unlimited gags ON for hi"}
{"_time": "2019-06-30 00:21:31Eastern Daylight Time", "type": "building-cog", "sender": "AIR:401000000", "_1": 401001105, "_2": "1300|33|l|3"}
{"_time": "2019-06-30 00:21:31Eastern Daylight Time", "type": "avatarExit", "sender": "AIR:401000000", "_1": 401001106, "_2": ""}
{"_time": "2019-06-30 00:21:35Eastern Daylight Time", "type": "building-cog", "sender": "AIR:401000000", "_1": 401001135, "_2": "1300|23|m|3"}
{"_time": "2019-06-30 00:21:35Eastern Daylight Time", "type": "avatarExit", "sender": "AIR:401000000", "_1": 401001136, "_2": ""}
{"_time": "2019-06-30 00:21:35Eastern Daylight Time", "type": "building-cog", "sender": "AIR:401000000", "_1": 401002049, "_2": "4200|10|m|4"}
{"_time": "2019-06-30 00:21:35Eastern Daylight Time", "type": "avatarExit", "sender": "AIR:401000000", "_1": 401002050, "_2": ""}
{"_time": "2019-06-30 00:21:37Eastern Daylight Time", "type": "building-cog", "sender": "AIR:401000000", "_1": 401000739, "_2": "1100|26|c|1"}
{"_time": "2019-06-30 00:21:37Eastern Daylight Time", "type": "avatarExit", "sender": "AIR:401000000", "_1": 401000740, "_2": ""}
{"_time": "2019-06-30 00:21:39Eastern Daylight Time", "type": "building-cog", "sender": "AIR:401000000", "_1": 401001502, "_2": "5200|17|l|1"}
{"_time": "2019-06-30 00:21:39Eastern Daylight Time", "type": "avatarExit", "sender": "AIR:401000000", "_1": 401001503, "_2": ""}
{"_time": "2019-06-30 00:21:41Eastern Daylight Time", "type": "avatarExit", "sender": "AIR:401000000", "_1": 401002689, "_2": ""}
{"_time": "2019-06-30 00:21:42Eastern Daylight Time", "type": "building-cog", "sender": "AIR:401000000", "_1": 401002533, "_2": "3100|10|c|2"}
{"_time": "2019-06-30 00:21:42Eastern Daylight Time", "type": "avatarExit", "sender": "AIR:401000000", "_1": 401002534, "_2": ""}
{"_time": "2019-06-30 00:21:49Eastern Daylight Time", "type": "magic-word", "sender": "AIR:401000000", "_1": 100000166, "_2": 700, "_3": 100000166, "_4": 700, "_5": "inventory restock", "_6": "Inventory restocked."}
{"_time": "2019-06-30 00:21:51Eastern Daylight Time", "type": "avatarExit", "sender": "AIR:401000000", "_1": 401002943, "_2": ""}
{"_time": "2019-06-30 00:21:55Eastern Daylight Time", "type": "building-cog", "sender": "AIR:401000000", "_1": 401002317, "_2": "4300|42|c|3"}
{"_time": "2019-06-30 00:21:55Eastern Daylight Time", "type": "avatarExit", "sender": "AIR:401000000", "_1": 401002318, "_2": ""}
{"_time": "2019-06-30 00:22:04Eastern Daylight Time", "type": "building-cog", "sender": "AIR:401000000", "_1": 401002762, "_2": "3200|36|m|2"}
{"_time": "2019-06-30 00:22:04Eastern Daylight Time", "type": "avatarExit", "sender": "AIR:401000000", "_1": 401002763, "_2": ""}
{"_time": "2019-06-30 00:22:04Eastern Daylight Time", "type": "avatarExit", "sender": "AIR:401000000", "_1": 401000635, "_2": ""}
{"_time": "2019-06-30 00:22:06Eastern Daylight Time", "type": "building-cog", "sender": "AIR:401000000", "_1": 401003408, "_2": "9200|40|m|4"}
{"_time": "2019-06-30 00:22:06Eastern Daylight Time", "type": "avatarExit", "sender": "AIR:401000000", "_1": 401003409, "_2": ""}
{"_time": "2019-06-30 00:22:12Eastern Daylight Time", "type": "avatarExit", "sender": "AIR:401000000", "_1": 401003580, "_2": ""}
{"_time": "2019-06-30 00:22:14Eastern Daylight Time", "type": "building-cog", "sender": "AIR:401000000", "_1": 401002700, "_2": "3100|44|c|3"}
{"_time": "2019-06-30 00:22:14Eastern Daylight Time", "type": "avatarExit", "sender": "AIR:401000000", "_1": 401002701, "_2": ""}
{"_time": "2019-06-30 00:22:25Eastern Daylight Time", "type": "building-cog", "sender": "AIR:401000000", "_1": 401000910, "_2": "1200|11|m|2"}
{"_time": "2019-06-30 00:22:25Eastern Daylight Time", "type": "avatarExit", "sender": "AIR:401000000", "_1": 401000911, "_2": ""}
{"_time": "2019-06-30 00:22:29Eastern Daylight Time", "type": "building-cog", "sender": "AIR:401000000", "_1": 401001975, "_2": "4100|29|m|3"}
{"_time": "2019-06-30 00:22:29Eastern Daylight Time", "type": "avatarExit", "sender": "AIR:401000000", "_1": 401001976, "_2": ""}
{"_time": "2019-06-30 00:22:29Eastern Daylight Time", "type": "building-cog", "sender": "AIR:401000000", "_1": 401002043, "_2": "4200|32|m|3"}
{"_time": "2019-06-30 00:22:29Eastern Daylight Time", "type": "avatarExit", "sender": "AIR:401000000", "_1": 401002044, "_2": ""}
{"_time": "2019-06-30 00:22:32Eastern Daylight Time", "type": "building-cog", "sender": "AIR:401000000", "_1": 401003203, "_2": "9100|19|l|3"}
{"_time": "2019-06-30 00:22:32Eastern Daylight Time", "type": "avatarExit", "sender": "AIR:401000000", "_1": 401003204, "_2": ""}
{"_time": "2019-06-30 00:22:34Eastern Daylight Time", "type": "building-cog", "sender": "AIR:401000000", "_1": 401002162, "_2": "4200|35|m|3"}
{"_time": "2019-06-30 00:22:34Eastern Daylight Time", "type": "avatarExit", "sender": "AIR:401000000", "_1": 401002163, "_2": ""}
{"_time": "2019-06-30 00:22:35Eastern Daylight Time", "type": "building-cog", "sender": "AIR:401000000", "_1": 401001478, "_2": "5200|13|c|4"}
{"_time": "2019-06-30 00:22:35Eastern Daylight Time", "type": "avatarExit", "sender": "AIR:401000000", "_1": 401001479, "_2": ""}
{"_time": "2019-06-30 00:22:36Eastern Daylight Time", "type": "magic-word", "sender": "AIR:401000000", "_1": 100000166, "_2": 700, "_3": 100000166, "_4": 700, "_5": "suit building dt", "_6": "Successfully spawned a Cog building with: Double Talker"}
{"_time": "2019-06-30 00:22:43Eastern Daylight Time", "type": "avatarExit", "sender": "AIR:401000000", "_1": 401002949, "_2": ""}
{"_time": "2019-06-30 00:22:48Eastern Daylight Time", "type": "building-cog", "sender": "AIR:401000000", "_1": 401000507, "_2": "2200|40|l|2"}
{"_time": "2019-06-30 00:22:49Eastern Daylight Time", "type": "avatarExit", "sender": "AIR:401000000", "_1": 401000508, "_2": ""}
{"_time": "2019-06-30 00:23:15Eastern Daylight Time", "type": "avatarExit", "sender": "AIR:401000000", "_1": 401003628, "_2": ""}
{"_time": "2019-06-30 00:23:20Eastern Daylight Time", "type": "building-cog", "sender": "AIR:401000000", "_1": 401002827, "_2": "3200|23|m|4"}
{"_time": "2019-06-30 00:23:20Eastern Daylight Time", "type": "avatarExit", "sender": "AIR:401000000", "_1": 401002828, "_2": ""}
{"_time": "2019-06-30 00:23:28Eastern Daylight Time", "type": "building-cog", "sender": "AIR:401000000", "_1": 401000862, "_2": "1200|25|m|4"}
{"_time": "2019-06-30 00:23:28Eastern Daylight Time", "type": "avatarExit", "sender": "AIR:401000000", "_1": 401000863, "_2": ""}
{"_time": "2019-06-30 00:23:36Eastern Daylight Time", "type": "building-cog", "sender": "AIR:401000000", "_1": 401000958, "_2": "1200|20|m|4"}
{"_time": "2019-06-30 00:23:36Eastern Daylight Time", "type": "avatarExit", "sender": "AIR:401000000", "_1": 401000959, "_2": ""}
{"_time": "2019-06-30 00:23:45Eastern Daylight Time", "type": "building-cog", "sender": "AIR:401000000", "_1": 401000556, "_2": "2300|37|m|2"}
{"_time": "2019-06-30 00:23:45Eastern Daylight Time", "type": "avatarExit", "sender": "AIR:401000000", "_1": 401000557, "_2": ""}
{"_time": "2019-06-30 00:23:46Eastern Daylight Time", "type": "avatarExit", "sender": "AIR:401000000", "_1": 401001572, "_2": ""}
{"_time": "2019-06-30 00:23:55Eastern Daylight Time", "type": "building-cog", "sender": "AIR:401000000", "_1": 401002387, "_2": "4300|67|c|4"}
{"_time": "2019-06-30 00:23:55Eastern Daylight Time", "type": "avatarExit", "sender": "AIR:401000000", "_1": 401002388, "_2": ""}
{"_time": "2019-06-30 00:24:00Eastern Daylight Time", "type": "avatarExit", "sender": "AIR:401000000", "_1": 401002236, "_2": ""}
{"_time": "2019-06-30 00:24:07Eastern Daylight Time", "type": "building-cog", "sender": "AIR:401000000", "_1": 401001816, "_2": "4100|19|m|2"}
{"_time": "2019-06-30 00:24:07Eastern Daylight Time", "type": "avatarExit", "sender": "AIR:401000000", "_1": 401001817, "_2": ""}
{"_time": "2019-06-30 00:24:17Eastern Daylight Time", "type": "building-cog", "sender": "AIR:401000000", "_1": 401003274, "_2": "9100|40|s|5"}
{"_time": "2019-06-30 00:24:17Eastern Daylight Time", "type": "avatarExit", "sender": "AIR:401000000", "_1": 401003275, "_2": ""}
{"_time": "2019-06-30 00:24:28Eastern Daylight Time", "type": "building-cog", "sender": "AIR:401000000", "_1": 401000823, "_2": "1100|19|c|1"}
{"_time": "2019-06-30 00:24:29Eastern Daylight Time", "type": "avatarExit", "sender": "AIR:401000000", "_1": 401000824, "_2": ""}
{"_time": "2019-06-30 00:24:33Eastern Daylight Time", "type": "building-cog", "sender": "AIR:401000000", "_1": 401003268, "_2": "9100|34|m|4"}
{"_time": "2019-06-30 00:24:33Eastern Daylight Time", "type": "avatarExit", "sender": "AIR:401000000", "_1": 401003269, "_2": ""}
{"_time": "2019-06-30 00:24:36Eastern Daylight Time", "type": "building-cog", "sender": "AIR:401000000", "_1": 401001033, "_2": "1300|32|c|3"}
{"_time": "2019-06-30 00:24:36Eastern Daylight Time", "type": "avatarExit", "sender": "AIR:401000000", "_1": 401001034, "_2": ""}
{"_time": "2019-06-30 00:24:41Eastern Daylight Time", "type": "building-cog", "sender": "AIR:401000000", "_1": 401000334, "_2": "2100|69|s|1"}
{"_time": "2019-06-30 00:24:41Eastern Daylight Time", "type": "avatarExit", "sender": "AIR:401000000", "_1": 401000335, "_2": ""}
{"_time": "2019-06-30 00:24:41Eastern Daylight Time", "type": "building-cog", "sender": "AIR:401000000", "_1": 401001514, "_2": "5200|19|l|4"}
{"_time": "2019-06-30 00:24:41Eastern Daylight Time", "type": "avatarExit", "sender": "AIR:401000000", "_1": 401001515, "_2": ""}
{"_time": "2019-06-30 00:24:54Eastern Daylight Time", "type": "building-cog", "sender": "AIR:401000000", "_1": 401001093, "_2": "1300|13|m|2"}
{"_time": "2019-06-30 00:24:54Eastern Daylight Time", "type": "avatarExit", "sender": "AIR:401000000", "_1": 401001094, "_2": ""}
{"_time": "2019-06-30 00:25:02Eastern Daylight Time", "type": "building-cog", "sender": "AIR:401000000", "_1": 401000182, "_2": "2100|24|l|3"}
{"_time": "2019-06-30 00:25:02Eastern Daylight Time", "type": "avatarExit", "sender": "AIR:401000000", "_1": 401000183, "_2": ""}
{"_time": "2019-06-30 00:25:29Eastern Daylight Time", "type": "building-cog", "sender": "AIR:401000000", "_1": 401000994, "_2": "1200|28|m|3"}
{"_time": "2019-06-30 00:25:29Eastern Daylight Time", "type": "avatarExit", "sender": "AIR:401000000", "_1": 401000995, "_2": ""}
{"_time": "2019-06-30 00:25:31Eastern Daylight Time", "type": "building-cog", "sender": "AIR:401000000", "_1": 401002682, "_2": "3100|42|c|2"}
{"_time": "2019-06-30 00:25:32Eastern Daylight Time", "type": "avatarExit", "sender": "AIR:401000000", "_1": 401002683, "_2": ""}
{"_time": "2019-06-30 00:25:38Eastern Daylight Time", "type": "building-cog", "sender": "AIR:401000000", "_1": 401000817, "_2": "1100|17|c|2"}
{"_time": "2019-06-30 00:25:38Eastern Daylight Time", "type": "avatarExit", "sender": "AIR:401000000", "_1": 401000818, "_2": ""}
{"_time": "2019-06-30 00:26:08Eastern Daylight Time", "type": "avatarExit", "sender": "AIR:401000000", "_1": 401001793, "_2": ""}
{"_time": "2019-06-30 00:26:12Eastern Daylight Time", "type": "building-cog", "sender": "AIR:401000000", "_1": 401001583, "_2": "5300|27|s|2"}
{"_time": "2019-06-30 00:26:12Eastern Daylight Time", "type": "avatarExit", "sender": "AIR:401000000", "_1": 401001584, "_2": ""}
{"_time": "2019-06-30 00:26:33Eastern Daylight Time", "type": "building-cog", "sender": "AIR:401000000", "_1": 401000218, "_2": "2100|38|c|1"}
{"_time": "2019-06-30 00:26:39Eastern Daylight Time", "type": "battleCogsDefeated", "sender": "AIR:401000000", "_1": 401004387, "_2": "1ac6,1le7|2740"}
{"_time": "2019-06-30 00:26:43Eastern Daylight Time", "type": "building-cog", "sender": "AIR:401000000", "_1": 401001379, "_2": "5100|23|s|2"}
{"_time": "2019-06-30 00:26:43Eastern Daylight Time", "type": "avatarExit", "sender": "AIR:401000000", "_1": 401001380, "_2": ""}
{"_time": "2019-06-30 00:26:44Eastern Daylight Time", "type": "magic-word", "sender": "AIR:401000000", "_1": 100000166, "_2": 700, "_3": 100000166, "_4": 700, "_5": "Hp 44", "_6": "Set your HP to: 44"}
{"_time": "2019-06-30 00:26:46Eastern Daylight Time", "type": "building-cog", "sender": "AIR:401000000", "_1": 401003486, "_2": "9200|14|c|4"}
{"_time": "2019-06-30 00:26:46Eastern Daylight Time", "type": "avatarExit", "sender": "AIR:401000000", "_1": 401003487, "_2": ""}
{"_time": "2019-06-30 00:26:51Eastern Daylight Time", "type": "building-cog", "sender": "AIR:401000000", "_1": 401003426, "_2": "9200|11|m|5"}
{"_time": "2019-06-30 00:26:51Eastern Daylight Time", "type": "avatarExit", "sender": "AIR:401000000", "_1": 401003427, "_2": ""}
{"_time": "2019-06-30 00:26:53Eastern Daylight Time", "type": "building-cog", "sender": "AIR:401000000", "_1": 401000340, "_2": "2100|70|m|1"}
{"_time": "2019-06-30 00:26:53Eastern Daylight Time", "type": "avatarExit", "sender": "AIR:401000000", "_1": 401000341, "_2": ""}
{"_time": "2019-06-30 00:27:00Eastern Daylight Time", "type": "client-disconnected", "sender": "Client:1000000000"}
{"_time": "2019-06-30 00:27:00Eastern Daylight Time", "type": "avatarExit", "sender": "AIR:401000000", "_1": 100000166, "_2": ""}
{"_time": "2019-06-30 00:27:00Eastern Daylight Time", "type": "battleCogsDefeated", "sender": "AIR:401000000", "_1": 401004462, "_2": "|2740"}
{"_time": "2019-06-30 00:27:01Eastern Daylight Time", "type": "avatarExit", "sender": "AIR:401000000", "_1": 401001010, "_2": ""}
{"_time": "2019-06-30 00:27:31Eastern Daylight Time", "type": "building-cog", "sender": "AIR:401000000", "_1": 401000618, "_2": "2300|22|l|1"}
{"_time": "2019-06-30 00:27:31Eastern Daylight Time", "type": "avatarExit", "sender": "AIR:401000000", "_1": 401000619, "_2": ""}
{"_time": "2019-06-30 00:27:34Eastern Daylight Time", "type": "building-cog", "sender": "AIR:401000000", "_1": 401003322, "_2": "9100|50|m|4"}
{"_time": "2019-06-30 00:27:34Eastern Daylight Time", "type": "avatarExit", "sender": "AIR:401000000", "_1": 401003323, "_2": ""}
{"_time": "2019-06-30 00:27:36Eastern Daylight Time", "type": "building-cog", "sender": "AIR:401000000", "_1": 401001992, "_2": "4100|38|m|1"}
{"_time": "2019-06-30 00:27:36Eastern Daylight Time", "type": "avatarExit", "sender": "AIR:401000000", "_1": 401001993, "_2": ""}
{"_time": "2019-06-30 00:28:00Eastern Daylight Time", "type": "building-cog", "sender": "AIR:401000000", "_1": 401000624, "_2": "2300|33|m|1"}
{"_time": "2019-06-30 00:28:19Eastern Daylight Time", "type": "building-cog", "sender": "AIR:401000000", "_1": 401002628, "_2": "3100|34|c|5"}
{"_time": "2019-06-30 00:28:19Eastern Daylight Time", "type": "avatarExit", "sender": "AIR:401000000", "_1": 401002629, "_2": ""}
